
          -------------------------------------------------------
          Amber 12 SANDER                              2012
          -------------------------------------------------------

| Run on 08/26/2013 at 14:29:30
  [-O]verwriting output

File Assignments:
|  MDIN: run_168.in                                                            
| MDOUT: run_168.out                                                           
|INPCRD: ../1_eq1/run.rst                                                      
|  PARM: parm                                                                  
|RESTRT: run_168.rst                                                           
|  REFC: refc                                                                  
| MDVEL: mdvel                                                                 
|  MDEN: mden                                                                  
| MDCRD: run_168.nc                                                            
|MDINFO: mdinfo                                                                
|  MTMD: mtmd                                                                  
|INPDIP: inpdip                                                                
|RSTDIP: rstdip                                                                

|INPTRA: inptraj                                                               
|
 
 Here is the input file:
 
equilibration with restraint                                                   
 &cntrl                                                                        
   ig=138752,                                                                  
   irest=1, ntx=5,                                                             
   igb=8, gbsa=1,                                                              
   cut=9999.0, rgbmax=9998.0,                                                  
   ntc=2, ntf=1, tol=0.000001,                                                 
   ntt=3, gamma_ln=2.0, temp0=300.0,                                           
   ntb=0, nscm=10000,                                                          
   ioutfm=1,                                                                   
   nstlim=500000, dt=0.002,                                                    
   ntpr=50000, ntwx=50000, ntwv=0, ntwr=500000,                                
   nmropt=1,                                                                   
 /                                                                             
 &wt                                                                           
  type='END',                                                                  
 /                                                                             
DISANG=run_168.disang                                                          
                                                                               

--------------------------------------------------------------------------------
   1.  RESOURCE   USE: 
--------------------------------------------------------------------------------

| Flags: MPI                                                                    
| New format PARM file being parsed.
| Version =    1.000 Date = 04/27/13 Time = 01:42:54
 NATOM  =      32 NTYPES =       7 NBONH =      17 MBONA  =      14
 NTHETH =      36 MTHETA =      18 NPHIH =      64 MPHIA  =      45
 NHPARM =       0 NPARM  =       0 NNB   =     152 NRES   =       4
 NBONA  =      14 NTHETA =      18 NPHIA =      45 NUMBND =      11
 NUMANG =      21 NPTRA  =      20 NATYP =       8 NPHB   =       0
 IFBOX  =       0 NMXRS  =      10 IFCAP =       0 NEXTRA =       0
 NCOPY  =       0

 Implicit solvent radii are ArgH and AspGluO modified Bondi2 radii (mbondi3)                                
 Replacing prmtop screening parameters with GBn2 (igb=8) values

|     Memory Use     Allocated
|     Real                2330
|     Hollerith            102
|     Integer            23034
|     Max Pairs              1
|     nblistReal             0
|     nblist Int             0
|       Total              108 kbytes

| Note: 1-4 EEL scale factors are being read from the topology file.

| Note: 1-4 VDW scale factors are being read from the topology file.
| Duplicated    0 dihedrals
| Duplicated    0 dihedrals

--------------------------------------------------------------------------------
   2.  CONTROL  DATA  FOR  THE  RUN
--------------------------------------------------------------------------------

ACE                                                                             

General flags:
     imin    =       0, nmropt  =       1

Nature and format of input:
     ntx     =       5, irest   =       1, ntrx    =       1

Nature and format of output:
     ntxo    =       1, ntpr    =   50000, ntrx    =       1, ntwr    =  500000
     iwrap   =       0, ntwx    =   50000, ntwv    =       0, ntwe    =       0
     ioutfm  =       1, ntwprt  =       0, idecomp =       0, rbornstat=      0

Potential function:
     ntf     =       1, ntb     =       0, igb     =       8, nsnb    =      25
     ipol    =       0, gbsa    =       1, iesp    =       0
     dielc   =   1.00000, cut     =9999.00000, intdiel =   1.00000
     saltcon =   0.00000, offset  =   0.19514, surften =   0.00500
     rdt     =   0.00000, rgbmax  =9998.00000  extdiel =  78.50000
     alpb  =        0
     gbalphaH  =   0.78844, gbbetaH   =   0.79870,  gbgammaH  =    0.43733
     gbalphaC  =   0.73376, gbbetaC   =   0.50638,  gbgammaC  =    0.20584
     gbalphaN  =   0.50336, gbbetaN   =   0.31683,  gbgammaN  =    0.19292
     gbalphaOS =   0.86781, gbbetaOS  =   0.87664,  gbgammaOS =    0.38788
     gbalphaP  =   1.00000, gbbetaP   =   0.80000,  gbgammaP  =    4.85000

Frozen or restrained atoms:
     ibelly  =       0, ntr     =       0

Molecular dynamics:
     nstlim  =    500000, nscm    =     10000, nrespa  =         1
     t       =   0.00000, dt      =   0.00200, vlimit  =  20.00000

Langevin dynamics temperature regulation:
     ig      =  138752
     temp0   = 300.00000, tempi   =   0.00000, gamma_ln=   2.00000

SHAKE:
     ntc     =       2, jfastw  =       0
     tol     =   0.00000

NMR refinement options:
     iscale  =       0, noeskp  =       1, ipnlty  =       1, mxsub   =       1
     scalm   = 100.00000, pencut  =   0.10000, tausw   =   0.10000

| MPI Timing options:
|      profile_mpi =        0
|  INFO: Old style inpcrd file read


--------------------------------------------------------------------------------
   3.  ATOMIC COORDINATES AND VELOCITIES
--------------------------------------------------------------------------------

ACE                                                                             
 begin time read from input coords =  1000.000 ps



           Begin reading energy term weight changes/NMR restraints
 WEIGHT CHANGES:
                         ** No weight changes given **

 RESTRAINTS:
 Requested file redirections:
  DISANG    = run_168.disang
 Restraints will be read from file: run_168.disang
Here are comments from the DISANG input file:

                       Number of restraints read =     2

                  Done reading weight changes/NMR restraints


 Number of triangulated 3-point waters found:        0
|  Atom division among processors:
|         0      16      32
|  Running AMBER/MPI version on    2 nodes


--------------------------------------------------------------------------------
   4.  RESULTS
--------------------------------------------------------------------------------

|  # of SOLUTE  degrees of freedom (RNDFP):      79.
|  # of SOLVENT degrees of freedom (RNDFS):       0.
|  NDFMIN =      79.     NUM_NOSHAKE =      0     CORRECTED RNDFP =      79.
|  TOTAL # of degrees of freedom (RNDF) =      79.
| RE_POSITION Moving by  -2.080814  8.435194  1.442706
| RE_POSITION Moving by   0.016644  0.899700 -9.615007
| RE_POSITION Moving by   2.470877  1.817106  8.933903
| RE_POSITION Moving by   2.648877  1.021837 -1.436066
| RE_POSITION Moving by  10.815821 -8.342608 -0.217377

 NSTEP =    50000   TIME(PS) =    1100.000  TEMP(K) =   257.48  PRESS =     0.0
 Etot   =         7.9218  EKtot   =        20.2107  EPtot      =       -12.2889
 BOND   =         3.9659  ANGLE   =        14.3189  DIHED      =        18.8586
 1-4 NB =         4.7296  1-4 EEL =       120.6511  VDWAALS    =        -2.8347
 EELEC  =      -149.5737  EGB     =       -24.5143  RESTRAINT  =         0.1037
 ESURF=         2.0060
 EAMBER (non-restraint)  =       -12.3926
 ------------------------------------------------------------------------------

 NMR restraints: Bond =    0.000   Angle =     0.000   Torsion =     0.104
===============================================================================
| RE_POSITION Moving by   3.191673 -0.203381 -4.811257
| RE_POSITION Moving by  -0.790667 -4.083378 -1.693391
| RE_POSITION Moving by   1.470459 -6.581196  4.215933
| RE_POSITION Moving by  -4.423578 -3.050754 -4.657728
| RE_POSITION Moving by  -0.192559  1.080366  7.715142

 NSTEP =   100000   TIME(PS) =    1200.000  TEMP(K) =   224.49  PRESS =     0.0
 Etot   =         4.3277  EKtot   =        17.6208  EPtot      =       -13.2932
 BOND   =         5.3415  ANGLE   =        12.6860  DIHED      =        19.4962
 1-4 NB =         4.2421  1-4 EEL =       114.4474  VDWAALS    =        -3.1245
 EELEC  =      -145.3501  EGB     =       -24.3410  RESTRAINT  =         1.2917
 ESURF=         2.0177
 EAMBER (non-restraint)  =       -14.5849
 ------------------------------------------------------------------------------

 NMR restraints: Bond =    0.000   Angle =     0.000   Torsion =     1.292
===============================================================================
| RE_POSITION Moving by  -4.075070  2.043698  1.303214
| RE_POSITION Moving by  -3.396429  9.208929 -2.033461
| RE_POSITION Moving by  -8.720481 -0.249309 -2.984461
| RE_POSITION Moving by  -1.481435 14.074624 -1.774501
| RE_POSITION Moving by  -1.771353  0.730375 -3.491978

 NSTEP =   150000   TIME(PS) =    1300.000  TEMP(K) =   344.95  PRESS =     0.0
 Etot   =        11.0368  EKtot   =        27.0765  EPtot      =       -16.0396
 BOND   =         5.9153  ANGLE   =        16.7360  DIHED      =        17.5860
 1-4 NB =         4.5948  1-4 EEL =       112.4388  VDWAALS    =        -4.2126
 EELEC  =      -148.5414  EGB     =       -22.5002  RESTRAINT  =         0.0363
 ESURF=         1.9074
 EAMBER (non-restraint)  =       -16.0760
 ------------------------------------------------------------------------------

 NMR restraints: Bond =    0.000   Angle =     0.000   Torsion =     0.036
===============================================================================
| RE_POSITION Moving by  -9.805051  2.606459  0.012218
| RE_POSITION Moving by   2.872527  2.459091  1.016218
| RE_POSITION Moving by  -7.678215  0.540906  0.736434
| RE_POSITION Moving by   4.290621  4.381896  1.058749
| RE_POSITION Moving by   2.158204 -4.430359 -0.145031

 NSTEP =   200000   TIME(PS) =    1400.000  TEMP(K) =   344.25  PRESS =     0.0
 Etot   =        18.1014  EKtot   =        27.0213  EPtot      =        -8.9198
 BOND   =         5.1971  ANGLE   =        16.7210  DIHED      =        20.3083
 1-4 NB =         3.7484  1-4 EEL =       115.3893  VDWAALS    =        -2.0057
 EELEC  =      -146.2527  EGB     =       -24.1576  RESTRAINT  =         0.0919
 ESURF=         2.0402
 EAMBER (non-restraint)  =        -9.0118
 ------------------------------------------------------------------------------

 NMR restraints: Bond =    0.000   Angle =     0.000   Torsion =     0.092
===============================================================================
| RE_POSITION Moving by  -7.255347  3.114666  2.698819
| RE_POSITION Moving by   7.689675  1.995246 -1.480826
| RE_POSITION Moving by   2.513485 -2.286567 -8.117007
| RE_POSITION Moving by   0.721510  6.178366 -2.672495
| RE_POSITION Moving by  -4.087335 -3.848790  2.389167

 NSTEP =   250000   TIME(PS) =    1500.000  TEMP(K) =   251.57  PRESS =     0.0
 Etot   =        12.3542  EKtot   =        19.7466  EPtot      =        -7.3923
 BOND   =         3.4742  ANGLE   =        19.6930  DIHED      =        19.7860
 1-4 NB =         5.0031  1-4 EEL =       120.9959  VDWAALS    =        -3.4079
 EELEC  =      -149.6840  EGB     =       -25.2527  RESTRAINT  =         0.0296
 ESURF=         1.9704
 EAMBER (non-restraint)  =        -7.4219
 ------------------------------------------------------------------------------

 NMR restraints: Bond =    0.000   Angle =     0.000   Torsion =     0.030
===============================================================================
| RE_POSITION Moving by  -1.966482 -2.627041 -2.277392
| RE_POSITION Moving by  -7.102427 -6.380207  1.491360
| RE_POSITION Moving by  -5.531932  7.083450 -3.385539
| RE_POSITION Moving by   0.076643 -4.646668  2.971932
| RE_POSITION Moving by   0.463329 -7.152630 14.925096

 NSTEP =   300000   TIME(PS) =    1600.000  TEMP(K) =   312.78  PRESS =     0.0
 Etot   =        14.5995  EKtot   =        24.5518  EPtot      =        -9.9523
 BOND   =         6.4702  ANGLE   =        16.9880  DIHED      =        18.9099
 1-4 NB =         4.2652  1-4 EEL =       122.8437  VDWAALS    =        -3.6390
 EELEC  =      -152.8166  EGB     =       -25.3965  RESTRAINT  =         0.4393
 ESURF=         1.9836
 EAMBER (non-restraint)  =       -10.3915
 ------------------------------------------------------------------------------

 NMR restraints: Bond =    0.000   Angle =     0.000   Torsion =     0.439
===============================================================================
| RE_POSITION Moving by  -3.575706 -4.485812  5.957364
| RE_POSITION Moving by  -3.112254  2.738398  1.062772
| RE_POSITION Moving by   2.318787 -1.210370 -2.287111
| RE_POSITION Moving by   1.856590  1.273566 -6.407322
| RE_POSITION Moving by   0.499473 -8.506354 -6.424134

 NSTEP =   350000   TIME(PS) =    1700.000  TEMP(K) =   335.14  PRESS =     0.0
 Etot   =        11.6751  EKtot   =        26.3064  EPtot      =       -14.6313
 BOND   =         5.2332  ANGLE   =        13.8888  DIHED      =        19.8500
 1-4 NB =         3.2242  1-4 EEL =       117.0158  VDWAALS    =        -3.8634
 EELEC  =      -147.3657  EGB     =       -24.9564  RESTRAINT  =         0.3569
 ESURF=         1.9853
 EAMBER (non-restraint)  =       -14.9882
 ------------------------------------------------------------------------------

 NMR restraints: Bond =    0.000   Angle =     0.000   Torsion =     0.357
===============================================================================
| RE_POSITION Moving by   1.157249  5.717367 -1.456417
| RE_POSITION Moving by  -5.731555 -2.599396  6.477446
| RE_POSITION Moving by   7.508611  6.963390 -3.111642
| RE_POSITION Moving by  -2.157400 -8.334687  3.742922
| RE_POSITION Moving by  -6.598445  2.011123 -5.122715

 NSTEP =   400000   TIME(PS) =    1800.000  TEMP(K) =   217.82  PRESS =     0.0
 Etot   =         1.9279  EKtot   =        17.0973  EPtot      =       -15.1693
 BOND   =         4.8884  ANGLE   =        12.7696  DIHED      =        18.2577
 1-4 NB =         3.8861  1-4 EEL =       118.7626  VDWAALS    =        -3.5519
 EELEC  =      -149.6751  EGB     =       -23.8056  RESTRAINT  =         1.3055
 ESURF=         1.9934
 EAMBER (non-restraint)  =       -16.4748
 ------------------------------------------------------------------------------

 NMR restraints: Bond =    0.000   Angle =     0.000   Torsion =     1.305
===============================================================================
| RE_POSITION Moving by  -1.418578  1.053852  7.970242
| RE_POSITION Moving by   5.615123 -1.140750  8.271649
| RE_POSITION Moving by  -0.687294 -0.106245 -6.796266
| RE_POSITION Moving by   2.191150  6.287483 -5.639761
| RE_POSITION Moving by  -1.145848-11.316588 -1.078484

 NSTEP =   450000   TIME(PS) =    1900.000  TEMP(K) =   302.99  PRESS =     0.0
 Etot   =         5.7745  EKtot   =        23.7826  EPtot      =       -18.0082
 BOND   =         3.6272  ANGLE   =        12.7646  DIHED      =        17.7348
 1-4 NB =         4.2580  1-4 EEL =       117.4493  VDWAALS    =        -3.0359
 EELEC  =      -147.8629  EGB     =       -25.0322  RESTRAINT  =         0.0941
 ESURF=         1.9949
 EAMBER (non-restraint)  =       -18.1023
 ------------------------------------------------------------------------------

 NMR restraints: Bond =    0.000   Angle =     0.000   Torsion =     0.094
===============================================================================
| RE_POSITION Moving by   4.002188  5.704892 -2.111459
| RE_POSITION Moving by  -9.814886  5.463203 -0.928130
| RE_POSITION Moving by  12.443166 -0.406335  9.974705
| RE_POSITION Moving by   5.623957  5.497564  0.785448
| RE_POSITION Moving by  -2.150366 -1.549543  4.975900

 NSTEP =   500000   TIME(PS) =    2000.000  TEMP(K) =   240.53  PRESS =     0.0
 Etot   =         7.2522  EKtot   =        18.8804  EPtot      =       -11.6282
 BOND   =         2.6818  ANGLE   =        13.2753  DIHED      =        19.6679
 1-4 NB =         6.2095  1-4 EEL =       123.7645  VDWAALS    =        -2.8324
 EELEC  =      -155.5434  EGB     =       -22.2488  RESTRAINT  =         1.4176
 ESURF=         1.9800
 EAMBER (non-restraint)  =       -13.0457
 ------------------------------------------------------------------------------

 NMR restraints: Bond =    0.000   Angle =     0.000   Torsion =     1.418
===============================================================================

      A V E R A G E S   O V E R  500000 S T E P S


 NSTEP =   500000   TIME(PS) =    2000.000  TEMP(K) =   300.88  PRESS =     0.0
 Etot   =        11.9863  EKtot   =        23.6170  EPtot      =       -11.6307
 BOND   =         5.3452  ANGLE   =        13.9570  DIHED      =        19.8999
 1-4 NB =         5.1278  1-4 EEL =       118.0334  VDWAALS    =        -3.1671
 EELEC  =      -148.4994  EGB     =       -24.6101  RESTRAINT  =         0.3015
 ESURF=         1.9810
 EAMBER (non-restraint)  =       -11.9322
 ------------------------------------------------------------------------------

 NMR restraints: Bond =    0.000   Angle =     0.000   Torsion =     1.418
===============================================================================

      R M S  F L U C T U A T I O N S


 NSTEP =   500000   TIME(PS) =    2000.000  TEMP(K) =    48.40  PRESS =     0.0
 Etot   =         5.4407  EKtot   =         3.7992  EPtot      =         3.8061
 BOND   =         1.9636  ANGLE   =         3.0266  DIHED      =         1.5685
 1-4 NB =         0.9824  1-4 EEL =         3.0315  VDWAALS    =         0.6138
 EELEC  =         3.4141  EGB     =         1.9104  RESTRAINT  =         0.4270
 ESURF=         0.0344
 EAMBER (non-restraint)  =         3.3791
 ------------------------------------------------------------------------------


 NMR restraints on final step:


--------------------------------------------------------------------------------
   5.  TIMINGS
--------------------------------------------------------------------------------

|>>>>>>>>PROFILE of Average TIMES>>>>>>>>> 
|                Calc gb radii             26.70 ( 7.71% of Gen B)
|                Communicate gb radii     225.09 (65.02% of Gen B)
|                Calc gb diag              38.79 (11.20% of Gen B)
|                Calc gb off-diag          24.76 ( 7.15% of Gen B)
|                Surface area energy       30.17 ( 8.72% of Gen B)
|                Other                      0.65 ( 0.19% of Gen B)
|             Gen Born time            346.15 (100.0% of Nonbo)
|             IPS excludes               0.08 ( 0.02% of Nonbo)
|          Nonbond force            346.24 (29.26% of Force)
|          Bond/Angle/Dihedral       12.12 ( 1.02% of Force)
|          FRC Collect time         597.61 (50.50% of Force)
|          Other                    227.44 (19.22% of Force)
|       Force time              1183.41 (77.79% of Runmd)
|       Shake time                 1.58 ( 0.10% of Runmd)
|       Verlet update time       264.46 (17.38% of Runmd)
|       CRD distribute time       70.74 ( 4.65% of Runmd)
|       Other                      1.11 ( 0.07% of Runmd)
|    Runmd Time              1521.30 (100.0% of Total)
|    Other                      0.08 ( 0.01% of Total)
| Total time              1521.38 (100.0% of ALL  )

| Number of list builds   :          0

| Highest rstack allocated:          0
| Highest istack allocated:          0

| Final Performance Info:
| -----------------------------------------------------
| Average timings for all steps:
|     Elapsed(s) =    1521.30 Per Step(ms) =       3.04
|         ns/day =      56.79   seconds/ns =    1521.30
| -----------------------------------------------------

|           Job began  at 14:29:30.578  on 08/26/2013
|           Setup done at 14:29:30.666  on 08/26/2013
|           Run   done at 14:54:51.962  on 08/26/2013
|     wallclock() was called18500023 times
