
          -------------------------------------------------------
          Amber 12 SANDER                              2012
          -------------------------------------------------------

| Run on 08/26/2013 at 14:29:30
  [-O]verwriting output

File Assignments:
|  MDIN: run_159.in                                                            
| MDOUT: run_159.out                                                           
|INPCRD: ../1_eq1/run.rst                                                      
|  PARM: parm                                                                  
|RESTRT: run_159.rst                                                           
|  REFC: refc                                                                  
| MDVEL: mdvel                                                                 
|  MDEN: mden                                                                  
| MDCRD: run_159.nc                                                            
|MDINFO: mdinfo                                                                
|  MTMD: mtmd                                                                  
|INPDIP: inpdip                                                                
|RSTDIP: rstdip                                                                

|INPTRA: inptraj                                                               
|
 
 Here is the input file:
 
equilibration with restraint                                                   
 &cntrl                                                                        
   ig=496327,                                                                  
   irest=1, ntx=5,                                                             
   igb=8, gbsa=1,                                                              
   cut=9999.0, rgbmax=9998.0,                                                  
   ntc=2, ntf=1, tol=0.000001,                                                 
   ntt=3, gamma_ln=2.0, temp0=300.0,                                           
   ntb=0, nscm=10000,                                                          
   ioutfm=1,                                                                   
   nstlim=500000, dt=0.002,                                                    
   ntpr=50000, ntwx=50000, ntwv=0, ntwr=500000,                                
   nmropt=1,                                                                   
 /                                                                             
 &wt                                                                           
  type='END',                                                                  
 /                                                                             
DISANG=run_159.disang                                                          
                                                                               

--------------------------------------------------------------------------------
   1.  RESOURCE   USE: 
--------------------------------------------------------------------------------

| Flags: MPI                                                                    
| New format PARM file being parsed.
| Version =    1.000 Date = 04/27/13 Time = 01:42:54
 NATOM  =      32 NTYPES =       7 NBONH =      17 MBONA  =      14
 NTHETH =      36 MTHETA =      18 NPHIH =      64 MPHIA  =      45
 NHPARM =       0 NPARM  =       0 NNB   =     152 NRES   =       4
 NBONA  =      14 NTHETA =      18 NPHIA =      45 NUMBND =      11
 NUMANG =      21 NPTRA  =      20 NATYP =       8 NPHB   =       0
 IFBOX  =       0 NMXRS  =      10 IFCAP =       0 NEXTRA =       0
 NCOPY  =       0

 Implicit solvent radii are ArgH and AspGluO modified Bondi2 radii (mbondi3)                                
 Replacing prmtop screening parameters with GBn2 (igb=8) values

|     Memory Use     Allocated
|     Real                2330
|     Hollerith            102
|     Integer            23034
|     Max Pairs              1
|     nblistReal             0
|     nblist Int             0
|       Total              108 kbytes

| Note: 1-4 EEL scale factors are being read from the topology file.

| Note: 1-4 VDW scale factors are being read from the topology file.
| Duplicated    0 dihedrals
| Duplicated    0 dihedrals

--------------------------------------------------------------------------------
   2.  CONTROL  DATA  FOR  THE  RUN
--------------------------------------------------------------------------------

ACE                                                                             

General flags:
     imin    =       0, nmropt  =       1

Nature and format of input:
     ntx     =       5, irest   =       1, ntrx    =       1

Nature and format of output:
     ntxo    =       1, ntpr    =   50000, ntrx    =       1, ntwr    =  500000
     iwrap   =       0, ntwx    =   50000, ntwv    =       0, ntwe    =       0
     ioutfm  =       1, ntwprt  =       0, idecomp =       0, rbornstat=      0

Potential function:
     ntf     =       1, ntb     =       0, igb     =       8, nsnb    =      25
     ipol    =       0, gbsa    =       1, iesp    =       0
     dielc   =   1.00000, cut     =9999.00000, intdiel =   1.00000
     saltcon =   0.00000, offset  =   0.19514, surften =   0.00500
     rdt     =   0.00000, rgbmax  =9998.00000  extdiel =  78.50000
     alpb  =        0
     gbalphaH  =   0.78844, gbbetaH   =   0.79870,  gbgammaH  =    0.43733
     gbalphaC  =   0.73376, gbbetaC   =   0.50638,  gbgammaC  =    0.20584
     gbalphaN  =   0.50336, gbbetaN   =   0.31683,  gbgammaN  =    0.19292
     gbalphaOS =   0.86781, gbbetaOS  =   0.87664,  gbgammaOS =    0.38788
     gbalphaP  =   1.00000, gbbetaP   =   0.80000,  gbgammaP  =    4.85000

Frozen or restrained atoms:
     ibelly  =       0, ntr     =       0

Molecular dynamics:
     nstlim  =    500000, nscm    =     10000, nrespa  =         1
     t       =   0.00000, dt      =   0.00200, vlimit  =  20.00000

Langevin dynamics temperature regulation:
     ig      =  496327
     temp0   = 300.00000, tempi   =   0.00000, gamma_ln=   2.00000

SHAKE:
     ntc     =       2, jfastw  =       0
     tol     =   0.00000

NMR refinement options:
     iscale  =       0, noeskp  =       1, ipnlty  =       1, mxsub   =       1
     scalm   = 100.00000, pencut  =   0.10000, tausw   =   0.10000

| MPI Timing options:
|      profile_mpi =        0
|  INFO: Old style inpcrd file read


--------------------------------------------------------------------------------
   3.  ATOMIC COORDINATES AND VELOCITIES
--------------------------------------------------------------------------------

ACE                                                                             
 begin time read from input coords =  1000.000 ps



           Begin reading energy term weight changes/NMR restraints
 WEIGHT CHANGES:
                         ** No weight changes given **

 RESTRAINTS:
 Requested file redirections:
  DISANG    = run_159.disang
 Restraints will be read from file: run_159.disang
Here are comments from the DISANG input file:

                       Number of restraints read =     2

                  Done reading weight changes/NMR restraints


 Number of triangulated 3-point waters found:        0
|  Atom division among processors:
|         0      16      32
|  Running AMBER/MPI version on    2 nodes


--------------------------------------------------------------------------------
   4.  RESULTS
--------------------------------------------------------------------------------

|  # of SOLUTE  degrees of freedom (RNDFP):      79.
|  # of SOLVENT degrees of freedom (RNDFS):       0.
|  NDFMIN =      79.     NUM_NOSHAKE =      0     CORRECTED RNDFP =      79.
|  TOTAL # of degrees of freedom (RNDF) =      79.
| RE_POSITION Moving by   0.023871 -6.355329 10.461869
| RE_POSITION Moving by   0.151366 -0.725882  7.897019
| RE_POSITION Moving by  -2.711433  1.776752 -3.391304
| RE_POSITION Moving by   3.470122  3.961874  0.217532
| RE_POSITION Moving by   6.663904  7.889437  3.380784

 NSTEP =    50000   TIME(PS) =    1100.000  TEMP(K) =   242.56  PRESS =     0.0
 Etot   =        12.6679  EKtot   =        19.0392  EPtot      =        -6.3713
 BOND   =         4.9657  ANGLE   =        16.0172  DIHED      =        22.6049
 1-4 NB =         5.6123  1-4 EEL =       116.8823  VDWAALS    =        -3.8990
 EELEC  =      -143.0343  EGB     =       -28.0585  RESTRAINT  =         0.5795
 ESURF=         1.9588
 EAMBER (non-restraint)  =        -6.9508
 ------------------------------------------------------------------------------

 NMR restraints: Bond =    0.000   Angle =     0.000   Torsion =     0.579
===============================================================================
| RE_POSITION Moving by  -4.309305  5.658408 -0.845765
| RE_POSITION Moving by   2.797406  2.624813  7.978651
| RE_POSITION Moving by  -1.574759  0.147724  0.291570
| RE_POSITION Moving by  -1.581508  1.761096  2.090751
| RE_POSITION Moving by  -3.230363  0.693554  0.144609

 NSTEP =   100000   TIME(PS) =    1200.000  TEMP(K) =   318.45  PRESS =     0.0
 Etot   =        11.3784  EKtot   =        24.9962  EPtot      =       -13.6178
 BOND   =         3.5415  ANGLE   =         9.7045  DIHED      =        22.6184
 1-4 NB =         5.2500  1-4 EEL =       116.0486  VDWAALS    =        -3.3900
 EELEC  =      -143.8173  EGB     =       -27.2320  RESTRAINT  =         1.6972
 ESURF=         1.9613
 EAMBER (non-restraint)  =       -15.3150
 ------------------------------------------------------------------------------

 NMR restraints: Bond =    0.000   Angle =     0.000   Torsion =     1.697
===============================================================================
| RE_POSITION Moving by  -7.749201  0.973733 -2.195517
| RE_POSITION Moving by   3.881886 -5.287156 -4.083819
| RE_POSITION Moving by  -0.580006 -5.373832  1.620538
| RE_POSITION Moving by  -3.987048  4.679352 -4.221155
| RE_POSITION Moving by   1.392903  0.394688  2.273063

 NSTEP =   150000   TIME(PS) =    1300.000  TEMP(K) =   305.29  PRESS =     0.0
 Etot   =        14.5588  EKtot   =        23.9634  EPtot      =        -9.4046
 BOND   =         5.0447  ANGLE   =        16.7017  DIHED      =        22.2445
 1-4 NB =         3.8505  1-4 EEL =       118.9287  VDWAALS    =        -4.6825
 EELEC  =      -147.9608  EGB     =       -25.8644  RESTRAINT  =         0.4123
 ESURF=         1.9208
 EAMBER (non-restraint)  =        -9.8169
 ------------------------------------------------------------------------------

 NMR restraints: Bond =    0.000   Angle =     0.000   Torsion =     0.412
===============================================================================
| RE_POSITION Moving by  -5.833894 -2.288539  1.291363
| RE_POSITION Moving by  -5.749326  0.268630 -2.908418
| RE_POSITION Moving by  -5.647674 -6.075314  3.332740
| RE_POSITION Moving by  -3.528136 -3.623119  2.285373
| RE_POSITION Moving by   1.143578  4.480241  0.378133

 NSTEP =   200000   TIME(PS) =    1400.000  TEMP(K) =   307.42  PRESS =     0.0
 Etot   =        10.7237  EKtot   =        24.1304  EPtot      =       -13.4067
 BOND   =         3.7299  ANGLE   =        15.6898  DIHED      =        18.8380
 1-4 NB =         5.2039  1-4 EEL =       113.6339  VDWAALS    =        -3.0946
 EELEC  =      -145.3108  EGB     =       -24.0820  RESTRAINT  =         0.0156
 ESURF=         1.9694
 EAMBER (non-restraint)  =       -13.4223
 ------------------------------------------------------------------------------

 NMR restraints: Bond =    0.000   Angle =     0.000   Torsion =     0.016
===============================================================================
| RE_POSITION Moving by   3.555496 -0.876305 -2.599930
| RE_POSITION Moving by   3.904251  3.216067  2.991378
| RE_POSITION Moving by   5.707320  0.227452  3.422579
| RE_POSITION Moving by   3.390058  8.456089 -5.400037
| RE_POSITION Moving by   4.226871  2.996475  0.180528

 NSTEP =   250000   TIME(PS) =    1500.000  TEMP(K) =   287.03  PRESS =     0.0
 Etot   =        14.8452  EKtot   =        22.5304  EPtot      =        -7.6853
 BOND   =         9.6270  ANGLE   =        14.3912  DIHED      =        20.3117
 1-4 NB =         6.1787  1-4 EEL =       113.4207  VDWAALS    =        -2.7540
 EELEC  =      -144.8297  EGB     =       -26.7513  RESTRAINT  =         0.7593
 ESURF=         1.9612
 EAMBER (non-restraint)  =        -8.4446
 ------------------------------------------------------------------------------

 NMR restraints: Bond =    0.000   Angle =     0.000   Torsion =     0.759
===============================================================================
| RE_POSITION Moving by   0.480292  1.421472  2.901610
| RE_POSITION Moving by  -0.850887  5.071878 -1.886682
| RE_POSITION Moving by  -0.622506 -0.085615  7.594241
| RE_POSITION Moving by -14.168649 -3.008802 -0.410902
| RE_POSITION Moving by   6.461655  5.173096 -6.712582

 NSTEP =   300000   TIME(PS) =    1600.000  TEMP(K) =   378.18  PRESS =     0.0
 Etot   =        23.4120  EKtot   =        29.6853  EPtot      =        -6.2732
 BOND   =         7.4296  ANGLE   =        12.8853  DIHED      =        18.9931
 1-4 NB =         6.4229  1-4 EEL =       122.5638  VDWAALS    =        -2.4945
 EELEC  =      -149.7845  EGB     =       -26.8400  RESTRAINT  =         2.5945
 ESURF=         1.9566
 EAMBER (non-restraint)  =        -8.8677
 ------------------------------------------------------------------------------

 NMR restraints: Bond =    0.000   Angle =     0.000   Torsion =     2.594
===============================================================================
| RE_POSITION Moving by  -1.208785 -3.955767  0.765019
| RE_POSITION Moving by  -4.743711  0.661756  1.187397
| RE_POSITION Moving by  -1.698790 -8.625722  3.647136
| RE_POSITION Moving by   0.306294  3.961773  1.569513
| RE_POSITION Moving by  -5.753931  5.603652 -4.364515

 NSTEP =   350000   TIME(PS) =    1700.000  TEMP(K) =   341.37  PRESS =     0.0
 Etot   =        19.7326  EKtot   =        26.7952  EPtot      =        -7.0625
 BOND   =         7.2445  ANGLE   =        12.6186  DIHED      =        23.7880
 1-4 NB =         6.5398  1-4 EEL =       121.2599  VDWAALS    =        -4.8313
 EELEC  =      -153.0255  EGB     =       -22.9517  RESTRAINT  =         0.3973
 ESURF=         1.8978
 EAMBER (non-restraint)  =        -7.4599
 ------------------------------------------------------------------------------

 NMR restraints: Bond =    0.000   Angle =     0.000   Torsion =     0.397
===============================================================================
| RE_POSITION Moving by   5.598203 -5.993053  4.476338
| RE_POSITION Moving by   9.385904 -3.547978  8.493507
| RE_POSITION Moving by   4.553501 -2.118463  1.629071
| RE_POSITION Moving by  -4.225650  0.760449 -2.749955
| RE_POSITION Moving by  -6.929497  2.755014 -5.073693

 NSTEP =   400000   TIME(PS) =    1800.000  TEMP(K) =   332.65  PRESS =     0.0
 Etot   =        16.4142  EKtot   =        26.1107  EPtot      =        -9.6965
 BOND   =         3.5204  ANGLE   =        16.3005  DIHED      =        19.6041
 1-4 NB =         6.5706  1-4 EEL =       119.2599  VDWAALS    =        -3.6577
 EELEC  =      -147.9907  EGB     =       -25.3303  RESTRAINT  =         0.0838
 ESURF=         1.9428
 EAMBER (non-restraint)  =        -9.7803
 ------------------------------------------------------------------------------

 NMR restraints: Bond =    0.000   Angle =     0.000   Torsion =     0.084
===============================================================================
| RE_POSITION Moving by   1.993321  4.403600  5.988232
| RE_POSITION Moving by   5.046120 -2.339603 -3.499660
| RE_POSITION Moving by   9.620544  6.350756  1.650192
| RE_POSITION Moving by  -9.324235  2.476281  0.545525
| RE_POSITION Moving by  -8.869200 -4.769125  3.147551

 NSTEP =   450000   TIME(PS) =    1900.000  TEMP(K) =   283.90  PRESS =     0.0
 Etot   =         8.5738  EKtot   =        22.2844  EPtot      =       -13.7106
 BOND   =         9.5200  ANGLE   =        10.1014  DIHED      =        17.6191
 1-4 NB =         4.6947  1-4 EEL =       119.9074  VDWAALS    =        -3.5639
 EELEC  =      -149.2615  EGB     =       -25.6578  RESTRAINT  =         0.9615
 ESURF=         1.9686
 EAMBER (non-restraint)  =       -14.6721
 ------------------------------------------------------------------------------

 NMR restraints: Bond =    0.000   Angle =     0.000   Torsion =     0.961
===============================================================================
| RE_POSITION Moving by  -2.828282 -4.848476  7.268045
| RE_POSITION Moving by  -2.126554  1.130735  0.780046
| RE_POSITION Moving by  -6.641167 -1.717724  4.741619
| RE_POSITION Moving by  -3.784416  0.526903 -2.086673
| RE_POSITION Moving by  -2.243947 -2.571746 -1.237081

 NSTEP =   500000   TIME(PS) =    2000.000  TEMP(K) =   284.33  PRESS =     0.0
 Etot   =        14.4423  EKtot   =        22.3184  EPtot      =        -7.8761
 BOND   =        10.3653  ANGLE   =        10.6478  DIHED      =        19.5534
 1-4 NB =         7.9226  1-4 EEL =       114.7678  VDWAALS    =        -4.0873
 EELEC  =      -145.7337  EGB     =       -24.1477  RESTRAINT  =         0.9745
 ESURF=         1.8611
 EAMBER (non-restraint)  =        -8.8507
 ------------------------------------------------------------------------------

 NMR restraints: Bond =    0.000   Angle =     0.000   Torsion =     0.975
===============================================================================

      A V E R A G E S   O V E R  500000 S T E P S


 NSTEP =   500000   TIME(PS) =    2000.000  TEMP(K) =   299.03  PRESS =     0.0
 Etot   =        12.5191  EKtot   =        23.4721  EPtot      =       -10.9530
 BOND   =         5.3670  ANGLE   =        14.0182  DIHED      =        20.6910
 1-4 NB =         5.1573  1-4 EEL =       118.0578  VDWAALS    =        -3.3616
 EELEC  =      -148.4786  EGB     =       -24.7351  RESTRAINT  =         0.3648
 ESURF=         1.9662
 EAMBER (non-restraint)  =       -11.3178
 ------------------------------------------------------------------------------

 NMR restraints: Bond =    0.000   Angle =     0.000   Torsion =     0.975
===============================================================================

      R M S  F L U C T U A T I O N S


 NSTEP =   500000   TIME(PS) =    2000.000  TEMP(K) =    47.20  PRESS =     0.0
 Etot   =         5.2002  EKtot   =         3.7050  EPtot      =         3.7107
 BOND   =         1.9574  ANGLE   =         2.9929  DIHED      =         1.6209
 1-4 NB =         0.9834  1-4 EEL =         3.0611  VDWAALS    =         0.6699
 EELEC  =         3.7398  EGB     =         2.1103  RESTRAINT  =         0.4947
 ESURF=         0.0358
 EAMBER (non-restraint)  =         3.2160
 ------------------------------------------------------------------------------


 NMR restraints on final step:


--------------------------------------------------------------------------------
   5.  TIMINGS
--------------------------------------------------------------------------------

|>>>>>>>>PROFILE of Average TIMES>>>>>>>>> 
|                Calc gb radii             26.77 ( 7.68% of Gen B)
|                Communicate gb radii     226.24 (64.93% of Gen B)
|                Calc gb diag              38.47 (11.04% of Gen B)
|                Calc gb off-diag          24.62 ( 7.07% of Gen B)
|                Surface area energy       31.67 ( 9.09% of Gen B)
|                Other                      0.64 ( 0.18% of Gen B)
|             Gen Born time            348.41 (100.0% of Nonbo)
|             IPS excludes               0.08 ( 0.02% of Nonbo)
|          Nonbond force            348.49 (29.42% of Force)
|          Bond/Angle/Dihedral       12.19 ( 1.03% of Force)
|          FRC Collect time         594.33 (50.17% of Force)
|          Other                    229.55 (19.38% of Force)
|       Force time              1184.55 (77.95% of Runmd)
|       Shake time                 1.64 ( 0.11% of Runmd)
|       Verlet update time       261.83 (17.23% of Runmd)
|       CRD distribute time       70.56 ( 4.64% of Runmd)
|       Other                      1.11 ( 0.07% of Runmd)
|    Runmd Time              1519.69 (100.0% of Total)
| Total time              1519.71 (100.0% of ALL  )

| Number of list builds   :          0

| Highest rstack allocated:          0
| Highest istack allocated:          0

| Final Performance Info:
| -----------------------------------------------------
| Average timings for all steps:
|     Elapsed(s) =    1519.70 Per Step(ms) =       3.04
|         ns/day =      56.85   seconds/ns =    1519.70
| -----------------------------------------------------

|           Job began  at 14:29:30.527  on 08/26/2013
|           Setup done at 14:29:30.556  on 08/26/2013
|           Run   done at 14:54:50.251  on 08/26/2013
|     wallclock() was called18500023 times
