
          -------------------------------------------------------
          Amber 12 SANDER                              2012
          -------------------------------------------------------

| Run on 08/26/2013 at 14:29:30
  [-O]verwriting output

File Assignments:
|  MDIN: run_123.in                                                            
| MDOUT: run_123.out                                                           
|INPCRD: ../1_eq1/run.rst                                                      
|  PARM: parm                                                                  
|RESTRT: run_123.rst                                                           
|  REFC: refc                                                                  
| MDVEL: mdvel                                                                 
|  MDEN: mden                                                                  
| MDCRD: run_123.nc                                                            
|MDINFO: mdinfo                                                                
|  MTMD: mtmd                                                                  
|INPDIP: inpdip                                                                
|RSTDIP: rstdip                                                                

|INPTRA: inptraj                                                               
|
 
 Here is the input file:
 
equilibration with restraint                                                   
 &cntrl                                                                        
   ig=986257,                                                                  
   irest=1, ntx=5,                                                             
   igb=8, gbsa=1,                                                              
   cut=9999.0, rgbmax=9998.0,                                                  
   ntc=2, ntf=1, tol=0.000001,                                                 
   ntt=3, gamma_ln=2.0, temp0=300.0,                                           
   ntb=0, nscm=10000,                                                          
   ioutfm=1,                                                                   
   nstlim=500000, dt=0.002,                                                    
   ntpr=50000, ntwx=50000, ntwv=0, ntwr=500000,                                
   nmropt=1,                                                                   
 /                                                                             
 &wt                                                                           
  type='END',                                                                  
 /                                                                             
DISANG=run_123.disang                                                          
                                                                               

--------------------------------------------------------------------------------
   1.  RESOURCE   USE: 
--------------------------------------------------------------------------------

| Flags: MPI                                                                    
| New format PARM file being parsed.
| Version =    1.000 Date = 04/27/13 Time = 01:42:54
 NATOM  =      32 NTYPES =       7 NBONH =      17 MBONA  =      14
 NTHETH =      36 MTHETA =      18 NPHIH =      64 MPHIA  =      45
 NHPARM =       0 NPARM  =       0 NNB   =     152 NRES   =       4
 NBONA  =      14 NTHETA =      18 NPHIA =      45 NUMBND =      11
 NUMANG =      21 NPTRA  =      20 NATYP =       8 NPHB   =       0
 IFBOX  =       0 NMXRS  =      10 IFCAP =       0 NEXTRA =       0
 NCOPY  =       0

 Implicit solvent radii are ArgH and AspGluO modified Bondi2 radii (mbondi3)                                
 Replacing prmtop screening parameters with GBn2 (igb=8) values

|     Memory Use     Allocated
|     Real                2330
|     Hollerith            102
|     Integer            23034
|     Max Pairs              1
|     nblistReal             0
|     nblist Int             0
|       Total              108 kbytes

| Note: 1-4 EEL scale factors are being read from the topology file.

| Note: 1-4 VDW scale factors are being read from the topology file.
| Duplicated    0 dihedrals
| Duplicated    0 dihedrals

--------------------------------------------------------------------------------
   2.  CONTROL  DATA  FOR  THE  RUN
--------------------------------------------------------------------------------

ACE                                                                             

General flags:
     imin    =       0, nmropt  =       1

Nature and format of input:
     ntx     =       5, irest   =       1, ntrx    =       1

Nature and format of output:
     ntxo    =       1, ntpr    =   50000, ntrx    =       1, ntwr    =  500000
     iwrap   =       0, ntwx    =   50000, ntwv    =       0, ntwe    =       0
     ioutfm  =       1, ntwprt  =       0, idecomp =       0, rbornstat=      0

Potential function:
     ntf     =       1, ntb     =       0, igb     =       8, nsnb    =      25
     ipol    =       0, gbsa    =       1, iesp    =       0
     dielc   =   1.00000, cut     =9999.00000, intdiel =   1.00000
     saltcon =   0.00000, offset  =   0.19514, surften =   0.00500
     rdt     =   0.00000, rgbmax  =9998.00000  extdiel =  78.50000
     alpb  =        0
     gbalphaH  =   0.78844, gbbetaH   =   0.79870,  gbgammaH  =    0.43733
     gbalphaC  =   0.73376, gbbetaC   =   0.50638,  gbgammaC  =    0.20584
     gbalphaN  =   0.50336, gbbetaN   =   0.31683,  gbgammaN  =    0.19292
     gbalphaOS =   0.86781, gbbetaOS  =   0.87664,  gbgammaOS =    0.38788
     gbalphaP  =   1.00000, gbbetaP   =   0.80000,  gbgammaP  =    4.85000

Frozen or restrained atoms:
     ibelly  =       0, ntr     =       0

Molecular dynamics:
     nstlim  =    500000, nscm    =     10000, nrespa  =         1
     t       =   0.00000, dt      =   0.00200, vlimit  =  20.00000

Langevin dynamics temperature regulation:
     ig      =  986257
     temp0   = 300.00000, tempi   =   0.00000, gamma_ln=   2.00000

SHAKE:
     ntc     =       2, jfastw  =       0
     tol     =   0.00000

NMR refinement options:
     iscale  =       0, noeskp  =       1, ipnlty  =       1, mxsub   =       1
     scalm   = 100.00000, pencut  =   0.10000, tausw   =   0.10000

| MPI Timing options:
|      profile_mpi =        0
|  INFO: Old style inpcrd file read


--------------------------------------------------------------------------------
   3.  ATOMIC COORDINATES AND VELOCITIES
--------------------------------------------------------------------------------

ACE                                                                             
 begin time read from input coords =  1000.000 ps



           Begin reading energy term weight changes/NMR restraints
 WEIGHT CHANGES:
                         ** No weight changes given **

 RESTRAINTS:
 Requested file redirections:
  DISANG    = run_123.disang
 Restraints will be read from file: run_123.disang
Here are comments from the DISANG input file:

                       Number of restraints read =     2

                  Done reading weight changes/NMR restraints


 Number of triangulated 3-point waters found:        0
|  Atom division among processors:
|         0      16      32
|  Running AMBER/MPI version on    2 nodes


--------------------------------------------------------------------------------
   4.  RESULTS
--------------------------------------------------------------------------------

|  # of SOLUTE  degrees of freedom (RNDFP):      79.
|  # of SOLVENT degrees of freedom (RNDFS):       0.
|  NDFMIN =      79.     NUM_NOSHAKE =      0     CORRECTED RNDFP =      79.
|  TOTAL # of degrees of freedom (RNDF) =      79.
| RE_POSITION Moving by   6.403762  4.961704  0.659235
| RE_POSITION Moving by  -1.553922 -4.091205  2.793970
| RE_POSITION Moving by  -5.185277 -0.624090 -2.876202
| RE_POSITION Moving by   5.260176 -0.605166  3.367386
| RE_POSITION Moving by   8.489313 15.243908  1.785687

 NSTEP =    50000   TIME(PS) =    1100.000  TEMP(K) =   210.02  PRESS =     0.0
 Etot   =        15.3477  EKtot   =        16.4857  EPtot      =        -1.1380
 BOND   =         5.3060  ANGLE   =        20.0529  DIHED      =        24.5416
 1-4 NB =         4.6760  1-4 EEL =       116.6437  VDWAALS    =        -3.6456
 EELEC  =      -147.6797  EGB     =       -25.1342  RESTRAINT  =         2.1243
 ESURF=         1.9770
 EAMBER (non-restraint)  =        -3.2623
 ------------------------------------------------------------------------------

 NMR restraints: Bond =    0.000   Angle =     0.000   Torsion =     2.124
===============================================================================
| RE_POSITION Moving by   5.577207 -5.700909  4.507360
| RE_POSITION Moving by  -5.852614 -4.158272  6.496938
| RE_POSITION Moving by  -6.243628 -1.507074  6.874824
| RE_POSITION Moving by  -3.772722  0.465763 -7.567877
| RE_POSITION Moving by  -9.557684  6.624185  5.695756

 NSTEP =   100000   TIME(PS) =    1200.000  TEMP(K) =   304.68  PRESS =     0.0
 Etot   =        17.0464  EKtot   =        23.9152  EPtot      =        -6.8688
 BOND   =         5.1602  ANGLE   =        11.3641  DIHED      =        26.0478
 1-4 NB =         4.4215  1-4 EEL =       116.4996  VDWAALS    =        -2.9441
 EELEC  =      -146.0395  EGB     =       -24.5393  RESTRAINT  =         1.1457
 ESURF=         2.0152
 EAMBER (non-restraint)  =        -8.0145
 ------------------------------------------------------------------------------

 NMR restraints: Bond =    0.000   Angle =     0.000   Torsion =     1.146
===============================================================================
| RE_POSITION Moving by  -1.805293  5.828121 -3.656508
| RE_POSITION Moving by  -4.391094  9.262200 -2.652285
| RE_POSITION Moving by  -6.154988  8.674448  3.302261
| RE_POSITION Moving by  -1.078384-11.688204 -2.396358
| RE_POSITION Moving by  -1.056365 -4.856055  0.162667

 NSTEP =   150000   TIME(PS) =    1300.000  TEMP(K) =   263.11  PRESS =     0.0
 Etot   =        15.8252  EKtot   =        20.6528  EPtot      =        -4.8276
 BOND   =         5.9053  ANGLE   =        14.7662  DIHED      =        29.0801
 1-4 NB =         3.9018  1-4 EEL =       112.7345  VDWAALS    =        -4.8145
 EELEC  =      -143.5048  EGB     =       -24.8616  RESTRAINT  =         0.0266
 ESURF=         1.9386
 EAMBER (non-restraint)  =        -4.8542
 ------------------------------------------------------------------------------

 NMR restraints: Bond =    0.000   Angle =     0.000   Torsion =     0.027
===============================================================================
| RE_POSITION Moving by  -1.497075 -5.104298  6.000801
| RE_POSITION Moving by   1.070526 -6.992307  2.205610
| RE_POSITION Moving by  -2.510853 11.889197 13.998919
| RE_POSITION Moving by   0.814036 -3.377016  1.724435
| RE_POSITION Moving by   6.466844  1.427686 -4.328395

 NSTEP =   200000   TIME(PS) =    1400.000  TEMP(K) =   356.02  PRESS =     0.0
 Etot   =        20.3884  EKtot   =        27.9456  EPtot      =        -7.5573
 BOND   =         8.5178  ANGLE   =        11.0129  DIHED      =        27.5673
 1-4 NB =         3.7667  1-4 EEL =       116.0507  VDWAALS    =        -3.9632
 EELEC  =      -148.0617  EGB     =       -24.7679  RESTRAINT  =         0.3140
 ESURF=         2.0061
 EAMBER (non-restraint)  =        -7.8712
 ------------------------------------------------------------------------------

 NMR restraints: Bond =    0.000   Angle =     0.000   Torsion =     0.314
===============================================================================
| RE_POSITION Moving by   6.344112 -2.719010 -4.462145
| RE_POSITION Moving by  -4.665597  0.584558 -5.732941
| RE_POSITION Moving by   4.052767 -2.392333 -0.702694
| RE_POSITION Moving by   8.808450  2.061409 -7.380941
| RE_POSITION Moving by   0.374860 -3.019248  1.694846

 NSTEP =   250000   TIME(PS) =    1500.000  TEMP(K) =   279.17  PRESS =     0.0
 Etot   =        22.7701  EKtot   =        21.9135  EPtot      =         0.8566
 BOND   =         6.7035  ANGLE   =        16.6181  DIHED      =        28.7296
 1-4 NB =         4.1557  1-4 EEL =       122.3356  VDWAALS    =        -3.3090
 EELEC  =      -152.7932  EGB     =       -23.5526  RESTRAINT  =         0.0229
 ESURF=         1.9462
 EAMBER (non-restraint)  =         0.8338
 ------------------------------------------------------------------------------

 NMR restraints: Bond =    0.000   Angle =     0.000   Torsion =     0.023
===============================================================================
| RE_POSITION Moving by   6.952625  2.102898 10.749006
| RE_POSITION Moving by   3.262176  4.322114 -8.296474
| RE_POSITION Moving by   7.289517  0.973819  5.460995
| RE_POSITION Moving by   0.402864  4.054422 -3.957999
| RE_POSITION Moving by  -2.900471 -4.659700 -4.304045

 NSTEP =   300000   TIME(PS) =    1600.000  TEMP(K) =   283.40  PRESS =     0.0
 Etot   =        28.6006  EKtot   =        22.2454  EPtot      =         6.3553
 BOND   =        11.8086  ANGLE   =        17.7955  DIHED      =        30.2090
 1-4 NB =         3.3776  1-4 EEL =       113.3374  VDWAALS    =        -3.3054
 EELEC  =      -146.1501  EGB     =       -23.1442  RESTRAINT  =         0.4078
 ESURF=         2.0190
 EAMBER (non-restraint)  =         5.9475
 ------------------------------------------------------------------------------

 NMR restraints: Bond =    0.000   Angle =     0.000   Torsion =     0.408
===============================================================================
| RE_POSITION Moving by  -7.319569 -1.651928  4.723795
| RE_POSITION Moving by  -9.055023  1.806356 -1.627244
| RE_POSITION Moving by   9.715519-12.032598 -3.446020
| RE_POSITION Moving by  -2.962199  0.682605 -2.341202
| RE_POSITION Moving by   7.104187  5.448276  7.644806

 NSTEP =   350000   TIME(PS) =    1700.000  TEMP(K) =   282.73  PRESS =     0.0
 Etot   =        19.8787  EKtot   =        22.1928  EPtot      =        -2.3141
 BOND   =         4.4436  ANGLE   =        17.3357  DIHED      =        29.4561
 1-4 NB =         4.1539  1-4 EEL =       117.6173  VDWAALS    =        -3.7661
 EELEC  =      -148.7503  EGB     =       -24.8932  RESTRAINT  =         0.1779
 ESURF=         1.9110
 EAMBER (non-restraint)  =        -2.4920
 ------------------------------------------------------------------------------

 NMR restraints: Bond =    0.000   Angle =     0.000   Torsion =     0.178
===============================================================================
| RE_POSITION Moving by   4.207142 -0.803969 -3.714217
| RE_POSITION Moving by -12.364635 -5.069022  2.589027
| RE_POSITION Moving by   5.954906  3.733582 -7.274859
| RE_POSITION Moving by   8.945632 -1.549295 -5.396326
| RE_POSITION Moving by  -8.719145  2.076412  0.423306

 NSTEP =   400000   TIME(PS) =    1800.000  TEMP(K) =   314.76  PRESS =     0.0
 Etot   =        24.8512  EKtot   =        24.7070  EPtot      =         0.1442
 BOND   =         3.0679  ANGLE   =        19.0090  DIHED      =        28.2656
 1-4 NB =         8.0929  1-4 EEL =       114.2605  VDWAALS    =        -4.2708
 EELEC  =      -147.4885  EGB     =       -22.9423  RESTRAINT  =         0.2104
 ESURF=         1.9395
 EAMBER (non-restraint)  =        -0.0662
 ------------------------------------------------------------------------------

 NMR restraints: Bond =    0.000   Angle =     0.000   Torsion =     0.210
===============================================================================
| RE_POSITION Moving by  -2.204334 -8.960822 -3.963268
| RE_POSITION Moving by  -0.919482  0.803455 -9.597285
| RE_POSITION Moving by  -0.477920  0.082144  3.539677
| RE_POSITION Moving by   2.279248 -1.278156 -1.463344
| RE_POSITION Moving by  -3.153585 -8.581215  8.744872

 NSTEP =   450000   TIME(PS) =    1900.000  TEMP(K) =   323.53  PRESS =     0.0
 Etot   =        19.7119  EKtot   =        25.3953  EPtot      =        -5.6834
 BOND   =         4.7158  ANGLE   =        14.0676  DIHED      =        25.2819
 1-4 NB =         5.7432  1-4 EEL =       121.8513  VDWAALS    =        -3.2915
 EELEC  =      -155.3350  EGB     =       -21.2655  RESTRAINT  =         0.5591
 ESURF=         1.9897
 EAMBER (non-restraint)  =        -6.2425
 ------------------------------------------------------------------------------

 NMR restraints: Bond =    0.000   Angle =     0.000   Torsion =     0.559
===============================================================================
| RE_POSITION Moving by  -9.605410 -8.902144  2.638798
| RE_POSITION Moving by   2.328927 -3.430817 -0.286868
| RE_POSITION Moving by   1.112722 -2.167663  0.654358
| RE_POSITION Moving by   0.398552  1.642857 -2.199185
| RE_POSITION Moving by   8.803571 -0.035780  2.318404

 NSTEP =   500000   TIME(PS) =    2000.000  TEMP(K) =   351.92  PRESS =     0.0
 Etot   =        24.7743  EKtot   =        27.6240  EPtot      =        -2.8497
 BOND   =         3.2129  ANGLE   =        16.0709  DIHED      =        28.0595
 1-4 NB =         5.9957  1-4 EEL =       127.3040  VDWAALS    =        -4.3774
 EELEC  =      -160.2742  EGB     =       -20.7476  RESTRAINT  =         0.0075
 ESURF=         1.8990
 EAMBER (non-restraint)  =        -2.8571
 ------------------------------------------------------------------------------

 NMR restraints: Bond =    0.000   Angle =     0.000   Torsion =     0.007
===============================================================================

      A V E R A G E S   O V E R  500000 S T E P S


 NSTEP =   500000   TIME(PS) =    2000.000  TEMP(K) =   300.19  PRESS =     0.0
 Etot   =        19.4869  EKtot   =        23.5631  EPtot      =        -4.0762
 BOND   =         5.3091  ANGLE   =        14.4326  DIHED      =        27.1047
 1-4 NB =         4.9314  1-4 EEL =       119.4671  VDWAALS    =        -3.5894
 EELEC  =      -151.2390  EGB     =       -23.2686  RESTRAINT  =         0.8176
 ESURF=         1.9584
 EAMBER (non-restraint)  =        -4.8938
 ------------------------------------------------------------------------------

 NMR restraints: Bond =    0.000   Angle =     0.000   Torsion =     0.007
===============================================================================

      R M S  F L U C T U A T I O N S


 NSTEP =   500000   TIME(PS) =    2000.000  TEMP(K) =    47.65  PRESS =     0.0
 Etot   =         5.4294  EKtot   =         3.7402  EPtot      =         3.9047
 BOND   =         1.9500  ANGLE   =         3.0232  DIHED      =         2.2161
 1-4 NB =         0.9681  1-4 EEL =         3.0705  VDWAALS    =         0.7669
 EELEC  =         3.6088  EGB     =         1.6634  RESTRAINT  =         0.9760
 ESURF=         0.0439
 EAMBER (non-restraint)  =         2.9287
 ------------------------------------------------------------------------------


 NMR restraints on final step:


--------------------------------------------------------------------------------
   5.  TIMINGS
--------------------------------------------------------------------------------

|>>>>>>>>PROFILE of Average TIMES>>>>>>>>> 
|                Calc gb radii             26.99 ( 7.70% of Gen B)
|                Communicate gb radii     227.05 (64.82% of Gen B)
|                Calc gb diag              39.01 (11.14% of Gen B)
|                Calc gb off-diag          24.74 ( 7.06% of Gen B)
|                Surface area energy       31.85 ( 9.09% of Gen B)
|                Other                      0.65 ( 0.19% of Gen B)
|             Gen Born time            350.29 (100.0% of Nonbo)
|             IPS excludes               0.08 ( 0.02% of Nonbo)
|          Nonbond force            350.37 (29.42% of Force)
|          Bond/Angle/Dihedral       12.25 ( 1.03% of Force)
|          FRC Collect time         597.98 (50.22% of Force)
|          Other                    230.19 (19.33% of Force)
|       Force time              1190.78 (77.84% of Runmd)
|       Shake time                 1.62 ( 0.11% of Runmd)
|       Verlet update time       264.70 (17.30% of Runmd)
|       CRD distribute time       71.52 ( 4.68% of Runmd)
|       Other                      1.08 ( 0.07% of Runmd)
|    Runmd Time              1529.70 (100.0% of Total)
|    Other                      0.09 ( 0.01% of Total)
| Total time              1529.79 (100.0% of ALL  )

| Number of list builds   :          0

| Highest rstack allocated:          0
| Highest istack allocated:          0

| Final Performance Info:
| -----------------------------------------------------
| Average timings for all steps:
|     Elapsed(s) =    1529.70 Per Step(ms) =       3.06
|         ns/day =      56.48   seconds/ns =    1529.70
| -----------------------------------------------------

|           Job began  at 14:29:30.391  on 08/26/2013
|           Setup done at 14:29:30.483  on 08/26/2013
|           Run   done at 14:55:00.184  on 08/26/2013
|     wallclock() was called18500023 times
