
          -------------------------------------------------------
          Amber 12 SANDER                              2012
          -------------------------------------------------------

| Run on 08/26/2013 at 14:29:30
  [-O]verwriting output

File Assignments:
|  MDIN: run_21.in                                                             
| MDOUT: run_21.out                                                            
|INPCRD: ../1_eq1/run.rst                                                      
|  PARM: parm                                                                  
|RESTRT: run_21.rst                                                            
|  REFC: refc                                                                  
| MDVEL: mdvel                                                                 
|  MDEN: mden                                                                  
| MDCRD: run_21.nc                                                             
|MDINFO: mdinfo                                                                
|  MTMD: mtmd                                                                  
|INPDIP: inpdip                                                                
|RSTDIP: rstdip                                                                

|INPTRA: inptraj                                                               
|
 
 Here is the input file:
 
equilibration with restraint                                                   
 &cntrl                                                                        
   ig=981561,                                                                  
   irest=1, ntx=5,                                                             
   igb=8, gbsa=1,                                                              
   cut=9999.0, rgbmax=9998.0,                                                  
   ntc=2, ntf=1, tol=0.000001,                                                 
   ntt=3, gamma_ln=2.0, temp0=300.0,                                           
   ntb=0, nscm=10000,                                                          
   ioutfm=1,                                                                   
   nstlim=500000, dt=0.002,                                                    
   ntpr=50000, ntwx=50000, ntwv=0, ntwr=500000,                                
   nmropt=1,                                                                   
 /                                                                             
 &wt                                                                           
  type='END',                                                                  
 /                                                                             
DISANG=run_21.disang                                                           
                                                                               

--------------------------------------------------------------------------------
   1.  RESOURCE   USE: 
--------------------------------------------------------------------------------

| Flags: MPI                                                                    
| New format PARM file being parsed.
| Version =    1.000 Date = 04/27/13 Time = 01:42:54
 NATOM  =      32 NTYPES =       7 NBONH =      17 MBONA  =      14
 NTHETH =      36 MTHETA =      18 NPHIH =      64 MPHIA  =      45
 NHPARM =       0 NPARM  =       0 NNB   =     152 NRES   =       4
 NBONA  =      14 NTHETA =      18 NPHIA =      45 NUMBND =      11
 NUMANG =      21 NPTRA  =      20 NATYP =       8 NPHB   =       0
 IFBOX  =       0 NMXRS  =      10 IFCAP =       0 NEXTRA =       0
 NCOPY  =       0

 Implicit solvent radii are ArgH and AspGluO modified Bondi2 radii (mbondi3)                                
 Replacing prmtop screening parameters with GBn2 (igb=8) values

|     Memory Use     Allocated
|     Real                2330
|     Hollerith            102
|     Integer            23034
|     Max Pairs              1
|     nblistReal             0
|     nblist Int             0
|       Total              108 kbytes

| Note: 1-4 EEL scale factors are being read from the topology file.

| Note: 1-4 VDW scale factors are being read from the topology file.
| Duplicated    0 dihedrals
| Duplicated    0 dihedrals

--------------------------------------------------------------------------------
   2.  CONTROL  DATA  FOR  THE  RUN
--------------------------------------------------------------------------------

ACE                                                                             

General flags:
     imin    =       0, nmropt  =       1

Nature and format of input:
     ntx     =       5, irest   =       1, ntrx    =       1

Nature and format of output:
     ntxo    =       1, ntpr    =   50000, ntrx    =       1, ntwr    =  500000
     iwrap   =       0, ntwx    =   50000, ntwv    =       0, ntwe    =       0
     ioutfm  =       1, ntwprt  =       0, idecomp =       0, rbornstat=      0

Potential function:
     ntf     =       1, ntb     =       0, igb     =       8, nsnb    =      25
     ipol    =       0, gbsa    =       1, iesp    =       0
     dielc   =   1.00000, cut     =9999.00000, intdiel =   1.00000
     saltcon =   0.00000, offset  =   0.19514, surften =   0.00500
     rdt     =   0.00000, rgbmax  =9998.00000  extdiel =  78.50000
     alpb  =        0
     gbalphaH  =   0.78844, gbbetaH   =   0.79870,  gbgammaH  =    0.43733
     gbalphaC  =   0.73376, gbbetaC   =   0.50638,  gbgammaC  =    0.20584
     gbalphaN  =   0.50336, gbbetaN   =   0.31683,  gbgammaN  =    0.19292
     gbalphaOS =   0.86781, gbbetaOS  =   0.87664,  gbgammaOS =    0.38788
     gbalphaP  =   1.00000, gbbetaP   =   0.80000,  gbgammaP  =    4.85000

Frozen or restrained atoms:
     ibelly  =       0, ntr     =       0

Molecular dynamics:
     nstlim  =    500000, nscm    =     10000, nrespa  =         1
     t       =   0.00000, dt      =   0.00200, vlimit  =  20.00000

Langevin dynamics temperature regulation:
     ig      =  981561
     temp0   = 300.00000, tempi   =   0.00000, gamma_ln=   2.00000

SHAKE:
     ntc     =       2, jfastw  =       0
     tol     =   0.00000

NMR refinement options:
     iscale  =       0, noeskp  =       1, ipnlty  =       1, mxsub   =       1
     scalm   = 100.00000, pencut  =   0.10000, tausw   =   0.10000

| MPI Timing options:
|      profile_mpi =        0
|  INFO: Old style inpcrd file read


--------------------------------------------------------------------------------
   3.  ATOMIC COORDINATES AND VELOCITIES
--------------------------------------------------------------------------------

ACE                                                                             
 begin time read from input coords =  1000.000 ps



           Begin reading energy term weight changes/NMR restraints
 WEIGHT CHANGES:
                         ** No weight changes given **

 RESTRAINTS:
 Requested file redirections:
  DISANG    = run_21.disang
 Restraints will be read from file: run_21.disang
Here are comments from the DISANG input file:

                       Number of restraints read =     2

                  Done reading weight changes/NMR restraints


 Number of triangulated 3-point waters found:        0
|  Atom division among processors:
|         0      16      32
|  Running AMBER/MPI version on    2 nodes


--------------------------------------------------------------------------------
   4.  RESULTS
--------------------------------------------------------------------------------

|  # of SOLUTE  degrees of freedom (RNDFP):      79.
|  # of SOLVENT degrees of freedom (RNDFS):       0.
|  NDFMIN =      79.     NUM_NOSHAKE =      0     CORRECTED RNDFP =      79.
|  TOTAL # of degrees of freedom (RNDF) =      79.
| RE_POSITION Moving by  -0.021046  4.850568  1.498214
| RE_POSITION Moving by  -0.831959  1.236665  7.147274
| RE_POSITION Moving by   0.111073  7.262823  2.081623
| RE_POSITION Moving by   3.963446  1.664376  3.537048
| RE_POSITION Moving by   3.292752  4.747243  8.524328

 NSTEP =    50000   TIME(PS) =    1100.000  TEMP(K) =   303.40  PRESS =     0.0
 Etot   =        22.3921  EKtot   =        23.8149  EPtot      =        -1.4229
 BOND   =         6.0961  ANGLE   =        19.7826  DIHED      =        25.5142
 1-4 NB =         3.6994  1-4 EEL =       110.2758  VDWAALS    =        -2.4250
 EELEC  =      -141.4304  EGB     =       -25.1531  RESTRAINT  =         0.2334
 ESURF=         1.9841
 EAMBER (non-restraint)  =        -1.6563
 ------------------------------------------------------------------------------

 NMR restraints: Bond =    0.000   Angle =     0.000   Torsion =     0.233
===============================================================================
| RE_POSITION Moving by  -4.360660  8.826203  2.368281
| RE_POSITION Moving by   3.585275  8.618936 -1.447531
| RE_POSITION Moving by   1.928245  0.343152 -6.768750
| RE_POSITION Moving by  -2.408455 -6.041996 -3.986300
| RE_POSITION Moving by   9.204567  2.001112  7.510100

 NSTEP =   100000   TIME(PS) =    1200.000  TEMP(K) =   269.44  PRESS =     0.0
 Etot   =        18.3712  EKtot   =        21.1497  EPtot      =        -2.7785
 BOND   =         5.4118  ANGLE   =        17.0759  DIHED      =        26.8714
 1-4 NB =         4.4889  1-4 EEL =       111.6695  VDWAALS    =        -2.9885
 EELEC  =      -143.8295  EGB     =       -24.1158  RESTRAINT  =         0.5971
 ESURF=         2.0406
 EAMBER (non-restraint)  =        -3.3756
 ------------------------------------------------------------------------------

 NMR restraints: Bond =    0.000   Angle =     0.000   Torsion =     0.597
===============================================================================
| RE_POSITION Moving by   3.609772 -2.082992  5.369377
| RE_POSITION Moving by   8.521989  1.741422 -4.278690
| RE_POSITION Moving by  -7.261480  0.289031  0.399048
| RE_POSITION Moving by  -7.764426  3.816600  2.892446
| RE_POSITION Moving by   7.547097 -3.054103  2.684193

 NSTEP =   150000   TIME(PS) =    1300.000  TEMP(K) =   332.01  PRESS =     0.0
 Etot   =        20.3703  EKtot   =        26.0609  EPtot      =        -5.6906
 BOND   =         6.7091  ANGLE   =        18.9790  DIHED      =        23.1711
 1-4 NB =         2.6784  1-4 EEL =       110.8215  VDWAALS    =        -3.3060
 EELEC  =      -138.8496  EGB     =       -27.9123  RESTRAINT  =         0.0015
 ESURF=         2.0166
 EAMBER (non-restraint)  =        -5.6922
 ------------------------------------------------------------------------------

 NMR restraints: Bond =    0.000   Angle =     0.000   Torsion =     0.002
===============================================================================
| RE_POSITION Moving by   3.824420 -2.211120  1.753440
| RE_POSITION Moving by   3.815416  1.122125  2.772052
| RE_POSITION Moving by  -3.785630  0.522081 -7.151862
| RE_POSITION Moving by  -3.866738  0.530423 -1.034587
| RE_POSITION Moving by   4.269335  1.038945 -5.908561

 NSTEP =   200000   TIME(PS) =    1400.000  TEMP(K) =   319.16  PRESS =     0.0
 Etot   =        25.9862  EKtot   =        25.0524  EPtot      =         0.9338
 BOND   =         5.1422  ANGLE   =        18.5600  DIHED      =        25.2840
 1-4 NB =         6.3238  1-4 EEL =       115.7325  VDWAALS    =        -1.5074
 EELEC  =      -143.6740  EGB     =       -27.0625  RESTRAINT  =         0.2274
 ESURF=         1.9080
 EAMBER (non-restraint)  =         0.7064
 ------------------------------------------------------------------------------

 NMR restraints: Bond =    0.000   Angle =     0.000   Torsion =     0.227
===============================================================================
| RE_POSITION Moving by   0.362641 -0.542102 -0.039026
| RE_POSITION Moving by  -1.171279 -5.909871 -3.257319
| RE_POSITION Moving by  -4.925539  3.237394  4.532781
| RE_POSITION Moving by   7.042653  0.071132  3.301848
| RE_POSITION Moving by  -4.085058  0.934575 -3.692337

 NSTEP =   250000   TIME(PS) =    1500.000  TEMP(K) =   349.80  PRESS =     0.0
 Etot   =        24.8853  EKtot   =        27.4569  EPtot      =        -2.5715
 BOND   =         3.6342  ANGLE   =        15.1775  DIHED      =        26.9856
 1-4 NB =         5.5058  1-4 EEL =       117.2668  VDWAALS    =        -3.4906
 EELEC  =      -144.5275  EGB     =       -25.0819  RESTRAINT  =         0.0265
 ESURF=         1.9319
 EAMBER (non-restraint)  =        -2.5981
 ------------------------------------------------------------------------------

 NMR restraints: Bond =    0.000   Angle =     0.000   Torsion =     0.027
===============================================================================
| RE_POSITION Moving by  -6.770766  1.281068 -2.623662
| RE_POSITION Moving by  -2.033621 -6.868008  6.220077
| RE_POSITION Moving by   4.133523 -0.013714  3.146713
| RE_POSITION Moving by  -3.298057 -1.394558  7.859345
| RE_POSITION Moving by   1.353601 -8.631447-10.275845

 NSTEP =   300000   TIME(PS) =    1600.000  TEMP(K) =   338.43  PRESS =     0.0
 Etot   =        22.6464  EKtot   =        26.5651  EPtot      =        -3.9187
 BOND   =         5.3424  ANGLE   =        15.7397  DIHED      =        25.5501
 1-4 NB =         4.5681  1-4 EEL =       112.4575  VDWAALS    =        -2.3948
 EELEC  =      -140.6887  EGB     =       -26.4648  RESTRAINT  =         0.0015
 ESURF=         1.9704
 EAMBER (non-restraint)  =        -3.9202
 ------------------------------------------------------------------------------

 NMR restraints: Bond =    0.000   Angle =     0.000   Torsion =     0.001
===============================================================================
| RE_POSITION Moving by   3.733330 -2.466007 -7.503902
| RE_POSITION Moving by  -7.348366 -4.215864 -4.900640
| RE_POSITION Moving by  -6.104444  1.392346  5.698568
| RE_POSITION Moving by  -0.891129 -3.537098  2.266528
| RE_POSITION Moving by  11.225428-11.036167 -0.971148

 NSTEP =   350000   TIME(PS) =    1700.000  TEMP(K) =   213.71  PRESS =     0.0
 Etot   =         8.7656  EKtot   =        16.7749  EPtot      =        -8.0094
 BOND   =         2.2097  ANGLE   =        17.2676  DIHED      =        25.7700
 1-4 NB =         3.7542  1-4 EEL =       109.5473  VDWAALS    =        -4.5181
 EELEC  =      -140.6257  EGB     =       -23.6888  RESTRAINT  =         0.3530
 ESURF=         1.9214
 EAMBER (non-restraint)  =        -8.3623
 ------------------------------------------------------------------------------

 NMR restraints: Bond =    0.000   Angle =     0.000   Torsion =     0.353
===============================================================================
| RE_POSITION Moving by  -3.246280  0.466568 -2.712043
| RE_POSITION Moving by  -0.316218  1.631220 -1.953936
| RE_POSITION Moving by  -7.396394 -7.642370  0.821934
| RE_POSITION Moving by  -5.634114  3.517279 -6.638472
| RE_POSITION Moving by  -3.007880  0.145859 -4.222195

 NSTEP =   400000   TIME(PS) =    1800.000  TEMP(K) =   282.10  PRESS =     0.0
 Etot   =        16.2250  EKtot   =        22.1434  EPtot      =        -5.9184
 BOND   =         4.3947  ANGLE   =        14.5074  DIHED      =        24.6894
 1-4 NB =         4.9579  1-4 EEL =       106.7353  VDWAALS    =        -2.7344
 EELEC  =      -137.3861  EGB     =       -23.6407  RESTRAINT  =         0.5736
 ESURF=         1.9844
 EAMBER (non-restraint)  =        -6.4921
 ------------------------------------------------------------------------------

 NMR restraints: Bond =    0.000   Angle =     0.000   Torsion =     0.574
===============================================================================
| RE_POSITION Moving by   5.097989 -9.100383 -4.083013
| RE_POSITION Moving by  -8.553560  0.118862 -1.408148
| RE_POSITION Moving by  -4.092665  3.250064  1.677700
| RE_POSITION Moving by  -0.789279 -0.894756  3.634481
| RE_POSITION Moving by  -6.051300 -7.094510  2.822455

 NSTEP =   450000   TIME(PS) =    1900.000  TEMP(K) =   372.76  PRESS =     0.0
 Etot   =        18.4988  EKtot   =        29.2592  EPtot      =       -10.7603
 BOND   =         5.9613  ANGLE   =        13.1278  DIHED      =        23.2753
 1-4 NB =         3.0453  1-4 EEL =       112.3271  VDWAALS    =        -3.6401
 EELEC  =      -143.1284  EGB     =       -24.1797  RESTRAINT  =         0.5034
 ESURF=         1.9476
 EAMBER (non-restraint)  =       -11.2637
 ------------------------------------------------------------------------------

 NMR restraints: Bond =    0.000   Angle =     0.000   Torsion =     0.503
===============================================================================
| RE_POSITION Moving by   4.868728  1.493570 -1.782461
| RE_POSITION Moving by  -5.820446  5.316668 -0.347533
| RE_POSITION Moving by   1.733507 -4.154849  2.198298
| RE_POSITION Moving by  -2.890571  2.052685 -0.242133
| RE_POSITION Moving by  -2.871137  4.395145  3.172062

 NSTEP =   500000   TIME(PS) =    2000.000  TEMP(K) =   241.04  PRESS =     0.0
 Etot   =        14.3287  EKtot   =        18.9204  EPtot      =        -4.5917
 BOND   =         7.8504  ANGLE   =        12.6099  DIHED      =        24.3402
 1-4 NB =         4.3415  1-4 EEL =       113.9246  VDWAALS    =        -2.1093
 EELEC  =      -138.9971  EGB     =       -29.4335  RESTRAINT  =         0.9208
 ESURF=         1.9608
 EAMBER (non-restraint)  =        -5.5125
 ------------------------------------------------------------------------------

 NMR restraints: Bond =    0.000   Angle =     0.000   Torsion =     0.921
===============================================================================

      A V E R A G E S   O V E R  500000 S T E P S


 NSTEP =   500000   TIME(PS) =    2000.000  TEMP(K) =   301.38  PRESS =     0.0
 Etot   =        18.8197  EKtot   =        23.6564  EPtot      =        -4.8367
 BOND   =         5.5411  ANGLE   =        15.7810  DIHED      =        25.0494
 1-4 NB =         4.6635  1-4 EEL =       111.9500  VDWAALS    =        -3.1926
 EELEC  =      -142.6567  EGB     =       -24.4562  RESTRAINT  =         0.5327
 ESURF=         1.9511
 EAMBER (non-restraint)  =        -5.3694
 ------------------------------------------------------------------------------

 NMR restraints: Bond =    0.000   Angle =     0.000   Torsion =     0.921
===============================================================================

      R M S  F L U C T U A T I O N S


 NSTEP =   500000   TIME(PS) =    2000.000  TEMP(K) =    47.93  PRESS =     0.0
 Etot   =         5.4282  EKtot   =         3.7623  EPtot      =         3.9655
 BOND   =         2.0294  ANGLE   =         3.2015  DIHED      =         1.6767
 1-4 NB =         0.9743  1-4 EEL =         3.1169  VDWAALS    =         0.8627
 EELEC  =         3.6253  EGB     =         2.6234  RESTRAINT  =         1.4083
 ESURF=         0.0412
 EAMBER (non-restraint)  =         2.5571
 ------------------------------------------------------------------------------


 NMR restraints on final step:


--------------------------------------------------------------------------------
   5.  TIMINGS
--------------------------------------------------------------------------------

|>>>>>>>>PROFILE of Average TIMES>>>>>>>>> 
|                Calc gb radii             27.14 ( 7.64% of Gen B)
|                Communicate gb radii     228.72 (64.38% of Gen B)
|                Calc gb diag              39.08 (11.00% of Gen B)
|                Calc gb off-diag          24.75 ( 6.97% of Gen B)
|                Surface area energy       34.94 ( 9.83% of Gen B)
|                Other                      0.65 ( 0.18% of Gen B)
|             Gen Born time            355.28 (100.0% of Nonbo)
|             IPS excludes               0.09 ( 0.02% of Nonbo)
|          Nonbond force            355.37 (29.38% of Force)
|          Bond/Angle/Dihedral       12.08 ( 1.00% of Force)
|          FRC Collect time         608.15 (50.27% of Force)
|          Other                    234.08 (19.35% of Force)
|       Force time              1209.67 (77.83% of Runmd)
|       Shake time                 1.63 ( 0.10% of Runmd)
|       Verlet update time       269.54 (17.34% of Runmd)
|       CRD distribute time       72.22 ( 4.65% of Runmd)
|       Other                      1.13 ( 0.07% of Runmd)
|    Runmd Time              1554.19 (100.0% of Total)
| Total time              1554.26 (100.0% of ALL  )

| Number of list builds   :          0

| Highest rstack allocated:          0
| Highest istack allocated:          0

| Final Performance Info:
| -----------------------------------------------------
| Average timings for all steps:
|     Elapsed(s) =    1554.19 Per Step(ms) =       3.11
|         ns/day =      55.59   seconds/ns =    1554.19
| -----------------------------------------------------

|           Job began  at 14:29:30.520  on 08/26/2013
|           Setup done at 14:29:30.602  on 08/26/2013
|           Run   done at 14:55:24.788  on 08/26/2013
|     wallclock() was called18500023 times
