
          -------------------------------------------------------
          Amber 12 SANDER                              2012
          -------------------------------------------------------

| Run on 08/26/2013 at 14:29:30
  [-O]verwriting output

File Assignments:
|  MDIN: run_132.in                                                            
| MDOUT: run_132.out                                                           
|INPCRD: ../1_eq1/run.rst                                                      
|  PARM: parm                                                                  
|RESTRT: run_132.rst                                                           
|  REFC: refc                                                                  
| MDVEL: mdvel                                                                 
|  MDEN: mden                                                                  
| MDCRD: run_132.nc                                                            
|MDINFO: mdinfo                                                                
|  MTMD: mtmd                                                                  
|INPDIP: inpdip                                                                
|RSTDIP: rstdip                                                                

|INPTRA: inptraj                                                               
|
 
 Here is the input file:
 
equilibration with restraint                                                   
 &cntrl                                                                        
   ig=216,                                                                     
   irest=1, ntx=5,                                                             
   igb=8, gbsa=1,                                                              
   cut=9999.0, rgbmax=9998.0,                                                  
   ntc=2, ntf=1, tol=0.000001,                                                 
   ntt=3, gamma_ln=2.0, temp0=300.0,                                           
   ntb=0, nscm=10000,                                                          
   ioutfm=1,                                                                   
   nstlim=500000, dt=0.002,                                                    
   ntpr=50000, ntwx=50000, ntwv=0, ntwr=500000,                                
   nmropt=1,                                                                   
 /                                                                             
 &wt                                                                           
  type='END',                                                                  
 /                                                                             
DISANG=run_132.disang                                                          
                                                                               

--------------------------------------------------------------------------------
   1.  RESOURCE   USE: 
--------------------------------------------------------------------------------

| Flags: MPI                                                                    
| New format PARM file being parsed.
| Version =    1.000 Date = 04/27/13 Time = 01:42:54
 NATOM  =      32 NTYPES =       7 NBONH =      17 MBONA  =      14
 NTHETH =      36 MTHETA =      18 NPHIH =      64 MPHIA  =      45
 NHPARM =       0 NPARM  =       0 NNB   =     152 NRES   =       4
 NBONA  =      14 NTHETA =      18 NPHIA =      45 NUMBND =      11
 NUMANG =      21 NPTRA  =      20 NATYP =       8 NPHB   =       0
 IFBOX  =       0 NMXRS  =      10 IFCAP =       0 NEXTRA =       0
 NCOPY  =       0

 Implicit solvent radii are ArgH and AspGluO modified Bondi2 radii (mbondi3)                                
 Replacing prmtop screening parameters with GBn2 (igb=8) values

|     Memory Use     Allocated
|     Real                2330
|     Hollerith            102
|     Integer            23034
|     Max Pairs              1
|     nblistReal             0
|     nblist Int             0
|       Total              108 kbytes

| Note: 1-4 EEL scale factors are being read from the topology file.

| Note: 1-4 VDW scale factors are being read from the topology file.
| Duplicated    0 dihedrals
| Duplicated    0 dihedrals

--------------------------------------------------------------------------------
   2.  CONTROL  DATA  FOR  THE  RUN
--------------------------------------------------------------------------------

ACE                                                                             

General flags:
     imin    =       0, nmropt  =       1

Nature and format of input:
     ntx     =       5, irest   =       1, ntrx    =       1

Nature and format of output:
     ntxo    =       1, ntpr    =   50000, ntrx    =       1, ntwr    =  500000
     iwrap   =       0, ntwx    =   50000, ntwv    =       0, ntwe    =       0
     ioutfm  =       1, ntwprt  =       0, idecomp =       0, rbornstat=      0

Potential function:
     ntf     =       1, ntb     =       0, igb     =       8, nsnb    =      25
     ipol    =       0, gbsa    =       1, iesp    =       0
     dielc   =   1.00000, cut     =9999.00000, intdiel =   1.00000
     saltcon =   0.00000, offset  =   0.19514, surften =   0.00500
     rdt     =   0.00000, rgbmax  =9998.00000  extdiel =  78.50000
     alpb  =        0
     gbalphaH  =   0.78844, gbbetaH   =   0.79870,  gbgammaH  =    0.43733
     gbalphaC  =   0.73376, gbbetaC   =   0.50638,  gbgammaC  =    0.20584
     gbalphaN  =   0.50336, gbbetaN   =   0.31683,  gbgammaN  =    0.19292
     gbalphaOS =   0.86781, gbbetaOS  =   0.87664,  gbgammaOS =    0.38788
     gbalphaP  =   1.00000, gbbetaP   =   0.80000,  gbgammaP  =    4.85000

Frozen or restrained atoms:
     ibelly  =       0, ntr     =       0

Molecular dynamics:
     nstlim  =    500000, nscm    =     10000, nrespa  =         1
     t       =   0.00000, dt      =   0.00200, vlimit  =  20.00000

Langevin dynamics temperature regulation:
     ig      =     216
     temp0   = 300.00000, tempi   =   0.00000, gamma_ln=   2.00000

SHAKE:
     ntc     =       2, jfastw  =       0
     tol     =   0.00000

NMR refinement options:
     iscale  =       0, noeskp  =       1, ipnlty  =       1, mxsub   =       1
     scalm   = 100.00000, pencut  =   0.10000, tausw   =   0.10000

| MPI Timing options:
|      profile_mpi =        0
|  INFO: Old style inpcrd file read


--------------------------------------------------------------------------------
   3.  ATOMIC COORDINATES AND VELOCITIES
--------------------------------------------------------------------------------

ACE                                                                             
 begin time read from input coords =  1000.000 ps



           Begin reading energy term weight changes/NMR restraints
 WEIGHT CHANGES:
                         ** No weight changes given **

 RESTRAINTS:
 Requested file redirections:
  DISANG    = run_132.disang
 Restraints will be read from file: run_132.disang
Here are comments from the DISANG input file:

                       Number of restraints read =     2

                  Done reading weight changes/NMR restraints


 Number of triangulated 3-point waters found:        0
|  Atom division among processors:
|         0      16      32
|  Running AMBER/MPI version on    2 nodes


--------------------------------------------------------------------------------
   4.  RESULTS
--------------------------------------------------------------------------------

|  # of SOLUTE  degrees of freedom (RNDFP):      79.
|  # of SOLVENT degrees of freedom (RNDFS):       0.
|  NDFMIN =      79.     NUM_NOSHAKE =      0     CORRECTED RNDFP =      79.
|  TOTAL # of degrees of freedom (RNDF) =      79.
| RE_POSITION Moving by  -1.052035 -8.197849  3.228921
| RE_POSITION Moving by  -4.950565  6.218460 -0.629038
| RE_POSITION Moving by  -7.768765  0.939854 11.627864
| RE_POSITION Moving by  -6.145286  1.474133 -2.468074
| RE_POSITION Moving by  -1.927914 -0.925600  0.988449

 NSTEP =    50000   TIME(PS) =    1100.000  TEMP(K) =   308.90  PRESS =     0.0
 Etot   =        19.3467  EKtot   =        24.2470  EPtot      =        -4.9003
 BOND   =         7.0613  ANGLE   =        15.3995  DIHED      =        23.4307
 1-4 NB =         3.7549  1-4 EEL =       121.7389  VDWAALS    =        -3.4086
 EELEC  =      -151.8829  EGB     =       -24.0057  RESTRAINT  =         0.9849
 ESURF=         2.0269
 EAMBER (non-restraint)  =        -5.8852
 ------------------------------------------------------------------------------

 NMR restraints: Bond =    0.000   Angle =     0.000   Torsion =     0.985
===============================================================================
| RE_POSITION Moving by   2.023871 -3.109091 -3.471221
| RE_POSITION Moving by  -0.767350  2.463477 -3.768897
| RE_POSITION Moving by  -0.237554  2.661687  2.018541
| RE_POSITION Moving by  -3.217495  5.415203  1.242864
| RE_POSITION Moving by  -2.601713  2.694937 -2.535368

 NSTEP =   100000   TIME(PS) =    1200.000  TEMP(K) =   362.71  PRESS =     0.0
 Etot   =        24.2532  EKtot   =        28.4704  EPtot      =        -4.2172
 BOND   =         3.5087  ANGLE   =        16.4604  DIHED      =        27.4855
 1-4 NB =         5.5604  1-4 EEL =       116.2212  VDWAALS    =        -4.3321
 EELEC  =      -145.7680  EGB     =       -25.2700  RESTRAINT  =         0.0008
 ESURF=         1.9159
 EAMBER (non-restraint)  =        -4.2180
 ------------------------------------------------------------------------------

 NMR restraints: Bond =    0.000   Angle =     0.000   Torsion =     0.001
===============================================================================
| RE_POSITION Moving by  -2.980276 -0.383433  5.220861
| RE_POSITION Moving by   5.956626 -5.559359 -1.169698
| RE_POSITION Moving by  -2.868039 -1.934492 -2.697569
| RE_POSITION Moving by   2.422310  3.811623  0.223533
| RE_POSITION Moving by  -6.386267 -1.982040  3.530916

 NSTEP =   150000   TIME(PS) =    1300.000  TEMP(K) =   273.18  PRESS =     0.0
 Etot   =        12.1019  EKtot   =        21.4432  EPtot      =        -9.3413
 BOND   =         5.3832  ANGLE   =        14.1636  DIHED      =        24.9174
 1-4 NB =         3.5625  1-4 EEL =       116.7707  VDWAALS    =        -3.8169
 EELEC  =      -148.8726  EGB     =       -23.4322  RESTRAINT  =         0.0199
 ESURF=         1.9632
 EAMBER (non-restraint)  =        -9.3612
 ------------------------------------------------------------------------------

 NMR restraints: Bond =    0.000   Angle =     0.000   Torsion =     0.020
===============================================================================
| RE_POSITION Moving by   1.191185  4.360807 -0.325188
| RE_POSITION Moving by  -2.062088  0.733902  0.216127
| RE_POSITION Moving by  -5.254178 -4.453901 -7.337072
| RE_POSITION Moving by   2.627224 -6.503999  6.555994
| RE_POSITION Moving by  -3.476035  7.421070  1.113184

 NSTEP =   200000   TIME(PS) =    1400.000  TEMP(K) =   236.12  PRESS =     0.0
 Etot   =        12.9930  EKtot   =        18.5342  EPtot      =        -5.5412
 BOND   =         9.6588  ANGLE   =        11.0448  DIHED      =        27.3576
 1-4 NB =         4.6790  1-4 EEL =       117.4859  VDWAALS    =        -5.4284
 EELEC  =      -151.8912  EGB     =       -21.2124  RESTRAINT  =         0.9082
 ESURF=         1.8565
 EAMBER (non-restraint)  =        -6.4494
 ------------------------------------------------------------------------------

 NMR restraints: Bond =    0.000   Angle =     0.000   Torsion =     0.908
===============================================================================
| RE_POSITION Moving by   4.939343 -5.438731 -1.525833
| RE_POSITION Moving by   4.601936 -5.522599 12.141466
| RE_POSITION Moving by  -3.778971  1.647697  5.307113
| RE_POSITION Moving by   0.021557 -1.475997 11.052448
| RE_POSITION Moving by  -1.947894 -1.303185 -1.280679

 NSTEP =   250000   TIME(PS) =    1500.000  TEMP(K) =   230.23  PRESS =     0.0
 Etot   =         8.4205  EKtot   =        18.0714  EPtot      =        -9.6509
 BOND   =         4.5384  ANGLE   =        12.7997  DIHED      =        25.7225
 1-4 NB =         4.1639  1-4 EEL =       118.8727  VDWAALS    =        -3.8327
 EELEC  =      -148.8858  EGB     =       -25.1899  RESTRAINT  =         0.1863
 ESURF=         1.9739
 EAMBER (non-restraint)  =        -9.8373
 ------------------------------------------------------------------------------

 NMR restraints: Bond =    0.000   Angle =     0.000   Torsion =     0.186
===============================================================================
| RE_POSITION Moving by -10.271187 -2.936681  0.935189
| RE_POSITION Moving by   0.458051  0.168701 -4.996656
| RE_POSITION Moving by   3.135019 -3.299662 -3.209972
| RE_POSITION Moving by  -1.244723  0.979307  0.996305
| RE_POSITION Moving by  -8.800348  2.117193  3.431445

 NSTEP =   300000   TIME(PS) =    1600.000  TEMP(K) =   312.87  PRESS =     0.0
 Etot   =        22.6943  EKtot   =        24.5587  EPtot      =        -1.8645
 BOND   =         8.1263  ANGLE   =        16.0206  DIHED      =        24.7242
 1-4 NB =         5.4721  1-4 EEL =       116.3829  VDWAALS    =        -3.4065
 EELEC  =      -148.3837  EGB     =       -23.7858  RESTRAINT  =         0.9954
 ESURF=         1.9900
 EAMBER (non-restraint)  =        -2.8599
 ------------------------------------------------------------------------------

 NMR restraints: Bond =    0.000   Angle =     0.000   Torsion =     0.995
===============================================================================
| RE_POSITION Moving by   0.459903  2.293932  3.123912
| RE_POSITION Moving by   1.774670 -3.720269  4.214538
| RE_POSITION Moving by  -6.339094 -0.836142 -0.127283
| RE_POSITION Moving by   1.514402 -2.358619  5.338013
| RE_POSITION Moving by   1.686617  2.114362  3.241542

 NSTEP =   350000   TIME(PS) =    1700.000  TEMP(K) =   306.55  PRESS =     0.0
 Etot   =        14.9059  EKtot   =        24.0627  EPtot      =        -9.1568
 BOND   =         2.4895  ANGLE   =        12.2779  DIHED      =        24.8863
 1-4 NB =         6.5069  1-4 EEL =       123.8393  VDWAALS    =        -5.0277
 EELEC  =      -153.7927  EGB     =       -22.6802  RESTRAINT  =         0.4549
 ESURF=         1.8889
 EAMBER (non-restraint)  =        -9.6117
 ------------------------------------------------------------------------------

 NMR restraints: Bond =    0.000   Angle =     0.000   Torsion =     0.455
===============================================================================
| RE_POSITION Moving by  -8.331128  5.443683 -4.011127
| RE_POSITION Moving by  -4.585442 -8.823749 -2.642229
| RE_POSITION Moving by   0.801428  8.129282 -4.657548
| RE_POSITION Moving by   1.032098  5.207155 -2.869729
| RE_POSITION Moving by   3.220089  3.332546 -4.429281

 NSTEP =   400000   TIME(PS) =    1800.000  TEMP(K) =   256.46  PRESS =     0.0
 Etot   =        12.4819  EKtot   =        20.1305  EPtot      =        -7.6485
 BOND   =         3.7130  ANGLE   =        12.5717  DIHED      =        27.0229
 1-4 NB =         5.6930  1-4 EEL =       119.7474  VDWAALS    =        -3.7337
 EELEC  =      -155.7024  EGB     =       -20.5216  RESTRAINT  =         1.6245
 ESURF=         1.9368
 EAMBER (non-restraint)  =        -9.2731
 ------------------------------------------------------------------------------

 NMR restraints: Bond =    0.000   Angle =     0.000   Torsion =     1.625
===============================================================================
| RE_POSITION Moving by   0.328009  5.210590 -0.713319
| RE_POSITION Moving by  -8.012895 -9.375029 -0.727830
| RE_POSITION Moving by  -4.224351-11.973829 -5.296305
| RE_POSITION Moving by  -3.145168  1.162482  1.937421
| RE_POSITION Moving by   9.302737  3.977551  5.995776

 NSTEP =   450000   TIME(PS) =    1900.000  TEMP(K) =   306.09  PRESS =     0.0
 Etot   =        17.3099  EKtot   =        24.0266  EPtot      =        -6.7167
 BOND   =         6.3571  ANGLE   =        13.5480  DIHED      =        26.5982
 1-4 NB =         3.9979  1-4 EEL =       117.4669  VDWAALS    =        -3.7427
 EELEC  =      -149.8545  EGB     =       -23.0931  RESTRAINT  =         0.0182
 ESURF=         1.9872
 EAMBER (non-restraint)  =        -6.7350
 ------------------------------------------------------------------------------

 NMR restraints: Bond =    0.000   Angle =     0.000   Torsion =     0.018
===============================================================================
| RE_POSITION Moving by  -2.057242  2.819868 -3.964774
| RE_POSITION Moving by  -5.051803  0.358808 11.081648
| RE_POSITION Moving by  -2.564280 -0.143695 -2.035467
| RE_POSITION Moving by  -3.124912  5.923579 -3.415041
| RE_POSITION Moving by  -2.358083  2.879666 -8.352434

 NSTEP =   500000   TIME(PS) =    2000.000  TEMP(K) =   332.38  PRESS =     0.0
 Etot   =        17.2130  EKtot   =        26.0900  EPtot      =        -8.8770
 BOND   =         3.4169  ANGLE   =        14.4960  DIHED      =        23.0809
 1-4 NB =         3.6127  1-4 EEL =       119.8836  VDWAALS    =        -3.6435
 EELEC  =      -150.0451  EGB     =       -23.5555  RESTRAINT  =         1.9033
 ESURF=         1.9735
 EAMBER (non-restraint)  =       -10.7803
 ------------------------------------------------------------------------------

 NMR restraints: Bond =    0.000   Angle =     0.000   Torsion =     1.903
===============================================================================

      A V E R A G E S   O V E R  500000 S T E P S


 NSTEP =   500000   TIME(PS) =    2000.000  TEMP(K) =   300.23  PRESS =     0.0
 Etot   =        17.3884  EKtot   =        23.5661  EPtot      =        -6.1778
 BOND   =         5.3176  ANGLE   =        14.2770  DIHED      =        25.1961
 1-4 NB =         5.0086  1-4 EEL =       118.9691  VDWAALS    =        -3.5670
 EELEC  =      -150.6608  EGB     =       -23.3834  RESTRAINT  =         0.7089
 ESURF=         1.9564
 EAMBER (non-restraint)  =        -6.8866
 ------------------------------------------------------------------------------

 NMR restraints: Bond =    0.000   Angle =     0.000   Torsion =     1.903
===============================================================================

      R M S  F L U C T U A T I O N S


 NSTEP =   500000   TIME(PS) =    2000.000  TEMP(K) =    48.26  PRESS =     0.0
 Etot   =         5.4158  EKtot   =         3.7878  EPtot      =         3.8343
 BOND   =         1.9538  ANGLE   =         3.0293  DIHED      =         2.0161
 1-4 NB =         0.9845  1-4 EEL =         3.0342  VDWAALS    =         0.7735
 EELEC  =         3.5554  EGB     =         1.6302  RESTRAINT  =         0.8370
 ESURF=         0.0430
 EAMBER (non-restraint)  =         2.9974
 ------------------------------------------------------------------------------


 NMR restraints on final step:


--------------------------------------------------------------------------------
   5.  TIMINGS
--------------------------------------------------------------------------------

|>>>>>>>>PROFILE of Average TIMES>>>>>>>>> 
|                Calc gb radii             26.91 ( 7.71% of Gen B)
|                Communicate gb radii     225.41 (64.56% of Gen B)
|                Calc gb diag              39.11 (11.20% of Gen B)
|                Calc gb off-diag          24.62 ( 7.05% of Gen B)
|                Surface area energy       32.49 ( 9.30% of Gen B)
|                Other                      0.64 ( 0.18% of Gen B)
|             Gen Born time            349.17 (100.0% of Nonbo)
|             IPS excludes               0.09 ( 0.02% of Nonbo)
|          Nonbond force            349.26 (29.29% of Force)
|          Bond/Angle/Dihedral       12.20 ( 1.02% of Force)
|          FRC Collect time         600.30 (50.35% of Force)
|          Other                    230.55 (19.34% of Force)
|       Force time              1192.31 (77.86% of Runmd)
|       Shake time                 1.60 ( 0.10% of Runmd)
|       Verlet update time       265.24 (17.32% of Runmd)
|       CRD distribute time       71.09 ( 4.64% of Runmd)
|       Other                      1.17 ( 0.08% of Runmd)
|    Runmd Time              1531.41 (100.0% of Total)
| Total time              1531.47 (100.0% of ALL  )

| Number of list builds   :          0

| Highest rstack allocated:          0
| Highest istack allocated:          0

| Final Performance Info:
| -----------------------------------------------------
| Average timings for all steps:
|     Elapsed(s) =    1531.41 Per Step(ms) =       3.06
|         ns/day =      56.42   seconds/ns =    1531.41
| -----------------------------------------------------

|           Job began  at 14:29:30.523  on 08/26/2013
|           Setup done at 14:29:30.599  on 08/26/2013
|           Run   done at 14:55:02.009  on 08/26/2013
|     wallclock() was called18500023 times
