
          -------------------------------------------------------
          Amber 12 SANDER                              2012
          -------------------------------------------------------

| Run on 08/26/2013 at 14:29:30
  [-O]verwriting output

File Assignments:
|  MDIN: run_54.in                                                             
| MDOUT: run_54.out                                                            
|INPCRD: ../1_eq1/run.rst                                                      
|  PARM: parm                                                                  
|RESTRT: run_54.rst                                                            
|  REFC: refc                                                                  
| MDVEL: mdvel                                                                 
|  MDEN: mden                                                                  
| MDCRD: run_54.nc                                                             
|MDINFO: mdinfo                                                                
|  MTMD: mtmd                                                                  
|INPDIP: inpdip                                                                
|RSTDIP: rstdip                                                                

|INPTRA: inptraj                                                               
|
 
 Here is the input file:
 
equilibration with restraint                                                   
 &cntrl                                                                        
   ig=975690,                                                                  
   irest=1, ntx=5,                                                             
   igb=8, gbsa=1,                                                              
   cut=9999.0, rgbmax=9998.0,                                                  
   ntc=2, ntf=1, tol=0.000001,                                                 
   ntt=3, gamma_ln=2.0, temp0=300.0,                                           
   ntb=0, nscm=10000,                                                          
   ioutfm=1,                                                                   
   nstlim=500000, dt=0.002,                                                    
   ntpr=50000, ntwx=50000, ntwv=0, ntwr=500000,                                
   nmropt=1,                                                                   
 /                                                                             
 &wt                                                                           
  type='END',                                                                  
 /                                                                             
DISANG=run_54.disang                                                           
                                                                               

--------------------------------------------------------------------------------
   1.  RESOURCE   USE: 
--------------------------------------------------------------------------------

| Flags: MPI                                                                    
| New format PARM file being parsed.
| Version =    1.000 Date = 04/27/13 Time = 01:42:54
 NATOM  =      32 NTYPES =       7 NBONH =      17 MBONA  =      14
 NTHETH =      36 MTHETA =      18 NPHIH =      64 MPHIA  =      45
 NHPARM =       0 NPARM  =       0 NNB   =     152 NRES   =       4
 NBONA  =      14 NTHETA =      18 NPHIA =      45 NUMBND =      11
 NUMANG =      21 NPTRA  =      20 NATYP =       8 NPHB   =       0
 IFBOX  =       0 NMXRS  =      10 IFCAP =       0 NEXTRA =       0
 NCOPY  =       0

 Implicit solvent radii are ArgH and AspGluO modified Bondi2 radii (mbondi3)                                
 Replacing prmtop screening parameters with GBn2 (igb=8) values

|     Memory Use     Allocated
|     Real                2330
|     Hollerith            102
|     Integer            23034
|     Max Pairs              1
|     nblistReal             0
|     nblist Int             0
|       Total              108 kbytes

| Note: 1-4 EEL scale factors are being read from the topology file.

| Note: 1-4 VDW scale factors are being read from the topology file.
| Duplicated    0 dihedrals
| Duplicated    0 dihedrals

--------------------------------------------------------------------------------
   2.  CONTROL  DATA  FOR  THE  RUN
--------------------------------------------------------------------------------

ACE                                                                             

General flags:
     imin    =       0, nmropt  =       1

Nature and format of input:
     ntx     =       5, irest   =       1, ntrx    =       1

Nature and format of output:
     ntxo    =       1, ntpr    =   50000, ntrx    =       1, ntwr    =  500000
     iwrap   =       0, ntwx    =   50000, ntwv    =       0, ntwe    =       0
     ioutfm  =       1, ntwprt  =       0, idecomp =       0, rbornstat=      0

Potential function:
     ntf     =       1, ntb     =       0, igb     =       8, nsnb    =      25
     ipol    =       0, gbsa    =       1, iesp    =       0
     dielc   =   1.00000, cut     =9999.00000, intdiel =   1.00000
     saltcon =   0.00000, offset  =   0.19514, surften =   0.00500
     rdt     =   0.00000, rgbmax  =9998.00000  extdiel =  78.50000
     alpb  =        0
     gbalphaH  =   0.78844, gbbetaH   =   0.79870,  gbgammaH  =    0.43733
     gbalphaC  =   0.73376, gbbetaC   =   0.50638,  gbgammaC  =    0.20584
     gbalphaN  =   0.50336, gbbetaN   =   0.31683,  gbgammaN  =    0.19292
     gbalphaOS =   0.86781, gbbetaOS  =   0.87664,  gbgammaOS =    0.38788
     gbalphaP  =   1.00000, gbbetaP   =   0.80000,  gbgammaP  =    4.85000

Frozen or restrained atoms:
     ibelly  =       0, ntr     =       0

Molecular dynamics:
     nstlim  =    500000, nscm    =     10000, nrespa  =         1
     t       =   0.00000, dt      =   0.00200, vlimit  =  20.00000

Langevin dynamics temperature regulation:
     ig      =  975690
     temp0   = 300.00000, tempi   =   0.00000, gamma_ln=   2.00000

SHAKE:
     ntc     =       2, jfastw  =       0
     tol     =   0.00000

NMR refinement options:
     iscale  =       0, noeskp  =       1, ipnlty  =       1, mxsub   =       1
     scalm   = 100.00000, pencut  =   0.10000, tausw   =   0.10000

| MPI Timing options:
|      profile_mpi =        0
|  INFO: Old style inpcrd file read


--------------------------------------------------------------------------------
   3.  ATOMIC COORDINATES AND VELOCITIES
--------------------------------------------------------------------------------

ACE                                                                             
 begin time read from input coords =  1000.000 ps



           Begin reading energy term weight changes/NMR restraints
 WEIGHT CHANGES:
                         ** No weight changes given **

 RESTRAINTS:
 Requested file redirections:
  DISANG    = run_54.disang
 Restraints will be read from file: run_54.disang
Here are comments from the DISANG input file:

                       Number of restraints read =     2

                  Done reading weight changes/NMR restraints


 Number of triangulated 3-point waters found:        0
|  Atom division among processors:
|         0      16      32
|  Running AMBER/MPI version on    2 nodes


--------------------------------------------------------------------------------
   4.  RESULTS
--------------------------------------------------------------------------------

|  # of SOLUTE  degrees of freedom (RNDFP):      79.
|  # of SOLVENT degrees of freedom (RNDFS):       0.
|  NDFMIN =      79.     NUM_NOSHAKE =      0     CORRECTED RNDFP =      79.
|  TOTAL # of degrees of freedom (RNDF) =      79.
| RE_POSITION Moving by  -5.036683  5.458087 -2.775571
| RE_POSITION Moving by  -3.678390  6.705664 -0.498885
| RE_POSITION Moving by   2.106463  2.383472  5.470981
| RE_POSITION Moving by  -1.443625  3.596217  9.011647
| RE_POSITION Moving by   1.520184  3.364976 -5.305007

 NSTEP =    50000   TIME(PS) =    1100.000  TEMP(K) =   404.67  PRESS =     0.0
 Etot   =        32.1453  EKtot   =        31.7643  EPtot      =         0.3810
 BOND   =         3.5162  ANGLE   =        18.9051  DIHED      =        29.2897
 1-4 NB =         3.6614  1-4 EEL =       106.1254  VDWAALS    =        -3.0812
 EELEC  =      -138.6543  EGB     =       -24.0977  RESTRAINT  =         2.7183
 ESURF=         1.9982
 EAMBER (non-restraint)  =        -2.3373
 ------------------------------------------------------------------------------

 NMR restraints: Bond =    0.000   Angle =     0.000   Torsion =     2.718
===============================================================================
| RE_POSITION Moving by   2.952928  2.818427 -0.688759
| RE_POSITION Moving by   1.570275 -2.788358 -4.095951
| RE_POSITION Moving by   4.398007  4.184432 -2.151893
| RE_POSITION Moving by  -8.840562 -1.444407 -3.560092
| RE_POSITION Moving by   8.914677  2.875813 -3.138771

 NSTEP =   100000   TIME(PS) =    1200.000  TEMP(K) =   299.63  PRESS =     0.0
 Etot   =        21.8443  EKtot   =        23.5194  EPtot      =        -1.6750
 BOND   =         6.2143  ANGLE   =        14.2317  DIHED      =        30.9080
 1-4 NB =         4.4701  1-4 EEL =       112.3687  VDWAALS    =        -4.0614
 EELEC  =      -141.8864  EGB     =       -25.9079  RESTRAINT  =         0.0046
 ESURF=         1.9834
 EAMBER (non-restraint)  =        -1.6797
 ------------------------------------------------------------------------------

 NMR restraints: Bond =    0.000   Angle =     0.000   Torsion =     0.005
===============================================================================
| RE_POSITION Moving by  -0.890689  8.206617  8.229658
| RE_POSITION Moving by  -5.832208 -5.380654 -1.626426
| RE_POSITION Moving by   6.585141 -2.705752 -3.541251
| RE_POSITION Moving by   6.963680 -2.139295 -3.358485
| RE_POSITION Moving by  -5.169813  1.307274 -2.699655

 NSTEP =   150000   TIME(PS) =    1300.000  TEMP(K) =   201.57  PRESS =     0.0
 Etot   =        12.4628  EKtot   =        15.8217  EPtot      =        -3.3588
 BOND   =         3.1487  ANGLE   =        12.7203  DIHED      =        28.7327
 1-4 NB =         5.9683  1-4 EEL =       110.5503  VDWAALS    =        -2.9240
 EELEC  =      -142.6012  EGB     =       -22.8592  RESTRAINT  =         1.9100
 ESURF=         1.9952
 EAMBER (non-restraint)  =        -5.2689
 ------------------------------------------------------------------------------

 NMR restraints: Bond =    0.000   Angle =     0.000   Torsion =     1.910
===============================================================================
| RE_POSITION Moving by  -2.750341  6.370600 -4.788278
| RE_POSITION Moving by  -0.401638  3.768828  2.286032
| RE_POSITION Moving by   7.720375 -7.402448  6.379643
| RE_POSITION Moving by -10.630709 -4.625224  4.887185
| RE_POSITION Moving by   3.168790  4.869458 -0.754939

 NSTEP =   200000   TIME(PS) =    1400.000  TEMP(K) =   240.48  PRESS =     0.0
 Etot   =        20.6373  EKtot   =        18.8762  EPtot      =         1.7611
 BOND   =         6.5409  ANGLE   =        18.5259  DIHED      =        31.5423
 1-4 NB =         4.4884  1-4 EEL =       108.9886  VDWAALS    =        -3.4359
 EELEC  =      -139.5908  EGB     =       -27.2665  RESTRAINT  =         0.0088
 ESURF=         1.9593
 EAMBER (non-restraint)  =         1.7523
 ------------------------------------------------------------------------------

 NMR restraints: Bond =    0.000   Angle =     0.000   Torsion =     0.009
===============================================================================
| RE_POSITION Moving by  -6.088720 -7.093978 -2.560160
| RE_POSITION Moving by   0.015798  0.301294 -1.400947
| RE_POSITION Moving by   0.337084  1.798698 -6.474737
| RE_POSITION Moving by  11.749260 -0.078272 -4.981436
| RE_POSITION Moving by   0.620935  1.489595  0.315598

 NSTEP =   250000   TIME(PS) =    1500.000  TEMP(K) =   324.76  PRESS =     0.0
 Etot   =        29.3020  EKtot   =        25.4915  EPtot      =         3.8105
 BOND   =         5.6928  ANGLE   =        18.0260  DIHED      =        31.3618
 1-4 NB =         4.4721  1-4 EEL =       113.2190  VDWAALS    =        -3.2660
 EELEC  =      -145.7866  EGB     =       -21.8505  RESTRAINT  =         0.0035
 ESURF=         1.9385
 EAMBER (non-restraint)  =         3.8070
 ------------------------------------------------------------------------------

 NMR restraints: Bond =    0.000   Angle =     0.000   Torsion =     0.003
===============================================================================
| RE_POSITION Moving by   0.775694  3.140756  2.443785
| RE_POSITION Moving by   0.278971 -7.318961 -2.253160
| RE_POSITION Moving by   0.783093 -1.980765 -1.120259
| RE_POSITION Moving by  -8.326539 -3.919202  1.378370
| RE_POSITION Moving by   4.156426 11.584796  1.554446

 NSTEP =   300000   TIME(PS) =    1600.000  TEMP(K) =   258.39  PRESS =     0.0
 Etot   =        14.6845  EKtot   =        20.2822  EPtot      =        -5.5977
 BOND   =         5.0751  ANGLE   =        13.2299  DIHED      =        29.8063
 1-4 NB =         4.4259  1-4 EEL =       103.4301  VDWAALS    =        -4.7352
 EELEC  =      -137.6130  EGB     =       -21.2733  RESTRAINT  =         0.1809
 ESURF=         1.8756
 EAMBER (non-restraint)  =        -5.7786
 ------------------------------------------------------------------------------

 NMR restraints: Bond =    0.000   Angle =     0.000   Torsion =     0.181
===============================================================================
| RE_POSITION Moving by  -7.874358-11.170851 -2.907320
| RE_POSITION Moving by   0.995320  1.597192  0.979694
| RE_POSITION Moving by   8.674262 -3.798262 -0.899354
| RE_POSITION Moving by   1.454368 -3.893251  5.469397
| RE_POSITION Moving by  -7.173882 -2.168007  0.127071

 NSTEP =   350000   TIME(PS) =    1700.000  TEMP(K) =   323.65  PRESS =     0.0
 Etot   =        23.9107  EKtot   =        25.4048  EPtot      =        -1.4941
 BOND   =         5.5540  ANGLE   =        11.1921  DIHED      =        32.6687
 1-4 NB =         4.1156  1-4 EEL =       111.8730  VDWAALS    =        -3.5297
 EELEC  =      -141.4463  EGB     =       -24.0515  RESTRAINT  =         0.1250
 ESURF=         2.0050
 EAMBER (non-restraint)  =        -1.6190
 ------------------------------------------------------------------------------

 NMR restraints: Bond =    0.000   Angle =     0.000   Torsion =     0.125
===============================================================================
| RE_POSITION Moving by   6.163035  9.806578 -2.783959
| RE_POSITION Moving by  -3.529530 -4.407661  0.594496
| RE_POSITION Moving by   0.729081 -3.619067 -3.400228
| RE_POSITION Moving by  -6.392824 -3.631140  4.674992
| RE_POSITION Moving by  -2.413478  0.495945 -0.559045

 NSTEP =   400000   TIME(PS) =    1800.000  TEMP(K) =   284.44  PRESS =     0.0
 Etot   =        24.9714  EKtot   =        22.3272  EPtot      =         2.6442
 BOND   =         6.8483  ANGLE   =        13.5079  DIHED      =        31.8853
 1-4 NB =         4.6945  1-4 EEL =       112.8394  VDWAALS    =        -2.3854
 EELEC  =      -138.4844  EGB     =       -28.8923  RESTRAINT  =         0.7316
 ESURF=         1.8992
 EAMBER (non-restraint)  =         1.9126
 ------------------------------------------------------------------------------

 NMR restraints: Bond =    0.000   Angle =     0.000   Torsion =     0.732
===============================================================================
| RE_POSITION Moving by   8.220450  0.314649  4.841769
| RE_POSITION Moving by  -2.205735 -1.537032  0.784635
| RE_POSITION Moving by  -4.154683  1.109519  3.943161
| RE_POSITION Moving by  -5.944951 -0.063693  7.328414
| RE_POSITION Moving by   0.368231  3.760052  0.435431

 NSTEP =   450000   TIME(PS) =    1900.000  TEMP(K) =   294.16  PRESS =     0.0
 Etot   =        25.5811  EKtot   =        23.0894  EPtot      =         2.4917
 BOND   =         8.4128  ANGLE   =        12.0030  DIHED      =        32.6663
 1-4 NB =         3.5536  1-4 EEL =       115.9070  VDWAALS    =        -3.0084
 EELEC  =      -144.3821  EGB     =       -24.6706  RESTRAINT  =         0.0007
 ESURF=         2.0094
 EAMBER (non-restraint)  =         2.4910
 ------------------------------------------------------------------------------

 NMR restraints: Bond =    0.000   Angle =     0.000   Torsion =     0.001
===============================================================================
| RE_POSITION Moving by  -8.631863 -6.468793 -5.866144
| RE_POSITION Moving by  -3.837255 -5.608759  4.819735
| RE_POSITION Moving by   7.751676  1.628327  2.966228
| RE_POSITION Moving by  -4.052920  5.110297  0.632248
| RE_POSITION Moving by   9.669654  5.208401  7.841278

 NSTEP =   500000   TIME(PS) =    2000.000  TEMP(K) =   403.66  PRESS =     0.0
 Etot   =        29.9748  EKtot   =        31.6846  EPtot      =        -1.7098
 BOND   =         2.3608  ANGLE   =        13.7439  DIHED      =        30.4638
 1-4 NB =         5.6697  1-4 EEL =       113.3214  VDWAALS    =        -1.8449
 EELEC  =      -143.4822  EGB     =       -24.4026  RESTRAINT  =         0.4662
 ESURF=         1.9941
 EAMBER (non-restraint)  =        -2.1760
 ------------------------------------------------------------------------------

 NMR restraints: Bond =    0.000   Angle =     0.000   Torsion =     0.466
===============================================================================

      A V E R A G E S   O V E R  500000 S T E P S


 NSTEP =   500000   TIME(PS) =    2000.000  TEMP(K) =   299.04  PRESS =     0.0
 Etot   =        23.8815  EKtot   =        23.4727  EPtot      =         0.4089
 BOND   =         5.4158  ANGLE   =        15.0751  DIHED      =        30.8539
 1-4 NB =         4.6479  1-4 EEL =       111.3304  VDWAALS    =        -3.3468
 EELEC  =      -141.6502  EGB     =       -24.6472  RESTRAINT  =         0.7666
 ESURF=         1.9633
 EAMBER (non-restraint)  =        -0.3577
 ------------------------------------------------------------------------------

 NMR restraints: Bond =    0.000   Angle =     0.000   Torsion =     0.466
===============================================================================

      R M S  F L U C T U A T I O N S


 NSTEP =   500000   TIME(PS) =    2000.000  TEMP(K) =    47.39  PRESS =     0.0
 Etot   =         5.4511  EKtot   =         3.7202  EPtot      =         3.9397
 BOND   =         1.9772  ANGLE   =         3.1650  DIHED      =         2.1980
 1-4 NB =         0.9471  1-4 EEL =         3.1746  VDWAALS    =         0.7347
 EELEC  =         3.3058  EGB     =         2.4028  RESTRAINT  =         1.3860
 ESURF=         0.0406
 EAMBER (non-restraint)  =         2.5537
 ------------------------------------------------------------------------------


 NMR restraints on final step:


--------------------------------------------------------------------------------
   5.  TIMINGS
--------------------------------------------------------------------------------

|>>>>>>>>PROFILE of Average TIMES>>>>>>>>> 
|                Calc gb radii             27.13 ( 7.68% of Gen B)
|                Communicate gb radii     228.88 (64.78% of Gen B)
|                Calc gb diag              38.82 (10.99% of Gen B)
|                Calc gb off-diag          24.50 ( 6.94% of Gen B)
|                Surface area energy       33.32 ( 9.43% of Gen B)
|                Other                      0.64 ( 0.18% of Gen B)
|             Gen Born time            353.30 (100.0% of Nonbo)
|             IPS excludes               0.08 ( 0.02% of Nonbo)
|          Nonbond force            353.38 (29.22% of Force)
|          Bond/Angle/Dihedral       12.12 ( 1.00% of Force)
|          FRC Collect time         611.05 (50.52% of Force)
|          Other                    232.99 (19.26% of Force)
|       Force time              1209.53 (77.80% of Runmd)
|       Shake time                 1.64 ( 0.11% of Runmd)
|       Verlet update time       269.36 (17.33% of Runmd)
|       CRD distribute time       72.99 ( 4.69% of Runmd)
|       Other                      1.12 ( 0.07% of Runmd)
|    Runmd Time              1554.64 (100.0% of Total)
|    Other                      0.09 ( 0.01% of Total)
| Total time              1554.74 (100.0% of ALL  )

| Number of list builds   :          0

| Highest rstack allocated:          0
| Highest istack allocated:          0

| Final Performance Info:
| -----------------------------------------------------
| Average timings for all steps:
|     Elapsed(s) =    1554.64 Per Step(ms) =       3.11
|         ns/day =      55.58   seconds/ns =    1554.64
| -----------------------------------------------------

|           Job began  at 14:29:30.526  on 08/26/2013
|           Setup done at 14:29:30.633  on 08/26/2013
|           Run   done at 14:55:25.275  on 08/26/2013
|     wallclock() was called18500023 times
