
          -------------------------------------------------------
          Amber 12 SANDER                              2012
          -------------------------------------------------------

| Run on 08/26/2013 at 14:29:30
  [-O]verwriting output

File Assignments:
|  MDIN: run_153.in                                                            
| MDOUT: run_153.out                                                           
|INPCRD: ../1_eq1/run.rst                                                      
|  PARM: parm                                                                  
|RESTRT: run_153.rst                                                           
|  REFC: refc                                                                  
| MDVEL: mdvel                                                                 
|  MDEN: mden                                                                  
| MDCRD: run_153.nc                                                            
|MDINFO: mdinfo                                                                
|  MTMD: mtmd                                                                  
|INPDIP: inpdip                                                                
|RSTDIP: rstdip                                                                

|INPTRA: inptraj                                                               
|
 
 Here is the input file:
 
equilibration with restraint                                                   
 &cntrl                                                                        
   ig=10242,                                                                   
   irest=1, ntx=5,                                                             
   igb=8, gbsa=1,                                                              
   cut=9999.0, rgbmax=9998.0,                                                  
   ntc=2, ntf=1, tol=0.000001,                                                 
   ntt=3, gamma_ln=2.0, temp0=300.0,                                           
   ntb=0, nscm=10000,                                                          
   ioutfm=1,                                                                   
   nstlim=500000, dt=0.002,                                                    
   ntpr=50000, ntwx=50000, ntwv=0, ntwr=500000,                                
   nmropt=1,                                                                   
 /                                                                             
 &wt                                                                           
  type='END',                                                                  
 /                                                                             
DISANG=run_153.disang                                                          
                                                                               

--------------------------------------------------------------------------------
   1.  RESOURCE   USE: 
--------------------------------------------------------------------------------

| Flags: MPI                                                                    
| New format PARM file being parsed.
| Version =    1.000 Date = 04/27/13 Time = 01:42:54
 NATOM  =      32 NTYPES =       7 NBONH =      17 MBONA  =      14
 NTHETH =      36 MTHETA =      18 NPHIH =      64 MPHIA  =      45
 NHPARM =       0 NPARM  =       0 NNB   =     152 NRES   =       4
 NBONA  =      14 NTHETA =      18 NPHIA =      45 NUMBND =      11
 NUMANG =      21 NPTRA  =      20 NATYP =       8 NPHB   =       0
 IFBOX  =       0 NMXRS  =      10 IFCAP =       0 NEXTRA =       0
 NCOPY  =       0

 Implicit solvent radii are ArgH and AspGluO modified Bondi2 radii (mbondi3)                                
 Replacing prmtop screening parameters with GBn2 (igb=8) values

|     Memory Use     Allocated
|     Real                2330
|     Hollerith            102
|     Integer            23034
|     Max Pairs              1
|     nblistReal             0
|     nblist Int             0
|       Total              108 kbytes

| Note: 1-4 EEL scale factors are being read from the topology file.

| Note: 1-4 VDW scale factors are being read from the topology file.
| Duplicated    0 dihedrals
| Duplicated    0 dihedrals

--------------------------------------------------------------------------------
   2.  CONTROL  DATA  FOR  THE  RUN
--------------------------------------------------------------------------------

ACE                                                                             

General flags:
     imin    =       0, nmropt  =       1

Nature and format of input:
     ntx     =       5, irest   =       1, ntrx    =       1

Nature and format of output:
     ntxo    =       1, ntpr    =   50000, ntrx    =       1, ntwr    =  500000
     iwrap   =       0, ntwx    =   50000, ntwv    =       0, ntwe    =       0
     ioutfm  =       1, ntwprt  =       0, idecomp =       0, rbornstat=      0

Potential function:
     ntf     =       1, ntb     =       0, igb     =       8, nsnb    =      25
     ipol    =       0, gbsa    =       1, iesp    =       0
     dielc   =   1.00000, cut     =9999.00000, intdiel =   1.00000
     saltcon =   0.00000, offset  =   0.19514, surften =   0.00500
     rdt     =   0.00000, rgbmax  =9998.00000  extdiel =  78.50000
     alpb  =        0
     gbalphaH  =   0.78844, gbbetaH   =   0.79870,  gbgammaH  =    0.43733
     gbalphaC  =   0.73376, gbbetaC   =   0.50638,  gbgammaC  =    0.20584
     gbalphaN  =   0.50336, gbbetaN   =   0.31683,  gbgammaN  =    0.19292
     gbalphaOS =   0.86781, gbbetaOS  =   0.87664,  gbgammaOS =    0.38788
     gbalphaP  =   1.00000, gbbetaP   =   0.80000,  gbgammaP  =    4.85000

Frozen or restrained atoms:
     ibelly  =       0, ntr     =       0

Molecular dynamics:
     nstlim  =    500000, nscm    =     10000, nrespa  =         1
     t       =   0.00000, dt      =   0.00200, vlimit  =  20.00000

Langevin dynamics temperature regulation:
     ig      =   10242
     temp0   = 300.00000, tempi   =   0.00000, gamma_ln=   2.00000

SHAKE:
     ntc     =       2, jfastw  =       0
     tol     =   0.00000

NMR refinement options:
     iscale  =       0, noeskp  =       1, ipnlty  =       1, mxsub   =       1
     scalm   = 100.00000, pencut  =   0.10000, tausw   =   0.10000

| MPI Timing options:
|      profile_mpi =        0
|  INFO: Old style inpcrd file read


--------------------------------------------------------------------------------
   3.  ATOMIC COORDINATES AND VELOCITIES
--------------------------------------------------------------------------------

ACE                                                                             
 begin time read from input coords =  1000.000 ps



           Begin reading energy term weight changes/NMR restraints
 WEIGHT CHANGES:
                         ** No weight changes given **

 RESTRAINTS:
 Requested file redirections:
  DISANG    = run_153.disang
 Restraints will be read from file: run_153.disang
Here are comments from the DISANG input file:

                       Number of restraints read =     2

                  Done reading weight changes/NMR restraints


 Number of triangulated 3-point waters found:        0
|  Atom division among processors:
|         0      16      32
|  Running AMBER/MPI version on    2 nodes


--------------------------------------------------------------------------------
   4.  RESULTS
--------------------------------------------------------------------------------

|  # of SOLUTE  degrees of freedom (RNDFP):      79.
|  # of SOLVENT degrees of freedom (RNDFS):       0.
|  NDFMIN =      79.     NUM_NOSHAKE =      0     CORRECTED RNDFP =      79.
|  TOTAL # of degrees of freedom (RNDF) =      79.
| RE_POSITION Moving by  -3.940532 -0.621069  2.506912
| RE_POSITION Moving by   7.741462 -0.503000  0.624727
| RE_POSITION Moving by  -3.144507 -6.662910 -3.579532
| RE_POSITION Moving by   4.377132 -2.120366 -1.502263
| RE_POSITION Moving by  -7.224654  0.391014 -1.070010

 NSTEP =    50000   TIME(PS) =    1100.000  TEMP(K) =   300.74  PRESS =     0.0
 Etot   =        10.4643  EKtot   =        23.6060  EPtot      =       -13.1416
 BOND   =         3.9234  ANGLE   =        12.9255  DIHED      =        19.5629
 1-4 NB =         4.2982  1-4 EEL =       112.8245  VDWAALS    =        -2.9416
 EELEC  =      -143.3312  EGB     =       -23.7056  RESTRAINT  =         1.2622
 ESURF=         2.0400
 EAMBER (non-restraint)  =       -14.4038
 ------------------------------------------------------------------------------

 NMR restraints: Bond =    0.000   Angle =     0.000   Torsion =     1.262
===============================================================================
| RE_POSITION Moving by  -4.485707 -0.897956 -0.172122
| RE_POSITION Moving by   2.468559  2.433878  2.294783
| RE_POSITION Moving by   0.958123  1.333200 -2.790272
| RE_POSITION Moving by   0.321873  5.549642  4.981613
| RE_POSITION Moving by   2.254377 -3.976783 -1.331595

 NSTEP =   100000   TIME(PS) =    1200.000  TEMP(K) =   307.66  PRESS =     0.0
 Etot   =        21.1242  EKtot   =        24.1492  EPtot      =        -3.0250
 BOND   =         6.9149  ANGLE   =        25.3736  DIHED      =        19.5652
 1-4 NB =         3.6350  1-4 EEL =       114.1332  VDWAALS    =        -4.5971
 EELEC  =      -140.0290  EGB     =       -30.0064  RESTRAINT  =         0.0240
 ESURF=         1.9615
 EAMBER (non-restraint)  =        -3.0491
 ------------------------------------------------------------------------------

 NMR restraints: Bond =    0.000   Angle =     0.000   Torsion =     0.024
===============================================================================
| RE_POSITION Moving by   4.013160 -6.611318 -6.155076
| RE_POSITION Moving by  -5.591498  5.148496 -9.352956
| RE_POSITION Moving by  -2.977889 -1.523961  6.877143
| RE_POSITION Moving by  -6.452922  3.142211 -3.864321
| RE_POSITION Moving by  -0.104258 -4.988956 -3.065145

 NSTEP =   150000   TIME(PS) =    1300.000  TEMP(K) =   307.49  PRESS =     0.0
 Etot   =         8.0354  EKtot   =        24.1358  EPtot      =       -16.1004
 BOND   =         3.6767  ANGLE   =        11.6826  DIHED      =        19.6251
 1-4 NB =         4.9031  1-4 EEL =       119.8399  VDWAALS    =        -2.7736
 EELEC  =      -150.1163  EGB     =       -24.9491  RESTRAINT  =         0.0082
 ESURF=         2.0031
 EAMBER (non-restraint)  =       -16.1086
 ------------------------------------------------------------------------------

 NMR restraints: Bond =    0.000   Angle =     0.000   Torsion =     0.008
===============================================================================
| RE_POSITION Moving by   2.132815  2.713779 -1.460830
| RE_POSITION Moving by  -1.877461 -3.242789  5.030072
| RE_POSITION Moving by  -9.702730  2.640420 -1.664188
| RE_POSITION Moving by  -0.671196 -2.394093 -4.357529
| RE_POSITION Moving by   3.760291 -0.690897 -0.189503

 NSTEP =   200000   TIME(PS) =    1400.000  TEMP(K) =   309.13  PRESS =     0.0
 Etot   =        20.8212  EKtot   =        24.2649  EPtot      =        -3.4437
 BOND   =         3.7486  ANGLE   =        19.4199  DIHED      =        21.8725
 1-4 NB =         6.3064  1-4 EEL =       117.5752  VDWAALS    =        -2.8122
 EELEC  =      -149.1446  EGB     =       -22.9203  RESTRAINT  =         0.5188
 ESURF=         1.9920
 EAMBER (non-restraint)  =        -3.9625
 ------------------------------------------------------------------------------

 NMR restraints: Bond =    0.000   Angle =     0.000   Torsion =     0.519
===============================================================================
| RE_POSITION Moving by  -1.394686  1.187986 -2.114458
| RE_POSITION Moving by  -8.500675 -1.898919  1.956053
| RE_POSITION Moving by   1.760796  0.800502 -3.159912
| RE_POSITION Moving by  -1.821117 -5.197072  1.267625
| RE_POSITION Moving by -10.296056  5.222660  2.767268

 NSTEP =   250000   TIME(PS) =    1500.000  TEMP(K) =   359.95  PRESS =     0.0
 Etot   =        20.2203  EKtot   =        28.2538  EPtot      =        -8.0335
 BOND   =         6.6975  ANGLE   =        12.4960  DIHED      =        21.0006
 1-4 NB =         5.6711  1-4 EEL =       114.7378  VDWAALS    =        -2.3487
 EELEC  =      -147.2235  EGB     =       -22.7706  RESTRAINT  =         1.6904
 ESURF=         2.0158
 EAMBER (non-restraint)  =        -9.7239
 ------------------------------------------------------------------------------

 NMR restraints: Bond =    0.000   Angle =     0.000   Torsion =     1.690
===============================================================================
| RE_POSITION Moving by  -2.462347  1.694125  2.046601
| RE_POSITION Moving by  10.569901 -1.656557  1.897994
| RE_POSITION Moving by   2.260683 -7.394914 -0.779888
| RE_POSITION Moving by  -2.523075 -8.163345 -1.081183
| RE_POSITION Moving by  -3.155378  2.568710 -0.763705

 NSTEP =   300000   TIME(PS) =    1600.000  TEMP(K) =   377.96  PRESS =     0.0
 Etot   =        18.9729  EKtot   =        29.6679  EPtot      =       -10.6950
 BOND   =         3.9745  ANGLE   =        17.0909  DIHED      =        21.7338
 1-4 NB =         6.0553  1-4 EEL =       116.4883  VDWAALS    =        -3.0672
 EELEC  =      -154.1244  EGB     =       -20.7490  RESTRAINT  =         0.0034
 ESURF=         1.8995
 EAMBER (non-restraint)  =       -10.6983
 ------------------------------------------------------------------------------

 NMR restraints: Bond =    0.000   Angle =     0.000   Torsion =     0.003
===============================================================================
| RE_POSITION Moving by  -0.961728 -5.425571 -5.448665
| RE_POSITION Moving by  -3.678010 -2.381738  3.664492
| RE_POSITION Moving by   5.648027  0.227541  3.175594
| RE_POSITION Moving by   3.102682  6.343651  2.802656
| RE_POSITION Moving by  -4.300555  8.059741 -4.637243

 NSTEP =   350000   TIME(PS) =    1700.000  TEMP(K) =   284.17  PRESS =     0.0
 Etot   =        11.7780  EKtot   =        22.3053  EPtot      =       -10.5273
 BOND   =         5.3240  ANGLE   =        10.9622  DIHED      =        21.1570
 1-4 NB =         5.5846  1-4 EEL =       124.6041  VDWAALS    =        -3.8171
 EELEC  =      -154.8146  EGB     =       -23.2114  RESTRAINT  =         1.7022
 ESURF=         1.9817
 EAMBER (non-restraint)  =       -12.2295
 ------------------------------------------------------------------------------

 NMR restraints: Bond =    0.000   Angle =     0.000   Torsion =     1.702
===============================================================================
| RE_POSITION Moving by  -5.866443-12.025027 -6.461444
| RE_POSITION Moving by   6.901638  0.422825  2.195100
| RE_POSITION Moving by   3.624241 -4.053445 -1.051753
| RE_POSITION Moving by  -6.345252 -2.350701 -6.199479
| RE_POSITION Moving by  -3.456005 -6.077634 -0.464558

 NSTEP =   400000   TIME(PS) =    1800.000  TEMP(K) =   392.42  PRESS =     0.0
 Etot   =        27.7271  EKtot   =        30.8026  EPtot      =        -3.0755
 BOND   =         4.3117  ANGLE   =        23.4000  DIHED      =        20.4661
 1-4 NB =         4.7306  1-4 EEL =       120.5893  VDWAALS    =        -3.2769
 EELEC  =      -152.5452  EGB     =       -22.9027  RESTRAINT  =         0.1348
 ESURF=         2.0167
 EAMBER (non-restraint)  =        -3.2102
 ------------------------------------------------------------------------------

 NMR restraints: Bond =    0.000   Angle =     0.000   Torsion =     0.135
===============================================================================
| RE_POSITION Moving by -11.168940  0.254400 -0.851214
| RE_POSITION Moving by   3.414189 10.310351  5.799163
| RE_POSITION Moving by  -1.963582  2.990205  5.306293
| RE_POSITION Moving by  -2.912641 -2.094105 -0.713268
| RE_POSITION Moving by  -5.396311  7.643813  3.206683

 NSTEP =   450000   TIME(PS) =    1900.000  TEMP(K) =   220.84  PRESS =     0.0
 Etot   =        11.7472  EKtot   =        17.3343  EPtot      =        -5.5871
 BOND   =         6.7603  ANGLE   =        18.0134  DIHED      =        22.0010
 1-4 NB =         5.1113  1-4 EEL =       121.5869  VDWAALS    =        -4.4836
 EELEC  =      -153.1282  EGB     =       -23.3904  RESTRAINT  =         0.0123
 ESURF=         1.9299
 EAMBER (non-restraint)  =        -5.5995
 ------------------------------------------------------------------------------

 NMR restraints: Bond =    0.000   Angle =     0.000   Torsion =     0.012
===============================================================================
| RE_POSITION Moving by  -6.821142  3.431035 -3.276503
| RE_POSITION Moving by   3.949599  7.109203 -1.973845
| RE_POSITION Moving by  -1.635017  3.017894  4.277082
| RE_POSITION Moving by   2.011571 -5.676140  4.437017
| RE_POSITION Moving by   6.145497  2.078640  3.835892

 NSTEP =   500000   TIME(PS) =    2000.000  TEMP(K) =   257.16  PRESS =     0.0
 Etot   =         8.8322  EKtot   =        20.1854  EPtot      =       -11.3532
 BOND   =         4.3311  ANGLE   =        10.5332  DIHED      =        23.4384
 1-4 NB =         5.1907  1-4 EEL =       122.3787  VDWAALS    =        -3.2957
 EELEC  =      -151.5454  EGB     =       -24.3704  RESTRAINT  =         0.0085
 ESURF=         1.9777
 EAMBER (non-restraint)  =       -11.3618
 ------------------------------------------------------------------------------

 NMR restraints: Bond =    0.000   Angle =     0.000   Torsion =     0.009
===============================================================================

      A V E R A G E S   O V E R  500000 S T E P S


 NSTEP =   500000   TIME(PS) =    2000.000  TEMP(K) =   300.26  PRESS =     0.0
 Etot   =        13.3476  EKtot   =        23.5689  EPtot      =       -10.2213
 BOND   =         5.3732  ANGLE   =        14.2395  DIHED      =        21.3758
 1-4 NB =         5.1912  1-4 EEL =       117.8230  VDWAALS    =        -3.4404
 EELEC  =      -149.1170  EGB     =       -24.0623  RESTRAINT  =         0.4393
 ESURF=         1.9563
 EAMBER (non-restraint)  =       -10.6606
 ------------------------------------------------------------------------------

 NMR restraints: Bond =    0.000   Angle =     0.000   Torsion =     0.009
===============================================================================

      R M S  F L U C T U A T I O N S


 NSTEP =   500000   TIME(PS) =    2000.000  TEMP(K) =    47.66  PRESS =     0.0
 Etot   =         5.3690  EKtot   =         3.7410  EPtot      =         3.8078
 BOND   =         1.9793  ANGLE   =         3.0537  DIHED      =         1.6635
 1-4 NB =         0.9930  1-4 EEL =         3.2505  VDWAALS    =         0.7237
 EELEC  =         3.5401  EGB     =         1.9157  RESTRAINT  =         0.5696
 ESURF=         0.0430
 EAMBER (non-restraint)  =         3.2381
 ------------------------------------------------------------------------------


 NMR restraints on final step:


--------------------------------------------------------------------------------
   5.  TIMINGS
--------------------------------------------------------------------------------

|>>>>>>>>PROFILE of Average TIMES>>>>>>>>> 
|                Calc gb radii             27.06 ( 7.67% of Gen B)
|                Communicate gb radii     228.86 (64.83% of Gen B)
|                Calc gb diag              38.85 (11.01% of Gen B)
|                Calc gb off-diag          24.79 ( 7.02% of Gen B)
|                Surface area energy       32.80 ( 9.29% of Gen B)
|                Other                      0.66 ( 0.19% of Gen B)
|             Gen Born time            353.01 (100.0% of Nonbo)
|             IPS excludes               0.08 ( 0.02% of Nonbo)
|          Nonbond force            353.09 (29.55% of Force)
|          Bond/Angle/Dihedral       12.13 ( 1.02% of Force)
|          FRC Collect time         599.20 (50.15% of Force)
|          Other                    230.33 (19.28% of Force)
|       Force time              1194.74 (77.73% of Runmd)
|       Shake time                 1.52 ( 0.10% of Runmd)
|       Verlet update time       267.34 (17.39% of Runmd)
|       CRD distribute time       72.30 ( 4.70% of Runmd)
|       Other                      1.07 ( 0.07% of Runmd)
|    Runmd Time              1536.98 (100.0% of Total)
|    Other                      0.13 ( 0.01% of Total)
| Total time              1537.11 (100.0% of ALL  )

| Number of list builds   :          0

| Highest rstack allocated:          0
| Highest istack allocated:          0

| Final Performance Info:
| -----------------------------------------------------
| Average timings for all steps:
|     Elapsed(s) =    1536.98 Per Step(ms) =       3.07
|         ns/day =      56.21   seconds/ns =    1536.98
| -----------------------------------------------------

|           Job began  at 14:29:30.521  on 08/26/2013
|           Setup done at 14:29:30.662  on 08/26/2013
|           Run   done at 14:55:07.643  on 08/26/2013
|     wallclock() was called18500023 times
