
          -------------------------------------------------------
          Amber 12 SANDER                              2012
          -------------------------------------------------------

| Run on 08/26/2013 at 14:29:30
  [-O]verwriting output

File Assignments:
|  MDIN: run_156.in                                                            
| MDOUT: run_156.out                                                           
|INPCRD: ../1_eq1/run.rst                                                      
|  PARM: parm                                                                  
|RESTRT: run_156.rst                                                           
|  REFC: refc                                                                  
| MDVEL: mdvel                                                                 
|  MDEN: mden                                                                  
| MDCRD: run_156.nc                                                            
|MDINFO: mdinfo                                                                
|  MTMD: mtmd                                                                  
|INPDIP: inpdip                                                                
|RSTDIP: rstdip                                                                

|INPTRA: inptraj                                                               
|
 
 Here is the input file:
 
equilibration with restraint                                                   
 &cntrl                                                                        
   ig=790205,                                                                  
   irest=1, ntx=5,                                                             
   igb=8, gbsa=1,                                                              
   cut=9999.0, rgbmax=9998.0,                                                  
   ntc=2, ntf=1, tol=0.000001,                                                 
   ntt=3, gamma_ln=2.0, temp0=300.0,                                           
   ntb=0, nscm=10000,                                                          
   ioutfm=1,                                                                   
   nstlim=500000, dt=0.002,                                                    
   ntpr=50000, ntwx=50000, ntwv=0, ntwr=500000,                                
   nmropt=1,                                                                   
 /                                                                             
 &wt                                                                           
  type='END',                                                                  
 /                                                                             
DISANG=run_156.disang                                                          
                                                                               

--------------------------------------------------------------------------------
   1.  RESOURCE   USE: 
--------------------------------------------------------------------------------

| Flags: MPI                                                                    
| New format PARM file being parsed.
| Version =    1.000 Date = 04/27/13 Time = 01:42:54
 NATOM  =      32 NTYPES =       7 NBONH =      17 MBONA  =      14
 NTHETH =      36 MTHETA =      18 NPHIH =      64 MPHIA  =      45
 NHPARM =       0 NPARM  =       0 NNB   =     152 NRES   =       4
 NBONA  =      14 NTHETA =      18 NPHIA =      45 NUMBND =      11
 NUMANG =      21 NPTRA  =      20 NATYP =       8 NPHB   =       0
 IFBOX  =       0 NMXRS  =      10 IFCAP =       0 NEXTRA =       0
 NCOPY  =       0

 Implicit solvent radii are ArgH and AspGluO modified Bondi2 radii (mbondi3)                                
 Replacing prmtop screening parameters with GBn2 (igb=8) values

|     Memory Use     Allocated
|     Real                2330
|     Hollerith            102
|     Integer            23034
|     Max Pairs              1
|     nblistReal             0
|     nblist Int             0
|       Total              108 kbytes

| Note: 1-4 EEL scale factors are being read from the topology file.

| Note: 1-4 VDW scale factors are being read from the topology file.
| Duplicated    0 dihedrals
| Duplicated    0 dihedrals

--------------------------------------------------------------------------------
   2.  CONTROL  DATA  FOR  THE  RUN
--------------------------------------------------------------------------------

ACE                                                                             

General flags:
     imin    =       0, nmropt  =       1

Nature and format of input:
     ntx     =       5, irest   =       1, ntrx    =       1

Nature and format of output:
     ntxo    =       1, ntpr    =   50000, ntrx    =       1, ntwr    =  500000
     iwrap   =       0, ntwx    =   50000, ntwv    =       0, ntwe    =       0
     ioutfm  =       1, ntwprt  =       0, idecomp =       0, rbornstat=      0

Potential function:
     ntf     =       1, ntb     =       0, igb     =       8, nsnb    =      25
     ipol    =       0, gbsa    =       1, iesp    =       0
     dielc   =   1.00000, cut     =9999.00000, intdiel =   1.00000
     saltcon =   0.00000, offset  =   0.19514, surften =   0.00500
     rdt     =   0.00000, rgbmax  =9998.00000  extdiel =  78.50000
     alpb  =        0
     gbalphaH  =   0.78844, gbbetaH   =   0.79870,  gbgammaH  =    0.43733
     gbalphaC  =   0.73376, gbbetaC   =   0.50638,  gbgammaC  =    0.20584
     gbalphaN  =   0.50336, gbbetaN   =   0.31683,  gbgammaN  =    0.19292
     gbalphaOS =   0.86781, gbbetaOS  =   0.87664,  gbgammaOS =    0.38788
     gbalphaP  =   1.00000, gbbetaP   =   0.80000,  gbgammaP  =    4.85000

Frozen or restrained atoms:
     ibelly  =       0, ntr     =       0

Molecular dynamics:
     nstlim  =    500000, nscm    =     10000, nrespa  =         1
     t       =   0.00000, dt      =   0.00200, vlimit  =  20.00000

Langevin dynamics temperature regulation:
     ig      =  790205
     temp0   = 300.00000, tempi   =   0.00000, gamma_ln=   2.00000

SHAKE:
     ntc     =       2, jfastw  =       0
     tol     =   0.00000

NMR refinement options:
     iscale  =       0, noeskp  =       1, ipnlty  =       1, mxsub   =       1
     scalm   = 100.00000, pencut  =   0.10000, tausw   =   0.10000

| MPI Timing options:
|      profile_mpi =        0
|  INFO: Old style inpcrd file read


--------------------------------------------------------------------------------
   3.  ATOMIC COORDINATES AND VELOCITIES
--------------------------------------------------------------------------------

ACE                                                                             
 begin time read from input coords =  1000.000 ps



           Begin reading energy term weight changes/NMR restraints
 WEIGHT CHANGES:
                         ** No weight changes given **

 RESTRAINTS:
 Requested file redirections:
  DISANG    = run_156.disang
 Restraints will be read from file: run_156.disang
Here are comments from the DISANG input file:

                       Number of restraints read =     2

                  Done reading weight changes/NMR restraints


 Number of triangulated 3-point waters found:        0
|  Atom division among processors:
|         0      16      32
|  Running AMBER/MPI version on    2 nodes


--------------------------------------------------------------------------------
   4.  RESULTS
--------------------------------------------------------------------------------

|  # of SOLUTE  degrees of freedom (RNDFP):      79.
|  # of SOLVENT degrees of freedom (RNDFS):       0.
|  NDFMIN =      79.     NUM_NOSHAKE =      0     CORRECTED RNDFP =      79.
|  TOTAL # of degrees of freedom (RNDF) =      79.
| RE_POSITION Moving by   3.921915  6.145410  2.993635
| RE_POSITION Moving by  -3.895686 -0.470279 -1.696475
| RE_POSITION Moving by  -2.199099 -0.102516  4.759118
| RE_POSITION Moving by  -4.588320  2.074996 -8.311716
| RE_POSITION Moving by   0.834977  0.205929  6.753192

 NSTEP =    50000   TIME(PS) =    1100.000  TEMP(K) =   314.99  PRESS =     0.0
 Etot   =        10.4410  EKtot   =        24.7245  EPtot      =       -14.2835
 BOND   =         2.8071  ANGLE   =        13.8562  DIHED      =        19.2401
 1-4 NB =         4.6386  1-4 EEL =       123.5628  VDWAALS    =        -3.9623
 EELEC  =      -153.4778  EGB     =       -23.1461  RESTRAINT  =         0.2282
 ESURF=         1.9699
 EAMBER (non-restraint)  =       -14.5116
 ------------------------------------------------------------------------------

 NMR restraints: Bond =    0.000   Angle =     0.000   Torsion =     0.228
===============================================================================
| RE_POSITION Moving by   0.965905  0.929004 13.868990
| RE_POSITION Moving by  -7.404069 -3.569147  6.317270
| RE_POSITION Moving by  -8.405550  8.165710 -6.856522
| RE_POSITION Moving by   0.351045  0.445569  2.293071
| RE_POSITION Moving by   3.464414  1.461618  0.658828

 NSTEP =   100000   TIME(PS) =    1200.000  TEMP(K) =   228.16  PRESS =     0.0
 Etot   =         7.5404  EKtot   =        17.9095  EPtot      =       -10.3692
 BOND   =         4.8304  ANGLE   =        12.2818  DIHED      =        21.2352
 1-4 NB =         6.2511  1-4 EEL =       118.3321  VDWAALS    =        -2.7638
 EELEC  =      -149.8358  EGB     =       -23.8899  RESTRAINT  =         1.1966
 ESURF=         1.9932
 EAMBER (non-restraint)  =       -11.5658
 ------------------------------------------------------------------------------

 NMR restraints: Bond =    0.000   Angle =     0.000   Torsion =     1.197
===============================================================================
| RE_POSITION Moving by   3.300592  2.022220  2.204095
| RE_POSITION Moving by   5.532819 -7.524048 -8.819479
| RE_POSITION Moving by   2.323997  0.226041 -7.604674
| RE_POSITION Moving by   2.006507 -0.980413 -4.234191
| RE_POSITION Moving by   3.085280 -1.593223  0.704112

 NSTEP =   150000   TIME(PS) =    1300.000  TEMP(K) =   329.81  PRESS =     0.0
 Etot   =         9.0000  EKtot   =        25.8881  EPtot      =       -16.8881
 BOND   =         5.0152  ANGLE   =         9.7323  DIHED      =        18.1872
 1-4 NB =         6.0800  1-4 EEL =       118.3390  VDWAALS    =        -3.2862
 EELEC  =      -150.8124  EGB     =       -22.7069  RESTRAINT  =         0.5731
 ESURF=         1.9907
 EAMBER (non-restraint)  =       -17.4612
 ------------------------------------------------------------------------------

 NMR restraints: Bond =    0.000   Angle =     0.000   Torsion =     0.573
===============================================================================
| RE_POSITION Moving by  -6.564193  2.238055 -1.576119
| RE_POSITION Moving by   0.791273 -9.283154  0.709425
| RE_POSITION Moving by  -5.180235  4.604827 -2.921678
| RE_POSITION Moving by  -2.932615  4.499109  2.593962
| RE_POSITION Moving by  -4.272002  3.323049 -6.042156

 NSTEP =   200000   TIME(PS) =    1400.000  TEMP(K) =   316.36  PRESS =     0.0
 Etot   =        16.0231  EKtot   =        24.8328  EPtot      =        -8.8097
 BOND   =         6.5868  ANGLE   =        13.7286  DIHED      =        22.9225
 1-4 NB =         4.9011  1-4 EEL =       116.1567  VDWAALS    =        -3.3876
 EELEC  =      -148.9004  EGB     =       -23.0135  RESTRAINT  =         0.2135
 ESURF=         1.9825
 EAMBER (non-restraint)  =        -9.0232
 ------------------------------------------------------------------------------

 NMR restraints: Bond =    0.000   Angle =     0.000   Torsion =     0.214
===============================================================================
| RE_POSITION Moving by  -0.605066 -2.561819 -2.791476
| RE_POSITION Moving by  -3.961231  0.543005 -0.164150
| RE_POSITION Moving by   0.098236  3.229202 -2.947252
| RE_POSITION Moving by   5.506891 -0.161250  0.337168
| RE_POSITION Moving by  -6.108274 -4.680763 -5.907614

 NSTEP =   250000   TIME(PS) =    1500.000  TEMP(K) =   266.26  PRESS =     0.0
 Etot   =         7.3068  EKtot   =        20.8999  EPtot      =       -13.5931
 BOND   =         6.8961  ANGLE   =        11.4333  DIHED      =        19.7919
 1-4 NB =         4.4634  1-4 EEL =       116.1740  VDWAALS    =        -3.0990
 EELEC  =      -148.9644  EGB     =       -22.5794  RESTRAINT  =         0.4144
 ESURF=         1.8766
 EAMBER (non-restraint)  =       -14.0075
 ------------------------------------------------------------------------------

 NMR restraints: Bond =    0.000   Angle =     0.000   Torsion =     0.414
===============================================================================
| RE_POSITION Moving by  -2.134581 -1.685079  2.835989
| RE_POSITION Moving by  -4.347936  1.152335  1.176831
| RE_POSITION Moving by  -3.029606  7.972218  5.795987
| RE_POSITION Moving by   3.441474  1.061124  0.870653
| RE_POSITION Moving by   2.400644  7.038490  7.897860

 NSTEP =   300000   TIME(PS) =    1600.000  TEMP(K) =   276.26  PRESS =     0.0
 Etot   =         5.7154  EKtot   =        21.6848  EPtot      =       -15.9694
 BOND   =         4.6922  ANGLE   =         7.5965  DIHED      =        21.5030
 1-4 NB =         5.9884  1-4 EEL =       122.0530  VDWAALS    =        -3.4450
 EELEC  =      -151.9926  EGB     =       -24.3054  RESTRAINT  =         0.0131
 ESURF=         1.9275
 EAMBER (non-restraint)  =       -15.9824
 ------------------------------------------------------------------------------

 NMR restraints: Bond =    0.000   Angle =     0.000   Torsion =     0.013
===============================================================================
| RE_POSITION Moving by   0.184077 -0.392710-12.223274
| RE_POSITION Moving by   1.368944 -1.237663 11.902873
| RE_POSITION Moving by  -3.919161  7.239927  4.028055
| RE_POSITION Moving by   5.308549 -7.151484  2.710776
| RE_POSITION Moving by   0.674384-12.816497  4.191302

 NSTEP =   350000   TIME(PS) =    1700.000  TEMP(K) =   191.15  PRESS =     0.0
 Etot   =         2.5346  EKtot   =        15.0041  EPtot      =       -12.4695
 BOND   =         2.8725  ANGLE   =        12.5461  DIHED      =        22.2937
 1-4 NB =         6.9002  1-4 EEL =       125.3745  VDWAALS    =        -3.9573
 EELEC  =      -158.3065  EGB     =       -22.2314  RESTRAINT  =         0.0943
 ESURF=         1.9443
 EAMBER (non-restraint)  =       -12.5638
 ------------------------------------------------------------------------------

 NMR restraints: Bond =    0.000   Angle =     0.000   Torsion =     0.094
===============================================================================
| RE_POSITION Moving by   8.367132 -0.731205 -3.260473
| RE_POSITION Moving by  -0.504329 -1.563660  2.552694
| RE_POSITION Moving by   9.554251  7.020572  3.136940
| RE_POSITION Moving by  -1.732419 -4.033476 -6.752635
| RE_POSITION Moving by  -1.445106  6.840022 -2.046554

 NSTEP =   400000   TIME(PS) =    1800.000  TEMP(K) =   254.54  PRESS =     0.0
 Etot   =        10.1961  EKtot   =        19.9802  EPtot      =        -9.7841
 BOND   =         7.0791  ANGLE   =        15.9132  DIHED      =        21.4350
 1-4 NB =         3.6863  1-4 EEL =       115.0372  VDWAALS    =        -3.8040
 EELEC  =      -147.8142  EGB     =       -24.3437  RESTRAINT  =         1.0246
 ESURF=         2.0023
 EAMBER (non-restraint)  =       -10.8087
 ------------------------------------------------------------------------------

 NMR restraints: Bond =    0.000   Angle =     0.000   Torsion =     1.025
===============================================================================
| RE_POSITION Moving by  -5.464779 -2.164829 -2.248401
| RE_POSITION Moving by  -2.346696 -4.448175 -2.589258
| RE_POSITION Moving by   1.517287  6.005212  2.822921
| RE_POSITION Moving by   1.604967  3.721316 -0.622791
| RE_POSITION Moving by  -6.869811 -2.114792-12.463967

 NSTEP =   450000   TIME(PS) =    1900.000  TEMP(K) =   286.06  PRESS =     0.0
 Etot   =        10.3475  EKtot   =        22.4536  EPtot      =       -12.1062
 BOND   =         7.1027  ANGLE   =        10.2000  DIHED      =        20.6250
 1-4 NB =         6.1716  1-4 EEL =       117.5145  VDWAALS    =        -5.0364
 EELEC  =      -147.2241  EGB     =       -23.7433  RESTRAINT  =         0.3785
 ESURF=         1.9053
 EAMBER (non-restraint)  =       -12.4847
 ------------------------------------------------------------------------------

 NMR restraints: Bond =    0.000   Angle =     0.000   Torsion =     0.379
===============================================================================
| RE_POSITION Moving by   0.872039  5.229647 -3.067277
| RE_POSITION Moving by  -2.475750  0.106147 -1.878566
| RE_POSITION Moving by  -2.323665 -0.686184  4.159137
| RE_POSITION Moving by  -1.677722  2.753368  0.318478
| RE_POSITION Moving by   5.256664 -2.503495 -1.762656

 NSTEP =   500000   TIME(PS) =    2000.000  TEMP(K) =   309.62  PRESS =     0.0
 Etot   =         8.6378  EKtot   =        24.3036  EPtot      =       -15.6658
 BOND   =         4.1007  ANGLE   =        12.9969  DIHED      =        19.6823
 1-4 NB =         4.4571  1-4 EEL =       116.3814  VDWAALS    =        -3.6374
 EELEC  =      -145.1798  EGB     =       -26.5027  RESTRAINT  =         0.0751
 ESURF=         1.9607
 EAMBER (non-restraint)  =       -15.7409
 ------------------------------------------------------------------------------

 NMR restraints: Bond =    0.000   Angle =     0.000   Torsion =     0.075
===============================================================================

      A V E R A G E S   O V E R  500000 S T E P S


 NSTEP =   500000   TIME(PS) =    2000.000  TEMP(K) =   300.00  PRESS =     0.0
 Etot   =        12.8713  EKtot   =        23.5486  EPtot      =       -10.6773
 BOND   =         5.3778  ANGLE   =        14.1637  DIHED      =        20.9225
 1-4 NB =         5.1693  1-4 EEL =       117.9979  VDWAALS    =        -3.3817
 EELEC  =      -149.0885  EGB     =       -24.1970  RESTRAINT  =         0.3969
 ESURF=         1.9618
 EAMBER (non-restraint)  =       -11.0742
 ------------------------------------------------------------------------------

 NMR restraints: Bond =    0.000   Angle =     0.000   Torsion =     0.075
===============================================================================

      R M S  F L U C T U A T I O N S


 NSTEP =   500000   TIME(PS) =    2000.000  TEMP(K) =    47.44  PRESS =     0.0
 Etot   =         5.2499  EKtot   =         3.7238  EPtot      =         3.7692
 BOND   =         1.9689  ANGLE   =         3.0521  DIHED      =         1.5897
 1-4 NB =         0.9839  1-4 EEL =         3.2181  VDWAALS    =         0.6944
 EELEC  =         3.4749  EGB     =         1.8517  RESTRAINT  =         0.5296
 ESURF=         0.0413
 EAMBER (non-restraint)  =         3.2395
 ------------------------------------------------------------------------------


 NMR restraints on final step:


--------------------------------------------------------------------------------
   5.  TIMINGS
--------------------------------------------------------------------------------

|>>>>>>>>PROFILE of Average TIMES>>>>>>>>> 
|                Calc gb radii             27.10 ( 7.81% of Gen B)
|                Communicate gb radii     224.52 (64.69% of Gen B)
|                Calc gb diag              38.68 (11.14% of Gen B)
|                Calc gb off-diag          24.48 ( 7.05% of Gen B)
|                Surface area energy       31.67 ( 9.12% of Gen B)
|                Other                      0.64 ( 0.19% of Gen B)
|             Gen Born time            347.08 (100.0% of Nonbo)
|             IPS excludes               0.09 ( 0.02% of Nonbo)
|          Nonbond force            347.16 (29.26% of Force)
|          Bond/Angle/Dihedral       12.09 ( 1.02% of Force)
|          FRC Collect time         597.28 (50.34% of Force)
|          Other                    230.00 (19.38% of Force)
|       Force time              1186.54 (77.85% of Runmd)
|       Shake time                 1.59 ( 0.10% of Runmd)
|       Verlet update time       264.21 (17.34% of Runmd)
|       CRD distribute time       70.60 ( 4.63% of Runmd)
|       Other                      1.10 ( 0.07% of Runmd)
|    Runmd Time              1524.04 (100.0% of Total)
|    Other                      0.11 ( 0.01% of Total)
| Total time              1524.15 (100.0% of ALL  )

| Number of list builds   :          0

| Highest rstack allocated:          0
| Highest istack allocated:          0

| Final Performance Info:
| -----------------------------------------------------
| Average timings for all steps:
|     Elapsed(s) =    1524.04 Per Step(ms) =       3.05
|         ns/day =      56.69   seconds/ns =    1524.04
| -----------------------------------------------------

|           Job began  at 14:29:30.390  on 08/26/2013
|           Setup done at 14:29:30.497  on 08/26/2013
|           Run   done at 14:54:54.542  on 08/26/2013
|     wallclock() was called18500023 times
