
          -------------------------------------------------------
          Amber 12 SANDER                              2012
          -------------------------------------------------------

| Run on 08/26/2013 at 14:29:30
  [-O]verwriting output

File Assignments:
|  MDIN: run_57.in                                                             
| MDOUT: run_57.out                                                            
|INPCRD: ../1_eq1/run.rst                                                      
|  PARM: parm                                                                  
|RESTRT: run_57.rst                                                            
|  REFC: refc                                                                  
| MDVEL: mdvel                                                                 
|  MDEN: mden                                                                  
| MDCRD: run_57.nc                                                             
|MDINFO: mdinfo                                                                
|  MTMD: mtmd                                                                  
|INPDIP: inpdip                                                                
|RSTDIP: rstdip                                                                

|INPTRA: inptraj                                                               
|
 
 Here is the input file:
 
equilibration with restraint                                                   
 &cntrl                                                                        
   ig=358023,                                                                  
   irest=1, ntx=5,                                                             
   igb=8, gbsa=1,                                                              
   cut=9999.0, rgbmax=9998.0,                                                  
   ntc=2, ntf=1, tol=0.000001,                                                 
   ntt=3, gamma_ln=2.0, temp0=300.0,                                           
   ntb=0, nscm=10000,                                                          
   ioutfm=1,                                                                   
   nstlim=500000, dt=0.002,                                                    
   ntpr=50000, ntwx=50000, ntwv=0, ntwr=500000,                                
   nmropt=1,                                                                   
 /                                                                             
 &wt                                                                           
  type='END',                                                                  
 /                                                                             
DISANG=run_57.disang                                                           
                                                                               

--------------------------------------------------------------------------------
   1.  RESOURCE   USE: 
--------------------------------------------------------------------------------

| Flags: MPI                                                                    
| New format PARM file being parsed.
| Version =    1.000 Date = 04/27/13 Time = 01:42:54
 NATOM  =      32 NTYPES =       7 NBONH =      17 MBONA  =      14
 NTHETH =      36 MTHETA =      18 NPHIH =      64 MPHIA  =      45
 NHPARM =       0 NPARM  =       0 NNB   =     152 NRES   =       4
 NBONA  =      14 NTHETA =      18 NPHIA =      45 NUMBND =      11
 NUMANG =      21 NPTRA  =      20 NATYP =       8 NPHB   =       0
 IFBOX  =       0 NMXRS  =      10 IFCAP =       0 NEXTRA =       0
 NCOPY  =       0

 Implicit solvent radii are ArgH and AspGluO modified Bondi2 radii (mbondi3)                                
 Replacing prmtop screening parameters with GBn2 (igb=8) values

|     Memory Use     Allocated
|     Real                2330
|     Hollerith            102
|     Integer            23034
|     Max Pairs              1
|     nblistReal             0
|     nblist Int             0
|       Total              108 kbytes

| Note: 1-4 EEL scale factors are being read from the topology file.

| Note: 1-4 VDW scale factors are being read from the topology file.
| Duplicated    0 dihedrals
| Duplicated    0 dihedrals

--------------------------------------------------------------------------------
   2.  CONTROL  DATA  FOR  THE  RUN
--------------------------------------------------------------------------------

ACE                                                                             

General flags:
     imin    =       0, nmropt  =       1

Nature and format of input:
     ntx     =       5, irest   =       1, ntrx    =       1

Nature and format of output:
     ntxo    =       1, ntpr    =   50000, ntrx    =       1, ntwr    =  500000
     iwrap   =       0, ntwx    =   50000, ntwv    =       0, ntwe    =       0
     ioutfm  =       1, ntwprt  =       0, idecomp =       0, rbornstat=      0

Potential function:
     ntf     =       1, ntb     =       0, igb     =       8, nsnb    =      25
     ipol    =       0, gbsa    =       1, iesp    =       0
     dielc   =   1.00000, cut     =9999.00000, intdiel =   1.00000
     saltcon =   0.00000, offset  =   0.19514, surften =   0.00500
     rdt     =   0.00000, rgbmax  =9998.00000  extdiel =  78.50000
     alpb  =        0
     gbalphaH  =   0.78844, gbbetaH   =   0.79870,  gbgammaH  =    0.43733
     gbalphaC  =   0.73376, gbbetaC   =   0.50638,  gbgammaC  =    0.20584
     gbalphaN  =   0.50336, gbbetaN   =   0.31683,  gbgammaN  =    0.19292
     gbalphaOS =   0.86781, gbbetaOS  =   0.87664,  gbgammaOS =    0.38788
     gbalphaP  =   1.00000, gbbetaP   =   0.80000,  gbgammaP  =    4.85000

Frozen or restrained atoms:
     ibelly  =       0, ntr     =       0

Molecular dynamics:
     nstlim  =    500000, nscm    =     10000, nrespa  =         1
     t       =   0.00000, dt      =   0.00200, vlimit  =  20.00000

Langevin dynamics temperature regulation:
     ig      =  358023
     temp0   = 300.00000, tempi   =   0.00000, gamma_ln=   2.00000

SHAKE:
     ntc     =       2, jfastw  =       0
     tol     =   0.00000

NMR refinement options:
     iscale  =       0, noeskp  =       1, ipnlty  =       1, mxsub   =       1
     scalm   = 100.00000, pencut  =   0.10000, tausw   =   0.10000

| MPI Timing options:
|      profile_mpi =        0
|  INFO: Old style inpcrd file read


--------------------------------------------------------------------------------
   3.  ATOMIC COORDINATES AND VELOCITIES
--------------------------------------------------------------------------------

ACE                                                                             
 begin time read from input coords =  1000.000 ps



           Begin reading energy term weight changes/NMR restraints
 WEIGHT CHANGES:
                         ** No weight changes given **

 RESTRAINTS:
 Requested file redirections:
  DISANG    = run_57.disang
 Restraints will be read from file: run_57.disang
Here are comments from the DISANG input file:

                       Number of restraints read =     2

                  Done reading weight changes/NMR restraints


 Number of triangulated 3-point waters found:        0
|  Atom division among processors:
|         0      16      32
|  Running AMBER/MPI version on    2 nodes


--------------------------------------------------------------------------------
   4.  RESULTS
--------------------------------------------------------------------------------

|  # of SOLUTE  degrees of freedom (RNDFP):      79.
|  # of SOLVENT degrees of freedom (RNDFS):       0.
|  NDFMIN =      79.     NUM_NOSHAKE =      0     CORRECTED RNDFP =      79.
|  TOTAL # of degrees of freedom (RNDF) =      79.
| RE_POSITION Moving by  -8.943071 -1.963307  4.380415
| RE_POSITION Moving by   9.227666  4.630233  3.782131
| RE_POSITION Moving by   2.699052  2.650319  5.522450
| RE_POSITION Moving by  -0.919471  1.769157  3.748492
| RE_POSITION Moving by  -4.689836 -3.666601 -4.574880

 NSTEP =    50000   TIME(PS) =    1100.000  TEMP(K) =   246.24  PRESS =     0.0
 Etot   =        15.4578  EKtot   =        19.3284  EPtot      =        -3.8706
 BOND   =         4.9660  ANGLE   =        14.1122  DIHED      =        30.6175
 1-4 NB =         3.6044  1-4 EEL =       107.8135  VDWAALS    =        -3.6832
 EELEC  =      -137.4938  EGB     =       -26.0570  RESTRAINT  =         0.2522
 ESURF=         1.9976
 EAMBER (non-restraint)  =        -4.1228
 ------------------------------------------------------------------------------

 NMR restraints: Bond =    0.000   Angle =     0.000   Torsion =     0.252
===============================================================================
| RE_POSITION Moving by   9.163546 -0.035370  3.550425
| RE_POSITION Moving by  -6.630205 -1.605484  4.677307
| RE_POSITION Moving by   6.717779 -5.109529  0.809305
| RE_POSITION Moving by -10.445829  0.974701 -3.706461
| RE_POSITION Moving by   4.766432 -1.098012  0.295408

 NSTEP =   100000   TIME(PS) =    1200.000  TEMP(K) =   216.25  PRESS =     0.0
 Etot   =        10.3873  EKtot   =        16.9744  EPtot      =        -6.5871
 BOND   =         3.9743  ANGLE   =        11.2815  DIHED      =        30.5981
 1-4 NB =         3.8716  1-4 EEL =       106.2052  VDWAALS    =        -3.0223
 EELEC  =      -137.3812  EGB     =       -24.6933  RESTRAINT  =         0.5974
 ESURF=         1.9816
 EAMBER (non-restraint)  =        -7.1845
 ------------------------------------------------------------------------------

 NMR restraints: Bond =    0.000   Angle =     0.000   Torsion =     0.597
===============================================================================
| RE_POSITION Moving by   3.822881  5.682801  9.288174
| RE_POSITION Moving by   6.197238 -3.144883  7.343641
| RE_POSITION Moving by  13.090398 -5.035833 -4.319174
| RE_POSITION Moving by   2.208365  0.608456 -6.682687
| RE_POSITION Moving by   9.178314 -5.462507 -4.775675

 NSTEP =   150000   TIME(PS) =    1300.000  TEMP(K) =   319.94  PRESS =     0.0
 Etot   =        30.2523  EKtot   =        25.1135  EPtot      =         5.1388
 BOND   =         8.0412  ANGLE   =        17.2460  DIHED      =        31.3025
 1-4 NB =         5.1536  1-4 EEL =       109.7250  VDWAALS    =        -3.9431
 EELEC  =      -142.9384  EGB     =       -23.2380  RESTRAINT  =         1.8403
 ESURF=         1.9499
 EAMBER (non-restraint)  =         3.2985
 ------------------------------------------------------------------------------

 NMR restraints: Bond =    0.000   Angle =     0.000   Torsion =     1.840
===============================================================================
| RE_POSITION Moving by  -6.501518 -1.402170-14.877726
| RE_POSITION Moving by   3.008346 -1.893679-10.867458
| RE_POSITION Moving by   7.028288 -5.240917  8.594430
| RE_POSITION Moving by  -5.951557  0.207283 13.860882
| RE_POSITION Moving by  -6.135532 -2.730410 -0.788732

 NSTEP =   200000   TIME(PS) =    1400.000  TEMP(K) =   237.64  PRESS =     0.0
 Etot   =        19.2313  EKtot   =        18.6536  EPtot      =         0.5778
 BOND   =         4.4216  ANGLE   =        19.1139  DIHED      =        29.5126
 1-4 NB =         4.5674  1-4 EEL =       107.5740  VDWAALS    =        -3.6597
 EELEC  =      -141.7860  EGB     =       -22.0418  RESTRAINT  =         0.8459
 ESURF=         2.0296
 EAMBER (non-restraint)  =        -0.2682
 ------------------------------------------------------------------------------

 NMR restraints: Bond =    0.000   Angle =     0.000   Torsion =     0.846
===============================================================================
| RE_POSITION Moving by  -0.296024  8.467735  2.361207
| RE_POSITION Moving by  -0.297425-12.347382 -3.403053
| RE_POSITION Moving by -11.446374  0.004829 -2.966102
| RE_POSITION Moving by   1.672777  0.024683  5.478533
| RE_POSITION Moving by   9.201996  0.826827  8.405311

 NSTEP =   250000   TIME(PS) =    1500.000  TEMP(K) =   236.79  PRESS =     0.0
 Etot   =        18.0325  EKtot   =        18.5867  EPtot      =        -0.5542
 BOND   =         6.7825  ANGLE   =         9.9885  DIHED      =        30.9739
 1-4 NB =         4.8236  1-4 EEL =       114.4887  VDWAALS    =        -3.8675
 EELEC  =      -145.5883  EGB     =       -22.1824  RESTRAINT  =         2.0686
 ESURF=         1.9580
 EAMBER (non-restraint)  =        -2.6228
 ------------------------------------------------------------------------------

 NMR restraints: Bond =    0.000   Angle =     0.000   Torsion =     2.069
===============================================================================
| RE_POSITION Moving by  -5.639101 -7.098271  7.430564
| RE_POSITION Moving by  -6.839282 -3.412290 -3.606177
| RE_POSITION Moving by   3.934735  2.977089 -2.597229
| RE_POSITION Moving by   7.818503 -1.696397 -8.304246
| RE_POSITION Moving by  -5.293286 -0.370998  3.020052

 NSTEP =   300000   TIME(PS) =    1600.000  TEMP(K) =   286.12  PRESS =     0.0
 Etot   =        28.9293  EKtot   =        22.4588  EPtot      =         6.4705
 BOND   =         6.9312  ANGLE   =        19.9344  DIHED      =        30.7130
 1-4 NB =         6.0488  1-4 EEL =       107.7952  VDWAALS    =        -3.9340
 EELEC  =      -140.9500  EGB     =       -22.6223  RESTRAINT  =         0.6536
 ESURF=         1.9005
 EAMBER (non-restraint)  =         5.8169
 ------------------------------------------------------------------------------

 NMR restraints: Bond =    0.000   Angle =     0.000   Torsion =     0.654
===============================================================================
| RE_POSITION Moving by   3.137920 -2.738526  2.366903
| RE_POSITION Moving by   1.306712 -0.260610  4.732850
| RE_POSITION Moving by   0.487575 -0.874141  3.381533
| RE_POSITION Moving by  -4.463349 -6.149850 -6.485382
| RE_POSITION Moving by -11.319813 -0.026818  1.694945

 NSTEP =   350000   TIME(PS) =    1700.000  TEMP(K) =   332.96  PRESS =     0.0
 Etot   =        28.2092  EKtot   =        26.1355  EPtot      =         2.0737
 BOND   =         2.5693  ANGLE   =        14.1069  DIHED      =        34.0440
 1-4 NB =         5.7902  1-4 EEL =       113.0774  VDWAALS    =        -3.4931
 EELEC  =      -141.9944  EGB     =       -24.7731  RESTRAINT  =         0.7887
 ESURF=         1.9578
 EAMBER (non-restraint)  =         1.2850
 ------------------------------------------------------------------------------

 NMR restraints: Bond =    0.000   Angle =     0.000   Torsion =     0.789
===============================================================================
| RE_POSITION Moving by  -3.331796 -1.625566 -2.807857
| RE_POSITION Moving by   2.396494 -5.849417 -1.783545
| RE_POSITION Moving by  -1.016011 -4.056908  1.217758
| RE_POSITION Moving by  -3.066254 -3.712899  2.736996
| RE_POSITION Moving by  -7.240570 -0.877105 -2.220483

 NSTEP =   400000   TIME(PS) =    1800.000  TEMP(K) =   261.47  PRESS =     0.0
 Etot   =        14.9834  EKtot   =        20.5241  EPtot      =        -5.5407
 BOND   =         5.3836  ANGLE   =        12.5292  DIHED      =        29.7471
 1-4 NB =         3.8562  1-4 EEL =       112.0899  VDWAALS    =        -3.2585
 EELEC  =      -141.6528  EGB     =       -26.2630  RESTRAINT  =         0.0260
 ESURF=         2.0017
 EAMBER (non-restraint)  =        -5.5666
 ------------------------------------------------------------------------------

 NMR restraints: Bond =    0.000   Angle =     0.000   Torsion =     0.026
===============================================================================
| RE_POSITION Moving by  -9.086459  2.117189 -0.012431
| RE_POSITION Moving by  -3.293759 -4.639548 -0.878123
| RE_POSITION Moving by  -5.331964 -3.020208  9.376590
| RE_POSITION Moving by   7.113121 -0.829048 -4.966843
| RE_POSITION Moving by  -1.107003  2.625028 -5.725560

 NSTEP =   450000   TIME(PS) =    1900.000  TEMP(K) =   264.27  PRESS =     0.0
 Etot   =        18.3933  EKtot   =        20.7440  EPtot      =        -2.3507
 BOND   =         5.6861  ANGLE   =        15.7378  DIHED      =        32.5872
 1-4 NB =         3.7272  1-4 EEL =       107.2592  VDWAALS    =        -4.7689
 EELEC  =      -144.2005  EGB     =       -20.3581  RESTRAINT  =         0.0756
 ESURF=         1.9036
 EAMBER (non-restraint)  =        -2.4263
 ------------------------------------------------------------------------------

 NMR restraints: Bond =    0.000   Angle =     0.000   Torsion =     0.076
===============================================================================
| RE_POSITION Moving by  -5.495373 -2.024523 -4.361358
| RE_POSITION Moving by   1.969728 -1.572390  2.560068
| RE_POSITION Moving by   3.238914  1.130832 -1.563627
| RE_POSITION Moving by  -2.274612 -9.123393  1.135012
| RE_POSITION Moving by -10.152611  6.818552  4.234748

 NSTEP =   500000   TIME(PS) =    2000.000  TEMP(K) =   350.73  PRESS =     0.0
 Etot   =        23.8940  EKtot   =        27.5306  EPtot      =        -3.6366
 BOND   =         5.6481  ANGLE   =         8.7374  DIHED      =        33.7773
 1-4 NB =         4.3717  1-4 EEL =       111.9410  VDWAALS    =        -2.2549
 EELEC  =      -141.0101  EGB     =       -26.9457  RESTRAINT  =         0.1289
 ESURF=         1.9699
 EAMBER (non-restraint)  =        -3.7655
 ------------------------------------------------------------------------------

 NMR restraints: Bond =    0.000   Angle =     0.000   Torsion =     0.129
===============================================================================

      A V E R A G E S   O V E R  500000 S T E P S


 NSTEP =   500000   TIME(PS) =    2000.000  TEMP(K) =   299.99  PRESS =     0.0
 Etot   =        24.4802  EKtot   =        23.5477  EPtot      =         0.9324
 BOND   =         5.4359  ANGLE   =        15.2764  DIHED      =        31.5406
 1-4 NB =         4.8194  1-4 EEL =       110.7702  VDWAALS    =        -3.5239
 EELEC  =      -142.5605  EGB     =       -23.5614  RESTRAINT  =         0.7818
 ESURF=         1.9540
 EAMBER (non-restraint)  =         0.1506
 ------------------------------------------------------------------------------

 NMR restraints: Bond =    0.000   Angle =     0.000   Torsion =     0.129
===============================================================================

      R M S  F L U C T U A T I O N S


 NSTEP =   500000   TIME(PS) =    2000.000  TEMP(K) =    47.24  PRESS =     0.0
 Etot   =         5.3045  EKtot   =         3.7084  EPtot      =         3.8231
 BOND   =         1.9840  ANGLE   =         3.1781  DIHED      =         2.2923
 1-4 NB =         0.9931  1-4 EEL =         3.2917  VDWAALS    =         0.7537
 EELEC  =         3.6972  EGB     =         2.3636  RESTRAINT  =         1.3497
 ESURF=         0.0397
 EAMBER (non-restraint)  =         2.4734
 ------------------------------------------------------------------------------


 NMR restraints on final step:


--------------------------------------------------------------------------------
   5.  TIMINGS
--------------------------------------------------------------------------------

|>>>>>>>>PROFILE of Average TIMES>>>>>>>>> 
|                Calc gb radii             26.96 ( 7.62% of Gen B)
|                Communicate gb radii     228.42 (64.56% of Gen B)
|                Calc gb diag              38.99 (11.02% of Gen B)
|                Calc gb off-diag          24.47 ( 6.92% of Gen B)
|                Surface area energy       34.30 ( 9.69% of Gen B)
|                Other                      0.65 ( 0.18% of Gen B)
|             Gen Born time            353.80 (100.0% of Nonbo)
|             IPS excludes               0.08 ( 0.02% of Nonbo)
|          Nonbond force            353.87 (29.17% of Force)
|          Bond/Angle/Dihedral       12.07 ( 0.99% of Force)
|          FRC Collect time         611.73 (50.42% of Force)
|          Other                    235.66 (19.42% of Force)
|       Force time              1213.33 (77.93% of Runmd)
|       Shake time                 1.62 ( 0.10% of Runmd)
|       Verlet update time       268.29 (17.23% of Runmd)
|       CRD distribute time       72.71 ( 4.67% of Runmd)
|       Other                      1.08 ( 0.07% of Runmd)
|    Runmd Time              1557.04 (100.0% of Total)
|    Other                      0.09 ( 0.01% of Total)
| Total time              1557.13 (100.0% of ALL  )

| Number of list builds   :          0

| Highest rstack allocated:          0
| Highest istack allocated:          0

| Final Performance Info:
| -----------------------------------------------------
| Average timings for all steps:
|     Elapsed(s) =    1557.04 Per Step(ms) =       3.11
|         ns/day =      55.49   seconds/ns =    1557.04
| -----------------------------------------------------

|           Job began  at 14:29:30.555  on 08/26/2013
|           Setup done at 14:29:30.654  on 08/26/2013
|           Run   done at 14:55:27.697  on 08/26/2013
|     wallclock() was called18500023 times
