
          -------------------------------------------------------
          Amber 12 SANDER                              2012
          -------------------------------------------------------

| Run on 08/26/2013 at 14:29:30
  [-O]verwriting output

File Assignments:
|  MDIN: run_114.in                                                            
| MDOUT: run_114.out                                                           
|INPCRD: ../1_eq1/run.rst                                                      
|  PARM: parm                                                                  
|RESTRT: run_114.rst                                                           
|  REFC: refc                                                                  
| MDVEL: mdvel                                                                 
|  MDEN: mden                                                                  
| MDCRD: run_114.nc                                                            
|MDINFO: mdinfo                                                                
|  MTMD: mtmd                                                                  
|INPDIP: inpdip                                                                
|RSTDIP: rstdip                                                                

|INPTRA: inptraj                                                               
|
 
 Here is the input file:
 
equilibration with restraint                                                   
 &cntrl                                                                        
   ig=149802,                                                                  
   irest=1, ntx=5,                                                             
   igb=8, gbsa=1,                                                              
   cut=9999.0, rgbmax=9998.0,                                                  
   ntc=2, ntf=1, tol=0.000001,                                                 
   ntt=3, gamma_ln=2.0, temp0=300.0,                                           
   ntb=0, nscm=10000,                                                          
   ioutfm=1,                                                                   
   nstlim=500000, dt=0.002,                                                    
   ntpr=50000, ntwx=50000, ntwv=0, ntwr=500000,                                
   nmropt=1,                                                                   
 /                                                                             
 &wt                                                                           
  type='END',                                                                  
 /                                                                             
DISANG=run_114.disang                                                          
                                                                               

--------------------------------------------------------------------------------
   1.  RESOURCE   USE: 
--------------------------------------------------------------------------------

| Flags: MPI                                                                    
| New format PARM file being parsed.
| Version =    1.000 Date = 04/27/13 Time = 01:42:54
 NATOM  =      32 NTYPES =       7 NBONH =      17 MBONA  =      14
 NTHETH =      36 MTHETA =      18 NPHIH =      64 MPHIA  =      45
 NHPARM =       0 NPARM  =       0 NNB   =     152 NRES   =       4
 NBONA  =      14 NTHETA =      18 NPHIA =      45 NUMBND =      11
 NUMANG =      21 NPTRA  =      20 NATYP =       8 NPHB   =       0
 IFBOX  =       0 NMXRS  =      10 IFCAP =       0 NEXTRA =       0
 NCOPY  =       0

 Implicit solvent radii are ArgH and AspGluO modified Bondi2 radii (mbondi3)                                
 Replacing prmtop screening parameters with GBn2 (igb=8) values

|     Memory Use     Allocated
|     Real                2330
|     Hollerith            102
|     Integer            23034
|     Max Pairs              1
|     nblistReal             0
|     nblist Int             0
|       Total              108 kbytes

| Note: 1-4 EEL scale factors are being read from the topology file.

| Note: 1-4 VDW scale factors are being read from the topology file.
| Duplicated    0 dihedrals
| Duplicated    0 dihedrals

--------------------------------------------------------------------------------
   2.  CONTROL  DATA  FOR  THE  RUN
--------------------------------------------------------------------------------

ACE                                                                             

General flags:
     imin    =       0, nmropt  =       1

Nature and format of input:
     ntx     =       5, irest   =       1, ntrx    =       1

Nature and format of output:
     ntxo    =       1, ntpr    =   50000, ntrx    =       1, ntwr    =  500000
     iwrap   =       0, ntwx    =   50000, ntwv    =       0, ntwe    =       0
     ioutfm  =       1, ntwprt  =       0, idecomp =       0, rbornstat=      0

Potential function:
     ntf     =       1, ntb     =       0, igb     =       8, nsnb    =      25
     ipol    =       0, gbsa    =       1, iesp    =       0
     dielc   =   1.00000, cut     =9999.00000, intdiel =   1.00000
     saltcon =   0.00000, offset  =   0.19514, surften =   0.00500
     rdt     =   0.00000, rgbmax  =9998.00000  extdiel =  78.50000
     alpb  =        0
     gbalphaH  =   0.78844, gbbetaH   =   0.79870,  gbgammaH  =    0.43733
     gbalphaC  =   0.73376, gbbetaC   =   0.50638,  gbgammaC  =    0.20584
     gbalphaN  =   0.50336, gbbetaN   =   0.31683,  gbgammaN  =    0.19292
     gbalphaOS =   0.86781, gbbetaOS  =   0.87664,  gbgammaOS =    0.38788
     gbalphaP  =   1.00000, gbbetaP   =   0.80000,  gbgammaP  =    4.85000

Frozen or restrained atoms:
     ibelly  =       0, ntr     =       0

Molecular dynamics:
     nstlim  =    500000, nscm    =     10000, nrespa  =         1
     t       =   0.00000, dt      =   0.00200, vlimit  =  20.00000

Langevin dynamics temperature regulation:
     ig      =  149802
     temp0   = 300.00000, tempi   =   0.00000, gamma_ln=   2.00000

SHAKE:
     ntc     =       2, jfastw  =       0
     tol     =   0.00000

NMR refinement options:
     iscale  =       0, noeskp  =       1, ipnlty  =       1, mxsub   =       1
     scalm   = 100.00000, pencut  =   0.10000, tausw   =   0.10000

| MPI Timing options:
|      profile_mpi =        0
|  INFO: Old style inpcrd file read


--------------------------------------------------------------------------------
   3.  ATOMIC COORDINATES AND VELOCITIES
--------------------------------------------------------------------------------

ACE                                                                             
 begin time read from input coords =  1000.000 ps



           Begin reading energy term weight changes/NMR restraints
 WEIGHT CHANGES:
                         ** No weight changes given **

 RESTRAINTS:
 Requested file redirections:
  DISANG    = run_114.disang
 Restraints will be read from file: run_114.disang
Here are comments from the DISANG input file:

                       Number of restraints read =     2

                  Done reading weight changes/NMR restraints


 Number of triangulated 3-point waters found:        0
|  Atom division among processors:
|         0      16      32
|  Running AMBER/MPI version on    2 nodes


--------------------------------------------------------------------------------
   4.  RESULTS
--------------------------------------------------------------------------------

|  # of SOLUTE  degrees of freedom (RNDFP):      79.
|  # of SOLVENT degrees of freedom (RNDFS):       0.
|  NDFMIN =      79.     NUM_NOSHAKE =      0     CORRECTED RNDFP =      79.
|  TOTAL # of degrees of freedom (RNDF) =      79.
| RE_POSITION Moving by  -8.646447 -4.124719 -3.947178
| RE_POSITION Moving by  -5.537837 -4.896534 -4.780353
| RE_POSITION Moving by   2.640707  2.438183 -3.553073
| RE_POSITION Moving by  -4.948762  3.534299  6.103336
| RE_POSITION Moving by   0.924996 -1.624998  5.152650

 NSTEP =    50000   TIME(PS) =    1100.000  TEMP(K) =   311.26  PRESS =     0.0
 Etot   =        17.5395  EKtot   =        24.4319  EPtot      =        -6.8923
 BOND   =         5.4498  ANGLE   =        15.0527  DIHED      =        24.6431
 1-4 NB =         3.8124  1-4 EEL =       117.4706  VDWAALS    =        -3.1818
 EELEC  =      -150.2735  EGB     =       -23.5381  RESTRAINT  =         1.6941
 ESURF=         1.9783
 EAMBER (non-restraint)  =        -8.5865
 ------------------------------------------------------------------------------

 NMR restraints: Bond =    0.000   Angle =     0.000   Torsion =     1.694
===============================================================================
| RE_POSITION Moving by   3.454346 -4.294337  0.985337
| RE_POSITION Moving by   5.582684 -0.895121-15.011147
| RE_POSITION Moving by  12.357091 -2.958835 -1.589827
| RE_POSITION Moving by   6.341136  1.244431  1.552835
| RE_POSITION Moving by   7.484667  4.968512  1.193692

 NSTEP =   100000   TIME(PS) =    1200.000  TEMP(K) =   322.70  PRESS =     0.0
 Etot   =        23.0628  EKtot   =        25.3299  EPtot      =        -2.2671
 BOND   =         4.1481  ANGLE   =        12.0486  DIHED      =        29.6312
 1-4 NB =         5.6680  1-4 EEL =       121.2447  VDWAALS    =        -2.1944
 EELEC  =      -153.2796  EGB     =       -21.8754  RESTRAINT  =         0.3658
 ESURF=         1.9760
 EAMBER (non-restraint)  =        -2.6329
 ------------------------------------------------------------------------------

 NMR restraints: Bond =    0.000   Angle =     0.000   Torsion =     0.366
===============================================================================
| RE_POSITION Moving by   4.854253  1.174332 -4.512302
| RE_POSITION Moving by   8.696405 -1.554628 -0.660435
| RE_POSITION Moving by  -3.588967 -1.889889  0.487409
| RE_POSITION Moving by   4.748671 -1.446743 -4.123902
| RE_POSITION Moving by   4.532207  0.831365  1.865789

 NSTEP =   150000   TIME(PS) =    1300.000  TEMP(K) =   294.21  PRESS =     0.0
 Etot   =        17.6657  EKtot   =        23.0936  EPtot      =        -5.4280
 BOND   =         4.0990  ANGLE   =        16.4839  DIHED      =        26.6968
 1-4 NB =         4.2915  1-4 EEL =       117.7123  VDWAALS    =        -3.7032
 EELEC  =      -146.5152  EGB     =       -26.9241  RESTRAINT  =         0.4595
 ESURF=         1.9716
 EAMBER (non-restraint)  =        -5.8874
 ------------------------------------------------------------------------------

 NMR restraints: Bond =    0.000   Angle =     0.000   Torsion =     0.459
===============================================================================
| RE_POSITION Moving by   3.670643  0.154786  4.527043
| RE_POSITION Moving by  -0.571622  2.541685 -4.282839
| RE_POSITION Moving by   3.009424  1.308450  7.444761
| RE_POSITION Moving by -11.530988 -1.672159-13.376133
| RE_POSITION Moving by  -4.027290 -1.962281 -3.196171

 NSTEP =   200000   TIME(PS) =    1400.000  TEMP(K) =   297.71  PRESS =     0.0
 Etot   =        19.4426  EKtot   =        23.3686  EPtot      =        -3.9261
 BOND   =         6.2420  ANGLE   =        14.2286  DIHED      =        26.0250
 1-4 NB =         4.1773  1-4 EEL =       117.9498  VDWAALS    =        -3.4863
 EELEC  =      -149.1910  EGB     =       -24.8920  RESTRAINT  =         3.0203
 ESURF=         2.0000
 EAMBER (non-restraint)  =        -6.9464
 ------------------------------------------------------------------------------

 NMR restraints: Bond =    0.000   Angle =     0.000   Torsion =     3.020
===============================================================================
| RE_POSITION Moving by   0.337827 -4.287541  3.401287
| RE_POSITION Moving by   4.265892 -2.620270 -1.791277
| RE_POSITION Moving by   0.637740 -6.997820  3.907210
| RE_POSITION Moving by  -3.243274 -1.460299  0.550653
| RE_POSITION Moving by  -2.948650  4.439171  7.813500

 NSTEP =   250000   TIME(PS) =    1500.000  TEMP(K) =   311.67  PRESS =     0.0
 Etot   =        20.1973  EKtot   =        24.4641  EPtot      =        -4.2668
 BOND   =         4.0053  ANGLE   =        13.6443  DIHED      =        30.6540
 1-4 NB =         5.6948  1-4 EEL =       125.0492  VDWAALS    =        -3.6951
 EELEC  =      -161.3280  EGB     =       -20.2031  RESTRAINT  =         0.0119
 ESURF=         1.9000
 EAMBER (non-restraint)  =        -4.2787
 ------------------------------------------------------------------------------

 NMR restraints: Bond =    0.000   Angle =     0.000   Torsion =     0.012
===============================================================================
| RE_POSITION Moving by   0.156594 10.045538  5.353821
| RE_POSITION Moving by  -0.015300 -6.775243  5.079523
| RE_POSITION Moving by   2.253283 -1.552924  7.472654
| RE_POSITION Moving by  -2.194867 -1.763011  6.561106
| RE_POSITION Moving by   0.329757  1.735351  8.058138

 NSTEP =   300000   TIME(PS) =    1600.000  TEMP(K) =   284.59  PRESS =     0.0
 Etot   =        18.8475  EKtot   =        22.3390  EPtot      =        -3.4915
 BOND   =         5.9648  ANGLE   =        14.6887  DIHED      =        27.4681
 1-4 NB =         5.9470  1-4 EEL =       121.2027  VDWAALS    =        -3.8499
 EELEC  =      -152.7209  EGB     =       -24.4337  RESTRAINT  =         0.3012
 ESURF=         1.9405
 EAMBER (non-restraint)  =        -3.7927
 ------------------------------------------------------------------------------

 NMR restraints: Bond =    0.000   Angle =     0.000   Torsion =     0.301
===============================================================================
| RE_POSITION Moving by   5.012374  1.370407  0.224915
| RE_POSITION Moving by  -0.560473 -2.496798 -7.249888
| RE_POSITION Moving by   3.207207  1.924655 -4.797727
| RE_POSITION Moving by  -0.630522 -1.241785  0.436440
| RE_POSITION Moving by   0.813218  5.666927 -0.778143

 NSTEP =   350000   TIME(PS) =    1700.000  TEMP(K) =   418.52  PRESS =     0.0
 Etot   =        29.3755  EKtot   =        32.8511  EPtot      =        -3.4756
 BOND   =         4.8083  ANGLE   =        17.1237  DIHED      =        26.6000
 1-4 NB =         5.3857  1-4 EEL =       117.0632  VDWAALS    =        -4.3761
 EELEC  =      -151.1928  EGB     =       -21.6591  RESTRAINT  =         0.8614
 ESURF=         1.9099
 EAMBER (non-restraint)  =        -4.3370
 ------------------------------------------------------------------------------

 NMR restraints: Bond =    0.000   Angle =     0.000   Torsion =     0.861
===============================================================================
| RE_POSITION Moving by  -3.704557 -1.714819  3.475944
| RE_POSITION Moving by   0.402780 -7.218753  3.193873
| RE_POSITION Moving by  -2.073733 -5.143504  5.384698
| RE_POSITION Moving by   2.518086  1.970031  3.598035
| RE_POSITION Moving by   9.496054 -2.520914  2.532016

 NSTEP =   400000   TIME(PS) =    1800.000  TEMP(K) =   389.01  PRESS =     0.0
 Etot   =        25.3016  EKtot   =        30.5346  EPtot      =        -5.2330
 BOND   =         5.0648  ANGLE   =        15.9610  DIHED      =        28.3927
 1-4 NB =         4.6603  1-4 EEL =       121.3654  VDWAALS    =        -5.6513
 EELEC  =      -154.3391  EGB     =       -22.5708  RESTRAINT  =         0.0294
 ESURF=         1.8547
 EAMBER (non-restraint)  =        -5.2624
 ------------------------------------------------------------------------------

 NMR restraints: Bond =    0.000   Angle =     0.000   Torsion =     0.029
===============================================================================
| RE_POSITION Moving by  -3.442349  0.204398  5.182820
| RE_POSITION Moving by  -4.234012  1.429418 -5.079419
| RE_POSITION Moving by   3.802028 -8.073788  2.647864
| RE_POSITION Moving by  -4.044025 -3.488480  6.006926
| RE_POSITION Moving by  -2.756330  2.685541  6.170476

 NSTEP =   450000   TIME(PS) =    1900.000  TEMP(K) =   406.62  PRESS =     0.0
 Etot   =        26.5831  EKtot   =        31.9171  EPtot      =        -5.3339
 BOND   =         2.6292  ANGLE   =        17.6110  DIHED      =        29.1906
 1-4 NB =         4.9667  1-4 EEL =       120.0175  VDWAALS    =        -5.5548
 EELEC  =      -154.1252  EGB     =       -22.1106  RESTRAINT  =         0.1973
 ESURF=         1.8445
 EAMBER (non-restraint)  =        -5.5313
 ------------------------------------------------------------------------------

 NMR restraints: Bond =    0.000   Angle =     0.000   Torsion =     0.197
===============================================================================
| RE_POSITION Moving by   1.666183 -0.504201 -1.796596
| RE_POSITION Moving by   0.334073 -5.527858  5.778440
| RE_POSITION Moving by  -7.049106  3.544240  5.684009
| RE_POSITION Moving by   3.439067  3.171606  1.036861
| RE_POSITION Moving by  -0.993692 -2.632770  0.604749

 NSTEP =   500000   TIME(PS) =    2000.000  TEMP(K) =   283.18  PRESS =     0.0
 Etot   =        15.0876  EKtot   =        22.2278  EPtot      =        -7.1402
 BOND   =         2.9078  ANGLE   =        12.0585  DIHED      =        29.3069
 1-4 NB =         4.5774  1-4 EEL =       116.1943  VDWAALS    =        -4.4903
 EELEC  =      -148.7630  EGB     =       -22.2596  RESTRAINT  =         1.4152
 ESURF=         1.9125
 EAMBER (non-restraint)  =        -8.5554
 ------------------------------------------------------------------------------

 NMR restraints: Bond =    0.000   Angle =     0.000   Torsion =     1.415
===============================================================================

      A V E R A G E S   O V E R  500000 S T E P S


 NSTEP =   500000   TIME(PS) =    2000.000  TEMP(K) =   300.37  PRESS =     0.0
 Etot   =        21.5075  EKtot   =        23.5776  EPtot      =        -2.0702
 BOND   =         5.3205  ANGLE   =        14.6947  DIHED      =        29.1118
 1-4 NB =         4.9572  1-4 EEL =       119.4469  VDWAALS    =        -3.8849
 EELEC  =      -151.5592  EGB     =       -22.9637  RESTRAINT  =         0.8642
 ESURF=         1.9424
 EAMBER (non-restraint)  =        -2.9344
 ------------------------------------------------------------------------------

 NMR restraints: Bond =    0.000   Angle =     0.000   Torsion =     1.415
===============================================================================

      R M S  F L U C T U A T I O N S


 NSTEP =   500000   TIME(PS) =    2000.000  TEMP(K) =    47.20  PRESS =     0.0
 Etot   =         5.3148  EKtot   =         3.7052  EPtot      =         3.8929
 BOND   =         1.9368  ANGLE   =         3.0583  DIHED      =         2.4287
 1-4 NB =         0.9819  1-4 EEL =         3.1074  VDWAALS    =         0.8962
 EELEC  =         3.5368  EGB     =         1.7103  RESTRAINT  =         1.0670
 ESURF=         0.0520
 EAMBER (non-restraint)  =         2.8259
 ------------------------------------------------------------------------------


 NMR restraints on final step:


--------------------------------------------------------------------------------
   5.  TIMINGS
--------------------------------------------------------------------------------

|>>>>>>>>PROFILE of Average TIMES>>>>>>>>> 
|                Calc gb radii             26.90 ( 7.63% of Gen B)
|                Communicate gb radii     227.85 (64.67% of Gen B)
|                Calc gb diag              39.07 (11.09% of Gen B)
|                Calc gb off-diag          24.69 ( 7.01% of Gen B)
|                Surface area energy       33.20 ( 9.42% of Gen B)
|                Other                      0.65 ( 0.18% of Gen B)
|             Gen Born time            352.34 (100.0% of Nonbo)
|             IPS excludes               0.09 ( 0.02% of Nonbo)
|          Nonbond force            352.43 (29.25% of Force)
|          Bond/Angle/Dihedral       12.16 ( 1.01% of Force)
|          FRC Collect time         607.21 (50.40% of Force)
|          Other                    232.89 (19.33% of Force)
|       Force time              1204.69 (77.81% of Runmd)
|       Shake time                 1.60 ( 0.10% of Runmd)
|       Verlet update time       268.30 (17.33% of Runmd)
|       CRD distribute time       72.45 ( 4.68% of Runmd)
|       Other                      1.12 ( 0.07% of Runmd)
|    Runmd Time              1548.16 (100.0% of Total)
|    Other                      0.08 ( 0.01% of Total)
| Total time              1548.25 (100.0% of ALL  )

| Number of list builds   :          0

| Highest rstack allocated:          0
| Highest istack allocated:          0

| Final Performance Info:
| -----------------------------------------------------
| Average timings for all steps:
|     Elapsed(s) =    1548.17 Per Step(ms) =       3.10
|         ns/day =      55.81   seconds/ns =    1548.17
| -----------------------------------------------------

|           Job began  at 14:29:30.384  on 08/26/2013
|           Setup done at 14:29:30.470  on 08/26/2013
|           Run   done at 14:55:18.635  on 08/26/2013
|     wallclock() was called18500023 times
