
          -------------------------------------------------------
          Amber 12 SANDER                              2012
          -------------------------------------------------------

| Run on 08/26/2013 at 14:29:30
  [-O]verwriting output

File Assignments:
|  MDIN: run_27.in                                                             
| MDOUT: run_27.out                                                            
|INPCRD: ../1_eq1/run.rst                                                      
|  PARM: parm                                                                  
|RESTRT: run_27.rst                                                            
|  REFC: refc                                                                  
| MDVEL: mdvel                                                                 
|  MDEN: mden                                                                  
| MDCRD: run_27.nc                                                             
|MDINFO: mdinfo                                                                
|  MTMD: mtmd                                                                  
|INPDIP: inpdip                                                                
|RSTDIP: rstdip                                                                

|INPTRA: inptraj                                                               
|
 
 Here is the input file:
 
equilibration with restraint                                                   
 &cntrl                                                                        
   ig=874769,                                                                  
   irest=1, ntx=5,                                                             
   igb=8, gbsa=1,                                                              
   cut=9999.0, rgbmax=9998.0,                                                  
   ntc=2, ntf=1, tol=0.000001,                                                 
   ntt=3, gamma_ln=2.0, temp0=300.0,                                           
   ntb=0, nscm=10000,                                                          
   ioutfm=1,                                                                   
   nstlim=500000, dt=0.002,                                                    
   ntpr=50000, ntwx=50000, ntwv=0, ntwr=500000,                                
   nmropt=1,                                                                   
 /                                                                             
 &wt                                                                           
  type='END',                                                                  
 /                                                                             
DISANG=run_27.disang                                                           
                                                                               

--------------------------------------------------------------------------------
   1.  RESOURCE   USE: 
--------------------------------------------------------------------------------

| Flags: MPI                                                                    
| New format PARM file being parsed.
| Version =    1.000 Date = 04/27/13 Time = 01:42:54
 NATOM  =      32 NTYPES =       7 NBONH =      17 MBONA  =      14
 NTHETH =      36 MTHETA =      18 NPHIH =      64 MPHIA  =      45
 NHPARM =       0 NPARM  =       0 NNB   =     152 NRES   =       4
 NBONA  =      14 NTHETA =      18 NPHIA =      45 NUMBND =      11
 NUMANG =      21 NPTRA  =      20 NATYP =       8 NPHB   =       0
 IFBOX  =       0 NMXRS  =      10 IFCAP =       0 NEXTRA =       0
 NCOPY  =       0

 Implicit solvent radii are ArgH and AspGluO modified Bondi2 radii (mbondi3)                                
 Replacing prmtop screening parameters with GBn2 (igb=8) values

|     Memory Use     Allocated
|     Real                2330
|     Hollerith            102
|     Integer            23034
|     Max Pairs              1
|     nblistReal             0
|     nblist Int             0
|       Total              108 kbytes

| Note: 1-4 EEL scale factors are being read from the topology file.

| Note: 1-4 VDW scale factors are being read from the topology file.
| Duplicated    0 dihedrals
| Duplicated    0 dihedrals

--------------------------------------------------------------------------------
   2.  CONTROL  DATA  FOR  THE  RUN
--------------------------------------------------------------------------------

ACE                                                                             

General flags:
     imin    =       0, nmropt  =       1

Nature and format of input:
     ntx     =       5, irest   =       1, ntrx    =       1

Nature and format of output:
     ntxo    =       1, ntpr    =   50000, ntrx    =       1, ntwr    =  500000
     iwrap   =       0, ntwx    =   50000, ntwv    =       0, ntwe    =       0
     ioutfm  =       1, ntwprt  =       0, idecomp =       0, rbornstat=      0

Potential function:
     ntf     =       1, ntb     =       0, igb     =       8, nsnb    =      25
     ipol    =       0, gbsa    =       1, iesp    =       0
     dielc   =   1.00000, cut     =9999.00000, intdiel =   1.00000
     saltcon =   0.00000, offset  =   0.19514, surften =   0.00500
     rdt     =   0.00000, rgbmax  =9998.00000  extdiel =  78.50000
     alpb  =        0
     gbalphaH  =   0.78844, gbbetaH   =   0.79870,  gbgammaH  =    0.43733
     gbalphaC  =   0.73376, gbbetaC   =   0.50638,  gbgammaC  =    0.20584
     gbalphaN  =   0.50336, gbbetaN   =   0.31683,  gbgammaN  =    0.19292
     gbalphaOS =   0.86781, gbbetaOS  =   0.87664,  gbgammaOS =    0.38788
     gbalphaP  =   1.00000, gbbetaP   =   0.80000,  gbgammaP  =    4.85000

Frozen or restrained atoms:
     ibelly  =       0, ntr     =       0

Molecular dynamics:
     nstlim  =    500000, nscm    =     10000, nrespa  =         1
     t       =   0.00000, dt      =   0.00200, vlimit  =  20.00000

Langevin dynamics temperature regulation:
     ig      =  874769
     temp0   = 300.00000, tempi   =   0.00000, gamma_ln=   2.00000

SHAKE:
     ntc     =       2, jfastw  =       0
     tol     =   0.00000

NMR refinement options:
     iscale  =       0, noeskp  =       1, ipnlty  =       1, mxsub   =       1
     scalm   = 100.00000, pencut  =   0.10000, tausw   =   0.10000

| MPI Timing options:
|      profile_mpi =        0
|  INFO: Old style inpcrd file read


--------------------------------------------------------------------------------
   3.  ATOMIC COORDINATES AND VELOCITIES
--------------------------------------------------------------------------------

ACE                                                                             
 begin time read from input coords =  1000.000 ps



           Begin reading energy term weight changes/NMR restraints
 WEIGHT CHANGES:
                         ** No weight changes given **

 RESTRAINTS:
 Requested file redirections:
  DISANG    = run_27.disang
 Restraints will be read from file: run_27.disang
Here are comments from the DISANG input file:

                       Number of restraints read =     2

                  Done reading weight changes/NMR restraints


 Number of triangulated 3-point waters found:        0
|  Atom division among processors:
|         0      16      32
|  Running AMBER/MPI version on    2 nodes


--------------------------------------------------------------------------------
   4.  RESULTS
--------------------------------------------------------------------------------

|  # of SOLUTE  degrees of freedom (RNDFP):      79.
|  # of SOLVENT degrees of freedom (RNDFS):       0.
|  NDFMIN =      79.     NUM_NOSHAKE =      0     CORRECTED RNDFP =      79.
|  TOTAL # of degrees of freedom (RNDF) =      79.
| RE_POSITION Moving by  -0.639999-10.907594  5.360941
| RE_POSITION Moving by  -1.597910  5.476237 -0.187428
| RE_POSITION Moving by   0.783075-13.252984  7.860389
| RE_POSITION Moving by   2.477441  5.914008  0.777232
| RE_POSITION Moving by   1.692614 -0.651348  4.599047

 NSTEP =    50000   TIME(PS) =    1100.000  TEMP(K) =   368.19  PRESS =     0.0
 Etot   =        20.6491  EKtot   =        28.9004  EPtot      =        -8.2513
 BOND   =         3.6901  ANGLE   =        11.8048  DIHED      =        25.4519
 1-4 NB =         5.2795  1-4 EEL =       116.2594  VDWAALS    =        -3.1213
 EELEC  =      -140.4865  EGB     =       -29.3382  RESTRAINT  =         0.2711
 ESURF=         1.9378
 EAMBER (non-restraint)  =        -8.5224
 ------------------------------------------------------------------------------

 NMR restraints: Bond =    0.000   Angle =     0.000   Torsion =     0.271
===============================================================================
| RE_POSITION Moving by   5.522518  2.709058 -8.954079
| RE_POSITION Moving by   5.719840 -7.967892 -3.046546
| RE_POSITION Moving by   0.257726  3.658749  6.037414
| RE_POSITION Moving by  -2.500432  8.016257  2.922833
| RE_POSITION Moving by  -3.584879  5.582003 -1.087535

 NSTEP =   100000   TIME(PS) =    1200.000  TEMP(K) =   264.13  PRESS =     0.0
 Etot   =        12.3113  EKtot   =        20.7326  EPtot      =        -8.4213
 BOND   =         4.8355  ANGLE   =        12.2610  DIHED      =        23.9745
 1-4 NB =         5.5685  1-4 EEL =       116.2641  VDWAALS    =        -3.4226
 EELEC  =      -146.1930  EGB     =       -23.7980  RESTRAINT  =         0.1525
 ESURF=         1.9363
 EAMBER (non-restraint)  =        -8.5738
 ------------------------------------------------------------------------------

 NMR restraints: Bond =    0.000   Angle =     0.000   Torsion =     0.152
===============================================================================
| RE_POSITION Moving by  -7.025240 -0.735718  2.686633
| RE_POSITION Moving by  -3.182138 -2.618349 -4.717907
| RE_POSITION Moving by   5.624143  4.063967  2.544563
| RE_POSITION Moving by   2.689657 -5.290552  6.924655
| RE_POSITION Moving by  10.392544 -0.499258  4.123264

 NSTEP =   150000   TIME(PS) =    1300.000  TEMP(K) =   304.43  PRESS =     0.0
 Etot   =        19.7993  EKtot   =        23.8960  EPtot      =        -4.0968
 BOND   =         3.5050  ANGLE   =        14.6792  DIHED      =        26.7136
 1-4 NB =         5.4206  1-4 EEL =       114.5980  VDWAALS    =        -2.4662
 EELEC  =      -143.5260  EGB     =       -24.9722  RESTRAINT  =         0.0131
 ESURF=         1.9381
 EAMBER (non-restraint)  =        -4.1099
 ------------------------------------------------------------------------------

 NMR restraints: Bond =    0.000   Angle =     0.000   Torsion =     0.013
===============================================================================
| RE_POSITION Moving by  -6.211855 -4.686395 -1.182503
| RE_POSITION Moving by   7.814668 -4.229607-10.648322
| RE_POSITION Moving by  -1.327153  8.958717 -3.385320
| RE_POSITION Moving by   3.931861  5.877868  0.018970
| RE_POSITION Moving by  -2.376013 -2.346316 -0.390109

 NSTEP =   200000   TIME(PS) =    1400.000  TEMP(K) =   235.99  PRESS =     0.0
 Etot   =        15.7857  EKtot   =        18.5242  EPtot      =        -2.7385
 BOND   =        11.7130  ANGLE   =        11.7947  DIHED      =        27.0471
 1-4 NB =         3.7296  1-4 EEL =       107.7739  VDWAALS    =        -2.6697
 EELEC  =      -144.5554  EGB     =       -20.9542  RESTRAINT  =         1.4271
 ESURF=         1.9554
 EAMBER (non-restraint)  =        -4.1657
 ------------------------------------------------------------------------------

 NMR restraints: Bond =    0.000   Angle =     0.000   Torsion =     1.427
===============================================================================
| RE_POSITION Moving by   3.404481  4.320575  6.719950
| RE_POSITION Moving by   5.580512  1.330430 -5.447159
| RE_POSITION Moving by   3.804160 -0.907046  0.788696
| RE_POSITION Moving by   4.836863 -8.607779  0.922205
| RE_POSITION Moving by   2.320178 -0.553630 -6.328564

 NSTEP =   250000   TIME(PS) =    1500.000  TEMP(K) =   341.61  PRESS =     0.0
 Etot   =        27.5235  EKtot   =        26.8143  EPtot      =         0.7092
 BOND   =         7.7870  ANGLE   =        17.0371  DIHED      =        26.7957
 1-4 NB =         5.3773  1-4 EEL =       108.9724  VDWAALS    =        -2.2781
 EELEC  =      -140.4296  EGB     =       -24.6652  RESTRAINT  =         0.1108
 ESURF=         2.0018
 EAMBER (non-restraint)  =         0.5985
 ------------------------------------------------------------------------------

 NMR restraints: Bond =    0.000   Angle =     0.000   Torsion =     0.111
===============================================================================
| RE_POSITION Moving by  -3.516951  4.150740  1.809775
| RE_POSITION Moving by  -3.427339 -8.813784  6.850410
| RE_POSITION Moving by  -0.619385 -1.200655 -3.481373
| RE_POSITION Moving by  -4.538755  3.558687  1.306517
| RE_POSITION Moving by   3.559479  5.132792 -5.591867

 NSTEP =   300000   TIME(PS) =    1600.000  TEMP(K) =   318.41  PRESS =     0.0
 Etot   =        14.3547  EKtot   =        24.9931  EPtot      =       -10.6384
 BOND   =         2.4706  ANGLE   =         8.5289  DIHED      =        26.9178
 1-4 NB =         5.7227  1-4 EEL =       116.9355  VDWAALS    =        -2.8759
 EELEC  =      -144.6372  EGB     =       -25.7223  RESTRAINT  =         0.0403
 ESURF=         1.9812
 EAMBER (non-restraint)  =       -10.6787
 ------------------------------------------------------------------------------

 NMR restraints: Bond =    0.000   Angle =     0.000   Torsion =     0.040
===============================================================================
| RE_POSITION Moving by  -3.456805 -0.844008  0.736411
| RE_POSITION Moving by   3.369888  0.058171  2.872774
| RE_POSITION Moving by   0.418284 -2.418144  0.848451
| RE_POSITION Moving by  -1.071709 -9.411426  1.174624
| RE_POSITION Moving by  -8.970247  2.769403  6.962131

 NSTEP =   350000   TIME(PS) =    1700.000  TEMP(K) =   223.87  PRESS =     0.0
 Etot   =        14.1745  EKtot   =        17.5727  EPtot      =        -3.3981
 BOND   =         3.1217  ANGLE   =        19.1505  DIHED      =        23.6915
 1-4 NB =         5.5368  1-4 EEL =       116.7341  VDWAALS    =        -3.6096
 EELEC  =      -143.7080  EGB     =       -26.3687  RESTRAINT  =         0.0803
 ESURF=         1.9734
 EAMBER (non-restraint)  =        -3.4784
 ------------------------------------------------------------------------------

 NMR restraints: Bond =    0.000   Angle =     0.000   Torsion =     0.080
===============================================================================
| RE_POSITION Moving by   1.320233 -2.367187 -1.661821
| RE_POSITION Moving by  -2.846676 -3.096879  3.295645
| RE_POSITION Moving by  -3.089659 -2.898138 -7.582963
| RE_POSITION Moving by  -0.746652  1.146336 -2.580013
| RE_POSITION Moving by  -5.130291 10.424735  3.613683

 NSTEP =   400000   TIME(PS) =    1800.000  TEMP(K) =   281.72  PRESS =     0.0
 Etot   =        19.7546  EKtot   =        22.1135  EPtot      =        -2.3589
 BOND   =        10.4842  ANGLE   =        15.5790  DIHED      =        25.6408
 1-4 NB =         4.1916  1-4 EEL =       108.3394  VDWAALS    =        -2.9695
 EELEC  =      -137.4636  EGB     =       -28.2451  RESTRAINT  =         0.0961
 ESURF=         1.9883
 EAMBER (non-restraint)  =        -2.4550
 ------------------------------------------------------------------------------

 NMR restraints: Bond =    0.000   Angle =     0.000   Torsion =     0.096
===============================================================================
| RE_POSITION Moving by  -0.688644  1.851774 -0.541619
| RE_POSITION Moving by  -7.861814 -4.295471 -1.192258
| RE_POSITION Moving by  -2.283196 -2.477856 -5.917079
| RE_POSITION Moving by  -4.586544  1.745159  5.292165
| RE_POSITION Moving by  -4.991829  2.895894 -3.740418

 NSTEP =   450000   TIME(PS) =    1900.000  TEMP(K) =   325.23  PRESS =     0.0
 Etot   =        13.5606  EKtot   =        25.5285  EPtot      =       -11.9679
 BOND   =         6.5000  ANGLE   =        10.3896  DIHED      =        24.5993
 1-4 NB =         3.2796  1-4 EEL =       105.9682  VDWAALS    =        -3.0635
 EELEC  =      -133.2373  EGB     =       -28.7481  RESTRAINT  =         0.3585
 ESURF=         1.9858
 EAMBER (non-restraint)  =       -12.3264
 ------------------------------------------------------------------------------

 NMR restraints: Bond =    0.000   Angle =     0.000   Torsion =     0.359
===============================================================================
| RE_POSITION Moving by   4.026525-12.305300  1.697945
| RE_POSITION Moving by  -2.114892 -5.354622  1.756395
| RE_POSITION Moving by   1.884575  8.306195 -2.353004
| RE_POSITION Moving by  -0.809889 -0.611313  0.121984
| RE_POSITION Moving by   2.171189  3.218881 -0.439387

 NSTEP =   500000   TIME(PS) =    2000.000  TEMP(K) =   324.56  PRESS =     0.0
 Etot   =        19.1958  EKtot   =        25.4761  EPtot      =        -6.2802
 BOND   =         2.3539  ANGLE   =        18.5579  DIHED      =        24.8328
 1-4 NB =         3.8409  1-4 EEL =       115.1697  VDWAALS    =        -4.3912
 EELEC  =      -139.6800  EGB     =       -28.9190  RESTRAINT  =         0.0521
 ESURF=         1.9027
 EAMBER (non-restraint)  =        -6.3323
 ------------------------------------------------------------------------------

 NMR restraints: Bond =    0.000   Angle =     0.000   Torsion =     0.052
===============================================================================

      A V E R A G E S   O V E R  500000 S T E P S


 NSTEP =   500000   TIME(PS) =    2000.000  TEMP(K) =   301.48  PRESS =     0.0
 Etot   =        19.6098  EKtot   =        23.6647  EPtot      =        -4.0548
 BOND   =         5.4786  ANGLE   =        15.6252  DIHED      =        25.8589
 1-4 NB =         4.5812  1-4 EEL =       112.1580  VDWAALS    =        -3.0568
 EELEC  =      -141.9368  EGB     =       -25.2677  RESTRAINT  =         0.5402
 ESURF=         1.9643
 EAMBER (non-restraint)  =        -4.5950
 ------------------------------------------------------------------------------

 NMR restraints: Bond =    0.000   Angle =     0.000   Torsion =     0.052
===============================================================================

      R M S  F L U C T U A T I O N S


 NSTEP =   500000   TIME(PS) =    2000.000  TEMP(K) =    47.88  PRESS =     0.0
 Etot   =         5.4302  EKtot   =         3.7584  EPtot      =         3.9158
 BOND   =         2.0027  ANGLE   =         3.1990  DIHED      =         1.7103
 1-4 NB =         0.9496  1-4 EEL =         3.1371  VDWAALS    =         0.8205
 EELEC  =         3.6179  EGB     =         2.5303  RESTRAINT  =         1.2369
 ESURF=         0.0382
 EAMBER (non-restraint)  =         2.6789
 ------------------------------------------------------------------------------


 NMR restraints on final step:


--------------------------------------------------------------------------------
   5.  TIMINGS
--------------------------------------------------------------------------------

|>>>>>>>>PROFILE of Average TIMES>>>>>>>>> 
|                Calc gb radii             27.41 ( 7.72% of Gen B)
|                Communicate gb radii     229.12 (64.55% of Gen B)
|                Calc gb diag              39.12 (11.02% of Gen B)
|                Calc gb off-diag          24.72 ( 6.96% of Gen B)
|                Surface area energy       33.96 ( 9.57% of Gen B)
|                Other                      0.62 ( 0.17% of Gen B)
|             Gen Born time            354.94 (100.0% of Nonbo)
|             IPS excludes               0.08 ( 0.02% of Nonbo)
|          Nonbond force            355.03 (29.33% of Force)
|          Bond/Angle/Dihedral       12.04 ( 0.99% of Force)
|          FRC Collect time         608.74 (50.29% of Force)
|          Other                    234.53 (19.38% of Force)
|       Force time              1210.34 (77.85% of Runmd)
|       Shake time                 1.58 ( 0.10% of Runmd)
|       Verlet update time       268.97 (17.30% of Runmd)
|       CRD distribute time       72.64 ( 4.67% of Runmd)
|       Other                      1.12 ( 0.07% of Runmd)
|    Runmd Time              1554.65 (100.0% of Total)
| Total time              1554.67 (100.0% of ALL  )

| Number of list builds   :          0

| Highest rstack allocated:          0
| Highest istack allocated:          0

| Final Performance Info:
| -----------------------------------------------------
| Average timings for all steps:
|     Elapsed(s) =    1554.65 Per Step(ms) =       3.11
|         ns/day =      55.58   seconds/ns =    1554.65
| -----------------------------------------------------

|           Job began  at 14:29:30.488  on 08/26/2013
|           Setup done at 14:29:30.510  on 08/26/2013
|           Run   done at 14:55:25.162  on 08/26/2013
|     wallclock() was called18500023 times
