
          -------------------------------------------------------
          Amber 12 SANDER                              2012
          -------------------------------------------------------

| Run on 08/26/2013 at 14:29:30
  [-O]verwriting output

File Assignments:
|  MDIN: run_87.in                                                             
| MDOUT: run_87.out                                                            
|INPCRD: ../1_eq1/run.rst                                                      
|  PARM: parm                                                                  
|RESTRT: run_87.rst                                                            
|  REFC: refc                                                                  
| MDVEL: mdvel                                                                 
|  MDEN: mden                                                                  
| MDCRD: run_87.nc                                                             
|MDINFO: mdinfo                                                                
|  MTMD: mtmd                                                                  
|INPDIP: inpdip                                                                
|RSTDIP: rstdip                                                                

|INPTRA: inptraj                                                               
|
 
 Here is the input file:
 
equilibration with restraint                                                   
 &cntrl                                                                        
   ig=247953,                                                                  
   irest=1, ntx=5,                                                             
   igb=8, gbsa=1,                                                              
   cut=9999.0, rgbmax=9998.0,                                                  
   ntc=2, ntf=1, tol=0.000001,                                                 
   ntt=3, gamma_ln=2.0, temp0=300.0,                                           
   ntb=0, nscm=10000,                                                          
   ioutfm=1,                                                                   
   nstlim=500000, dt=0.002,                                                    
   ntpr=50000, ntwx=50000, ntwv=0, ntwr=500000,                                
   nmropt=1,                                                                   
 /                                                                             
 &wt                                                                           
  type='END',                                                                  
 /                                                                             
DISANG=run_87.disang                                                           
                                                                               

--------------------------------------------------------------------------------
   1.  RESOURCE   USE: 
--------------------------------------------------------------------------------

| Flags: MPI                                                                    
| New format PARM file being parsed.
| Version =    1.000 Date = 04/27/13 Time = 01:42:54
 NATOM  =      32 NTYPES =       7 NBONH =      17 MBONA  =      14
 NTHETH =      36 MTHETA =      18 NPHIH =      64 MPHIA  =      45
 NHPARM =       0 NPARM  =       0 NNB   =     152 NRES   =       4
 NBONA  =      14 NTHETA =      18 NPHIA =      45 NUMBND =      11
 NUMANG =      21 NPTRA  =      20 NATYP =       8 NPHB   =       0
 IFBOX  =       0 NMXRS  =      10 IFCAP =       0 NEXTRA =       0
 NCOPY  =       0

 Implicit solvent radii are ArgH and AspGluO modified Bondi2 radii (mbondi3)                                
 Replacing prmtop screening parameters with GBn2 (igb=8) values

|     Memory Use     Allocated
|     Real                2330
|     Hollerith            102
|     Integer            23034
|     Max Pairs              1
|     nblistReal             0
|     nblist Int             0
|       Total              108 kbytes

| Note: 1-4 EEL scale factors are being read from the topology file.

| Note: 1-4 VDW scale factors are being read from the topology file.
| Duplicated    0 dihedrals
| Duplicated    0 dihedrals

--------------------------------------------------------------------------------
   2.  CONTROL  DATA  FOR  THE  RUN
--------------------------------------------------------------------------------

ACE                                                                             

General flags:
     imin    =       0, nmropt  =       1

Nature and format of input:
     ntx     =       5, irest   =       1, ntrx    =       1

Nature and format of output:
     ntxo    =       1, ntpr    =   50000, ntrx    =       1, ntwr    =  500000
     iwrap   =       0, ntwx    =   50000, ntwv    =       0, ntwe    =       0
     ioutfm  =       1, ntwprt  =       0, idecomp =       0, rbornstat=      0

Potential function:
     ntf     =       1, ntb     =       0, igb     =       8, nsnb    =      25
     ipol    =       0, gbsa    =       1, iesp    =       0
     dielc   =   1.00000, cut     =9999.00000, intdiel =   1.00000
     saltcon =   0.00000, offset  =   0.19514, surften =   0.00500
     rdt     =   0.00000, rgbmax  =9998.00000  extdiel =  78.50000
     alpb  =        0
     gbalphaH  =   0.78844, gbbetaH   =   0.79870,  gbgammaH  =    0.43733
     gbalphaC  =   0.73376, gbbetaC   =   0.50638,  gbgammaC  =    0.20584
     gbalphaN  =   0.50336, gbbetaN   =   0.31683,  gbgammaN  =    0.19292
     gbalphaOS =   0.86781, gbbetaOS  =   0.87664,  gbgammaOS =    0.38788
     gbalphaP  =   1.00000, gbbetaP   =   0.80000,  gbgammaP  =    4.85000

Frozen or restrained atoms:
     ibelly  =       0, ntr     =       0

Molecular dynamics:
     nstlim  =    500000, nscm    =     10000, nrespa  =         1
     t       =   0.00000, dt      =   0.00200, vlimit  =  20.00000

Langevin dynamics temperature regulation:
     ig      =  247953
     temp0   = 300.00000, tempi   =   0.00000, gamma_ln=   2.00000

SHAKE:
     ntc     =       2, jfastw  =       0
     tol     =   0.00000

NMR refinement options:
     iscale  =       0, noeskp  =       1, ipnlty  =       1, mxsub   =       1
     scalm   = 100.00000, pencut  =   0.10000, tausw   =   0.10000

| MPI Timing options:
|      profile_mpi =        0
|  INFO: Old style inpcrd file read


--------------------------------------------------------------------------------
   3.  ATOMIC COORDINATES AND VELOCITIES
--------------------------------------------------------------------------------

ACE                                                                             
 begin time read from input coords =  1000.000 ps



           Begin reading energy term weight changes/NMR restraints
 WEIGHT CHANGES:
                         ** No weight changes given **

 RESTRAINTS:
 Requested file redirections:
  DISANG    = run_87.disang
 Restraints will be read from file: run_87.disang
Here are comments from the DISANG input file:

                       Number of restraints read =     2

                  Done reading weight changes/NMR restraints


 Number of triangulated 3-point waters found:        0
|  Atom division among processors:
|         0      16      32
|  Running AMBER/MPI version on    2 nodes


--------------------------------------------------------------------------------
   4.  RESULTS
--------------------------------------------------------------------------------

|  # of SOLUTE  degrees of freedom (RNDFP):      79.
|  # of SOLVENT degrees of freedom (RNDFS):       0.
|  NDFMIN =      79.     NUM_NOSHAKE =      0     CORRECTED RNDFP =      79.
|  TOTAL # of degrees of freedom (RNDF) =      79.
| RE_POSITION Moving by   6.281208 -2.618748-10.384659
| RE_POSITION Moving by  -0.391260 -1.995093 -0.139837
| RE_POSITION Moving by   4.220558 -1.585200 -1.410398
| RE_POSITION Moving by   6.197718 -5.706473  0.842212
| RE_POSITION Moving by   1.188353  1.531972 -3.398077

 NSTEP =    50000   TIME(PS) =    1100.000  TEMP(K) =   205.88  PRESS =     0.0
 Etot   =        18.2764  EKtot   =        16.1601  EPtot      =         2.1163
 BOND   =         6.2135  ANGLE   =        11.0330  DIHED      =        32.5819
 1-4 NB =         5.1906  1-4 EEL =       122.5174  VDWAALS    =        -4.0591
 EELEC  =      -153.5521  EGB     =       -22.9089  RESTRAINT  =         3.1201
 ESURF=         1.9799
 EAMBER (non-restraint)  =        -1.0038
 ------------------------------------------------------------------------------

 NMR restraints: Bond =    0.000   Angle =     0.000   Torsion =     3.120
===============================================================================
| RE_POSITION Moving by   0.573787 -4.783456  5.938279
| RE_POSITION Moving by  -4.163725  4.313010  4.787881
| RE_POSITION Moving by   1.140960  2.556237  6.802892
| RE_POSITION Moving by  -4.976835 -1.438127 -4.154249
| RE_POSITION Moving by  -4.682847  2.534873 -4.321210

 NSTEP =   100000   TIME(PS) =    1200.000  TEMP(K) =   244.66  PRESS =     0.0
 Etot   =        24.4175  EKtot   =        19.2046  EPtot      =         5.2129
 BOND   =         5.9937  ANGLE   =        16.3921  DIHED      =        35.7686
 1-4 NB =         5.0299  1-4 EEL =       113.2054  VDWAALS    =        -4.9652
 EELEC  =      -145.5943  EGB     =       -23.7089  RESTRAINT  =         1.2214
 ESURF=         1.8702
 EAMBER (non-restraint)  =         3.9916
 ------------------------------------------------------------------------------

 NMR restraints: Bond =    0.000   Angle =     0.000   Torsion =     1.221
===============================================================================
| RE_POSITION Moving by  -2.654289 -0.464609 -3.938194
| RE_POSITION Moving by  -5.717115 -8.115621  2.253415
| RE_POSITION Moving by  -0.648707 -7.626286 -8.237795
| RE_POSITION Moving by   0.569449  6.106423  5.939237
| RE_POSITION Moving by   1.161114 14.251902  2.283685

 NSTEP =   150000   TIME(PS) =    1300.000  TEMP(K) =   289.69  PRESS =     0.0
 Etot   =        27.7859  EKtot   =        22.7389  EPtot      =         5.0470
 BOND   =         7.8799  ANGLE   =        18.5325  DIHED      =        32.9381
 1-4 NB =         4.3246  1-4 EEL =       114.0602  VDWAALS    =        -5.3939
 EELEC  =      -147.3386  EGB     =       -23.0540  RESTRAINT  =         1.2022
 ESURF=         1.8960
 EAMBER (non-restraint)  =         3.8448
 ------------------------------------------------------------------------------

 NMR restraints: Bond =    0.000   Angle =     0.000   Torsion =     1.202
===============================================================================
| RE_POSITION Moving by  -3.313510  1.861445  3.517001
| RE_POSITION Moving by   7.435219 -0.361119 -1.361572
| RE_POSITION Moving by   5.198181 -1.344908 -0.371426
| RE_POSITION Moving by   2.832188  0.839462 -6.610822
| RE_POSITION Moving by  -0.812245-11.385960  2.986803

 NSTEP =   200000   TIME(PS) =    1400.000  TEMP(K) =   326.24  PRESS =     0.0
 Etot   =        31.5950  EKtot   =        25.6081  EPtot      =         5.9869
 BOND   =         4.1199  ANGLE   =        17.4267  DIHED      =        35.0305
 1-4 NB =         4.7333  1-4 EEL =       119.2035  VDWAALS    =        -4.2068
 EELEC  =      -147.8210  EGB     =       -25.2416  RESTRAINT  =         0.7635
 ESURF=         1.9790
 EAMBER (non-restraint)  =         5.2234
 ------------------------------------------------------------------------------

 NMR restraints: Bond =    0.000   Angle =     0.000   Torsion =     0.764
===============================================================================
| RE_POSITION Moving by  -3.500340  4.609775  3.269065
| RE_POSITION Moving by  -2.791200  0.741963  1.139997
| RE_POSITION Moving by  -3.853237 -3.104805 -4.390099
| RE_POSITION Moving by  -0.280886  6.264391  1.174543
| RE_POSITION Moving by  -0.063021  4.773626  0.575734

 NSTEP =   250000   TIME(PS) =    1500.000  TEMP(K) =   324.71  PRESS =     0.0
 Etot   =        27.8603  EKtot   =        25.4876  EPtot      =         2.3727
 BOND   =         3.1341  ANGLE   =        14.9662  DIHED      =        33.5437
 1-4 NB =         6.0157  1-4 EEL =       121.0713  VDWAALS    =        -3.5103
 EELEC  =      -150.5830  EGB     =       -25.1233  RESTRAINT  =         0.9056
 ESURF=         1.9526
 EAMBER (non-restraint)  =         1.4671
 ------------------------------------------------------------------------------

 NMR restraints: Bond =    0.000   Angle =     0.000   Torsion =     0.906
===============================================================================
| RE_POSITION Moving by   4.509912  4.839476 -3.284050
| RE_POSITION Moving by  -2.784970 -3.593501 -2.560733
| RE_POSITION Moving by   6.892616 -6.445075  3.695635
| RE_POSITION Moving by   2.401036 -0.729743  4.727020
| RE_POSITION Moving by   3.496994  1.647259  1.782502

 NSTEP =   300000   TIME(PS) =    1600.000  TEMP(K) =   289.46  PRESS =     0.0
 Etot   =        36.2600  EKtot   =        22.7210  EPtot      =        13.5391
 BOND   =         6.6577  ANGLE   =        26.1323  DIHED      =        35.3529
 1-4 NB =         4.4850  1-4 EEL =       108.3545  VDWAALS    =        -3.7589
 EELEC  =      -144.1381  EGB     =       -21.5451  RESTRAINT  =         0.1620
 ESURF=         1.8368
 EAMBER (non-restraint)  =        13.3770
 ------------------------------------------------------------------------------

 NMR restraints: Bond =    0.000   Angle =     0.000   Torsion =     0.162
===============================================================================
| RE_POSITION Moving by  -2.017301  1.931053 -5.319293
| RE_POSITION Moving by  -1.404010  0.309068  9.283036
| RE_POSITION Moving by  -0.680549  3.292550 -5.040570
| RE_POSITION Moving by  -8.950142 -2.219376  2.174983
| RE_POSITION Moving by   2.371154  5.705497 -5.944546

 NSTEP =   350000   TIME(PS) =    1700.000  TEMP(K) =   435.21  PRESS =     0.0
 Etot   =        44.7200  EKtot   =        34.1613  EPtot      =        10.5587
 BOND   =         4.2116  ANGLE   =        25.6314  DIHED      =        34.1109
 1-4 NB =         3.4453  1-4 EEL =       115.2299  VDWAALS    =        -3.5430
 EELEC  =      -145.1586  EGB     =       -26.3733  RESTRAINT  =         1.0024
 ESURF=         2.0021
 EAMBER (non-restraint)  =         9.5563
 ------------------------------------------------------------------------------

 NMR restraints: Bond =    0.000   Angle =     0.000   Torsion =     1.002
===============================================================================
| RE_POSITION Moving by -11.148767  2.095488  5.600308
| RE_POSITION Moving by   3.311957  5.978894 -8.528128
| RE_POSITION Moving by   1.020472  5.756625 -0.216228
| RE_POSITION Moving by  -2.211679 10.328040 -3.518192
| RE_POSITION Moving by  -3.525791 -2.579321 -2.158299

 NSTEP =   400000   TIME(PS) =    1800.000  TEMP(K) =   353.43  PRESS =     0.0
 Etot   =        31.1493  EKtot   =        27.7425  EPtot      =         3.4069
 BOND   =         8.7419  ANGLE   =        12.7768  DIHED      =        35.1792
 1-4 NB =         3.6358  1-4 EEL =       116.3121  VDWAALS    =        -4.7808
 EELEC  =      -149.1537  EGB     =       -21.6047  RESTRAINT  =         0.4233
 ESURF=         1.8769
 EAMBER (non-restraint)  =         2.9836
 ------------------------------------------------------------------------------

 NMR restraints: Bond =    0.000   Angle =     0.000   Torsion =     0.423
===============================================================================
| RE_POSITION Moving by  -1.181409 -0.705178 -3.840982
| RE_POSITION Moving by  -0.874200 -2.695467  3.105307
| RE_POSITION Moving by   1.695784  1.192585  1.869287
| RE_POSITION Moving by  -2.288137 -5.495925 -0.986519
| RE_POSITION Moving by  -1.295567 -0.167612  2.753475

 NSTEP =   450000   TIME(PS) =    1900.000  TEMP(K) =   337.07  PRESS =     0.0
 Etot   =        34.5263  EKtot   =        26.4576  EPtot      =         8.0686
 BOND   =         6.8327  ANGLE   =        15.6230  DIHED      =        36.8687
 1-4 NB =         4.9045  1-4 EEL =       122.6705  VDWAALS    =        -4.3848
 EELEC  =      -154.9116  EGB     =       -22.1163  RESTRAINT  =         0.6449
 ESURF=         1.9371
 EAMBER (non-restraint)  =         7.4237
 ------------------------------------------------------------------------------

 NMR restraints: Bond =    0.000   Angle =     0.000   Torsion =     0.645
===============================================================================
| RE_POSITION Moving by  -5.995570  6.829319 -3.758372
| RE_POSITION Moving by  -1.830540  2.116906  4.328211
| RE_POSITION Moving by  -8.912149 -4.256019 -4.095873
| RE_POSITION Moving by  -8.241844 -4.194645-10.215850
| RE_POSITION Moving by  -1.162971-12.895440  6.288766

 NSTEP =   500000   TIME(PS) =    2000.000  TEMP(K) =   290.91  PRESS =     0.0
 Etot   =        32.3628  EKtot   =        22.8345  EPtot      =         9.5283
 BOND   =         5.8849  ANGLE   =        20.5445  DIHED      =        38.5187
 1-4 NB =         3.3514  1-4 EEL =       122.1604  VDWAALS    =        -4.1383
 EELEC  =      -155.2157  EGB     =       -23.9535  RESTRAINT  =         0.4234
 ESURF=         1.9523
 EAMBER (non-restraint)  =         9.1049
 ------------------------------------------------------------------------------

 NMR restraints: Bond =    0.000   Angle =     0.000   Torsion =     0.423
===============================================================================

      A V E R A G E S   O V E R  500000 S T E P S


 NSTEP =   500000   TIME(PS) =    2000.000  TEMP(K) =   299.83  PRESS =     0.0
 Etot   =        28.0377  EKtot   =        23.5351  EPtot      =         4.5026
 BOND   =         5.3352  ANGLE   =        15.7787  DIHED      =        34.8334
 1-4 NB =         4.8333  1-4 EEL =       119.0675  VDWAALS    =        -4.1283
 EELEC  =      -150.7769  EGB     =       -23.2728  RESTRAINT  =         0.9076
 ESURF=         1.9249
 EAMBER (non-restraint)  =         3.5950
 ------------------------------------------------------------------------------

 NMR restraints: Bond =    0.000   Angle =     0.000   Torsion =     0.423
===============================================================================

      R M S  F L U C T U A T I O N S


 NSTEP =   500000   TIME(PS) =    2000.000  TEMP(K) =    48.54  PRESS =     0.0
 Etot   =         5.7160  EKtot   =         3.8101  EPtot      =         4.1535
 BOND   =         1.9752  ANGLE   =         3.2809  DIHED      =         2.9626
 1-4 NB =         0.9722  1-4 EEL =         3.5129  VDWAALS    =         0.8742
 EELEC  =         3.6258  EGB     =         1.7978  RESTRAINT  =         1.2963
 ESURF=         0.0508
 EAMBER (non-restraint)  =         2.8572
 ------------------------------------------------------------------------------


 NMR restraints on final step:


--------------------------------------------------------------------------------
   5.  TIMINGS
--------------------------------------------------------------------------------

|>>>>>>>>PROFILE of Average TIMES>>>>>>>>> 
|                Calc gb radii             27.20 ( 7.68% of Gen B)
|                Communicate gb radii     227.78 (64.28% of Gen B)
|                Calc gb diag              39.16 (11.05% of Gen B)
|                Calc gb off-diag          24.66 ( 6.96% of Gen B)
|                Surface area energy       34.89 ( 9.85% of Gen B)
|                Other                      0.65 ( 0.18% of Gen B)
|             Gen Born time            354.34 (100.0% of Nonbo)
|             IPS excludes               0.08 ( 0.02% of Nonbo)
|          Nonbond force            354.42 (29.29% of Force)
|          Bond/Angle/Dihedral       12.18 ( 1.01% of Force)
|          FRC Collect time         609.22 (50.36% of Force)
|          Other                    234.02 (19.34% of Force)
|       Force time              1209.85 (77.89% of Runmd)
|       Shake time                 1.62 ( 0.10% of Runmd)
|       Verlet update time       268.48 (17.29% of Runmd)
|       CRD distribute time       72.21 ( 4.65% of Runmd)
|       Other                      1.08 ( 0.07% of Runmd)
|    Runmd Time              1553.24 (100.0% of Total)
| Total time              1553.29 (100.0% of ALL  )

| Number of list builds   :          0

| Highest rstack allocated:          0
| Highest istack allocated:          0

| Final Performance Info:
| -----------------------------------------------------
| Average timings for all steps:
|     Elapsed(s) =    1553.24 Per Step(ms) =       3.11
|         ns/day =      55.63   seconds/ns =    1553.24
| -----------------------------------------------------

|           Job began  at 14:29:30.596  on 08/26/2013
|           Setup done at 14:29:30.656  on 08/26/2013
|           Run   done at 14:55:23.892  on 08/26/2013
|     wallclock() was called18500023 times
