
          -------------------------------------------------------
          Amber 12 SANDER                              2012
          -------------------------------------------------------

| Run on 08/26/2013 at 14:29:30
  [-O]verwriting output

File Assignments:
|  MDIN: run_3.in                                                              
| MDOUT: run_3.out                                                             
|INPCRD: ../1_eq1/run.rst                                                      
|  PARM: parm                                                                  
|RESTRT: run_3.rst                                                             
|  REFC: refc                                                                  
| MDVEL: mdvel                                                                 
|  MDEN: mden                                                                  
| MDCRD: run_3.nc                                                              
|MDINFO: mdinfo                                                                
|  MTMD: mtmd                                                                  
|INPDIP: inpdip                                                                
|RSTDIP: rstdip                                                                

|INPTRA: inptraj                                                               
|
 
 Here is the input file:
 
equilibration with restraint                                                   
 &cntrl                                                                        
   ig=423087,                                                                  
   irest=1, ntx=5,                                                             
   igb=8, gbsa=1,                                                              
   cut=9999.0, rgbmax=9998.0,                                                  
   ntc=2, ntf=1, tol=0.000001,                                                 
   ntt=3, gamma_ln=2.0, temp0=300.0,                                           
   ntb=0, nscm=10000,                                                          
   ioutfm=1,                                                                   
   nstlim=500000, dt=0.002,                                                    
   ntpr=50000, ntwx=50000, ntwv=0, ntwr=500000,                                
   nmropt=1,                                                                   
 /                                                                             
 &wt                                                                           
  type='END',                                                                  
 /                                                                             
DISANG=run_3.disang                                                            
                                                                               

--------------------------------------------------------------------------------
   1.  RESOURCE   USE: 
--------------------------------------------------------------------------------

| Flags: MPI                                                                    
| New format PARM file being parsed.
| Version =    1.000 Date = 04/27/13 Time = 01:42:54
 NATOM  =      32 NTYPES =       7 NBONH =      17 MBONA  =      14
 NTHETH =      36 MTHETA =      18 NPHIH =      64 MPHIA  =      45
 NHPARM =       0 NPARM  =       0 NNB   =     152 NRES   =       4
 NBONA  =      14 NTHETA =      18 NPHIA =      45 NUMBND =      11
 NUMANG =      21 NPTRA  =      20 NATYP =       8 NPHB   =       0
 IFBOX  =       0 NMXRS  =      10 IFCAP =       0 NEXTRA =       0
 NCOPY  =       0

 Implicit solvent radii are ArgH and AspGluO modified Bondi2 radii (mbondi3)                                
 Replacing prmtop screening parameters with GBn2 (igb=8) values

|     Memory Use     Allocated
|     Real                2330
|     Hollerith            102
|     Integer            23034
|     Max Pairs              1
|     nblistReal             0
|     nblist Int             0
|       Total              108 kbytes

| Note: 1-4 EEL scale factors are being read from the topology file.

| Note: 1-4 VDW scale factors are being read from the topology file.
| Duplicated    0 dihedrals
| Duplicated    0 dihedrals

--------------------------------------------------------------------------------
   2.  CONTROL  DATA  FOR  THE  RUN
--------------------------------------------------------------------------------

ACE                                                                             

General flags:
     imin    =       0, nmropt  =       1

Nature and format of input:
     ntx     =       5, irest   =       1, ntrx    =       1

Nature and format of output:
     ntxo    =       1, ntpr    =   50000, ntrx    =       1, ntwr    =  500000
     iwrap   =       0, ntwx    =   50000, ntwv    =       0, ntwe    =       0
     ioutfm  =       1, ntwprt  =       0, idecomp =       0, rbornstat=      0

Potential function:
     ntf     =       1, ntb     =       0, igb     =       8, nsnb    =      25
     ipol    =       0, gbsa    =       1, iesp    =       0
     dielc   =   1.00000, cut     =9999.00000, intdiel =   1.00000
     saltcon =   0.00000, offset  =   0.19514, surften =   0.00500
     rdt     =   0.00000, rgbmax  =9998.00000  extdiel =  78.50000
     alpb  =        0
     gbalphaH  =   0.78844, gbbetaH   =   0.79870,  gbgammaH  =    0.43733
     gbalphaC  =   0.73376, gbbetaC   =   0.50638,  gbgammaC  =    0.20584
     gbalphaN  =   0.50336, gbbetaN   =   0.31683,  gbgammaN  =    0.19292
     gbalphaOS =   0.86781, gbbetaOS  =   0.87664,  gbgammaOS =    0.38788
     gbalphaP  =   1.00000, gbbetaP   =   0.80000,  gbgammaP  =    4.85000

Frozen or restrained atoms:
     ibelly  =       0, ntr     =       0

Molecular dynamics:
     nstlim  =    500000, nscm    =     10000, nrespa  =         1
     t       =   0.00000, dt      =   0.00200, vlimit  =  20.00000

Langevin dynamics temperature regulation:
     ig      =  423087
     temp0   = 300.00000, tempi   =   0.00000, gamma_ln=   2.00000

SHAKE:
     ntc     =       2, jfastw  =       0
     tol     =   0.00000

NMR refinement options:
     iscale  =       0, noeskp  =       1, ipnlty  =       1, mxsub   =       1
     scalm   = 100.00000, pencut  =   0.10000, tausw   =   0.10000

| MPI Timing options:
|      profile_mpi =        0
|  INFO: Old style inpcrd file read


--------------------------------------------------------------------------------
   3.  ATOMIC COORDINATES AND VELOCITIES
--------------------------------------------------------------------------------

ACE                                                                             
 begin time read from input coords =  1000.000 ps



           Begin reading energy term weight changes/NMR restraints
 WEIGHT CHANGES:
                         ** No weight changes given **

 RESTRAINTS:
 Requested file redirections:
  DISANG    = run_3.disang
 Restraints will be read from file: run_3.disang
Here are comments from the DISANG input file:

                       Number of restraints read =     2

                  Done reading weight changes/NMR restraints


 Number of triangulated 3-point waters found:        0
|  Atom division among processors:
|         0      16      32
|  Running AMBER/MPI version on    2 nodes


--------------------------------------------------------------------------------
   4.  RESULTS
--------------------------------------------------------------------------------

|  # of SOLUTE  degrees of freedom (RNDFP):      79.
|  # of SOLVENT degrees of freedom (RNDFS):       0.
|  NDFMIN =      79.     NUM_NOSHAKE =      0     CORRECTED RNDFP =      79.
|  TOTAL # of degrees of freedom (RNDF) =      79.
| RE_POSITION Moving by  -2.407628  0.697381 -0.134296
| RE_POSITION Moving by   0.745836  5.256966 -8.476036
| RE_POSITION Moving by  -1.283158 -5.999316  1.056641
| RE_POSITION Moving by   2.640226 -5.352660  3.470509
| RE_POSITION Moving by -11.580131 -3.424989  0.120116

 NSTEP =    50000   TIME(PS) =    1100.000  TEMP(K) =   263.99  PRESS =     0.0
 Etot   =        12.1796  EKtot   =        20.7216  EPtot      =        -8.5420
 BOND   =         2.8948  ANGLE   =        12.5113  DIHED      =        24.4394
 1-4 NB =         5.3150  1-4 EEL =       119.2561  VDWAALS    =        -3.4321
 EELEC  =      -148.8764  EGB     =       -22.7211  RESTRAINT  =         0.1237
 ESURF=         1.9474
 EAMBER (non-restraint)  =        -8.6657
 ------------------------------------------------------------------------------

 NMR restraints: Bond =    0.000   Angle =     0.000   Torsion =     0.124
===============================================================================
| RE_POSITION Moving by   1.691680 -0.653264 -4.307200
| RE_POSITION Moving by -10.331858  8.237218 -4.820346
| RE_POSITION Moving by  -5.040936 -8.195388 -4.277874
| RE_POSITION Moving by  -3.466158  0.465689 -6.448272
| RE_POSITION Moving by  -0.517767  3.973464 -2.787964

 NSTEP =   100000   TIME(PS) =    1200.000  TEMP(K) =   345.38  PRESS =     0.0
 Etot   =        25.5247  EKtot   =        27.1100  EPtot      =        -1.5853
 BOND   =         2.9033  ANGLE   =        21.2229  DIHED      =        23.9044
 1-4 NB =         5.8077  1-4 EEL =       118.8921  VDWAALS    =        -4.1883
 EELEC  =      -145.2663  EGB     =       -27.0349  RESTRAINT  =         0.2479
 ESURF=         1.9259
 EAMBER (non-restraint)  =        -1.8331
 ------------------------------------------------------------------------------

 NMR restraints: Bond =    0.000   Angle =     0.000   Torsion =     0.248
===============================================================================
| RE_POSITION Moving by   2.100492 -6.578260  1.161361
| RE_POSITION Moving by   8.629972 -3.499367 -9.339010
| RE_POSITION Moving by   2.479610  1.105601  4.897734
| RE_POSITION Moving by  -7.683002  3.449042  3.404302
| RE_POSITION Moving by   9.057537  6.789866 -2.809278

 NSTEP =   150000   TIME(PS) =    1300.000  TEMP(K) =   261.14  PRESS =     0.0
 Etot   =        12.9242  EKtot   =        20.4978  EPtot      =        -7.5736
 BOND   =         6.1899  ANGLE   =        17.4967  DIHED      =        22.3818
 1-4 NB =         5.1210  1-4 EEL =       111.0369  VDWAALS    =        -2.9048
 EELEC  =      -148.9374  EGB     =       -19.8326  RESTRAINT  =         0.0027
 ESURF=         1.8721
 EAMBER (non-restraint)  =        -7.5763
 ------------------------------------------------------------------------------

 NMR restraints: Bond =    0.000   Angle =     0.000   Torsion =     0.003
===============================================================================
| RE_POSITION Moving by   3.026123  0.350303  2.033798
| RE_POSITION Moving by  -3.605349  0.461513 -0.938982
| RE_POSITION Moving by  -1.660043 -2.698173 -2.342620
| RE_POSITION Moving by  -5.328382 -4.883996  4.094709
| RE_POSITION Moving by   4.384387 -5.701114 13.157014

 NSTEP =   200000   TIME(PS) =    1400.000  TEMP(K) =   304.04  PRESS =     0.0
 Etot   =        23.0048  EKtot   =        23.8650  EPtot      =        -0.8602
 BOND   =         7.5717  ANGLE   =        17.5573  DIHED      =        25.3201
 1-4 NB =         4.0940  1-4 EEL =       118.8141  VDWAALS    =        -2.6544
 EELEC  =      -147.0082  EGB     =       -26.4878  RESTRAINT  =         0.0109
 ESURF=         1.9220
 EAMBER (non-restraint)  =        -0.8711
 ------------------------------------------------------------------------------

 NMR restraints: Bond =    0.000   Angle =     0.000   Torsion =     0.011
===============================================================================
| RE_POSITION Moving by   5.380514  6.929947 -1.234152
| RE_POSITION Moving by  13.214315  7.389637 -1.633440
| RE_POSITION Moving by   6.862778 -1.641187  0.086442
| RE_POSITION Moving by  -0.851011  3.972095  2.409844
| RE_POSITION Moving by  -2.751763  3.484582-10.700347

 NSTEP =   250000   TIME(PS) =    1500.000  TEMP(K) =   293.74  PRESS =     0.0
 Etot   =        18.2655  EKtot   =        23.0566  EPtot      =        -4.7911
 BOND   =         5.9780  ANGLE   =        16.9053  DIHED      =        23.8197
 1-4 NB =         3.3751  1-4 EEL =       111.9044  VDWAALS    =        -4.1132
 EELEC  =      -135.4735  EGB     =       -29.1364  RESTRAINT  =         0.0337
 ESURF=         1.9158
 EAMBER (non-restraint)  =        -4.8247
 ------------------------------------------------------------------------------

 NMR restraints: Bond =    0.000   Angle =     0.000   Torsion =     0.034
===============================================================================
| RE_POSITION Moving by   7.026671  3.560794  4.806259
| RE_POSITION Moving by   1.170431  7.818802  2.005747
| RE_POSITION Moving by  -7.847113 -2.972988 -4.822264
| RE_POSITION Moving by  -0.352006  0.372381 -0.436572
| RE_POSITION Moving by   6.394792 -5.083088  1.334391

 NSTEP =   300000   TIME(PS) =    1600.000  TEMP(K) =   311.25  PRESS =     0.0
 Etot   =        16.1844  EKtot   =        24.4313  EPtot      =        -8.2469
 BOND   =         1.8683  ANGLE   =        17.7608  DIHED      =        23.4097
 1-4 NB =         5.4565  1-4 EEL =       112.4074  VDWAALS    =        -4.1104
 EELEC  =      -144.1414  EGB     =       -23.0941  RESTRAINT  =         0.2520
 ESURF=         1.9444
 EAMBER (non-restraint)  =        -8.4988
 ------------------------------------------------------------------------------

 NMR restraints: Bond =    0.000   Angle =     0.000   Torsion =     0.252
===============================================================================
| RE_POSITION Moving by   9.842041 -5.387650  3.570893
| RE_POSITION Moving by  -2.386211  5.569501  5.852442
| RE_POSITION Moving by  -2.391771 -5.618430  2.918789
| RE_POSITION Moving by   5.236615 -8.242756  0.142947
| RE_POSITION Moving by  -1.696628 -3.528423 -3.353474

 NSTEP =   350000   TIME(PS) =    1700.000  TEMP(K) =   266.40  PRESS =     0.0
 Etot   =        16.3003  EKtot   =        20.9107  EPtot      =        -4.6105
 BOND   =         9.4083  ANGLE   =        13.3032  DIHED      =        26.4642
 1-4 NB =         4.4472  1-4 EEL =       110.9019  VDWAALS    =        -4.2394
 EELEC  =      -143.1296  EGB     =       -23.7064  RESTRAINT  =         0.0021
 ESURF=         1.9380
 EAMBER (non-restraint)  =        -4.6126
 ------------------------------------------------------------------------------

 NMR restraints: Bond =    0.000   Angle =     0.000   Torsion =     0.002
===============================================================================
| RE_POSITION Moving by  -4.817769-11.776553 -1.526377
| RE_POSITION Moving by  -4.446368  8.933076 -0.092207
| RE_POSITION Moving by  -0.355030 10.608308  6.664357
| RE_POSITION Moving by  -2.201711 -4.596587 -1.028333
| RE_POSITION Moving by  10.206032 -2.149220 -1.471314

 NSTEP =   400000   TIME(PS) =    1800.000  TEMP(K) =   308.44  PRESS =     0.0
 Etot   =        12.5384  EKtot   =        24.2104  EPtot      =       -11.6720
 BOND   =         2.8447  ANGLE   =        15.2296  DIHED      =        22.5883
 1-4 NB =         3.8285  1-4 EEL =       111.1663  VDWAALS    =        -2.7723
 EELEC  =      -140.5544  EGB     =       -26.3474  RESTRAINT  =         0.3683
 ESURF=         1.9764
 EAMBER (non-restraint)  =       -12.0404
 ------------------------------------------------------------------------------

 NMR restraints: Bond =    0.000   Angle =     0.000   Torsion =     0.368
===============================================================================
| RE_POSITION Moving by  -2.627099  1.467953  0.949088
| RE_POSITION Moving by   1.906984  8.972744  1.625789
| RE_POSITION Moving by   0.905629 -0.493283  2.824212
| RE_POSITION Moving by   7.955874  1.330406 -2.160587
| RE_POSITION Moving by  -3.292966  1.695000 -5.977160

 NSTEP =   450000   TIME(PS) =    1900.000  TEMP(K) =   274.77  PRESS =     0.0
 Etot   =        19.7097  EKtot   =        21.5677  EPtot      =        -1.8580
 BOND   =         6.1624  ANGLE   =        17.3160  DIHED      =        25.9336
 1-4 NB =         4.7927  1-4 EEL =       110.2577  VDWAALS    =        -3.1583
 EELEC  =      -141.9276  EGB     =       -23.2997  RESTRAINT  =         0.0799
 ESURF=         1.9854
 EAMBER (non-restraint)  =        -1.9379
 ------------------------------------------------------------------------------

 NMR restraints: Bond =    0.000   Angle =     0.000   Torsion =     0.080
===============================================================================
| RE_POSITION Moving by  -3.648479 -2.657922  0.494217
| RE_POSITION Moving by  -0.465860  5.357625 -2.971400
| RE_POSITION Moving by  -4.268409  1.049817 -0.499472
| RE_POSITION Moving by   2.044830  2.486425  4.736489
| RE_POSITION Moving by  -5.518344 -1.378469  6.486345

 NSTEP =   500000   TIME(PS) =    2000.000  TEMP(K) =   384.26  PRESS =     0.0
 Etot   =        24.9087  EKtot   =        30.1619  EPtot      =        -5.2532
 BOND   =         2.2040  ANGLE   =        19.4840  DIHED      =        22.2937
 1-4 NB =         4.5221  1-4 EEL =       112.7999  VDWAALS    =        -0.4696
 EELEC  =      -139.6213  EGB     =       -28.4912  RESTRAINT  =         0.1080
 ESURF=         1.9172
 EAMBER (non-restraint)  =        -5.3612
 ------------------------------------------------------------------------------

 NMR restraints: Bond =    0.000   Angle =     0.000   Torsion =     0.108
===============================================================================

      A V E R A G E S   O V E R  500000 S T E P S


 NSTEP =   500000   TIME(PS) =    2000.000  TEMP(K) =   302.23  PRESS =     0.0
 Etot   =        17.6415  EKtot   =        23.7231  EPtot      =        -6.0816
 BOND   =         5.5049  ANGLE   =        15.8207  DIHED      =        23.7759
 1-4 NB =         4.5834  1-4 EEL =       112.9219  VDWAALS    =        -3.1841
 EELEC  =      -142.7804  EGB     =       -25.1082  RESTRAINT  =         0.4364
 ESURF=         1.9479
 EAMBER (non-restraint)  =        -6.5180
 ------------------------------------------------------------------------------

 NMR restraints: Bond =    0.000   Angle =     0.000   Torsion =     0.108
===============================================================================

      R M S  F L U C T U A T I O N S


 NSTEP =   500000   TIME(PS) =    2000.000  TEMP(K) =    47.83  PRESS =     0.0
 Etot   =         5.4663  EKtot   =         3.7543  EPtot      =         3.9887
 BOND   =         2.0120  ANGLE   =         3.1983  DIHED      =         1.5641
 1-4 NB =         0.9442  1-4 EEL =         3.0716  VDWAALS    =         0.8536
 EELEC  =         3.7307  EGB     =         2.7075  RESTRAINT  =         1.3405
 ESURF=         0.0375
 EAMBER (non-restraint)  =         2.6482
 ------------------------------------------------------------------------------


 NMR restraints on final step:


--------------------------------------------------------------------------------
   5.  TIMINGS
--------------------------------------------------------------------------------

|>>>>>>>>PROFILE of Average TIMES>>>>>>>>> 
|                Calc gb radii             27.00 ( 7.62% of Gen B)
|                Communicate gb radii     227.84 (64.34% of Gen B)
|                Calc gb diag              38.99 (11.01% of Gen B)
|                Calc gb off-diag          24.36 ( 6.88% of Gen B)
|                Surface area energy       35.28 ( 9.96% of Gen B)
|                Other                      0.63 ( 0.18% of Gen B)
|             Gen Born time            354.10 (100.0% of Nonbo)
|             IPS excludes               0.08 ( 0.02% of Nonbo)
|          Nonbond force            354.18 (29.21% of Force)
|          Bond/Angle/Dihedral       11.96 ( 0.99% of Force)
|          FRC Collect time         610.52 (50.36% of Force)
|          Other                    235.76 (19.45% of Force)
|       Force time              1212.43 (77.91% of Runmd)
|       Shake time                 1.57 ( 0.10% of Runmd)
|       Verlet update time       268.98 (17.28% of Runmd)
|       CRD distribute time       72.19 ( 4.64% of Runmd)
|       Other                      1.08 ( 0.07% of Runmd)
|    Runmd Time              1556.24 (100.0% of Total)
| Total time              1556.31 (100.0% of ALL  )

| Number of list builds   :          0

| Highest rstack allocated:          0
| Highest istack allocated:          0

| Final Performance Info:
| -----------------------------------------------------
| Average timings for all steps:
|     Elapsed(s) =    1556.24 Per Step(ms) =       3.11
|         ns/day =      55.52   seconds/ns =    1556.24
| -----------------------------------------------------

|           Job began  at 14:29:30.531  on 08/26/2013
|           Setup done at 14:29:30.615  on 08/26/2013
|           Run   done at 14:55:26.859  on 08/26/2013
|     wallclock() was called18500023 times
