
          -------------------------------------------------------
          Amber 12 SANDER                              2012
          -------------------------------------------------------

| Run on 08/26/2013 at 14:29:30
  [-O]verwriting output

File Assignments:
|  MDIN: run_111.in                                                            
| MDOUT: run_111.out                                                           
|INPCRD: ../1_eq1/run.rst                                                      
|  PARM: parm                                                                  
|RESTRT: run_111.rst                                                           
|  REFC: refc                                                                  
| MDVEL: mdvel                                                                 
|  MDEN: mden                                                                  
| MDCRD: run_111.nc                                                            
|MDINFO: mdinfo                                                                
|  MTMD: mtmd                                                                  
|INPDIP: inpdip                                                                
|RSTDIP: rstdip                                                                

|INPTRA: inptraj                                                               
|
 
 Here is the input file:
 
equilibration with restraint                                                   
 &cntrl                                                                        
   ig=512045,                                                                  
   irest=1, ntx=5,                                                             
   igb=8, gbsa=1,                                                              
   cut=9999.0, rgbmax=9998.0,                                                  
   ntc=2, ntf=1, tol=0.000001,                                                 
   ntt=3, gamma_ln=2.0, temp0=300.0,                                           
   ntb=0, nscm=10000,                                                          
   ioutfm=1,                                                                   
   nstlim=500000, dt=0.002,                                                    
   ntpr=50000, ntwx=50000, ntwv=0, ntwr=500000,                                
   nmropt=1,                                                                   
 /                                                                             
 &wt                                                                           
  type='END',                                                                  
 /                                                                             
DISANG=run_111.disang                                                          
                                                                               

--------------------------------------------------------------------------------
   1.  RESOURCE   USE: 
--------------------------------------------------------------------------------

| Flags: MPI                                                                    
| New format PARM file being parsed.
| Version =    1.000 Date = 04/27/13 Time = 01:42:54
 NATOM  =      32 NTYPES =       7 NBONH =      17 MBONA  =      14
 NTHETH =      36 MTHETA =      18 NPHIH =      64 MPHIA  =      45
 NHPARM =       0 NPARM  =       0 NNB   =     152 NRES   =       4
 NBONA  =      14 NTHETA =      18 NPHIA =      45 NUMBND =      11
 NUMANG =      21 NPTRA  =      20 NATYP =       8 NPHB   =       0
 IFBOX  =       0 NMXRS  =      10 IFCAP =       0 NEXTRA =       0
 NCOPY  =       0

 Implicit solvent radii are ArgH and AspGluO modified Bondi2 radii (mbondi3)                                
 Replacing prmtop screening parameters with GBn2 (igb=8) values

|     Memory Use     Allocated
|     Real                2330
|     Hollerith            102
|     Integer            23034
|     Max Pairs              1
|     nblistReal             0
|     nblist Int             0
|       Total              108 kbytes

| Note: 1-4 EEL scale factors are being read from the topology file.

| Note: 1-4 VDW scale factors are being read from the topology file.
| Duplicated    0 dihedrals
| Duplicated    0 dihedrals

--------------------------------------------------------------------------------
   2.  CONTROL  DATA  FOR  THE  RUN
--------------------------------------------------------------------------------

ACE                                                                             

General flags:
     imin    =       0, nmropt  =       1

Nature and format of input:
     ntx     =       5, irest   =       1, ntrx    =       1

Nature and format of output:
     ntxo    =       1, ntpr    =   50000, ntrx    =       1, ntwr    =  500000
     iwrap   =       0, ntwx    =   50000, ntwv    =       0, ntwe    =       0
     ioutfm  =       1, ntwprt  =       0, idecomp =       0, rbornstat=      0

Potential function:
     ntf     =       1, ntb     =       0, igb     =       8, nsnb    =      25
     ipol    =       0, gbsa    =       1, iesp    =       0
     dielc   =   1.00000, cut     =9999.00000, intdiel =   1.00000
     saltcon =   0.00000, offset  =   0.19514, surften =   0.00500
     rdt     =   0.00000, rgbmax  =9998.00000  extdiel =  78.50000
     alpb  =        0
     gbalphaH  =   0.78844, gbbetaH   =   0.79870,  gbgammaH  =    0.43733
     gbalphaC  =   0.73376, gbbetaC   =   0.50638,  gbgammaC  =    0.20584
     gbalphaN  =   0.50336, gbbetaN   =   0.31683,  gbgammaN  =    0.19292
     gbalphaOS =   0.86781, gbbetaOS  =   0.87664,  gbgammaOS =    0.38788
     gbalphaP  =   1.00000, gbbetaP   =   0.80000,  gbgammaP  =    4.85000

Frozen or restrained atoms:
     ibelly  =       0, ntr     =       0

Molecular dynamics:
     nstlim  =    500000, nscm    =     10000, nrespa  =         1
     t       =   0.00000, dt      =   0.00200, vlimit  =  20.00000

Langevin dynamics temperature regulation:
     ig      =  512045
     temp0   = 300.00000, tempi   =   0.00000, gamma_ln=   2.00000

SHAKE:
     ntc     =       2, jfastw  =       0
     tol     =   0.00000

NMR refinement options:
     iscale  =       0, noeskp  =       1, ipnlty  =       1, mxsub   =       1
     scalm   = 100.00000, pencut  =   0.10000, tausw   =   0.10000

| MPI Timing options:
|      profile_mpi =        0
|  INFO: Old style inpcrd file read


--------------------------------------------------------------------------------
   3.  ATOMIC COORDINATES AND VELOCITIES
--------------------------------------------------------------------------------

ACE                                                                             
 begin time read from input coords =  1000.000 ps



           Begin reading energy term weight changes/NMR restraints
 WEIGHT CHANGES:
                         ** No weight changes given **

 RESTRAINTS:
 Requested file redirections:
  DISANG    = run_111.disang
 Restraints will be read from file: run_111.disang
Here are comments from the DISANG input file:

                       Number of restraints read =     2

                  Done reading weight changes/NMR restraints


 Number of triangulated 3-point waters found:        0
|  Atom division among processors:
|         0      16      32
|  Running AMBER/MPI version on    2 nodes


--------------------------------------------------------------------------------
   4.  RESULTS
--------------------------------------------------------------------------------

|  # of SOLUTE  degrees of freedom (RNDFP):      79.
|  # of SOLVENT degrees of freedom (RNDFS):       0.
|  NDFMIN =      79.     NUM_NOSHAKE =      0     CORRECTED RNDFP =      79.
|  TOTAL # of degrees of freedom (RNDF) =      79.
| RE_POSITION Moving by  -3.145185  0.500680  9.956644
| RE_POSITION Moving by  -0.811932 -1.154720 -1.070559
| RE_POSITION Moving by  -0.815095 -5.167053 -3.767171
| RE_POSITION Moving by  -4.544713  1.444213  3.125711
| RE_POSITION Moving by  -3.826087  1.341346  1.665905

 NSTEP =    50000   TIME(PS) =    1100.000  TEMP(K) =   257.76  PRESS =     0.0
 Etot   =        15.1527  EKtot   =        20.2327  EPtot      =        -5.0800
 BOND   =         6.8133  ANGLE   =        13.5245  DIHED      =        25.9023
 1-4 NB =         4.4716  1-4 EEL =       118.8889  VDWAALS    =        -3.9532
 EELEC  =      -149.6197  EGB     =       -24.6632  RESTRAINT  =         1.5855
 ESURF=         1.9699
 EAMBER (non-restraint)  =        -6.6656
 ------------------------------------------------------------------------------

 NMR restraints: Bond =    0.000   Angle =     0.000   Torsion =     1.586
===============================================================================
| RE_POSITION Moving by   0.947319  8.960547  4.070060
| RE_POSITION Moving by   1.934232  8.254922  2.963161
| RE_POSITION Moving by   0.982201  3.705504  5.928207
| RE_POSITION Moving by -13.483850 -1.642446 -1.587702
| RE_POSITION Moving by  -1.620628 -3.789368  3.908259

 NSTEP =   100000   TIME(PS) =    1200.000  TEMP(K) =   325.81  PRESS =     0.0
 Etot   =        27.1932  EKtot   =        25.5745  EPtot      =         1.6188
 BOND   =         5.2999  ANGLE   =        14.2954  DIHED      =        33.2087
 1-4 NB =         4.2371  1-4 EEL =       124.2145  VDWAALS    =        -3.9780
 EELEC  =      -154.3854  EGB     =       -23.2853  RESTRAINT  =         0.0579
 ESURF=         1.9539
 EAMBER (non-restraint)  =         1.5608
 ------------------------------------------------------------------------------

 NMR restraints: Bond =    0.000   Angle =     0.000   Torsion =     0.058
===============================================================================
| RE_POSITION Moving by   1.208125 -2.615013  6.201950
| RE_POSITION Moving by   5.643081 -2.715257 -4.840622
| RE_POSITION Moving by   0.767615  4.701217  3.998251
| RE_POSITION Moving by  -4.851396 -3.664183  1.308350
| RE_POSITION Moving by  -5.254576  4.167208  5.113142

 NSTEP =   150000   TIME(PS) =    1300.000  TEMP(K) =   290.34  PRESS =     0.0
 Etot   =        23.4118  EKtot   =        22.7900  EPtot      =         0.6218
 BOND   =         4.9332  ANGLE   =        16.8755  DIHED      =        30.3361
 1-4 NB =         4.0140  1-4 EEL =       119.1467  VDWAALS    =        -2.4867
 EELEC  =      -148.6296  EGB     =       -26.1029  RESTRAINT  =         0.5485
 ESURF=         1.9871
 EAMBER (non-restraint)  =         0.0733
 ------------------------------------------------------------------------------

 NMR restraints: Bond =    0.000   Angle =     0.000   Torsion =     0.548
===============================================================================
| RE_POSITION Moving by   0.297285  1.702584  5.689367
| RE_POSITION Moving by  -1.433419 -2.622507  0.561573
| RE_POSITION Moving by  -5.338992  3.193519 -2.206709
| RE_POSITION Moving by  -7.513652  4.450726 -3.392334
| RE_POSITION Moving by   9.288712 -7.429043 -4.088526

 NSTEP =   200000   TIME(PS) =    1400.000  TEMP(K) =   278.22  PRESS =     0.0
 Etot   =        18.3399  EKtot   =        21.8382  EPtot      =        -3.4983
 BOND   =         6.3507  ANGLE   =        17.7552  DIHED      =        26.6322
 1-4 NB =         4.2223  1-4 EEL =       119.3383  VDWAALS    =        -5.6697
 EELEC  =      -154.4362  EGB     =       -20.4235  RESTRAINT  =         0.8681
 ESURF=         1.8641
 EAMBER (non-restraint)  =        -4.3664
 ------------------------------------------------------------------------------

 NMR restraints: Bond =    0.000   Angle =     0.000   Torsion =     0.868
===============================================================================
| RE_POSITION Moving by  -5.292956 12.689097  2.372630
| RE_POSITION Moving by   2.016709  1.722120 -8.836976
| RE_POSITION Moving by   1.493638 -2.691303  0.865479
| RE_POSITION Moving by  -6.537490  5.275075 -4.372255
| RE_POSITION Moving by  -9.004417 -2.677667 -8.200540

 NSTEP =   250000   TIME(PS) =    1500.000  TEMP(K) =   362.63  PRESS =     0.0
 Etot   =        30.6111  EKtot   =        28.4644  EPtot      =         2.1467
 BOND   =         3.1175  ANGLE   =        17.5088  DIHED      =        32.3217
 1-4 NB =         6.1994  1-4 EEL =       120.0190  VDWAALS    =        -4.2424
 EELEC  =      -153.2871  EGB     =       -21.9871  RESTRAINT  =         0.5581
 ESURF=         1.9388
 EAMBER (non-restraint)  =         1.5886
 ------------------------------------------------------------------------------

 NMR restraints: Bond =    0.000   Angle =     0.000   Torsion =     0.558
===============================================================================
| RE_POSITION Moving by  -9.393766 -1.722607  5.590245
| RE_POSITION Moving by   5.724731 -1.722500 -7.032479
| RE_POSITION Moving by  -1.197155  4.418472  0.950135
| RE_POSITION Moving by  -0.415978 -0.860651  1.343816
| RE_POSITION Moving by  -0.453039-10.053798  1.817503

 NSTEP =   300000   TIME(PS) =    1600.000  TEMP(K) =   338.40  PRESS =     0.0
 Etot   =        28.7365  EKtot   =        26.5625  EPtot      =         2.1741
 BOND   =         6.3637  ANGLE   =        16.8728  DIHED      =        28.8438
 1-4 NB =         4.8992  1-4 EEL =       123.0892  VDWAALS    =        -3.4259
 EELEC  =      -151.5973  EGB     =       -25.1870  RESTRAINT  =         0.3399
 ESURF=         1.9757
 EAMBER (non-restraint)  =         1.8342
 ------------------------------------------------------------------------------

 NMR restraints: Bond =    0.000   Angle =     0.000   Torsion =     0.340
===============================================================================
| RE_POSITION Moving by  -0.444452 -0.324008  5.896265
| RE_POSITION Moving by  -4.027752  2.589065  3.437439
| RE_POSITION Moving by   1.197480  4.955254  6.741246
| RE_POSITION Moving by   5.115295  1.903531  4.034661
| RE_POSITION Moving by  -3.099693 -4.302552 -3.846461

 NSTEP =   350000   TIME(PS) =    1700.000  TEMP(K) =   251.76  PRESS =     0.0
 Etot   =        16.5520  EKtot   =        19.7618  EPtot      =        -3.2098
 BOND   =         7.8532  ANGLE   =        10.0559  DIHED      =        30.1886
 1-4 NB =         6.1890  1-4 EEL =       119.0145  VDWAALS    =        -3.4615
 EELEC  =      -150.6927  EGB     =       -24.5409  RESTRAINT  =         0.2137
 ESURF=         1.9703
 EAMBER (non-restraint)  =        -3.4235
 ------------------------------------------------------------------------------

 NMR restraints: Bond =    0.000   Angle =     0.000   Torsion =     0.214
===============================================================================
| RE_POSITION Moving by   2.605641  0.970437  5.157295
| RE_POSITION Moving by  -2.378578  2.316231  7.626284
| RE_POSITION Moving by   2.312730  2.063031 -1.486005
| RE_POSITION Moving by  -3.991199 -0.604649 -0.471337
| RE_POSITION Moving by   4.715651 -7.468119 -5.977823

 NSTEP =   400000   TIME(PS) =    1800.000  TEMP(K) =   241.52  PRESS =     0.0
 Etot   =         9.4743  EKtot   =        18.9577  EPtot      =        -9.4834
 BOND   =         3.0099  ANGLE   =        11.7606  DIHED      =        30.7960
 1-4 NB =         4.0338  1-4 EEL =       119.6709  VDWAALS    =        -4.0308
 EELEC  =      -156.4199  EGB     =       -20.3770  RESTRAINT  =         0.1499
 ESURF=         1.9231
 EAMBER (non-restraint)  =        -9.6333
 ------------------------------------------------------------------------------

 NMR restraints: Bond =    0.000   Angle =     0.000   Torsion =     0.150
===============================================================================
| RE_POSITION Moving by   8.400374 -6.479391  5.840582
| RE_POSITION Moving by  -0.400746 -4.668487 -0.523241
| RE_POSITION Moving by  -5.729874 -9.091480-10.311972
| RE_POSITION Moving by  -0.459873  2.474473  3.595732
| RE_POSITION Moving by  -1.395712  1.362888  1.249550

 NSTEP =   450000   TIME(PS) =    1900.000  TEMP(K) =   361.11  PRESS =     0.0
 Etot   =        28.8797  EKtot   =        28.3449  EPtot      =         0.5348
 BOND   =         6.4342  ANGLE   =        14.4362  DIHED      =        31.1645
 1-4 NB =         6.7208  1-4 EEL =       118.0925  VDWAALS    =        -3.0851
 EELEC  =      -154.2810  EGB     =       -21.7883  RESTRAINT  =         0.8708
 ESURF=         1.9703
 EAMBER (non-restraint)  =        -0.3361
 ------------------------------------------------------------------------------

 NMR restraints: Bond =    0.000   Angle =     0.000   Torsion =     0.871
===============================================================================
| RE_POSITION Moving by   4.343787 -0.147291 -4.701525
| RE_POSITION Moving by  -0.922598 -1.066937  2.139337
| RE_POSITION Moving by  -1.568016 -1.280033  0.765304
| RE_POSITION Moving by  -4.987049 -5.472509  6.576148
| RE_POSITION Moving by   0.572438  5.971030  2.706256

 NSTEP =   500000   TIME(PS) =    2000.000  TEMP(K) =   300.55  PRESS =     0.0
 Etot   =        24.7581  EKtot   =        23.5915  EPtot      =         1.1667
 BOND   =         3.5317  ANGLE   =        14.7626  DIHED      =        32.6748
 1-4 NB =         4.8365  1-4 EEL =       119.1848  VDWAALS    =        -3.8152
 EELEC  =      -149.7544  EGB     =       -22.7399  RESTRAINT  =         0.4914
 ESURF=         1.9942
 EAMBER (non-restraint)  =         0.6752
 ------------------------------------------------------------------------------

 NMR restraints: Bond =    0.000   Angle =     0.000   Torsion =     0.491
===============================================================================

      A V E R A G E S   O V E R  500000 S T E P S


 NSTEP =   500000   TIME(PS) =    2000.000  TEMP(K) =   297.53  PRESS =     0.0
 Etot   =        21.7771  EKtot   =        23.3542  EPtot      =        -1.5771
 BOND   =         5.2747  ANGLE   =        14.5985  DIHED      =        29.7618
 1-4 NB =         4.8937  1-4 EEL =       119.9818  VDWAALS    =        -3.7972
 EELEC  =      -151.9714  EGB     =       -23.1318  RESTRAINT  =         0.8621
 ESURF=         1.9507
 EAMBER (non-restraint)  =        -2.4392
 ------------------------------------------------------------------------------

 NMR restraints: Bond =    0.000   Angle =     0.000   Torsion =     0.491
===============================================================================

      R M S  F L U C T U A T I O N S


 NSTEP =   500000   TIME(PS) =    2000.000  TEMP(K) =    47.41  PRESS =     0.0
 Etot   =         5.4220  EKtot   =         3.7213  EPtot      =         3.9345
 BOND   =         1.9388  ANGLE   =         3.0551  DIHED      =         2.4951
 1-4 NB =         0.9702  1-4 EEL =         3.0892  VDWAALS    =         0.8223
 EELEC  =         3.4177  EGB     =         1.6621  RESTRAINT  =         1.0630
 ESURF=         0.0473
 EAMBER (non-restraint)  =         2.8715
 ------------------------------------------------------------------------------


 NMR restraints on final step:


--------------------------------------------------------------------------------
   5.  TIMINGS
--------------------------------------------------------------------------------

|>>>>>>>>PROFILE of Average TIMES>>>>>>>>> 
|                Calc gb radii             27.15 ( 7.71% of Gen B)
|                Communicate gb radii     228.57 (64.89% of Gen B)
|                Calc gb diag              38.84 (11.02% of Gen B)
|                Calc gb off-diag          24.54 ( 6.97% of Gen B)
|                Surface area energy       32.53 ( 9.23% of Gen B)
|                Other                      0.64 ( 0.18% of Gen B)
|             Gen Born time            352.27 (100.0% of Nonbo)
|             IPS excludes               0.08 ( 0.02% of Nonbo)
|          Nonbond force            352.35 (29.16% of Force)
|          Bond/Angle/Dihedral       12.30 ( 1.02% of Force)
|          FRC Collect time         609.03 (50.40% of Force)
|          Other                    234.62 (19.42% of Force)
|       Force time              1208.30 (77.93% of Runmd)
|       Shake time                 1.62 ( 0.10% of Runmd)
|       Verlet update time       267.81 (17.27% of Runmd)
|       CRD distribute time       71.65 ( 4.62% of Runmd)
|       Other                      1.16 ( 0.07% of Runmd)
|    Runmd Time              1550.54 (100.0% of Total)
| Total time              1550.61 (100.0% of ALL  )

| Number of list builds   :          0

| Highest rstack allocated:          0
| Highest istack allocated:          0

| Final Performance Info:
| -----------------------------------------------------
| Average timings for all steps:
|     Elapsed(s) =    1550.54 Per Step(ms) =       3.10
|         ns/day =      55.72   seconds/ns =    1550.54
| -----------------------------------------------------

|           Job began  at 14:29:30.397  on 08/26/2013
|           Setup done at 14:29:30.470  on 08/26/2013
|           Run   done at 14:55:21.013  on 08/26/2013
|     wallclock() was called18500023 times
