
          -------------------------------------------------------
          Amber 12 SANDER                              2012
          -------------------------------------------------------

| Run on 08/26/2013 at 14:29:30
  [-O]verwriting output

File Assignments:
|  MDIN: run_9.in                                                              
| MDOUT: run_9.out                                                             
|INPCRD: ../1_eq1/run.rst                                                      
|  PARM: parm                                                                  
|RESTRT: run_9.rst                                                             
|  REFC: refc                                                                  
| MDVEL: mdvel                                                                 
|  MDEN: mden                                                                  
| MDCRD: run_9.nc                                                              
|MDINFO: mdinfo                                                                
|  MTMD: mtmd                                                                  
|INPDIP: inpdip                                                                
|RSTDIP: rstdip                                                                

|INPTRA: inptraj                                                               
|
 
 Here is the input file:
 
equilibration with restraint                                                   
 &cntrl                                                                        
   ig=480847,                                                                  
   irest=1, ntx=5,                                                             
   igb=8, gbsa=1,                                                              
   cut=9999.0, rgbmax=9998.0,                                                  
   ntc=2, ntf=1, tol=0.000001,                                                 
   ntt=3, gamma_ln=2.0, temp0=300.0,                                           
   ntb=0, nscm=10000,                                                          
   ioutfm=1,                                                                   
   nstlim=500000, dt=0.002,                                                    
   ntpr=50000, ntwx=50000, ntwv=0, ntwr=500000,                                
   nmropt=1,                                                                   
 /                                                                             
 &wt                                                                           
  type='END',                                                                  
 /                                                                             
DISANG=run_9.disang                                                            
                                                                               

--------------------------------------------------------------------------------
   1.  RESOURCE   USE: 
--------------------------------------------------------------------------------

| Flags: MPI                                                                    
| New format PARM file being parsed.
| Version =    1.000 Date = 04/27/13 Time = 01:42:54
 NATOM  =      32 NTYPES =       7 NBONH =      17 MBONA  =      14
 NTHETH =      36 MTHETA =      18 NPHIH =      64 MPHIA  =      45
 NHPARM =       0 NPARM  =       0 NNB   =     152 NRES   =       4
 NBONA  =      14 NTHETA =      18 NPHIA =      45 NUMBND =      11
 NUMANG =      21 NPTRA  =      20 NATYP =       8 NPHB   =       0
 IFBOX  =       0 NMXRS  =      10 IFCAP =       0 NEXTRA =       0
 NCOPY  =       0

 Implicit solvent radii are ArgH and AspGluO modified Bondi2 radii (mbondi3)                                
 Replacing prmtop screening parameters with GBn2 (igb=8) values

|     Memory Use     Allocated
|     Real                2330
|     Hollerith            102
|     Integer            23034
|     Max Pairs              1
|     nblistReal             0
|     nblist Int             0
|       Total              108 kbytes

| Note: 1-4 EEL scale factors are being read from the topology file.

| Note: 1-4 VDW scale factors are being read from the topology file.
| Duplicated    0 dihedrals
| Duplicated    0 dihedrals

--------------------------------------------------------------------------------
   2.  CONTROL  DATA  FOR  THE  RUN
--------------------------------------------------------------------------------

ACE                                                                             

General flags:
     imin    =       0, nmropt  =       1

Nature and format of input:
     ntx     =       5, irest   =       1, ntrx    =       1

Nature and format of output:
     ntxo    =       1, ntpr    =   50000, ntrx    =       1, ntwr    =  500000
     iwrap   =       0, ntwx    =   50000, ntwv    =       0, ntwe    =       0
     ioutfm  =       1, ntwprt  =       0, idecomp =       0, rbornstat=      0

Potential function:
     ntf     =       1, ntb     =       0, igb     =       8, nsnb    =      25
     ipol    =       0, gbsa    =       1, iesp    =       0
     dielc   =   1.00000, cut     =9999.00000, intdiel =   1.00000
     saltcon =   0.00000, offset  =   0.19514, surften =   0.00500
     rdt     =   0.00000, rgbmax  =9998.00000  extdiel =  78.50000
     alpb  =        0
     gbalphaH  =   0.78844, gbbetaH   =   0.79870,  gbgammaH  =    0.43733
     gbalphaC  =   0.73376, gbbetaC   =   0.50638,  gbgammaC  =    0.20584
     gbalphaN  =   0.50336, gbbetaN   =   0.31683,  gbgammaN  =    0.19292
     gbalphaOS =   0.86781, gbbetaOS  =   0.87664,  gbgammaOS =    0.38788
     gbalphaP  =   1.00000, gbbetaP   =   0.80000,  gbgammaP  =    4.85000

Frozen or restrained atoms:
     ibelly  =       0, ntr     =       0

Molecular dynamics:
     nstlim  =    500000, nscm    =     10000, nrespa  =         1
     t       =   0.00000, dt      =   0.00200, vlimit  =  20.00000

Langevin dynamics temperature regulation:
     ig      =  480847
     temp0   = 300.00000, tempi   =   0.00000, gamma_ln=   2.00000

SHAKE:
     ntc     =       2, jfastw  =       0
     tol     =   0.00000

NMR refinement options:
     iscale  =       0, noeskp  =       1, ipnlty  =       1, mxsub   =       1
     scalm   = 100.00000, pencut  =   0.10000, tausw   =   0.10000

| MPI Timing options:
|      profile_mpi =        0
|  INFO: Old style inpcrd file read


--------------------------------------------------------------------------------
   3.  ATOMIC COORDINATES AND VELOCITIES
--------------------------------------------------------------------------------

ACE                                                                             
 begin time read from input coords =  1000.000 ps



           Begin reading energy term weight changes/NMR restraints
 WEIGHT CHANGES:
                         ** No weight changes given **

 RESTRAINTS:
 Requested file redirections:
  DISANG    = run_9.disang
 Restraints will be read from file: run_9.disang
Here are comments from the DISANG input file:

                       Number of restraints read =     2

                  Done reading weight changes/NMR restraints


 Number of triangulated 3-point waters found:        0
|  Atom division among processors:
|         0      16      32
|  Running AMBER/MPI version on    2 nodes


--------------------------------------------------------------------------------
   4.  RESULTS
--------------------------------------------------------------------------------

|  # of SOLUTE  degrees of freedom (RNDFP):      79.
|  # of SOLVENT degrees of freedom (RNDFS):       0.
|  NDFMIN =      79.     NUM_NOSHAKE =      0     CORRECTED RNDFP =      79.
|  TOTAL # of degrees of freedom (RNDF) =      79.
| RE_POSITION Moving by  -1.978067  7.530103 -7.832440
| RE_POSITION Moving by   3.026871  2.135884 -1.243752
| RE_POSITION Moving by   1.621981 -6.129685 -7.605508
| RE_POSITION Moving by  -1.284657  0.588014 -1.942852
| RE_POSITION Moving by   2.608514  2.291900 -2.903456

 NSTEP =    50000   TIME(PS) =    1100.000  TEMP(K) =   308.49  PRESS =     0.0
 Etot   =        21.2948  EKtot   =        24.2144  EPtot      =        -2.9196
 BOND   =         8.1049  ANGLE   =        13.6982  DIHED      =        24.9558
 1-4 NB =         7.0182  1-4 EEL =       113.2857  VDWAALS    =        -4.0507
 EELEC  =      -145.7473  EGB     =       -22.4246  RESTRAINT  =         0.3666
 ESURF=         1.8736
 EAMBER (non-restraint)  =        -3.2861
 ------------------------------------------------------------------------------

 NMR restraints: Bond =    0.000   Angle =     0.000   Torsion =     0.367
===============================================================================
| RE_POSITION Moving by   1.630368 -3.400545  5.083030
| RE_POSITION Moving by  -1.405179  0.865155 -9.024225
| RE_POSITION Moving by   8.197060  6.223780 -3.106996
| RE_POSITION Moving by  -3.425194 -0.316428 -1.001183
| RE_POSITION Moving by   0.123216 -5.616032 -0.214388

 NSTEP =   100000   TIME(PS) =    1200.000  TEMP(K) =   292.34  PRESS =     0.0
 Etot   =        13.4066  EKtot   =        22.9471  EPtot      =        -9.5405
 BOND   =         2.9656  ANGLE   =        13.8273  DIHED      =        23.4399
 1-4 NB =         5.8730  1-4 EEL =       112.4443  VDWAALS    =        -3.7480
 EELEC  =      -141.6130  EGB     =       -25.1175  RESTRAINT  =         0.4035
 ESURF=         1.9844
 EAMBER (non-restraint)  =        -9.9440
 ------------------------------------------------------------------------------

 NMR restraints: Bond =    0.000   Angle =     0.000   Torsion =     0.404
===============================================================================
| RE_POSITION Moving by  -3.944903 -2.953288  0.602794
| RE_POSITION Moving by   1.635761  8.177156  2.202527
| RE_POSITION Moving by  10.129970 -8.755606  2.953203
| RE_POSITION Moving by  -0.765218 -2.523274  6.426903
| RE_POSITION Moving by  -2.332737 -1.393077 -5.466396

 NSTEP =   150000   TIME(PS) =    1300.000  TEMP(K) =   311.05  PRESS =     0.0
 Etot   =        18.8429  EKtot   =        24.4155  EPtot      =        -5.5726
 BOND   =         4.1839  ANGLE   =        14.6384  DIHED      =        24.4557
 1-4 NB =         5.1832  1-4 EEL =       110.6110  VDWAALS    =        -1.8692
 EELEC  =      -144.1126  EGB     =       -20.5945  RESTRAINT  =         0.0029
 ESURF=         1.9287
 EAMBER (non-restraint)  =        -5.5755
 ------------------------------------------------------------------------------

 NMR restraints: Bond =    0.000   Angle =     0.000   Torsion =     0.003
===============================================================================
| RE_POSITION Moving by  -2.955481  2.960460 -0.413441
| RE_POSITION Moving by   3.435392  4.163009 -3.901378
| RE_POSITION Moving by   5.630561  5.199067 -5.298305
| RE_POSITION Moving by  10.348484 -2.579810 -8.972905
| RE_POSITION Moving by   4.280765 -1.635927 -2.668065

 NSTEP =   200000   TIME(PS) =    1400.000  TEMP(K) =   242.96  PRESS =     0.0
 Etot   =        13.0671  EKtot   =        19.0706  EPtot      =        -6.0034
 BOND   =         4.8573  ANGLE   =        14.9021  DIHED      =        25.7939
 1-4 NB =         4.7359  1-4 EEL =       115.3455  VDWAALS    =        -4.1589
 EELEC  =      -146.1528  EGB     =       -23.7518  RESTRAINT  =         0.5038
 ESURF=         1.9216
 EAMBER (non-restraint)  =        -6.5072
 ------------------------------------------------------------------------------

 NMR restraints: Bond =    0.000   Angle =     0.000   Torsion =     0.504
===============================================================================
| RE_POSITION Moving by  -3.503341  8.504647 -0.144210
| RE_POSITION Moving by  -1.803402 -1.391790  7.354729
| RE_POSITION Moving by  -0.386330 -2.741707 -1.257917
| RE_POSITION Moving by  -1.351772  5.479068 11.358316
| RE_POSITION Moving by   3.048067 -5.428181  0.543507

 NSTEP =   250000   TIME(PS) =    1500.000  TEMP(K) =   371.58  PRESS =     0.0
 Etot   =        17.7388  EKtot   =        29.1669  EPtot      =       -11.4281
 BOND   =         3.5769  ANGLE   =        14.6287  DIHED      =        24.2346
 1-4 NB =         5.3309  1-4 EEL =       110.0454  VDWAALS    =        -4.5349
 EELEC  =      -147.1849  EGB     =       -19.4567  RESTRAINT  =         0.0482
 ESURF=         1.8838
 EAMBER (non-restraint)  =       -11.4763
 ------------------------------------------------------------------------------

 NMR restraints: Bond =    0.000   Angle =     0.000   Torsion =     0.048
===============================================================================
| RE_POSITION Moving by  -0.788433  4.337757  3.266101
| RE_POSITION Moving by   5.240271  5.545137  1.439927
| RE_POSITION Moving by  -1.322673 -0.190998 -4.259006
| RE_POSITION Moving by   1.484517  0.829764  1.795156
| RE_POSITION Moving by -11.336385  6.857089 -4.751950

 NSTEP =   300000   TIME(PS) =    1600.000  TEMP(K) =   359.47  PRESS =     0.0
 Etot   =        18.0016  EKtot   =        28.2163  EPtot      =       -10.2147
 BOND   =         5.6794  ANGLE   =        10.3130  DIHED      =        22.8638
 1-4 NB =         5.1532  1-4 EEL =       114.9449  VDWAALS    =        -3.1931
 EELEC  =      -144.6657  EGB     =       -23.5495  RESTRAINT  =         0.3118
 ESURF=         1.9275
 EAMBER (non-restraint)  =       -10.5265
 ------------------------------------------------------------------------------

 NMR restraints: Bond =    0.000   Angle =     0.000   Torsion =     0.312
===============================================================================
| RE_POSITION Moving by   3.324125  3.336141  4.865320
| RE_POSITION Moving by  -1.872723 -7.791769  9.276180
| RE_POSITION Moving by   1.315024  5.858772 -6.754385
| RE_POSITION Moving by  -1.462000 10.475536 -4.078994
| RE_POSITION Moving by  -1.336145 -7.797553 -6.312109

 NSTEP =   350000   TIME(PS) =    1700.000  TEMP(K) =   312.07  PRESS =     0.0
 Etot   =        19.1557  EKtot   =        24.4954  EPtot      =        -5.3397
 BOND   =         4.7539  ANGLE   =        19.8968  DIHED      =        22.0150
 1-4 NB =         3.9429  1-4 EEL =       108.0953  VDWAALS    =        -3.4263
 EELEC  =      -138.2841  EGB     =       -26.0191  RESTRAINT  =         1.7153
 ESURF=         1.9705
 EAMBER (non-restraint)  =        -7.0550
 ------------------------------------------------------------------------------

 NMR restraints: Bond =    0.000   Angle =     0.000   Torsion =     1.715
===============================================================================
| RE_POSITION Moving by   1.380663 -0.513511  2.081382
| RE_POSITION Moving by   5.481396  4.458419  5.171649
| RE_POSITION Moving by   1.286516 -0.769902 -3.771653
| RE_POSITION Moving by  -3.735323 -4.964808 -4.429905
| RE_POSITION Moving by  -4.637525 -5.201260  1.999313

 NSTEP =   400000   TIME(PS) =    1800.000  TEMP(K) =   307.74  PRESS =     0.0
 Etot   =        15.8771  EKtot   =        24.1561  EPtot      =        -8.2791
 BOND   =         4.6572  ANGLE   =        18.4577  DIHED      =        22.6605
 1-4 NB =         3.3010  1-4 EEL =       113.4117  VDWAALS    =        -4.1469
 EELEC  =      -141.3177  EGB     =       -27.2710  RESTRAINT  =         0.0454
 ESURF=         1.9231
 EAMBER (non-restraint)  =        -8.3244
 ------------------------------------------------------------------------------

 NMR restraints: Bond =    0.000   Angle =     0.000   Torsion =     0.045
===============================================================================
| RE_POSITION Moving by  -0.196797  4.081206 -7.052696
| RE_POSITION Moving by   1.990693 -3.449762  1.543138
| RE_POSITION Moving by   1.445551 -6.924450  0.097832
| RE_POSITION Moving by  -0.846705  1.291884  5.941363
| RE_POSITION Moving by   1.150448  5.667197  6.120869

 NSTEP =   450000   TIME(PS) =    1900.000  TEMP(K) =   412.18  PRESS =     0.0
 Etot   =        23.0179  EKtot   =        32.3536  EPtot      =        -9.3356
 BOND   =         6.3326  ANGLE   =        14.0849  DIHED      =        24.3695
 1-4 NB =         4.1299  1-4 EEL =       104.6435  VDWAALS    =        -3.6933
 EELEC  =      -138.7966  EGB     =       -23.3032  RESTRAINT  =         0.9371
 ESURF=         1.9601
 EAMBER (non-restraint)  =       -10.2727
 ------------------------------------------------------------------------------

 NMR restraints: Bond =    0.000   Angle =     0.000   Torsion =     0.937
===============================================================================
| RE_POSITION Moving by   0.128785  1.462015  4.089117
| RE_POSITION Moving by   5.187598 -2.793457 -6.231902
| RE_POSITION Moving by   1.145548  5.106027  0.509329
| RE_POSITION Moving by  -7.210346  3.434677 -1.696671
| RE_POSITION Moving by   5.993029  2.668121  7.024111

 NSTEP =   500000   TIME(PS) =    2000.000  TEMP(K) =   332.45  PRESS =     0.0
 Etot   =        16.3385  EKtot   =        26.0957  EPtot      =        -9.7572
 BOND   =         4.9911  ANGLE   =        18.1625  DIHED      =        21.5099
 1-4 NB =         4.3324  1-4 EEL =       110.9275  VDWAALS    =        -4.3199
 EELEC  =      -145.5423  EGB     =       -21.8620  RESTRAINT  =         0.1317
 ESURF=         1.9120
 EAMBER (non-restraint)  =        -9.8888
 ------------------------------------------------------------------------------

 NMR restraints: Bond =    0.000   Angle =     0.000   Torsion =     0.132
===============================================================================

      A V E R A G E S   O V E R  500000 S T E P S


 NSTEP =   500000   TIME(PS) =    2000.000  TEMP(K) =   301.76  PRESS =     0.0
 Etot   =        17.7876  EKtot   =        23.6867  EPtot      =        -5.8991
 BOND   =         5.5267  ANGLE   =        15.8744  DIHED      =        24.0076
 1-4 NB =         4.6791  1-4 EEL =       112.2200  VDWAALS    =        -3.2978
 EELEC  =      -142.9758  EGB     =       -24.3169  RESTRAINT  =         0.4439
 ESURF=         1.9397
 EAMBER (non-restraint)  =        -6.3430
 ------------------------------------------------------------------------------

 NMR restraints: Bond =    0.000   Angle =     0.000   Torsion =     0.132
===============================================================================

      R M S  F L U C T U A T I O N S


 NSTEP =   500000   TIME(PS) =    2000.000  TEMP(K) =    47.86  PRESS =     0.0
 Etot   =         5.5090  EKtot   =         3.7563  EPtot      =         4.0065
 BOND   =         2.0170  ANGLE   =         3.1995  DIHED      =         1.6123
 1-4 NB =         0.9594  1-4 EEL =         2.9970  VDWAALS    =         0.8653
 EELEC  =         3.5251  EGB     =         2.6955  RESTRAINT  =         1.3351
 ESURF=         0.0396
 EAMBER (non-restraint)  =         2.6714
 ------------------------------------------------------------------------------


 NMR restraints on final step:


--------------------------------------------------------------------------------
   5.  TIMINGS
--------------------------------------------------------------------------------

|>>>>>>>>PROFILE of Average TIMES>>>>>>>>> 
|                Calc gb radii             27.26 ( 7.66% of Gen B)
|                Communicate gb radii     227.72 (64.00% of Gen B)
|                Calc gb diag              39.37 (11.06% of Gen B)
|                Calc gb off-diag          24.72 ( 6.95% of Gen B)
|                Surface area energy       36.08 (10.14% of Gen B)
|                Other                      0.65 ( 0.18% of Gen B)
|             Gen Born time            355.80 (100.0% of Nonbo)
|             IPS excludes               0.07 ( 0.02% of Nonbo)
|          Nonbond force            355.87 (29.35% of Force)
|          Bond/Angle/Dihedral       12.21 ( 1.01% of Force)
|          FRC Collect time         610.36 (50.34% of Force)
|          Other                    234.02 (19.30% of Force)
|       Force time              1212.47 (77.92% of Runmd)
|       Shake time                 1.59 ( 0.10% of Runmd)
|       Verlet update time       269.08 (17.29% of Runmd)
|       CRD distribute time       71.73 ( 4.61% of Runmd)
|       Other                      1.10 ( 0.07% of Runmd)
|    Runmd Time              1555.98 (100.0% of Total)
|    Other                      0.09 ( 0.01% of Total)
| Total time              1556.07 (100.0% of ALL  )

| Number of list builds   :          0

| Highest rstack allocated:          0
| Highest istack allocated:          0

| Final Performance Info:
| -----------------------------------------------------
| Average timings for all steps:
|     Elapsed(s) =    1555.99 Per Step(ms) =       3.11
|         ns/day =      55.53   seconds/ns =    1555.99
| -----------------------------------------------------

|           Job began  at 14:29:30.523  on 08/26/2013
|           Setup done at 14:29:30.616  on 08/26/2013
|           Run   done at 14:55:26.602  on 08/26/2013
|     wallclock() was called18500023 times
