
          -------------------------------------------------------
          Amber 12 SANDER                              2012
          -------------------------------------------------------

| Run on 08/26/2013 at 14:29:30
  [-O]verwriting output

File Assignments:
|  MDIN: run_117.in                                                            
| MDOUT: run_117.out                                                           
|INPCRD: ../1_eq1/run.rst                                                      
|  PARM: parm                                                                  
|RESTRT: run_117.rst                                                           
|  REFC: refc                                                                  
| MDVEL: mdvel                                                                 
|  MDEN: mden                                                                  
| MDCRD: run_117.nc                                                            
|MDINFO: mdinfo                                                                
|  MTMD: mtmd                                                                  
|INPDIP: inpdip                                                                
|RSTDIP: rstdip                                                                

|INPTRA: inptraj                                                               
|
 
 Here is the input file:
 
equilibration with restraint                                                   
 &cntrl                                                                        
   ig=171339,                                                                  
   irest=1, ntx=5,                                                             
   igb=8, gbsa=1,                                                              
   cut=9999.0, rgbmax=9998.0,                                                  
   ntc=2, ntf=1, tol=0.000001,                                                 
   ntt=3, gamma_ln=2.0, temp0=300.0,                                           
   ntb=0, nscm=10000,                                                          
   ioutfm=1,                                                                   
   nstlim=500000, dt=0.002,                                                    
   ntpr=50000, ntwx=50000, ntwv=0, ntwr=500000,                                
   nmropt=1,                                                                   
 /                                                                             
 &wt                                                                           
  type='END',                                                                  
 /                                                                             
DISANG=run_117.disang                                                          
                                                                               

--------------------------------------------------------------------------------
   1.  RESOURCE   USE: 
--------------------------------------------------------------------------------

| Flags: MPI                                                                    
| New format PARM file being parsed.
| Version =    1.000 Date = 04/27/13 Time = 01:42:54
 NATOM  =      32 NTYPES =       7 NBONH =      17 MBONA  =      14
 NTHETH =      36 MTHETA =      18 NPHIH =      64 MPHIA  =      45
 NHPARM =       0 NPARM  =       0 NNB   =     152 NRES   =       4
 NBONA  =      14 NTHETA =      18 NPHIA =      45 NUMBND =      11
 NUMANG =      21 NPTRA  =      20 NATYP =       8 NPHB   =       0
 IFBOX  =       0 NMXRS  =      10 IFCAP =       0 NEXTRA =       0
 NCOPY  =       0

 Implicit solvent radii are ArgH and AspGluO modified Bondi2 radii (mbondi3)                                
 Replacing prmtop screening parameters with GBn2 (igb=8) values

|     Memory Use     Allocated
|     Real                2330
|     Hollerith            102
|     Integer            23034
|     Max Pairs              1
|     nblistReal             0
|     nblist Int             0
|       Total              108 kbytes

| Note: 1-4 EEL scale factors are being read from the topology file.

| Note: 1-4 VDW scale factors are being read from the topology file.
| Duplicated    0 dihedrals
| Duplicated    0 dihedrals

--------------------------------------------------------------------------------
   2.  CONTROL  DATA  FOR  THE  RUN
--------------------------------------------------------------------------------

ACE                                                                             

General flags:
     imin    =       0, nmropt  =       1

Nature and format of input:
     ntx     =       5, irest   =       1, ntrx    =       1

Nature and format of output:
     ntxo    =       1, ntpr    =   50000, ntrx    =       1, ntwr    =  500000
     iwrap   =       0, ntwx    =   50000, ntwv    =       0, ntwe    =       0
     ioutfm  =       1, ntwprt  =       0, idecomp =       0, rbornstat=      0

Potential function:
     ntf     =       1, ntb     =       0, igb     =       8, nsnb    =      25
     ipol    =       0, gbsa    =       1, iesp    =       0
     dielc   =   1.00000, cut     =9999.00000, intdiel =   1.00000
     saltcon =   0.00000, offset  =   0.19514, surften =   0.00500
     rdt     =   0.00000, rgbmax  =9998.00000  extdiel =  78.50000
     alpb  =        0
     gbalphaH  =   0.78844, gbbetaH   =   0.79870,  gbgammaH  =    0.43733
     gbalphaC  =   0.73376, gbbetaC   =   0.50638,  gbgammaC  =    0.20584
     gbalphaN  =   0.50336, gbbetaN   =   0.31683,  gbgammaN  =    0.19292
     gbalphaOS =   0.86781, gbbetaOS  =   0.87664,  gbgammaOS =    0.38788
     gbalphaP  =   1.00000, gbbetaP   =   0.80000,  gbgammaP  =    4.85000

Frozen or restrained atoms:
     ibelly  =       0, ntr     =       0

Molecular dynamics:
     nstlim  =    500000, nscm    =     10000, nrespa  =         1
     t       =   0.00000, dt      =   0.00200, vlimit  =  20.00000

Langevin dynamics temperature regulation:
     ig      =  171339
     temp0   = 300.00000, tempi   =   0.00000, gamma_ln=   2.00000

SHAKE:
     ntc     =       2, jfastw  =       0
     tol     =   0.00000

NMR refinement options:
     iscale  =       0, noeskp  =       1, ipnlty  =       1, mxsub   =       1
     scalm   = 100.00000, pencut  =   0.10000, tausw   =   0.10000

| MPI Timing options:
|      profile_mpi =        0
|  INFO: Old style inpcrd file read


--------------------------------------------------------------------------------
   3.  ATOMIC COORDINATES AND VELOCITIES
--------------------------------------------------------------------------------

ACE                                                                             
 begin time read from input coords =  1000.000 ps



           Begin reading energy term weight changes/NMR restraints
 WEIGHT CHANGES:
                         ** No weight changes given **

 RESTRAINTS:
 Requested file redirections:
  DISANG    = run_117.disang
 Restraints will be read from file: run_117.disang
Here are comments from the DISANG input file:

                       Number of restraints read =     2

                  Done reading weight changes/NMR restraints


 Number of triangulated 3-point waters found:        0
|  Atom division among processors:
|         0      16      32
|  Running AMBER/MPI version on    2 nodes


--------------------------------------------------------------------------------
   4.  RESULTS
--------------------------------------------------------------------------------

|  # of SOLUTE  degrees of freedom (RNDFP):      79.
|  # of SOLVENT degrees of freedom (RNDFS):       0.
|  NDFMIN =      79.     NUM_NOSHAKE =      0     CORRECTED RNDFP =      79.
|  TOTAL # of degrees of freedom (RNDF) =      79.
| RE_POSITION Moving by   8.188304 -2.882252  2.106354
| RE_POSITION Moving by  -1.866743 -3.154469 -2.864995
| RE_POSITION Moving by   4.649785 -2.296994 -7.655530
| RE_POSITION Moving by   7.513323  1.306433 -6.782187
| RE_POSITION Moving by  -7.280862 11.154870 10.498024

 NSTEP =    50000   TIME(PS) =    1100.000  TEMP(K) =   276.70  PRESS =     0.0
 Etot   =        18.7882  EKtot   =        21.7194  EPtot      =        -2.9311
 BOND   =         3.6656  ANGLE   =        20.0724  DIHED      =        27.7347
 1-4 NB =         5.4808  1-4 EEL =       117.0241  VDWAALS    =        -4.6105
 EELEC  =      -154.1149  EGB     =       -20.0457  RESTRAINT  =         0.0304
 ESURF=         1.8320
 EAMBER (non-restraint)  =        -2.9615
 ------------------------------------------------------------------------------

 NMR restraints: Bond =    0.000   Angle =     0.000   Torsion =     0.030
===============================================================================
| RE_POSITION Moving by   6.456796 -1.585506 -1.764335
| RE_POSITION Moving by   0.667834 -0.607624  9.267264
| RE_POSITION Moving by   1.402583 -8.996648  9.669783
| RE_POSITION Moving by   2.538756 -7.492841 -5.760638
| RE_POSITION Moving by   6.764415  2.531125 -2.606987

 NSTEP =   100000   TIME(PS) =    1200.000  TEMP(K) =   315.83  PRESS =     0.0
 Etot   =        24.6204  EKtot   =        24.7908  EPtot      =        -0.1704
 BOND   =         5.4002  ANGLE   =        20.3342  DIHED      =        25.7676
 1-4 NB =         4.2915  1-4 EEL =       117.5868  VDWAALS    =        -4.3762
 EELEC  =      -150.1478  EGB     =       -21.3790  RESTRAINT  =         0.4550
 ESURF=         1.8972
 EAMBER (non-restraint)  =        -0.6255
 ------------------------------------------------------------------------------

 NMR restraints: Bond =    0.000   Angle =     0.000   Torsion =     0.455
===============================================================================
| RE_POSITION Moving by  -6.826938 -6.660300 12.740842
| RE_POSITION Moving by  -1.026566 -0.620528 -4.471060
| RE_POSITION Moving by  -2.304094  6.002334 -3.260754
| RE_POSITION Moving by  -0.061522 -2.935923  3.158864
| RE_POSITION Moving by   4.166552 -3.861537  4.758506

 NSTEP =   150000   TIME(PS) =    1300.000  TEMP(K) =   299.33  PRESS =     0.0
 Etot   =        18.9671  EKtot   =        23.4957  EPtot      =        -4.5285
 BOND   =         4.4931  ANGLE   =        12.2442  DIHED      =        29.8449
 1-4 NB =         5.1818  1-4 EEL =       120.8713  VDWAALS    =        -5.5269
 EELEC  =      -153.3770  EGB     =       -20.4569  RESTRAINT  =         0.3393
 ESURF=         1.8577
 EAMBER (non-restraint)  =        -4.8679
 ------------------------------------------------------------------------------

 NMR restraints: Bond =    0.000   Angle =     0.000   Torsion =     0.339
===============================================================================
| RE_POSITION Moving by   1.833552 -3.075116  2.821701
| RE_POSITION Moving by   2.051007  1.232487 -1.661260
| RE_POSITION Moving by   0.350354 -6.160560  0.043039
| RE_POSITION Moving by  -6.033946  6.045799 -1.450820
| RE_POSITION Moving by  -0.927108 11.475578 -0.099610

 NSTEP =   200000   TIME(PS) =    1400.000  TEMP(K) =   304.26  PRESS =     0.0
 Etot   =        22.3610  EKtot   =        23.8825  EPtot      =        -1.5215
 BOND   =         4.0991  ANGLE   =        17.3039  DIHED      =        28.6628
 1-4 NB =         4.5506  1-4 EEL =       119.1132  VDWAALS    =        -5.1301
 EELEC  =      -150.9146  EGB     =       -21.8894  RESTRAINT  =         0.8304
 ESURF=         1.8526
 EAMBER (non-restraint)  =        -2.3520
 ------------------------------------------------------------------------------

 NMR restraints: Bond =    0.000   Angle =     0.000   Torsion =     0.830
===============================================================================
| RE_POSITION Moving by  -2.470552  2.696055 -1.454550
| RE_POSITION Moving by   0.315912 -8.203700  7.578081
| RE_POSITION Moving by  -2.903307  2.747826  5.953079
| RE_POSITION Moving by  -1.610270 -4.609613 -9.402873
| RE_POSITION Moving by   0.315479 -2.098734  6.117026

 NSTEP =   250000   TIME(PS) =    1500.000  TEMP(K) =   190.23  PRESS =     0.0
 Etot   =        10.8899  EKtot   =        14.9319  EPtot      =        -4.0420
 BOND   =         7.1345  ANGLE   =        14.0450  DIHED      =        27.4808
 1-4 NB =         4.5879  1-4 EEL =       113.9907  VDWAALS    =        -3.4802
 EELEC  =      -147.5540  EGB     =       -23.0683  RESTRAINT  =         0.9660
 ESURF=         1.8556
 EAMBER (non-restraint)  =        -5.0080
 ------------------------------------------------------------------------------

 NMR restraints: Bond =    0.000   Angle =     0.000   Torsion =     0.966
===============================================================================
| RE_POSITION Moving by   6.260959 -1.847015  2.541844
| RE_POSITION Moving by  -1.102160  1.385328 -2.869645
| RE_POSITION Moving by  -6.593520 -6.475846 -3.983247
| RE_POSITION Moving by   3.418552  1.619301 -5.608167
| RE_POSITION Moving by  -9.701872  0.346682  1.313821

 NSTEP =   300000   TIME(PS) =    1600.000  TEMP(K) =   199.56  PRESS =     0.0
 Etot   =         5.5849  EKtot   =        15.6646  EPtot      =       -10.0797
 BOND   =         3.7453  ANGLE   =        10.2543  DIHED      =        27.6734
 1-4 NB =         5.3601  1-4 EEL =       122.1842  VDWAALS    =        -4.9472
 EELEC  =      -155.3652  EGB     =       -21.0193  RESTRAINT  =         0.1640
 ESURF=         1.8707
 EAMBER (non-restraint)  =       -10.2437
 ------------------------------------------------------------------------------

 NMR restraints: Bond =    0.000   Angle =     0.000   Torsion =     0.164
===============================================================================
| RE_POSITION Moving by  -0.559450 -4.670745  0.771351
| RE_POSITION Moving by  -0.765269 -3.785379  2.289289
| RE_POSITION Moving by   2.013495  0.558661 -2.895191
| RE_POSITION Moving by  -3.956060 -1.054616 -2.094765
| RE_POSITION Moving by   1.946198  1.859415 -4.031349

 NSTEP =   350000   TIME(PS) =    1700.000  TEMP(K) =   271.07  PRESS =     0.0
 Etot   =        15.2007  EKtot   =        21.2774  EPtot      =        -6.0767
 BOND   =         2.3006  ANGLE   =        14.9721  DIHED      =        26.8626
 1-4 NB =         5.8059  1-4 EEL =       119.5234  VDWAALS    =        -4.0195
 EELEC  =      -151.9288  EGB     =       -22.8706  RESTRAINT  =         1.3865
 ESURF=         1.8912
 EAMBER (non-restraint)  =        -7.4632
 ------------------------------------------------------------------------------

 NMR restraints: Bond =    0.000   Angle =     0.000   Torsion =     1.386
===============================================================================
| RE_POSITION Moving by   4.425850  8.771350  4.015249
| RE_POSITION Moving by  -1.839508 -2.108134  3.401883
| RE_POSITION Moving by   9.175028  5.733710  3.097123
| RE_POSITION Moving by   1.055902 -5.886590 -2.278435
| RE_POSITION Moving by  -1.170439  1.067399  1.090047

 NSTEP =   400000   TIME(PS) =    1800.000  TEMP(K) =   385.55  PRESS =     0.0
 Etot   =        31.5279  EKtot   =        30.2631  EPtot      =         1.2648
 BOND   =         5.0411  ANGLE   =        21.0565  DIHED      =        28.8224
 1-4 NB =         3.5814  1-4 EEL =       110.8458  VDWAALS    =        -4.2792
 EELEC  =      -143.1500  EGB     =       -24.4997  RESTRAINT  =         1.8664
 ESURF=         1.9801
 EAMBER (non-restraint)  =        -0.6016
 ------------------------------------------------------------------------------

 NMR restraints: Bond =    0.000   Angle =     0.000   Torsion =     1.866
===============================================================================
| RE_POSITION Moving by   2.464842  3.584836 -0.046713
| RE_POSITION Moving by   0.940124 -1.306065  7.020021
| RE_POSITION Moving by  -3.676706 -7.685159 -1.881169
| RE_POSITION Moving by  -3.180987 -5.118003 -1.801170
| RE_POSITION Moving by  -4.988033  5.951496  1.059632

 NSTEP =   450000   TIME(PS) =    1900.000  TEMP(K) =   317.56  PRESS =     0.0
 Etot   =        22.1051  EKtot   =        24.9269  EPtot      =        -2.8218
 BOND   =         5.1806  ANGLE   =        14.8638  DIHED      =        28.0959
 1-4 NB =         5.2115  1-4 EEL =       121.6249  VDWAALS    =        -5.1659
 EELEC  =      -155.3630  EGB     =       -20.0505  RESTRAINT  =         0.9216
 ESURF=         1.8593
 EAMBER (non-restraint)  =        -3.7434
 ------------------------------------------------------------------------------

 NMR restraints: Bond =    0.000   Angle =     0.000   Torsion =     0.922
===============================================================================
| RE_POSITION Moving by  -4.979028  5.499895  4.138905
| RE_POSITION Moving by -11.114325  5.108027  2.681315
| RE_POSITION Moving by  -1.035507 -7.620809  2.045098
| RE_POSITION Moving by  -9.843501  1.116080  2.534797
| RE_POSITION Moving by  -2.632301 -0.194071 -4.158333

 NSTEP =   500000   TIME(PS) =    2000.000  TEMP(K) =   283.52  PRESS =     0.0
 Etot   =        21.9495  EKtot   =        22.2545  EPtot      =        -0.3051
 BOND   =         3.4608  ANGLE   =        23.3401  DIHED      =        26.8103
 1-4 NB =         3.8516  1-4 EEL =       112.7237  VDWAALS    =        -4.5445
 EELEC  =      -143.2071  EGB     =       -25.3530  RESTRAINT  =         0.6708
 ESURF=         1.9421
 EAMBER (non-restraint)  =        -0.9759
 ------------------------------------------------------------------------------

 NMR restraints: Bond =    0.000   Angle =     0.000   Torsion =     0.671
===============================================================================

      A V E R A G E S   O V E R  500000 S T E P S


 NSTEP =   500000   TIME(PS) =    2000.000  TEMP(K) =   297.91  PRESS =     0.0
 Etot   =        19.9622  EKtot   =        23.3843  EPtot      =        -3.4221
 BOND   =         5.2791  ANGLE   =        14.6768  DIHED      =        28.2929
 1-4 NB =         5.1868  1-4 EEL =       118.1343  VDWAALS    =        -4.5162
 EELEC  =      -150.8836  EGB     =       -22.2974  RESTRAINT  =         0.8059
 ESURF=         1.8993
 EAMBER (non-restraint)  =        -4.2280
 ------------------------------------------------------------------------------

 NMR restraints: Bond =    0.000   Angle =     0.000   Torsion =     0.671
===============================================================================

      R M S  F L U C T U A T I O N S


 NSTEP =   500000   TIME(PS) =    2000.000  TEMP(K) =    47.42  PRESS =     0.0
 Etot   =         5.3852  EKtot   =         3.7220  EPtot      =         3.8895
 BOND   =         1.9412  ANGLE   =         3.0404  DIHED      =         2.3136
 1-4 NB =         1.0031  1-4 EEL =         2.8056  VDWAALS    =         0.8762
 EELEC  =         3.2558  EGB     =         1.5016  RESTRAINT  =         0.9911
 ESURF=         0.0474
 EAMBER (non-restraint)  =         2.8983
 ------------------------------------------------------------------------------


 NMR restraints on final step:


--------------------------------------------------------------------------------
   5.  TIMINGS
--------------------------------------------------------------------------------

|>>>>>>>>PROFILE of Average TIMES>>>>>>>>> 
|                Calc gb radii             27.26 ( 7.59% of Gen B)
|                Communicate gb radii     229.66 (63.98% of Gen B)
|                Calc gb diag              39.45 (10.99% of Gen B)
|                Calc gb off-diag          24.27 ( 6.76% of Gen B)
|                Surface area energy       37.65 (10.49% of Gen B)
|                Other                      0.65 ( 0.18% of Gen B)
|             Gen Born time            358.95 (100.0% of Nonbo)
|             IPS excludes               0.08 ( 0.02% of Nonbo)
|          Nonbond force            359.03 (29.50% of Force)
|          Bond/Angle/Dihedral       11.98 ( 0.98% of Force)
|          FRC Collect time         610.96 (50.20% of Force)
|          Other                    235.15 (19.32% of Force)
|       Force time              1217.12 (78.02% of Runmd)
|       Shake time                 1.61 ( 0.10% of Runmd)
|       Verlet update time       267.19 (17.13% of Runmd)
|       CRD distribute time       72.98 ( 4.68% of Runmd)
|       Other                      1.13 ( 0.07% of Runmd)
|    Runmd Time              1560.03 (100.0% of Total)
| Total time              1560.09 (100.0% of ALL  )

| Number of list builds   :          0

| Highest rstack allocated:          0
| Highest istack allocated:          0

| Final Performance Info:
| -----------------------------------------------------
| Average timings for all steps:
|     Elapsed(s) =    1560.03 Per Step(ms) =       3.12
|         ns/day =      55.38   seconds/ns =    1560.03
| -----------------------------------------------------

|           Job began  at 14:29:30.413  on 08/26/2013
|           Setup done at 14:29:30.469  on 08/26/2013
|           Run   done at 14:55:30.502  on 08/26/2013
|     wallclock() was called18500023 times
