
          -------------------------------------------------------
          Amber 12 SANDER                              2012
          -------------------------------------------------------

| Run on 08/26/2013 at 14:29:30
  [-O]verwriting output

File Assignments:
|  MDIN: run_150.in                                                            
| MDOUT: run_150.out                                                           
|INPCRD: ../1_eq1/run.rst                                                      
|  PARM: parm                                                                  
|RESTRT: run_150.rst                                                           
|  REFC: refc                                                                  
| MDVEL: mdvel                                                                 
|  MDEN: mden                                                                  
| MDCRD: run_150.nc                                                            
|MDINFO: mdinfo                                                                
|  MTMD: mtmd                                                                  
|INPDIP: inpdip                                                                
|RSTDIP: rstdip                                                                

|INPTRA: inptraj                                                               
|
 
 Here is the input file:
 
equilibration with restraint                                                   
 &cntrl                                                                        
   ig=9206,                                                                    
   irest=1, ntx=5,                                                             
   igb=8, gbsa=1,                                                              
   cut=9999.0, rgbmax=9998.0,                                                  
   ntc=2, ntf=1, tol=0.000001,                                                 
   ntt=3, gamma_ln=2.0, temp0=300.0,                                           
   ntb=0, nscm=10000,                                                          
   ioutfm=1,                                                                   
   nstlim=500000, dt=0.002,                                                    
   ntpr=50000, ntwx=50000, ntwv=0, ntwr=500000,                                
   nmropt=1,                                                                   
 /                                                                             
 &wt                                                                           
  type='END',                                                                  
 /                                                                             
DISANG=run_150.disang                                                          
                                                                               

--------------------------------------------------------------------------------
   1.  RESOURCE   USE: 
--------------------------------------------------------------------------------

| Flags: MPI                                                                    
| New format PARM file being parsed.
| Version =    1.000 Date = 04/27/13 Time = 01:42:54
 NATOM  =      32 NTYPES =       7 NBONH =      17 MBONA  =      14
 NTHETH =      36 MTHETA =      18 NPHIH =      64 MPHIA  =      45
 NHPARM =       0 NPARM  =       0 NNB   =     152 NRES   =       4
 NBONA  =      14 NTHETA =      18 NPHIA =      45 NUMBND =      11
 NUMANG =      21 NPTRA  =      20 NATYP =       8 NPHB   =       0
 IFBOX  =       0 NMXRS  =      10 IFCAP =       0 NEXTRA =       0
 NCOPY  =       0

 Implicit solvent radii are ArgH and AspGluO modified Bondi2 radii (mbondi3)                                
 Replacing prmtop screening parameters with GBn2 (igb=8) values

|     Memory Use     Allocated
|     Real                2330
|     Hollerith            102
|     Integer            23034
|     Max Pairs              1
|     nblistReal             0
|     nblist Int             0
|       Total              108 kbytes

| Note: 1-4 EEL scale factors are being read from the topology file.

| Note: 1-4 VDW scale factors are being read from the topology file.
| Duplicated    0 dihedrals
| Duplicated    0 dihedrals

--------------------------------------------------------------------------------
   2.  CONTROL  DATA  FOR  THE  RUN
--------------------------------------------------------------------------------

ACE                                                                             

General flags:
     imin    =       0, nmropt  =       1

Nature and format of input:
     ntx     =       5, irest   =       1, ntrx    =       1

Nature and format of output:
     ntxo    =       1, ntpr    =   50000, ntrx    =       1, ntwr    =  500000
     iwrap   =       0, ntwx    =   50000, ntwv    =       0, ntwe    =       0
     ioutfm  =       1, ntwprt  =       0, idecomp =       0, rbornstat=      0

Potential function:
     ntf     =       1, ntb     =       0, igb     =       8, nsnb    =      25
     ipol    =       0, gbsa    =       1, iesp    =       0
     dielc   =   1.00000, cut     =9999.00000, intdiel =   1.00000
     saltcon =   0.00000, offset  =   0.19514, surften =   0.00500
     rdt     =   0.00000, rgbmax  =9998.00000  extdiel =  78.50000
     alpb  =        0
     gbalphaH  =   0.78844, gbbetaH   =   0.79870,  gbgammaH  =    0.43733
     gbalphaC  =   0.73376, gbbetaC   =   0.50638,  gbgammaC  =    0.20584
     gbalphaN  =   0.50336, gbbetaN   =   0.31683,  gbgammaN  =    0.19292
     gbalphaOS =   0.86781, gbbetaOS  =   0.87664,  gbgammaOS =    0.38788
     gbalphaP  =   1.00000, gbbetaP   =   0.80000,  gbgammaP  =    4.85000

Frozen or restrained atoms:
     ibelly  =       0, ntr     =       0

Molecular dynamics:
     nstlim  =    500000, nscm    =     10000, nrespa  =         1
     t       =   0.00000, dt      =   0.00200, vlimit  =  20.00000

Langevin dynamics temperature regulation:
     ig      =    9206
     temp0   = 300.00000, tempi   =   0.00000, gamma_ln=   2.00000

SHAKE:
     ntc     =       2, jfastw  =       0
     tol     =   0.00000

NMR refinement options:
     iscale  =       0, noeskp  =       1, ipnlty  =       1, mxsub   =       1
     scalm   = 100.00000, pencut  =   0.10000, tausw   =   0.10000

| MPI Timing options:
|      profile_mpi =        0
|  INFO: Old style inpcrd file read


--------------------------------------------------------------------------------
   3.  ATOMIC COORDINATES AND VELOCITIES
--------------------------------------------------------------------------------

ACE                                                                             
 begin time read from input coords =  1000.000 ps



           Begin reading energy term weight changes/NMR restraints
 WEIGHT CHANGES:
                         ** No weight changes given **

 RESTRAINTS:
 Requested file redirections:
  DISANG    = run_150.disang
 Restraints will be read from file: run_150.disang
Here are comments from the DISANG input file:

                       Number of restraints read =     2

                  Done reading weight changes/NMR restraints


 Number of triangulated 3-point waters found:        0
|  Atom division among processors:
|         0      16      32
|  Running AMBER/MPI version on    2 nodes


--------------------------------------------------------------------------------
   4.  RESULTS
--------------------------------------------------------------------------------

|  # of SOLUTE  degrees of freedom (RNDFP):      79.
|  # of SOLVENT degrees of freedom (RNDFS):       0.
|  NDFMIN =      79.     NUM_NOSHAKE =      0     CORRECTED RNDFP =      79.
|  TOTAL # of degrees of freedom (RNDF) =      79.
| RE_POSITION Moving by  -2.050354 10.413806 -0.493159
| RE_POSITION Moving by   3.478616  4.523099 -0.563076
| RE_POSITION Moving by   3.277051 -1.643842  8.704248
| RE_POSITION Moving by  -1.193600 11.371119  3.163998
| RE_POSITION Moving by   1.284155  1.907860 -3.260276

 NSTEP =    50000   TIME(PS) =    1100.000  TEMP(K) =   261.69  PRESS =     0.0
 Etot   =        12.0738  EKtot   =        20.5409  EPtot      =        -8.4671
 BOND   =         4.8060  ANGLE   =        13.1134  DIHED      =        24.0255
 1-4 NB =         4.8931  1-4 EEL =       118.9994  VDWAALS    =        -2.6333
 EELEC  =      -151.7052  EGB     =       -22.4857  RESTRAINT  =         0.4861
 ESURF=         2.0334
 EAMBER (non-restraint)  =        -8.9533
 ------------------------------------------------------------------------------

 NMR restraints: Bond =    0.000   Angle =     0.000   Torsion =     0.486
===============================================================================
| RE_POSITION Moving by   4.038102 -2.470778  1.772078
| RE_POSITION Moving by  -1.099017  6.167494 -2.427116
| RE_POSITION Moving by  -6.691889 -2.661382  3.036086
| RE_POSITION Moving by   6.195273 -5.031862  9.998721
| RE_POSITION Moving by   4.765495 -9.097351  4.800616

 NSTEP =   100000   TIME(PS) =    1200.000  TEMP(K) =   262.51  PRESS =     0.0
 Etot   =        20.5301  EKtot   =        20.6056  EPtot      =        -0.0755
 BOND   =         5.9215  ANGLE   =        18.8537  DIHED      =        28.1902
 1-4 NB =         3.7990  1-4 EEL =       115.3688  VDWAALS    =        -4.6353
 EELEC  =      -143.1812  EGB     =       -26.4169  RESTRAINT  =         0.0935
 ESURF=         1.9313
 EAMBER (non-restraint)  =        -0.1689
 ------------------------------------------------------------------------------

 NMR restraints: Bond =    0.000   Angle =     0.000   Torsion =     0.093
===============================================================================
| RE_POSITION Moving by  -2.067373 -3.304497  5.048542
| RE_POSITION Moving by   0.032591 -0.199427 -4.719655
| RE_POSITION Moving by -13.969779  3.535310  0.128848
| RE_POSITION Moving by   2.902674 -2.798315  4.845120
| RE_POSITION Moving by  -1.383010 -6.377562  5.233353

 NSTEP =   150000   TIME(PS) =    1300.000  TEMP(K) =   254.58  PRESS =     0.0
 Etot   =        18.3449  EKtot   =        19.9827  EPtot      =        -1.6377
 BOND   =         8.4752  ANGLE   =        22.7384  DIHED      =        22.3979
 1-4 NB =         4.3603  1-4 EEL =       109.4558  VDWAALS    =        -3.5501
 EELEC  =      -142.2087  EGB     =       -25.9443  RESTRAINT  =         0.7150
 ESURF=         1.9226
 EAMBER (non-restraint)  =        -2.3528
 ------------------------------------------------------------------------------

 NMR restraints: Bond =    0.000   Angle =     0.000   Torsion =     0.715
===============================================================================
| RE_POSITION Moving by   0.676604  2.106381 -4.417873
| RE_POSITION Moving by   4.639846  5.176407  6.061382
| RE_POSITION Moving by  -6.124915  0.656662 -3.895497
| RE_POSITION Moving by   1.048272 -6.042474  3.200199
| RE_POSITION Moving by  -8.566684  3.660441 -3.418538

 NSTEP =   200000   TIME(PS) =    1400.000  TEMP(K) =   274.42  PRESS =     0.0
 Etot   =        20.6330  EKtot   =        21.5407  EPtot      =        -0.9077
 BOND   =         3.3691  ANGLE   =        20.8966  DIHED      =        24.4998
 1-4 NB =         6.3418  1-4 EEL =       117.5233  VDWAALS    =        -3.1795
 EELEC  =      -142.4933  EGB     =       -29.7984  RESTRAINT  =         0.0596
 ESURF=         1.8734
 EAMBER (non-restraint)  =        -0.9673
 ------------------------------------------------------------------------------

 NMR restraints: Bond =    0.000   Angle =     0.000   Torsion =     0.060
===============================================================================
| RE_POSITION Moving by   2.131120 -1.686332 -4.701176
| RE_POSITION Moving by   4.158962 -7.102231 -3.371828
| RE_POSITION Moving by   5.902032  1.235298  9.437516
| RE_POSITION Moving by  -2.949410  5.525332  4.844337
| RE_POSITION Moving by  -6.091126 -3.904155 -0.911204

 NSTEP =   250000   TIME(PS) =    1500.000  TEMP(K) =   312.49  PRESS =     0.0
 Etot   =        13.2749  EKtot   =        24.5285  EPtot      =       -11.2536
 BOND   =         3.4759  ANGLE   =        14.8980  DIHED      =        21.1868
 1-4 NB =         4.5276  1-4 EEL =       123.0791  VDWAALS    =        -3.5092
 EELEC  =      -153.6688  EGB     =       -23.2314  RESTRAINT  =         0.0147
 ESURF=         1.9735
 EAMBER (non-restraint)  =       -11.2683
 ------------------------------------------------------------------------------

 NMR restraints: Bond =    0.000   Angle =     0.000   Torsion =     0.015
===============================================================================
| RE_POSITION Moving by  -4.617920 -2.351317 -4.430215
| RE_POSITION Moving by  11.882401-10.003570  3.405940
| RE_POSITION Moving by  11.579862  4.786278  0.031039
| RE_POSITION Moving by  -3.614991 -0.709162  0.935638
| RE_POSITION Moving by  -1.165399  4.635167 -2.691174

 NSTEP =   300000   TIME(PS) =    1600.000  TEMP(K) =   325.36  PRESS =     0.0
 Etot   =        18.6923  EKtot   =        25.5387  EPtot      =        -6.8464
 BOND   =         4.6569  ANGLE   =        17.2450  DIHED      =        24.5633
 1-4 NB =         4.6532  1-4 EEL =       114.2226  VDWAALS    =        -3.7349
 EELEC  =      -143.8697  EGB     =       -26.5577  RESTRAINT  =         0.0195
 ESURF=         1.9553
 EAMBER (non-restraint)  =        -6.8659
 ------------------------------------------------------------------------------

 NMR restraints: Bond =    0.000   Angle =     0.000   Torsion =     0.019
===============================================================================
| RE_POSITION Moving by   1.265502 -0.075659 -4.159515
| RE_POSITION Moving by   6.225682 -0.073660 -1.664665
| RE_POSITION Moving by  -9.663801  5.620357  6.327041
| RE_POSITION Moving by   0.819724  7.847857 -1.812390
| RE_POSITION Moving by   2.201315 -3.462125 -0.656259

 NSTEP =   350000   TIME(PS) =    1700.000  TEMP(K) =   222.02  PRESS =     0.0
 Etot   =        12.5156  EKtot   =        17.4269  EPtot      =        -4.9113
 BOND   =         6.3342  ANGLE   =        14.1872  DIHED      =        23.8001
 1-4 NB =         6.6502  1-4 EEL =       123.2600  VDWAALS    =        -2.7258
 EELEC  =      -154.9780  EGB     =       -23.3759  RESTRAINT  =         0.0001
 ESURF=         1.9366
 EAMBER (non-restraint)  =        -4.9114
 ------------------------------------------------------------------------------

 NMR restraints: Bond =    0.000   Angle =     0.000   Torsion =     0.000
===============================================================================
| RE_POSITION Moving by  -3.780155  2.044166 -1.115933
| RE_POSITION Moving by   3.355210 -7.851188  0.631513
| RE_POSITION Moving by  -1.721050 -3.411374 -2.993534
| RE_POSITION Moving by  -1.348945  4.174080  5.136658
| RE_POSITION Moving by   4.466705 -6.089983  5.113862

 NSTEP =   400000   TIME(PS) =    1800.000  TEMP(K) =   252.63  PRESS =     0.0
 Etot   =         6.4721  EKtot   =        19.8302  EPtot      =       -13.3581
 BOND   =         5.1274  ANGLE   =        11.6319  DIHED      =        21.3072
 1-4 NB =         4.7057  1-4 EEL =       119.6664  VDWAALS    =        -3.8971
 EELEC  =      -152.5222  EGB     =       -22.5481  RESTRAINT  =         1.2173
 ESURF=         1.9533
 EAMBER (non-restraint)  =       -14.5754
 ------------------------------------------------------------------------------

 NMR restraints: Bond =    0.000   Angle =     0.000   Torsion =     1.217
===============================================================================
| RE_POSITION Moving by  -3.180174  4.404942 -0.967599
| RE_POSITION Moving by   4.876224  7.434230 -4.885632
| RE_POSITION Moving by   2.192477  8.298255 -3.623255
| RE_POSITION Moving by  -4.029327  0.550459  3.208590
| RE_POSITION Moving by -10.314164  8.507924  2.148395

 NSTEP =   450000   TIME(PS) =    1900.000  TEMP(K) =   345.85  PRESS =     0.0
 Etot   =        23.5644  EKtot   =        27.1474  EPtot      =        -3.5830
 BOND   =         7.8799  ANGLE   =        18.6656  DIHED      =        21.6165
 1-4 NB =         5.4588  1-4 EEL =       113.3443  VDWAALS    =        -3.4540
 EELEC  =      -145.4084  EGB     =       -23.8621  RESTRAINT  =         0.2097
 ESURF=         1.9667
 EAMBER (non-restraint)  =        -3.7927
 ------------------------------------------------------------------------------

 NMR restraints: Bond =    0.000   Angle =     0.000   Torsion =     0.210
===============================================================================
| RE_POSITION Moving by  -7.792480  5.004045  3.255777
| RE_POSITION Moving by -10.244451  1.322471 -3.029327
| RE_POSITION Moving by  -0.805485 -0.953713  6.051459
| RE_POSITION Moving by   0.030046 13.663001 -1.233939
| RE_POSITION Moving by  -4.870156 10.636759  1.664378

 NSTEP =   500000   TIME(PS) =    2000.000  TEMP(K) =   358.79  PRESS =     0.0
 Etot   =        14.1965  EKtot   =        28.1632  EPtot      =       -13.9666
 BOND   =         6.3212  ANGLE   =         8.7677  DIHED      =        22.9521
 1-4 NB =         4.7441  1-4 EEL =       120.7644  VDWAALS    =        -2.9388
 EELEC  =      -155.0225  EGB     =       -22.3616  RESTRAINT  =         0.8353
 ESURF=         1.9716
 EAMBER (non-restraint)  =       -14.8019
 ------------------------------------------------------------------------------

 NMR restraints: Bond =    0.000   Angle =     0.000   Torsion =     0.835
===============================================================================

      A V E R A G E S   O V E R  500000 S T E P S


 NSTEP =   500000   TIME(PS) =    2000.000  TEMP(K) =   299.53  PRESS =     0.0
 Etot   =        13.7932  EKtot   =        23.5112  EPtot      =        -9.7181
 BOND   =         5.3536  ANGLE   =        14.1060  DIHED      =        21.8773
 1-4 NB =         5.1309  1-4 EEL =       118.2773  VDWAALS    =        -3.4383
 EELEC  =      -149.2090  EGB     =       -24.2382  RESTRAINT  =         0.4608
 ESURF=         1.9614
 EAMBER (non-restraint)  =       -10.1789
 ------------------------------------------------------------------------------

 NMR restraints: Bond =    0.000   Angle =     0.000   Torsion =     0.835
===============================================================================

      R M S  F L U C T U A T I O N S


 NSTEP =   500000   TIME(PS) =    2000.000  TEMP(K) =    48.22  PRESS =     0.0
 Etot   =         5.4474  EKtot   =         3.7847  EPtot      =         3.8378
 BOND   =         1.9654  ANGLE   =         3.0571  DIHED      =         1.6950
 1-4 NB =         0.9736  1-4 EEL =         3.1486  VDWAALS    =         0.6942
 EELEC  =         3.7192  EGB     =         1.9386  RESTRAINT  =         0.5942
 ESURF=         0.0386
 EAMBER (non-restraint)  =         3.2436
 ------------------------------------------------------------------------------


 NMR restraints on final step:


--------------------------------------------------------------------------------
   5.  TIMINGS
--------------------------------------------------------------------------------

|>>>>>>>>PROFILE of Average TIMES>>>>>>>>> 
|                Calc gb radii             26.97 ( 7.66% of Gen B)
|                Communicate gb radii     228.56 (64.94% of Gen B)
|                Calc gb diag              38.72 (11.00% of Gen B)
|                Calc gb off-diag          24.75 ( 7.03% of Gen B)
|                Surface area energy       32.34 ( 9.19% of Gen B)
|                Other                      0.63 ( 0.18% of Gen B)
|             Gen Born time            351.96 (100.0% of Nonbo)
|             IPS excludes               0.08 ( 0.02% of Nonbo)
|          Nonbond force            352.04 (29.38% of Force)
|          Bond/Angle/Dihedral       12.22 ( 1.02% of Force)
|          FRC Collect time         602.19 (50.25% of Force)
|          Other                    231.84 (19.35% of Force)
|       Force time              1198.30 (77.97% of Runmd)
|       Shake time                 1.60 ( 0.10% of Runmd)
|       Verlet update time       264.29 (17.20% of Runmd)
|       CRD distribute time       71.58 ( 4.66% of Runmd)
|       Other                      1.10 ( 0.07% of Runmd)
|    Runmd Time              1536.87 (100.0% of Total)
|    Other                      0.08 ( 0.01% of Total)
| Total time              1536.95 (100.0% of ALL  )

| Number of list builds   :          0

| Highest rstack allocated:          0
| Highest istack allocated:          0

| Final Performance Info:
| -----------------------------------------------------
| Average timings for all steps:
|     Elapsed(s) =    1536.87 Per Step(ms) =       3.07
|         ns/day =      56.22   seconds/ns =    1536.87
| -----------------------------------------------------

|           Job began  at 14:29:30.521  on 08/26/2013
|           Setup done at 14:29:30.612  on 08/26/2013
|           Run   done at 14:55:07.483  on 08/26/2013
|     wallclock() was called18500023 times
