
          -------------------------------------------------------
          Amber 12 SANDER                              2012
          -------------------------------------------------------

| Run on 08/26/2013 at 14:23:52
  [-O]verwriting output

File Assignments:
|  MDIN: run.in                                                                
| MDOUT: run.out                                                               
|INPCRD: ../0_init/ala.crd                                                     
|  PARM: parm                                                                  
|RESTRT: run.rst                                                               
|  REFC: refc                                                                  
| MDVEL: mdvel                                                                 
|  MDEN: mden                                                                  
| MDCRD: run.nc                                                                
|MDINFO: mdinfo                                                                
|  MTMD: mtmd                                                                  
|INPDIP: inpdip                                                                
|RSTDIP: rstdip                                                                

|INPTRA: inptraj                                                               
|
 
 Here is the input file:
 
equilibration without restraint                                                
 &cntrl                                                                        
   ig=-1,                                                                      
   irest=0, ntx=1,                                                             
   igb=8, gbsa=1,                                                              
   cut=9999.0, rgbmax=9998.0,                                                  
   ntc=2, ntf=1, tol=0.000001,                                                 
   ntt=3, gamma_ln=2.0, tempi=0.1,                                             
   ntb=0, nscm=10000,                                                          
   ioutfm=1,                                                                   
   nstlim=500000, dt=0.002,                                                    
   ntpr=50000, ntwx=50000, ntwv=0, ntwr=500000,                                
   nmropt=1,                                                                   
 /                                                                             
 &wt                                                                           
   type='TEMP0', istep1=0, istep2=250000, value1=0.1, value2=300.0,            
 /                                                                             
 &wt                                                                           
   type='END'                                                                  
 /                                                                             
                                                                               

--------------------------------------------------------------------------------
   1.  RESOURCE   USE: 
--------------------------------------------------------------------------------

| Flags: MPI                                                                    
| New format PARM file being parsed.
| Version =    1.000 Date = 04/27/13 Time = 01:42:54
 NATOM  =      32 NTYPES =       7 NBONH =      17 MBONA  =      14
 NTHETH =      36 MTHETA =      18 NPHIH =      64 MPHIA  =      45
 NHPARM =       0 NPARM  =       0 NNB   =     152 NRES   =       4
 NBONA  =      14 NTHETA =      18 NPHIA =      45 NUMBND =      11
 NUMANG =      21 NPTRA  =      20 NATYP =       8 NPHB   =       0
 IFBOX  =       0 NMXRS  =      10 IFCAP =       0 NEXTRA =       0
 NCOPY  =       0

 Implicit solvent radii are ArgH and AspGluO modified Bondi2 radii (mbondi3)                                
 Replacing prmtop screening parameters with GBn2 (igb=8) values

|     Memory Use     Allocated
|     Real                2288
|     Hollerith            102
|     Integer            22985
|     Max Pairs              1
|     nblistReal             0
|     nblist Int             0
|       Total              108 kbytes

| Note: 1-4 EEL scale factors are being read from the topology file.

| Note: 1-4 VDW scale factors are being read from the topology file.
| Duplicated    0 dihedrals
| Duplicated    0 dihedrals
Note: ig = -1. Setting random seed based on wallclock time in microseconds
      and disabling the synchronization of random numbers between tasks
      to improve performance.

--------------------------------------------------------------------------------
   2.  CONTROL  DATA  FOR  THE  RUN
--------------------------------------------------------------------------------

ACE                                                                             

General flags:
     imin    =       0, nmropt  =       1

Nature and format of input:
     ntx     =       1, irest   =       0, ntrx    =       1

Nature and format of output:
     ntxo    =       1, ntpr    =   50000, ntrx    =       1, ntwr    =  500000
     iwrap   =       0, ntwx    =   50000, ntwv    =       0, ntwe    =       0
     ioutfm  =       1, ntwprt  =       0, idecomp =       0, rbornstat=      0

Potential function:
     ntf     =       1, ntb     =       0, igb     =       8, nsnb    =      25
     ipol    =       0, gbsa    =       1, iesp    =       0
     dielc   =   1.00000, cut     =9999.00000, intdiel =   1.00000
     saltcon =   0.00000, offset  =   0.19514, surften =   0.00500
     rdt     =   0.00000, rgbmax  =9998.00000  extdiel =  78.50000
     alpb  =        0
     gbalphaH  =   0.78844, gbbetaH   =   0.79870,  gbgammaH  =    0.43733
     gbalphaC  =   0.73376, gbbetaC   =   0.50638,  gbgammaC  =    0.20584
     gbalphaN  =   0.50336, gbbetaN   =   0.31683,  gbgammaN  =    0.19292
     gbalphaOS =   0.86781, gbbetaOS  =   0.87664,  gbgammaOS =    0.38788
     gbalphaP  =   1.00000, gbbetaP   =   0.80000,  gbgammaP  =    4.85000

Frozen or restrained atoms:
     ibelly  =       0, ntr     =       0

Molecular dynamics:
     nstlim  =    500000, nscm    =     10000, nrespa  =         1
     t       =   0.00000, dt      =   0.00200, vlimit  =  20.00000

Langevin dynamics temperature regulation:
     ig      =  207123
     temp0   = 300.00000, tempi   =   0.10000, gamma_ln=   2.00000

SHAKE:
     ntc     =       2, jfastw  =       0
     tol     =   0.00000

NMR refinement options:
     iscale  =       0, noeskp  =       1, ipnlty  =       1, mxsub   =       1
     scalm   = 100.00000, pencut  =   0.10000, tausw   =   0.10000

| MPI Timing options:
|      profile_mpi =        0
|  INFO: Old style inpcrd file read


--------------------------------------------------------------------------------
   3.  ATOMIC COORDINATES AND VELOCITIES
--------------------------------------------------------------------------------

ACE                                                                             
 begin time read from input coords =     0.000 ps



           Begin reading energy term weight changes/NMR restraints
 WEIGHT CHANGES:
 TEMP0         0 250000    0.100000  300.000000      0      0

 RESTRAINTS:
                          ** No restraint defined **

                  Done reading weight changes/NMR restraints


 Number of triangulated 3-point waters found:        0
|  Atom division among processors:
|         0      16      32
|  Running AMBER/MPI version on    2 nodes


--------------------------------------------------------------------------------
   4.  RESULTS
--------------------------------------------------------------------------------

|  # of SOLUTE  degrees of freedom (RNDFP):      79.
|  # of SOLVENT degrees of freedom (RNDFS):       0.
|  NDFMIN =      79.     NUM_NOSHAKE =      0     CORRECTED RNDFP =      79.
|  TOTAL # of degrees of freedom (RNDF) =      79.

 NSTEP =        0   TIME(PS) =       0.000  TEMP(K) =     0.12  PRESS =     0.0
 Etot   =       -19.1326  EKtot   =         0.0093  EPtot      =       -19.1420
 BOND   =         0.0209  ANGLE   =         0.6618  DIHED      =        16.9003
 1-4 NB =         8.7172  1-4 EEL =       121.7184  VDWAALS    =         4.7277
 EELEC  =      -153.0987  EGB     =       -20.7761  RESTRAINT  =         0.0000
 ESURF=         1.9864
 ------------------------------------------------------------------------------

 NMR restraints: Bond =    0.000   Angle =     0.000   Torsion =     0.000
===============================================================================
| RE_POSITION Moving by   0.692131 -0.515648  0.250756
| RE_POSITION Moving by  -0.938400  0.797528  1.409774
| RE_POSITION Moving by  -2.460757 -0.032462  0.586296
| RE_POSITION Moving by  -2.193617 -1.161489  2.256367
| RE_POSITION Moving by  -2.334243 -3.278923 -2.466959

 NSTEP =    50000   TIME(PS) =     100.000  TEMP(K) =    48.38  PRESS =     0.0
 Etot   =       -25.9619  EKtot   =         3.7974  EPtot      =       -29.7594
 BOND   =         1.5254  ANGLE   =         4.5002  DIHED      =        16.0741
 1-4 NB =         4.6386  1-4 EEL =       118.3484  VDWAALS    =        -3.3871
 EELEC  =      -149.0275  EGB     =       -24.4231  RESTRAINT  =         0.0000
 ESURF=         1.9915
 ------------------------------------------------------------------------------

 NMR restraints: Bond =    0.000   Angle =     0.000   Torsion =     0.000
===============================================================================
| RE_POSITION Moving by   4.374155  0.154725 -1.140642
| RE_POSITION Moving by  -1.946707  3.628726 -1.316045
| RE_POSITION Moving by  -0.041903  3.891984 -1.536068
| RE_POSITION Moving by   1.852899  1.174171  0.585869
| RE_POSITION Moving by  -3.602022  2.753622  1.038444

 NSTEP =   100000   TIME(PS) =     200.000  TEMP(K) =   134.33  PRESS =     0.0
 Etot   =       -15.6716  EKtot   =        10.5443  EPtot      =       -26.2158
 BOND   =         2.7083  ANGLE   =         6.5070  DIHED      =        16.7311
 1-4 NB =         4.0248  1-4 EEL =       117.8568  VDWAALS    =        -3.5533
 EELEC  =      -148.6243  EGB     =       -23.8622  RESTRAINT  =         0.0000
 ESURF=         1.9959
 ------------------------------------------------------------------------------

 NMR restraints: Bond =    0.000   Angle =     0.000   Torsion =     0.000
===============================================================================
| RE_POSITION Moving by  -3.776785 -0.484854 -1.320171
| RE_POSITION Moving by  -5.434002  3.188850 -5.700732
| RE_POSITION Moving by  -3.771186 -2.191526 -2.694043
| RE_POSITION Moving by   1.833686  0.548339 -1.131266
| RE_POSITION Moving by  -1.905192  3.778667 -2.253281

 NSTEP =   150000   TIME(PS) =     300.000  TEMP(K) =   175.44  PRESS =     0.0
 Etot   =        -4.3394  EKtot   =        13.7709  EPtot      =       -18.1103
 BOND   =         2.9208  ANGLE   =        10.0220  DIHED      =        18.3013
 1-4 NB =         6.2535  1-4 EEL =       123.2266  VDWAALS    =        -2.4882
 EELEC  =      -154.7675  EGB     =       -23.5730  RESTRAINT  =         0.0000
 ESURF=         1.9941
 ------------------------------------------------------------------------------

 NMR restraints: Bond =    0.000   Angle =     0.000   Torsion =     0.000
===============================================================================
| RE_POSITION Moving by   0.938236  7.211350 -2.010474
| RE_POSITION Moving by  10.456006  5.748820  2.595024
| RE_POSITION Moving by   2.210996  1.577063  0.031982
| RE_POSITION Moving by   1.365286 -2.292339  2.291929
| RE_POSITION Moving by   6.256298 -0.239311 -5.636094

 NSTEP =   200000   TIME(PS) =     400.000  TEMP(K) =   217.28  PRESS =     0.0
 Etot   =         3.0910  EKtot   =        17.0551  EPtot      =       -13.9641
 BOND   =         2.0579  ANGLE   =        15.6762  DIHED      =        17.3237
 1-4 NB =         5.5504  1-4 EEL =       117.8962  VDWAALS    =        -2.8821
 EELEC  =      -145.4272  EGB     =       -26.1686  RESTRAINT  =         0.0000
 ESURF=         2.0095
 ------------------------------------------------------------------------------

 NMR restraints: Bond =    0.000   Angle =     0.000   Torsion =     0.000
===============================================================================
| RE_POSITION Moving by  -1.212009 -5.699776 -2.322321
| RE_POSITION Moving by   1.968487  0.380291  1.973751
| RE_POSITION Moving by  -6.816456  1.614150 -1.684506
| RE_POSITION Moving by  -7.548734  4.930217  1.385173
| RE_POSITION Moving by  -5.100905  4.855835 -5.678077

 NSTEP =   250000   TIME(PS) =     500.000  TEMP(K) =   233.66  PRESS =     0.0
 Etot   =         7.1962  EKtot   =        18.3410  EPtot      =       -11.1448
 BOND   =         6.7151  ANGLE   =        18.2528  DIHED      =        19.7018
 1-4 NB =         4.2580  1-4 EEL =       111.0051  VDWAALS    =        -3.9835
 EELEC  =      -143.6872  EGB     =       -25.3588  RESTRAINT  =         0.0000
 ESURF=         1.9518
 ------------------------------------------------------------------------------

 NMR restraints: Bond =    0.000   Angle =     0.000   Torsion =     0.000
===============================================================================
| RE_POSITION Moving by   1.594487  1.200499  3.199379
| RE_POSITION Moving by  -5.860495  1.738359 -1.959243
| RE_POSITION Moving by   3.383175  1.374847 -3.635108
| RE_POSITION Moving by   3.043278 -2.005473 -2.381875
| RE_POSITION Moving by  -9.314957 -1.530283 -9.593383

 NSTEP =   300000   TIME(PS) =     600.000  TEMP(K) =   383.22  PRESS =     0.0
 Etot   =        21.8441  EKtot   =        30.0803  EPtot      =        -8.2362
 BOND   =         7.9017  ANGLE   =        15.2183  DIHED      =        21.8758
 1-4 NB =         4.1782  1-4 EEL =       110.2354  VDWAALS    =        -2.5966
 EELEC  =      -145.1224  EGB     =       -21.9487  RESTRAINT  =         0.0000
 ESURF=         2.0220
 ------------------------------------------------------------------------------

 NMR restraints: Bond =    0.000   Angle =     0.000   Torsion =     0.000
===============================================================================
| RE_POSITION Moving by   0.071109 -1.239107  4.525058
| RE_POSITION Moving by   1.844533 -2.408583  0.938315
| RE_POSITION Moving by   0.583062 -1.294587 -3.753134
| RE_POSITION Moving by   2.445884  5.697686 -0.840369
| RE_POSITION Moving by   0.152393 -2.491140 -1.686337

 NSTEP =   350000   TIME(PS) =     700.000  TEMP(K) =   355.10  PRESS =     0.0
 Etot   =        12.1160  EKtot   =        27.8736  EPtot      =       -15.7576
 BOND   =         3.4675  ANGLE   =        14.1585  DIHED      =        18.1685
 1-4 NB =         4.1682  1-4 EEL =       118.0930  VDWAALS    =        -3.3532
 EELEC  =      -146.8231  EGB     =       -25.6391  RESTRAINT  =         0.0000
 ESURF=         2.0022
 ------------------------------------------------------------------------------

 NMR restraints: Bond =    0.000   Angle =     0.000   Torsion =     0.000
===============================================================================
| RE_POSITION Moving by   0.395104  5.816572 -2.722511
| RE_POSITION Moving by   2.431588 -0.681479 -6.369837
| RE_POSITION Moving by   4.233377  1.435596 10.124068
| RE_POSITION Moving by   3.665586 -3.532503  1.652629
| RE_POSITION Moving by   5.032144  0.425506  2.714452

 NSTEP =   400000   TIME(PS) =     800.000  TEMP(K) =   344.79  PRESS =     0.0
 Etot   =        15.7039  EKtot   =        27.0642  EPtot      =       -11.3603
 BOND   =         4.6208  ANGLE   =        14.2634  DIHED      =        19.9440
 1-4 NB =         5.9654  1-4 EEL =       119.3752  VDWAALS    =        -3.5499
 EELEC  =      -149.9042  EGB     =       -24.0722  RESTRAINT  =         0.0000
 ESURF=         1.9971
 ------------------------------------------------------------------------------

 NMR restraints: Bond =    0.000   Angle =     0.000   Torsion =     0.000
===============================================================================
| RE_POSITION Moving by  -8.349021 -6.936035  6.096876
| RE_POSITION Moving by  -1.922487  4.969031 -4.984895
| RE_POSITION Moving by   2.604105  2.257233  2.712600
| RE_POSITION Moving by  -1.431463  2.988145  0.222388
| RE_POSITION Moving by   1.762926  1.456472  5.704791

 NSTEP =   450000   TIME(PS) =     900.000  TEMP(K) =   322.17  PRESS =     0.0
 Etot   =         9.2723  EKtot   =        25.2887  EPtot      =       -16.0164
 BOND   =         5.7656  ANGLE   =        12.9395  DIHED      =        18.9109
 1-4 NB =         4.8257  1-4 EEL =       115.3406  VDWAALS    =        -3.5257
 EELEC  =      -142.4609  EGB     =       -29.7606  RESTRAINT  =         0.0000
 ESURF=         1.9485
 ------------------------------------------------------------------------------

 NMR restraints: Bond =    0.000   Angle =     0.000   Torsion =     0.000
===============================================================================
| RE_POSITION Moving by   0.953858  3.049352 -1.163724
| RE_POSITION Moving by  -1.125762 -2.559957 -0.919372
| RE_POSITION Moving by   6.534755  5.061068  8.628350
| RE_POSITION Moving by   6.004346 -1.899546  0.358977
| RE_POSITION Moving by   3.377508  7.347101 -3.205631

 NSTEP =   500000   TIME(PS) =    1000.000  TEMP(K) =   353.66  PRESS =     0.0
 Etot   =        16.1175  EKtot   =        27.7602  EPtot      =       -11.6428
 BOND   =         7.2099  ANGLE   =        13.7034  DIHED      =        17.9245
 1-4 NB =         4.9336  1-4 EEL =       117.3726  VDWAALS    =        -3.4496
 EELEC  =      -145.3918  EGB     =       -25.9335  RESTRAINT  =         0.0000
 ESURF=         1.9881
 ------------------------------------------------------------------------------

 NMR restraints: Bond =    0.000   Angle =     0.000   Torsion =     0.000
===============================================================================

      A V E R A G E S   O V E R  500000 S T E P S


 NSTEP =   500000   TIME(PS) =    1000.000  TEMP(K) =   223.96  PRESS =     0.0
 Etot   =        -0.0179  EKtot   =        17.5799  EPtot      =       -17.5978
 BOND   =         4.2295  ANGLE   =        10.9164  DIHED      =        18.7378
 1-4 NB =         5.0324  1-4 EEL =       117.3185  VDWAALS    =        -3.2960
 EELEC  =      -147.6910  EGB     =       -24.8209  RESTRAINT  =         0.0000
 ESURF=         1.9755
 ------------------------------------------------------------------------------

 NMR restraints: Bond =    0.000   Angle =     0.000   Torsion =     0.000
===============================================================================

      R M S  F L U C T U A T I O N S


 NSTEP =   500000   TIME(PS) =    1000.000  TEMP(K) =   104.21  PRESS =     0.0
 Etot   =        15.5448  EKtot   =         8.1800  EPtot      =         7.9556
 BOND   =         2.2384  ANGLE   =         4.8995  DIHED      =         1.9886
 1-4 NB =         0.9259  1-4 EEL =         2.7350  VDWAALS    =         0.5725
 EELEC  =         3.1114  EGB     =         1.8975  RESTRAINT  =         0.0000
 ESURF=         0.0321
 ------------------------------------------------------------------------------


 NMR restraints on final step:


--------------------------------------------------------------------------------
   5.  TIMINGS
--------------------------------------------------------------------------------

|>>>>>>>>PROFILE of Average TIMES>>>>>>>>> 
|                Calc gb radii             13.53 (19.07% of Gen B)
|                Communicate gb radii       4.72 ( 6.65% of Gen B)
|                Calc gb diag              20.45 (28.82% of Gen B)
|                Calc gb off-diag          12.52 (17.65% of Gen B)
|                Surface area energy       19.43 (27.39% of Gen B)
|                Other                      0.30 ( 0.43% of Gen B)
|             Gen Born time             70.95 (100.0% of Nonbo)
|             IPS excludes               0.03 ( 0.04% of Nonbo)
|          Nonbond force             70.99 (74.53% of Force)
|          Bond/Angle/Dihedral        6.58 ( 6.90% of Force)
|          FRC Collect time           4.62 ( 4.85% of Force)
|          Other                     13.06 (13.71% of Force)
|       Force time                95.24 (90.55% of Runmd)
|       Shake time                 0.80 ( 0.76% of Runmd)
|       Verlet update time         7.83 ( 7.45% of Runmd)
|       CRD distribute time        0.77 ( 0.73% of Runmd)
|       Other                      0.54 ( 0.51% of Runmd)
|    Runmd Time               105.18 (100.0% of Total)
| Total time               105.19 (100.0% of ALL  )

| Number of list builds   :          0

| Highest rstack allocated:          0
| Highest istack allocated:          0

| Final Performance Info:
| -----------------------------------------------------
| Average timings for all steps:
|     Elapsed(s) =     105.18 Per Step(ms) =       0.21
|         ns/day =     821.42   seconds/ns =     105.18
| -----------------------------------------------------

|           Job began  at 14:23:52.204  on 08/26/2013
|           Setup done at 14:23:52.209  on 08/26/2013
|           Run   done at 14:25:37.393  on 08/26/2013
|     wallclock() was called18500049 times
