
          -------------------------------------------------------
          Amber 12 SANDER                              2012
          -------------------------------------------------------

| Run on 04/27/2013 at 20:31:41
  [-O]verwriting output

File Assignments:
|  MDIN: run_75.in                                                             
| MDOUT: run_75.out                                                            
|INPCRD: ../eq2/run_75.rst                                                     
|  PARM: parm                                                                  
|RESTRT: run_75.rst                                                            
|  REFC: refc                                                                  
| MDVEL: mdvel                                                                 
|  MDEN: mden                                                                  
| MDCRD: run_75.nc                                                             
|MDINFO: mdinfo                                                                
|  MTMD: mtmd                                                                  
|INPDIP: inpdip                                                                
|RSTDIP: rstdip                                                                

|INPTRA: inptraj                                                               
|
 
 Here is the input file:
 
equilibration with restraint                                                   
 &cntrl                                                                        
   ig=801103,                                                                  
   irest=1, ntx=5,                                                             
   igb=8, gbsa=1,                                                              
   cut=9999.0, rgbmax=9998.0,                                                  
   ntc=2, ntf=1, tol=0.000001,                                                 
   ntt=3, gamma_ln=2.0, tempi=0.1,                                             
   ntb=0, nscm=10000,                                                          
   ioutfm=1,                                                                   
   nstlim=500000, dt=0.002,                                                    
   ntpr=5000, ntwx=5000, ntwv=0, ntwr=500000,                                  
   nmropt=1,                                                                   
 /                                                                             
 &wt                                                                           
  type='DUMPFREQ', istep1=5000,                                                
 /                                                                             
 &wt                                                                           
  type='END',                                                                  
 /                                                                             
DISANG=run_75.disang                                                           
DUMPAVE=run_75.dat                                                             
                                                                               

--------------------------------------------------------------------------------
   1.  RESOURCE   USE: 
--------------------------------------------------------------------------------

| Flags: MPI                                                                    
| New format PARM file being parsed.
| Version =    1.000 Date = 04/27/13 Time = 01:42:54
 NATOM  =      32 NTYPES =       7 NBONH =      17 MBONA  =      14
 NTHETH =      36 MTHETA =      18 NPHIH =      64 MPHIA  =      45
 NHPARM =       0 NPARM  =       0 NNB   =     152 NRES   =       4
 NBONA  =      14 NTHETA =      18 NPHIA =      45 NUMBND =      11
 NUMANG =      21 NPTRA  =      20 NATYP =       8 NPHB   =       0
 IFBOX  =       0 NMXRS  =      10 IFCAP =       0 NEXTRA =       0
 NCOPY  =       0

 Implicit solvent radii are ArgH and AspGluO modified Bondi2 radii (mbondi3)                                
 Replacing prmtop screening parameters with GBn2 (igb=8) values

|     Memory Use     Allocated
|     Real                2310
|     Hollerith            102
|     Integer            23012
|     Max Pairs              1
|     nblistReal             0
|     nblist Int             0
|       Total              108 kbytes

| Note: 1-4 EEL scale factors are being read from the topology file.

| Note: 1-4 VDW scale factors are being read from the topology file.
| Duplicated    0 dihedrals
| Duplicated    0 dihedrals

--------------------------------------------------------------------------------
   2.  CONTROL  DATA  FOR  THE  RUN
--------------------------------------------------------------------------------

ACE                                                                             

General flags:
     imin    =       0, nmropt  =       1

Nature and format of input:
     ntx     =       5, irest   =       1, ntrx    =       1

Nature and format of output:
     ntxo    =       1, ntpr    =    5000, ntrx    =       1, ntwr    =  500000
     iwrap   =       0, ntwx    =    5000, ntwv    =       0, ntwe    =       0
     ioutfm  =       1, ntwprt  =       0, idecomp =       0, rbornstat=      0

Potential function:
     ntf     =       1, ntb     =       0, igb     =       8, nsnb    =      25
     ipol    =       0, gbsa    =       1, iesp    =       0
     dielc   =   1.00000, cut     =9999.00000, intdiel =   1.00000
     saltcon =   0.00000, offset  =   0.19514, surften =   0.00500
     rdt     =   0.00000, rgbmax  =9998.00000  extdiel =  78.50000
     alpb  =        0
     gbalphaH  =   0.78844, gbbetaH   =   0.79870,  gbgammaH  =    0.43733
     gbalphaC  =   0.73376, gbbetaC   =   0.50638,  gbgammaC  =    0.20584
     gbalphaN  =   0.50336, gbbetaN   =   0.31683,  gbgammaN  =    0.19292
     gbalphaOS =   0.86781, gbbetaOS  =   0.87664,  gbgammaOS =    0.38788
     gbalphaP  =   1.00000, gbbetaP   =   0.80000,  gbgammaP  =    4.85100

Frozen or restrained atoms:
     ibelly  =       0, ntr     =       0

Molecular dynamics:
     nstlim  =    500000, nscm    =     10000, nrespa  =         1
     t       =   0.00000, dt      =   0.00200, vlimit  =  20.00000

Langevin dynamics temperature regulation:
     ig      =  801103
     temp0   = 300.00000, tempi   =   0.10000, gamma_ln=   2.00000

SHAKE:
     ntc     =       2, jfastw  =       0
     tol     =   0.00000

NMR refinement options:
     iscale  =       0, noeskp  =       1, ipnlty  =       1, mxsub   =       1
     scalm   = 100.00000, pencut  =   0.10000, tausw   =   0.10000

| MPI Timing options:
|      profile_mpi =        0
|  INFO: Old style inpcrd file read


--------------------------------------------------------------------------------
   3.  ATOMIC COORDINATES AND VELOCITIES
--------------------------------------------------------------------------------

ACE                                                                             
 begin time read from input coords =  2000.000 ps



           Begin reading energy term weight changes/NMR restraints
 WEIGHT CHANGES:
 DUMPFREQ   5000      0    0.000000    0.000000      0      0
                         ** No weight changes given **

 RESTRAINTS:
 Requested file redirections:
  DISANG    = run_75.disang
  DUMPAVE   = run_75.dat
 Restraints will be read from file: run_75.disang
Here are comments from the DISANG input file:

                       Number of restraints read =     1

                  Done reading weight changes/NMR restraints


 Number of triangulated 3-point waters found:        0
|  Atom division among processors:
|         0      16      32
|  Running AMBER/MPI version on    2 nodes


--------------------------------------------------------------------------------
   4.  RESULTS
--------------------------------------------------------------------------------

|  # of SOLUTE  degrees of freedom (RNDFP):      79.
|  # of SOLVENT degrees of freedom (RNDFS):       0.
|  NDFMIN =      79.     NUM_NOSHAKE =      0     CORRECTED RNDFP =      79.
|  TOTAL # of degrees of freedom (RNDF) =      79.

 NSTEP =     5000   TIME(PS) =    2010.000  TEMP(K) =   292.00  PRESS =     0.0
 Etot   =        30.4441  EKtot   =        22.9199  EPtot      =         7.5241
 BOND   =         6.9371  ANGLE   =        15.2478  DIHED      =        35.6132
 1-4 NB =         5.9035  1-4 EEL =       112.4413  VDWAALS    =        -3.6367
 EELEC  =      -143.6839  EGB     =       -23.2755  RESTRAINT  =         0.0003
 ESURF=         1.9771
 EAMBER (non-restraint)  =         7.5239
 ------------------------------------------------------------------------------

 NMR restraints: Bond =    0.000   Angle =     0.000   Torsion =     0.000
===============================================================================
| RE_POSITION Moving by  -4.414984  4.881565  0.607104

 NSTEP =    10000   TIME(PS) =    2020.000  TEMP(K) =   271.62  PRESS =     0.0
 Etot   =        30.7325  EKtot   =        21.3203  EPtot      =         9.4122
 BOND   =         7.5124  ANGLE   =        15.1757  DIHED      =        36.7897
 1-4 NB =         6.5323  1-4 EEL =       109.1822  VDWAALS    =        -4.5350
 EELEC  =      -145.7178  EGB     =       -20.2300  RESTRAINT  =         2.8274
 ESURF=         1.8752
 EAMBER (non-restraint)  =         6.5849
 ------------------------------------------------------------------------------

 NMR restraints: Bond =    0.000   Angle =     0.000   Torsion =     2.827
===============================================================================

 NSTEP =    15000   TIME(PS) =    2030.000  TEMP(K) =   309.54  PRESS =     0.0
 Etot   =        29.7864  EKtot   =        24.2968  EPtot      =         5.4896
 BOND   =         5.6762  ANGLE   =        17.0443  DIHED      =        37.0208
 1-4 NB =         3.8212  1-4 EEL =       110.5955  VDWAALS    =        -4.3964
 EELEC  =      -143.8262  EGB     =       -22.4202  RESTRAINT  =         0.0227
 ESURF=         1.9517
 EAMBER (non-restraint)  =         5.4669
 ------------------------------------------------------------------------------

 NMR restraints: Bond =    0.000   Angle =     0.000   Torsion =     0.023
===============================================================================
| RE_POSITION Moving by   4.654148  2.480423  1.808909

 NSTEP =    20000   TIME(PS) =    2040.000  TEMP(K) =   245.70  PRESS =     0.0
 Etot   =        26.2048  EKtot   =        19.2861  EPtot      =         6.9187
 BOND   =         9.4112  ANGLE   =        14.6798  DIHED      =        34.5986
 1-4 NB =         5.9464  1-4 EEL =       110.7674  VDWAALS    =        -4.0180
 EELEC  =      -143.0295  EGB     =       -23.4432  RESTRAINT  =         0.0207
 ESURF=         1.9853
 EAMBER (non-restraint)  =         6.8980
 ------------------------------------------------------------------------------

 NMR restraints: Bond =    0.000   Angle =     0.000   Torsion =     0.021
===============================================================================

 NSTEP =    25000   TIME(PS) =    2050.000  TEMP(K) =   301.46  PRESS =     0.0
 Etot   =        30.5281  EKtot   =        23.6630  EPtot      =         6.8652
 BOND   =         8.1294  ANGLE   =        12.3121  DIHED      =        40.4272
 1-4 NB =         4.4509  1-4 EEL =       109.3260  VDWAALS    =        -4.9223
 EELEC  =      -144.5243  EGB     =       -20.8129  RESTRAINT  =         0.5584
 ESURF=         1.9206
 EAMBER (non-restraint)  =         6.3067
 ------------------------------------------------------------------------------

 NMR restraints: Bond =    0.000   Angle =     0.000   Torsion =     0.558
===============================================================================
| RE_POSITION Moving by  -5.966248  2.838565  3.569071

 NSTEP =    30000   TIME(PS) =    2060.000  TEMP(K) =   294.92  PRESS =     0.0
 Etot   =        25.9867  EKtot   =        23.1498  EPtot      =         2.8368
 BOND   =         3.5646  ANGLE   =        16.2498  DIHED      =        30.9529
 1-4 NB =         7.9041  1-4 EEL =       108.5860  VDWAALS    =        -4.3330
 EELEC  =      -136.8187  EGB     =       -25.6565  RESTRAINT  =         0.4626
 ESURF=         1.9250
 EAMBER (non-restraint)  =         2.3742
 ------------------------------------------------------------------------------

 NMR restraints: Bond =    0.000   Angle =     0.000   Torsion =     0.463
===============================================================================

 NSTEP =    35000   TIME(PS) =    2070.000  TEMP(K) =   194.63  PRESS =     0.0
 Etot   =        19.9195  EKtot   =        15.2771  EPtot      =         4.6424
 BOND   =         3.5519  ANGLE   =        22.1275  DIHED      =        34.1785
 1-4 NB =         4.8237  1-4 EEL =       106.0244  VDWAALS    =        -5.1108
 EELEC  =      -140.4374  EGB     =       -22.7090  RESTRAINT  =         0.3229
 ESURF=         1.8707
 EAMBER (non-restraint)  =         4.3195
 ------------------------------------------------------------------------------

 NMR restraints: Bond =    0.000   Angle =     0.000   Torsion =     0.323
===============================================================================
| RE_POSITION Moving by  -1.033637  2.903192  0.537971

 NSTEP =    40000   TIME(PS) =    2080.000  TEMP(K) =   262.53  PRESS =     0.0
 Etot   =        22.2955  EKtot   =        20.6067  EPtot      =         1.6888
 BOND   =         5.7808  ANGLE   =        16.7238  DIHED      =        33.7047
 1-4 NB =         4.7726  1-4 EEL =       104.1148  VDWAALS    =        -4.7605
 EELEC  =      -137.2546  EGB     =       -23.4710  RESTRAINT  =         0.2267
 ESURF=         1.8514
 EAMBER (non-restraint)  =         1.4621
 ------------------------------------------------------------------------------

 NMR restraints: Bond =    0.000   Angle =     0.000   Torsion =     0.227
===============================================================================

 NSTEP =    45000   TIME(PS) =    2090.000  TEMP(K) =   294.25  PRESS =     0.0
 Etot   =        33.4913  EKtot   =        23.0970  EPtot      =        10.3943
 BOND   =         6.2528  ANGLE   =        17.8285  DIHED      =        38.6685
 1-4 NB =         4.5019  1-4 EEL =       111.0183  VDWAALS    =        -4.1641
 EELEC  =      -143.5291  EGB     =       -22.8045  RESTRAINT  =         0.6945
 ESURF=         1.9275
 EAMBER (non-restraint)  =         9.6998
 ------------------------------------------------------------------------------

 NMR restraints: Bond =    0.000   Angle =     0.000   Torsion =     0.695
===============================================================================
| RE_POSITION Moving by   0.912609  9.069830 -7.225617

 NSTEP =    50000   TIME(PS) =    2100.000  TEMP(K) =   239.54  PRESS =     0.0
 Etot   =        18.7255  EKtot   =        18.8026  EPtot      =        -0.0772
 BOND   =         4.4201  ANGLE   =        10.7632  DIHED      =        35.4495
 1-4 NB =         5.3279  1-4 EEL =       109.4412  VDWAALS    =        -3.8805
 EELEC  =      -140.1938  EGB     =       -23.3378  RESTRAINT  =         0.0035
 ESURF=         1.9294
 EAMBER (non-restraint)  =        -0.0807
 ------------------------------------------------------------------------------

 NMR restraints: Bond =    0.000   Angle =     0.000   Torsion =     0.004
===============================================================================

 NSTEP =    55000   TIME(PS) =    2110.000  TEMP(K) =   310.17  PRESS =     0.0
 Etot   =        27.1079  EKtot   =        24.3467  EPtot      =         2.7612
 BOND   =         3.7211  ANGLE   =        16.9812  DIHED      =        34.9748
 1-4 NB =         4.2341  1-4 EEL =       106.8517  VDWAALS    =        -4.0581
 EELEC  =      -141.6323  EGB     =       -20.7211  RESTRAINT  =         0.4747
 ESURF=         1.9351
 EAMBER (non-restraint)  =         2.2866
 ------------------------------------------------------------------------------

 NMR restraints: Bond =    0.000   Angle =     0.000   Torsion =     0.475
===============================================================================
| RE_POSITION Moving by  -3.068852  4.956122 -0.792727

 NSTEP =    60000   TIME(PS) =    2120.000  TEMP(K) =   292.16  PRESS =     0.0
 Etot   =        29.1716  EKtot   =        22.9331  EPtot      =         6.2384
 BOND   =         4.4828  ANGLE   =        16.0938  DIHED      =        35.7973
 1-4 NB =         4.4073  1-4 EEL =       108.8611  VDWAALS    =        -3.5467
 EELEC  =      -138.4545  EGB     =       -23.3660  RESTRAINT  =         0.0004
 ESURF=         1.9629
 EAMBER (non-restraint)  =         6.2380
 ------------------------------------------------------------------------------

 NMR restraints: Bond =    0.000   Angle =     0.000   Torsion =     0.000
===============================================================================

 NSTEP =    65000   TIME(PS) =    2130.000  TEMP(K) =   316.97  PRESS =     0.0
 Etot   =        22.7787  EKtot   =        24.8806  EPtot      =        -2.1019
 BOND   =         2.0330  ANGLE   =        15.3020  DIHED      =        34.0796
 1-4 NB =         5.2495  1-4 EEL =       107.8008  VDWAALS    =        -5.4549
 EELEC  =      -143.9336  EGB     =       -19.1138  RESTRAINT  =         0.0911
 ESURF=         1.8445
 EAMBER (non-restraint)  =        -2.1930
 ------------------------------------------------------------------------------

 NMR restraints: Bond =    0.000   Angle =     0.000   Torsion =     0.091
===============================================================================
| RE_POSITION Moving by  -3.000353  2.575828  5.154109

 NSTEP =    70000   TIME(PS) =    2140.000  TEMP(K) =   357.30  PRESS =     0.0
 Etot   =        34.7693  EKtot   =        28.0460  EPtot      =         6.7233
 BOND   =         5.2061  ANGLE   =        17.4987  DIHED      =        35.4310
 1-4 NB =         5.2943  1-4 EEL =       107.7408  VDWAALS    =        -4.6017
 EELEC  =      -140.9951  EGB     =       -21.0953  RESTRAINT  =         0.3573
 ESURF=         1.8871
 EAMBER (non-restraint)  =         6.3660
 ------------------------------------------------------------------------------

 NMR restraints: Bond =    0.000   Angle =     0.000   Torsion =     0.357
===============================================================================

 NSTEP =    75000   TIME(PS) =    2150.000  TEMP(K) =   318.78  PRESS =     0.0
 Etot   =        29.8087  EKtot   =        25.0225  EPtot      =         4.7862
 BOND   =         4.3652  ANGLE   =        14.7323  DIHED      =        40.2242
 1-4 NB =         3.8270  1-4 EEL =       104.6608  VDWAALS    =        -3.9073
 EELEC  =      -139.4176  EGB     =       -21.8385  RESTRAINT  =         0.2096
 ESURF=         1.9306
 EAMBER (non-restraint)  =         4.5766
 ------------------------------------------------------------------------------

 NMR restraints: Bond =    0.000   Angle =     0.000   Torsion =     0.210
===============================================================================
| RE_POSITION Moving by   0.065261  3.084994 -2.145263

 NSTEP =    80000   TIME(PS) =    2160.000  TEMP(K) =   239.44  PRESS =     0.0
 Etot   =        21.1364  EKtot   =        18.7946  EPtot      =         2.3418
 BOND   =         4.0489  ANGLE   =        15.0552  DIHED      =        35.0387
 1-4 NB =         4.0254  1-4 EEL =       106.3050  VDWAALS    =        -3.8552
 EELEC  =      -135.9198  EGB     =       -25.2983  RESTRAINT  =         0.9702
 ESURF=         1.9717
 EAMBER (non-restraint)  =         1.3716
 ------------------------------------------------------------------------------

 NMR restraints: Bond =    0.000   Angle =     0.000   Torsion =     0.970
===============================================================================

 NSTEP =    85000   TIME(PS) =    2170.000  TEMP(K) =   228.15  PRESS =     0.0
 Etot   =        22.0309  EKtot   =        17.9082  EPtot      =         4.1227
 BOND   =         5.4685  ANGLE   =        14.4855  DIHED      =        37.3865
 1-4 NB =         5.4197  1-4 EEL =       111.6808  VDWAALS    =        -4.7109
 EELEC  =      -146.5508  EGB     =       -20.9783  RESTRAINT  =         0.0039
 ESURF=         1.9180
 EAMBER (non-restraint)  =         4.1188
 ------------------------------------------------------------------------------

 NMR restraints: Bond =    0.000   Angle =     0.000   Torsion =     0.004
===============================================================================
| RE_POSITION Moving by   0.953507 -0.786083 -4.267829

 NSTEP =    90000   TIME(PS) =    2180.000  TEMP(K) =   296.33  PRESS =     0.0
 Etot   =        37.2069  EKtot   =        23.2599  EPtot      =        13.9469
 BOND   =         3.9496  ANGLE   =        20.0800  DIHED      =        37.7780
 1-4 NB =         5.2120  1-4 EEL =       113.4070  VDWAALS    =        -3.5774
 EELEC  =      -140.0225  EGB     =       -25.4263  RESTRAINT  =         0.5531
 ESURF=         1.9934
 EAMBER (non-restraint)  =        13.3938
 ------------------------------------------------------------------------------

 NMR restraints: Bond =    0.000   Angle =     0.000   Torsion =     0.553
===============================================================================

 NSTEP =    95000   TIME(PS) =    2190.000  TEMP(K) =   338.29  PRESS =     0.0
 Etot   =        28.9321  EKtot   =        26.5536  EPtot      =         2.3784
 BOND   =         2.9961  ANGLE   =        14.1905  DIHED      =        37.2919
 1-4 NB =         5.3876  1-4 EEL =       111.9347  VDWAALS    =        -3.8577
 EELEC  =      -147.4667  EGB     =       -20.2889  RESTRAINT  =         0.2729
 ESURF=         1.9179
 EAMBER (non-restraint)  =         2.1056
 ------------------------------------------------------------------------------

 NMR restraints: Bond =    0.000   Angle =     0.000   Torsion =     0.273
===============================================================================
| RE_POSITION Moving by  -1.270279  1.835891  3.660395

 NSTEP =   100000   TIME(PS) =    2200.000  TEMP(K) =   324.40  PRESS =     0.0
 Etot   =        34.1455  EKtot   =        25.4633  EPtot      =         8.6822
 BOND   =         6.9975  ANGLE   =        18.1028  DIHED      =        33.6618
 1-4 NB =         5.1496  1-4 EEL =       109.7986  VDWAALS    =        -4.5134
 EELEC  =      -145.0087  EGB     =       -21.2799  RESTRAINT  =         3.8448
 ESURF=         1.9291
 EAMBER (non-restraint)  =         4.8374
 ------------------------------------------------------------------------------

 NMR restraints: Bond =    0.000   Angle =     0.000   Torsion =     3.845
===============================================================================

 NSTEP =   105000   TIME(PS) =    2210.000  TEMP(K) =   288.16  PRESS =     0.0
 Etot   =        21.6902  EKtot   =        22.6187  EPtot      =        -0.9285
 BOND   =         5.2223  ANGLE   =        12.0902  DIHED      =        34.0381
 1-4 NB =         5.5364  1-4 EEL =       111.5630  VDWAALS    =        -4.2796
 EELEC  =      -144.9344  EGB     =       -22.5312  RESTRAINT  =         0.4467
 ESURF=         1.9199
 EAMBER (non-restraint)  =        -1.3752
 ------------------------------------------------------------------------------

 NMR restraints: Bond =    0.000   Angle =     0.000   Torsion =     0.447
===============================================================================
| RE_POSITION Moving by  -5.914972 -5.787410 -3.452300

 NSTEP =   110000   TIME(PS) =    2220.000  TEMP(K) =   252.33  PRESS =     0.0
 Etot   =        22.0723  EKtot   =        19.8065  EPtot      =         2.2659
 BOND   =         4.2230  ANGLE   =        15.2385  DIHED      =        37.8517
 1-4 NB =         3.3324  1-4 EEL =       108.6380  VDWAALS    =        -4.6474
 EELEC  =      -141.7065  EGB     =       -23.1084  RESTRAINT  =         0.5292
 ESURF=         1.9154
 EAMBER (non-restraint)  =         1.7367
 ------------------------------------------------------------------------------

 NMR restraints: Bond =    0.000   Angle =     0.000   Torsion =     0.529
===============================================================================

 NSTEP =   115000   TIME(PS) =    2230.000  TEMP(K) =   339.94  PRESS =     0.0
 Etot   =        34.8488  EKtot   =        26.6835  EPtot      =         8.1653
 BOND   =         7.2480  ANGLE   =        11.5755  DIHED      =        38.6392
 1-4 NB =         7.5550  1-4 EEL =       113.6573  VDWAALS    =        -1.9891
 EELEC  =      -149.2939  EGB     =       -22.0751  RESTRAINT  =         0.8954
 ESURF=         1.9529
 EAMBER (non-restraint)  =         7.2699
 ------------------------------------------------------------------------------

 NMR restraints: Bond =    0.000   Angle =     0.000   Torsion =     0.895
===============================================================================
| RE_POSITION Moving by   0.115123 -3.581990  5.952998

 NSTEP =   120000   TIME(PS) =    2240.000  TEMP(K) =   298.87  PRESS =     0.0
 Etot   =        31.0260  EKtot   =        23.4595  EPtot      =         7.5665
 BOND   =         6.3000  ANGLE   =        14.6383  DIHED      =        37.0581
 1-4 NB =         5.8349  1-4 EEL =       109.2430  VDWAALS    =        -3.3965
 EELEC  =      -141.1073  EGB     =       -23.0324  RESTRAINT  =         0.0344
 ESURF=         1.9941
 EAMBER (non-restraint)  =         7.5321
 ------------------------------------------------------------------------------

 NMR restraints: Bond =    0.000   Angle =     0.000   Torsion =     0.034
===============================================================================

 NSTEP =   125000   TIME(PS) =    2250.000  TEMP(K) =   313.64  PRESS =     0.0
 Etot   =        23.7814  EKtot   =        24.6189  EPtot      =        -0.8375
 BOND   =         3.5502  ANGLE   =        12.4040  DIHED      =        37.7312
 1-4 NB =         4.9353  1-4 EEL =       109.0931  VDWAALS    =        -4.3535
 EELEC  =      -144.0435  EGB     =       -22.2546  RESTRAINT  =         0.1602
 ESURF=         1.9401
 EAMBER (non-restraint)  =        -0.9977
 ------------------------------------------------------------------------------

 NMR restraints: Bond =    0.000   Angle =     0.000   Torsion =     0.160
===============================================================================
| RE_POSITION Moving by  -3.499396  7.786412 -3.932536

 NSTEP =   130000   TIME(PS) =    2260.000  TEMP(K) =   318.47  PRESS =     0.0
 Etot   =        29.7232  EKtot   =        24.9981  EPtot      =         4.7251
 BOND   =         4.7050  ANGLE   =        13.7475  DIHED      =        36.9988
 1-4 NB =         6.9314  1-4 EEL =       111.7436  VDWAALS    =        -4.1977
 EELEC  =      -142.4896  EGB     =       -24.8567  RESTRAINT  =         0.2027
 ESURF=         1.9401
 EAMBER (non-restraint)  =         4.5223
 ------------------------------------------------------------------------------

 NMR restraints: Bond =    0.000   Angle =     0.000   Torsion =     0.203
===============================================================================

 NSTEP =   135000   TIME(PS) =    2270.000  TEMP(K) =   191.73  PRESS =     0.0
 Etot   =        15.1163  EKtot   =        15.0499  EPtot      =         0.0664
 BOND   =         3.4078  ANGLE   =        12.7437  DIHED      =        35.1212
 1-4 NB =         4.6252  1-4 EEL =       113.1203  VDWAALS    =        -4.3392
 EELEC  =      -143.8740  EGB     =       -22.9148  RESTRAINT  =         0.2311
 ESURF=         1.9451
 EAMBER (non-restraint)  =        -0.1647
 ------------------------------------------------------------------------------

 NMR restraints: Bond =    0.000   Angle =     0.000   Torsion =     0.231
===============================================================================
| RE_POSITION Moving by   1.566788  8.564173 -2.909314

 NSTEP =   140000   TIME(PS) =    2280.000  TEMP(K) =   288.28  PRESS =     0.0
 Etot   =        29.0026  EKtot   =        22.6283  EPtot      =         6.3743
 BOND   =         2.5781  ANGLE   =        17.1876  DIHED      =        35.6983
 1-4 NB =         6.3181  1-4 EEL =       113.8715  VDWAALS    =        -4.0387
 EELEC  =      -146.6780  EGB     =       -20.5722  RESTRAINT  =         0.0793
 ESURF=         1.9303
 EAMBER (non-restraint)  =         6.2950
 ------------------------------------------------------------------------------

 NMR restraints: Bond =    0.000   Angle =     0.000   Torsion =     0.079
===============================================================================

 NSTEP =   145000   TIME(PS) =    2290.000  TEMP(K) =   275.52  PRESS =     0.0
 Etot   =        30.1205  EKtot   =        21.6266  EPtot      =         8.4939
 BOND   =         6.9036  ANGLE   =        21.7674  DIHED      =        35.2767
 1-4 NB =         4.6806  1-4 EEL =       104.3837  VDWAALS    =        -4.3957
 EELEC  =      -140.5498  EGB     =       -21.5370  RESTRAINT  =         0.0229
 ESURF=         1.9415
 EAMBER (non-restraint)  =         8.4710
 ------------------------------------------------------------------------------

 NMR restraints: Bond =    0.000   Angle =     0.000   Torsion =     0.023
===============================================================================
| RE_POSITION Moving by  -2.816520  0.504281 -7.072578

 NSTEP =   150000   TIME(PS) =    2300.000  TEMP(K) =   305.53  PRESS =     0.0
 Etot   =        28.3753  EKtot   =        23.9824  EPtot      =         4.3929
 BOND   =         4.0721  ANGLE   =        16.5373  DIHED      =        37.6135
 1-4 NB =         4.9114  1-4 EEL =       109.2360  VDWAALS    =        -4.6851
 EELEC  =      -144.8105  EGB     =       -20.4597  RESTRAINT  =         0.0544
 ESURF=         1.9234
 EAMBER (non-restraint)  =         4.3385
 ------------------------------------------------------------------------------

 NMR restraints: Bond =    0.000   Angle =     0.000   Torsion =     0.054
===============================================================================

 NSTEP =   155000   TIME(PS) =    2310.000  TEMP(K) =   288.63  PRESS =     0.0
 Etot   =        30.2625  EKtot   =        22.6559  EPtot      =         7.6067
 BOND   =         5.4442  ANGLE   =        17.3963  DIHED      =        35.7812
 1-4 NB =         5.1389  1-4 EEL =       109.5117  VDWAALS    =        -3.8769
 EELEC  =      -141.7810  EGB     =       -22.7323  RESTRAINT  =         0.7510
 ESURF=         1.9736
 EAMBER (non-restraint)  =         6.8557
 ------------------------------------------------------------------------------

 NMR restraints: Bond =    0.000   Angle =     0.000   Torsion =     0.751
===============================================================================
| RE_POSITION Moving by   6.485384  2.518457  3.042401

 NSTEP =   160000   TIME(PS) =    2320.000  TEMP(K) =   301.91  PRESS =     0.0
 Etot   =        28.7982  EKtot   =        23.6978  EPtot      =         5.1004
 BOND   =         8.1155  ANGLE   =        14.5858  DIHED      =        33.2791
 1-4 NB =         4.9593  1-4 EEL =       112.0799  VDWAALS    =        -4.4723
 EELEC  =      -144.1863  EGB     =       -21.1381  RESTRAINT  =         0.0026
 ESURF=         1.8749
 EAMBER (non-restraint)  =         5.0978
 ------------------------------------------------------------------------------

 NMR restraints: Bond =    0.000   Angle =     0.000   Torsion =     0.003
===============================================================================

 NSTEP =   165000   TIME(PS) =    2330.000  TEMP(K) =   301.99  PRESS =     0.0
 Etot   =        31.1081  EKtot   =        23.7047  EPtot      =         7.4034
 BOND   =         5.6351  ANGLE   =        14.4520  DIHED      =        36.7006
 1-4 NB =         5.3361  1-4 EEL =       112.4552  VDWAALS    =        -4.7399
 EELEC  =      -140.9979  EGB     =       -23.4412  RESTRAINT  =         0.0909
 ESURF=         1.9124
 EAMBER (non-restraint)  =         7.3125
 ------------------------------------------------------------------------------

 NMR restraints: Bond =    0.000   Angle =     0.000   Torsion =     0.091
===============================================================================
| RE_POSITION Moving by   0.918553 -0.787635 -1.089878

 NSTEP =   170000   TIME(PS) =    2340.000  TEMP(K) =   323.60  PRESS =     0.0
 Etot   =        31.8044  EKtot   =        25.4009  EPtot      =         6.4035
 BOND   =         8.0372  ANGLE   =        14.6565  DIHED      =        33.3917
 1-4 NB =         4.6527  1-4 EEL =       107.0810  VDWAALS    =        -4.4976
 EELEC  =      -139.8409  EGB     =       -21.3647  RESTRAINT  =         2.3971
 ESURF=         1.8906
 EAMBER (non-restraint)  =         4.0064
 ------------------------------------------------------------------------------

 NMR restraints: Bond =    0.000   Angle =     0.000   Torsion =     2.397
===============================================================================

 NSTEP =   175000   TIME(PS) =    2350.000  TEMP(K) =   244.29  PRESS =     0.0
 Etot   =        20.9264  EKtot   =        19.1751  EPtot      =         1.7514
 BOND   =         4.5647  ANGLE   =        17.3297  DIHED      =        35.1759
 1-4 NB =         4.1087  1-4 EEL =       106.0225  VDWAALS    =        -5.1498
 EELEC  =      -142.2750  EGB     =       -19.9120  RESTRAINT  =         0.0016
 ESURF=         1.8852
 EAMBER (non-restraint)  =         1.7498
 ------------------------------------------------------------------------------

 NMR restraints: Bond =    0.000   Angle =     0.000   Torsion =     0.002
===============================================================================
| RE_POSITION Moving by  -0.591643 -0.995197 -4.263476

 NSTEP =   180000   TIME(PS) =    2360.000  TEMP(K) =   278.16  PRESS =     0.0
 Etot   =        31.0471  EKtot   =        21.8336  EPtot      =         9.2135
 BOND   =         4.4439  ANGLE   =        19.6292  DIHED      =        35.1909
 1-4 NB =         3.9399  1-4 EEL =       106.9666  VDWAALS    =        -3.7023
 EELEC  =      -138.0727  EGB     =       -23.6738  RESTRAINT  =         2.5433
 ESURF=         1.9486
 EAMBER (non-restraint)  =         6.6702
 ------------------------------------------------------------------------------

 NMR restraints: Bond =    0.000   Angle =     0.000   Torsion =     2.543
===============================================================================

 NSTEP =   185000   TIME(PS) =    2370.000  TEMP(K) =   389.42  PRESS =     0.0
 Etot   =        31.7076  EKtot   =        30.5673  EPtot      =         1.1403
 BOND   =         3.4547  ANGLE   =        11.0983  DIHED      =        38.4288
 1-4 NB =         3.8241  1-4 EEL =       113.5108  VDWAALS    =        -4.0283
 EELEC  =      -143.1680  EGB     =       -24.5575  RESTRAINT  =         0.6355
 ESURF=         1.9418
 EAMBER (non-restraint)  =         0.5047
 ------------------------------------------------------------------------------

 NMR restraints: Bond =    0.000   Angle =     0.000   Torsion =     0.636
===============================================================================
| RE_POSITION Moving by   5.240369 -1.332468  1.799150

 NSTEP =   190000   TIME(PS) =    2380.000  TEMP(K) =   264.86  PRESS =     0.0
 Etot   =        31.5110  EKtot   =        20.7896  EPtot      =        10.7214
 BOND   =         5.3832  ANGLE   =        17.3267  DIHED      =        38.6054
 1-4 NB =         3.4340  1-4 EEL =       112.8921  VDWAALS    =        -3.5631
 EELEC  =      -138.6106  EGB     =       -27.7651  RESTRAINT  =         1.0943
 ESURF=         1.9244
 EAMBER (non-restraint)  =         9.6271
 ------------------------------------------------------------------------------

 NMR restraints: Bond =    0.000   Angle =     0.000   Torsion =     1.094
===============================================================================

 NSTEP =   195000   TIME(PS) =    2390.000  TEMP(K) =   309.76  PRESS =     0.0
 Etot   =        27.5422  EKtot   =        24.3142  EPtot      =         3.2279
 BOND   =         4.8647  ANGLE   =        17.9933  DIHED      =        35.0101
 1-4 NB =         4.8895  1-4 EEL =       111.8284  VDWAALS    =        -3.8015
 EELEC  =      -142.9072  EGB     =       -26.5620  RESTRAINT  =         0.0037
 ESURF=         1.9090
 EAMBER (non-restraint)  =         3.2243
 ------------------------------------------------------------------------------

 NMR restraints: Bond =    0.000   Angle =     0.000   Torsion =     0.004
===============================================================================
| RE_POSITION Moving by   2.305007 -0.005277  3.571177

 NSTEP =   200000   TIME(PS) =    2400.000  TEMP(K) =   247.66  PRESS =     0.0
 Etot   =        25.0175  EKtot   =        19.4395  EPtot      =         5.5780
 BOND   =         3.5585  ANGLE   =        15.8770  DIHED      =        36.0618
 1-4 NB =         4.9076  1-4 EEL =       113.8882  VDWAALS    =        -3.6044
 EELEC  =      -141.1013  EGB     =       -26.4132  RESTRAINT  =         0.4190
 ESURF=         1.9848
 EAMBER (non-restraint)  =         5.1591
 ------------------------------------------------------------------------------

 NMR restraints: Bond =    0.000   Angle =     0.000   Torsion =     0.419
===============================================================================

 NSTEP =   205000   TIME(PS) =    2410.000  TEMP(K) =   398.47  PRESS =     0.0
 Etot   =        37.9048  EKtot   =        31.2777  EPtot      =         6.6272
 BOND   =         5.5731  ANGLE   =        16.8352  DIHED      =        36.0217
 1-4 NB =         4.1403  1-4 EEL =       113.4795  VDWAALS    =        -3.5081
 EELEC  =      -143.5813  EGB     =       -25.4110  RESTRAINT  =         1.0868
 ESURF=         1.9909
 EAMBER (non-restraint)  =         5.5404
 ------------------------------------------------------------------------------

 NMR restraints: Bond =    0.000   Angle =     0.000   Torsion =     1.087
===============================================================================
| RE_POSITION Moving by  -1.780698  5.609998  1.145929

 NSTEP =   210000   TIME(PS) =    2420.000  TEMP(K) =   262.73  PRESS =     0.0
 Etot   =        25.8622  EKtot   =        20.6227  EPtot      =         5.2395
 BOND   =         6.4796  ANGLE   =        14.6573  DIHED      =        35.3955
 1-4 NB =         4.0892  1-4 EEL =       112.6709  VDWAALS    =        -3.5971
 EELEC  =      -141.7016  EGB     =       -24.9958  RESTRAINT  =         0.2392
 ESURF=         2.0024
 EAMBER (non-restraint)  =         5.0003
 ------------------------------------------------------------------------------

 NMR restraints: Bond =    0.000   Angle =     0.000   Torsion =     0.239
===============================================================================

 NSTEP =   215000   TIME(PS) =    2430.000  TEMP(K) =   326.72  PRESS =     0.0
 Etot   =        34.9704  EKtot   =        25.6456  EPtot      =         9.3248
 BOND   =         6.6792  ANGLE   =        17.4462  DIHED      =        37.1143
 1-4 NB =         3.4489  1-4 EEL =       116.8859  VDWAALS    =        -4.5966
 EELEC  =      -143.8704  EGB     =       -25.7025  RESTRAINT  =         0.0000
 ESURF=         1.9198
 EAMBER (non-restraint)  =         9.3248
 ------------------------------------------------------------------------------

 NMR restraints: Bond =    0.000   Angle =     0.000   Torsion =     0.000
===============================================================================
| RE_POSITION Moving by   5.742434  3.718312 -2.492375

 NSTEP =   220000   TIME(PS) =    2440.000  TEMP(K) =   265.05  PRESS =     0.0
 Etot   =        22.9242  EKtot   =        20.8049  EPtot      =         2.1192
 BOND   =         4.9856  ANGLE   =         9.9533  DIHED      =        38.3602
 1-4 NB =         4.6653  1-4 EEL =       116.0778  VDWAALS    =        -3.3353
 EELEC  =      -145.4465  EGB     =       -25.3358  RESTRAINT  =         0.2106
 ESURF=         1.9840
 EAMBER (non-restraint)  =         1.9087
 ------------------------------------------------------------------------------

 NMR restraints: Bond =    0.000   Angle =     0.000   Torsion =     0.211
===============================================================================

 NSTEP =   225000   TIME(PS) =    2450.000  TEMP(K) =   227.59  PRESS =     0.0
 Etot   =        25.1107  EKtot   =        17.8647  EPtot      =         7.2460
 BOND   =         1.6508  ANGLE   =        18.4943  DIHED      =        36.9839
 1-4 NB =         3.5982  1-4 EEL =       117.0586  VDWAALS    =        -3.8378
 EELEC  =      -143.5646  EGB     =       -25.6545  RESTRAINT  =         0.5261
 ESURF=         1.9912
 EAMBER (non-restraint)  =         6.7199
 ------------------------------------------------------------------------------

 NMR restraints: Bond =    0.000   Angle =     0.000   Torsion =     0.526
===============================================================================
| RE_POSITION Moving by  -9.351070 -1.164414  7.207115

 NSTEP =   230000   TIME(PS) =    2460.000  TEMP(K) =   291.02  PRESS =     0.0
 Etot   =        28.7939  EKtot   =        22.8437  EPtot      =         5.9502
 BOND   =         7.6920  ANGLE   =        16.5938  DIHED      =        36.1776
 1-4 NB =         3.4150  1-4 EEL =       108.1506  VDWAALS    =        -3.2985
 EELEC  =      -142.6718  EGB     =       -22.5969  RESTRAINT  =         0.5669
 ESURF=         1.9216
 EAMBER (non-restraint)  =         5.3834
 ------------------------------------------------------------------------------

 NMR restraints: Bond =    0.000   Angle =     0.000   Torsion =     0.567
===============================================================================

 NSTEP =   235000   TIME(PS) =    2470.000  TEMP(K) =   277.24  PRESS =     0.0
 Etot   =        27.6081  EKtot   =        21.7615  EPtot      =         5.8465
 BOND   =         4.5260  ANGLE   =        15.3109  DIHED      =        39.9251
 1-4 NB =         4.0785  1-4 EEL =       111.5857  VDWAALS    =        -3.2064
 EELEC  =      -148.6498  EGB     =       -19.9496  RESTRAINT  =         0.3373
 ESURF=         1.8889
 EAMBER (non-restraint)  =         5.5092
 ------------------------------------------------------------------------------

 NMR restraints: Bond =    0.000   Angle =     0.000   Torsion =     0.337
===============================================================================
| RE_POSITION Moving by  -0.635140 -1.163371 -1.592385

 NSTEP =   240000   TIME(PS) =    2480.000  TEMP(K) =   263.46  PRESS =     0.0
 Etot   =        24.3430  EKtot   =        20.6797  EPtot      =         3.6633
 BOND   =         9.1547  ANGLE   =        17.0036  DIHED      =        33.6297
 1-4 NB =         4.0508  1-4 EEL =       104.0492  VDWAALS    =        -5.0420
 EELEC  =      -137.5530  EGB     =       -23.8084  RESTRAINT  =         0.3172
 ESURF=         1.8615
 EAMBER (non-restraint)  =         3.3461
 ------------------------------------------------------------------------------

 NMR restraints: Bond =    0.000   Angle =     0.000   Torsion =     0.317
===============================================================================

 NSTEP =   245000   TIME(PS) =    2490.000  TEMP(K) =   266.19  PRESS =     0.0
 Etot   =        23.3559  EKtot   =        20.8943  EPtot      =         2.4615
 BOND   =         4.9743  ANGLE   =        16.0650  DIHED      =        34.2658
 1-4 NB =         5.1191  1-4 EEL =       106.4949  VDWAALS    =        -3.9363
 EELEC  =      -138.1042  EGB     =       -24.6029  RESTRAINT  =         0.2454
 ESURF=         1.9404
 EAMBER (non-restraint)  =         2.2161
 ------------------------------------------------------------------------------

 NMR restraints: Bond =    0.000   Angle =     0.000   Torsion =     0.245
===============================================================================
| RE_POSITION Moving by  -8.093808 -3.873798  1.798433

 NSTEP =   250000   TIME(PS) =    2500.000  TEMP(K) =   277.46  PRESS =     0.0
 Etot   =        29.3928  EKtot   =        21.7790  EPtot      =         7.6139
 BOND   =         3.5915  ANGLE   =        14.8971  DIHED      =        34.8699
 1-4 NB =         4.7224  1-4 EEL =       112.2015  VDWAALS    =        -0.3632
 EELEC  =      -140.5938  EGB     =       -24.4946  RESTRAINT  =         0.8319
 ESURF=         1.9511
 EAMBER (non-restraint)  =         6.7820
 ------------------------------------------------------------------------------

 NMR restraints: Bond =    0.000   Angle =     0.000   Torsion =     0.832
===============================================================================

 NSTEP =   255000   TIME(PS) =    2510.000  TEMP(K) =   317.15  PRESS =     0.0
 Etot   =        31.6317  EKtot   =        24.8947  EPtot      =         6.7370
 BOND   =         7.1523  ANGLE   =        16.4942  DIHED      =        36.0211
 1-4 NB =         3.4951  1-4 EEL =       111.5173  VDWAALS    =        -3.1259
 EELEC  =      -140.9321  EGB     =       -25.8864  RESTRAINT  =         0.0211
 ESURF=         1.9803
 EAMBER (non-restraint)  =         6.7159
 ------------------------------------------------------------------------------

 NMR restraints: Bond =    0.000   Angle =     0.000   Torsion =     0.021
===============================================================================
| RE_POSITION Moving by  11.021120  5.825590 -4.022287

 NSTEP =   260000   TIME(PS) =    2520.000  TEMP(K) =   287.86  PRESS =     0.0
 Etot   =        27.6773  EKtot   =        22.5949  EPtot      =         5.0824
 BOND   =         5.5208  ANGLE   =        13.2197  DIHED      =        39.2868
 1-4 NB =         4.5286  1-4 EEL =       113.2722  VDWAALS    =        -3.7406
 EELEC  =      -149.6442  EGB     =       -19.5667  RESTRAINT  =         0.3235
 ESURF=         1.8822
 EAMBER (non-restraint)  =         4.7589
 ------------------------------------------------------------------------------

 NMR restraints: Bond =    0.000   Angle =     0.000   Torsion =     0.324
===============================================================================

 NSTEP =   265000   TIME(PS) =    2530.000  TEMP(K) =   460.83  PRESS =     0.0
 Etot   =        41.0077  EKtot   =        36.1724  EPtot      =         4.8353
 BOND   =         4.7287  ANGLE   =        18.1401  DIHED      =        34.3222
 1-4 NB =         4.4315  1-4 EEL =       108.8779  VDWAALS    =        -4.1984
 EELEC  =      -142.1433  EGB     =       -22.6317  RESTRAINT  =         1.3613
 ESURF=         1.9470
 EAMBER (non-restraint)  =         3.4740
 ------------------------------------------------------------------------------

 NMR restraints: Bond =    0.000   Angle =     0.000   Torsion =     1.361
===============================================================================
| RE_POSITION Moving by  -4.718415  5.301809 -6.718999

 NSTEP =   270000   TIME(PS) =    2540.000  TEMP(K) =   287.16  PRESS =     0.0
 Etot   =        30.3734  EKtot   =        22.5407  EPtot      =         7.8327
 BOND   =         5.1188  ANGLE   =        19.4338  DIHED      =        40.1442
 1-4 NB =         3.5571  1-4 EEL =       106.3244  VDWAALS    =        -4.4026
 EELEC  =      -142.6183  EGB     =       -21.6617  RESTRAINT  =         0.0002
 ESURF=         1.9368
 EAMBER (non-restraint)  =         7.8325
 ------------------------------------------------------------------------------

 NMR restraints: Bond =    0.000   Angle =     0.000   Torsion =     0.000
===============================================================================

 NSTEP =   275000   TIME(PS) =    2550.000  TEMP(K) =   273.30  PRESS =     0.0
 Etot   =        24.7276  EKtot   =        21.4526  EPtot      =         3.2750
 BOND   =         4.5268  ANGLE   =        15.4529  DIHED      =        34.4367
 1-4 NB =         5.0236  1-4 EEL =       110.2879  VDWAALS    =        -4.2774
 EELEC  =      -144.0447  EGB     =       -21.4135  RESTRAINT  =         1.3313
 ESURF=         1.9515
 EAMBER (non-restraint)  =         1.9438
 ------------------------------------------------------------------------------

 NMR restraints: Bond =    0.000   Angle =     0.000   Torsion =     1.331
===============================================================================
| RE_POSITION Moving by   5.727885 -0.325122 -5.696683

 NSTEP =   280000   TIME(PS) =    2560.000  TEMP(K) =   292.89  PRESS =     0.0
 Etot   =        27.5413  EKtot   =        22.9905  EPtot      =         4.5508
 BOND   =         4.3926  ANGLE   =        19.8882  DIHED      =        35.8508
 1-4 NB =         4.0012  1-4 EEL =       107.2753  VDWAALS    =        -3.2891
 EELEC  =      -145.3710  EGB     =       -20.1379  RESTRAINT  =         0.0342
 ESURF=         1.9064
 EAMBER (non-restraint)  =         4.5166
 ------------------------------------------------------------------------------

 NMR restraints: Bond =    0.000   Angle =     0.000   Torsion =     0.034
===============================================================================

 NSTEP =   285000   TIME(PS) =    2570.000  TEMP(K) =   258.21  PRESS =     0.0
 Etot   =        25.6014  EKtot   =        20.2679  EPtot      =         5.3335
 BOND   =        11.0875  ANGLE   =        14.2015  DIHED      =        34.4323
 1-4 NB =         4.9502  1-4 EEL =       109.9510  VDWAALS    =        -4.3396
 EELEC  =      -144.3666  EGB     =       -22.5237  RESTRAINT  =         0.0030
 ESURF=         1.9380
 EAMBER (non-restraint)  =         5.3305
 ------------------------------------------------------------------------------

 NMR restraints: Bond =    0.000   Angle =     0.000   Torsion =     0.003
===============================================================================
| RE_POSITION Moving by   2.004651 -3.838262  0.676778

 NSTEP =   290000   TIME(PS) =    2580.000  TEMP(K) =   255.28  PRESS =     0.0
 Etot   =        29.0801  EKtot   =        20.0380  EPtot      =         9.0421
 BOND   =         5.0966  ANGLE   =        17.6749  DIHED      =        37.5638
 1-4 NB =         5.8975  1-4 EEL =       108.0317  VDWAALS    =        -4.1600
 EELEC  =      -137.8344  EGB     =       -25.1786  RESTRAINT  =         0.0671
 ESURF=         1.8835
 EAMBER (non-restraint)  =         8.9750
 ------------------------------------------------------------------------------

 NMR restraints: Bond =    0.000   Angle =     0.000   Torsion =     0.067
===============================================================================

 NSTEP =   295000   TIME(PS) =    2590.000  TEMP(K) =   284.68  PRESS =     0.0
 Etot   =        27.5339  EKtot   =        22.3461  EPtot      =         5.1878
 BOND   =         7.8154  ANGLE   =        16.9023  DIHED      =        30.1977
 1-4 NB =         5.6410  1-4 EEL =       106.9688  VDWAALS    =        -3.8825
 EELEC  =      -135.8825  EGB     =       -25.9822  RESTRAINT  =         1.5004
 ESURF=         1.9093
 EAMBER (non-restraint)  =         3.6875
 ------------------------------------------------------------------------------

 NMR restraints: Bond =    0.000   Angle =     0.000   Torsion =     1.500
===============================================================================
| RE_POSITION Moving by  -4.538165  1.270083  1.196009

 NSTEP =   300000   TIME(PS) =    2600.000  TEMP(K) =   259.90  PRESS =     0.0
 Etot   =        33.0345  EKtot   =        20.4003  EPtot      =        12.6342
 BOND   =         3.9912  ANGLE   =        21.2929  DIHED      =        36.8825
 1-4 NB =         6.0154  1-4 EEL =       105.7096  VDWAALS    =        -3.7671
 EELEC  =      -134.8297  EGB     =       -24.7039  RESTRAINT  =         0.2012
 ESURF=         1.8422
 EAMBER (non-restraint)  =        12.4330
 ------------------------------------------------------------------------------

 NMR restraints: Bond =    0.000   Angle =     0.000   Torsion =     0.201
===============================================================================

 NSTEP =   305000   TIME(PS) =    2610.000  TEMP(K) =   232.34  PRESS =     0.0
 Etot   =        21.8725  EKtot   =        18.2373  EPtot      =         3.6352
 BOND   =         5.8047  ANGLE   =        16.0746  DIHED      =        35.5559
 1-4 NB =         4.5078  1-4 EEL =       107.8420  VDWAALS    =        -3.9274
 EELEC  =      -142.1935  EGB     =       -22.4690  RESTRAINT  =         0.4498
 ESURF=         1.9901
 EAMBER (non-restraint)  =         3.1853
 ------------------------------------------------------------------------------

 NMR restraints: Bond =    0.000   Angle =     0.000   Torsion =     0.450
===============================================================================
| RE_POSITION Moving by   6.994123-10.304467  1.703473

 NSTEP =   310000   TIME(PS) =    2620.000  TEMP(K) =   292.57  PRESS =     0.0
 Etot   =        25.8087  EKtot   =        22.9651  EPtot      =         2.8437
 BOND   =         7.4996  ANGLE   =        14.9158  DIHED      =        33.5614
 1-4 NB =         5.4734  1-4 EEL =       109.2795  VDWAALS    =        -4.0203
 EELEC  =      -142.8495  EGB     =       -23.1356  RESTRAINT  =         0.1488
 ESURF=         1.9704
 EAMBER (non-restraint)  =         2.6949
 ------------------------------------------------------------------------------

 NMR restraints: Bond =    0.000   Angle =     0.000   Torsion =     0.149
===============================================================================

 NSTEP =   315000   TIME(PS) =    2630.000  TEMP(K) =   257.14  PRESS =     0.0
 Etot   =        29.0243  EKtot   =        20.1843  EPtot      =         8.8400
 BOND   =         6.5788  ANGLE   =        17.9424  DIHED      =        38.8061
 1-4 NB =         4.2025  1-4 EEL =       108.2503  VDWAALS    =        -4.5757
 EELEC  =      -143.8340  EGB     =       -20.4995  RESTRAINT  =         0.0217
 ESURF=         1.9475
 EAMBER (non-restraint)  =         8.8184
 ------------------------------------------------------------------------------

 NMR restraints: Bond =    0.000   Angle =     0.000   Torsion =     0.022
===============================================================================
| RE_POSITION Moving by  -1.206545 -0.752095 -4.200098

 NSTEP =   320000   TIME(PS) =    2640.000  TEMP(K) =   310.02  PRESS =     0.0
 Etot   =        28.9080  EKtot   =        24.3347  EPtot      =         4.5733
 BOND   =         6.3820  ANGLE   =        14.2325  DIHED      =        37.8114
 1-4 NB =         4.4651  1-4 EEL =       109.5161  VDWAALS    =        -4.1904
 EELEC  =      -144.4588  EGB     =       -21.1002  RESTRAINT  =         0.0093
 ESURF=         1.9063
 EAMBER (non-restraint)  =         4.5640
 ------------------------------------------------------------------------------

 NMR restraints: Bond =    0.000   Angle =     0.000   Torsion =     0.009
===============================================================================

 NSTEP =   325000   TIME(PS) =    2650.000  TEMP(K) =   347.95  PRESS =     0.0
 Etot   =        32.6230  EKtot   =        27.3119  EPtot      =         5.3111
 BOND   =         4.5835  ANGLE   =        17.2661  DIHED      =        35.9290
 1-4 NB =         5.4765  1-4 EEL =       113.7318  VDWAALS    =        -4.0424
 EELEC  =      -148.1193  EGB     =       -21.7014  RESTRAINT  =         0.2871
 ESURF=         1.9001
 EAMBER (non-restraint)  =         5.0240
 ------------------------------------------------------------------------------

 NMR restraints: Bond =    0.000   Angle =     0.000   Torsion =     0.287
===============================================================================
| RE_POSITION Moving by   2.556437 -0.780247 -2.908114

 NSTEP =   330000   TIME(PS) =    2660.000  TEMP(K) =   213.12  PRESS =     0.0
 Etot   =        29.4588  EKtot   =        16.7286  EPtot      =        12.7302
 BOND   =         8.2198  ANGLE   =        13.8301  DIHED      =        37.3967
 1-4 NB =         8.2824  1-4 EEL =       116.7702  VDWAALS    =        -2.8162
 EELEC  =      -149.4977  EGB     =       -21.4147  RESTRAINT  =         0.0206
 ESURF=         1.9391
 EAMBER (non-restraint)  =        12.7096
 ------------------------------------------------------------------------------

 NMR restraints: Bond =    0.000   Angle =     0.000   Torsion =     0.021
===============================================================================

 NSTEP =   335000   TIME(PS) =    2670.000  TEMP(K) =   329.63  PRESS =     0.0
 Etot   =        30.4641  EKtot   =        25.8737  EPtot      =         4.5904
 BOND   =         3.5476  ANGLE   =        14.5648  DIHED      =        36.8587
 1-4 NB =         6.6939  1-4 EEL =       110.9238  VDWAALS    =        -3.8295
 EELEC  =      -145.0265  EGB     =       -21.2948  RESTRAINT  =         0.2559
 ESURF=         1.8965
 EAMBER (non-restraint)  =         4.3345
 ------------------------------------------------------------------------------

 NMR restraints: Bond =    0.000   Angle =     0.000   Torsion =     0.256
===============================================================================
| RE_POSITION Moving by  -7.351427 -3.749981 -5.191580

 NSTEP =   340000   TIME(PS) =    2680.000  TEMP(K) =   263.57  PRESS =     0.0
 Etot   =        20.5568  EKtot   =        20.6883  EPtot      =        -0.1315
 BOND   =         5.4086  ANGLE   =        12.0529  DIHED      =        35.9337
 1-4 NB =         4.8195  1-4 EEL =       109.6966  VDWAALS    =        -4.4714
 EELEC  =      -145.8161  EGB     =       -20.8372  RESTRAINT  =         1.1818
 ESURF=         1.9002
 EAMBER (non-restraint)  =        -1.3134
 ------------------------------------------------------------------------------

 NMR restraints: Bond =    0.000   Angle =     0.000   Torsion =     1.182
===============================================================================

 NSTEP =   345000   TIME(PS) =    2690.000  TEMP(K) =   275.99  PRESS =     0.0
 Etot   =        19.5494  EKtot   =        21.6634  EPtot      =        -2.1140
 BOND   =         4.8632  ANGLE   =        11.4062  DIHED      =        37.1628
 1-4 NB =         3.4460  1-4 EEL =       108.7598  VDWAALS    =        -4.5132
 EELEC  =      -144.5300  EGB     =       -20.7348  RESTRAINT  =         0.0846
 ESURF=         1.9415
 EAMBER (non-restraint)  =        -2.1986
 ------------------------------------------------------------------------------

 NMR restraints: Bond =    0.000   Angle =     0.000   Torsion =     0.085
===============================================================================
| RE_POSITION Moving by  -3.594444  1.904893  2.072838

 NSTEP =   350000   TIME(PS) =    2700.000  TEMP(K) =   268.27  PRESS =     0.0
 Etot   =        28.6879  EKtot   =        21.0577  EPtot      =         7.6302
 BOND   =         3.3721  ANGLE   =        21.1396  DIHED      =        36.7112
 1-4 NB =         4.4477  1-4 EEL =       112.8068  VDWAALS    =        -3.1105
 EELEC  =      -147.6489  EGB     =       -22.3353  RESTRAINT  =         0.2860
 ESURF=         1.9615
 EAMBER (non-restraint)  =         7.3442
 ------------------------------------------------------------------------------

 NMR restraints: Bond =    0.000   Angle =     0.000   Torsion =     0.286
===============================================================================

 NSTEP =   355000   TIME(PS) =    2710.000  TEMP(K) =   276.64  PRESS =     0.0
 Etot   =        30.9911  EKtot   =        21.7144  EPtot      =         9.2767
 BOND   =         4.4535  ANGLE   =        17.9118  DIHED      =        38.7991
 1-4 NB =         3.6417  1-4 EEL =       109.8108  VDWAALS    =        -4.3173
 EELEC  =      -140.2540  EGB     =       -24.2340  RESTRAINT  =         1.4923
 ESURF=         1.9727
 EAMBER (non-restraint)  =         7.7844
 ------------------------------------------------------------------------------

 NMR restraints: Bond =    0.000   Angle =     0.000   Torsion =     1.492
===============================================================================
| RE_POSITION Moving by  -3.543986  4.284778  1.681314

 NSTEP =   360000   TIME(PS) =    2720.000  TEMP(K) =   325.55  PRESS =     0.0
 Etot   =        29.3708  EKtot   =        25.5536  EPtot      =         3.8172
 BOND   =         6.7317  ANGLE   =        13.4967  DIHED      =        35.7706
 1-4 NB =         5.7776  1-4 EEL =       108.7566  VDWAALS    =        -4.9187
 EELEC  =      -143.1952  EGB     =       -20.9892  RESTRAINT  =         0.4513
 ESURF=         1.9358
 EAMBER (non-restraint)  =         3.3659
 ------------------------------------------------------------------------------

 NMR restraints: Bond =    0.000   Angle =     0.000   Torsion =     0.451
===============================================================================

 NSTEP =   365000   TIME(PS) =    2730.000  TEMP(K) =   374.45  PRESS =     0.0
 Etot   =        34.6605  EKtot   =        29.3925  EPtot      =         5.2680
 BOND   =         3.9024  ANGLE   =        11.8988  DIHED      =        38.3152
 1-4 NB =         7.4644  1-4 EEL =       111.4522  VDWAALS    =        -4.3326
 EELEC  =      -145.7487  EGB     =       -19.6877  RESTRAINT  =         0.1191
 ESURF=         1.8850
 EAMBER (non-restraint)  =         5.1489
 ------------------------------------------------------------------------------

 NMR restraints: Bond =    0.000   Angle =     0.000   Torsion =     0.119
===============================================================================
| RE_POSITION Moving by  -6.888241  0.300984 -4.863956

 NSTEP =   370000   TIME(PS) =    2740.000  TEMP(K) =   245.69  PRESS =     0.0
 Etot   =        25.1672  EKtot   =        19.2853  EPtot      =         5.8819
 BOND   =         8.1704  ANGLE   =        15.6465  DIHED      =        33.4742
 1-4 NB =         6.6074  1-4 EEL =       115.0341  VDWAALS    =        -4.2753
 EELEC  =      -151.5645  EGB     =       -19.6570  RESTRAINT  =         0.5104
 ESURF=         1.9357
 EAMBER (non-restraint)  =         5.3715
 ------------------------------------------------------------------------------

 NMR restraints: Bond =    0.000   Angle =     0.000   Torsion =     0.510
===============================================================================

 NSTEP =   375000   TIME(PS) =    2750.000  TEMP(K) =   300.77  PRESS =     0.0
 Etot   =        24.9155  EKtot   =        23.6087  EPtot      =         1.3067
 BOND   =         6.5969  ANGLE   =        13.0243  DIHED      =        35.4743
 1-4 NB =         4.6714  1-4 EEL =       107.5725  VDWAALS    =        -3.5923
 EELEC  =      -140.8894  EGB     =       -23.5203  RESTRAINT  =         0.0162
 ESURF=         1.9531
 EAMBER (non-restraint)  =         1.2905
 ------------------------------------------------------------------------------

 NMR restraints: Bond =    0.000   Angle =     0.000   Torsion =     0.016
===============================================================================
| RE_POSITION Moving by  -1.308548  4.449956  0.046954

 NSTEP =   380000   TIME(PS) =    2760.000  TEMP(K) =   339.31  PRESS =     0.0
 Etot   =        31.6683  EKtot   =        26.6336  EPtot      =         5.0347
 BOND   =         3.1855  ANGLE   =        15.7558  DIHED      =        35.0036
 1-4 NB =         4.5094  1-4 EEL =       106.1773  VDWAALS    =        -3.1560
 EELEC  =      -138.7088  EGB     =       -22.4963  RESTRAINT  =         2.7630
 ESURF=         2.0011
 EAMBER (non-restraint)  =         2.2717
 ------------------------------------------------------------------------------

 NMR restraints: Bond =    0.000   Angle =     0.000   Torsion =     2.763
===============================================================================

 NSTEP =   385000   TIME(PS) =    2770.000  TEMP(K) =   331.06  PRESS =     0.0
 Etot   =        31.2187  EKtot   =        25.9864  EPtot      =         5.2322
 BOND   =         3.6639  ANGLE   =        15.5922  DIHED      =        35.6935
 1-4 NB =         5.7277  1-4 EEL =       108.6391  VDWAALS    =        -3.0990
 EELEC  =      -142.7116  EGB     =       -21.9859  RESTRAINT  =         1.7152
 ESURF=         1.9971
 EAMBER (non-restraint)  =         3.5170
 ------------------------------------------------------------------------------

 NMR restraints: Bond =    0.000   Angle =     0.000   Torsion =     1.715
===============================================================================
| RE_POSITION Moving by  -2.021813  1.730289  8.096344

 NSTEP =   390000   TIME(PS) =    2780.000  TEMP(K) =   229.53  PRESS =     0.0
 Etot   =        23.5492  EKtot   =        18.0166  EPtot      =         5.5326
 BOND   =         5.7828  ANGLE   =        15.6985  DIHED      =        36.4312
 1-4 NB =         5.3579  1-4 EEL =       108.7159  VDWAALS    =        -3.7502
 EELEC  =      -142.7066  EGB     =       -23.0283  RESTRAINT  =         1.0568
 ESURF=         1.9745
 EAMBER (non-restraint)  =         4.4758
 ------------------------------------------------------------------------------

 NMR restraints: Bond =    0.000   Angle =     0.000   Torsion =     1.057
===============================================================================

 NSTEP =   395000   TIME(PS) =    2790.000  TEMP(K) =   264.53  PRESS =     0.0
 Etot   =        25.1969  EKtot   =        20.7642  EPtot      =         4.4327
 BOND   =         4.5403  ANGLE   =        14.5020  DIHED      =        36.0600
 1-4 NB =         4.2311  1-4 EEL =       111.3374  VDWAALS    =        -3.7663
 EELEC  =      -141.1958  EGB     =       -23.7023  RESTRAINT  =         0.4960
 ESURF=         1.9304
 EAMBER (non-restraint)  =         3.9368
 ------------------------------------------------------------------------------

 NMR restraints: Bond =    0.000   Angle =     0.000   Torsion =     0.496
===============================================================================
| RE_POSITION Moving by   8.483754  0.371488 -1.724525

 NSTEP =   400000   TIME(PS) =    2800.000  TEMP(K) =   337.46  PRESS =     0.0
 Etot   =        30.9290  EKtot   =        26.4883  EPtot      =         4.4408
 BOND   =         3.3170  ANGLE   =        21.3304  DIHED      =        33.7190
 1-4 NB =         3.4703  1-4 EEL =       106.5874  VDWAALS    =        -3.0965
 EELEC  =      -139.2512  EGB     =       -23.8952  RESTRAINT  =         0.2702
 ESURF=         1.9894
 EAMBER (non-restraint)  =         4.1706
 ------------------------------------------------------------------------------

 NMR restraints: Bond =    0.000   Angle =     0.000   Torsion =     0.270
===============================================================================

 NSTEP =   405000   TIME(PS) =    2810.000  TEMP(K) =   342.68  PRESS =     0.0
 Etot   =        30.6551  EKtot   =        26.8981  EPtot      =         3.7569
 BOND   =         8.0805  ANGLE   =        13.9175  DIHED      =        34.4901
 1-4 NB =         3.7886  1-4 EEL =       107.3621  VDWAALS    =        -3.2851
 EELEC  =      -138.9850  EGB     =       -23.6651  RESTRAINT  =         0.0159
 ESURF=         2.0374
 EAMBER (non-restraint)  =         3.7410
 ------------------------------------------------------------------------------

 NMR restraints: Bond =    0.000   Angle =     0.000   Torsion =     0.016
===============================================================================
| RE_POSITION Moving by   4.949029  0.226976 -2.304788

 NSTEP =   410000   TIME(PS) =    2820.000  TEMP(K) =   285.02  PRESS =     0.0
 Etot   =        27.5395  EKtot   =        22.3724  EPtot      =         5.1670
 BOND   =         4.1314  ANGLE   =        17.0281  DIHED      =        34.7895
 1-4 NB =         4.7451  1-4 EEL =       109.8654  VDWAALS    =        -2.9554
 EELEC  =      -140.1526  EGB     =       -24.2931  RESTRAINT  =         0.0416
 ESURF=         1.9670
 EAMBER (non-restraint)  =         5.1254
 ------------------------------------------------------------------------------

 NMR restraints: Bond =    0.000   Angle =     0.000   Torsion =     0.042
===============================================================================

 NSTEP =   415000   TIME(PS) =    2830.000  TEMP(K) =   361.84  PRESS =     0.0
 Etot   =        33.1421  EKtot   =        28.4023  EPtot      =         4.7399
 BOND   =         5.1612  ANGLE   =        16.2953  DIHED      =        35.1082
 1-4 NB =         4.4647  1-4 EEL =       106.5055  VDWAALS    =        -2.6430
 EELEC  =      -137.2101  EGB     =       -25.0194  RESTRAINT  =         0.0820
 ESURF=         1.9955
 EAMBER (non-restraint)  =         4.6579
 ------------------------------------------------------------------------------

 NMR restraints: Bond =    0.000   Angle =     0.000   Torsion =     0.082
===============================================================================
| RE_POSITION Moving by   4.288896  1.259580 -6.660536

 NSTEP =   420000   TIME(PS) =    2840.000  TEMP(K) =   355.12  PRESS =     0.0
 Etot   =        33.2160  EKtot   =        27.8748  EPtot      =         5.3412
 BOND   =         3.3364  ANGLE   =        17.9283  DIHED      =        36.3521
 1-4 NB =         5.7924  1-4 EEL =       110.7245  VDWAALS    =        -4.3784
 EELEC  =      -145.6899  EGB     =       -20.7336  RESTRAINT  =         0.0871
 ESURF=         1.9222
 EAMBER (non-restraint)  =         5.2541
 ------------------------------------------------------------------------------

 NMR restraints: Bond =    0.000   Angle =     0.000   Torsion =     0.087
===============================================================================

 NSTEP =   425000   TIME(PS) =    2850.000  TEMP(K) =   269.93  PRESS =     0.0
 Etot   =        23.3512  EKtot   =        21.1877  EPtot      =         2.1635
 BOND   =         5.9905  ANGLE   =        10.9624  DIHED      =        35.8832
 1-4 NB =         4.7464  1-4 EEL =       111.4704  VDWAALS    =        -3.8212
 EELEC  =      -142.4793  EGB     =       -24.3994  RESTRAINT  =         1.8286
 ESURF=         1.9820
 EAMBER (non-restraint)  =         0.3349
 ------------------------------------------------------------------------------

 NMR restraints: Bond =    0.000   Angle =     0.000   Torsion =     1.829
===============================================================================
| RE_POSITION Moving by   2.790310  2.506382  2.311344

 NSTEP =   430000   TIME(PS) =    2860.000  TEMP(K) =   384.88  PRESS =     0.0
 Etot   =        37.6186  EKtot   =        30.2104  EPtot      =         7.4081
 BOND   =         6.3483  ANGLE   =        17.5941  DIHED      =        32.8375
 1-4 NB =         4.1102  1-4 EEL =       108.6324  VDWAALS    =        -3.7072
 EELEC  =      -142.1097  EGB     =       -21.7384  RESTRAINT  =         3.5234
 ESURF=         1.9175
 EAMBER (non-restraint)  =         3.8848
 ------------------------------------------------------------------------------

 NMR restraints: Bond =    0.000   Angle =     0.000   Torsion =     3.523
===============================================================================

 NSTEP =   435000   TIME(PS) =    2870.000  TEMP(K) =   306.99  PRESS =     0.0
 Etot   =        29.6569  EKtot   =        24.0971  EPtot      =         5.5598
 BOND   =         4.0797  ANGLE   =        19.9825  DIHED      =        36.3596
 1-4 NB =         4.7834  1-4 EEL =       107.8446  VDWAALS    =        -4.4730
 EELEC  =      -142.3172  EGB     =       -22.6286  RESTRAINT  =         0.0021
 ESURF=         1.9268
 EAMBER (non-restraint)  =         5.5577
 ------------------------------------------------------------------------------

 NMR restraints: Bond =    0.000   Angle =     0.000   Torsion =     0.002
===============================================================================
| RE_POSITION Moving by  -2.666930 -0.227204  5.469041

 NSTEP =   440000   TIME(PS) =    2880.000  TEMP(K) =   335.37  PRESS =     0.0
 Etot   =        27.4783  EKtot   =        26.3248  EPtot      =         1.1535
 BOND   =         6.4991  ANGLE   =         9.4275  DIHED      =        33.5473
 1-4 NB =         7.5227  1-4 EEL =       112.2161  VDWAALS    =        -4.1473
 EELEC  =      -145.2078  EGB     =       -22.0983  RESTRAINT  =         1.4598
 ESURF=         1.9344
 EAMBER (non-restraint)  =        -0.3063
 ------------------------------------------------------------------------------

 NMR restraints: Bond =    0.000   Angle =     0.000   Torsion =     1.460
===============================================================================

 NSTEP =   445000   TIME(PS) =    2890.000  TEMP(K) =   338.32  PRESS =     0.0
 Etot   =        23.2237  EKtot   =        26.5558  EPtot      =        -3.3321
 BOND   =         4.5543  ANGLE   =        12.0555  DIHED      =        34.0197
 1-4 NB =         3.5922  1-4 EEL =       108.4560  VDWAALS    =        -3.4374
 EELEC  =      -142.4014  EGB     =       -22.4011  RESTRAINT  =         0.2237
 ESURF=         2.0063
 EAMBER (non-restraint)  =        -3.5558
 ------------------------------------------------------------------------------

 NMR restraints: Bond =    0.000   Angle =     0.000   Torsion =     0.224
===============================================================================
| RE_POSITION Moving by   4.523142  3.011283 -2.205551

 NSTEP =   450000   TIME(PS) =    2900.000  TEMP(K) =   375.10  PRESS =     0.0
 Etot   =        32.1776  EKtot   =        29.4434  EPtot      =         2.7342
 BOND   =         6.5880  ANGLE   =        15.1912  DIHED      =        33.3386
 1-4 NB =         5.7733  1-4 EEL =       108.2587  VDWAALS    =        -3.9017
 EELEC  =      -140.7707  EGB     =       -24.0456  RESTRAINT  =         0.3492
 ESURF=         1.9532
 EAMBER (non-restraint)  =         2.3850
 ------------------------------------------------------------------------------

 NMR restraints: Bond =    0.000   Angle =     0.000   Torsion =     0.349
===============================================================================

 NSTEP =   455000   TIME(PS) =    2910.000  TEMP(K) =   293.88  PRESS =     0.0
 Etot   =        34.3492  EKtot   =        23.0677  EPtot      =        11.2815
 BOND   =         5.6340  ANGLE   =        17.7994  DIHED      =        37.1448
 1-4 NB =         4.9079  1-4 EEL =       107.3058  VDWAALS    =        -2.9515
 EELEC  =      -136.5853  EGB     =       -25.2337  RESTRAINT  =         1.3409
 ESURF=         1.9192
 EAMBER (non-restraint)  =         9.9406
 ------------------------------------------------------------------------------

 NMR restraints: Bond =    0.000   Angle =     0.000   Torsion =     1.341
===============================================================================
| RE_POSITION Moving by  -4.751278  2.268366 -0.079489

 NSTEP =   460000   TIME(PS) =    2920.000  TEMP(K) =   261.58  PRESS =     0.0
 Etot   =        25.7628  EKtot   =        20.5328  EPtot      =         5.2300
 BOND   =         6.0789  ANGLE   =        10.8790  DIHED      =        38.8595
 1-4 NB =         6.1208  1-4 EEL =       110.2592  VDWAALS    =        -3.1834
 EELEC  =      -142.3744  EGB     =       -23.6013  RESTRAINT  =         0.2100
 ESURF=         1.9817
 EAMBER (non-restraint)  =         5.0200
 ------------------------------------------------------------------------------

 NMR restraints: Bond =    0.000   Angle =     0.000   Torsion =     0.210
===============================================================================

 NSTEP =   465000   TIME(PS) =    2930.000  TEMP(K) =   274.40  PRESS =     0.0
 Etot   =        23.5456  EKtot   =        21.5387  EPtot      =         2.0069
 BOND   =         4.9085  ANGLE   =        13.7871  DIHED      =        34.4651
 1-4 NB =         5.1326  1-4 EEL =       106.3847  VDWAALS    =        -4.0869
 EELEC  =      -134.4653  EGB     =       -26.0545  RESTRAINT  =         0.0023
 ESURF=         1.9334
 EAMBER (non-restraint)  =         2.0046
 ------------------------------------------------------------------------------

 NMR restraints: Bond =    0.000   Angle =     0.000   Torsion =     0.002
===============================================================================
| RE_POSITION Moving by  11.265344 -3.355016 -0.283280

 NSTEP =   470000   TIME(PS) =    2940.000  TEMP(K) =   266.93  PRESS =     0.0
 Etot   =        27.7686  EKtot   =        20.9527  EPtot      =         6.8159
 BOND   =         6.8130  ANGLE   =        16.3567  DIHED      =        36.6709
 1-4 NB =         4.5609  1-4 EEL =       109.0522  VDWAALS    =        -4.6839
 EELEC  =      -143.7482  EGB     =       -21.3616  RESTRAINT  =         1.2345
 ESURF=         1.9215
 EAMBER (non-restraint)  =         5.5814
 ------------------------------------------------------------------------------

 NMR restraints: Bond =    0.000   Angle =     0.000   Torsion =     1.235
===============================================================================

 NSTEP =   475000   TIME(PS) =    2950.000  TEMP(K) =   256.69  PRESS =     0.0
 Etot   =        24.5717  EKtot   =        20.1485  EPtot      =         4.4232
 BOND   =         3.0514  ANGLE   =        15.4782  DIHED      =        37.4067
 1-4 NB =         5.1808  1-4 EEL =       110.3744  VDWAALS    =        -3.5277
 EELEC  =      -144.7068  EGB     =       -21.1768  RESTRAINT  =         0.3841
 ESURF=         1.9587
 EAMBER (non-restraint)  =         4.0391
 ------------------------------------------------------------------------------

 NMR restraints: Bond =    0.000   Angle =     0.000   Torsion =     0.384
===============================================================================
| RE_POSITION Moving by  -0.014501 -1.137961  1.300484

 NSTEP =   480000   TIME(PS) =    2960.000  TEMP(K) =   307.15  PRESS =     0.0
 Etot   =        25.1412  EKtot   =        24.1091  EPtot      =         1.0321
 BOND   =         3.0610  ANGLE   =        13.7606  DIHED      =        36.7088
 1-4 NB =         4.8864  1-4 EEL =       112.8194  VDWAALS    =        -4.8811
 EELEC  =      -147.7782  EGB     =       -19.7838  RESTRAINT  =         0.3235
 ESURF=         1.9155
 EAMBER (non-restraint)  =         0.7087
 ------------------------------------------------------------------------------

 NMR restraints: Bond =    0.000   Angle =     0.000   Torsion =     0.323
===============================================================================

 NSTEP =   485000   TIME(PS) =    2970.000  TEMP(K) =   225.44  PRESS =     0.0
 Etot   =        21.1862  EKtot   =        17.6959  EPtot      =         3.4903
 BOND   =         4.9122  ANGLE   =        12.3599  DIHED      =        37.2629
 1-4 NB =         4.9089  1-4 EEL =       116.0892  VDWAALS    =        -3.7690
 EELEC  =      -149.4617  EGB     =       -21.0853  RESTRAINT  =         0.3178
 ESURF=         1.9555
 EAMBER (non-restraint)  =         3.1725
 ------------------------------------------------------------------------------

 NMR restraints: Bond =    0.000   Angle =     0.000   Torsion =     0.318
===============================================================================
| RE_POSITION Moving by   4.093127  6.670615 -0.024394

 NSTEP =   490000   TIME(PS) =    2980.000  TEMP(K) =   341.46  PRESS =     0.0
 Etot   =        26.0325  EKtot   =        26.8027  EPtot      =        -0.7702
 BOND   =         3.0525  ANGLE   =        14.8422  DIHED      =        36.3799
 1-4 NB =         5.0115  1-4 EEL =       106.4831  VDWAALS    =        -4.5313
 EELEC  =      -142.2240  EGB     =       -21.8716  RESTRAINT  =         0.1374
 ESURF=         1.9501
 EAMBER (non-restraint)  =        -0.9076
 ------------------------------------------------------------------------------

 NMR restraints: Bond =    0.000   Angle =     0.000   Torsion =     0.137
===============================================================================

 NSTEP =   495000   TIME(PS) =    2990.000  TEMP(K) =   299.30  PRESS =     0.0
 Etot   =        28.5109  EKtot   =        23.4932  EPtot      =         5.0176
 BOND   =         8.4052  ANGLE   =        11.8826  DIHED      =        37.3892
 1-4 NB =         5.3303  1-4 EEL =       109.7158  VDWAALS    =        -3.7235
 EELEC  =      -144.3152  EGB     =       -21.6665  RESTRAINT  =         0.0831
 ESURF=         1.9166
 EAMBER (non-restraint)  =         4.9345
 ------------------------------------------------------------------------------

 NMR restraints: Bond =    0.000   Angle =     0.000   Torsion =     0.083
===============================================================================
| RE_POSITION Moving by   2.533259 -2.206852  2.747355

 NSTEP =   500000   TIME(PS) =    3000.000  TEMP(K) =   371.05  PRESS =     0.0
 Etot   =        39.8972  EKtot   =        29.1250  EPtot      =        10.7721
 BOND   =         7.7194  ANGLE   =        17.1655  DIHED      =        36.5553
 1-4 NB =         4.5377  1-4 EEL =       111.4887  VDWAALS    =        -2.3859
 EELEC  =      -142.3480  EGB     =       -24.4606  RESTRAINT  =         0.5419
 ESURF=         1.9580
 EAMBER (non-restraint)  =        10.2302
 ------------------------------------------------------------------------------

 NMR restraints: Bond =    0.000   Angle =     0.000   Torsion =     0.542
===============================================================================

      A V E R A G E S   O V E R  500000 S T E P S


 NSTEP =   500000   TIME(PS) =    3000.000  TEMP(K) =   299.17  PRESS =     0.0
 Etot   =        28.6284  EKtot   =        23.4828  EPtot      =         5.1456
 BOND   =         5.3869  ANGLE   =        15.7102  DIHED      =        36.0253
 1-4 NB =         4.9422  1-4 EEL =       109.9629  VDWAALS    =        -3.8595
 EELEC  =      -142.5331  EGB     =       -22.9178  RESTRAINT  =         0.4849
 ESURF=         1.9437
 EAMBER (non-restraint)  =         4.6607
 ------------------------------------------------------------------------------

 NMR restraints: Bond =    0.000   Angle =     0.000   Torsion =     0.542
===============================================================================

      R M S  F L U C T U A T I O N S


 NSTEP =   500000   TIME(PS) =    3000.000  TEMP(K) =    47.41  PRESS =     0.0
 Etot   =         5.1894  EKtot   =         3.7215  EPtot      =         3.6863
 BOND   =         1.9658  ANGLE   =         3.2345  DIHED      =         1.8330
 1-4 NB =         1.0058  1-4 EEL =         3.0709  VDWAALS    =         0.7027
 EELEC  =         3.5060  EGB     =         1.8002  RESTRAINT  =         0.6473
 ESURF=         0.0397
 EAMBER (non-restraint)  =         3.0391
 ------------------------------------------------------------------------------


 NMR restraints on final step:


--------------------------------------------------------------------------------
   5.  TIMINGS
--------------------------------------------------------------------------------

|>>>>>>>>PROFILE of Average TIMES>>>>>>>>> 
|                Calc gb radii             27.54 ( 7.90% of Gen B)
|                Communicate gb radii     220.57 (63.23% of Gen B)
|                Calc gb diag              39.35 (11.28% of Gen B)
|                Calc gb off-diag          25.24 ( 7.23% of Gen B)
|                Surface area energy       35.46 (10.17% of Gen B)
|                Other                      0.67 ( 0.19% of Gen B)
|             Gen Born time            348.83 (100.0% of Nonbo)
|             IPS excludes               0.10 ( 0.03% of Nonbo)
|          Nonbond force            348.93 (29.10% of Force)
|          Bond/Angle/Dihedral       12.47 ( 1.04% of Force)
|          FRC Collect time         606.08 (50.54% of Force)
|          Other                    231.72 (19.32% of Force)
|       Force time              1199.19 (78.27% of Runmd)
|       Shake time                 1.62 ( 0.11% of Runmd)
|       Verlet update time       261.06 (17.04% of Runmd)
|       CRD distribute time       69.03 ( 4.51% of Runmd)
|       Other                      1.19 ( 0.08% of Runmd)
|    Runmd Time              1532.09 (100.0% of Total)
|    Other                      0.20 ( 0.01% of Total)
| Total time              1532.29 (100.0% of ALL  )

| Number of list builds   :          0

| Highest rstack allocated:          0
| Highest istack allocated:          0

| Final Performance Info:
| -----------------------------------------------------
| Average timings for all steps:
|     Elapsed(s) =    1532.09 Per Step(ms) =       3.06
|         ns/day =      56.39   seconds/ns =    1532.09
| -----------------------------------------------------

|           Job began  at 20:31:41.671  on 04/27/2013
|           Setup done at 20:31:41.876  on 04/27/2013
|           Run   done at 20:57:13.968  on 04/27/2013
|     wallclock() was called18500113 times
