
          -------------------------------------------------------
          Amber 12 SANDER                              2012
          -------------------------------------------------------

| Run on 04/27/2013 at 20:31:41
  [-O]verwriting output

File Assignments:
|  MDIN: run_153.in                                                            
| MDOUT: run_153.out                                                           
|INPCRD: ../eq2/run_153.rst                                                    
|  PARM: parm                                                                  
|RESTRT: run_153.rst                                                           
|  REFC: refc                                                                  
| MDVEL: mdvel                                                                 
|  MDEN: mden                                                                  
| MDCRD: run_153.nc                                                            
|MDINFO: mdinfo                                                                
|  MTMD: mtmd                                                                  
|INPDIP: inpdip                                                                
|RSTDIP: rstdip                                                                

|INPTRA: inptraj                                                               
|
 
 Here is the input file:
 
equilibration with restraint                                                   
 &cntrl                                                                        
   ig=349111,                                                                  
   irest=1, ntx=5,                                                             
   igb=8, gbsa=1,                                                              
   cut=9999.0, rgbmax=9998.0,                                                  
   ntc=2, ntf=1, tol=0.000001,                                                 
   ntt=3, gamma_ln=2.0, tempi=0.1,                                             
   ntb=0, nscm=10000,                                                          
   ioutfm=1,                                                                   
   nstlim=500000, dt=0.002,                                                    
   ntpr=5000, ntwx=5000, ntwv=0, ntwr=500000,                                  
   nmropt=1,                                                                   
 /                                                                             
 &wt                                                                           
  type='DUMPFREQ', istep1=5000,                                                
 /                                                                             
 &wt                                                                           
  type='END',                                                                  
 /                                                                             
DISANG=run_153.disang                                                          
DUMPAVE=run_153.dat                                                            
                                                                               

--------------------------------------------------------------------------------
   1.  RESOURCE   USE: 
--------------------------------------------------------------------------------

| Flags: MPI                                                                    
| New format PARM file being parsed.
| Version =    1.000 Date = 04/27/13 Time = 01:42:54
 NATOM  =      32 NTYPES =       7 NBONH =      17 MBONA  =      14
 NTHETH =      36 MTHETA =      18 NPHIH =      64 MPHIA  =      45
 NHPARM =       0 NPARM  =       0 NNB   =     152 NRES   =       4
 NBONA  =      14 NTHETA =      18 NPHIA =      45 NUMBND =      11
 NUMANG =      21 NPTRA  =      20 NATYP =       8 NPHB   =       0
 IFBOX  =       0 NMXRS  =      10 IFCAP =       0 NEXTRA =       0
 NCOPY  =       0

 Implicit solvent radii are ArgH and AspGluO modified Bondi2 radii (mbondi3)                                
 Replacing prmtop screening parameters with GBn2 (igb=8) values

|     Memory Use     Allocated
|     Real                2310
|     Hollerith            102
|     Integer            23012
|     Max Pairs              1
|     nblistReal             0
|     nblist Int             0
|       Total              108 kbytes

| Note: 1-4 EEL scale factors are being read from the topology file.

| Note: 1-4 VDW scale factors are being read from the topology file.
| Duplicated    0 dihedrals
| Duplicated    0 dihedrals

--------------------------------------------------------------------------------
   2.  CONTROL  DATA  FOR  THE  RUN
--------------------------------------------------------------------------------

ACE                                                                             

General flags:
     imin    =       0, nmropt  =       1

Nature and format of input:
     ntx     =       5, irest   =       1, ntrx    =       1

Nature and format of output:
     ntxo    =       1, ntpr    =    5000, ntrx    =       1, ntwr    =  500000
     iwrap   =       0, ntwx    =    5000, ntwv    =       0, ntwe    =       0
     ioutfm  =       1, ntwprt  =       0, idecomp =       0, rbornstat=      0

Potential function:
     ntf     =       1, ntb     =       0, igb     =       8, nsnb    =      25
     ipol    =       0, gbsa    =       1, iesp    =       0
     dielc   =   1.00000, cut     =9999.00000, intdiel =   1.00000
     saltcon =   0.00000, offset  =   0.19514, surften =   0.00500
     rdt     =   0.00000, rgbmax  =9998.00000  extdiel =  78.50000
     alpb  =        0
     gbalphaH  =   0.78844, gbbetaH   =   0.79870,  gbgammaH  =    0.43733
     gbalphaC  =   0.73376, gbbetaC   =   0.50638,  gbgammaC  =    0.20584
     gbalphaN  =   0.50336, gbbetaN   =   0.31683,  gbgammaN  =    0.19292
     gbalphaOS =   0.86781, gbbetaOS  =   0.87664,  gbgammaOS =    0.38788
     gbalphaP  =   1.00000, gbbetaP   =   0.80000,  gbgammaP  =    4.85100

Frozen or restrained atoms:
     ibelly  =       0, ntr     =       0

Molecular dynamics:
     nstlim  =    500000, nscm    =     10000, nrespa  =         1
     t       =   0.00000, dt      =   0.00200, vlimit  =  20.00000

Langevin dynamics temperature regulation:
     ig      =  349111
     temp0   = 300.00000, tempi   =   0.10000, gamma_ln=   2.00000

SHAKE:
     ntc     =       2, jfastw  =       0
     tol     =   0.00000

NMR refinement options:
     iscale  =       0, noeskp  =       1, ipnlty  =       1, mxsub   =       1
     scalm   = 100.00000, pencut  =   0.10000, tausw   =   0.10000

| MPI Timing options:
|      profile_mpi =        0
|  INFO: Old style inpcrd file read


--------------------------------------------------------------------------------
   3.  ATOMIC COORDINATES AND VELOCITIES
--------------------------------------------------------------------------------

ACE                                                                             
 begin time read from input coords =  2000.000 ps



           Begin reading energy term weight changes/NMR restraints
 WEIGHT CHANGES:
 DUMPFREQ   5000      0    0.000000    0.000000      0      0
                         ** No weight changes given **

 RESTRAINTS:
 Requested file redirections:
  DISANG    = run_153.disang
  DUMPAVE   = run_153.dat
 Restraints will be read from file: run_153.disang
Here are comments from the DISANG input file:

                       Number of restraints read =     1

                  Done reading weight changes/NMR restraints


 Number of triangulated 3-point waters found:        0
|  Atom division among processors:
|         0      16      32
|  Running AMBER/MPI version on    2 nodes


--------------------------------------------------------------------------------
   4.  RESULTS
--------------------------------------------------------------------------------

|  # of SOLUTE  degrees of freedom (RNDFP):      79.
|  # of SOLVENT degrees of freedom (RNDFS):       0.
|  NDFMIN =      79.     NUM_NOSHAKE =      0     CORRECTED RNDFP =      79.
|  TOTAL # of degrees of freedom (RNDF) =      79.

 NSTEP =     5000   TIME(PS) =    2010.000  TEMP(K) =   302.19  PRESS =     0.0
 Etot   =        16.4097  EKtot   =        23.7201  EPtot      =        -7.3104
 BOND   =         5.2132  ANGLE   =        18.2197  DIHED      =        20.6536
 1-4 NB =         4.9664  1-4 EEL =       117.1578  VDWAALS    =        -2.9446
 EELEC  =      -145.7674  EGB     =       -27.0328  RESTRAINT  =         0.2430
 ESURF=         1.9807
 EAMBER (non-restraint)  =        -7.5533
 ------------------------------------------------------------------------------

 NMR restraints: Bond =    0.000   Angle =     0.000   Torsion =     0.243
===============================================================================
| RE_POSITION Moving by  -5.576269  6.473782  5.905846

 NSTEP =    10000   TIME(PS) =    2020.000  TEMP(K) =   213.98  PRESS =     0.0
 Etot   =         2.3268  EKtot   =        16.7963  EPtot      =       -14.4695
 BOND   =         8.0828  ANGLE   =        10.0700  DIHED      =        20.0893
 1-4 NB =         3.4085  1-4 EEL =       115.7127  VDWAALS    =        -3.5109
 EELEC  =      -148.3853  EGB     =       -22.9154  RESTRAINT  =         0.9558
 ESURF=         2.0230
 EAMBER (non-restraint)  =       -15.4253
 ------------------------------------------------------------------------------

 NMR restraints: Bond =    0.000   Angle =     0.000   Torsion =     0.956
===============================================================================

 NSTEP =    15000   TIME(PS) =    2030.000  TEMP(K) =   292.95  PRESS =     0.0
 Etot   =        14.3362  EKtot   =        22.9951  EPtot      =        -8.6589
 BOND   =         5.7007  ANGLE   =        18.7795  DIHED      =        21.9610
 1-4 NB =         3.8180  1-4 EEL =       118.7981  VDWAALS    =        -3.3575
 EELEC  =      -152.2128  EGB     =       -24.3023  RESTRAINT  =         0.1889
 ESURF=         1.9675
 EAMBER (non-restraint)  =        -8.8479
 ------------------------------------------------------------------------------

 NMR restraints: Bond =    0.000   Angle =     0.000   Torsion =     0.189
===============================================================================
| RE_POSITION Moving by   5.028596 -3.113939  2.071274

 NSTEP =    20000   TIME(PS) =    2040.000  TEMP(K) =   360.72  PRESS =     0.0
 Etot   =        19.6307  EKtot   =        28.3144  EPtot      =        -8.6837
 BOND   =         1.6383  ANGLE   =        13.3778  DIHED      =        24.2970
 1-4 NB =         6.2369  1-4 EEL =       117.5113  VDWAALS    =        -3.0553
 EELEC  =      -148.1433  EGB     =       -22.6050  RESTRAINT  =         0.0619
 ESURF=         1.9966
 EAMBER (non-restraint)  =        -8.7456
 ------------------------------------------------------------------------------

 NMR restraints: Bond =    0.000   Angle =     0.000   Torsion =     0.062
===============================================================================

 NSTEP =    25000   TIME(PS) =    2050.000  TEMP(K) =   285.21  PRESS =     0.0
 Etot   =        11.9191  EKtot   =        22.3870  EPtot      =       -10.4679
 BOND   =         4.1095  ANGLE   =        16.1423  DIHED      =        20.6867
 1-4 NB =         5.0861  1-4 EEL =       113.8754  VDWAALS    =        -2.8541
 EELEC  =      -147.1798  EGB     =       -22.6421  RESTRAINT  =         0.3435
 ESURF=         1.9648
 EAMBER (non-restraint)  =       -10.8114
 ------------------------------------------------------------------------------

 NMR restraints: Bond =    0.000   Angle =     0.000   Torsion =     0.343
===============================================================================
| RE_POSITION Moving by   0.788212 -6.154138 -6.412909

 NSTEP =    30000   TIME(PS) =    2060.000  TEMP(K) =   318.33  PRESS =     0.0
 Etot   =        18.9491  EKtot   =        24.9869  EPtot      =        -6.0378
 BOND   =         6.0161  ANGLE   =        17.8763  DIHED      =        23.1586
 1-4 NB =         5.3991  1-4 EEL =       115.1361  VDWAALS    =        -4.7320
 EELEC  =      -144.8488  EGB     =       -26.0256  RESTRAINT  =         0.0504
 ESURF=         1.9319
 EAMBER (non-restraint)  =        -6.0882
 ------------------------------------------------------------------------------

 NMR restraints: Bond =    0.000   Angle =     0.000   Torsion =     0.050
===============================================================================

 NSTEP =    35000   TIME(PS) =    2070.000  TEMP(K) =   224.64  PRESS =     0.0
 Etot   =         9.4919  EKtot   =        17.6329  EPtot      =        -8.1410
 BOND   =         3.0837  ANGLE   =        18.7655  DIHED      =        20.0344
 1-4 NB =         5.5765  1-4 EEL =       118.1688  VDWAALS    =        -4.0518
 EELEC  =      -148.9178  EGB     =       -23.1958  RESTRAINT  =         0.4491
 ESURF=         1.9465
 EAMBER (non-restraint)  =        -8.5901
 ------------------------------------------------------------------------------

 NMR restraints: Bond =    0.000   Angle =     0.000   Torsion =     0.449
===============================================================================
| RE_POSITION Moving by  -0.297064  3.850927 -4.268362

 NSTEP =    40000   TIME(PS) =    2080.000  TEMP(K) =   270.63  PRESS =     0.0
 Etot   =        11.2747  EKtot   =        21.2429  EPtot      =        -9.9682
 BOND   =         5.2138  ANGLE   =        15.8831  DIHED      =        18.6501
 1-4 NB =         6.0850  1-4 EEL =       116.1605  VDWAALS    =        -3.1038
 EELEC  =      -147.9702  EGB     =       -23.4519  RESTRAINT  =         0.6110
 ESURF=         1.9541
 EAMBER (non-restraint)  =       -10.5792
 ------------------------------------------------------------------------------

 NMR restraints: Bond =    0.000   Angle =     0.000   Torsion =     0.611
===============================================================================

 NSTEP =    45000   TIME(PS) =    2090.000  TEMP(K) =   346.44  PRESS =     0.0
 Etot   =        16.0556  EKtot   =        27.1936  EPtot      =       -11.1380
 BOND   =         5.5054  ANGLE   =        14.8204  DIHED      =        20.6769
 1-4 NB =         4.6245  1-4 EEL =       112.6930  VDWAALS    =        -3.8011
 EELEC  =      -143.7932  EGB     =       -23.9589  RESTRAINT  =         0.2233
 ESURF=         1.8718
 EAMBER (non-restraint)  =       -11.3613
 ------------------------------------------------------------------------------

 NMR restraints: Bond =    0.000   Angle =     0.000   Torsion =     0.223
===============================================================================
| RE_POSITION Moving by -10.822474 -9.885562 -5.534223

 NSTEP =    50000   TIME(PS) =    2100.000  TEMP(K) =   273.35  PRESS =     0.0
 Etot   =        11.2849  EKtot   =        21.4563  EPtot      =       -10.1714
 BOND   =         4.7421  ANGLE   =        13.3220  DIHED      =        24.3944
 1-4 NB =         5.3880  1-4 EEL =       115.3449  VDWAALS    =        -3.5481
 EELEC  =      -150.6037  EGB     =       -21.1688  RESTRAINT  =         0.0996
 ESURF=         1.8582
 EAMBER (non-restraint)  =       -10.2710
 ------------------------------------------------------------------------------

 NMR restraints: Bond =    0.000   Angle =     0.000   Torsion =     0.100
===============================================================================

 NSTEP =    55000   TIME(PS) =    2110.000  TEMP(K) =   240.33  PRESS =     0.0
 Etot   =         8.7949  EKtot   =        18.8646  EPtot      =       -10.0696
 BOND   =         6.4140  ANGLE   =        14.2538  DIHED      =        24.0499
 1-4 NB =         3.7353  1-4 EEL =       112.1007  VDWAALS    =        -5.0848
 EELEC  =      -141.0919  EGB     =       -26.4530  RESTRAINT  =         0.1189
 ESURF=         1.8875
 EAMBER (non-restraint)  =       -10.1885
 ------------------------------------------------------------------------------

 NMR restraints: Bond =    0.000   Angle =     0.000   Torsion =     0.119
===============================================================================
| RE_POSITION Moving by  -8.838021 -1.288761 -0.234473

 NSTEP =    60000   TIME(PS) =    2120.000  TEMP(K) =   326.41  PRESS =     0.0
 Etot   =        13.7756  EKtot   =        25.6214  EPtot      =       -11.8458
 BOND   =         8.4444  ANGLE   =        15.0646  DIHED      =        19.7696
 1-4 NB =         6.5389  1-4 EEL =       113.5184  VDWAALS    =        -3.6767
 EELEC  =      -150.3209  EGB     =       -23.1346  RESTRAINT  =         0.0959
 ESURF=         1.8546
 EAMBER (non-restraint)  =       -11.9417
 ------------------------------------------------------------------------------

 NMR restraints: Bond =    0.000   Angle =     0.000   Torsion =     0.096
===============================================================================

 NSTEP =    65000   TIME(PS) =    2130.000  TEMP(K) =   329.46  PRESS =     0.0
 Etot   =        11.0595  EKtot   =        25.8606  EPtot      =       -14.8011
 BOND   =         3.6526  ANGLE   =         9.3940  DIHED      =        21.7885
 1-4 NB =         8.2696  1-4 EEL =       117.2155  VDWAALS    =        -4.6934
 EELEC  =      -149.3912  EGB     =       -23.3546  RESTRAINT  =         0.4658
 ESURF=         1.8519
 EAMBER (non-restraint)  =       -15.2670
 ------------------------------------------------------------------------------

 NMR restraints: Bond =    0.000   Angle =     0.000   Torsion =     0.466
===============================================================================
| RE_POSITION Moving by  -1.705491 -8.318463  2.881252

 NSTEP =    70000   TIME(PS) =    2140.000  TEMP(K) =   277.66  PRESS =     0.0
 Etot   =         6.5673  EKtot   =        21.7949  EPtot      =       -15.2276
 BOND   =         3.5510  ANGLE   =        14.4180  DIHED      =        18.6060
 1-4 NB =         6.1317  1-4 EEL =       115.3264  VDWAALS    =        -3.8177
 EELEC  =      -150.5351  EGB     =       -21.5420  RESTRAINT  =         0.7286
 ESURF=         1.9055
 EAMBER (non-restraint)  =       -15.9562
 ------------------------------------------------------------------------------

 NMR restraints: Bond =    0.000   Angle =     0.000   Torsion =     0.729
===============================================================================

 NSTEP =    75000   TIME(PS) =    2150.000  TEMP(K) =   314.53  PRESS =     0.0
 Etot   =        14.3147  EKtot   =        24.6889  EPtot      =       -10.3742
 BOND   =         7.1682  ANGLE   =        12.0951  DIHED      =        21.5510
 1-4 NB =         5.9121  1-4 EEL =       115.7039  VDWAALS    =        -1.2071
 EELEC  =      -153.3768  EGB     =       -20.4684  RESTRAINT  =         0.3533
 ESURF=         1.8946
 EAMBER (non-restraint)  =       -10.7275
 ------------------------------------------------------------------------------

 NMR restraints: Bond =    0.000   Angle =     0.000   Torsion =     0.353
===============================================================================
| RE_POSITION Moving by   5.556391 -0.053841  3.309965

 NSTEP =    80000   TIME(PS) =    2160.000  TEMP(K) =   286.10  PRESS =     0.0
 Etot   =        19.3076  EKtot   =        22.4570  EPtot      =        -3.1493
 BOND   =        10.3878  ANGLE   =        15.3962  DIHED      =        21.0145
 1-4 NB =         6.1638  1-4 EEL =       115.0161  VDWAALS    =        -4.2462
 EELEC  =      -144.3739  EGB     =       -25.1749  RESTRAINT  =         0.7563
 ESURF=         1.9110
 EAMBER (non-restraint)  =        -3.9056
 ------------------------------------------------------------------------------

 NMR restraints: Bond =    0.000   Angle =     0.000   Torsion =     0.756
===============================================================================

 NSTEP =    85000   TIME(PS) =    2170.000  TEMP(K) =   304.50  PRESS =     0.0
 Etot   =        11.5066  EKtot   =        23.9016  EPtot      =       -12.3950
 BOND   =         2.7526  ANGLE   =        18.7491  DIHED      =        19.2423
 1-4 NB =         5.6690  1-4 EEL =       112.8108  VDWAALS    =        -4.0198
 EELEC  =      -147.7905  EGB     =       -22.0163  RESTRAINT  =         0.2872
 ESURF=         1.9206
 EAMBER (non-restraint)  =       -12.6822
 ------------------------------------------------------------------------------

 NMR restraints: Bond =    0.000   Angle =     0.000   Torsion =     0.287
===============================================================================
| RE_POSITION Moving by  -2.242485 -4.922392 -8.978406

 NSTEP =    90000   TIME(PS) =    2180.000  TEMP(K) =   325.96  PRESS =     0.0
 Etot   =        19.2225  EKtot   =        25.5861  EPtot      =        -6.3636
 BOND   =         8.1430  ANGLE   =        16.3977  DIHED      =        22.4294
 1-4 NB =         5.3066  1-4 EEL =       112.5710  VDWAALS    =        -4.5896
 EELEC  =      -144.8707  EGB     =       -24.0809  RESTRAINT  =         0.3980
 ESURF=         1.9321
 EAMBER (non-restraint)  =        -6.7615
 ------------------------------------------------------------------------------

 NMR restraints: Bond =    0.000   Angle =     0.000   Torsion =     0.398
===============================================================================

 NSTEP =    95000   TIME(PS) =    2190.000  TEMP(K) =   297.21  PRESS =     0.0
 Etot   =        16.0816  EKtot   =        23.3294  EPtot      =        -7.2478
 BOND   =         7.1587  ANGLE   =        19.4310  DIHED      =        20.8484
 1-4 NB =         4.7986  1-4 EEL =       113.5998  VDWAALS    =        -4.5691
 EELEC  =      -147.0603  EGB     =       -24.1299  RESTRAINT  =         0.7964
 ESURF=         1.8787
 EAMBER (non-restraint)  =        -8.0442
 ------------------------------------------------------------------------------

 NMR restraints: Bond =    0.000   Angle =     0.000   Torsion =     0.796
===============================================================================
| RE_POSITION Moving by  -2.743702  5.289161  0.978134

 NSTEP =   100000   TIME(PS) =    2200.000  TEMP(K) =   363.46  PRESS =     0.0
 Etot   =        14.9292  EKtot   =        28.5291  EPtot      =       -13.5999
 BOND   =         7.0773  ANGLE   =         9.9689  DIHED      =        21.0734
 1-4 NB =         6.5520  1-4 EEL =       116.1189  VDWAALS    =        -3.7380
 EELEC  =      -149.3832  EGB     =       -24.2048  RESTRAINT  =         1.0574
 ESURF=         1.8784
 EAMBER (non-restraint)  =       -14.6573
 ------------------------------------------------------------------------------

 NMR restraints: Bond =    0.000   Angle =     0.000   Torsion =     1.057
===============================================================================

 NSTEP =   105000   TIME(PS) =    2210.000  TEMP(K) =   259.49  PRESS =     0.0
 Etot   =        10.1825  EKtot   =        20.3681  EPtot      =       -10.1856
 BOND   =         5.0041  ANGLE   =        17.1923  DIHED      =        21.9464
 1-4 NB =         5.6862  1-4 EEL =       114.2089  VDWAALS    =        -4.5546
 EELEC  =      -148.5570  EGB     =       -23.0253  RESTRAINT  =         0.0532
 ESURF=         1.8601
 EAMBER (non-restraint)  =       -10.2388
 ------------------------------------------------------------------------------

 NMR restraints: Bond =    0.000   Angle =     0.000   Torsion =     0.053
===============================================================================
| RE_POSITION Moving by   3.130813 -6.124384 -0.602164

 NSTEP =   110000   TIME(PS) =    2220.000  TEMP(K) =   314.54  PRESS =     0.0
 Etot   =         7.8047  EKtot   =        24.6898  EPtot      =       -16.8851
 BOND   =         4.1462  ANGLE   =        10.7151  DIHED      =        21.0646
 1-4 NB =         5.7079  1-4 EEL =       116.3668  VDWAALS    =        -4.0582
 EELEC  =      -151.9820  EGB     =       -21.1048  RESTRAINT  =         0.3411
 ESURF=         1.9184
 EAMBER (non-restraint)  =       -17.2261
 ------------------------------------------------------------------------------

 NMR restraints: Bond =    0.000   Angle =     0.000   Torsion =     0.341
===============================================================================

 NSTEP =   115000   TIME(PS) =    2230.000  TEMP(K) =   232.74  PRESS =     0.0
 Etot   =         5.4050  EKtot   =        18.2684  EPtot      =       -12.8634
 BOND   =         5.7999  ANGLE   =        15.6057  DIHED      =        21.4520
 1-4 NB =         3.7554  1-4 EEL =       111.3814  VDWAALS    =        -5.0323
 EELEC  =      -143.2357  EGB     =       -24.7991  RESTRAINT  =         0.3137
 ESURF=         1.8955
 EAMBER (non-restraint)  =       -13.1771
 ------------------------------------------------------------------------------

 NMR restraints: Bond =    0.000   Angle =     0.000   Torsion =     0.314
===============================================================================
| RE_POSITION Moving by   0.572969 -5.216491  3.428887

 NSTEP =   120000   TIME(PS) =    2240.000  TEMP(K) =   422.98  PRESS =     0.0
 Etot   =        24.0962  EKtot   =        33.2012  EPtot      =        -9.1050
 BOND   =         4.3339  ANGLE   =        15.7471  DIHED      =        22.5677
 1-4 NB =         4.6585  1-4 EEL =       118.4810  VDWAALS    =         0.6925
 EELEC  =      -154.7931  EGB     =       -22.6789  RESTRAINT  =         0.0236
 ESURF=         1.8628
 EAMBER (non-restraint)  =        -9.1286
 ------------------------------------------------------------------------------

 NMR restraints: Bond =    0.000   Angle =     0.000   Torsion =     0.024
===============================================================================

 NSTEP =   125000   TIME(PS) =    2250.000  TEMP(K) =   353.57  PRESS =     0.0
 Etot   =        16.1581  EKtot   =        27.7529  EPtot      =       -11.5949
 BOND   =         5.0305  ANGLE   =         8.5045  DIHED      =        23.9365
 1-4 NB =         6.0053  1-4 EEL =       116.3012  VDWAALS    =        -3.8623
 EELEC  =      -141.9128  EGB     =       -28.3811  RESTRAINT  =         0.8686
 ESURF=         1.9149
 EAMBER (non-restraint)  =       -12.4634
 ------------------------------------------------------------------------------

 NMR restraints: Bond =    0.000   Angle =     0.000   Torsion =     0.869
===============================================================================
| RE_POSITION Moving by   0.993823 -2.385422  2.136656

 NSTEP =   130000   TIME(PS) =    2260.000  TEMP(K) =   333.14  PRESS =     0.0
 Etot   =        18.4965  EKtot   =        26.1498  EPtot      =        -7.6534
 BOND   =         9.3913  ANGLE   =        17.2383  DIHED      =        17.7527
 1-4 NB =         3.3985  1-4 EEL =       112.9569  VDWAALS    =        -3.0243
 EELEC  =      -148.9234  EGB     =       -21.7195  RESTRAINT  =         3.3599
 ESURF=         1.9163
 EAMBER (non-restraint)  =       -11.0132
 ------------------------------------------------------------------------------

 NMR restraints: Bond =    0.000   Angle =     0.000   Torsion =     3.360
===============================================================================

 NSTEP =   135000   TIME(PS) =    2270.000  TEMP(K) =   329.39  PRESS =     0.0
 Etot   =        18.1666  EKtot   =        25.8549  EPtot      =        -7.6882
 BOND   =         4.6720  ANGLE   =        17.0867  DIHED      =        23.3518
 1-4 NB =         5.6139  1-4 EEL =       112.9319  VDWAALS    =        -4.2182
 EELEC  =      -146.3608  EGB     =       -23.1882  RESTRAINT  =         0.5352
 ESURF=         1.8876
 EAMBER (non-restraint)  =        -8.2234
 ------------------------------------------------------------------------------

 NMR restraints: Bond =    0.000   Angle =     0.000   Torsion =     0.535
===============================================================================
| RE_POSITION Moving by  -4.408695-10.502928 -6.684401

 NSTEP =   140000   TIME(PS) =    2280.000  TEMP(K) =   350.49  PRESS =     0.0
 Etot   =        23.6142  EKtot   =        27.5115  EPtot      =        -3.8973
 BOND   =         5.9060  ANGLE   =        19.3759  DIHED      =        19.0877
 1-4 NB =         6.3750  1-4 EEL =       116.8377  VDWAALS    =        -3.7863
 EELEC  =      -149.6090  EGB     =       -22.4781  RESTRAINT  =         2.5134
 ESURF=         1.8804
 EAMBER (non-restraint)  =        -6.4107
 ------------------------------------------------------------------------------

 NMR restraints: Bond =    0.000   Angle =     0.000   Torsion =     2.513
===============================================================================

 NSTEP =   145000   TIME(PS) =    2290.000  TEMP(K) =   347.86  PRESS =     0.0
 Etot   =        14.6135  EKtot   =        27.3048  EPtot      =       -12.6913
 BOND   =         6.8790  ANGLE   =        13.1787  DIHED      =        18.4765
 1-4 NB =         5.4770  1-4 EEL =       116.1048  VDWAALS    =        -3.2940
 EELEC  =      -149.1045  EGB     =       -22.3739  RESTRAINT  =         0.0680
 ESURF=         1.8971
 EAMBER (non-restraint)  =       -12.7594
 ------------------------------------------------------------------------------

 NMR restraints: Bond =    0.000   Angle =     0.000   Torsion =     0.068
===============================================================================
| RE_POSITION Moving by  -1.940299 -4.450525  1.358325

 NSTEP =   150000   TIME(PS) =    2300.000  TEMP(K) =   340.00  PRESS =     0.0
 Etot   =        18.3521  EKtot   =        26.6882  EPtot      =        -8.3361
 BOND   =         3.9360  ANGLE   =        17.2107  DIHED      =        20.0494
 1-4 NB =         6.7479  1-4 EEL =       117.7416  VDWAALS    =        -3.2117
 EELEC  =      -153.1227  EGB     =       -21.9654  RESTRAINT  =         2.4295
 ESURF=         1.8485
 EAMBER (non-restraint)  =       -10.7656
 ------------------------------------------------------------------------------

 NMR restraints: Bond =    0.000   Angle =     0.000   Torsion =     2.430
===============================================================================

 NSTEP =   155000   TIME(PS) =    2310.000  TEMP(K) =   285.58  PRESS =     0.0
 Etot   =        10.4241  EKtot   =        22.4165  EPtot      =       -11.9924
 BOND   =         2.6148  ANGLE   =         9.0487  DIHED      =        24.4324
 1-4 NB =         6.5002  1-4 EEL =       119.1050  VDWAALS    =        -3.6678
 EELEC  =      -149.0462  EGB     =       -23.1741  RESTRAINT  =         0.2513
 ESURF=         1.9433
 EAMBER (non-restraint)  =       -12.2437
 ------------------------------------------------------------------------------

 NMR restraints: Bond =    0.000   Angle =     0.000   Torsion =     0.251
===============================================================================
| RE_POSITION Moving by  -8.546588 -3.887459-11.570629

 NSTEP =   160000   TIME(PS) =    2320.000  TEMP(K) =   308.72  PRESS =     0.0
 Etot   =        10.0307  EKtot   =        24.2331  EPtot      =       -14.2024
 BOND   =         5.6469  ANGLE   =        12.0801  DIHED      =        20.3090
 1-4 NB =         4.1132  1-4 EEL =       117.7688  VDWAALS    =        -4.2420
 EELEC  =      -148.3976  EGB     =       -23.6101  RESTRAINT  =         0.1885
 ESURF=         1.9408
 EAMBER (non-restraint)  =       -14.3909
 ------------------------------------------------------------------------------

 NMR restraints: Bond =    0.000   Angle =     0.000   Torsion =     0.189
===============================================================================

 NSTEP =   165000   TIME(PS) =    2330.000  TEMP(K) =   374.73  PRESS =     0.0
 Etot   =        21.6798  EKtot   =        29.4142  EPtot      =        -7.7344
 BOND   =         4.8020  ANGLE   =        17.3318  DIHED      =        20.4518
 1-4 NB =         6.3439  1-4 EEL =       119.3462  VDWAALS    =        -3.8431
 EELEC  =      -146.0884  EGB     =       -28.1705  RESTRAINT  =         0.1344
 ESURF=         1.9574
 EAMBER (non-restraint)  =        -7.8688
 ------------------------------------------------------------------------------

 NMR restraints: Bond =    0.000   Angle =     0.000   Torsion =     0.134
===============================================================================
| RE_POSITION Moving by   4.190459  2.436331  7.761114

 NSTEP =   170000   TIME(PS) =    2340.000  TEMP(K) =   242.03  PRESS =     0.0
 Etot   =         8.1968  EKtot   =        18.9976  EPtot      =       -10.8007
 BOND   =         7.2046  ANGLE   =        11.8972  DIHED      =        20.3413
 1-4 NB =         5.2503  1-4 EEL =       120.3181  VDWAALS    =        -3.9913
 EELEC  =      -151.7387  EGB     =       -22.4086  RESTRAINT  =         0.3677
 ESURF=         1.9585
 EAMBER (non-restraint)  =       -11.1685
 ------------------------------------------------------------------------------

 NMR restraints: Bond =    0.000   Angle =     0.000   Torsion =     0.368
===============================================================================

 NSTEP =   175000   TIME(PS) =    2350.000  TEMP(K) =   221.42  PRESS =     0.0
 Etot   =        13.9342  EKtot   =        17.3800  EPtot      =        -3.4458
 BOND   =         4.8139  ANGLE   =        20.1606  DIHED      =        19.0494
 1-4 NB =         5.6549  1-4 EEL =       118.9166  VDWAALS    =        -3.2441
 EELEC  =      -144.8963  EGB     =       -26.8198  RESTRAINT  =         0.9235
 ESURF=         1.9954
 EAMBER (non-restraint)  =        -4.3692
 ------------------------------------------------------------------------------

 NMR restraints: Bond =    0.000   Angle =     0.000   Torsion =     0.923
===============================================================================
| RE_POSITION Moving by  -3.114107 -3.862219 -6.623897

 NSTEP =   180000   TIME(PS) =    2360.000  TEMP(K) =   404.20  PRESS =     0.0
 Etot   =        26.3722  EKtot   =        31.7269  EPtot      =        -5.3548
 BOND   =         4.6553  ANGLE   =        14.0188  DIHED      =        28.4169
 1-4 NB =         4.1105  1-4 EEL =       114.3656  VDWAALS    =        -4.4012
 EELEC  =      -144.9047  EGB     =       -24.3021  RESTRAINT  =         0.7526
 ESURF=         1.9336
 EAMBER (non-restraint)  =        -6.1073
 ------------------------------------------------------------------------------

 NMR restraints: Bond =    0.000   Angle =     0.000   Torsion =     0.753
===============================================================================

 NSTEP =   185000   TIME(PS) =    2370.000  TEMP(K) =   356.17  PRESS =     0.0
 Etot   =        17.8269  EKtot   =        27.9571  EPtot      =       -10.1302
 BOND   =         6.4133  ANGLE   =        11.0241  DIHED      =        22.8732
 1-4 NB =         4.7029  1-4 EEL =       120.9140  VDWAALS    =        -3.7783
 EELEC  =      -152.7263  EGB     =       -22.2294  RESTRAINT  =         0.7378
 ESURF=         1.9386
 EAMBER (non-restraint)  =       -10.8680
 ------------------------------------------------------------------------------

 NMR restraints: Bond =    0.000   Angle =     0.000   Torsion =     0.738
===============================================================================
| RE_POSITION Moving by  -4.063058  3.618438 -2.893937

 NSTEP =   190000   TIME(PS) =    2380.000  TEMP(K) =   201.37  PRESS =     0.0
 Etot   =         3.3727  EKtot   =        15.8067  EPtot      =       -12.4340
 BOND   =         6.8871  ANGLE   =        15.7434  DIHED      =        20.6321
 1-4 NB =         4.3974  1-4 EEL =       111.0528  VDWAALS    =        -4.0152
 EELEC  =      -140.7658  EGB     =       -28.4708  RESTRAINT  =         0.1520
 ESURF=         1.9530
 EAMBER (non-restraint)  =       -12.5859
 ------------------------------------------------------------------------------

 NMR restraints: Bond =    0.000   Angle =     0.000   Torsion =     0.152
===============================================================================

 NSTEP =   195000   TIME(PS) =    2390.000  TEMP(K) =   373.52  PRESS =     0.0
 Etot   =        18.6142  EKtot   =        29.3190  EPtot      =       -10.7049
 BOND   =         3.3818  ANGLE   =        15.5000  DIHED      =        23.3647
 1-4 NB =         5.1047  1-4 EEL =       115.0601  VDWAALS    =        -4.4942
 EELEC  =      -146.9534  EGB     =       -23.6263  RESTRAINT  =         0.0017
 ESURF=         1.9559
 EAMBER (non-restraint)  =       -10.7065
 ------------------------------------------------------------------------------

 NMR restraints: Bond =    0.000   Angle =     0.000   Torsion =     0.002
===============================================================================
| RE_POSITION Moving by   2.381020  1.466782 -0.811804

 NSTEP =   200000   TIME(PS) =    2400.000  TEMP(K) =   332.45  PRESS =     0.0
 Etot   =        16.7311  EKtot   =        26.0957  EPtot      =        -9.3646
 BOND   =         3.4020  ANGLE   =        14.3060  DIHED      =        19.8388
 1-4 NB =         6.1072  1-4 EEL =       115.7189  VDWAALS    =        -2.5933
 EELEC  =      -144.2372  EGB     =       -23.9802  RESTRAINT  =         0.0434
 ESURF=         2.0299
 EAMBER (non-restraint)  =        -9.4080
 ------------------------------------------------------------------------------

 NMR restraints: Bond =    0.000   Angle =     0.000   Torsion =     0.043
===============================================================================

 NSTEP =   205000   TIME(PS) =    2410.000  TEMP(K) =   322.51  PRESS =     0.0
 Etot   =        17.7563  EKtot   =        25.3148  EPtot      =        -7.5584
 BOND   =         7.2933  ANGLE   =        11.1536  DIHED      =        21.6179
 1-4 NB =         6.7359  1-4 EEL =       116.1375  VDWAALS    =        -2.7976
 EELEC  =      -142.5194  EGB     =       -27.3515  RESTRAINT  =         0.1505
 ESURF=         2.0213
 EAMBER (non-restraint)  =        -7.7090
 ------------------------------------------------------------------------------

 NMR restraints: Bond =    0.000   Angle =     0.000   Torsion =     0.151
===============================================================================
| RE_POSITION Moving by   1.713640 -3.159706  6.082554

 NSTEP =   210000   TIME(PS) =    2420.000  TEMP(K) =   267.52  PRESS =     0.0
 Etot   =        10.3095  EKtot   =        20.9990  EPtot      =       -10.6895
 BOND   =         7.9918  ANGLE   =        11.0645  DIHED      =        22.2417
 1-4 NB =         4.8435  1-4 EEL =       113.5342  VDWAALS    =        -3.0349
 EELEC  =      -145.4946  EGB     =       -23.8261  RESTRAINT  =         0.0434
 ESURF=         1.9469
 EAMBER (non-restraint)  =       -10.7329
 ------------------------------------------------------------------------------

 NMR restraints: Bond =    0.000   Angle =     0.000   Torsion =     0.043
===============================================================================

 NSTEP =   215000   TIME(PS) =    2430.000  TEMP(K) =   357.59  PRESS =     0.0
 Etot   =        16.2620  EKtot   =        28.0686  EPtot      =       -11.8066
 BOND   =         2.7682  ANGLE   =        14.7776  DIHED      =        22.2834
 1-4 NB =         5.9416  1-4 EEL =       118.8133  VDWAALS    =        -3.9229
 EELEC  =      -146.0889  EGB     =       -28.3250  RESTRAINT  =         0.0270
 ESURF=         1.9192
 EAMBER (non-restraint)  =       -11.8336
 ------------------------------------------------------------------------------

 NMR restraints: Bond =    0.000   Angle =     0.000   Torsion =     0.027
===============================================================================
| RE_POSITION Moving by   5.955688-12.986978 -0.191383

 NSTEP =   220000   TIME(PS) =    2440.000  TEMP(K) =   328.45  PRESS =     0.0
 Etot   =        13.0391  EKtot   =        25.7817  EPtot      =       -12.7426
 BOND   =         6.0437  ANGLE   =        13.0919  DIHED      =        18.9688
 1-4 NB =         4.9730  1-4 EEL =       117.7461  VDWAALS    =        -2.9769
 EELEC  =      -145.1997  EGB     =       -27.3863  RESTRAINT  =         0.0787
 ESURF=         1.9180
 EAMBER (non-restraint)  =       -12.8213
 ------------------------------------------------------------------------------

 NMR restraints: Bond =    0.000   Angle =     0.000   Torsion =     0.079
===============================================================================

 NSTEP =   225000   TIME(PS) =    2450.000  TEMP(K) =   304.38  PRESS =     0.0
 Etot   =        12.4707  EKtot   =        23.8919  EPtot      =       -11.4211
 BOND   =         3.8196  ANGLE   =        10.6349  DIHED      =        22.4603
 1-4 NB =         4.2551  1-4 EEL =       119.3069  VDWAALS    =        -2.3551
 EELEC  =      -149.3752  EGB     =       -22.7400  RESTRAINT  =         0.5424
 ESURF=         2.0300
 EAMBER (non-restraint)  =       -11.9635
 ------------------------------------------------------------------------------

 NMR restraints: Bond =    0.000   Angle =     0.000   Torsion =     0.542
===============================================================================
| RE_POSITION Moving by   6.520311 -1.957167  6.427446

 NSTEP =   230000   TIME(PS) =    2460.000  TEMP(K) =   316.83  PRESS =     0.0
 Etot   =        13.5019  EKtot   =        24.8692  EPtot      =       -11.3673
 BOND   =         4.7000  ANGLE   =        13.7279  DIHED      =        22.0012
 1-4 NB =         5.9251  1-4 EEL =       115.1308  VDWAALS    =        -3.2945
 EELEC  =      -146.9933  EGB     =       -24.7914  RESTRAINT  =         0.2372
 ESURF=         1.9897
 EAMBER (non-restraint)  =       -11.6046
 ------------------------------------------------------------------------------

 NMR restraints: Bond =    0.000   Angle =     0.000   Torsion =     0.237
===============================================================================

 NSTEP =   235000   TIME(PS) =    2470.000  TEMP(K) =   314.55  PRESS =     0.0
 Etot   =        21.9869  EKtot   =        24.6900  EPtot      =        -2.7031
 BOND   =         5.4918  ANGLE   =        18.9005  DIHED      =        25.2526
 1-4 NB =         4.0631  1-4 EEL =       112.4457  VDWAALS    =        -2.9878
 EELEC  =      -141.8275  EGB     =       -26.0813  RESTRAINT  =         0.0410
 ESURF=         1.9989
 EAMBER (non-restraint)  =        -2.7441
 ------------------------------------------------------------------------------

 NMR restraints: Bond =    0.000   Angle =     0.000   Torsion =     0.041
===============================================================================
| RE_POSITION Moving by   3.770337  2.038099  3.136136

 NSTEP =   240000   TIME(PS) =    2480.000  TEMP(K) =   363.50  PRESS =     0.0
 Etot   =        13.7337  EKtot   =        28.5326  EPtot      =       -14.7990
 BOND   =         8.4659  ANGLE   =         8.2786  DIHED      =        18.3621
 1-4 NB =         5.7504  1-4 EEL =       118.4389  VDWAALS    =        -2.0086
 EELEC  =      -149.8662  EGB     =       -24.4874  RESTRAINT  =         0.2784
 ESURF=         1.9889
 EAMBER (non-restraint)  =       -15.0774
 ------------------------------------------------------------------------------

 NMR restraints: Bond =    0.000   Angle =     0.000   Torsion =     0.278
===============================================================================

 NSTEP =   245000   TIME(PS) =    2490.000  TEMP(K) =   220.91  PRESS =     0.0
 Etot   =         2.7890  EKtot   =        17.3404  EPtot      =       -14.5514
 BOND   =         5.0964  ANGLE   =         8.8828  DIHED      =        20.4992
 1-4 NB =         5.8670  1-4 EEL =       120.5728  VDWAALS    =        -2.9352
 EELEC  =      -152.2253  EGB     =       -22.4366  RESTRAINT  =         0.1021
 ESURF=         2.0254
 EAMBER (non-restraint)  =       -14.6535
 ------------------------------------------------------------------------------

 NMR restraints: Bond =    0.000   Angle =     0.000   Torsion =     0.102
===============================================================================
| RE_POSITION Moving by   1.665815  4.601857  2.723867

 NSTEP =   250000   TIME(PS) =    2500.000  TEMP(K) =   212.96  PRESS =     0.0
 Etot   =         9.6710  EKtot   =        16.7159  EPtot      =        -7.0449
 BOND   =         6.7749  ANGLE   =        18.2907  DIHED      =        20.1574
 1-4 NB =         3.6402  1-4 EEL =       113.0978  VDWAALS    =        -3.6634
 EELEC  =      -143.4550  EGB     =       -25.4918  RESTRAINT  =         1.6136
 ESURF=         1.9908
 EAMBER (non-restraint)  =        -8.6585
 ------------------------------------------------------------------------------

 NMR restraints: Bond =    0.000   Angle =     0.000   Torsion =     1.614
===============================================================================

 NSTEP =   255000   TIME(PS) =    2510.000  TEMP(K) =   339.94  PRESS =     0.0
 Etot   =        19.1811  EKtot   =        26.6835  EPtot      =        -7.5025
 BOND   =         6.4327  ANGLE   =        16.4600  DIHED      =        20.8644
 1-4 NB =         4.5756  1-4 EEL =       116.9634  VDWAALS    =        -2.7363
 EELEC  =      -148.9389  EGB     =       -24.5335  RESTRAINT  =         1.4003
 ESURF=         2.0099
 EAMBER (non-restraint)  =        -8.9028
 ------------------------------------------------------------------------------

 NMR restraints: Bond =    0.000   Angle =     0.000   Torsion =     1.400
===============================================================================
| RE_POSITION Moving by   5.962515 -6.133963 -2.690998

 NSTEP =   260000   TIME(PS) =    2520.000  TEMP(K) =   355.50  PRESS =     0.0
 Etot   =        18.5109  EKtot   =        27.9050  EPtot      =        -9.3941
 BOND   =         6.3634  ANGLE   =        13.4702  DIHED      =        22.3375
 1-4 NB =         4.6957  1-4 EEL =       120.4793  VDWAALS    =        -3.5662
 EELEC  =      -151.0769  EGB     =       -24.4025  RESTRAINT  =         0.3768
 ESURF=         1.9286
 EAMBER (non-restraint)  =        -9.7709
 ------------------------------------------------------------------------------

 NMR restraints: Bond =    0.000   Angle =     0.000   Torsion =     0.377
===============================================================================

 NSTEP =   265000   TIME(PS) =    2530.000  TEMP(K) =   240.19  PRESS =     0.0
 Etot   =        11.7180  EKtot   =        18.8536  EPtot      =        -7.1356
 BOND   =         2.6052  ANGLE   =        21.0130  DIHED      =        21.3535
 1-4 NB =         3.8382  1-4 EEL =       120.5266  VDWAALS    =        -3.6723
 EELEC  =      -151.8404  EGB     =       -23.0546  RESTRAINT  =         0.1256
 ESURF=         1.9696
 EAMBER (non-restraint)  =        -7.2612
 ------------------------------------------------------------------------------

 NMR restraints: Bond =    0.000   Angle =     0.000   Torsion =     0.126
===============================================================================
| RE_POSITION Moving by   1.975206  2.761313 -0.297137

 NSTEP =   270000   TIME(PS) =    2540.000  TEMP(K) =   253.50  PRESS =     0.0
 Etot   =        12.2121  EKtot   =        19.8983  EPtot      =        -7.6862
 BOND   =         8.5984  ANGLE   =        15.7494  DIHED      =        20.4752
 1-4 NB =         4.3056  1-4 EEL =       117.7200  VDWAALS    =        -4.0868
 EELEC  =      -149.2849  EGB     =       -23.1387  RESTRAINT  =         0.0398
 ESURF=         1.9357
 EAMBER (non-restraint)  =        -7.7260
 ------------------------------------------------------------------------------

 NMR restraints: Bond =    0.000   Angle =     0.000   Torsion =     0.040
===============================================================================

 NSTEP =   275000   TIME(PS) =    2550.000  TEMP(K) =   314.83  PRESS =     0.0
 Etot   =        20.2674  EKtot   =        24.7124  EPtot      =        -4.4451
 BOND   =         7.6277  ANGLE   =        16.8838  DIHED      =        23.9222
 1-4 NB =         3.1857  1-4 EEL =       119.6202  VDWAALS    =        -4.3029
 EELEC  =      -150.5944  EGB     =       -23.0943  RESTRAINT  =         0.3826
 ESURF=         1.9244
 EAMBER (non-restraint)  =        -4.8276
 ------------------------------------------------------------------------------

 NMR restraints: Bond =    0.000   Angle =     0.000   Torsion =     0.383
===============================================================================
| RE_POSITION Moving by   0.546356  6.800210  3.061131

 NSTEP =   280000   TIME(PS) =    2560.000  TEMP(K) =   281.89  PRESS =     0.0
 Etot   =        14.9057  EKtot   =        22.1268  EPtot      =        -7.2212
 BOND   =         4.5431  ANGLE   =        17.5822  DIHED      =        19.7540
 1-4 NB =         4.0706  1-4 EEL =       116.2084  VDWAALS    =        -3.6951
 EELEC  =      -139.3506  EGB     =       -28.5009  RESTRAINT  =         0.1392
 ESURF=         2.0279
 EAMBER (non-restraint)  =        -7.3604
 ------------------------------------------------------------------------------

 NMR restraints: Bond =    0.000   Angle =     0.000   Torsion =     0.139
===============================================================================

 NSTEP =   285000   TIME(PS) =    2570.000  TEMP(K) =   284.43  PRESS =     0.0
 Etot   =        12.0566  EKtot   =        22.3264  EPtot      =       -10.2699
 BOND   =         5.6152  ANGLE   =        16.2164  DIHED      =        20.4582
 1-4 NB =         4.2306  1-4 EEL =       114.9757  VDWAALS    =        -3.7700
 EELEC  =      -143.1684  EGB     =       -27.3835  RESTRAINT  =         0.5682
 ESURF=         1.9877
 EAMBER (non-restraint)  =       -10.8381
 ------------------------------------------------------------------------------

 NMR restraints: Bond =    0.000   Angle =     0.000   Torsion =     0.568
===============================================================================
| RE_POSITION Moving by   1.541294  4.543594  4.468723

 NSTEP =   290000   TIME(PS) =    2580.000  TEMP(K) =   288.23  PRESS =     0.0
 Etot   =        13.9157  EKtot   =        22.6241  EPtot      =        -8.7083
 BOND   =         8.5475  ANGLE   =        13.8306  DIHED      =        20.6113
 1-4 NB =         5.1353  1-4 EEL =       114.9339  VDWAALS    =        -3.9163
 EELEC  =      -142.6610  EGB     =       -27.4921  RESTRAINT  =         0.3353
 ESURF=         1.9671
 EAMBER (non-restraint)  =        -9.0437
 ------------------------------------------------------------------------------

 NMR restraints: Bond =    0.000   Angle =     0.000   Torsion =     0.335
===============================================================================

 NSTEP =   295000   TIME(PS) =    2590.000  TEMP(K) =   315.30  PRESS =     0.0
 Etot   =        19.8070  EKtot   =        24.7495  EPtot      =        -4.9425
 BOND   =         9.0924  ANGLE   =        11.9848  DIHED      =        24.4174
 1-4 NB =         5.2593  1-4 EEL =       119.4780  VDWAALS    =        -2.8878
 EELEC  =      -149.3932  EGB     =       -24.9544  RESTRAINT  =         0.1347
 ESURF=         1.9264
 EAMBER (non-restraint)  =        -5.0772
 ------------------------------------------------------------------------------

 NMR restraints: Bond =    0.000   Angle =     0.000   Torsion =     0.135
===============================================================================
| RE_POSITION Moving by  -2.356395  1.248242  4.300198

 NSTEP =   300000   TIME(PS) =    2600.000  TEMP(K) =   300.08  PRESS =     0.0
 Etot   =        10.7220  EKtot   =        23.5542  EPtot      =       -12.8322
 BOND   =         5.1946  ANGLE   =        11.0324  DIHED      =        22.7645
 1-4 NB =         4.3604  1-4 EEL =       113.9660  VDWAALS    =        -3.3530
 EELEC  =      -142.4888  EGB     =       -26.2747  RESTRAINT  =         0.0072
 ESURF=         1.9591
 EAMBER (non-restraint)  =       -12.8395
 ------------------------------------------------------------------------------

 NMR restraints: Bond =    0.000   Angle =     0.000   Torsion =     0.007
===============================================================================

 NSTEP =   305000   TIME(PS) =    2610.000  TEMP(K) =   296.94  PRESS =     0.0
 Etot   =         9.9950  EKtot   =        23.3078  EPtot      =       -13.3128
 BOND   =         4.0642  ANGLE   =        14.2034  DIHED      =        20.0684
 1-4 NB =         5.4159  1-4 EEL =       120.9233  VDWAALS    =        -3.7360
 EELEC  =      -154.3036  EGB     =       -22.1860  RESTRAINT  =         0.2496
 ESURF=         1.9882
 EAMBER (non-restraint)  =       -13.5624
 ------------------------------------------------------------------------------

 NMR restraints: Bond =    0.000   Angle =     0.000   Torsion =     0.250
===============================================================================
| RE_POSITION Moving by  -2.214408  6.880859 -5.120725

 NSTEP =   310000   TIME(PS) =    2620.000  TEMP(K) =   322.63  PRESS =     0.0
 Etot   =        15.6337  EKtot   =        25.3247  EPtot      =        -9.6911
 BOND   =         7.4575  ANGLE   =        14.9301  DIHED      =        21.5611
 1-4 NB =         3.4716  1-4 EEL =       116.9015  VDWAALS    =        -3.5778
 EELEC  =      -146.9426  EGB     =       -25.8320  RESTRAINT  =         0.3420
 ESURF=         1.9976
 EAMBER (non-restraint)  =       -10.0330
 ------------------------------------------------------------------------------

 NMR restraints: Bond =    0.000   Angle =     0.000   Torsion =     0.342
===============================================================================

 NSTEP =   315000   TIME(PS) =    2630.000  TEMP(K) =   428.38  PRESS =     0.0
 Etot   =        24.9037  EKtot   =        33.6255  EPtot      =        -8.7218
 BOND   =         4.3078  ANGLE   =        14.1391  DIHED      =        23.4832
 1-4 NB =         4.7187  1-4 EEL =       121.4558  VDWAALS    =        -2.8717
 EELEC  =      -151.7490  EGB     =       -24.2341  RESTRAINT  =         0.0634
 ESURF=         1.9651
 EAMBER (non-restraint)  =        -8.7851
 ------------------------------------------------------------------------------

 NMR restraints: Bond =    0.000   Angle =     0.000   Torsion =     0.063
===============================================================================
| RE_POSITION Moving by   1.541622 -3.119846 -0.828243

 NSTEP =   320000   TIME(PS) =    2640.000  TEMP(K) =   278.13  PRESS =     0.0
 Etot   =        11.9199  EKtot   =        21.8313  EPtot      =        -9.9114
 BOND   =         9.3772  ANGLE   =        12.0308  DIHED      =        21.6635
 1-4 NB =         3.3609  1-4 EEL =       117.5240  VDWAALS    =        -4.6882
 EELEC  =      -142.6118  EGB     =       -28.5533  RESTRAINT  =         0.0267
 ESURF=         1.9588
 EAMBER (non-restraint)  =        -9.9381
 ------------------------------------------------------------------------------

 NMR restraints: Bond =    0.000   Angle =     0.000   Torsion =     0.027
===============================================================================

 NSTEP =   325000   TIME(PS) =    2650.000  TEMP(K) =   288.43  PRESS =     0.0
 Etot   =        13.7209  EKtot   =        22.6401  EPtot      =        -8.9193
 BOND   =         3.0343  ANGLE   =        13.5520  DIHED      =        23.2413
 1-4 NB =         6.9164  1-4 EEL =       125.3000  VDWAALS    =        -3.9522
 EELEC  =      -153.9350  EGB     =       -25.9668  RESTRAINT  =         0.9500
 ESURF=         1.9407
 EAMBER (non-restraint)  =        -9.8692
 ------------------------------------------------------------------------------

 NMR restraints: Bond =    0.000   Angle =     0.000   Torsion =     0.950
===============================================================================
| RE_POSITION Moving by  -0.217286-10.442250 -6.059010

 NSTEP =   330000   TIME(PS) =    2660.000  TEMP(K) =   254.16  PRESS =     0.0
 Etot   =        16.7642  EKtot   =        19.9500  EPtot      =        -3.1858
 BOND   =         5.1282  ANGLE   =        19.9431  DIHED      =        22.2680
 1-4 NB =         5.6754  1-4 EEL =       118.3156  VDWAALS    =        -3.7830
 EELEC  =      -148.7091  EGB     =       -24.0068  RESTRAINT  =         0.0323
 ESURF=         1.9505
 EAMBER (non-restraint)  =        -3.2180
 ------------------------------------------------------------------------------

 NMR restraints: Bond =    0.000   Angle =     0.000   Torsion =     0.032
===============================================================================

 NSTEP =   335000   TIME(PS) =    2670.000  TEMP(K) =   270.05  PRESS =     0.0
 Etot   =        14.5739  EKtot   =        21.1972  EPtot      =        -6.6233
 BOND   =         8.2675  ANGLE   =        13.5211  DIHED      =        22.5133
 1-4 NB =         5.7885  1-4 EEL =       119.2947  VDWAALS    =        -4.4853
 EELEC  =      -147.7529  EGB     =       -25.7828  RESTRAINT  =         0.0960
 ESURF=         1.9164
 EAMBER (non-restraint)  =        -6.7194
 ------------------------------------------------------------------------------

 NMR restraints: Bond =    0.000   Angle =     0.000   Torsion =     0.096
===============================================================================
| RE_POSITION Moving by -13.164051 -0.666370  4.821386

 NSTEP =   340000   TIME(PS) =    2680.000  TEMP(K) =   308.60  PRESS =     0.0
 Etot   =        12.9799  EKtot   =        24.2232  EPtot      =       -11.2433
 BOND   =         4.8669  ANGLE   =        15.5334  DIHED      =        21.7094
 1-4 NB =         3.8743  1-4 EEL =       119.7731  VDWAALS    =        -4.0757
 EELEC  =      -151.0886  EGB     =       -24.2663  RESTRAINT  =         0.4646
 ESURF=         1.9656
 EAMBER (non-restraint)  =       -11.7079
 ------------------------------------------------------------------------------

 NMR restraints: Bond =    0.000   Angle =     0.000   Torsion =     0.465
===============================================================================

 NSTEP =   345000   TIME(PS) =    2690.000  TEMP(K) =   267.09  PRESS =     0.0
 Etot   =        12.6408  EKtot   =        20.9649  EPtot      =        -8.3241
 BOND   =         9.7029  ANGLE   =        13.2641  DIHED      =        22.7963
 1-4 NB =         2.5387  1-4 EEL =       116.9033  VDWAALS    =        -2.7879
 EELEC  =      -147.6239  EGB     =       -25.3520  RESTRAINT  =         0.2639
 ESURF=         1.9704
 EAMBER (non-restraint)  =        -8.5880
 ------------------------------------------------------------------------------

 NMR restraints: Bond =    0.000   Angle =     0.000   Torsion =     0.264
===============================================================================
| RE_POSITION Moving by   7.506645  3.314368  7.238010

 NSTEP =   350000   TIME(PS) =    2700.000  TEMP(K) =   282.57  PRESS =     0.0
 Etot   =        16.6989  EKtot   =        22.1800  EPtot      =        -5.4811
 BOND   =         7.2060  ANGLE   =        13.8131  DIHED      =        23.7710
 1-4 NB =         4.6558  1-4 EEL =       117.7632  VDWAALS    =        -3.4069
 EELEC  =      -149.9910  EGB     =       -22.0385  RESTRAINT  =         0.7581
 ESURF=         1.9882
 EAMBER (non-restraint)  =        -6.2392
 ------------------------------------------------------------------------------

 NMR restraints: Bond =    0.000   Angle =     0.000   Torsion =     0.758
===============================================================================

 NSTEP =   355000   TIME(PS) =    2710.000  TEMP(K) =   297.76  PRESS =     0.0
 Etot   =        12.8354  EKtot   =        23.3726  EPtot      =       -10.5373
 BOND   =         8.2130  ANGLE   =        15.0305  DIHED      =        20.9728
 1-4 NB =         3.3888  1-4 EEL =       114.0944  VDWAALS    =        -3.2659
 EELEC  =      -146.9923  EGB     =       -23.9904  RESTRAINT  =         0.0366
 ESURF=         1.9753
 EAMBER (non-restraint)  =       -10.5739
 ------------------------------------------------------------------------------

 NMR restraints: Bond =    0.000   Angle =     0.000   Torsion =     0.037
===============================================================================
| RE_POSITION Moving by  -6.070101 -4.645177 -1.271781

 NSTEP =   360000   TIME(PS) =    2720.000  TEMP(K) =   376.01  PRESS =     0.0
 Etot   =        16.4387  EKtot   =        29.5144  EPtot      =       -13.0757
 BOND   =         6.6830  ANGLE   =        14.1608  DIHED      =        19.2260
 1-4 NB =         4.6998  1-4 EEL =       120.1366  VDWAALS    =        -4.0306
 EELEC  =      -151.0349  EGB     =       -24.8985  RESTRAINT  =         0.0064
 ESURF=         1.9755
 EAMBER (non-restraint)  =       -13.0822
 ------------------------------------------------------------------------------

 NMR restraints: Bond =    0.000   Angle =     0.000   Torsion =     0.006
===============================================================================

 NSTEP =   365000   TIME(PS) =    2730.000  TEMP(K) =   311.30  PRESS =     0.0
 Etot   =         7.7645  EKtot   =        24.4355  EPtot      =       -16.6710
 BOND   =         6.2531  ANGLE   =         9.9285  DIHED      =        19.2715
 1-4 NB =         4.5113  1-4 EEL =       120.3860  VDWAALS    =        -3.3915
 EELEC  =      -151.0914  EGB     =       -24.8948  RESTRAINT  =         0.4083
 ESURF=         1.9480
 EAMBER (non-restraint)  =       -17.0793
 ------------------------------------------------------------------------------

 NMR restraints: Bond =    0.000   Angle =     0.000   Torsion =     0.408
===============================================================================
| RE_POSITION Moving by   2.403250 -7.445494  2.810549

 NSTEP =   370000   TIME(PS) =    2740.000  TEMP(K) =   236.48  PRESS =     0.0
 Etot   =        11.2778  EKtot   =        18.5619  EPtot      =        -7.2841
 BOND   =         5.7534  ANGLE   =        12.0685  DIHED      =        22.1880
 1-4 NB =         7.1563  1-4 EEL =       122.9626  VDWAALS    =        -3.6574
 EELEC  =      -154.9167  EGB     =       -21.0294  RESTRAINT  =         0.2197
 ESURF=         1.9707
 EAMBER (non-restraint)  =        -7.5039
 ------------------------------------------------------------------------------

 NMR restraints: Bond =    0.000   Angle =     0.000   Torsion =     0.220
===============================================================================

 NSTEP =   375000   TIME(PS) =    2750.000  TEMP(K) =   250.92  PRESS =     0.0
 Etot   =        13.4457  EKtot   =        19.6961  EPtot      =        -6.2504
 BOND   =         3.2792  ANGLE   =        20.2802  DIHED      =        21.9498
 1-4 NB =         5.3749  1-4 EEL =       117.8019  VDWAALS    =        -1.9803
 EELEC  =      -152.1662  EGB     =       -22.8557  RESTRAINT  =         0.1193
 ESURF=         1.9465
 EAMBER (non-restraint)  =        -6.3696
 ------------------------------------------------------------------------------

 NMR restraints: Bond =    0.000   Angle =     0.000   Torsion =     0.119
===============================================================================
| RE_POSITION Moving by  -5.207770  2.121930  1.720099

 NSTEP =   380000   TIME(PS) =    2760.000  TEMP(K) =   339.66  PRESS =     0.0
 Etot   =        21.2478  EKtot   =        26.6612  EPtot      =        -5.4133
 BOND   =         7.4419  ANGLE   =        16.7008  DIHED      =        21.1794
 1-4 NB =         5.3864  1-4 EEL =       117.9921  VDWAALS    =        -3.3788
 EELEC  =      -150.6392  EGB     =       -22.3962  RESTRAINT  =         0.2884
 ESURF=         2.0118
 EAMBER (non-restraint)  =        -5.7017
 ------------------------------------------------------------------------------

 NMR restraints: Bond =    0.000   Angle =     0.000   Torsion =     0.288
===============================================================================

 NSTEP =   385000   TIME(PS) =    2770.000  TEMP(K) =   289.38  PRESS =     0.0
 Etot   =        10.3975  EKtot   =        22.7146  EPtot      =       -12.3171
 BOND   =         3.4977  ANGLE   =        15.0237  DIHED      =        22.9975
 1-4 NB =         3.8976  1-4 EEL =       119.7364  VDWAALS    =        -3.9692
 EELEC  =      -151.4541  EGB     =       -24.0590  RESTRAINT  =         0.0757
 ESURF=         1.9365
 EAMBER (non-restraint)  =       -12.3928
 ------------------------------------------------------------------------------

 NMR restraints: Bond =    0.000   Angle =     0.000   Torsion =     0.076
===============================================================================
| RE_POSITION Moving by   4.114420  0.244945 -1.015241

 NSTEP =   390000   TIME(PS) =    2780.000  TEMP(K) =   304.67  PRESS =     0.0
 Etot   =        23.2392  EKtot   =        23.9148  EPtot      =        -0.6756
 BOND   =         6.3470  ANGLE   =        21.7425  DIHED      =        21.1520
 1-4 NB =         5.5844  1-4 EEL =       116.7926  VDWAALS    =        -3.2036
 EELEC  =      -147.5667  EGB     =       -24.0410  RESTRAINT  =         0.5312
 ESURF=         1.9860
 EAMBER (non-restraint)  =        -1.2068
 ------------------------------------------------------------------------------

 NMR restraints: Bond =    0.000   Angle =     0.000   Torsion =     0.531
===============================================================================

 NSTEP =   395000   TIME(PS) =    2790.000  TEMP(K) =   373.63  PRESS =     0.0
 Etot   =        18.6245  EKtot   =        29.3275  EPtot      =       -10.7031
 BOND   =         5.3331  ANGLE   =        16.4958  DIHED      =        20.9020
 1-4 NB =         3.8654  1-4 EEL =       118.2401  VDWAALS    =        -3.3040
 EELEC  =      -149.0940  EGB     =       -25.4142  RESTRAINT  =         0.2637
 ESURF=         2.0090
 EAMBER (non-restraint)  =       -10.9668
 ------------------------------------------------------------------------------

 NMR restraints: Bond =    0.000   Angle =     0.000   Torsion =     0.264
===============================================================================
| RE_POSITION Moving by   2.626525 -1.123944  0.415005

 NSTEP =   400000   TIME(PS) =    2800.000  TEMP(K) =   319.30  PRESS =     0.0
 Etot   =        13.1603  EKtot   =        25.0634  EPtot      =       -11.9030
 BOND   =         4.8151  ANGLE   =        12.0844  DIHED      =        23.2855
 1-4 NB =         3.4193  1-4 EEL =       114.6793  VDWAALS    =        -2.7403
 EELEC  =      -145.2915  EGB     =       -25.1971  RESTRAINT  =         0.9916
 ESURF=         2.0507
 EAMBER (non-restraint)  =       -12.8946
 ------------------------------------------------------------------------------

 NMR restraints: Bond =    0.000   Angle =     0.000   Torsion =     0.992
===============================================================================

 NSTEP =   405000   TIME(PS) =    2810.000  TEMP(K) =   262.54  PRESS =     0.0
 Etot   =        16.1245  EKtot   =        20.6081  EPtot      =        -4.4836
 BOND   =         8.6023  ANGLE   =        17.6953  DIHED      =        22.1105
 1-4 NB =         4.4767  1-4 EEL =       119.6058  VDWAALS    =        -3.5102
 EELEC  =      -147.1514  EGB     =       -28.2619  RESTRAINT  =         0.0048
 ESURF=         1.9445
 EAMBER (non-restraint)  =        -4.4884
 ------------------------------------------------------------------------------

 NMR restraints: Bond =    0.000   Angle =     0.000   Torsion =     0.005
===============================================================================
| RE_POSITION Moving by  -4.508667 -0.946603 -0.411720

 NSTEP =   410000   TIME(PS) =    2820.000  TEMP(K) =   361.41  PRESS =     0.0
 Etot   =        25.1427  EKtot   =        28.3689  EPtot      =        -3.2262
 BOND   =         5.1839  ANGLE   =        19.1880  DIHED      =        23.1723
 1-4 NB =         4.3656  1-4 EEL =       119.2763  VDWAALS    =        -4.2066
 EELEC  =      -144.7262  EGB     =       -28.5409  RESTRAINT  =         1.1262
 ESURF=         1.9351
 EAMBER (non-restraint)  =        -4.3524
 ------------------------------------------------------------------------------

 NMR restraints: Bond =    0.000   Angle =     0.000   Torsion =     1.126
===============================================================================

 NSTEP =   415000   TIME(PS) =    2830.000  TEMP(K) =   268.30  PRESS =     0.0
 Etot   =         9.9241  EKtot   =        21.0596  EPtot      =       -11.1355
 BOND   =         6.8217  ANGLE   =        11.0538  DIHED      =        20.4075
 1-4 NB =         4.8423  1-4 EEL =       115.9935  VDWAALS    =        -2.9248
 EELEC  =      -144.6790  EGB     =       -24.7237  RESTRAINT  =         0.1202
 ESURF=         1.9528
 EAMBER (non-restraint)  =       -11.2558
 ------------------------------------------------------------------------------

 NMR restraints: Bond =    0.000   Angle =     0.000   Torsion =     0.120
===============================================================================
| RE_POSITION Moving by   6.834077-12.545780 -6.380507

 NSTEP =   420000   TIME(PS) =    2840.000  TEMP(K) =   351.74  PRESS =     0.0
 Etot   =        21.5407  EKtot   =        27.6098  EPtot      =        -6.0691
 BOND   =         5.9549  ANGLE   =        16.8620  DIHED      =        23.2777
 1-4 NB =         4.0493  1-4 EEL =       114.9841  VDWAALS    =        -4.3372
 EELEC  =      -140.5320  EGB     =       -28.3682  RESTRAINT  =         0.0948
 ESURF=         1.9455
 EAMBER (non-restraint)  =        -6.1639
 ------------------------------------------------------------------------------

 NMR restraints: Bond =    0.000   Angle =     0.000   Torsion =     0.095
===============================================================================

 NSTEP =   425000   TIME(PS) =    2850.000  TEMP(K) =   327.13  PRESS =     0.0
 Etot   =        18.5076  EKtot   =        25.6780  EPtot      =        -7.1705
 BOND   =         6.6261  ANGLE   =        16.3881  DIHED      =        20.7397
 1-4 NB =         4.6488  1-4 EEL =       116.8500  VDWAALS    =        -3.7430
 EELEC  =      -143.1541  EGB     =       -28.2401  RESTRAINT  =         0.7253
 ESURF=         1.9887
 EAMBER (non-restraint)  =        -7.8958
 ------------------------------------------------------------------------------

 NMR restraints: Bond =    0.000   Angle =     0.000   Torsion =     0.725
===============================================================================
| RE_POSITION Moving by  -5.132748 -2.872411  4.841939

 NSTEP =   430000   TIME(PS) =    2860.000  TEMP(K) =   288.56  PRESS =     0.0
 Etot   =        15.7176  EKtot   =        22.6501  EPtot      =        -6.9326
 BOND   =         4.5597  ANGLE   =        15.8397  DIHED      =        22.7500
 1-4 NB =         6.3619  1-4 EEL =       119.3539  VDWAALS    =        -0.7326
 EELEC  =      -155.8273  EGB     =       -22.2615  RESTRAINT  =         1.0862
 ESURF=         1.9373
 EAMBER (non-restraint)  =        -8.0187
 ------------------------------------------------------------------------------

 NMR restraints: Bond =    0.000   Angle =     0.000   Torsion =     1.086
===============================================================================

 NSTEP =   435000   TIME(PS) =    2870.000  TEMP(K) =   267.27  PRESS =     0.0
 Etot   =        12.7940  EKtot   =        20.9793  EPtot      =        -8.1853
 BOND   =         5.5397  ANGLE   =        16.5977  DIHED      =        21.0475
 1-4 NB =         4.7875  1-4 EEL =       117.0513  VDWAALS    =        -3.2706
 EELEC  =      -148.4992  EGB     =       -23.4835  RESTRAINT  =         0.0789
 ESURF=         1.9654
 EAMBER (non-restraint)  =        -8.2643
 ------------------------------------------------------------------------------

 NMR restraints: Bond =    0.000   Angle =     0.000   Torsion =     0.079
===============================================================================
| RE_POSITION Moving by   0.871177  5.177904 -0.214044

 NSTEP =   440000   TIME(PS) =    2880.000  TEMP(K) =   324.82  PRESS =     0.0
 Etot   =        15.1401  EKtot   =        25.4962  EPtot      =       -10.3561
 BOND   =         5.0575  ANGLE   =        12.2673  DIHED      =        24.5372
 1-4 NB =         6.2605  1-4 EEL =       114.8587  VDWAALS    =        -4.4895
 EELEC  =      -146.0508  EGB     =       -24.8810  RESTRAINT  =         0.1686
 ESURF=         1.9152
 EAMBER (non-restraint)  =       -10.5247
 ------------------------------------------------------------------------------

 NMR restraints: Bond =    0.000   Angle =     0.000   Torsion =     0.169
===============================================================================

 NSTEP =   445000   TIME(PS) =    2890.000  TEMP(K) =   216.12  PRESS =     0.0
 Etot   =        10.7624  EKtot   =        16.9640  EPtot      =        -6.2016
 BOND   =         5.5488  ANGLE   =        14.8813  DIHED      =        23.7501
 1-4 NB =         4.2229  1-4 EEL =       121.7882  VDWAALS    =        -4.6438
 EELEC  =      -151.3704  EGB     =       -23.3691  RESTRAINT  =         1.1180
 ESURF=         1.8722
 EAMBER (non-restraint)  =        -7.3197
 ------------------------------------------------------------------------------

 NMR restraints: Bond =    0.000   Angle =     0.000   Torsion =     1.118
===============================================================================
| RE_POSITION Moving by  -0.762566  7.227079 -1.295167

 NSTEP =   450000   TIME(PS) =    2900.000  TEMP(K) =   273.99  PRESS =     0.0
 Etot   =         7.9246  EKtot   =        21.5066  EPtot      =       -13.5821
 BOND   =         3.8562  ANGLE   =         9.1511  DIHED      =        22.4076
 1-4 NB =         6.3276  1-4 EEL =       119.1758  VDWAALS    =        -3.4993
 EELEC  =      -149.6035  EGB     =       -24.8374  RESTRAINT  =         1.5248
 ESURF=         1.9150
 EAMBER (non-restraint)  =       -15.1069
 ------------------------------------------------------------------------------

 NMR restraints: Bond =    0.000   Angle =     0.000   Torsion =     1.525
===============================================================================

 NSTEP =   455000   TIME(PS) =    2910.000  TEMP(K) =   302.34  PRESS =     0.0
 Etot   =        16.4993  EKtot   =        23.7316  EPtot      =        -7.2322
 BOND   =         4.2995  ANGLE   =        15.5261  DIHED      =        23.7403
 1-4 NB =         6.3539  1-4 EEL =       118.1605  VDWAALS    =        -3.5820
 EELEC  =      -151.6592  EGB     =       -21.9766  RESTRAINT  =         0.0059
 ESURF=         1.8993
 EAMBER (non-restraint)  =        -7.2381
 ------------------------------------------------------------------------------

 NMR restraints: Bond =    0.000   Angle =     0.000   Torsion =     0.006
===============================================================================
| RE_POSITION Moving by   5.333901  7.543948  1.038249

 NSTEP =   460000   TIME(PS) =    2920.000  TEMP(K) =   262.48  PRESS =     0.0
 Etot   =         8.4528  EKtot   =        20.6029  EPtot      =       -12.1501
 BOND   =         7.0905  ANGLE   =        13.2149  DIHED      =        20.2067
 1-4 NB =         4.9530  1-4 EEL =       115.5654  VDWAALS    =        -4.7799
 EELEC  =      -146.5505  EGB     =       -23.9311  RESTRAINT  =         0.1764
 ESURF=         1.9047
 EAMBER (non-restraint)  =       -12.3265
 ------------------------------------------------------------------------------

 NMR restraints: Bond =    0.000   Angle =     0.000   Torsion =     0.176
===============================================================================

 NSTEP =   465000   TIME(PS) =    2930.000  TEMP(K) =   290.95  PRESS =     0.0
 Etot   =         9.6747  EKtot   =        22.8381  EPtot      =       -13.1635
 BOND   =         4.8381  ANGLE   =        13.7261  DIHED      =        21.6070
 1-4 NB =         4.5995  1-4 EEL =       115.2220  VDWAALS    =        -2.4636
 EELEC  =      -152.1482  EGB     =       -21.2580  RESTRAINT  =         0.8497
 ESURF=         1.8639
 EAMBER (non-restraint)  =       -14.0131
 ------------------------------------------------------------------------------

 NMR restraints: Bond =    0.000   Angle =     0.000   Torsion =     0.850
===============================================================================
| RE_POSITION Moving by  -4.013314 -5.132465  5.109354

 NSTEP =   470000   TIME(PS) =    2940.000  TEMP(K) =   387.03  PRESS =     0.0
 Etot   =        22.2373  EKtot   =        30.3797  EPtot      =        -8.1424
 BOND   =         5.2039  ANGLE   =        16.0399  DIHED      =        23.2014
 1-4 NB =         5.0178  1-4 EEL =       115.0871  VDWAALS    =        -4.3922
 EELEC  =      -143.3899  EGB     =       -27.1908  RESTRAINT  =         0.4189
 ESURF=         1.8614
 EAMBER (non-restraint)  =        -8.5613
 ------------------------------------------------------------------------------

 NMR restraints: Bond =    0.000   Angle =     0.000   Torsion =     0.419
===============================================================================

 NSTEP =   475000   TIME(PS) =    2950.000  TEMP(K) =   271.42  PRESS =     0.0
 Etot   =        11.0003  EKtot   =        21.3051  EPtot      =       -10.3048
 BOND   =         5.7041  ANGLE   =        18.6106  DIHED      =        19.3908
 1-4 NB =         5.4014  1-4 EEL =       113.0821  VDWAALS    =        -4.0104
 EELEC  =      -146.3564  EGB     =       -24.1657  RESTRAINT  =         0.1766
 ESURF=         1.8621
 EAMBER (non-restraint)  =       -10.4814
 ------------------------------------------------------------------------------

 NMR restraints: Bond =    0.000   Angle =     0.000   Torsion =     0.177
===============================================================================
| RE_POSITION Moving by   5.285994 -1.016922  5.557453

 NSTEP =   480000   TIME(PS) =    2960.000  TEMP(K) =   341.71  PRESS =     0.0
 Etot   =        28.5068  EKtot   =        26.8219  EPtot      =         1.6849
 BOND   =         7.3687  ANGLE   =        23.7686  DIHED      =        22.3000
 1-4 NB =         4.5278  1-4 EEL =       115.9497  VDWAALS    =        -3.8924
 EELEC  =      -146.3890  EGB     =       -24.1934  RESTRAINT  =         0.3161
 ESURF=         1.9288
 EAMBER (non-restraint)  =         1.3689
 ------------------------------------------------------------------------------

 NMR restraints: Bond =    0.000   Angle =     0.000   Torsion =     0.316
===============================================================================

 NSTEP =   485000   TIME(PS) =    2970.000  TEMP(K) =   275.60  PRESS =     0.0
 Etot   =         7.6671  EKtot   =        21.6329  EPtot      =       -13.9658
 BOND   =         7.0099  ANGLE   =        12.5522  DIHED      =        20.0879
 1-4 NB =         3.5680  1-4 EEL =       115.1894  VDWAALS    =        -3.2847
 EELEC  =      -147.9279  EGB     =       -23.4289  RESTRAINT  =         0.2907
 ESURF=         1.9776
 EAMBER (non-restraint)  =       -14.2564
 ------------------------------------------------------------------------------

 NMR restraints: Bond =    0.000   Angle =     0.000   Torsion =     0.291
===============================================================================
| RE_POSITION Moving by   0.043138  9.591085 -2.106753

 NSTEP =   490000   TIME(PS) =    2980.000  TEMP(K) =   334.70  PRESS =     0.0
 Etot   =        11.5963  EKtot   =        26.2719  EPtot      =       -14.6755
 BOND   =         4.4480  ANGLE   =         9.8120  DIHED      =        21.3754
 1-4 NB =         5.5166  1-4 EEL =       123.0209  VDWAALS    =        -3.9715
 EELEC  =      -154.9789  EGB     =       -22.5500  RESTRAINT  =         0.6843
 ESURF=         1.9677
 EAMBER (non-restraint)  =       -15.3598
 ------------------------------------------------------------------------------

 NMR restraints: Bond =    0.000   Angle =     0.000   Torsion =     0.684
===============================================================================

 NSTEP =   495000   TIME(PS) =    2990.000  TEMP(K) =   284.83  PRESS =     0.0
 Etot   =        14.3882  EKtot   =        22.3573  EPtot      =        -7.9692
 BOND   =         6.4924  ANGLE   =        14.6315  DIHED      =        22.4969
 1-4 NB =         5.1536  1-4 EEL =       123.6055  VDWAALS    =        -3.1288
 EELEC  =      -155.8979  EGB     =       -23.3050  RESTRAINT  =         0.0077
 ESURF=         1.9749
 EAMBER (non-restraint)  =        -7.9769
 ------------------------------------------------------------------------------

 NMR restraints: Bond =    0.000   Angle =     0.000   Torsion =     0.008
===============================================================================
| RE_POSITION Moving by   4.327396  2.976117 11.719447

 NSTEP =   500000   TIME(PS) =    3000.000  TEMP(K) =   281.81  PRESS =     0.0
 Etot   =         8.4498  EKtot   =        22.1208  EPtot      =       -13.6710
 BOND   =         3.9164  ANGLE   =        11.4829  DIHED      =        20.8012
 1-4 NB =         4.8291  1-4 EEL =       119.3743  VDWAALS    =        -2.9831
 EELEC  =      -148.7134  EGB     =       -24.4004  RESTRAINT  =         0.0007
 ESURF=         2.0212
 EAMBER (non-restraint)  =       -13.6717
 ------------------------------------------------------------------------------

 NMR restraints: Bond =    0.000   Angle =     0.000   Torsion =     0.001
===============================================================================

      A V E R A G E S   O V E R  500000 S T E P S


 NSTEP =   500000   TIME(PS) =    3000.000  TEMP(K) =   299.73  PRESS =     0.0
 Etot   =        13.3980  EKtot   =        23.5267  EPtot      =       -10.1287
 BOND   =         5.3856  ANGLE   =        14.3550  DIHED      =        21.5478
 1-4 NB =         5.2564  1-4 EEL =       117.2682  VDWAALS    =        -3.5440
 EELEC  =      -148.6270  EGB     =       -24.1118  RESTRAINT  =         0.3962
 ESURF=         1.9450
 EAMBER (non-restraint)  =       -10.5249
 ------------------------------------------------------------------------------

 NMR restraints: Bond =    0.000   Angle =     0.000   Torsion =     0.001
===============================================================================

      R M S  F L U C T U A T I O N S


 NSTEP =   500000   TIME(PS) =    3000.000  TEMP(K) =    47.54  PRESS =     0.0
 Etot   =         5.3386  EKtot   =         3.7320  EPtot      =         3.8153
 BOND   =         1.9748  ANGLE   =         3.0919  DIHED      =         1.6508
 1-4 NB =         1.0028  1-4 EEL =         3.2371  VDWAALS    =         0.7641
 EELEC  =         3.6362  EGB     =         2.0691  RESTRAINT  =         0.5416
 ESURF=         0.0438
 EAMBER (non-restraint)  =         3.2737
 ------------------------------------------------------------------------------


 NMR restraints on final step:


--------------------------------------------------------------------------------
   5.  TIMINGS
--------------------------------------------------------------------------------

|>>>>>>>>PROFILE of Average TIMES>>>>>>>>> 
|                Calc gb radii             27.94 ( 8.01% of Gen B)
|                Communicate gb radii     220.52 (63.21% of Gen B)
|                Calc gb diag              39.28 (11.26% of Gen B)
|                Calc gb off-diag          25.64 ( 7.35% of Gen B)
|                Surface area energy       34.83 ( 9.98% of Gen B)
|                Other                      0.66 ( 0.19% of Gen B)
|             Gen Born time            348.86 (100.0% of Nonbo)
|             IPS excludes               0.09 ( 0.02% of Nonbo)
|          Nonbond force            348.95 (29.21% of Force)
|          Bond/Angle/Dihedral       12.35 ( 1.03% of Force)
|          FRC Collect time         602.87 (50.47% of Force)
|          Other                    230.40 (19.29% of Force)
|       Force time              1194.57 (78.12% of Runmd)
|       Shake time                 1.69 ( 0.11% of Runmd)
|       Verlet update time       262.82 (17.19% of Runmd)
|       CRD distribute time       69.01 ( 4.51% of Runmd)
|       Other                      1.09 ( 0.07% of Runmd)
|    Runmd Time              1529.19 (100.0% of Total)
|    Other                      0.21 ( 0.01% of Total)
| Total time              1529.40 (100.0% of ALL  )

| Number of list builds   :          0

| Highest rstack allocated:          0
| Highest istack allocated:          0

| Final Performance Info:
| -----------------------------------------------------
| Average timings for all steps:
|     Elapsed(s) =    1529.19 Per Step(ms) =       3.06
|         ns/day =      56.50   seconds/ns =    1529.19
| -----------------------------------------------------

|           Job began  at 20:31:41.689  on 04/27/2013
|           Setup done at 20:31:41.903  on 04/27/2013
|           Run   done at 20:57:11.094  on 04/27/2013
|     wallclock() was called18500113 times
