
          -------------------------------------------------------
          Amber 12 SANDER                              2012
          -------------------------------------------------------

| Run on 04/27/2013 at 20:31:41
  [-O]verwriting output

File Assignments:
|  MDIN: run_9.in                                                              
| MDOUT: run_9.out                                                             
|INPCRD: ../eq2/run_9.rst                                                      
|  PARM: parm                                                                  
|RESTRT: run_9.rst                                                             
|  REFC: refc                                                                  
| MDVEL: mdvel                                                                 
|  MDEN: mden                                                                  
| MDCRD: run_9.nc                                                              
|MDINFO: mdinfo                                                                
|  MTMD: mtmd                                                                  
|INPDIP: inpdip                                                                
|RSTDIP: rstdip                                                                

|INPTRA: inptraj                                                               
|
 
 Here is the input file:
 
equilibration with restraint                                                   
 &cntrl                                                                        
   ig=979154,                                                                  
   irest=1, ntx=5,                                                             
   igb=8, gbsa=1,                                                              
   cut=9999.0, rgbmax=9998.0,                                                  
   ntc=2, ntf=1, tol=0.000001,                                                 
   ntt=3, gamma_ln=2.0, tempi=0.1,                                             
   ntb=0, nscm=10000,                                                          
   ioutfm=1,                                                                   
   nstlim=500000, dt=0.002,                                                    
   ntpr=5000, ntwx=5000, ntwv=0, ntwr=500000,                                  
   nmropt=1,                                                                   
 /                                                                             
 &wt                                                                           
  type='DUMPFREQ', istep1=5000,                                                
 /                                                                             
 &wt                                                                           
  type='END',                                                                  
 /                                                                             
DISANG=run_9.disang                                                            
DUMPAVE=run_9.dat                                                              
                                                                               

--------------------------------------------------------------------------------
   1.  RESOURCE   USE: 
--------------------------------------------------------------------------------

| Flags: MPI                                                                    
| New format PARM file being parsed.
| Version =    1.000 Date = 04/27/13 Time = 01:42:54
 NATOM  =      32 NTYPES =       7 NBONH =      17 MBONA  =      14
 NTHETH =      36 MTHETA =      18 NPHIH =      64 MPHIA  =      45
 NHPARM =       0 NPARM  =       0 NNB   =     152 NRES   =       4
 NBONA  =      14 NTHETA =      18 NPHIA =      45 NUMBND =      11
 NUMANG =      21 NPTRA  =      20 NATYP =       8 NPHB   =       0
 IFBOX  =       0 NMXRS  =      10 IFCAP =       0 NEXTRA =       0
 NCOPY  =       0

 Implicit solvent radii are ArgH and AspGluO modified Bondi2 radii (mbondi3)                                
 Replacing prmtop screening parameters with GBn2 (igb=8) values

|     Memory Use     Allocated
|     Real                2310
|     Hollerith            102
|     Integer            23012
|     Max Pairs              1
|     nblistReal             0
|     nblist Int             0
|       Total              108 kbytes

| Note: 1-4 EEL scale factors are being read from the topology file.

| Note: 1-4 VDW scale factors are being read from the topology file.
| Duplicated    0 dihedrals
| Duplicated    0 dihedrals

--------------------------------------------------------------------------------
   2.  CONTROL  DATA  FOR  THE  RUN
--------------------------------------------------------------------------------

ACE                                                                             

General flags:
     imin    =       0, nmropt  =       1

Nature and format of input:
     ntx     =       5, irest   =       1, ntrx    =       1

Nature and format of output:
     ntxo    =       1, ntpr    =    5000, ntrx    =       1, ntwr    =  500000
     iwrap   =       0, ntwx    =    5000, ntwv    =       0, ntwe    =       0
     ioutfm  =       1, ntwprt  =       0, idecomp =       0, rbornstat=      0

Potential function:
     ntf     =       1, ntb     =       0, igb     =       8, nsnb    =      25
     ipol    =       0, gbsa    =       1, iesp    =       0
     dielc   =   1.00000, cut     =9999.00000, intdiel =   1.00000
     saltcon =   0.00000, offset  =   0.19514, surften =   0.00500
     rdt     =   0.00000, rgbmax  =9998.00000  extdiel =  78.50000
     alpb  =        0
     gbalphaH  =   0.78844, gbbetaH   =   0.79870,  gbgammaH  =    0.43733
     gbalphaC  =   0.73376, gbbetaC   =   0.50638,  gbgammaC  =    0.20584
     gbalphaN  =   0.50336, gbbetaN   =   0.31683,  gbgammaN  =    0.19292
     gbalphaOS =   0.86781, gbbetaOS  =   0.87664,  gbgammaOS =    0.38788
     gbalphaP  =   1.00000, gbbetaP   =   0.80000,  gbgammaP  =    4.85100

Frozen or restrained atoms:
     ibelly  =       0, ntr     =       0

Molecular dynamics:
     nstlim  =    500000, nscm    =     10000, nrespa  =         1
     t       =   0.00000, dt      =   0.00200, vlimit  =  20.00000

Langevin dynamics temperature regulation:
     ig      =  979154
     temp0   = 300.00000, tempi   =   0.10000, gamma_ln=   2.00000

SHAKE:
     ntc     =       2, jfastw  =       0
     tol     =   0.00000

NMR refinement options:
     iscale  =       0, noeskp  =       1, ipnlty  =       1, mxsub   =       1
     scalm   = 100.00000, pencut  =   0.10000, tausw   =   0.10000

| MPI Timing options:
|      profile_mpi =        0
|  INFO: Old style inpcrd file read


--------------------------------------------------------------------------------
   3.  ATOMIC COORDINATES AND VELOCITIES
--------------------------------------------------------------------------------

ACE                                                                             
 begin time read from input coords =  2000.000 ps



           Begin reading energy term weight changes/NMR restraints
 WEIGHT CHANGES:
 DUMPFREQ   5000      0    0.000000    0.000000      0      0
                         ** No weight changes given **

 RESTRAINTS:
 Requested file redirections:
  DISANG    = run_9.disang
  DUMPAVE   = run_9.dat
 Restraints will be read from file: run_9.disang
Here are comments from the DISANG input file:

                       Number of restraints read =     1

                  Done reading weight changes/NMR restraints


 Number of triangulated 3-point waters found:        0
|  Atom division among processors:
|         0      16      32
|  Running AMBER/MPI version on    2 nodes


--------------------------------------------------------------------------------
   4.  RESULTS
--------------------------------------------------------------------------------

|  # of SOLUTE  degrees of freedom (RNDFP):      79.
|  # of SOLVENT degrees of freedom (RNDFS):       0.
|  NDFMIN =      79.     NUM_NOSHAKE =      0     CORRECTED RNDFP =      79.
|  TOTAL # of degrees of freedom (RNDF) =      79.

 NSTEP =     5000   TIME(PS) =    2010.000  TEMP(K) =   247.52  PRESS =     0.0
 Etot   =        14.6780  EKtot   =        19.4291  EPtot      =        -4.7511
 BOND   =         8.8161  ANGLE   =        12.6148  DIHED      =        25.7013
 1-4 NB =         3.6953  1-4 EEL =       113.9131  VDWAALS    =        -3.8353
 EELEC  =      -145.3847  EGB     =       -23.0163  RESTRAINT  =         0.8135
 ESURF=         1.9312
 EAMBER (non-restraint)  =        -5.5646
 ------------------------------------------------------------------------------

 NMR restraints: Bond =    0.000   Angle =     0.000   Torsion =     0.813
===============================================================================
| RE_POSITION Moving by   1.926796  4.807024  2.575701

 NSTEP =    10000   TIME(PS) =    2020.000  TEMP(K) =   318.20  PRESS =     0.0
 Etot   =        16.7588  EKtot   =        24.9770  EPtot      =        -8.2182
 BOND   =         5.9725  ANGLE   =        13.5026  DIHED      =        24.9479
 1-4 NB =         3.8625  1-4 EEL =       110.0036  VDWAALS    =        -4.3035
 EELEC  =      -140.6653  EGB     =       -23.9345  RESTRAINT  =         0.5062
 ESURF=         1.8899
 EAMBER (non-restraint)  =        -8.7243
 ------------------------------------------------------------------------------

 NMR restraints: Bond =    0.000   Angle =     0.000   Torsion =     0.506
===============================================================================

 NSTEP =    15000   TIME(PS) =    2030.000  TEMP(K) =   350.88  PRESS =     0.0
 Etot   =        22.8476  EKtot   =        27.5422  EPtot      =        -4.6946
 BOND   =         9.0538  ANGLE   =        16.0678  DIHED      =        23.7957
 1-4 NB =         3.4961  1-4 EEL =       108.3900  VDWAALS    =        -3.8442
 EELEC  =      -140.8969  EGB     =       -22.9618  RESTRAINT  =         0.2525
 ESURF=         1.9525
 EAMBER (non-restraint)  =        -4.9471
 ------------------------------------------------------------------------------

 NMR restraints: Bond =    0.000   Angle =     0.000   Torsion =     0.252
===============================================================================
| RE_POSITION Moving by  -8.017136 -4.961698 -0.744849

 NSTEP =    20000   TIME(PS) =    2040.000  TEMP(K) =   313.09  PRESS =     0.0
 Etot   =        15.9194  EKtot   =        24.5756  EPtot      =        -8.6563
 BOND   =         3.3597  ANGLE   =        18.3639  DIHED      =        21.9401
 1-4 NB =         3.9590  1-4 EEL =       104.3782  VDWAALS    =        -2.4506
 EELEC  =      -137.1843  EGB     =       -23.1733  RESTRAINT  =         0.1362
 ESURF=         2.0148
 EAMBER (non-restraint)  =        -8.7925
 ------------------------------------------------------------------------------

 NMR restraints: Bond =    0.000   Angle =     0.000   Torsion =     0.136
===============================================================================

 NSTEP =    25000   TIME(PS) =    2050.000  TEMP(K) =   279.18  PRESS =     0.0
 Etot   =        18.1210  EKtot   =        21.9137  EPtot      =        -3.7927
 BOND   =         9.6667  ANGLE   =        12.7574  DIHED      =        23.9757
 1-4 NB =         4.6412  1-4 EEL =       106.7601  VDWAALS    =        -2.6257
 EELEC  =      -137.9976  EGB     =       -23.4768  RESTRAINT  =         0.5727
 ESURF=         1.9336
 EAMBER (non-restraint)  =        -4.3654
 ------------------------------------------------------------------------------

 NMR restraints: Bond =    0.000   Angle =     0.000   Torsion =     0.573
===============================================================================
| RE_POSITION Moving by  -8.705365  7.042453 -4.657379

 NSTEP =    30000   TIME(PS) =    2060.000  TEMP(K) =   351.63  PRESS =     0.0
 Etot   =        18.9869  EKtot   =        27.6008  EPtot      =        -8.6139
 BOND   =         2.4391  ANGLE   =        17.0664  DIHED      =        22.4768
 1-4 NB =         4.8120  1-4 EEL =       111.2861  VDWAALS    =        -3.4698
 EELEC  =      -140.6432  EGB     =       -25.0043  RESTRAINT  =         0.4618
 ESURF=         1.9611
 EAMBER (non-restraint)  =        -9.0757
 ------------------------------------------------------------------------------

 NMR restraints: Bond =    0.000   Angle =     0.000   Torsion =     0.462
===============================================================================

 NSTEP =    35000   TIME(PS) =    2070.000  TEMP(K) =   337.19  PRESS =     0.0
 Etot   =        23.1765  EKtot   =        26.4672  EPtot      =        -3.2908
 BOND   =         8.8972  ANGLE   =        16.2795  DIHED      =        23.4218
 1-4 NB =         4.4547  1-4 EEL =       114.1114  VDWAALS    =        -4.1668
 EELEC  =      -145.7898  EGB     =       -22.5673  RESTRAINT  =         0.1745
 ESURF=         1.8940
 EAMBER (non-restraint)  =        -3.4652
 ------------------------------------------------------------------------------

 NMR restraints: Bond =    0.000   Angle =     0.000   Torsion =     0.174
===============================================================================
| RE_POSITION Moving by  -6.028109  5.572384 -2.673765

 NSTEP =    40000   TIME(PS) =    2080.000  TEMP(K) =   286.00  PRESS =     0.0
 Etot   =        11.8541  EKtot   =        22.4493  EPtot      =       -10.5952
 BOND   =         7.1236  ANGLE   =        12.8065  DIHED      =        24.8970
 1-4 NB =         3.7597  1-4 EEL =       110.4412  VDWAALS    =        -4.5275
 EELEC  =      -144.2035  EGB     =       -22.8097  RESTRAINT  =         0.0004
 ESURF=         1.9170
 EAMBER (non-restraint)  =       -10.5957
 ------------------------------------------------------------------------------

 NMR restraints: Bond =    0.000   Angle =     0.000   Torsion =     0.000
===============================================================================

 NSTEP =    45000   TIME(PS) =    2090.000  TEMP(K) =   313.60  PRESS =     0.0
 Etot   =        19.3582  EKtot   =        24.6154  EPtot      =        -5.2572
 BOND   =         5.6473  ANGLE   =        20.7222  DIHED      =        23.2551
 1-4 NB =         3.9611  1-4 EEL =       107.5546  VDWAALS    =        -4.8002
 EELEC  =      -140.5066  EGB     =       -23.1564  RESTRAINT  =         0.1510
 ESURF=         1.9147
 EAMBER (non-restraint)  =        -5.4082
 ------------------------------------------------------------------------------

 NMR restraints: Bond =    0.000   Angle =     0.000   Torsion =     0.151
===============================================================================
| RE_POSITION Moving by  -0.572210 -0.057544 -3.616952

 NSTEP =    50000   TIME(PS) =    2100.000  TEMP(K) =   351.41  PRESS =     0.0
 Etot   =        18.6450  EKtot   =        27.5839  EPtot      =        -8.9388
 BOND   =         2.2024  ANGLE   =        15.3968  DIHED      =        23.7122
 1-4 NB =         5.9876  1-4 EEL =       116.8477  VDWAALS    =        -4.0248
 EELEC  =      -148.5902  EGB     =       -22.3547  RESTRAINT  =         0.0044
 ESURF=         1.8797
 EAMBER (non-restraint)  =        -8.9432
 ------------------------------------------------------------------------------

 NMR restraints: Bond =    0.000   Angle =     0.000   Torsion =     0.004
===============================================================================

 NSTEP =    55000   TIME(PS) =    2110.000  TEMP(K) =   237.40  PRESS =     0.0
 Etot   =        11.4680  EKtot   =        18.6349  EPtot      =        -7.1669
 BOND   =         3.1959  ANGLE   =        16.9884  DIHED      =        24.8185
 1-4 NB =         5.4037  1-4 EEL =       111.3107  VDWAALS    =        -4.0830
 EELEC  =      -146.5741  EGB     =       -20.4896  RESTRAINT  =         0.3609
 ESURF=         1.9018
 EAMBER (non-restraint)  =        -7.5278
 ------------------------------------------------------------------------------

 NMR restraints: Bond =    0.000   Angle =     0.000   Torsion =     0.361
===============================================================================
| RE_POSITION Moving by  -9.129169  0.427312  4.899064

 NSTEP =    60000   TIME(PS) =    2120.000  TEMP(K) =   286.43  PRESS =     0.0
 Etot   =        17.0301  EKtot   =        22.4833  EPtot      =        -5.4532
 BOND   =         4.8630  ANGLE   =        15.7371  DIHED      =        25.3283
 1-4 NB =         4.8885  1-4 EEL =       111.2032  VDWAALS    =        -3.1675
 EELEC  =      -142.1530  EGB     =       -24.4409  RESTRAINT  =         0.2718
 ESURF=         2.0163
 EAMBER (non-restraint)  =        -5.7250
 ------------------------------------------------------------------------------

 NMR restraints: Bond =    0.000   Angle =     0.000   Torsion =     0.272
===============================================================================

 NSTEP =    65000   TIME(PS) =    2130.000  TEMP(K) =   266.89  PRESS =     0.0
 Etot   =        12.6367  EKtot   =        20.9495  EPtot      =        -8.3129
 BOND   =         7.0394  ANGLE   =        12.6267  DIHED      =        22.7399
 1-4 NB =         5.0202  1-4 EEL =       112.3006  VDWAALS    =        -4.0192
 EELEC  =      -145.2065  EGB     =       -21.4998  RESTRAINT  =         0.7798
 ESURF=         1.9061
 EAMBER (non-restraint)  =        -9.0927
 ------------------------------------------------------------------------------

 NMR restraints: Bond =    0.000   Angle =     0.000   Torsion =     0.780
===============================================================================
| RE_POSITION Moving by  -0.112159  2.757210 -1.370795

 NSTEP =    70000   TIME(PS) =    2140.000  TEMP(K) =   334.60  PRESS =     0.0
 Etot   =        13.4830  EKtot   =        26.2641  EPtot      =       -12.7811
 BOND   =         5.7649  ANGLE   =        13.9555  DIHED      =        22.2385
 1-4 NB =         4.2578  1-4 EEL =       107.0803  VDWAALS    =        -3.8444
 EELEC  =      -142.0344  EGB     =       -22.2252  RESTRAINT  =         0.0974
 ESURF=         1.9286
 EAMBER (non-restraint)  =       -12.8785
 ------------------------------------------------------------------------------

 NMR restraints: Bond =    0.000   Angle =     0.000   Torsion =     0.097
===============================================================================

 NSTEP =    75000   TIME(PS) =    2150.000  TEMP(K) =   398.80  PRESS =     0.0
 Etot   =        23.3108  EKtot   =        31.3033  EPtot      =        -7.9925
 BOND   =         4.9344  ANGLE   =         9.0096  DIHED      =        25.6319
 1-4 NB =         6.7470  1-4 EEL =       111.6956  VDWAALS    =        -2.2996
 EELEC  =      -144.9866  EGB     =       -21.9973  RESTRAINT  =         1.3073
 ESURF=         1.9653
 EAMBER (non-restraint)  =        -9.2997
 ------------------------------------------------------------------------------

 NMR restraints: Bond =    0.000   Angle =     0.000   Torsion =     1.307
===============================================================================
| RE_POSITION Moving by   2.551850 -0.394229  3.372958

 NSTEP =    80000   TIME(PS) =    2160.000  TEMP(K) =   278.12  PRESS =     0.0
 Etot   =        17.2013  EKtot   =        21.8306  EPtot      =        -4.6294
 BOND   =         6.0853  ANGLE   =        15.7252  DIHED      =        24.8840
 1-4 NB =         5.2298  1-4 EEL =       112.9632  VDWAALS    =        -3.8691
 EELEC  =      -144.6986  EGB     =       -22.9090  RESTRAINT  =         0.0143
 ESURF=         1.9455
 EAMBER (non-restraint)  =        -4.6436
 ------------------------------------------------------------------------------

 NMR restraints: Bond =    0.000   Angle =     0.000   Torsion =     0.014
===============================================================================

 NSTEP =    85000   TIME(PS) =    2170.000  TEMP(K) =   258.50  PRESS =     0.0
 Etot   =        15.1018  EKtot   =        20.2904  EPtot      =        -5.1886
 BOND   =         5.4909  ANGLE   =        16.2468  DIHED      =        21.6081
 1-4 NB =         6.6698  1-4 EEL =       114.8819  VDWAALS    =        -4.2489
 EELEC  =      -144.7356  EGB     =       -23.6828  RESTRAINT  =         0.6828
 ESURF=         1.8984
 EAMBER (non-restraint)  =        -5.8713
 ------------------------------------------------------------------------------

 NMR restraints: Bond =    0.000   Angle =     0.000   Torsion =     0.683
===============================================================================
| RE_POSITION Moving by   9.574115 -7.412157  1.463323

 NSTEP =    90000   TIME(PS) =    2180.000  TEMP(K) =   179.32  PRESS =     0.0
 Etot   =         8.0989  EKtot   =        14.0758  EPtot      =        -5.9769
 BOND   =         5.0233  ANGLE   =        15.8717  DIHED      =        23.7794
 1-4 NB =         3.6189  1-4 EEL =       111.4589  VDWAALS    =        -2.9238
 EELEC  =      -143.3007  EGB     =       -23.6307  RESTRAINT  =         2.1678
 ESURF=         1.9584
 EAMBER (non-restraint)  =        -8.1447
 ------------------------------------------------------------------------------

 NMR restraints: Bond =    0.000   Angle =     0.000   Torsion =     2.168
===============================================================================

 NSTEP =    95000   TIME(PS) =    2190.000  TEMP(K) =   320.78  PRESS =     0.0
 Etot   =        24.7801  EKtot   =        25.1792  EPtot      =        -0.3991
 BOND   =         5.7609  ANGLE   =        20.5393  DIHED      =        24.6377
 1-4 NB =         5.8012  1-4 EEL =       112.5383  VDWAALS    =        -3.7803
 EELEC  =      -147.6209  EGB     =       -20.4975  RESTRAINT  =         0.3651
 ESURF=         1.8572
 EAMBER (non-restraint)  =        -0.7642
 ------------------------------------------------------------------------------

 NMR restraints: Bond =    0.000   Angle =     0.000   Torsion =     0.365
===============================================================================
| RE_POSITION Moving by  -3.704130 -4.094827  7.820765

 NSTEP =   100000   TIME(PS) =    2200.000  TEMP(K) =   282.38  PRESS =     0.0
 Etot   =        24.5099  EKtot   =        22.1648  EPtot      =         2.3451
 BOND   =         9.5149  ANGLE   =        17.2044  DIHED      =        25.3029
 1-4 NB =         4.9313  1-4 EEL =       114.1538  VDWAALS    =        -2.0718
 EELEC  =      -147.3228  EGB     =       -22.2918  RESTRAINT  =         0.9648
 ESURF=         1.9594
 EAMBER (non-restraint)  =         1.3803
 ------------------------------------------------------------------------------

 NMR restraints: Bond =    0.000   Angle =     0.000   Torsion =     0.965
===============================================================================

 NSTEP =   105000   TIME(PS) =    2210.000  TEMP(K) =   371.55  PRESS =     0.0
 Etot   =        26.7210  EKtot   =        29.1642  EPtot      =        -2.4432
 BOND   =         1.8820  ANGLE   =        18.4550  DIHED      =        27.2167
 1-4 NB =         5.6000  1-4 EEL =       110.7330  VDWAALS    =        -3.9846
 EELEC  =      -141.6748  EGB     =       -22.7141  RESTRAINT  =         0.1122
 ESURF=         1.9313
 EAMBER (non-restraint)  =        -2.5554
 ------------------------------------------------------------------------------

 NMR restraints: Bond =    0.000   Angle =     0.000   Torsion =     0.112
===============================================================================
| RE_POSITION Moving by   5.270820  5.007756 -9.492808

 NSTEP =   110000   TIME(PS) =    2220.000  TEMP(K) =   288.73  PRESS =     0.0
 Etot   =        13.4913  EKtot   =        22.6636  EPtot      =        -9.1723
 BOND   =         4.4504  ANGLE   =        10.7665  DIHED      =        22.5122
 1-4 NB =         7.0350  1-4 EEL =       116.1602  VDWAALS    =        -2.8283
 EELEC  =      -146.3500  EGB     =       -22.9347  RESTRAINT  =         0.0323
 ESURF=         1.9841
 EAMBER (non-restraint)  =        -9.2046
 ------------------------------------------------------------------------------

 NMR restraints: Bond =    0.000   Angle =     0.000   Torsion =     0.032
===============================================================================

 NSTEP =   115000   TIME(PS) =    2230.000  TEMP(K) =   369.18  PRESS =     0.0
 Etot   =        26.0050  EKtot   =        28.9787  EPtot      =        -2.9738
 BOND   =         9.2113  ANGLE   =        14.4783  DIHED      =        24.3860
 1-4 NB =         3.7124  1-4 EEL =       113.7009  VDWAALS    =        -2.6225
 EELEC  =      -146.6113  EGB     =       -21.2009  RESTRAINT  =         0.0516
 ESURF=         1.9204
 EAMBER (non-restraint)  =        -3.0254
 ------------------------------------------------------------------------------

 NMR restraints: Bond =    0.000   Angle =     0.000   Torsion =     0.052
===============================================================================
| RE_POSITION Moving by   4.156291 -3.682788  1.513990

 NSTEP =   120000   TIME(PS) =    2240.000  TEMP(K) =   257.15  PRESS =     0.0
 Etot   =         9.3385  EKtot   =        20.1850  EPtot      =       -10.8465
 BOND   =         4.8755  ANGLE   =         9.7768  DIHED      =        23.7569
 1-4 NB =         5.9997  1-4 EEL =       113.8430  VDWAALS    =        -2.3777
 EELEC  =      -146.8360  EGB     =       -22.3940  RESTRAINT  =         0.5380
 ESURF=         1.9715
 EAMBER (non-restraint)  =       -11.3844
 ------------------------------------------------------------------------------

 NMR restraints: Bond =    0.000   Angle =     0.000   Torsion =     0.538
===============================================================================

 NSTEP =   125000   TIME(PS) =    2250.000  TEMP(K) =   283.56  PRESS =     0.0
 Etot   =        13.9535  EKtot   =        22.2578  EPtot      =        -8.3043
 BOND   =         6.1982  ANGLE   =        14.8609  DIHED      =        21.5602
 1-4 NB =         5.0953  1-4 EEL =       112.8009  VDWAALS    =        -2.8129
 EELEC  =      -144.6155  EGB     =       -23.5463  RESTRAINT  =         0.2031
 ESURF=         1.9519
 EAMBER (non-restraint)  =        -8.5074
 ------------------------------------------------------------------------------

 NMR restraints: Bond =    0.000   Angle =     0.000   Torsion =     0.203
===============================================================================
| RE_POSITION Moving by  -3.046665  2.238022 -1.647499

 NSTEP =   130000   TIME(PS) =    2260.000  TEMP(K) =   268.20  PRESS =     0.0
 Etot   =        13.5586  EKtot   =        21.0520  EPtot      =        -7.4934
 BOND   =         6.9227  ANGLE   =        18.3667  DIHED      =        23.2976
 1-4 NB =         3.6942  1-4 EEL =       109.5231  VDWAALS    =        -4.7887
 EELEC  =      -144.1982  EGB     =       -22.4733  RESTRAINT  =         0.2485
 ESURF=         1.9141
 EAMBER (non-restraint)  =        -7.7419
 ------------------------------------------------------------------------------

 NMR restraints: Bond =    0.000   Angle =     0.000   Torsion =     0.249
===============================================================================

 NSTEP =   135000   TIME(PS) =    2270.000  TEMP(K) =   384.11  PRESS =     0.0
 Etot   =        28.8638  EKtot   =        30.1505  EPtot      =        -1.2867
 BOND   =         3.6308  ANGLE   =        21.9941  DIHED      =        26.1848
 1-4 NB =         4.6225  1-4 EEL =       111.8619  VDWAALS    =        -4.2093
 EELEC  =      -146.0684  EGB     =       -21.2124  RESTRAINT  =         0.0026
 ESURF=         1.9065
 EAMBER (non-restraint)  =        -1.2893
 ------------------------------------------------------------------------------

 NMR restraints: Bond =    0.000   Angle =     0.000   Torsion =     0.003
===============================================================================
| RE_POSITION Moving by   1.696961  8.342019  2.301911

 NSTEP =   140000   TIME(PS) =    2280.000  TEMP(K) =   277.33  PRESS =     0.0
 Etot   =        17.4329  EKtot   =        21.7687  EPtot      =        -4.3358
 BOND   =         3.3669  ANGLE   =        17.7114  DIHED      =        22.6988
 1-4 NB =         6.9287  1-4 EEL =       116.3879  VDWAALS    =        -3.8581
 EELEC  =      -149.5637  EGB     =       -20.0333  RESTRAINT  =         0.1229
 ESURF=         1.9028
 EAMBER (non-restraint)  =        -4.4587
 ------------------------------------------------------------------------------

 NMR restraints: Bond =    0.000   Angle =     0.000   Torsion =     0.123
===============================================================================

 NSTEP =   145000   TIME(PS) =    2290.000  TEMP(K) =   268.25  PRESS =     0.0
 Etot   =        14.8849  EKtot   =        21.0558  EPtot      =        -6.1709
 BOND   =         5.5757  ANGLE   =        12.3186  DIHED      =        22.9989
 1-4 NB =         7.9042  1-4 EEL =       113.9320  VDWAALS    =        -2.4643
 EELEC  =      -147.8657  EGB     =       -20.5356  RESTRAINT  =         0.0757
 ESURF=         1.8897
 EAMBER (non-restraint)  =        -6.2466
 ------------------------------------------------------------------------------

 NMR restraints: Bond =    0.000   Angle =     0.000   Torsion =     0.076
===============================================================================
| RE_POSITION Moving by  10.962796  0.942920 -5.817634

 NSTEP =   150000   TIME(PS) =    2300.000  TEMP(K) =   250.91  PRESS =     0.0
 Etot   =        18.2881  EKtot   =        19.6950  EPtot      =        -1.4069
 BOND   =         4.6510  ANGLE   =        25.3112  DIHED      =        24.6588
 1-4 NB =         3.9909  1-4 EEL =       106.0117  VDWAALS    =        -4.3455
 EELEC  =      -141.4457  EGB     =       -22.5675  RESTRAINT  =         0.4136
 ESURF=         1.9146
 EAMBER (non-restraint)  =        -1.8205
 ------------------------------------------------------------------------------

 NMR restraints: Bond =    0.000   Angle =     0.000   Torsion =     0.414
===============================================================================

 NSTEP =   155000   TIME(PS) =    2310.000  TEMP(K) =   266.84  PRESS =     0.0
 Etot   =        13.5478  EKtot   =        20.9455  EPtot      =        -7.3977
 BOND   =         5.7221  ANGLE   =        11.0683  DIHED      =        26.1230
 1-4 NB =         4.7298  1-4 EEL =       114.2050  VDWAALS    =        -3.3595
 EELEC  =      -144.6774  EGB     =       -23.5227  RESTRAINT  =         0.4239
 ESURF=         1.8898
 EAMBER (non-restraint)  =        -7.8216
 ------------------------------------------------------------------------------

 NMR restraints: Bond =    0.000   Angle =     0.000   Torsion =     0.424
===============================================================================
| RE_POSITION Moving by  -4.021908  3.701207 -8.975963

 NSTEP =   160000   TIME(PS) =    2320.000  TEMP(K) =   322.26  PRESS =     0.0
 Etot   =        25.3062  EKtot   =        25.2956  EPtot      =         0.0107
 BOND   =         7.1783  ANGLE   =        16.5349  DIHED      =        26.8263
 1-4 NB =         6.2193  1-4 EEL =       118.4065  VDWAALS    =        -3.4483
 EELEC  =      -153.0854  EGB     =       -20.5402  RESTRAINT  =         0.0040
 ESURF=         1.9153
 EAMBER (non-restraint)  =         0.0067
 ------------------------------------------------------------------------------

 NMR restraints: Bond =    0.000   Angle =     0.000   Torsion =     0.004
===============================================================================

 NSTEP =   165000   TIME(PS) =    2330.000  TEMP(K) =   279.79  PRESS =     0.0
 Etot   =        13.0629  EKtot   =        21.9616  EPtot      =        -8.8988
 BOND   =         4.5335  ANGLE   =        12.6581  DIHED      =        23.1303
 1-4 NB =         5.9313  1-4 EEL =       113.3676  VDWAALS    =        -1.6104
 EELEC  =      -149.1994  EGB     =       -19.6875  RESTRAINT  =         0.1070
 ESURF=         1.8707
 EAMBER (non-restraint)  =        -9.0058
 ------------------------------------------------------------------------------

 NMR restraints: Bond =    0.000   Angle =     0.000   Torsion =     0.107
===============================================================================
| RE_POSITION Moving by  -2.272924-14.101143  2.929216

 NSTEP =   170000   TIME(PS) =    2340.000  TEMP(K) =   431.20  PRESS =     0.0
 Etot   =        25.0944  EKtot   =        33.8466  EPtot      =        -8.7522
 BOND   =         5.0299  ANGLE   =        14.4820  DIHED      =        23.3016
 1-4 NB =         5.2580  1-4 EEL =       114.3062  VDWAALS    =        -3.4919
 EELEC  =      -145.9609  EGB     =       -23.5858  RESTRAINT  =         0.0088
 ESURF=         1.9000
 EAMBER (non-restraint)  =        -8.7610
 ------------------------------------------------------------------------------

 NMR restraints: Bond =    0.000   Angle =     0.000   Torsion =     0.009
===============================================================================

 NSTEP =   175000   TIME(PS) =    2350.000  TEMP(K) =   320.20  PRESS =     0.0
 Etot   =        18.4471  EKtot   =        25.1338  EPtot      =        -6.6867
 BOND   =         3.0269  ANGLE   =        15.2265  DIHED      =        24.3979
 1-4 NB =         5.6447  1-4 EEL =       118.9062  VDWAALS    =        -1.9684
 EELEC  =      -149.5214  EGB     =       -24.4739  RESTRAINT  =         0.1039
 ESURF=         1.9708
 EAMBER (non-restraint)  =        -6.7906
 ------------------------------------------------------------------------------

 NMR restraints: Bond =    0.000   Angle =     0.000   Torsion =     0.104
===============================================================================
| RE_POSITION Moving by   0.704320 -1.222588 -1.677088

 NSTEP =   180000   TIME(PS) =    2360.000  TEMP(K) =   223.05  PRESS =     0.0
 Etot   =        12.8406  EKtot   =        17.5083  EPtot      =        -4.6678
 BOND   =         4.6258  ANGLE   =        17.4476  DIHED      =        23.0003
 1-4 NB =         5.1136  1-4 EEL =       122.2359  VDWAALS    =        -3.0336
 EELEC  =      -153.0751  EGB     =       -23.0573  RESTRAINT  =         0.1224
 ESURF=         1.9527
 EAMBER (non-restraint)  =        -4.7901
 ------------------------------------------------------------------------------

 NMR restraints: Bond =    0.000   Angle =     0.000   Torsion =     0.122
===============================================================================

 NSTEP =   185000   TIME(PS) =    2370.000  TEMP(K) =   255.87  PRESS =     0.0
 Etot   =        10.8591  EKtot   =        20.0842  EPtot      =        -9.2251
 BOND   =         6.0331  ANGLE   =        12.0500  DIHED      =        23.9193
 1-4 NB =         3.2942  1-4 EEL =       116.3130  VDWAALS    =        -3.5448
 EELEC  =      -144.9443  EGB     =       -24.3471  RESTRAINT  =         0.0112
 ESURF=         1.9904
 EAMBER (non-restraint)  =        -9.2363
 ------------------------------------------------------------------------------

 NMR restraints: Bond =    0.000   Angle =     0.000   Torsion =     0.011
===============================================================================
| RE_POSITION Moving by  -0.894017  4.834255  4.355550

 NSTEP =   190000   TIME(PS) =    2380.000  TEMP(K) =   338.70  PRESS =     0.0
 Etot   =        21.2508  EKtot   =        26.5861  EPtot      =        -5.3353
 BOND   =         5.0546  ANGLE   =        17.6382  DIHED      =        25.4786
 1-4 NB =         4.2693  1-4 EEL =       112.9608  VDWAALS    =        -3.4936
 EELEC  =      -144.1980  EGB     =       -25.0918  RESTRAINT  =         0.0587
 ESURF=         1.9879
 EAMBER (non-restraint)  =        -5.3941
 ------------------------------------------------------------------------------

 NMR restraints: Bond =    0.000   Angle =     0.000   Torsion =     0.059
===============================================================================

 NSTEP =   195000   TIME(PS) =    2390.000  TEMP(K) =   347.86  PRESS =     0.0
 Etot   =        21.5241  EKtot   =        27.3049  EPtot      =        -5.7808
 BOND   =         4.2505  ANGLE   =        15.3235  DIHED      =        23.4822
 1-4 NB =         5.3260  1-4 EEL =       114.8732  VDWAALS    =        -2.5672
 EELEC  =      -145.1562  EGB     =       -23.7383  RESTRAINT  =         0.4093
 ESURF=         2.0161
 EAMBER (non-restraint)  =        -6.1901
 ------------------------------------------------------------------------------

 NMR restraints: Bond =    0.000   Angle =     0.000   Torsion =     0.409
===============================================================================
| RE_POSITION Moving by   1.505078 -1.146383  8.618796

 NSTEP =   200000   TIME(PS) =    2400.000  TEMP(K) =   276.03  PRESS =     0.0
 Etot   =        19.2102  EKtot   =        21.6671  EPtot      =        -2.4568
 BOND   =         3.7839  ANGLE   =        20.6093  DIHED      =        24.5356
 1-4 NB =         5.3488  1-4 EEL =       112.6310  VDWAALS    =        -3.1875
 EELEC  =      -143.8297  EGB     =       -24.3425  RESTRAINT  =         0.0002
 ESURF=         1.9941
 EAMBER (non-restraint)  =        -2.4570
 ------------------------------------------------------------------------------

 NMR restraints: Bond =    0.000   Angle =     0.000   Torsion =     0.000
===============================================================================

 NSTEP =   205000   TIME(PS) =    2410.000  TEMP(K) =   322.44  PRESS =     0.0
 Etot   =        26.7195  EKtot   =        25.3093  EPtot      =         1.4103
 BOND   =        11.3320  ANGLE   =        17.4803  DIHED      =        24.0106
 1-4 NB =         4.4066  1-4 EEL =       110.3766  VDWAALS    =        -1.1371
 EELEC  =      -138.3556  EGB     =       -28.8933  RESTRAINT  =         0.2020
 ESURF=         1.9881
 EAMBER (non-restraint)  =         1.2082
 ------------------------------------------------------------------------------

 NMR restraints: Bond =    0.000   Angle =     0.000   Torsion =     0.202
===============================================================================
| RE_POSITION Moving by  -0.817240  7.836822  0.810616

 NSTEP =   210000   TIME(PS) =    2420.000  TEMP(K) =   328.23  PRESS =     0.0
 Etot   =        21.0503  EKtot   =        25.7638  EPtot      =        -4.7135
 BOND   =         4.0216  ANGLE   =        18.1829  DIHED      =        24.6566
 1-4 NB =         4.0615  1-4 EEL =       115.4707  VDWAALS    =        -4.0700
 EELEC  =      -138.2986  EGB     =       -30.8903  RESTRAINT  =         0.2150
 ESURF=         1.9371
 EAMBER (non-restraint)  =        -4.9285
 ------------------------------------------------------------------------------

 NMR restraints: Bond =    0.000   Angle =     0.000   Torsion =     0.215
===============================================================================

 NSTEP =   215000   TIME(PS) =    2430.000  TEMP(K) =   329.17  PRESS =     0.0
 Etot   =        24.0247  EKtot   =        25.8377  EPtot      =        -1.8130
 BOND   =         5.0120  ANGLE   =        16.0645  DIHED      =        26.4051
 1-4 NB =         3.7777  1-4 EEL =       114.6641  VDWAALS    =        -2.4976
 EELEC  =      -145.4656  EGB     =       -22.8584  RESTRAINT  =         1.1234
 ESURF=         1.9615
 EAMBER (non-restraint)  =        -2.9365
 ------------------------------------------------------------------------------

 NMR restraints: Bond =    0.000   Angle =     0.000   Torsion =     1.123
===============================================================================
| RE_POSITION Moving by  -4.928035  3.768906 -3.245993

 NSTEP =   220000   TIME(PS) =    2440.000  TEMP(K) =   228.45  PRESS =     0.0
 Etot   =         8.2698  EKtot   =        17.9320  EPtot      =        -9.6622
 BOND   =         2.2451  ANGLE   =        13.6395  DIHED      =        25.3596
 1-4 NB =         5.1170  1-4 EEL =       115.4651  VDWAALS    =        -2.9306
 EELEC  =      -144.1578  EGB     =       -26.4458  RESTRAINT  =         0.0444
 ESURF=         2.0013
 EAMBER (non-restraint)  =        -9.7066
 ------------------------------------------------------------------------------

 NMR restraints: Bond =    0.000   Angle =     0.000   Torsion =     0.044
===============================================================================

 NSTEP =   225000   TIME(PS) =    2450.000  TEMP(K) =   274.93  PRESS =     0.0
 Etot   =        14.9815  EKtot   =        21.5805  EPtot      =        -6.5990
 BOND   =         6.3967  ANGLE   =        15.7212  DIHED      =        22.4450
 1-4 NB =         3.3168  1-4 EEL =       111.7962  VDWAALS    =        -1.9670
 EELEC  =      -140.6164  EGB     =       -26.5821  RESTRAINT  =         0.8908
 ESURF=         1.9997
 EAMBER (non-restraint)  =        -7.4898
 ------------------------------------------------------------------------------

 NMR restraints: Bond =    0.000   Angle =     0.000   Torsion =     0.891
===============================================================================
| RE_POSITION Moving by   3.000911 -6.479985 -3.591636

 NSTEP =   230000   TIME(PS) =    2460.000  TEMP(K) =   328.41  PRESS =     0.0
 Etot   =        26.5765  EKtot   =        25.7780  EPtot      =         0.7985
 BOND   =         8.1308  ANGLE   =        20.6088  DIHED      =        25.6466
 1-4 NB =         2.6463  1-4 EEL =       109.0508  VDWAALS    =        -3.1209
 EELEC  =      -139.4673  EGB     =       -24.7980  RESTRAINT  =         0.0410
 ESURF=         2.0602
 EAMBER (non-restraint)  =         0.7575
 ------------------------------------------------------------------------------

 NMR restraints: Bond =    0.000   Angle =     0.000   Torsion =     0.041
===============================================================================

 NSTEP =   235000   TIME(PS) =    2470.000  TEMP(K) =   321.21  PRESS =     0.0
 Etot   =        18.0354  EKtot   =        25.2132  EPtot      =        -7.1779
 BOND   =         3.9332  ANGLE   =        16.6285  DIHED      =        22.2730
 1-4 NB =         4.2727  1-4 EEL =       111.3067  VDWAALS    =        -1.3538
 EELEC  =      -139.2523  EGB     =       -27.1105  RESTRAINT  =         0.2157
 ESURF=         1.9089
 EAMBER (non-restraint)  =        -7.3935
 ------------------------------------------------------------------------------

 NMR restraints: Bond =    0.000   Angle =     0.000   Torsion =     0.216
===============================================================================
| RE_POSITION Moving by  -5.901268 -3.907348 -2.180698

 NSTEP =   240000   TIME(PS) =    2480.000  TEMP(K) =   338.38  PRESS =     0.0
 Etot   =        26.1411  EKtot   =        26.5611  EPtot      =        -0.4200
 BOND   =         8.1624  ANGLE   =        17.6727  DIHED      =        24.1161
 1-4 NB =         4.7154  1-4 EEL =       113.2395  VDWAALS    =        -2.3475
 EELEC  =      -145.5119  EGB     =       -22.7267  RESTRAINT  =         0.2567
 ESURF=         2.0033
 EAMBER (non-restraint)  =        -0.6767
 ------------------------------------------------------------------------------

 NMR restraints: Bond =    0.000   Angle =     0.000   Torsion =     0.257
===============================================================================

 NSTEP =   245000   TIME(PS) =    2490.000  TEMP(K) =   277.70  PRESS =     0.0
 Etot   =        12.9260  EKtot   =        21.7982  EPtot      =        -8.8722
 BOND   =         2.4601  ANGLE   =        15.2571  DIHED      =        25.5081
 1-4 NB =         4.3750  1-4 EEL =       114.0555  VDWAALS    =        -3.4269
 EELEC  =      -146.0040  EGB     =       -23.1439  RESTRAINT  =         0.0278
 ESURF=         2.0190
 EAMBER (non-restraint)  =        -8.8999
 ------------------------------------------------------------------------------

 NMR restraints: Bond =    0.000   Angle =     0.000   Torsion =     0.028
===============================================================================
| RE_POSITION Moving by  -3.056754  7.543825 -2.881529

 NSTEP =   250000   TIME(PS) =    2500.000  TEMP(K) =   263.23  PRESS =     0.0
 Etot   =        23.0478  EKtot   =        20.6620  EPtot      =         2.3858
 BOND   =         7.7435  ANGLE   =        16.2871  DIHED      =        23.6677
 1-4 NB =         7.2791  1-4 EEL =       117.5295  VDWAALS    =        -2.5489
 EELEC  =      -146.2412  EGB     =       -23.6427  RESTRAINT  =         0.4006
 ESURF=         1.9110
 EAMBER (non-restraint)  =         1.9852
 ------------------------------------------------------------------------------

 NMR restraints: Bond =    0.000   Angle =     0.000   Torsion =     0.401
===============================================================================

 NSTEP =   255000   TIME(PS) =    2510.000  TEMP(K) =   385.96  PRESS =     0.0
 Etot   =        27.2844  EKtot   =        30.2952  EPtot      =        -3.0108
 BOND   =         5.8780  ANGLE   =        17.8106  DIHED      =        26.1646
 1-4 NB =         4.5061  1-4 EEL =       110.3495  VDWAALS    =        -3.8033
 EELEC  =      -141.1943  EGB     =       -25.0398  RESTRAINT  =         0.3402
 ESURF=         1.9775
 EAMBER (non-restraint)  =        -3.3510
 ------------------------------------------------------------------------------

 NMR restraints: Bond =    0.000   Angle =     0.000   Torsion =     0.340
===============================================================================
| RE_POSITION Moving by  -5.721420 13.215503  1.537946

 NSTEP =   260000   TIME(PS) =    2520.000  TEMP(K) =   294.13  PRESS =     0.0
 Etot   =        17.1989  EKtot   =        23.0874  EPtot      =        -5.8886
 BOND   =         5.0969  ANGLE   =        17.1043  DIHED      =        23.6658
 1-4 NB =         4.7340  1-4 EEL =       114.8874  VDWAALS    =        -2.7004
 EELEC  =      -144.7469  EGB     =       -25.9209  RESTRAINT  =         0.0145
 ESURF=         1.9769
 EAMBER (non-restraint)  =        -5.9030
 ------------------------------------------------------------------------------

 NMR restraints: Bond =    0.000   Angle =     0.000   Torsion =     0.014
===============================================================================

 NSTEP =   265000   TIME(PS) =    2530.000  TEMP(K) =   276.12  PRESS =     0.0
 Etot   =        12.5021  EKtot   =        21.6737  EPtot      =        -9.1715
 BOND   =         2.8145  ANGLE   =        15.8889  DIHED      =        23.2422
 1-4 NB =         5.3557  1-4 EEL =       118.0605  VDWAALS    =        -4.1200
 EELEC  =      -144.2739  EGB     =       -28.1391  RESTRAINT  =         0.0656
 ESURF=         1.9341
 EAMBER (non-restraint)  =        -9.2372
 ------------------------------------------------------------------------------

 NMR restraints: Bond =    0.000   Angle =     0.000   Torsion =     0.066
===============================================================================
| RE_POSITION Moving by  -0.086233  8.710903 14.229446

 NSTEP =   270000   TIME(PS) =    2540.000  TEMP(K) =   281.72  PRESS =     0.0
 Etot   =        14.8929  EKtot   =        22.1135  EPtot      =        -7.2206
 BOND   =         5.3696  ANGLE   =        15.2461  DIHED      =        23.0459
 1-4 NB =         5.7760  1-4 EEL =       114.8633  VDWAALS    =        -4.1506
 EELEC  =      -141.1501  EGB     =       -28.5803  RESTRAINT  =         0.4185
 ESURF=         1.9408
 EAMBER (non-restraint)  =        -7.6391
 ------------------------------------------------------------------------------

 NMR restraints: Bond =    0.000   Angle =     0.000   Torsion =     0.418
===============================================================================

 NSTEP =   275000   TIME(PS) =    2550.000  TEMP(K) =   246.27  PRESS =     0.0
 Etot   =        16.7420  EKtot   =        19.3306  EPtot      =        -2.5886
 BOND   =         6.6447  ANGLE   =        14.2627  DIHED      =        28.6295
 1-4 NB =         3.8652  1-4 EEL =       109.1026  VDWAALS    =        -2.3589
 EELEC  =      -137.8418  EGB     =       -26.8757  RESTRAINT  =         0.0002
 ESURF=         1.9830
 EAMBER (non-restraint)  =        -2.5888
 ------------------------------------------------------------------------------

 NMR restraints: Bond =    0.000   Angle =     0.000   Torsion =     0.000
===============================================================================
| RE_POSITION Moving by  -0.902251  0.937317 -2.786245

 NSTEP =   280000   TIME(PS) =    2560.000  TEMP(K) =   328.21  PRESS =     0.0
 Etot   =        23.2139  EKtot   =        25.7622  EPtot      =        -2.5483
 BOND   =         8.9994  ANGLE   =        17.7258  DIHED      =        25.0823
 1-4 NB =         2.5934  1-4 EEL =       105.2903  VDWAALS    =        -2.7335
 EELEC  =      -139.1500  EGB     =       -22.4498  RESTRAINT  =         0.1025
 ESURF=         1.9912
 EAMBER (non-restraint)  =        -2.6509
 ------------------------------------------------------------------------------

 NMR restraints: Bond =    0.000   Angle =     0.000   Torsion =     0.103
===============================================================================

 NSTEP =   285000   TIME(PS) =    2570.000  TEMP(K) =   294.34  PRESS =     0.0
 Etot   =        18.3074  EKtot   =        23.1043  EPtot      =        -4.7969
 BOND   =         5.5645  ANGLE   =        18.8392  DIHED      =        23.6706
 1-4 NB =         3.4794  1-4 EEL =       110.0496  VDWAALS    =        -2.6843
 EELEC  =      -143.3369  EGB     =       -23.6351  RESTRAINT  =         1.2314
 ESURF=         2.0247
 EAMBER (non-restraint)  =        -6.0283
 ------------------------------------------------------------------------------

 NMR restraints: Bond =    0.000   Angle =     0.000   Torsion =     1.231
===============================================================================
| RE_POSITION Moving by   6.600757 -1.114148  6.894640

 NSTEP =   290000   TIME(PS) =    2580.000  TEMP(K) =   264.18  PRESS =     0.0
 Etot   =        13.3832  EKtot   =        20.7364  EPtot      =        -7.3532
 BOND   =         4.3511  ANGLE   =        10.3978  DIHED      =        26.3355
 1-4 NB =         5.2251  1-4 EEL =       118.1024  VDWAALS    =        -3.2751
 EELEC  =      -143.4670  EGB     =       -27.8491  RESTRAINT  =         0.9033
 ESURF=         1.9228
 EAMBER (non-restraint)  =        -8.2565
 ------------------------------------------------------------------------------

 NMR restraints: Bond =    0.000   Angle =     0.000   Torsion =     0.903
===============================================================================

 NSTEP =   295000   TIME(PS) =    2590.000  TEMP(K) =   335.25  PRESS =     0.0
 Etot   =        23.6095  EKtot   =        26.3155  EPtot      =        -2.7060
 BOND   =         5.6931  ANGLE   =        17.9384  DIHED      =        22.4317
 1-4 NB =         6.3286  1-4 EEL =       113.2917  VDWAALS    =        -2.2730
 EELEC  =      -140.2608  EGB     =       -27.8099  RESTRAINT  =         0.0390
 ESURF=         1.9151
 EAMBER (non-restraint)  =        -2.7451
 ------------------------------------------------------------------------------

 NMR restraints: Bond =    0.000   Angle =     0.000   Torsion =     0.039
===============================================================================
| RE_POSITION Moving by  -0.224600 -8.635167  6.087086

 NSTEP =   300000   TIME(PS) =    2600.000  TEMP(K) =   290.28  PRESS =     0.0
 Etot   =        14.3222  EKtot   =        22.7852  EPtot      =        -8.4630
 BOND   =         5.0217  ANGLE   =        13.8866  DIHED      =        24.3583
 1-4 NB =         4.1105  1-4 EEL =       113.8856  VDWAALS    =        -3.0892
 EELEC  =      -138.2051  EGB     =       -30.5407  RESTRAINT  =         0.1765
 ESURF=         1.9327
 EAMBER (non-restraint)  =        -8.6395
 ------------------------------------------------------------------------------

 NMR restraints: Bond =    0.000   Angle =     0.000   Torsion =     0.176
===============================================================================

 NSTEP =   305000   TIME(PS) =    2610.000  TEMP(K) =   239.18  PRESS =     0.0
 Etot   =        18.3450  EKtot   =        18.7745  EPtot      =        -0.4295
 BOND   =         6.4300  ANGLE   =        20.5369  DIHED      =        24.6619
 1-4 NB =         5.1204  1-4 EEL =       109.1423  VDWAALS    =        -2.8577
 EELEC  =      -143.5975  EGB     =       -21.9686  RESTRAINT  =         0.1523
 ESURF=         1.9507
 EAMBER (non-restraint)  =        -0.5817
 ------------------------------------------------------------------------------

 NMR restraints: Bond =    0.000   Angle =     0.000   Torsion =     0.152
===============================================================================
| RE_POSITION Moving by  -1.619820  1.819204 -3.305678

 NSTEP =   310000   TIME(PS) =    2620.000  TEMP(K) =   330.05  PRESS =     0.0
 Etot   =        15.2872  EKtot   =        25.9067  EPtot      =       -10.6195
 BOND   =         5.5603  ANGLE   =        13.8506  DIHED      =        22.7626
 1-4 NB =         5.5838  1-4 EEL =       111.4840  VDWAALS    =        -4.3417
 EELEC  =      -146.7979  EGB     =       -20.7588  RESTRAINT  =         0.1358
 ESURF=         1.9020
 EAMBER (non-restraint)  =       -10.7553
 ------------------------------------------------------------------------------

 NMR restraints: Bond =    0.000   Angle =     0.000   Torsion =     0.136
===============================================================================

 NSTEP =   315000   TIME(PS) =    2630.000  TEMP(K) =   292.69  PRESS =     0.0
 Etot   =        15.3488  EKtot   =        22.9744  EPtot      =        -7.6256
 BOND   =         5.3878  ANGLE   =        17.4281  DIHED      =        21.8135
 1-4 NB =         4.1476  1-4 EEL =       110.9462  VDWAALS    =        -4.2521
 EELEC  =      -145.4007  EGB     =       -21.1865  RESTRAINT  =         1.5913
 ESURF=         1.8993
 EAMBER (non-restraint)  =        -9.2169
 ------------------------------------------------------------------------------

 NMR restraints: Bond =    0.000   Angle =     0.000   Torsion =     1.591
===============================================================================
| RE_POSITION Moving by  -4.986245  2.425749 -3.126200

 NSTEP =   320000   TIME(PS) =    2640.000  TEMP(K) =   221.12  PRESS =     0.0
 Etot   =         8.0926  EKtot   =        17.3569  EPtot      =        -9.2643
 BOND   =         6.2860  ANGLE   =        16.6360  DIHED      =        21.8755
 1-4 NB =         3.9040  1-4 EEL =       111.6759  VDWAALS    =        -3.4978
 EELEC  =      -143.7503  EGB     =       -24.7193  RESTRAINT  =         0.3497
 ESURF=         1.9760
 EAMBER (non-restraint)  =        -9.6140
 ------------------------------------------------------------------------------

 NMR restraints: Bond =    0.000   Angle =     0.000   Torsion =     0.350
===============================================================================

 NSTEP =   325000   TIME(PS) =    2650.000  TEMP(K) =   279.11  PRESS =     0.0
 Etot   =        16.9353  EKtot   =        21.9085  EPtot      =        -4.9732
 BOND   =         4.3014  ANGLE   =        15.8944  DIHED      =        25.8529
 1-4 NB =         4.2868  1-4 EEL =       113.1049  VDWAALS    =        -4.1722
 EELEC  =      -137.7615  EGB     =       -29.7210  RESTRAINT  =         1.3156
 ESURF=         1.9256
 EAMBER (non-restraint)  =        -6.2888
 ------------------------------------------------------------------------------

 NMR restraints: Bond =    0.000   Angle =     0.000   Torsion =     1.316
===============================================================================
| RE_POSITION Moving by   0.673144 -0.317276  1.466108

 NSTEP =   330000   TIME(PS) =    2660.000  TEMP(K) =   274.30  PRESS =     0.0
 Etot   =         8.4383  EKtot   =        21.5306  EPtot      =       -13.0923
 BOND   =         2.0905  ANGLE   =        10.5299  DIHED      =        24.6739
 1-4 NB =         4.6383  1-4 EEL =       114.4523  VDWAALS    =        -3.9638
 EELEC  =      -145.0152  EGB     =       -22.6475  RESTRAINT  =         0.2179
 ESURF=         1.9312
 EAMBER (non-restraint)  =       -13.3102
 ------------------------------------------------------------------------------

 NMR restraints: Bond =    0.000   Angle =     0.000   Torsion =     0.218
===============================================================================

 NSTEP =   335000   TIME(PS) =    2670.000  TEMP(K) =   332.05  PRESS =     0.0
 Etot   =        18.3538  EKtot   =        26.0637  EPtot      =        -7.7099
 BOND   =         3.7427  ANGLE   =        15.1433  DIHED      =        23.0565
 1-4 NB =         4.4455  1-4 EEL =       112.3269  VDWAALS    =        -3.1701
 EELEC  =      -142.4506  EGB     =       -23.5859  RESTRAINT  =         0.8028
 ESURF=         1.9790
 EAMBER (non-restraint)  =        -8.5127
 ------------------------------------------------------------------------------

 NMR restraints: Bond =    0.000   Angle =     0.000   Torsion =     0.803
===============================================================================
| RE_POSITION Moving by   6.260997 -1.084195  2.619992

 NSTEP =   340000   TIME(PS) =    2680.000  TEMP(K) =   315.77  PRESS =     0.0
 Etot   =        15.9748  EKtot   =        24.7862  EPtot      =        -8.8114
 BOND   =         4.0261  ANGLE   =        13.6878  DIHED      =        24.0652
 1-4 NB =         5.1866  1-4 EEL =       112.9683  VDWAALS    =        -2.5083
 EELEC  =      -142.2960  EGB     =       -26.2585  RESTRAINT  =         0.3268
 ESURF=         1.9905
 EAMBER (non-restraint)  =        -9.1382
 ------------------------------------------------------------------------------

 NMR restraints: Bond =    0.000   Angle =     0.000   Torsion =     0.327
===============================================================================

 NSTEP =   345000   TIME(PS) =    2690.000  TEMP(K) =   343.54  PRESS =     0.0
 Etot   =        20.1670  EKtot   =        26.9657  EPtot      =        -6.7986
 BOND   =         3.1927  ANGLE   =        13.5957  DIHED      =        26.7611
 1-4 NB =         5.0730  1-4 EEL =       113.7832  VDWAALS    =        -2.7798
 EELEC  =      -145.4400  EGB     =       -23.7635  RESTRAINT  =         0.8043
 ESURF=         1.9745
 EAMBER (non-restraint)  =        -7.6029
 ------------------------------------------------------------------------------

 NMR restraints: Bond =    0.000   Angle =     0.000   Torsion =     0.804
===============================================================================
| RE_POSITION Moving by  -1.068648 -0.955299  6.234457

 NSTEP =   350000   TIME(PS) =    2700.000  TEMP(K) =   334.28  PRESS =     0.0
 Etot   =        21.1355  EKtot   =        26.2387  EPtot      =        -5.1032
 BOND   =         8.0595  ANGLE   =        16.3704  DIHED      =        23.4063
 1-4 NB =         2.7648  1-4 EEL =       111.0011  VDWAALS    =        -2.9657
 EELEC  =      -133.1944  EGB     =       -32.4904  RESTRAINT  =         0.0037
 ESURF=         1.9416
 EAMBER (non-restraint)  =        -5.1069
 ------------------------------------------------------------------------------

 NMR restraints: Bond =    0.000   Angle =     0.000   Torsion =     0.004
===============================================================================

 NSTEP =   355000   TIME(PS) =    2710.000  TEMP(K) =   281.79  PRESS =     0.0
 Etot   =        13.5439  EKtot   =        22.1188  EPtot      =        -8.5749
 BOND   =         4.2538  ANGLE   =        13.7893  DIHED      =        25.5485
 1-4 NB =         4.2046  1-4 EEL =       116.2381  VDWAALS    =        -3.6197
 EELEC  =      -146.8321  EGB     =       -24.9392  RESTRAINT  =         0.8124
 ESURF=         1.9694
 EAMBER (non-restraint)  =        -9.3872
 ------------------------------------------------------------------------------

 NMR restraints: Bond =    0.000   Angle =     0.000   Torsion =     0.812
===============================================================================
| RE_POSITION Moving by   1.335285 -0.379629  2.905962

 NSTEP =   360000   TIME(PS) =    2720.000  TEMP(K) =   249.86  PRESS =     0.0
 Etot   =        12.3333  EKtot   =        19.6128  EPtot      =        -7.2795
 BOND   =         7.3625  ANGLE   =        13.2615  DIHED      =        23.1545
 1-4 NB =         4.5917  1-4 EEL =       114.1564  VDWAALS    =        -3.8202
 EELEC  =      -139.6785  EGB     =       -29.3831  RESTRAINT  =         1.1226
 ESURF=         1.9530
 EAMBER (non-restraint)  =        -8.4021
 ------------------------------------------------------------------------------

 NMR restraints: Bond =    0.000   Angle =     0.000   Torsion =     1.123
===============================================================================

 NSTEP =   365000   TIME(PS) =    2730.000  TEMP(K) =   319.55  PRESS =     0.0
 Etot   =        15.5246  EKtot   =        25.0829  EPtot      =        -9.5583
 BOND   =         2.6424  ANGLE   =        13.9991  DIHED      =        21.7213
 1-4 NB =         5.9330  1-4 EEL =       118.2371  VDWAALS    =        -2.9854
 EELEC  =      -147.4341  EGB     =       -23.8964  RESTRAINT  =         0.2620
 ESURF=         1.9627
 EAMBER (non-restraint)  =        -9.8203
 ------------------------------------------------------------------------------

 NMR restraints: Bond =    0.000   Angle =     0.000   Torsion =     0.262
===============================================================================
| RE_POSITION Moving by   1.009335  4.476187  1.099177

 NSTEP =   370000   TIME(PS) =    2740.000  TEMP(K) =   313.94  PRESS =     0.0
 Etot   =        23.4997  EKtot   =        24.6425  EPtot      =        -1.1428
 BOND   =         4.7985  ANGLE   =        22.2516  DIHED      =        23.7212
 1-4 NB =         4.4140  1-4 EEL =       107.9682  VDWAALS    =        -3.5367
 EELEC  =      -135.2146  EGB     =       -29.6648  RESTRAINT  =         2.1761
 ESURF=         1.9437
 EAMBER (non-restraint)  =        -3.3188
 ------------------------------------------------------------------------------

 NMR restraints: Bond =    0.000   Angle =     0.000   Torsion =     2.176
===============================================================================

 NSTEP =   375000   TIME(PS) =    2750.000  TEMP(K) =   364.65  PRESS =     0.0
 Etot   =        17.9739  EKtot   =        28.6226  EPtot      =       -10.6487
 BOND   =         3.6536  ANGLE   =        12.8899  DIHED      =        24.6347
 1-4 NB =         4.6450  1-4 EEL =       114.4311  VDWAALS    =        -3.4205
 EELEC  =      -140.3423  EGB     =       -29.0430  RESTRAINT  =         0.0174
 ESURF=         1.8854
 EAMBER (non-restraint)  =       -10.6661
 ------------------------------------------------------------------------------

 NMR restraints: Bond =    0.000   Angle =     0.000   Torsion =     0.017
===============================================================================
| RE_POSITION Moving by   6.388724  1.023258 -8.520547

 NSTEP =   380000   TIME(PS) =    2760.000  TEMP(K) =   267.35  PRESS =     0.0
 Etot   =        11.2453  EKtot   =        20.9852  EPtot      =        -9.7399
 BOND   =         5.1695  ANGLE   =        13.2246  DIHED      =        22.2145
 1-4 NB =         4.4012  1-4 EEL =       115.6557  VDWAALS    =        -3.3719
 EELEC  =      -145.1428  EGB     =       -24.5706  RESTRAINT  =         0.7174
 ESURF=         1.9624
 EAMBER (non-restraint)  =       -10.4573
 ------------------------------------------------------------------------------

 NMR restraints: Bond =    0.000   Angle =     0.000   Torsion =     0.717
===============================================================================

 NSTEP =   385000   TIME(PS) =    2770.000  TEMP(K) =   271.22  PRESS =     0.0
 Etot   =        15.4665  EKtot   =        21.2895  EPtot      =        -5.8230
 BOND   =         3.9650  ANGLE   =        16.5235  DIHED      =        25.0066
 1-4 NB =         3.7319  1-4 EEL =       117.1797  VDWAALS    =        -3.0974
 EELEC  =      -147.3709  EGB     =       -23.9500  RESTRAINT  =         0.2005
 ESURF=         1.9881
 EAMBER (non-restraint)  =        -6.0235
 ------------------------------------------------------------------------------

 NMR restraints: Bond =    0.000   Angle =     0.000   Torsion =     0.200
===============================================================================
| RE_POSITION Moving by  -1.611815  0.985699  9.985751

 NSTEP =   390000   TIME(PS) =    2780.000  TEMP(K) =   306.58  PRESS =     0.0
 Etot   =        18.3014  EKtot   =        24.0651  EPtot      =        -5.7637
 BOND   =         7.5978  ANGLE   =        13.9647  DIHED      =        24.2508
 1-4 NB =         4.4983  1-4 EEL =       107.5158  VDWAALS    =        -2.6136
 EELEC  =      -138.8439  EGB     =       -25.8340  RESTRAINT  =         1.7547
 ESURF=         1.9456
 EAMBER (non-restraint)  =        -7.5184
 ------------------------------------------------------------------------------

 NMR restraints: Bond =    0.000   Angle =     0.000   Torsion =     1.755
===============================================================================

 NSTEP =   395000   TIME(PS) =    2790.000  TEMP(K) =   305.30  PRESS =     0.0
 Etot   =        13.2270  EKtot   =        23.9644  EPtot      =       -10.7374
 BOND   =         3.9244  ANGLE   =        14.2374  DIHED      =        22.4110
 1-4 NB =         4.5053  1-4 EEL =       112.1463  VDWAALS    =        -1.8976
 EELEC  =      -141.3529  EGB     =       -26.7960  RESTRAINT  =         0.0918
 ESURF=         1.9930
 EAMBER (non-restraint)  =       -10.8291
 ------------------------------------------------------------------------------

 NMR restraints: Bond =    0.000   Angle =     0.000   Torsion =     0.092
===============================================================================
| RE_POSITION Moving by  -6.646814  1.032586 -8.424684

 NSTEP =   400000   TIME(PS) =    2800.000  TEMP(K) =   276.60  PRESS =     0.0
 Etot   =        11.6429  EKtot   =        21.7117  EPtot      =       -10.0688
 BOND   =         1.3835  ANGLE   =        12.1156  DIHED      =        24.7135
 1-4 NB =         5.5293  1-4 EEL =       111.8635  VDWAALS    =        -3.2224
 EELEC  =      -140.6362  EGB     =       -23.8646  RESTRAINT  =         0.1162
 ESURF=         1.9329
 EAMBER (non-restraint)  =       -10.1850
 ------------------------------------------------------------------------------

 NMR restraints: Bond =    0.000   Angle =     0.000   Torsion =     0.116
===============================================================================

 NSTEP =   405000   TIME(PS) =    2810.000  TEMP(K) =   308.98  PRESS =     0.0
 Etot   =        18.1929  EKtot   =        24.2529  EPtot      =        -6.0600
 BOND   =         3.6702  ANGLE   =        14.5126  DIHED      =        24.2833
 1-4 NB =         3.8144  1-4 EEL =       113.8670  VDWAALS    =        -2.9625
 EELEC  =      -143.5985  EGB     =       -24.4817  RESTRAINT  =         2.8461
 ESURF=         1.9890
 EAMBER (non-restraint)  =        -8.9061
 ------------------------------------------------------------------------------

 NMR restraints: Bond =    0.000   Angle =     0.000   Torsion =     2.846
===============================================================================
| RE_POSITION Moving by   3.697747 -0.218215  0.669412

 NSTEP =   410000   TIME(PS) =    2820.000  TEMP(K) =   364.98  PRESS =     0.0
 Etot   =        22.1873  EKtot   =        28.6489  EPtot      =        -6.4616
 BOND   =         6.6595  ANGLE   =        13.3212  DIHED      =        24.3193
 1-4 NB =         4.6309  1-4 EEL =       115.6802  VDWAALS    =        -3.5612
 EELEC  =      -140.0588  EGB     =       -29.4094  RESTRAINT  =         0.0121
 ESURF=         1.9446
 EAMBER (non-restraint)  =        -6.4737
 ------------------------------------------------------------------------------

 NMR restraints: Bond =    0.000   Angle =     0.000   Torsion =     0.012
===============================================================================

 NSTEP =   415000   TIME(PS) =    2830.000  TEMP(K) =   275.08  PRESS =     0.0
 Etot   =        15.0557  EKtot   =        21.5925  EPtot      =        -6.5368
 BOND   =         5.3280  ANGLE   =        16.5679  DIHED      =        22.8412
 1-4 NB =         4.9490  1-4 EEL =       117.2542  VDWAALS    =        -3.3942
 EELEC  =      -147.6575  EGB     =       -24.6080  RESTRAINT  =         0.2322
 ESURF=         1.9505
 EAMBER (non-restraint)  =        -6.7690
 ------------------------------------------------------------------------------

 NMR restraints: Bond =    0.000   Angle =     0.000   Torsion =     0.232
===============================================================================
| RE_POSITION Moving by   1.283512 -2.038526  2.537390

 NSTEP =   420000   TIME(PS) =    2840.000  TEMP(K) =   323.82  PRESS =     0.0
 Etot   =        20.0893  EKtot   =        25.4178  EPtot      =        -5.3285
 BOND   =         3.7587  ANGLE   =        17.9040  DIHED      =        25.3739
 1-4 NB =         5.1541  1-4 EEL =       112.2678  VDWAALS    =        -3.2537
 EELEC  =      -144.1193  EGB     =       -24.4766  RESTRAINT  =         0.0799
 ESURF=         1.9829
 EAMBER (non-restraint)  =        -5.4083
 ------------------------------------------------------------------------------

 NMR restraints: Bond =    0.000   Angle =     0.000   Torsion =     0.080
===============================================================================

 NSTEP =   425000   TIME(PS) =    2850.000  TEMP(K) =   272.30  PRESS =     0.0
 Etot   =        15.6467  EKtot   =        21.3737  EPtot      =        -5.7270
 BOND   =         7.6559  ANGLE   =        14.1103  DIHED      =        24.8917
 1-4 NB =         3.5929  1-4 EEL =       108.3708  VDWAALS    =        -2.4479
 EELEC  =      -136.5287  EGB     =       -27.4798  RESTRAINT  =         0.0982
 ESURF=         2.0096
 EAMBER (non-restraint)  =        -5.8252
 ------------------------------------------------------------------------------

 NMR restraints: Bond =    0.000   Angle =     0.000   Torsion =     0.098
===============================================================================
| RE_POSITION Moving by   2.772427  0.128684 -2.846679

 NSTEP =   430000   TIME(PS) =    2860.000  TEMP(K) =   211.95  PRESS =     0.0
 Etot   =         8.2448  EKtot   =        16.6368  EPtot      =        -8.3920
 BOND   =         6.1154  ANGLE   =        13.3576  DIHED      =        24.2881
 1-4 NB =         3.3600  1-4 EEL =       112.2127  VDWAALS    =        -2.7962
 EELEC  =      -142.9003  EGB     =       -24.3491  RESTRAINT  =         0.3453
 ESURF=         1.9743
 EAMBER (non-restraint)  =        -8.7373
 ------------------------------------------------------------------------------

 NMR restraints: Bond =    0.000   Angle =     0.000   Torsion =     0.345
===============================================================================

 NSTEP =   435000   TIME(PS) =    2870.000  TEMP(K) =   328.44  PRESS =     0.0
 Etot   =        23.8316  EKtot   =        25.7806  EPtot      =        -1.9490
 BOND   =         6.0054  ANGLE   =        15.8439  DIHED      =        26.2260
 1-4 NB =         4.9148  1-4 EEL =       116.7838  VDWAALS    =        -3.7069
 EELEC  =      -145.7734  EGB     =       -24.9219  RESTRAINT  =         0.7524
 ESURF=         1.9269
 EAMBER (non-restraint)  =        -2.7015
 ------------------------------------------------------------------------------

 NMR restraints: Bond =    0.000   Angle =     0.000   Torsion =     0.752
===============================================================================
| RE_POSITION Moving by  -0.241194 -1.906540 -3.236977

 NSTEP =   440000   TIME(PS) =    2880.000  TEMP(K) =   354.05  PRESS =     0.0
 Etot   =        18.2099  EKtot   =        27.7904  EPtot      =        -9.5805
 BOND   =         4.3962  ANGLE   =        13.2922  DIHED      =        21.3505
 1-4 NB =         5.3809  1-4 EEL =       118.2941  VDWAALS    =        -1.7755
 EELEC  =      -147.0911  EGB     =       -25.6774  RESTRAINT  =         0.2846
 ESURF=         1.9649
 EAMBER (non-restraint)  =        -9.8651
 ------------------------------------------------------------------------------

 NMR restraints: Bond =    0.000   Angle =     0.000   Torsion =     0.285
===============================================================================

 NSTEP =   445000   TIME(PS) =    2890.000  TEMP(K) =   232.33  PRESS =     0.0
 Etot   =        13.3387  EKtot   =        18.2366  EPtot      =        -4.8979
 BOND   =         3.6981  ANGLE   =        16.8010  DIHED      =        23.6752
 1-4 NB =         5.9721  1-4 EEL =       116.0180  VDWAALS    =        -3.8296
 EELEC  =      -146.8269  EGB     =       -22.5023  RESTRAINT  =         0.1488
 ESURF=         1.9477
 EAMBER (non-restraint)  =        -5.0467
 ------------------------------------------------------------------------------

 NMR restraints: Bond =    0.000   Angle =     0.000   Torsion =     0.149
===============================================================================
| RE_POSITION Moving by  -2.807931  7.016494  2.280359

 NSTEP =   450000   TIME(PS) =    2900.000  TEMP(K) =   380.54  PRESS =     0.0
 Etot   =        34.3826  EKtot   =        29.8698  EPtot      =         4.5127
 BOND   =        13.7864  ANGLE   =        14.8411  DIHED      =        24.8735
 1-4 NB =         3.7334  1-4 EEL =       110.4019  VDWAALS    =        -2.2218
 EELEC  =      -141.6137  EGB     =       -23.8424  RESTRAINT  =         2.6172
 ESURF=         1.9371
 EAMBER (non-restraint)  =         1.8955
 ------------------------------------------------------------------------------

 NMR restraints: Bond =    0.000   Angle =     0.000   Torsion =     2.617
===============================================================================

 NSTEP =   455000   TIME(PS) =    2910.000  TEMP(K) =   248.28  PRESS =     0.0
 Etot   =        19.9885  EKtot   =        19.4883  EPtot      =         0.5002
 BOND   =         5.9806  ANGLE   =        19.2777  DIHED      =        25.8471
 1-4 NB =         3.9838  1-4 EEL =       108.5490  VDWAALS    =        -3.4321
 EELEC  =      -139.5824  EGB     =       -23.1389  RESTRAINT  =         1.0172
 ESURF=         1.9982
 EAMBER (non-restraint)  =        -0.5170
 ------------------------------------------------------------------------------

 NMR restraints: Bond =    0.000   Angle =     0.000   Torsion =     1.017
===============================================================================
| RE_POSITION Moving by  -1.232933  0.638880 -8.362289

 NSTEP =   460000   TIME(PS) =    2920.000  TEMP(K) =   321.70  PRESS =     0.0
 Etot   =        17.1840  EKtot   =        25.2512  EPtot      =        -8.0673
 BOND   =         5.1130  ANGLE   =        12.2891  DIHED      =        25.7078
 1-4 NB =         4.8160  1-4 EEL =       113.8779  VDWAALS    =        -3.5463
 EELEC  =      -138.0875  EGB     =       -30.1918  RESTRAINT  =         0.0102
 ESURF=         1.9444
 EAMBER (non-restraint)  =        -8.0775
 ------------------------------------------------------------------------------

 NMR restraints: Bond =    0.000   Angle =     0.000   Torsion =     0.010
===============================================================================

 NSTEP =   465000   TIME(PS) =    2930.000  TEMP(K) =   252.85  PRESS =     0.0
 Etot   =        22.1058  EKtot   =        19.8475  EPtot      =         2.2583
 BOND   =         3.7626  ANGLE   =        25.5086  DIHED      =        25.9136
 1-4 NB =         3.9778  1-4 EEL =       109.1570  VDWAALS    =        -3.9846
 EELEC  =      -134.9272  EGB     =       -29.2696  RESTRAINT  =         0.1814
 ESURF=         1.9387
 EAMBER (non-restraint)  =         2.0769
 ------------------------------------------------------------------------------

 NMR restraints: Bond =    0.000   Angle =     0.000   Torsion =     0.181
===============================================================================
| RE_POSITION Moving by   4.723532  3.849926 -6.896494

 NSTEP =   470000   TIME(PS) =    2940.000  TEMP(K) =   280.34  PRESS =     0.0
 Etot   =        16.7312  EKtot   =        22.0052  EPtot      =        -5.2740
 BOND   =         6.4381  ANGLE   =        18.2233  DIHED      =        22.6278
 1-4 NB =         4.6507  1-4 EEL =       113.6850  VDWAALS    =        -3.0195
 EELEC  =      -143.3325  EGB     =       -26.5501  RESTRAINT  =         0.0263
 ESURF=         1.9769
 EAMBER (non-restraint)  =        -5.3003
 ------------------------------------------------------------------------------

 NMR restraints: Bond =    0.000   Angle =     0.000   Torsion =     0.026
===============================================================================

 NSTEP =   475000   TIME(PS) =    2950.000  TEMP(K) =   289.08  PRESS =     0.0
 Etot   =        15.0195  EKtot   =        22.6909  EPtot      =        -7.6714
 BOND   =         4.9694  ANGLE   =        16.2162  DIHED      =        22.2498
 1-4 NB =         4.4978  1-4 EEL =       109.6493  VDWAALS    =        -2.0847
 EELEC  =      -137.4499  EGB     =       -27.8881  RESTRAINT  =         0.2356
 ESURF=         1.9333
 EAMBER (non-restraint)  =        -7.9070
 ------------------------------------------------------------------------------

 NMR restraints: Bond =    0.000   Angle =     0.000   Torsion =     0.236
===============================================================================
| RE_POSITION Moving by  -2.879029  1.994918  3.260564

 NSTEP =   480000   TIME(PS) =    2960.000  TEMP(K) =   396.25  PRESS =     0.0
 Etot   =        20.3534  EKtot   =        31.1032  EPtot      =       -10.7499
 BOND   =         6.4030  ANGLE   =        12.2994  DIHED      =        24.4820
 1-4 NB =         3.8187  1-4 EEL =       111.6164  VDWAALS    =        -3.9187
 EELEC  =      -143.1787  EGB     =       -24.3594  RESTRAINT  =         0.1068
 ESURF=         1.9805
 EAMBER (non-restraint)  =       -10.8566
 ------------------------------------------------------------------------------

 NMR restraints: Bond =    0.000   Angle =     0.000   Torsion =     0.107
===============================================================================

 NSTEP =   485000   TIME(PS) =    2970.000  TEMP(K) =   337.90  PRESS =     0.0
 Etot   =        24.3078  EKtot   =        26.5229  EPtot      =        -2.2151
 BOND   =         5.3619  ANGLE   =        20.2008  DIHED      =        22.7031
 1-4 NB =         4.2578  1-4 EEL =       109.2697  VDWAALS    =        -2.7265
 EELEC  =      -137.4868  EGB     =       -28.0939  RESTRAINT  =         2.3123
 ESURF=         1.9865
 EAMBER (non-restraint)  =        -4.5274
 ------------------------------------------------------------------------------

 NMR restraints: Bond =    0.000   Angle =     0.000   Torsion =     2.312
===============================================================================
| RE_POSITION Moving by  -3.929154 -7.148543  7.190208

 NSTEP =   490000   TIME(PS) =    2980.000  TEMP(K) =   312.98  PRESS =     0.0
 Etot   =        20.8991  EKtot   =        24.5670  EPtot      =        -3.6679
 BOND   =         4.5490  ANGLE   =        16.8016  DIHED      =        23.1383
 1-4 NB =         6.2107  1-4 EEL =       119.7095  VDWAALS    =        -2.7291
 EELEC  =      -145.1704  EGB     =       -28.1251  RESTRAINT  =         0.0134
 ESURF=         1.9343
 EAMBER (non-restraint)  =        -3.6813
 ------------------------------------------------------------------------------

 NMR restraints: Bond =    0.000   Angle =     0.000   Torsion =     0.013
===============================================================================

 NSTEP =   495000   TIME(PS) =    2990.000  TEMP(K) =   366.61  PRESS =     0.0
 Etot   =        22.3583  EKtot   =        28.7768  EPtot      =        -6.4186
 BOND   =         4.0971  ANGLE   =        17.8626  DIHED      =        23.3981
 1-4 NB =         5.1461  1-4 EEL =       117.3906  VDWAALS    =        -3.0545
 EELEC  =      -149.8881  EGB     =       -23.3583  RESTRAINT  =         0.0149
 ESURF=         1.9729
 EAMBER (non-restraint)  =        -6.4334
 ------------------------------------------------------------------------------

 NMR restraints: Bond =    0.000   Angle =     0.000   Torsion =     0.015
===============================================================================
| RE_POSITION Moving by  -0.066148  4.442682 -6.755978

 NSTEP =   500000   TIME(PS) =    3000.000  TEMP(K) =   294.49  PRESS =     0.0
 Etot   =        14.9437  EKtot   =        23.1159  EPtot      =        -8.1723
 BOND   =         4.4628  ANGLE   =        14.3094  DIHED      =        24.1217
 1-4 NB =         4.5344  1-4 EEL =       114.1263  VDWAALS    =        -2.3412
 EELEC  =      -145.1610  EGB     =       -24.1858  RESTRAINT  =         0.0046
 ESURF=         1.9565
 EAMBER (non-restraint)  =        -8.1769
 ------------------------------------------------------------------------------

 NMR restraints: Bond =    0.000   Angle =     0.000   Torsion =     0.005
===============================================================================

      A V E R A G E S   O V E R  500000 S T E P S


 NSTEP =   500000   TIME(PS) =    3000.000  TEMP(K) =   299.79  PRESS =     0.0
 Etot   =        17.4530  EKtot   =        23.5319  EPtot      =        -6.0789
 BOND   =         5.4529  ANGLE   =        15.7687  DIHED      =        24.0099
 1-4 NB =         4.6393  1-4 EEL =       112.2919  VDWAALS    =        -3.1702
 EELEC  =      -142.7017  EGB     =       -24.6589  RESTRAINT  =         0.3402
 ESURF=         1.9492
 EAMBER (non-restraint)  =        -6.4191
 ------------------------------------------------------------------------------

 NMR restraints: Bond =    0.000   Angle =     0.000   Torsion =     0.005
===============================================================================

      R M S  F L U C T U A T I O N S


 NSTEP =   500000   TIME(PS) =    3000.000  TEMP(K) =    47.61  PRESS =     0.0
 Etot   =         5.2912  EKtot   =         3.7372  EPtot      =         3.7562
 BOND   =         1.9886  ANGLE   =         3.1838  DIHED      =         1.5225
 1-4 NB =         0.9647  1-4 EEL =         3.0419  VDWAALS    =         0.8726
 EELEC  =         3.5435  EGB     =         2.6576  RESTRAINT  =         0.4813
 ESURF=         0.0408
 EAMBER (non-restraint)  =         3.2749
 ------------------------------------------------------------------------------


 NMR restraints on final step:


--------------------------------------------------------------------------------
   5.  TIMINGS
--------------------------------------------------------------------------------

|>>>>>>>>PROFILE of Average TIMES>>>>>>>>> 
|                Calc gb radii             27.70 ( 7.88% of Gen B)
|                Communicate gb radii     222.08 (63.18% of Gen B)
|                Calc gb diag              39.75 (11.31% of Gen B)
|                Calc gb off-diag          25.56 ( 7.27% of Gen B)
|                Surface area energy       35.75 (10.17% of Gen B)
|                Other                      0.68 ( 0.19% of Gen B)
|             Gen Born time            351.51 (100.0% of Nonbo)
|             IPS excludes               0.08 ( 0.02% of Nonbo)
|          Nonbond force            351.59 (29.33% of Force)
|          Bond/Angle/Dihedral       12.32 ( 1.03% of Force)
|          FRC Collect time         602.23 (50.24% of Force)
|          Other                    232.50 (19.40% of Force)
|       Force time              1198.64 (78.31% of Runmd)
|       Shake time                 1.63 ( 0.11% of Runmd)
|       Verlet update time       260.11 (16.99% of Runmd)
|       CRD distribute time       69.02 ( 4.51% of Runmd)
|       Other                      1.13 ( 0.07% of Runmd)
|    Runmd Time              1530.54 (100.0% of Total)
|    Other                      0.22 ( 0.01% of Total)
| Total time              1530.76 (100.0% of ALL  )

| Number of list builds   :          0

| Highest rstack allocated:          0
| Highest istack allocated:          0

| Final Performance Info:
| -----------------------------------------------------
| Average timings for all steps:
|     Elapsed(s) =    1530.54 Per Step(ms) =       3.06
|         ns/day =      56.45   seconds/ns =    1530.54
| -----------------------------------------------------

|           Job began  at 20:31:41.685  on 04/27/2013
|           Setup done at 20:31:41.904  on 04/27/2013
|           Run   done at 20:57:12.446  on 04/27/2013
|     wallclock() was called18500113 times
