
          -------------------------------------------------------
          Amber 12 SANDER                              2012
          -------------------------------------------------------

| Run on 04/27/2013 at 20:31:41
  [-O]verwriting output

File Assignments:
|  MDIN: run_180.in                                                            
| MDOUT: run_180.out                                                           
|INPCRD: ../eq2/run_180.rst                                                    
|  PARM: parm                                                                  
|RESTRT: run_180.rst                                                           
|  REFC: refc                                                                  
| MDVEL: mdvel                                                                 
|  MDEN: mden                                                                  
| MDCRD: run_180.nc                                                            
|MDINFO: mdinfo                                                                
|  MTMD: mtmd                                                                  
|INPDIP: inpdip                                                                
|RSTDIP: rstdip                                                                

|INPTRA: inptraj                                                               
|
 
 Here is the input file:
 
equilibration with restraint                                                   
 &cntrl                                                                        
   ig=4414,                                                                    
   irest=1, ntx=5,                                                             
   igb=8, gbsa=1,                                                              
   cut=9999.0, rgbmax=9998.0,                                                  
   ntc=2, ntf=1, tol=0.000001,                                                 
   ntt=3, gamma_ln=2.0, tempi=0.1,                                             
   ntb=0, nscm=10000,                                                          
   ioutfm=1,                                                                   
   nstlim=500000, dt=0.002,                                                    
   ntpr=5000, ntwx=5000, ntwv=0, ntwr=500000,                                  
   nmropt=1,                                                                   
 /                                                                             
 &wt                                                                           
  type='DUMPFREQ', istep1=5000,                                                
 /                                                                             
 &wt                                                                           
  type='END',                                                                  
 /                                                                             
DISANG=run_180.disang                                                          
DUMPAVE=run_180.dat                                                            
                                                                               

--------------------------------------------------------------------------------
   1.  RESOURCE   USE: 
--------------------------------------------------------------------------------

| Flags: MPI                                                                    
| New format PARM file being parsed.
| Version =    1.000 Date = 04/27/13 Time = 01:42:54
 NATOM  =      32 NTYPES =       7 NBONH =      17 MBONA  =      14
 NTHETH =      36 MTHETA =      18 NPHIH =      64 MPHIA  =      45
 NHPARM =       0 NPARM  =       0 NNB   =     152 NRES   =       4
 NBONA  =      14 NTHETA =      18 NPHIA =      45 NUMBND =      11
 NUMANG =      21 NPTRA  =      20 NATYP =       8 NPHB   =       0
 IFBOX  =       0 NMXRS  =      10 IFCAP =       0 NEXTRA =       0
 NCOPY  =       0

 Implicit solvent radii are ArgH and AspGluO modified Bondi2 radii (mbondi3)                                
 Replacing prmtop screening parameters with GBn2 (igb=8) values

|     Memory Use     Allocated
|     Real                2310
|     Hollerith            102
|     Integer            23012
|     Max Pairs              1
|     nblistReal             0
|     nblist Int             0
|       Total              108 kbytes

| Note: 1-4 EEL scale factors are being read from the topology file.

| Note: 1-4 VDW scale factors are being read from the topology file.
| Duplicated    0 dihedrals
| Duplicated    0 dihedrals

--------------------------------------------------------------------------------
   2.  CONTROL  DATA  FOR  THE  RUN
--------------------------------------------------------------------------------

ACE                                                                             

General flags:
     imin    =       0, nmropt  =       1

Nature and format of input:
     ntx     =       5, irest   =       1, ntrx    =       1

Nature and format of output:
     ntxo    =       1, ntpr    =    5000, ntrx    =       1, ntwr    =  500000
     iwrap   =       0, ntwx    =    5000, ntwv    =       0, ntwe    =       0
     ioutfm  =       1, ntwprt  =       0, idecomp =       0, rbornstat=      0

Potential function:
     ntf     =       1, ntb     =       0, igb     =       8, nsnb    =      25
     ipol    =       0, gbsa    =       1, iesp    =       0
     dielc   =   1.00000, cut     =9999.00000, intdiel =   1.00000
     saltcon =   0.00000, offset  =   0.19514, surften =   0.00500
     rdt     =   0.00000, rgbmax  =9998.00000  extdiel =  78.50000
     alpb  =        0
     gbalphaH  =   0.78844, gbbetaH   =   0.79870,  gbgammaH  =    0.43733
     gbalphaC  =   0.73376, gbbetaC   =   0.50638,  gbgammaC  =    0.20584
     gbalphaN  =   0.50336, gbbetaN   =   0.31683,  gbgammaN  =    0.19292
     gbalphaOS =   0.86781, gbbetaOS  =   0.87664,  gbgammaOS =    0.38788
     gbalphaP  =   1.00000, gbbetaP   =   0.80000,  gbgammaP  =    4.85100

Frozen or restrained atoms:
     ibelly  =       0, ntr     =       0

Molecular dynamics:
     nstlim  =    500000, nscm    =     10000, nrespa  =         1
     t       =   0.00000, dt      =   0.00200, vlimit  =  20.00000

Langevin dynamics temperature regulation:
     ig      =    4414
     temp0   = 300.00000, tempi   =   0.10000, gamma_ln=   2.00000

SHAKE:
     ntc     =       2, jfastw  =       0
     tol     =   0.00000

NMR refinement options:
     iscale  =       0, noeskp  =       1, ipnlty  =       1, mxsub   =       1
     scalm   = 100.00000, pencut  =   0.10000, tausw   =   0.10000

| MPI Timing options:
|      profile_mpi =        0
|  INFO: Old style inpcrd file read


--------------------------------------------------------------------------------
   3.  ATOMIC COORDINATES AND VELOCITIES
--------------------------------------------------------------------------------

ACE                                                                             
 begin time read from input coords =  2000.000 ps



           Begin reading energy term weight changes/NMR restraints
 WEIGHT CHANGES:
 DUMPFREQ   5000      0    0.000000    0.000000      0      0
                         ** No weight changes given **

 RESTRAINTS:
 Requested file redirections:
  DISANG    = run_180.disang
  DUMPAVE   = run_180.dat
 Restraints will be read from file: run_180.disang
Here are comments from the DISANG input file:

                       Number of restraints read =     1

                  Done reading weight changes/NMR restraints


 Number of triangulated 3-point waters found:        0
|  Atom division among processors:
|         0      16      32
|  Running AMBER/MPI version on    2 nodes


--------------------------------------------------------------------------------
   4.  RESULTS
--------------------------------------------------------------------------------

|  # of SOLUTE  degrees of freedom (RNDFP):      79.
|  # of SOLVENT degrees of freedom (RNDFS):       0.
|  NDFMIN =      79.     NUM_NOSHAKE =      0     CORRECTED RNDFP =      79.
|  TOTAL # of degrees of freedom (RNDF) =      79.

 NSTEP =     5000   TIME(PS) =    2010.000  TEMP(K) =   290.98  PRESS =     0.0
 Etot   =        13.6306  EKtot   =        22.8402  EPtot      =        -9.2096
 BOND   =         4.6457  ANGLE   =        19.4284  DIHED      =        19.0986
 1-4 NB =         3.7278  1-4 EEL =       115.7414  VDWAALS    =        -2.4191
 EELEC  =      -145.4195  EGB     =       -26.0580  RESTRAINT  =         0.0347
 ESURF=         2.0104
 EAMBER (non-restraint)  =        -9.2443
 ------------------------------------------------------------------------------

 NMR restraints: Bond =    0.000   Angle =     0.000   Torsion =     0.035
===============================================================================
| RE_POSITION Moving by   1.845766-11.999901  4.873897

 NSTEP =    10000   TIME(PS) =    2020.000  TEMP(K) =   258.99  PRESS =     0.0
 Etot   =         5.6394  EKtot   =        20.3292  EPtot      =       -14.6898
 BOND   =         3.1928  ANGLE   =        10.7184  DIHED      =        22.6005
 1-4 NB =         4.1174  1-4 EEL =       121.9344  VDWAALS    =        -4.0251
 EELEC  =      -153.0241  EGB     =       -22.6638  RESTRAINT  =         0.4861
 ESURF=         1.9735
 EAMBER (non-restraint)  =       -15.1760
 ------------------------------------------------------------------------------

 NMR restraints: Bond =    0.000   Angle =     0.000   Torsion =     0.486
===============================================================================

 NSTEP =    15000   TIME(PS) =    2030.000  TEMP(K) =   302.76  PRESS =     0.0
 Etot   =         9.3738  EKtot   =        23.7648  EPtot      =       -14.3910
 BOND   =         4.5495  ANGLE   =        12.7086  DIHED      =        18.2465
 1-4 NB =         5.5788  1-4 EEL =       121.1448  VDWAALS    =        -3.6052
 EELEC  =      -149.0604  EGB     =       -26.0195  RESTRAINT  =         0.0922
 ESURF=         1.9738
 EAMBER (non-restraint)  =       -14.4832
 ------------------------------------------------------------------------------

 NMR restraints: Bond =    0.000   Angle =     0.000   Torsion =     0.092
===============================================================================
| RE_POSITION Moving by  -1.789729  1.075282 -3.158477

 NSTEP =    20000   TIME(PS) =    2040.000  TEMP(K) =   352.35  PRESS =     0.0
 Etot   =        15.3181  EKtot   =        27.6577  EPtot      =       -12.3396
 BOND   =         4.8866  ANGLE   =        13.0579  DIHED      =        18.6426
 1-4 NB =         4.8021  1-4 EEL =       122.7561  VDWAALS    =        -2.6833
 EELEC  =      -150.6024  EGB     =       -25.2037  RESTRAINT  =         0.0138
 ESURF=         1.9907
 EAMBER (non-restraint)  =       -12.3534
 ------------------------------------------------------------------------------

 NMR restraints: Bond =    0.000   Angle =     0.000   Torsion =     0.014
===============================================================================

 NSTEP =    25000   TIME(PS) =    2050.000  TEMP(K) =   228.28  PRESS =     0.0
 Etot   =         3.7164  EKtot   =        17.9187  EPtot      =       -14.2023
 BOND   =         4.6537  ANGLE   =        10.9210  DIHED      =        19.0140
 1-4 NB =         6.9190  1-4 EEL =       120.3102  VDWAALS    =        -3.7234
 EELEC  =      -152.0472  EGB     =       -23.2377  RESTRAINT  =         1.0138
 ESURF=         1.9741
 EAMBER (non-restraint)  =       -15.2162
 ------------------------------------------------------------------------------

 NMR restraints: Bond =    0.000   Angle =     0.000   Torsion =     1.014
===============================================================================
| RE_POSITION Moving by  -4.924670  1.666921  6.552102

 NSTEP =    30000   TIME(PS) =    2060.000  TEMP(K) =   281.53  PRESS =     0.0
 Etot   =         9.2019  EKtot   =        22.0984  EPtot      =       -12.8965
 BOND   =         3.1450  ANGLE   =        14.1860  DIHED      =        20.6263
 1-4 NB =         6.1009  1-4 EEL =       117.1402  VDWAALS    =        -2.9432
 EELEC  =      -148.1333  EGB     =       -24.9990  RESTRAINT  =         0.0001
 ESURF=         1.9805
 EAMBER (non-restraint)  =       -12.8966
 ------------------------------------------------------------------------------

 NMR restraints: Bond =    0.000   Angle =     0.000   Torsion =     0.000
===============================================================================

 NSTEP =    35000   TIME(PS) =    2070.000  TEMP(K) =   266.30  PRESS =     0.0
 Etot   =        11.6037  EKtot   =        20.9033  EPtot      =        -9.2996
 BOND   =         4.6419  ANGLE   =        16.1998  DIHED      =        21.2012
 1-4 NB =         5.2231  1-4 EEL =       115.3372  VDWAALS    =        -3.4926
 EELEC  =      -146.1505  EGB     =       -24.3753  RESTRAINT  =         0.1031
 ESURF=         2.0126
 EAMBER (non-restraint)  =        -9.4026
 ------------------------------------------------------------------------------

 NMR restraints: Bond =    0.000   Angle =     0.000   Torsion =     0.103
===============================================================================
| RE_POSITION Moving by   3.034257 -0.457993  1.885681

 NSTEP =    40000   TIME(PS) =    2080.000  TEMP(K) =   276.61  PRESS =     0.0
 Etot   =        12.4463  EKtot   =        21.7122  EPtot      =        -9.2659
 BOND   =         4.1822  ANGLE   =        15.0034  DIHED      =        21.8269
 1-4 NB =         5.2027  1-4 EEL =       113.1275  VDWAALS    =        -3.3337
 EELEC  =      -142.2277  EGB     =       -25.1346  RESTRAINT  =         0.0777
 ESURF=         2.0097
 EAMBER (non-restraint)  =        -9.3436
 ------------------------------------------------------------------------------

 NMR restraints: Bond =    0.000   Angle =     0.000   Torsion =     0.078
===============================================================================

 NSTEP =    45000   TIME(PS) =    2090.000  TEMP(K) =   299.72  PRESS =     0.0
 Etot   =        13.7815  EKtot   =        23.5263  EPtot      =        -9.7448
 BOND   =         2.4343  ANGLE   =        16.3351  DIHED      =        20.0170
 1-4 NB =         6.8571  1-4 EEL =       119.1027  VDWAALS    =        -2.6370
 EELEC  =      -149.2657  EGB     =       -24.5532  RESTRAINT  =         0.0036
 ESURF=         1.9614
 EAMBER (non-restraint)  =        -9.7484
 ------------------------------------------------------------------------------

 NMR restraints: Bond =    0.000   Angle =     0.000   Torsion =     0.004
===============================================================================
| RE_POSITION Moving by   1.286324 -2.559665 10.246194

 NSTEP =    50000   TIME(PS) =    2100.000  TEMP(K) =   256.21  PRESS =     0.0
 Etot   =         4.8731  EKtot   =        20.1110  EPtot      =       -15.2379
 BOND   =         3.2952  ANGLE   =        13.5226  DIHED      =        19.3634
 1-4 NB =         4.8754  1-4 EEL =       117.2020  VDWAALS    =        -3.0973
 EELEC  =      -149.5983  EGB     =       -22.9976  RESTRAINT  =         0.1525
 ESURF=         2.0442
 EAMBER (non-restraint)  =       -15.3904
 ------------------------------------------------------------------------------

 NMR restraints: Bond =    0.000   Angle =     0.000   Torsion =     0.152
===============================================================================

 NSTEP =    55000   TIME(PS) =    2110.000  TEMP(K) =   278.06  PRESS =     0.0
 Etot   =         8.4401  EKtot   =        21.8259  EPtot      =       -13.3858
 BOND   =         4.9661  ANGLE   =        13.9472  DIHED      =        18.2408
 1-4 NB =         4.7866  1-4 EEL =       113.0051  VDWAALS    =        -2.8726
 EELEC  =      -144.8169  EGB     =       -23.2339  RESTRAINT  =         0.5411
 ESURF=         2.0508
 EAMBER (non-restraint)  =       -13.9268
 ------------------------------------------------------------------------------

 NMR restraints: Bond =    0.000   Angle =     0.000   Torsion =     0.541
===============================================================================
| RE_POSITION Moving by   0.201606  0.047814 -0.461335

 NSTEP =    60000   TIME(PS) =    2120.000  TEMP(K) =   357.35  PRESS =     0.0
 Etot   =        19.8472  EKtot   =        28.0495  EPtot      =        -8.2022
 BOND   =         8.7532  ANGLE   =        12.2019  DIHED      =        19.1155
 1-4 NB =         5.5880  1-4 EEL =       121.7301  VDWAALS    =        -2.2075
 EELEC  =      -150.4533  EGB     =       -25.2851  RESTRAINT  =         0.3273
 ESURF=         2.0276
 EAMBER (non-restraint)  =        -8.5295
 ------------------------------------------------------------------------------

 NMR restraints: Bond =    0.000   Angle =     0.000   Torsion =     0.327
===============================================================================

 NSTEP =    65000   TIME(PS) =    2130.000  TEMP(K) =   287.36  PRESS =     0.0
 Etot   =        14.1622  EKtot   =        22.5564  EPtot      =        -8.3943
 BOND   =         5.7077  ANGLE   =        17.5150  DIHED      =        17.2241
 1-4 NB =         6.1082  1-4 EEL =       113.2813  VDWAALS    =        -2.0813
 EELEC  =      -142.0718  EGB     =       -26.8227  RESTRAINT  =         0.7501
 ESURF=         1.9952
 EAMBER (non-restraint)  =        -9.1444
 ------------------------------------------------------------------------------

 NMR restraints: Bond =    0.000   Angle =     0.000   Torsion =     0.750
===============================================================================
| RE_POSITION Moving by   3.881029 -3.545371  9.558581

 NSTEP =    70000   TIME(PS) =    2140.000  TEMP(K) =   329.59  PRESS =     0.0
 Etot   =        15.0695  EKtot   =        25.8706  EPtot      =       -10.8011
 BOND   =         2.8878  ANGLE   =        17.0425  DIHED      =        18.4763
 1-4 NB =         5.6423  1-4 EEL =       123.9817  VDWAALS    =        -3.8676
 EELEC  =      -153.6531  EGB     =       -23.2691  RESTRAINT  =         0.0004
 ESURF=         1.9577
 EAMBER (non-restraint)  =       -10.8014
 ------------------------------------------------------------------------------

 NMR restraints: Bond =    0.000   Angle =     0.000   Torsion =     0.000
===============================================================================

 NSTEP =    75000   TIME(PS) =    2150.000  TEMP(K) =   403.34  PRESS =     0.0
 Etot   =        24.6078  EKtot   =        31.6601  EPtot      =        -7.0523
 BOND   =         6.2271  ANGLE   =        17.6577  DIHED      =        21.0654
 1-4 NB =         5.0414  1-4 EEL =       116.5829  VDWAALS    =        -3.2052
 EELEC  =      -149.1813  EGB     =       -23.3865  RESTRAINT  =         0.1591
 ESURF=         1.9872
 EAMBER (non-restraint)  =        -7.2113
 ------------------------------------------------------------------------------

 NMR restraints: Bond =    0.000   Angle =     0.000   Torsion =     0.159
===============================================================================
| RE_POSITION Moving by   2.673566-12.013269  2.719624

 NSTEP =    80000   TIME(PS) =    2160.000  TEMP(K) =   300.62  PRESS =     0.0
 Etot   =        10.0880  EKtot   =        23.5965  EPtot      =       -13.5085
 BOND   =         1.5069  ANGLE   =        11.2487  DIHED      =        21.2344
 1-4 NB =         5.1764  1-4 EEL =       119.5177  VDWAALS    =        -1.9407
 EELEC  =      -146.6426  EGB     =       -26.7401  RESTRAINT  =         1.1557
 ESURF=         1.9753
 EAMBER (non-restraint)  =       -14.6642
 ------------------------------------------------------------------------------

 NMR restraints: Bond =    0.000   Angle =     0.000   Torsion =     1.156
===============================================================================

 NSTEP =    85000   TIME(PS) =    2170.000  TEMP(K) =   311.74  PRESS =     0.0
 Etot   =        10.9504  EKtot   =        24.4700  EPtot      =       -13.5196
 BOND   =         3.3529  ANGLE   =        12.8762  DIHED      =        20.0474
 1-4 NB =         4.5384  1-4 EEL =       121.4715  VDWAALS    =        -3.1120
 EELEC  =      -152.7916  EGB     =       -22.4182  RESTRAINT  =         0.4982
 ESURF=         2.0175
 EAMBER (non-restraint)  =       -14.0179
 ------------------------------------------------------------------------------

 NMR restraints: Bond =    0.000   Angle =     0.000   Torsion =     0.498
===============================================================================
| RE_POSITION Moving by  -1.426018  4.988433 -7.762969

 NSTEP =    90000   TIME(PS) =    2180.000  TEMP(K) =   322.17  PRESS =     0.0
 Etot   =         7.1097  EKtot   =        25.2885  EPtot      =       -18.1787
 BOND   =         7.2003  ANGLE   =         8.5957  DIHED      =        17.1657
 1-4 NB =         3.8953  1-4 EEL =       122.5276  VDWAALS    =        -3.2971
 EELEC  =      -149.9790  EGB     =       -26.2761  RESTRAINT  =         0.0160
 ESURF=         1.9729
 EAMBER (non-restraint)  =       -18.1947
 ------------------------------------------------------------------------------

 NMR restraints: Bond =    0.000   Angle =     0.000   Torsion =     0.016
===============================================================================

 NSTEP =    95000   TIME(PS) =    2190.000  TEMP(K) =   297.41  PRESS =     0.0
 Etot   =         7.7605  EKtot   =        23.3448  EPtot      =       -15.5843
 BOND   =         3.3312  ANGLE   =        11.1541  DIHED      =        19.5960
 1-4 NB =         5.4829  1-4 EEL =       119.0326  VDWAALS    =        -3.2159
 EELEC  =      -148.8869  EGB     =       -24.1720  RESTRAINT  =         0.1074
 ESURF=         1.9862
 EAMBER (non-restraint)  =       -15.6917
 ------------------------------------------------------------------------------

 NMR restraints: Bond =    0.000   Angle =     0.000   Torsion =     0.107
===============================================================================
| RE_POSITION Moving by  -0.111068  0.590627 -7.112920

 NSTEP =   100000   TIME(PS) =    2200.000  TEMP(K) =   296.87  PRESS =     0.0
 Etot   =         9.2384  EKtot   =        23.3024  EPtot      =       -14.0641
 BOND   =         4.5367  ANGLE   =        13.7570  DIHED      =        18.7404
 1-4 NB =         4.9943  1-4 EEL =       116.4542  VDWAALS    =        -3.0392
 EELEC  =      -142.6113  EGB     =       -29.0507  RESTRAINT  =         0.2003
 ESURF=         1.9542
 EAMBER (non-restraint)  =       -14.2643
 ------------------------------------------------------------------------------

 NMR restraints: Bond =    0.000   Angle =     0.000   Torsion =     0.200
===============================================================================

 NSTEP =   105000   TIME(PS) =    2210.000  TEMP(K) =   383.37  PRESS =     0.0
 Etot   =        12.5783  EKtot   =        30.0921  EPtot      =       -17.5138
 BOND   =         1.8883  ANGLE   =        11.9950  DIHED      =        19.0660
 1-4 NB =         5.1875  1-4 EEL =       118.4333  VDWAALS    =        -3.3024
 EELEC  =      -147.7945  EGB     =       -24.9755  RESTRAINT  =         0.0155
 ESURF=         1.9729
 EAMBER (non-restraint)  =       -17.5293
 ------------------------------------------------------------------------------

 NMR restraints: Bond =    0.000   Angle =     0.000   Torsion =     0.016
===============================================================================
| RE_POSITION Moving by  -0.790710 -0.159173 -4.678965

 NSTEP =   110000   TIME(PS) =    2220.000  TEMP(K) =   258.14  PRESS =     0.0
 Etot   =        13.7673  EKtot   =        20.2627  EPtot      =        -6.4954
 BOND   =         8.3428  ANGLE   =        20.0721  DIHED      =        17.8729
 1-4 NB =         3.7602  1-4 EEL =       111.2107  VDWAALS    =        -3.4070
 EELEC  =      -140.6882  EGB     =       -25.8281  RESTRAINT  =         0.1421
 ESURF=         2.0271
 EAMBER (non-restraint)  =        -6.6375
 ------------------------------------------------------------------------------

 NMR restraints: Bond =    0.000   Angle =     0.000   Torsion =     0.142
===============================================================================

 NSTEP =   115000   TIME(PS) =    2230.000  TEMP(K) =   232.89  PRESS =     0.0
 Etot   =         6.6941  EKtot   =        18.2801  EPtot      =       -11.5860
 BOND   =         6.3098  ANGLE   =         8.4878  DIHED      =        23.6818
 1-4 NB =         5.5728  1-4 EEL =       122.1717  VDWAALS    =        -3.2798
 EELEC  =      -155.5497  EGB     =       -21.1841  RESTRAINT  =         0.2131
 ESURF=         1.9907
 EAMBER (non-restraint)  =       -11.7990
 ------------------------------------------------------------------------------

 NMR restraints: Bond =    0.000   Angle =     0.000   Torsion =     0.213
===============================================================================
| RE_POSITION Moving by   7.041996  2.243898  2.179845

 NSTEP =   120000   TIME(PS) =    2240.000  TEMP(K) =   384.21  PRESS =     0.0
 Etot   =        18.6670  EKtot   =        30.1580  EPtot      =       -11.4910
 BOND   =         7.9262  ANGLE   =        13.5668  DIHED      =        21.5815
 1-4 NB =         3.2271  1-4 EEL =       113.1611  VDWAALS    =        -3.6213
 EELEC  =      -144.2344  EGB     =       -25.1272  RESTRAINT  =         0.0085
 ESURF=         2.0206
 EAMBER (non-restraint)  =       -11.4995
 ------------------------------------------------------------------------------

 NMR restraints: Bond =    0.000   Angle =     0.000   Torsion =     0.008
===============================================================================

 NSTEP =   125000   TIME(PS) =    2250.000  TEMP(K) =   292.88  PRESS =     0.0
 Etot   =        15.0593  EKtot   =        22.9893  EPtot      =        -7.9300
 BOND   =         7.4249  ANGLE   =        18.5365  DIHED      =        18.8577
 1-4 NB =         6.0890  1-4 EEL =       115.7295  VDWAALS    =        -2.8739
 EELEC  =      -151.1180  EGB     =       -22.5292  RESTRAINT  =         0.0652
 ESURF=         1.8883
 EAMBER (non-restraint)  =        -7.9952
 ------------------------------------------------------------------------------

 NMR restraints: Bond =    0.000   Angle =     0.000   Torsion =     0.065
===============================================================================
| RE_POSITION Moving by  -4.539649 -3.718311 -1.586739

 NSTEP =   130000   TIME(PS) =    2260.000  TEMP(K) =   327.42  PRESS =     0.0
 Etot   =        14.4451  EKtot   =        25.7003  EPtot      =       -11.2553
 BOND   =         6.4488  ANGLE   =        13.5066  DIHED      =        20.5332
 1-4 NB =         5.8185  1-4 EEL =       116.3636  VDWAALS    =        -3.6703
 EELEC  =      -149.9582  EGB     =       -22.5462  RESTRAINT  =         0.3609
 ESURF=         1.8878
 EAMBER (non-restraint)  =       -11.6162
 ------------------------------------------------------------------------------

 NMR restraints: Bond =    0.000   Angle =     0.000   Torsion =     0.361
===============================================================================

 NSTEP =   135000   TIME(PS) =    2270.000  TEMP(K) =   262.92  PRESS =     0.0
 Etot   =        11.0478  EKtot   =        20.6375  EPtot      =        -9.5897
 BOND   =         6.3205  ANGLE   =        17.2691  DIHED      =        20.5152
 1-4 NB =         6.8294  1-4 EEL =       113.1079  VDWAALS    =        -4.3729
 EELEC  =      -148.3332  EGB     =       -23.4890  RESTRAINT  =         0.6750
 ESURF=         1.8884
 EAMBER (non-restraint)  =       -10.2647
 ------------------------------------------------------------------------------

 NMR restraints: Bond =    0.000   Angle =     0.000   Torsion =     0.675
===============================================================================
| RE_POSITION Moving by   4.902635  2.214475 -1.357409

 NSTEP =   140000   TIME(PS) =    2280.000  TEMP(K) =   257.11  PRESS =     0.0
 Etot   =        13.1982  EKtot   =        20.1816  EPtot      =        -6.9835
 BOND   =        12.8578  ANGLE   =        16.1586  DIHED      =        18.5875
 1-4 NB =         5.0812  1-4 EEL =       109.8343  VDWAALS    =        -3.3773
 EELEC  =      -144.0426  EGB     =       -24.0802  RESTRAINT  =         0.0240
 ESURF=         1.9732
 EAMBER (non-restraint)  =        -7.0075
 ------------------------------------------------------------------------------

 NMR restraints: Bond =    0.000   Angle =     0.000   Torsion =     0.024
===============================================================================

 NSTEP =   145000   TIME(PS) =    2290.000  TEMP(K) =   428.07  PRESS =     0.0
 Etot   =        16.3287  EKtot   =        33.6007  EPtot      =       -17.2720
 BOND   =         3.6330  ANGLE   =        11.3125  DIHED      =        19.0138
 1-4 NB =         5.4620  1-4 EEL =       115.0604  VDWAALS    =        -2.8517
 EELEC  =      -143.5599  EGB     =       -27.3068  RESTRAINT  =         0.0161
 ESURF=         1.9487
 EAMBER (non-restraint)  =       -17.2881
 ------------------------------------------------------------------------------

 NMR restraints: Bond =    0.000   Angle =     0.000   Torsion =     0.016
===============================================================================
| RE_POSITION Moving by  -0.390495 -6.488636 -0.710535

 NSTEP =   150000   TIME(PS) =    2300.000  TEMP(K) =   323.48  PRESS =     0.0
 Etot   =        12.9873  EKtot   =        25.3912  EPtot      =       -12.4039
 BOND   =         5.0674  ANGLE   =        12.6372  DIHED      =        20.0229
 1-4 NB =         5.0482  1-4 EEL =       114.4829  VDWAALS    =        -2.4973
 EELEC  =      -145.3712  EGB     =       -23.8526  RESTRAINT  =         0.0090
 ESURF=         2.0496
 EAMBER (non-restraint)  =       -12.4129
 ------------------------------------------------------------------------------

 NMR restraints: Bond =    0.000   Angle =     0.000   Torsion =     0.009
===============================================================================

 NSTEP =   155000   TIME(PS) =    2310.000  TEMP(K) =   264.72  PRESS =     0.0
 Etot   =         8.1969  EKtot   =        20.7786  EPtot      =       -12.5817
 BOND   =         3.2880  ANGLE   =        18.6506  DIHED      =        18.8176
 1-4 NB =         4.8584  1-4 EEL =       113.3337  VDWAALS    =        -3.5162
 EELEC  =      -140.5054  EGB     =       -29.5367  RESTRAINT  =         0.0839
 ESURF=         1.9445
 EAMBER (non-restraint)  =       -12.6656
 ------------------------------------------------------------------------------

 NMR restraints: Bond =    0.000   Angle =     0.000   Torsion =     0.084
===============================================================================
| RE_POSITION Moving by  -0.582698 -3.773744  1.212165

 NSTEP =   160000   TIME(PS) =    2320.000  TEMP(K) =   272.18  PRESS =     0.0
 Etot   =        11.3278  EKtot   =        21.3647  EPtot      =       -10.0369
 BOND   =         8.0692  ANGLE   =        16.3781  DIHED      =        18.9445
 1-4 NB =         4.0516  1-4 EEL =       117.3848  VDWAALS    =        -3.2478
 EELEC  =      -149.2277  EGB     =       -24.5809  RESTRAINT  =         0.1731
 ESURF=         2.0183
 EAMBER (non-restraint)  =       -10.2100
 ------------------------------------------------------------------------------

 NMR restraints: Bond =    0.000   Angle =     0.000   Torsion =     0.173
===============================================================================

 NSTEP =   165000   TIME(PS) =    2330.000  TEMP(K) =   309.40  PRESS =     0.0
 Etot   =        16.5655  EKtot   =        24.2863  EPtot      =        -7.7208
 BOND   =         5.8725  ANGLE   =        15.1246  DIHED      =        18.3285
 1-4 NB =         5.2972  1-4 EEL =       120.5399  VDWAALS    =        -1.0612
 EELEC  =      -146.6725  EGB     =       -27.2171  RESTRAINT  =         0.1006
 ESURF=         1.9668
 EAMBER (non-restraint)  =        -7.8214
 ------------------------------------------------------------------------------

 NMR restraints: Bond =    0.000   Angle =     0.000   Torsion =     0.101
===============================================================================
| RE_POSITION Moving by   4.043612  0.427842 -3.068750

 NSTEP =   170000   TIME(PS) =    2340.000  TEMP(K) =   247.84  PRESS =     0.0
 Etot   =         9.7257  EKtot   =        19.4541  EPtot      =        -9.7284
 BOND   =         6.3341  ANGLE   =        14.2311  DIHED      =        19.1403
 1-4 NB =         6.1521  1-4 EEL =       116.3420  VDWAALS    =        -2.4005
 EELEC  =      -150.2480  EGB     =       -21.5500  RESTRAINT  =         0.3175
 ESURF=         1.9531
 EAMBER (non-restraint)  =       -10.0459
 ------------------------------------------------------------------------------

 NMR restraints: Bond =    0.000   Angle =     0.000   Torsion =     0.317
===============================================================================

 NSTEP =   175000   TIME(PS) =    2350.000  TEMP(K) =   331.18  PRESS =     0.0
 Etot   =        10.4091  EKtot   =        25.9958  EPtot      =       -15.5867
 BOND   =         5.3248  ANGLE   =         8.4581  DIHED      =        22.2916
 1-4 NB =         4.3096  1-4 EEL =       117.6347  VDWAALS    =        -3.6725
 EELEC  =      -149.3847  EGB     =       -22.5534  RESTRAINT  =         0.0104
 ESURF=         1.9947
 EAMBER (non-restraint)  =       -15.5971
 ------------------------------------------------------------------------------

 NMR restraints: Bond =    0.000   Angle =     0.000   Torsion =     0.010
===============================================================================
| RE_POSITION Moving by  -5.187321 -3.476663  1.054366

 NSTEP =   180000   TIME(PS) =    2360.000  TEMP(K) =   275.33  PRESS =     0.0
 Etot   =         9.2589  EKtot   =        21.6121  EPtot      =       -12.3532
 BOND   =         3.4284  ANGLE   =        11.8482  DIHED      =        18.7383
 1-4 NB =         7.0016  1-4 EEL =       117.5463  VDWAALS    =        -3.4745
 EELEC  =      -144.8005  EGB     =       -25.1641  RESTRAINT  =         0.5391
 ESURF=         1.9841
 EAMBER (non-restraint)  =       -12.8923
 ------------------------------------------------------------------------------

 NMR restraints: Bond =    0.000   Angle =     0.000   Torsion =     0.539
===============================================================================

 NSTEP =   185000   TIME(PS) =    2370.000  TEMP(K) =   315.51  PRESS =     0.0
 Etot   =        14.4822  EKtot   =        24.7660  EPtot      =       -10.2837
 BOND   =         4.2539  ANGLE   =        12.6811  DIHED      =        20.6227
 1-4 NB =         8.2247  1-4 EEL =       123.3271  VDWAALS    =        -4.1534
 EELEC  =      -152.5237  EGB     =       -24.6757  RESTRAINT  =         0.0766
 ESURF=         1.8830
 EAMBER (non-restraint)  =       -10.3603
 ------------------------------------------------------------------------------

 NMR restraints: Bond =    0.000   Angle =     0.000   Torsion =     0.077
===============================================================================
| RE_POSITION Moving by  -3.068709  1.039150 -0.910976

 NSTEP =   190000   TIME(PS) =    2380.000  TEMP(K) =   330.03  PRESS =     0.0
 Etot   =        17.8431  EKtot   =        25.9053  EPtot      =        -8.0622
 BOND   =         7.6253  ANGLE   =        15.4869  DIHED      =        19.6312
 1-4 NB =         6.4939  1-4 EEL =       116.4398  VDWAALS    =        -4.2703
 EELEC  =      -145.6808  EGB     =       -25.8908  RESTRAINT  =         0.1953
 ESURF=         1.9073
 EAMBER (non-restraint)  =        -8.2575
 ------------------------------------------------------------------------------

 NMR restraints: Bond =    0.000   Angle =     0.000   Torsion =     0.195
===============================================================================

 NSTEP =   195000   TIME(PS) =    2390.000  TEMP(K) =   298.83  PRESS =     0.0
 Etot   =        11.6479  EKtot   =        23.4561  EPtot      =       -11.8082
 BOND   =         4.3530  ANGLE   =        16.7056  DIHED      =        20.7836
 1-4 NB =         5.0919  1-4 EEL =       114.5256  VDWAALS    =        -4.7150
 EELEC  =      -146.9796  EGB     =       -24.6803  RESTRAINT  =         1.2088
 ESURF=         1.8982
 EAMBER (non-restraint)  =       -13.0170
 ------------------------------------------------------------------------------

 NMR restraints: Bond =    0.000   Angle =     0.000   Torsion =     1.209
===============================================================================
| RE_POSITION Moving by   4.992995  5.780075 -2.418994

 NSTEP =   200000   TIME(PS) =    2400.000  TEMP(K) =   234.66  PRESS =     0.0
 Etot   =         6.5783  EKtot   =        18.4195  EPtot      =       -11.8412
 BOND   =         7.6758  ANGLE   =        11.5827  DIHED      =        18.2604
 1-4 NB =         6.0140  1-4 EEL =       116.6431  VDWAALS    =        -2.4840
 EELEC  =      -152.0197  EGB     =       -21.8538  RESTRAINT  =         2.4157
 ESURF=         1.9245
 EAMBER (non-restraint)  =       -14.2570
 ------------------------------------------------------------------------------

 NMR restraints: Bond =    0.000   Angle =     0.000   Torsion =     2.416
===============================================================================

 NSTEP =   205000   TIME(PS) =    2410.000  TEMP(K) =   320.94  PRESS =     0.0
 Etot   =        16.5752  EKtot   =        25.1917  EPtot      =        -8.6165
 BOND   =         6.0367  ANGLE   =        15.1018  DIHED      =        18.7779
 1-4 NB =         6.2355  1-4 EEL =       116.8806  VDWAALS    =        -2.9235
 EELEC  =      -148.3602  EGB     =       -22.3063  RESTRAINT  =         0.0012
 ESURF=         1.9397
 EAMBER (non-restraint)  =        -8.6177
 ------------------------------------------------------------------------------

 NMR restraints: Bond =    0.000   Angle =     0.000   Torsion =     0.001
===============================================================================
| RE_POSITION Moving by  -3.848504 -2.745704 12.940197

 NSTEP =   210000   TIME(PS) =    2420.000  TEMP(K) =   246.13  PRESS =     0.0
 Etot   =         6.7049  EKtot   =        19.3195  EPtot      =       -12.6146
 BOND   =         8.9715  ANGLE   =        13.8784  DIHED      =        19.2569
 1-4 NB =         4.5642  1-4 EEL =       112.9968  VDWAALS    =        -4.1500
 EELEC  =      -138.0272  EGB     =       -32.0757  RESTRAINT  =         0.0328
 ESURF=         1.9378
 EAMBER (non-restraint)  =       -12.6474
 ------------------------------------------------------------------------------

 NMR restraints: Bond =    0.000   Angle =     0.000   Torsion =     0.033
===============================================================================

 NSTEP =   215000   TIME(PS) =    2430.000  TEMP(K) =   341.02  PRESS =     0.0
 Etot   =        11.0709  EKtot   =        26.7682  EPtot      =       -15.6973
 BOND   =         3.7699  ANGLE   =        13.8140  DIHED      =        17.8346
 1-4 NB =         5.9902  1-4 EEL =       118.3012  VDWAALS    =        -3.8871
 EELEC  =      -142.8980  EGB     =       -30.5626  RESTRAINT  =         0.0073
 ESURF=         1.9331
 EAMBER (non-restraint)  =       -15.7046
 ------------------------------------------------------------------------------

 NMR restraints: Bond =    0.000   Angle =     0.000   Torsion =     0.007
===============================================================================
| RE_POSITION Moving by  -1.966444 -0.883495 -3.623366

 NSTEP =   220000   TIME(PS) =    2440.000  TEMP(K) =   267.64  PRESS =     0.0
 Etot   =        14.4528  EKtot   =        21.0080  EPtot      =        -6.5553
 BOND   =         6.4797  ANGLE   =        12.4203  DIHED      =        23.1904
 1-4 NB =         6.3100  1-4 EEL =       117.8217  VDWAALS    =        -3.1652
 EELEC  =      -149.8881  EGB     =       -23.1524  RESTRAINT  =         1.4619
 ESURF=         1.9664
 EAMBER (non-restraint)  =        -8.0172
 ------------------------------------------------------------------------------

 NMR restraints: Bond =    0.000   Angle =     0.000   Torsion =     1.462
===============================================================================

 NSTEP =   225000   TIME(PS) =    2450.000  TEMP(K) =   290.37  PRESS =     0.0
 Etot   =         8.0238  EKtot   =        22.7923  EPtot      =       -14.7685
 BOND   =         4.8244  ANGLE   =        11.0128  DIHED      =        18.4281
 1-4 NB =         6.1461  1-4 EEL =       119.5667  VDWAALS    =        -3.8592
 EELEC  =      -146.1871  EGB     =       -26.6726  RESTRAINT  =         0.0072
 ESURF=         1.9652
 EAMBER (non-restraint)  =       -14.7756
 ------------------------------------------------------------------------------

 NMR restraints: Bond =    0.000   Angle =     0.000   Torsion =     0.007
===============================================================================
| RE_POSITION Moving by   1.338109 -1.596172 -5.645941

 NSTEP =   230000   TIME(PS) =    2460.000  TEMP(K) =   227.12  PRESS =     0.0
 Etot   =         4.5317  EKtot   =        17.8278  EPtot      =       -13.2961
 BOND   =        11.2791  ANGLE   =        10.2156  DIHED      =        16.9890
 1-4 NB =         4.4857  1-4 EEL =       116.1598  VDWAALS    =        -3.6448
 EELEC  =      -147.6435  EGB     =       -23.3315  RESTRAINT  =         0.2027
 ESURF=         1.9917
 EAMBER (non-restraint)  =       -13.4988
 ------------------------------------------------------------------------------

 NMR restraints: Bond =    0.000   Angle =     0.000   Torsion =     0.203
===============================================================================

 NSTEP =   235000   TIME(PS) =    2470.000  TEMP(K) =   315.23  PRESS =     0.0
 Etot   =        11.4702  EKtot   =        24.7434  EPtot      =       -13.2732
 BOND   =         2.3582  ANGLE   =        15.7101  DIHED      =        22.7823
 1-4 NB =         4.1154  1-4 EEL =       112.1286  VDWAALS    =        -2.7541
 EELEC  =      -146.9953  EGB     =       -23.6188  RESTRAINT  =         1.0726
 ESURF=         1.9276
 EAMBER (non-restraint)  =       -14.3459
 ------------------------------------------------------------------------------

 NMR restraints: Bond =    0.000   Angle =     0.000   Torsion =     1.073
===============================================================================
| RE_POSITION Moving by  -5.801403 -5.327466  3.357056

 NSTEP =   240000   TIME(PS) =    2480.000  TEMP(K) =   312.14  PRESS =     0.0
 Etot   =        11.9129  EKtot   =        24.5015  EPtot      =       -12.5886
 BOND   =         6.5309  ANGLE   =        14.3472  DIHED      =        19.3220
 1-4 NB =         5.5318  1-4 EEL =       111.6613  VDWAALS    =        -4.0979
 EELEC  =      -146.6855  EGB     =       -21.1250  RESTRAINT  =         0.0021
 ESURF=         1.9245
 EAMBER (non-restraint)  =       -12.5907
 ------------------------------------------------------------------------------

 NMR restraints: Bond =    0.000   Angle =     0.000   Torsion =     0.002
===============================================================================

 NSTEP =   245000   TIME(PS) =    2490.000  TEMP(K) =   360.97  PRESS =     0.0
 Etot   =        14.4042  EKtot   =        28.3338  EPtot      =       -13.9297
 BOND   =        13.3122  ANGLE   =         9.0978  DIHED      =        16.8149
 1-4 NB =         4.7283  1-4 EEL =       114.4838  VDWAALS    =        -3.7544
 EELEC  =      -148.4575  EGB     =       -22.1972  RESTRAINT  =         0.0964
 ESURF=         1.9460
 EAMBER (non-restraint)  =       -14.0261
 ------------------------------------------------------------------------------

 NMR restraints: Bond =    0.000   Angle =     0.000   Torsion =     0.096
===============================================================================
| RE_POSITION Moving by   1.797519  1.977375  0.879183

 NSTEP =   250000   TIME(PS) =    2500.000  TEMP(K) =   291.86  PRESS =     0.0
 Etot   =         9.4681  EKtot   =        22.9096  EPtot      =       -13.4415
 BOND   =         4.2804  ANGLE   =        11.3957  DIHED      =        19.1578
 1-4 NB =         5.8374  1-4 EEL =       113.6509  VDWAALS    =        -2.7887
 EELEC  =      -143.2666  EGB     =       -23.7854  RESTRAINT  =         0.0604
 ESURF=         2.0168
 EAMBER (non-restraint)  =       -13.5018
 ------------------------------------------------------------------------------

 NMR restraints: Bond =    0.000   Angle =     0.000   Torsion =     0.060
===============================================================================

 NSTEP =   255000   TIME(PS) =    2510.000  TEMP(K) =   286.41  PRESS =     0.0
 Etot   =        19.6416  EKtot   =        22.4814  EPtot      =        -2.8398
 BOND   =        13.9961  ANGLE   =        15.3897  DIHED      =        19.6232
 1-4 NB =         5.2394  1-4 EEL =       115.5826  VDWAALS    =        -3.9600
 EELEC  =      -141.9644  EGB     =       -29.4050  RESTRAINT  =         0.6974
 ESURF=         1.9612
 EAMBER (non-restraint)  =        -3.5372
 ------------------------------------------------------------------------------

 NMR restraints: Bond =    0.000   Angle =     0.000   Torsion =     0.697
===============================================================================
| RE_POSITION Moving by  -4.374987 -8.762909  0.272178

 NSTEP =   260000   TIME(PS) =    2520.000  TEMP(K) =   178.61  PRESS =     0.0
 Etot   =        -2.1888  EKtot   =        14.0199  EPtot      =       -16.2087
 BOND   =         2.5663  ANGLE   =        14.7262  DIHED      =        20.1398
 1-4 NB =         4.4001  1-4 EEL =       116.5489  VDWAALS    =        -4.0421
 EELEC  =      -148.5356  EGB     =       -23.9659  RESTRAINT  =         0.0074
 ESURF=         1.9462
 EAMBER (non-restraint)  =       -16.2161
 ------------------------------------------------------------------------------

 NMR restraints: Bond =    0.000   Angle =     0.000   Torsion =     0.007
===============================================================================

 NSTEP =   265000   TIME(PS) =    2530.000  TEMP(K) =   225.59  PRESS =     0.0
 Etot   =         1.8705  EKtot   =        17.7074  EPtot      =       -15.8369
 BOND   =         7.2928  ANGLE   =        10.7082  DIHED      =        17.1718
 1-4 NB =         7.1313  1-4 EEL =       116.5961  VDWAALS    =        -4.2709
 EELEC  =      -149.6173  EGB     =       -23.1011  RESTRAINT  =         0.3716
 ESURF=         1.8806
 EAMBER (non-restraint)  =       -16.2086
 ------------------------------------------------------------------------------

 NMR restraints: Bond =    0.000   Angle =     0.000   Torsion =     0.372
===============================================================================
| RE_POSITION Moving by   0.164280  1.357097 -2.435787

 NSTEP =   270000   TIME(PS) =    2540.000  TEMP(K) =   266.58  PRESS =     0.0
 Etot   =         9.9079  EKtot   =        20.9248  EPtot      =       -11.0169
 BOND   =         9.7669  ANGLE   =        14.2012  DIHED      =        18.3699
 1-4 NB =         3.8766  1-4 EEL =       114.8362  VDWAALS    =        -4.2540
 EELEC  =      -143.2398  EGB     =       -26.6953  RESTRAINT  =         0.1617
 ESURF=         1.9597
 EAMBER (non-restraint)  =       -11.1786
 ------------------------------------------------------------------------------

 NMR restraints: Bond =    0.000   Angle =     0.000   Torsion =     0.162
===============================================================================

 NSTEP =   275000   TIME(PS) =    2550.000  TEMP(K) =   281.24  PRESS =     0.0
 Etot   =        10.2267  EKtot   =        22.0754  EPtot      =       -11.8486
 BOND   =         5.0927  ANGLE   =        12.0505  DIHED      =        21.0534
 1-4 NB =         5.7056  1-4 EEL =       121.4704  VDWAALS    =        -3.0153
 EELEC  =      -152.4287  EGB     =       -23.7960  RESTRAINT  =         0.0611
 ESURF=         1.9575
 EAMBER (non-restraint)  =       -11.9097
 ------------------------------------------------------------------------------

 NMR restraints: Bond =    0.000   Angle =     0.000   Torsion =     0.061
===============================================================================
| RE_POSITION Moving by  -3.402055 -0.570078  2.473654

 NSTEP =   280000   TIME(PS) =    2560.000  TEMP(K) =   398.47  PRESS =     0.0
 Etot   =        19.8770  EKtot   =        31.2774  EPtot      =       -11.4005
 BOND   =         6.5715  ANGLE   =        14.0089  DIHED      =        19.5878
 1-4 NB =         4.7690  1-4 EEL =       119.9378  VDWAALS    =        -3.6584
 EELEC  =      -148.4741  EGB     =       -26.2031  RESTRAINT  =         0.1318
 ESURF=         1.9283
 EAMBER (non-restraint)  =       -11.5323
 ------------------------------------------------------------------------------

 NMR restraints: Bond =    0.000   Angle =     0.000   Torsion =     0.132
===============================================================================

 NSTEP =   285000   TIME(PS) =    2570.000  TEMP(K) =   292.66  PRESS =     0.0
 Etot   =        11.8764  EKtot   =        22.9725  EPtot      =       -11.0961
 BOND   =         5.8741  ANGLE   =        10.1248  DIHED      =        20.0325
 1-4 NB =         6.7430  1-4 EEL =       116.7795  VDWAALS    =        -2.6120
 EELEC  =      -144.4295  EGB     =       -27.0209  RESTRAINT  =         1.4355
 ESURF=         1.9770
 EAMBER (non-restraint)  =       -12.5316
 ------------------------------------------------------------------------------

 NMR restraints: Bond =    0.000   Angle =     0.000   Torsion =     1.436
===============================================================================
| RE_POSITION Moving by   3.984623 -9.206997  1.919164

 NSTEP =   290000   TIME(PS) =    2580.000  TEMP(K) =   360.61  PRESS =     0.0
 Etot   =        28.2905  EKtot   =        28.3061  EPtot      =        -0.0155
 BOND   =         3.7074  ANGLE   =        26.1687  DIHED      =        21.8719
 1-4 NB =         4.8010  1-4 EEL =       112.0723  VDWAALS    =        -1.5579
 EELEC  =      -144.1640  EGB     =       -25.6167  RESTRAINT  =         0.6782
 ESURF=         2.0236
 EAMBER (non-restraint)  =        -0.6937
 ------------------------------------------------------------------------------

 NMR restraints: Bond =    0.000   Angle =     0.000   Torsion =     0.678
===============================================================================

 NSTEP =   295000   TIME(PS) =    2590.000  TEMP(K) =   249.22  PRESS =     0.0
 Etot   =         6.5531  EKtot   =        19.5626  EPtot      =       -13.0094
 BOND   =         5.7219  ANGLE   =        14.0688  DIHED      =        21.0756
 1-4 NB =         3.6574  1-4 EEL =       118.1740  VDWAALS    =        -3.3822
 EELEC  =      -148.4258  EGB     =       -26.4755  RESTRAINT  =         0.5948
 ESURF=         1.9816
 EAMBER (non-restraint)  =       -13.6043
 ------------------------------------------------------------------------------

 NMR restraints: Bond =    0.000   Angle =     0.000   Torsion =     0.595
===============================================================================
| RE_POSITION Moving by  -0.420060 -0.803177  3.630246

 NSTEP =   300000   TIME(PS) =    2600.000  TEMP(K) =   216.43  PRESS =     0.0
 Etot   =         6.6833  EKtot   =        16.9883  EPtot      =       -10.3050
 BOND   =         7.4204  ANGLE   =        13.6515  DIHED      =        19.7865
 1-4 NB =         4.0974  1-4 EEL =       120.8730  VDWAALS    =        -3.2021
 EELEC  =      -150.9978  EGB     =       -24.1147  RESTRAINT  =         0.1728
 ESURF=         2.0080
 EAMBER (non-restraint)  =       -10.4778
 ------------------------------------------------------------------------------

 NMR restraints: Bond =    0.000   Angle =     0.000   Torsion =     0.173
===============================================================================

 NSTEP =   305000   TIME(PS) =    2610.000  TEMP(K) =   242.26  PRESS =     0.0
 Etot   =         5.8447  EKtot   =        19.0160  EPtot      =       -13.1713
 BOND   =         5.9686  ANGLE   =        15.5031  DIHED      =        18.6343
 1-4 NB =         3.9098  1-4 EEL =       113.3088  VDWAALS    =        -3.5766
 EELEC  =      -141.2696  EGB     =       -27.7163  RESTRAINT  =         0.0809
 ESURF=         1.9857
 EAMBER (non-restraint)  =       -13.2522
 ------------------------------------------------------------------------------

 NMR restraints: Bond =    0.000   Angle =     0.000   Torsion =     0.081
===============================================================================
| RE_POSITION Moving by  -2.958099  1.872578  5.557771

 NSTEP =   310000   TIME(PS) =    2620.000  TEMP(K) =   297.74  PRESS =     0.0
 Etot   =        16.4633  EKtot   =        23.3711  EPtot      =        -6.9078
 BOND   =        12.8394  ANGLE   =        13.1629  DIHED      =        18.9758
 1-4 NB =         5.4237  1-4 EEL =       112.2707  VDWAALS    =        -3.0162
 EELEC  =      -143.7751  EGB     =       -24.8103  RESTRAINT  =         0.0126
 ESURF=         2.0086
 EAMBER (non-restraint)  =        -6.9204
 ------------------------------------------------------------------------------

 NMR restraints: Bond =    0.000   Angle =     0.000   Torsion =     0.013
===============================================================================

 NSTEP =   315000   TIME(PS) =    2630.000  TEMP(K) =   284.08  PRESS =     0.0
 Etot   =        19.3649  EKtot   =        22.2984  EPtot      =        -2.9335
 BOND   =         6.7527  ANGLE   =        19.7934  DIHED      =        20.5846
 1-4 NB =         5.6536  1-4 EEL =       114.3689  VDWAALS    =        -2.9326
 EELEC  =      -141.6690  EGB     =       -28.2063  RESTRAINT  =         0.7502
 ESURF=         1.9711
 EAMBER (non-restraint)  =        -3.6836
 ------------------------------------------------------------------------------

 NMR restraints: Bond =    0.000   Angle =     0.000   Torsion =     0.750
===============================================================================
| RE_POSITION Moving by  -4.314713 -4.950242  0.840900

 NSTEP =   320000   TIME(PS) =    2640.000  TEMP(K) =   262.03  PRESS =     0.0
 Etot   =        14.4148  EKtot   =        20.5679  EPtot      =        -6.1532
 BOND   =         5.3110  ANGLE   =        15.0413  DIHED      =        19.8922
 1-4 NB =         6.7211  1-4 EEL =       123.4866  VDWAALS    =        -2.8562
 EELEC  =      -151.7013  EGB     =       -25.6738  RESTRAINT  =         1.6572
 ESURF=         1.9688
 EAMBER (non-restraint)  =        -7.8104
 ------------------------------------------------------------------------------

 NMR restraints: Bond =    0.000   Angle =     0.000   Torsion =     1.657
===============================================================================

 NSTEP =   325000   TIME(PS) =    2650.000  TEMP(K) =   278.11  PRESS =     0.0
 Etot   =        11.0466  EKtot   =        21.8297  EPtot      =       -10.7830
 BOND   =         9.8744  ANGLE   =        12.8789  DIHED      =        18.0534
 1-4 NB =         3.7865  1-4 EEL =       120.3052  VDWAALS    =        -3.1425
 EELEC  =      -150.0765  EGB     =       -24.9563  RESTRAINT  =         0.4551
 ESURF=         2.0387
 EAMBER (non-restraint)  =       -11.2381
 ------------------------------------------------------------------------------

 NMR restraints: Bond =    0.000   Angle =     0.000   Torsion =     0.455
===============================================================================
| RE_POSITION Moving by  -2.650201 -0.663329 -3.027445

 NSTEP =   330000   TIME(PS) =    2660.000  TEMP(K) =   292.30  PRESS =     0.0
 Etot   =        11.4362  EKtot   =        22.9441  EPtot      =       -11.5079
 BOND   =         6.7999  ANGLE   =        10.2910  DIHED      =        21.2376
 1-4 NB =         5.1553  1-4 EEL =       122.7333  VDWAALS    =        -3.4822
 EELEC  =      -152.2534  EGB     =       -23.9881  RESTRAINT  =         0.0259
 ESURF=         1.9728
 EAMBER (non-restraint)  =       -11.5338
 ------------------------------------------------------------------------------

 NMR restraints: Bond =    0.000   Angle =     0.000   Torsion =     0.026
===============================================================================

 NSTEP =   335000   TIME(PS) =    2670.000  TEMP(K) =   298.98  PRESS =     0.0
 Etot   =        10.9735  EKtot   =        23.4680  EPtot      =       -12.4944
 BOND   =         7.0227  ANGLE   =        14.1199  DIHED      =        19.3724
 1-4 NB =         4.2041  1-4 EEL =       114.5773  VDWAALS    =        -3.1411
 EELEC  =      -147.4295  EGB     =       -23.4245  RESTRAINT  =         0.1644
 ESURF=         2.0399
 EAMBER (non-restraint)  =       -12.6589
 ------------------------------------------------------------------------------

 NMR restraints: Bond =    0.000   Angle =     0.000   Torsion =     0.164
===============================================================================
| RE_POSITION Moving by   4.246703  2.476221  7.445630

 NSTEP =   340000   TIME(PS) =    2680.000  TEMP(K) =   308.17  PRESS =     0.0
 Etot   =        15.9620  EKtot   =        24.1897  EPtot      =        -8.2277
 BOND   =         6.4268  ANGLE   =        15.6395  DIHED      =        21.5609
 1-4 NB =         5.7279  1-4 EEL =       115.0321  VDWAALS    =        -3.3718
 EELEC  =      -148.2324  EGB     =       -23.4902  RESTRAINT  =         0.4952
 ESURF=         1.9844
 EAMBER (non-restraint)  =        -8.7228
 ------------------------------------------------------------------------------

 NMR restraints: Bond =    0.000   Angle =     0.000   Torsion =     0.495
===============================================================================

 NSTEP =   345000   TIME(PS) =    2690.000  TEMP(K) =   335.52  PRESS =     0.0
 Etot   =        15.5125  EKtot   =        26.3365  EPtot      =       -10.8240
 BOND   =         4.9561  ANGLE   =        12.4536  DIHED      =        18.5856
 1-4 NB =         7.1813  1-4 EEL =       117.8049  VDWAALS    =        -2.3643
 EELEC  =      -149.9584  EGB     =       -21.7083  RESTRAINT  =         0.2165
 ESURF=         2.0091
 EAMBER (non-restraint)  =       -11.0405
 ------------------------------------------------------------------------------

 NMR restraints: Bond =    0.000   Angle =     0.000   Torsion =     0.217
===============================================================================
| RE_POSITION Moving by   8.091638  3.374725  0.155850

 NSTEP =   350000   TIME(PS) =    2700.000  TEMP(K) =   307.44  PRESS =     0.0
 Etot   =        21.9583  EKtot   =        24.1325  EPtot      =        -2.1742
 BOND   =         7.9191  ANGLE   =        19.5258  DIHED      =        21.4861
 1-4 NB =         5.6346  1-4 EEL =       119.5562  VDWAALS    =        -2.9952
 EELEC  =      -152.6695  EGB     =       -22.6206  RESTRAINT  =         0.0039
 ESURF=         1.9852
 EAMBER (non-restraint)  =        -2.1781
 ------------------------------------------------------------------------------

 NMR restraints: Bond =    0.000   Angle =     0.000   Torsion =     0.004
===============================================================================

 NSTEP =   355000   TIME(PS) =    2710.000  TEMP(K) =   357.33  PRESS =     0.0
 Etot   =        18.4291  EKtot   =        28.0485  EPtot      =        -9.6194
 BOND   =         5.7790  ANGLE   =        16.3491  DIHED      =        19.9266
 1-4 NB =         4.9201  1-4 EEL =       117.0864  VDWAALS    =        -2.7056
 EELEC  =      -149.7965  EGB     =       -23.7438  RESTRAINT  =         0.5527
 ESURF=         2.0126
 EAMBER (non-restraint)  =       -10.1722
 ------------------------------------------------------------------------------

 NMR restraints: Bond =    0.000   Angle =     0.000   Torsion =     0.553
===============================================================================
| RE_POSITION Moving by  -1.438722 -6.909367 -2.781800

 NSTEP =   360000   TIME(PS) =    2720.000  TEMP(K) =   233.94  PRESS =     0.0
 Etot   =         5.4104  EKtot   =        18.3629  EPtot      =       -12.9525
 BOND   =         4.8394  ANGLE   =        12.4138  DIHED      =        21.7610
 1-4 NB =         4.9136  1-4 EEL =       118.3219  VDWAALS    =        -2.9564
 EELEC  =      -151.1591  EGB     =       -23.0777  RESTRAINT  =         0.0043
 ESURF=         1.9867
 EAMBER (non-restraint)  =       -12.9568
 ------------------------------------------------------------------------------

 NMR restraints: Bond =    0.000   Angle =     0.000   Torsion =     0.004
===============================================================================

 NSTEP =   365000   TIME(PS) =    2730.000  TEMP(K) =   297.07  PRESS =     0.0
 Etot   =        12.9864  EKtot   =        23.3186  EPtot      =       -10.3322
 BOND   =         6.5680  ANGLE   =        13.3250  DIHED      =        21.0116
 1-4 NB =         6.0121  1-4 EEL =       119.4684  VDWAALS    =        -3.6475
 EELEC  =      -151.0004  EGB     =       -24.0465  RESTRAINT  =         0.0037
 ESURF=         1.9736
 EAMBER (non-restraint)  =       -10.3359
 ------------------------------------------------------------------------------

 NMR restraints: Bond =    0.000   Angle =     0.000   Torsion =     0.004
===============================================================================
| RE_POSITION Moving by  -5.693463 -2.670571 -2.721330

 NSTEP =   370000   TIME(PS) =    2740.000  TEMP(K) =   416.70  PRESS =     0.0
 Etot   =        17.7671  EKtot   =        32.7086  EPtot      =       -14.9415
 BOND   =         7.0807  ANGLE   =        10.6001  DIHED      =        18.6696
 1-4 NB =         4.9981  1-4 EEL =       119.9499  VDWAALS    =        -3.3209
 EELEC  =      -147.9591  EGB     =       -26.9622  RESTRAINT  =         0.0190
 ESURF=         1.9834
 EAMBER (non-restraint)  =       -14.9605
 ------------------------------------------------------------------------------

 NMR restraints: Bond =    0.000   Angle =     0.000   Torsion =     0.019
===============================================================================

 NSTEP =   375000   TIME(PS) =    2750.000  TEMP(K) =   202.10  PRESS =     0.0
 Etot   =         8.1555  EKtot   =        15.8635  EPtot      =        -7.7080
 BOND   =         6.8608  ANGLE   =        12.8112  DIHED      =        21.3349
 1-4 NB =         6.0896  1-4 EEL =       119.4541  VDWAALS    =        -2.7355
 EELEC  =      -148.6367  EGB     =       -25.0695  RESTRAINT  =         0.2095
 ESURF=         1.9736
 EAMBER (non-restraint)  =        -7.9175
 ------------------------------------------------------------------------------

 NMR restraints: Bond =    0.000   Angle =     0.000   Torsion =     0.209
===============================================================================
| RE_POSITION Moving by   2.008861 -2.539191 -9.286349

 NSTEP =   380000   TIME(PS) =    2760.000  TEMP(K) =   331.52  PRESS =     0.0
 Etot   =        16.4763  EKtot   =        26.0224  EPtot      =        -9.5461
 BOND   =         8.2223  ANGLE   =        14.3653  DIHED      =        20.5202
 1-4 NB =         4.4661  1-4 EEL =       117.6949  VDWAALS    =        -3.3402
 EELEC  =      -148.5406  EGB     =       -25.1904  RESTRAINT  =         0.2569
 ESURF=         1.9994
 EAMBER (non-restraint)  =        -9.8029
 ------------------------------------------------------------------------------

 NMR restraints: Bond =    0.000   Angle =     0.000   Torsion =     0.257
===============================================================================

 NSTEP =   385000   TIME(PS) =    2770.000  TEMP(K) =   415.07  PRESS =     0.0
 Etot   =        17.1007  EKtot   =        32.5802  EPtot      =       -15.4795
 BOND   =         6.5010  ANGLE   =        10.7067  DIHED      =        20.9359
 1-4 NB =         3.9482  1-4 EEL =       116.1325  VDWAALS    =        -3.6849
 EELEC  =      -147.0844  EGB     =       -24.9326  RESTRAINT  =         0.0104
 ESURF=         1.9877
 EAMBER (non-restraint)  =       -15.4899
 ------------------------------------------------------------------------------

 NMR restraints: Bond =    0.000   Angle =     0.000   Torsion =     0.010
===============================================================================
| RE_POSITION Moving by  -7.044241  0.136032 -0.959600

 NSTEP =   390000   TIME(PS) =    2780.000  TEMP(K) =   317.46  PRESS =     0.0
 Etot   =        12.4175  EKtot   =        24.9188  EPtot      =       -12.5013
 BOND   =         5.0264  ANGLE   =        12.4681  DIHED      =        18.4506
 1-4 NB =         5.5999  1-4 EEL =       118.9805  VDWAALS    =        -3.0784
 EELEC  =      -149.5782  EGB     =       -24.0722  RESTRAINT  =         1.7171
 ESURF=         1.9848
 EAMBER (non-restraint)  =       -14.2184
 ------------------------------------------------------------------------------

 NMR restraints: Bond =    0.000   Angle =     0.000   Torsion =     1.717
===============================================================================

 NSTEP =   395000   TIME(PS) =    2790.000  TEMP(K) =   286.12  PRESS =     0.0
 Etot   =        12.9069  EKtot   =        22.4584  EPtot      =        -9.5516
 BOND   =         6.4020  ANGLE   =        15.4251  DIHED      =        19.6725
 1-4 NB =         3.3788  1-4 EEL =       117.0604  VDWAALS    =        -3.1272
 EELEC  =      -146.7818  EGB     =       -24.2121  RESTRAINT  =         0.5816
 ESURF=         2.0491
 EAMBER (non-restraint)  =       -10.1332
 ------------------------------------------------------------------------------

 NMR restraints: Bond =    0.000   Angle =     0.000   Torsion =     0.582
===============================================================================
| RE_POSITION Moving by   6.076553 14.412143 -0.580136

 NSTEP =   400000   TIME(PS) =    2800.000  TEMP(K) =   235.72  PRESS =     0.0
 Etot   =         2.7507  EKtot   =        18.5029  EPtot      =       -15.7522
 BOND   =         3.9889  ANGLE   =         9.8458  DIHED      =        18.5707
 1-4 NB =         4.9556  1-4 EEL =       121.6829  VDWAALS    =        -2.8244
 EELEC  =      -149.3916  EGB     =       -26.2991  RESTRAINT  =         1.7481
 ESURF=         1.9708
 EAMBER (non-restraint)  =       -17.5003
 ------------------------------------------------------------------------------

 NMR restraints: Bond =    0.000   Angle =     0.000   Torsion =     1.748
===============================================================================

 NSTEP =   405000   TIME(PS) =    2810.000  TEMP(K) =   334.97  PRESS =     0.0
 Etot   =         8.0536  EKtot   =        26.2934  EPtot      =       -18.2398
 BOND   =         3.2171  ANGLE   =         9.4361  DIHED      =        18.9092
 1-4 NB =         5.2541  1-4 EEL =       122.5332  VDWAALS    =        -3.2227
 EELEC  =      -152.1811  EGB     =       -24.2041  RESTRAINT  =         0.0627
 ESURF=         1.9557
 EAMBER (non-restraint)  =       -18.3025
 ------------------------------------------------------------------------------

 NMR restraints: Bond =    0.000   Angle =     0.000   Torsion =     0.063
===============================================================================
| RE_POSITION Moving by  -1.738939 -0.144151 -0.228919

 NSTEP =   410000   TIME(PS) =    2820.000  TEMP(K) =   284.58  PRESS =     0.0
 Etot   =        11.8063  EKtot   =        22.3381  EPtot      =       -10.5318
 BOND   =         9.0017  ANGLE   =        13.0994  DIHED      =        16.6440
 1-4 NB =         6.7705  1-4 EEL =       115.9346  VDWAALS    =        -3.3632
 EELEC  =      -144.5791  EGB     =       -26.5225  RESTRAINT  =         0.5390
 ESURF=         1.9438
 EAMBER (non-restraint)  =       -11.0708
 ------------------------------------------------------------------------------

 NMR restraints: Bond =    0.000   Angle =     0.000   Torsion =     0.539
===============================================================================

 NSTEP =   415000   TIME(PS) =    2830.000  TEMP(K) =   235.00  PRESS =     0.0
 Etot   =        13.0124  EKtot   =        18.4459  EPtot      =        -5.4335
 BOND   =         9.8373  ANGLE   =        18.9043  DIHED      =        18.8955
 1-4 NB =         4.3778  1-4 EEL =       113.0372  VDWAALS    =        -4.1576
 EELEC  =      -144.7384  EGB     =       -23.9139  RESTRAINT  =         0.3949
 ESURF=         1.9293
 EAMBER (non-restraint)  =        -5.8284
 ------------------------------------------------------------------------------

 NMR restraints: Bond =    0.000   Angle =     0.000   Torsion =     0.395
===============================================================================
| RE_POSITION Moving by  -9.061511  5.513113 -2.107670

 NSTEP =   420000   TIME(PS) =    2840.000  TEMP(K) =   353.39  PRESS =     0.0
 Etot   =        15.1409  EKtot   =        27.7387  EPtot      =       -12.5978
 BOND   =         4.6402  ANGLE   =        14.4591  DIHED      =        19.1041
 1-4 NB =         6.0744  1-4 EEL =       116.4997  VDWAALS    =        -3.3087
 EELEC  =      -149.3968  EGB     =       -22.7758  RESTRAINT  =         0.1586
 ESURF=         1.9476
 EAMBER (non-restraint)  =       -12.7564
 ------------------------------------------------------------------------------

 NMR restraints: Bond =    0.000   Angle =     0.000   Torsion =     0.159
===============================================================================

 NSTEP =   425000   TIME(PS) =    2850.000  TEMP(K) =   310.39  PRESS =     0.0
 Etot   =         7.5745  EKtot   =        24.3635  EPtot      =       -16.7890
 BOND   =         2.8970  ANGLE   =        11.7336  DIHED      =        20.4501
 1-4 NB =         5.5492  1-4 EEL =       118.0913  VDWAALS    =        -2.1655
 EELEC  =      -155.2964  EGB     =       -20.0049  RESTRAINT  =         0.0128
 ESURF=         1.9438
 EAMBER (non-restraint)  =       -16.8017
 ------------------------------------------------------------------------------

 NMR restraints: Bond =    0.000   Angle =     0.000   Torsion =     0.013
===============================================================================
| RE_POSITION Moving by  -1.022345  3.349616 -1.081832

 NSTEP =   430000   TIME(PS) =    2860.000  TEMP(K) =   345.88  PRESS =     0.0
 Etot   =        18.8086  EKtot   =        27.1491  EPtot      =        -8.3405
 BOND   =         5.3513  ANGLE   =        14.5539  DIHED      =        21.3682
 1-4 NB =         5.6867  1-4 EEL =       117.7579  VDWAALS    =        -3.5385
 EELEC  =      -145.6345  EGB     =       -26.6516  RESTRAINT  =         0.8420
 ESURF=         1.9240
 EAMBER (non-restraint)  =        -9.1826
 ------------------------------------------------------------------------------

 NMR restraints: Bond =    0.000   Angle =     0.000   Torsion =     0.842
===============================================================================

 NSTEP =   435000   TIME(PS) =    2870.000  TEMP(K) =   163.87  PRESS =     0.0
 Etot   =         0.2170  EKtot   =        12.8627  EPtot      =       -12.6457
 BOND   =         5.1258  ANGLE   =        13.5800  DIHED      =        20.5770
 1-4 NB =         4.7097  1-4 EEL =       114.3212  VDWAALS    =        -3.2799
 EELEC  =      -145.8676  EGB     =       -23.9304  RESTRAINT  =         0.1199
 ESURF=         1.9985
 EAMBER (non-restraint)  =       -12.7656
 ------------------------------------------------------------------------------

 NMR restraints: Bond =    0.000   Angle =     0.000   Torsion =     0.120
===============================================================================
| RE_POSITION Moving by  -0.631334 -1.993899 -2.145757

 NSTEP =   440000   TIME(PS) =    2880.000  TEMP(K) =   243.44  PRESS =     0.0
 Etot   =        10.3390  EKtot   =        19.1082  EPtot      =        -8.7692
 BOND   =         4.1051  ANGLE   =        19.1292  DIHED      =        17.5373
 1-4 NB =         4.3688  1-4 EEL =       118.2811  VDWAALS    =        -2.7583
 EELEC  =      -148.2911  EGB     =       -23.1954  RESTRAINT  =         0.0105
 ESURF=         2.0436
 EAMBER (non-restraint)  =        -8.7797
 ------------------------------------------------------------------------------

 NMR restraints: Bond =    0.000   Angle =     0.000   Torsion =     0.010
===============================================================================

 NSTEP =   445000   TIME(PS) =    2890.000  TEMP(K) =   279.90  PRESS =     0.0
 Etot   =         8.5487  EKtot   =        21.9707  EPtot      =       -13.4220
 BOND   =         3.9515  ANGLE   =        15.9770  DIHED      =        18.2953
 1-4 NB =         4.5612  1-4 EEL =       112.1734  VDWAALS    =        -3.1629
 EELEC  =      -141.9494  EGB     =       -25.3599  RESTRAINT  =         0.0992
 ESURF=         1.9925
 EAMBER (non-restraint)  =       -13.5213
 ------------------------------------------------------------------------------

 NMR restraints: Bond =    0.000   Angle =     0.000   Torsion =     0.099
===============================================================================
| RE_POSITION Moving by  -1.034246  5.897511  2.049205

 NSTEP =   450000   TIME(PS) =    2900.000  TEMP(K) =   279.93  PRESS =     0.0
 Etot   =        13.1179  EKtot   =        21.9727  EPtot      =        -8.8548
 BOND   =         7.7234  ANGLE   =        18.2239  DIHED      =        18.5294
 1-4 NB =         3.4485  1-4 EEL =       113.4951  VDWAALS    =        -3.2052
 EELEC  =      -141.8632  EGB     =       -27.3880  RESTRAINT  =         0.2178
 ESURF=         1.9634
 EAMBER (non-restraint)  =        -9.0727
 ------------------------------------------------------------------------------

 NMR restraints: Bond =    0.000   Angle =     0.000   Torsion =     0.218
===============================================================================

 NSTEP =   455000   TIME(PS) =    2910.000  TEMP(K) =   244.70  PRESS =     0.0
 Etot   =        10.0400  EKtot   =        19.2077  EPtot      =        -9.1677
 BOND   =         5.6762  ANGLE   =        19.8428  DIHED      =        18.4570
 1-4 NB =         3.9129  1-4 EEL =       113.5395  VDWAALS    =        -3.1315
 EELEC  =      -141.5151  EGB     =       -28.1313  RESTRAINT  =         0.2243
 ESURF=         1.9574
 EAMBER (non-restraint)  =        -9.3920
 ------------------------------------------------------------------------------

 NMR restraints: Bond =    0.000   Angle =     0.000   Torsion =     0.224
===============================================================================
| RE_POSITION Moving by   3.889604-11.065016 -4.063819

 NSTEP =   460000   TIME(PS) =    2920.000  TEMP(K) =   245.69  PRESS =     0.0
 Etot   =         4.1794  EKtot   =        19.2851  EPtot      =       -15.1057
 BOND   =         4.9976  ANGLE   =        11.2310  DIHED      =        19.3248
 1-4 NB =         5.2167  1-4 EEL =       115.7253  VDWAALS    =        -1.8576
 EELEC  =      -149.2646  EGB     =       -22.5335  RESTRAINT  =         0.0179
 ESURF=         2.0368
 EAMBER (non-restraint)  =       -15.1236
 ------------------------------------------------------------------------------

 NMR restraints: Bond =    0.000   Angle =     0.000   Torsion =     0.018
===============================================================================

 NSTEP =   465000   TIME(PS) =    2930.000  TEMP(K) =   224.70  PRESS =     0.0
 Etot   =         4.1474  EKtot   =        17.6376  EPtot      =       -13.4902
 BOND   =         2.4460  ANGLE   =        14.0677  DIHED      =        20.8324
 1-4 NB =         5.4938  1-4 EEL =       115.9834  VDWAALS    =        -3.5832
 EELEC  =      -143.3371  EGB     =       -27.6876  RESTRAINT  =         0.3160
 ESURF=         1.9783
 EAMBER (non-restraint)  =       -13.8062
 ------------------------------------------------------------------------------

 NMR restraints: Bond =    0.000   Angle =     0.000   Torsion =     0.316
===============================================================================
| RE_POSITION Moving by  -3.921529-10.684157  2.338759

 NSTEP =   470000   TIME(PS) =    2940.000  TEMP(K) =   269.51  PRESS =     0.0
 Etot   =        11.2696  EKtot   =        21.1551  EPtot      =        -9.8855
 BOND   =         3.8612  ANGLE   =        17.9532  DIHED      =        19.5855
 1-4 NB =         6.6682  1-4 EEL =       113.6579  VDWAALS    =        -3.5102
 EELEC  =      -141.9800  EGB     =       -28.1177  RESTRAINT  =         0.0392
 ESURF=         1.9573
 EAMBER (non-restraint)  =        -9.9247
 ------------------------------------------------------------------------------

 NMR restraints: Bond =    0.000   Angle =     0.000   Torsion =     0.039
===============================================================================

 NSTEP =   475000   TIME(PS) =    2950.000  TEMP(K) =   326.12  PRESS =     0.0
 Etot   =        12.3225  EKtot   =        25.5986  EPtot      =       -13.2761
 BOND   =         4.0748  ANGLE   =        13.6321  DIHED      =        19.2395
 1-4 NB =         6.8631  1-4 EEL =       118.8826  VDWAALS    =        -2.7306
 EELEC  =      -152.5151  EGB     =       -22.8291  RESTRAINT  =         0.1616
 ESURF=         1.9450
 EAMBER (non-restraint)  =       -13.4378
 ------------------------------------------------------------------------------

 NMR restraints: Bond =    0.000   Angle =     0.000   Torsion =     0.162
===============================================================================
| RE_POSITION Moving by   1.287424  2.909175 10.154021

 NSTEP =   480000   TIME(PS) =    2960.000  TEMP(K) =   257.37  PRESS =     0.0
 Etot   =        11.7212  EKtot   =        20.2020  EPtot      =        -8.4808
 BOND   =         5.3117  ANGLE   =        13.3556  DIHED      =        21.6426
 1-4 NB =         4.7845  1-4 EEL =       116.5180  VDWAALS    =        -2.0287
 EELEC  =      -147.0363  EGB     =       -23.0692  RESTRAINT  =         0.0033
 ESURF=         2.0378
 EAMBER (non-restraint)  =        -8.4841
 ------------------------------------------------------------------------------

 NMR restraints: Bond =    0.000   Angle =     0.000   Torsion =     0.003
===============================================================================

 NSTEP =   485000   TIME(PS) =    2970.000  TEMP(K) =   345.69  PRESS =     0.0
 Etot   =        11.1821  EKtot   =        27.1349  EPtot      =       -15.9527
 BOND   =         5.6922  ANGLE   =        10.3212  DIHED      =        17.2422
 1-4 NB =         4.8801  1-4 EEL =       117.6229  VDWAALS    =        -2.3959
 EELEC  =      -149.0550  EGB     =       -22.6020  RESTRAINT  =         0.3011
 ESURF=         2.0406
 EAMBER (non-restraint)  =       -16.2538
 ------------------------------------------------------------------------------

 NMR restraints: Bond =    0.000   Angle =     0.000   Torsion =     0.301
===============================================================================
| RE_POSITION Moving by   0.319349 -5.526620  2.239222

 NSTEP =   490000   TIME(PS) =    2980.000  TEMP(K) =   350.14  PRESS =     0.0
 Etot   =        17.7546  EKtot   =        27.4837  EPtot      =        -9.7291
 BOND   =         7.3299  ANGLE   =        16.9703  DIHED      =        17.8656
 1-4 NB =         5.1147  1-4 EEL =       116.2596  VDWAALS    =        -3.7045
 EELEC  =      -145.1691  EGB     =       -26.3874  RESTRAINT  =         0.0092
 ESURF=         1.9825
 EAMBER (non-restraint)  =        -9.7383
 ------------------------------------------------------------------------------

 NMR restraints: Bond =    0.000   Angle =     0.000   Torsion =     0.009
===============================================================================

 NSTEP =   495000   TIME(PS) =    2990.000  TEMP(K) =   279.31  PRESS =     0.0
 Etot   =         7.3735  EKtot   =        21.9245  EPtot      =       -14.5509
 BOND   =         5.7062  ANGLE   =         7.9518  DIHED      =        19.6030
 1-4 NB =         6.8555  1-4 EEL =       116.8331  VDWAALS    =        -2.1351
 EELEC  =      -149.2776  EGB     =       -22.1341  RESTRAINT  =         0.0829
 ESURF=         1.9635
 EAMBER (non-restraint)  =       -14.6338
 ------------------------------------------------------------------------------

 NMR restraints: Bond =    0.000   Angle =     0.000   Torsion =     0.083
===============================================================================
| RE_POSITION Moving by  -2.037807-15.690862  0.270964

 NSTEP =   500000   TIME(PS) =    3000.000  TEMP(K) =   243.12  PRESS =     0.0
 Etot   =         4.8417  EKtot   =        19.0837  EPtot      =       -14.2420
 BOND   =         5.5136  ANGLE   =        10.3583  DIHED      =        19.0467
 1-4 NB =         5.1183  1-4 EEL =       118.7307  VDWAALS    =        -2.5257
 EELEC  =      -150.5641  EGB     =       -22.3853  RESTRAINT  =         0.4330
 ESURF=         2.0325
 EAMBER (non-restraint)  =       -14.6750
 ------------------------------------------------------------------------------

 NMR restraints: Bond =    0.000   Angle =     0.000   Torsion =     0.433
===============================================================================

      A V E R A G E S   O V E R  500000 S T E P S


 NSTEP =   500000   TIME(PS) =    3000.000  TEMP(K) =   300.02  PRESS =     0.0
 Etot   =        11.6505  EKtot   =        23.5494  EPtot      =       -11.8989
 BOND   =         5.3734  ANGLE   =        14.0802  DIHED      =        19.5758
 1-4 NB =         5.2347  1-4 EEL =       117.1120  VDWAALS    =        -3.1723
 EELEC  =      -147.4786  EGB     =       -24.8939  RESTRAINT  =         0.2938
 ESURF=         1.9760
 EAMBER (non-restraint)  =       -12.1927
 ------------------------------------------------------------------------------

 NMR restraints: Bond =    0.000   Angle =     0.000   Torsion =     0.433
===============================================================================

      R M S  F L U C T U A T I O N S


 NSTEP =   500000   TIME(PS) =    3000.000  TEMP(K) =    48.08  PRESS =     0.0
 Etot   =         5.3899  EKtot   =         3.7743  EPtot      =         3.8124
 BOND   =         1.9729  ANGLE   =         3.0352  DIHED      =         1.5907
 1-4 NB =         1.0132  1-4 EEL =         3.0087  VDWAALS    =         0.6676
 EELEC  =         3.3984  EGB     =         2.1342  RESTRAINT  =         0.4159
 ESURF=         0.0369
 EAMBER (non-restraint)  =         3.3965
 ------------------------------------------------------------------------------


 NMR restraints on final step:


--------------------------------------------------------------------------------
   5.  TIMINGS
--------------------------------------------------------------------------------

|>>>>>>>>PROFILE of Average TIMES>>>>>>>>> 
|                Calc gb radii             27.22 ( 7.94% of Gen B)
|                Communicate gb radii     218.79 (63.79% of Gen B)
|                Calc gb diag              38.98 (11.37% of Gen B)
|                Calc gb off-diag          25.56 ( 7.45% of Gen B)
|                Surface area energy       31.74 ( 9.25% of Gen B)
|                Other                      0.69 ( 0.20% of Gen B)
|             Gen Born time            342.98 (100.0% of Nonbo)
|             IPS excludes               0.08 ( 0.02% of Nonbo)
|          Nonbond force            343.06 (29.32% of Force)
|          Bond/Angle/Dihedral       12.54 ( 1.07% of Force)
|          FRC Collect time         588.34 (50.28% of Force)
|          Other                    226.12 (19.33% of Force)
|       Force time              1170.05 (78.14% of Runmd)
|       Shake time                 1.66 ( 0.11% of Runmd)
|       Verlet update time       255.97 (17.10% of Runmd)
|       CRD distribute time       68.49 ( 4.57% of Runmd)
|       Other                      1.13 ( 0.08% of Runmd)
|    Runmd Time              1497.30 (100.0% of Total)
|    Other                      0.24 ( 0.02% of Total)
| Total time              1497.54 (100.0% of ALL  )

| Number of list builds   :          0

| Highest rstack allocated:          0
| Highest istack allocated:          0

| Final Performance Info:
| -----------------------------------------------------
| Average timings for all steps:
|     Elapsed(s) =    1497.31 Per Step(ms) =       2.99
|         ns/day =      57.70   seconds/ns =    1497.31
| -----------------------------------------------------

|           Job began  at 20:31:41.666  on 04/27/2013
|           Setup done at 20:31:41.911  on 04/27/2013
|           Run   done at 20:56:39.216  on 04/27/2013
|     wallclock() was called18500113 times
