
          -------------------------------------------------------
          Amber 12 SANDER                              2012
          -------------------------------------------------------

| Run on 04/27/2013 at 20:31:41
  [-O]verwriting output

File Assignments:
|  MDIN: run_120.in                                                            
| MDOUT: run_120.out                                                           
|INPCRD: ../eq2/run_120.rst                                                    
|  PARM: parm                                                                  
|RESTRT: run_120.rst                                                           
|  REFC: refc                                                                  
| MDVEL: mdvel                                                                 
|  MDEN: mden                                                                  
| MDCRD: run_120.nc                                                            
|MDINFO: mdinfo                                                                
|  MTMD: mtmd                                                                  
|INPDIP: inpdip                                                                
|RSTDIP: rstdip                                                                

|INPTRA: inptraj                                                               
|
 
 Here is the input file:
 
equilibration with restraint                                                   
 &cntrl                                                                        
   ig=603119,                                                                  
   irest=1, ntx=5,                                                             
   igb=8, gbsa=1,                                                              
   cut=9999.0, rgbmax=9998.0,                                                  
   ntc=2, ntf=1, tol=0.000001,                                                 
   ntt=3, gamma_ln=2.0, tempi=0.1,                                             
   ntb=0, nscm=10000,                                                          
   ioutfm=1,                                                                   
   nstlim=500000, dt=0.002,                                                    
   ntpr=5000, ntwx=5000, ntwv=0, ntwr=500000,                                  
   nmropt=1,                                                                   
 /                                                                             
 &wt                                                                           
  type='DUMPFREQ', istep1=5000,                                                
 /                                                                             
 &wt                                                                           
  type='END',                                                                  
 /                                                                             
DISANG=run_120.disang                                                          
DUMPAVE=run_120.dat                                                            
                                                                               

--------------------------------------------------------------------------------
   1.  RESOURCE   USE: 
--------------------------------------------------------------------------------

| Flags: MPI                                                                    
| New format PARM file being parsed.
| Version =    1.000 Date = 04/27/13 Time = 01:42:54
 NATOM  =      32 NTYPES =       7 NBONH =      17 MBONA  =      14
 NTHETH =      36 MTHETA =      18 NPHIH =      64 MPHIA  =      45
 NHPARM =       0 NPARM  =       0 NNB   =     152 NRES   =       4
 NBONA  =      14 NTHETA =      18 NPHIA =      45 NUMBND =      11
 NUMANG =      21 NPTRA  =      20 NATYP =       8 NPHB   =       0
 IFBOX  =       0 NMXRS  =      10 IFCAP =       0 NEXTRA =       0
 NCOPY  =       0

 Implicit solvent radii are ArgH and AspGluO modified Bondi2 radii (mbondi3)                                
 Replacing prmtop screening parameters with GBn2 (igb=8) values

|     Memory Use     Allocated
|     Real                2310
|     Hollerith            102
|     Integer            23012
|     Max Pairs              1
|     nblistReal             0
|     nblist Int             0
|       Total              108 kbytes

| Note: 1-4 EEL scale factors are being read from the topology file.

| Note: 1-4 VDW scale factors are being read from the topology file.
| Duplicated    0 dihedrals
| Duplicated    0 dihedrals

--------------------------------------------------------------------------------
   2.  CONTROL  DATA  FOR  THE  RUN
--------------------------------------------------------------------------------

ACE                                                                             

General flags:
     imin    =       0, nmropt  =       1

Nature and format of input:
     ntx     =       5, irest   =       1, ntrx    =       1

Nature and format of output:
     ntxo    =       1, ntpr    =    5000, ntrx    =       1, ntwr    =  500000
     iwrap   =       0, ntwx    =    5000, ntwv    =       0, ntwe    =       0
     ioutfm  =       1, ntwprt  =       0, idecomp =       0, rbornstat=      0

Potential function:
     ntf     =       1, ntb     =       0, igb     =       8, nsnb    =      25
     ipol    =       0, gbsa    =       1, iesp    =       0
     dielc   =   1.00000, cut     =9999.00000, intdiel =   1.00000
     saltcon =   0.00000, offset  =   0.19514, surften =   0.00500
     rdt     =   0.00000, rgbmax  =9998.00000  extdiel =  78.50000
     alpb  =        0
     gbalphaH  =   0.78844, gbbetaH   =   0.79870,  gbgammaH  =    0.43733
     gbalphaC  =   0.73376, gbbetaC   =   0.50638,  gbgammaC  =    0.20584
     gbalphaN  =   0.50336, gbbetaN   =   0.31683,  gbgammaN  =    0.19292
     gbalphaOS =   0.86781, gbbetaOS  =   0.87664,  gbgammaOS =    0.38788
     gbalphaP  =   1.00000, gbbetaP   =   0.80000,  gbgammaP  =    4.85100

Frozen or restrained atoms:
     ibelly  =       0, ntr     =       0

Molecular dynamics:
     nstlim  =    500000, nscm    =     10000, nrespa  =         1
     t       =   0.00000, dt      =   0.00200, vlimit  =  20.00000

Langevin dynamics temperature regulation:
     ig      =  603119
     temp0   = 300.00000, tempi   =   0.10000, gamma_ln=   2.00000

SHAKE:
     ntc     =       2, jfastw  =       0
     tol     =   0.00000

NMR refinement options:
     iscale  =       0, noeskp  =       1, ipnlty  =       1, mxsub   =       1
     scalm   = 100.00000, pencut  =   0.10000, tausw   =   0.10000

| MPI Timing options:
|      profile_mpi =        0
|  INFO: Old style inpcrd file read


--------------------------------------------------------------------------------
   3.  ATOMIC COORDINATES AND VELOCITIES
--------------------------------------------------------------------------------

ACE                                                                             
 begin time read from input coords =  2000.000 ps



           Begin reading energy term weight changes/NMR restraints
 WEIGHT CHANGES:
 DUMPFREQ   5000      0    0.000000    0.000000      0      0
                         ** No weight changes given **

 RESTRAINTS:
 Requested file redirections:
  DISANG    = run_120.disang
  DUMPAVE   = run_120.dat
 Restraints will be read from file: run_120.disang
Here are comments from the DISANG input file:

                       Number of restraints read =     1

                  Done reading weight changes/NMR restraints


 Number of triangulated 3-point waters found:        0
|  Atom division among processors:
|         0      16      32
|  Running AMBER/MPI version on    2 nodes


--------------------------------------------------------------------------------
   4.  RESULTS
--------------------------------------------------------------------------------

|  # of SOLUTE  degrees of freedom (RNDFP):      79.
|  # of SOLVENT degrees of freedom (RNDFS):       0.
|  NDFMIN =      79.     NUM_NOSHAKE =      0     CORRECTED RNDFP =      79.
|  TOTAL # of degrees of freedom (RNDF) =      79.

 NSTEP =     5000   TIME(PS) =    2010.000  TEMP(K) =   258.01  PRESS =     0.0
 Etot   =         9.7558  EKtot   =        20.2519  EPtot      =       -10.4961
 BOND   =         2.7535  ANGLE   =        13.7082  DIHED      =        26.0356
 1-4 NB =         4.5346  1-4 EEL =       115.4636  VDWAALS    =        -5.5633
 EELEC  =      -148.8621  EGB     =       -21.5054  RESTRAINT  =         1.0720
 ESURF=         1.8672
 EAMBER (non-restraint)  =       -11.5682
 ------------------------------------------------------------------------------

 NMR restraints: Bond =    0.000   Angle =     0.000   Torsion =     1.072
===============================================================================
| RE_POSITION Moving by   0.720940  4.284984  2.097791

 NSTEP =    10000   TIME(PS) =    2020.000  TEMP(K) =   281.01  PRESS =     0.0
 Etot   =        15.5779  EKtot   =        22.0578  EPtot      =        -6.4798
 BOND   =         4.8623  ANGLE   =        10.2312  DIHED      =        29.3705
 1-4 NB =         5.7278  1-4 EEL =       114.7734  VDWAALS    =        -3.5337
 EELEC  =      -147.9640  EGB     =       -22.2407  RESTRAINT  =         0.3547
 ESURF=         1.9388
 EAMBER (non-restraint)  =        -6.8345
 ------------------------------------------------------------------------------

 NMR restraints: Bond =    0.000   Angle =     0.000   Torsion =     0.355
===============================================================================

 NSTEP =    15000   TIME(PS) =    2030.000  TEMP(K) =   305.68  PRESS =     0.0
 Etot   =        20.9453  EKtot   =        23.9943  EPtot      =        -3.0490
 BOND   =         4.8266  ANGLE   =        15.9503  DIHED      =        28.2341
 1-4 NB =         6.1990  1-4 EEL =       113.4022  VDWAALS    =        -4.4552
 EELEC  =      -147.5179  EGB     =       -21.5878  RESTRAINT  =         0.0135
 ESURF=         1.8862
 EAMBER (non-restraint)  =        -3.0625
 ------------------------------------------------------------------------------

 NMR restraints: Bond =    0.000   Angle =     0.000   Torsion =     0.013
===============================================================================
| RE_POSITION Moving by   5.196340 -2.450047  3.725634

 NSTEP =    20000   TIME(PS) =    2040.000  TEMP(K) =   304.30  PRESS =     0.0
 Etot   =        22.1847  EKtot   =        23.8861  EPtot      =        -1.7014
 BOND   =         7.3927  ANGLE   =        16.7849  DIHED      =        28.3401
 1-4 NB =         3.6805  1-4 EEL =       112.3562  VDWAALS    =        -4.6953
 EELEC  =      -144.6700  EGB     =       -22.9772  RESTRAINT  =         0.1709
 ESURF=         1.9156
 EAMBER (non-restraint)  =        -1.8723
 ------------------------------------------------------------------------------

 NMR restraints: Bond =    0.000   Angle =     0.000   Torsion =     0.171
===============================================================================

 NSTEP =    25000   TIME(PS) =    2050.000  TEMP(K) =   411.46  PRESS =     0.0
 Etot   =        31.3604  EKtot   =        32.2972  EPtot      =        -0.9368
 BOND   =         4.7482  ANGLE   =        17.6477  DIHED      =        30.9141
 1-4 NB =         5.6584  1-4 EEL =       115.0365  VDWAALS    =        -5.1707
 EELEC  =      -148.6993  EGB     =       -23.1322  RESTRAINT  =         0.2200
 ESURF=         1.8407
 EAMBER (non-restraint)  =        -1.1568
 ------------------------------------------------------------------------------

 NMR restraints: Bond =    0.000   Angle =     0.000   Torsion =     0.220
===============================================================================
| RE_POSITION Moving by  -4.657515  1.873364 -2.833447

 NSTEP =    30000   TIME(PS) =    2060.000  TEMP(K) =   261.78  PRESS =     0.0
 Etot   =        16.9165  EKtot   =        20.5483  EPtot      =        -3.6318
 BOND   =         2.5273  ANGLE   =        19.5164  DIHED      =        26.7716
 1-4 NB =         6.3016  1-4 EEL =       116.1234  VDWAALS    =        -4.7678
 EELEC  =      -150.4167  EGB     =       -21.6919  RESTRAINT  =         0.1167
 ESURF=         1.8876
 EAMBER (non-restraint)  =        -3.7484
 ------------------------------------------------------------------------------

 NMR restraints: Bond =    0.000   Angle =     0.000   Torsion =     0.117
===============================================================================

 NSTEP =    35000   TIME(PS) =    2070.000  TEMP(K) =   219.12  PRESS =     0.0
 Etot   =        12.4231  EKtot   =        17.1997  EPtot      =        -4.7766
 BOND   =         5.3999  ANGLE   =        13.2323  DIHED      =        27.7251
 1-4 NB =         4.9989  1-4 EEL =       122.1810  VDWAALS    =        -2.5031
 EELEC  =      -157.8628  EGB     =       -19.8285  RESTRAINT  =         0.0514
 ESURF=         1.8290
 EAMBER (non-restraint)  =        -4.8281
 ------------------------------------------------------------------------------

 NMR restraints: Bond =    0.000   Angle =     0.000   Torsion =     0.051
===============================================================================
| RE_POSITION Moving by   2.924535 -4.144773 -4.290661

 NSTEP =    40000   TIME(PS) =    2080.000  TEMP(K) =   298.13  PRESS =     0.0
 Etot   =        16.6481  EKtot   =        23.4015  EPtot      =        -6.7534
 BOND   =         4.7108  ANGLE   =         9.9661  DIHED      =        29.7227
 1-4 NB =         5.2899  1-4 EEL =       118.0068  VDWAALS    =        -4.1970
 EELEC  =      -150.5028  EGB     =       -21.6878  RESTRAINT  =         0.0311
 ESURF=         1.9069
 EAMBER (non-restraint)  =        -6.7845
 ------------------------------------------------------------------------------

 NMR restraints: Bond =    0.000   Angle =     0.000   Torsion =     0.031
===============================================================================

 NSTEP =    45000   TIME(PS) =    2090.000  TEMP(K) =   244.28  PRESS =     0.0
 Etot   =        13.7127  EKtot   =        19.1745  EPtot      =        -5.4618
 BOND   =         8.4858  ANGLE   =        10.2745  DIHED      =        27.8446
 1-4 NB =         4.2522  1-4 EEL =       116.9759  VDWAALS    =        -4.6291
 EELEC  =      -148.4794  EGB     =       -23.2974  RESTRAINT  =         1.1944
 ESURF=         1.9168
 EAMBER (non-restraint)  =        -6.6562
 ------------------------------------------------------------------------------

 NMR restraints: Bond =    0.000   Angle =     0.000   Torsion =     1.194
===============================================================================
| RE_POSITION Moving by  -2.327569  6.938863  1.150087

 NSTEP =    50000   TIME(PS) =    2100.000  TEMP(K) =   285.09  PRESS =     0.0
 Etot   =        18.1524  EKtot   =        22.3776  EPtot      =        -4.2252
 BOND   =         3.5727  ANGLE   =        13.7182  DIHED      =        29.4621
 1-4 NB =         5.6816  1-4 EEL =       115.9719  VDWAALS    =        -4.1867
 EELEC  =      -149.9061  EGB     =       -20.7663  RESTRAINT  =         0.3783
 ESURF=         1.8492
 EAMBER (non-restraint)  =        -4.6035
 ------------------------------------------------------------------------------

 NMR restraints: Bond =    0.000   Angle =     0.000   Torsion =     0.378
===============================================================================

 NSTEP =    55000   TIME(PS) =    2110.000  TEMP(K) =   211.74  PRESS =     0.0
 Etot   =        10.1927  EKtot   =        16.6203  EPtot      =        -6.4276
 BOND   =         4.2378  ANGLE   =        14.8516  DIHED      =        27.3020
 1-4 NB =         5.0739  1-4 EEL =       116.1112  VDWAALS    =        -5.4982
 EELEC  =      -149.0419  EGB     =       -21.7334  RESTRAINT  =         0.3923
 ESURF=         1.8771
 EAMBER (non-restraint)  =        -6.8199
 ------------------------------------------------------------------------------

 NMR restraints: Bond =    0.000   Angle =     0.000   Torsion =     0.392
===============================================================================
| RE_POSITION Moving by  -9.779581  0.990613 -2.421365

 NSTEP =    60000   TIME(PS) =    2120.000  TEMP(K) =   188.70  PRESS =     0.0
 Etot   =        13.0456  EKtot   =        14.8116  EPtot      =        -1.7660
 BOND   =         4.7693  ANGLE   =        18.4225  DIHED      =        27.0413
 1-4 NB =         5.6067  1-4 EEL =       119.6847  VDWAALS    =        -5.5013
 EELEC  =      -150.5752  EGB     =       -23.1180  RESTRAINT  =         0.0266
 ESURF=         1.8776
 EAMBER (non-restraint)  =        -1.7926
 ------------------------------------------------------------------------------

 NMR restraints: Bond =    0.000   Angle =     0.000   Torsion =     0.027
===============================================================================

 NSTEP =    65000   TIME(PS) =    2130.000  TEMP(K) =   347.33  PRESS =     0.0
 Etot   =        29.5899  EKtot   =        27.2632  EPtot      =         2.3267
 BOND   =         6.7967  ANGLE   =        19.8889  DIHED      =        27.8819
 1-4 NB =         4.9959  1-4 EEL =       114.0032  VDWAALS    =        -4.8119
 EELEC  =      -146.4224  EGB     =       -22.5609  RESTRAINT  =         0.6484
 ESURF=         1.9069
 EAMBER (non-restraint)  =         1.6782
 ------------------------------------------------------------------------------

 NMR restraints: Bond =    0.000   Angle =     0.000   Torsion =     0.648
===============================================================================
| RE_POSITION Moving by  -6.964311 -1.431487 -1.685934

 NSTEP =    70000   TIME(PS) =    2140.000  TEMP(K) =   281.91  PRESS =     0.0
 Etot   =        20.0958  EKtot   =        22.1282  EPtot      =        -2.0324
 BOND   =         3.1649  ANGLE   =        18.4601  DIHED      =        27.2135
 1-4 NB =         6.2738  1-4 EEL =       116.7964  VDWAALS    =        -4.2934
 EELEC  =      -150.4305  EGB     =       -21.4161  RESTRAINT  =         0.3054
 ESURF=         1.8934
 EAMBER (non-restraint)  =        -2.3379
 ------------------------------------------------------------------------------

 NMR restraints: Bond =    0.000   Angle =     0.000   Torsion =     0.305
===============================================================================

 NSTEP =    75000   TIME(PS) =    2150.000  TEMP(K) =   287.79  PRESS =     0.0
 Etot   =        17.6520  EKtot   =        22.5900  EPtot      =        -4.9380
 BOND   =         4.7506  ANGLE   =        15.6332  DIHED      =        28.4445
 1-4 NB =         3.9372  1-4 EEL =       117.3163  VDWAALS    =        -4.7035
 EELEC  =      -149.8098  EGB     =       -22.5462  RESTRAINT  =         0.1407
 ESURF=         1.8991
 EAMBER (non-restraint)  =        -5.0786
 ------------------------------------------------------------------------------

 NMR restraints: Bond =    0.000   Angle =     0.000   Torsion =     0.141
===============================================================================
| RE_POSITION Moving by  -6.582438 -9.784600  6.772564

 NSTEP =    80000   TIME(PS) =    2160.000  TEMP(K) =   265.11  PRESS =     0.0
 Etot   =        19.0537  EKtot   =        20.8099  EPtot      =        -1.7562
 BOND   =         5.4720  ANGLE   =        19.6545  DIHED      =        26.6407
 1-4 NB =         4.9733  1-4 EEL =       114.8161  VDWAALS    =        -5.3369
 EELEC  =      -148.5669  EGB     =       -22.0761  RESTRAINT  =         0.7864
 ESURF=         1.8808
 EAMBER (non-restraint)  =        -2.5426
 ------------------------------------------------------------------------------

 NMR restraints: Bond =    0.000   Angle =     0.000   Torsion =     0.786
===============================================================================

 NSTEP =    85000   TIME(PS) =    2170.000  TEMP(K) =   272.90  PRESS =     0.0
 Etot   =        16.4017  EKtot   =        21.4213  EPtot      =        -5.0196
 BOND   =         7.2142  ANGLE   =        13.5338  DIHED      =        27.7760
 1-4 NB =         4.2580  1-4 EEL =       111.1392  VDWAALS    =        -4.3834
 EELEC  =      -142.9125  EGB     =       -23.7109  RESTRAINT  =         0.1483
 ESURF=         1.9178
 EAMBER (non-restraint)  =        -5.1679
 ------------------------------------------------------------------------------

 NMR restraints: Bond =    0.000   Angle =     0.000   Torsion =     0.148
===============================================================================
| RE_POSITION Moving by   1.213541  2.745607  1.156141

 NSTEP =    90000   TIME(PS) =    2180.000  TEMP(K) =   290.05  PRESS =     0.0
 Etot   =        13.2140  EKtot   =        22.7676  EPtot      =        -9.5536
 BOND   =         3.8258  ANGLE   =        14.0780  DIHED      =        26.1617
 1-4 NB =         5.2758  1-4 EEL =       115.6195  VDWAALS    =        -4.0193
 EELEC  =      -150.8531  EGB     =       -21.6628  RESTRAINT  =         0.1024
 ESURF=         1.9184
 EAMBER (non-restraint)  =        -9.6560
 ------------------------------------------------------------------------------

 NMR restraints: Bond =    0.000   Angle =     0.000   Torsion =     0.102
===============================================================================

 NSTEP =    95000   TIME(PS) =    2190.000  TEMP(K) =   354.47  PRESS =     0.0
 Etot   =        21.7164  EKtot   =        27.8240  EPtot      =        -6.1076
 BOND   =         4.5069  ANGLE   =        14.6978  DIHED      =        29.2638
 1-4 NB =         4.7938  1-4 EEL =       115.5072  VDWAALS    =        -5.5621
 EELEC  =      -149.3000  EGB     =       -22.0124  RESTRAINT  =         0.1438
 ESURF=         1.8535
 EAMBER (non-restraint)  =        -6.2514
 ------------------------------------------------------------------------------

 NMR restraints: Bond =    0.000   Angle =     0.000   Torsion =     0.144
===============================================================================
| RE_POSITION Moving by   2.273750  0.968418  3.247298

 NSTEP =   100000   TIME(PS) =    2200.000  TEMP(K) =   260.32  PRESS =     0.0
 Etot   =        14.3090  EKtot   =        20.4339  EPtot      =        -6.1249
 BOND   =         3.2134  ANGLE   =        15.2966  DIHED      =        29.8913
 1-4 NB =         4.5855  1-4 EEL =       118.4835  VDWAALS    =        -5.4981
 EELEC  =      -150.9279  EGB     =       -23.5765  RESTRAINT  =         0.5510
 ESURF=         1.8563
 EAMBER (non-restraint)  =        -6.6759
 ------------------------------------------------------------------------------

 NMR restraints: Bond =    0.000   Angle =     0.000   Torsion =     0.551
===============================================================================

 NSTEP =   105000   TIME(PS) =    2210.000  TEMP(K) =   242.49  PRESS =     0.0
 Etot   =        19.6347  EKtot   =        19.0343  EPtot      =         0.6004
 BOND   =         4.8414  ANGLE   =        19.8922  DIHED      =        30.3492
 1-4 NB =         4.7688  1-4 EEL =       118.5038  VDWAALS    =        -4.7210
 EELEC  =      -154.6967  EGB     =       -20.1945  RESTRAINT  =         0.0290
 ESURF=         1.8283
 EAMBER (non-restraint)  =         0.5714
 ------------------------------------------------------------------------------

 NMR restraints: Bond =    0.000   Angle =     0.000   Torsion =     0.029
===============================================================================
| RE_POSITION Moving by   0.985555  4.958790 -4.599765

 NSTEP =   110000   TIME(PS) =    2220.000  TEMP(K) =   280.60  PRESS =     0.0
 Etot   =        26.5284  EKtot   =        22.0258  EPtot      =         4.5026
 BOND   =         7.3750  ANGLE   =        15.3456  DIHED      =        32.6559
 1-4 NB =         4.9164  1-4 EEL =       114.1695  VDWAALS    =        -4.4555
 EELEC  =      -144.3515  EGB     =       -23.2005  RESTRAINT  =         0.1053
 ESURF=         1.9424
 EAMBER (non-restraint)  =         4.3972
 ------------------------------------------------------------------------------

 NMR restraints: Bond =    0.000   Angle =     0.000   Torsion =     0.105
===============================================================================

 NSTEP =   115000   TIME(PS) =    2230.000  TEMP(K) =   338.72  PRESS =     0.0
 Etot   =        18.9694  EKtot   =        26.5876  EPtot      =        -7.6182
 BOND   =         5.9043  ANGLE   =        12.4995  DIHED      =        26.4973
 1-4 NB =         5.1376  1-4 EEL =       117.4368  VDWAALS    =        -5.3510
 EELEC  =      -150.7524  EGB     =       -21.7202  RESTRAINT  =         0.8359
 ESURF=         1.8939
 EAMBER (non-restraint)  =        -8.4540
 ------------------------------------------------------------------------------

 NMR restraints: Bond =    0.000   Angle =     0.000   Torsion =     0.836
===============================================================================
| RE_POSITION Moving by  -4.189919 11.030587  6.326318

 NSTEP =   120000   TIME(PS) =    2240.000  TEMP(K) =   327.69  PRESS =     0.0
 Etot   =        16.2283  EKtot   =        25.7214  EPtot      =        -9.4931
 BOND   =         2.9663  ANGLE   =        12.7615  DIHED      =        26.5985
 1-4 NB =         5.9722  1-4 EEL =       117.7066  VDWAALS    =        -4.7585
 EELEC  =      -150.7572  EGB     =       -21.9881  RESTRAINT  =         0.1035
 ESURF=         1.9021
 EAMBER (non-restraint)  =        -9.5966
 ------------------------------------------------------------------------------

 NMR restraints: Bond =    0.000   Angle =     0.000   Torsion =     0.104
===============================================================================

 NSTEP =   125000   TIME(PS) =    2250.000  TEMP(K) =   277.20  PRESS =     0.0
 Etot   =        21.4987  EKtot   =        21.7582  EPtot      =        -0.2596
 BOND   =         7.7388  ANGLE   =        15.4904  DIHED      =        27.5311
 1-4 NB =         5.3889  1-4 EEL =       124.4383  VDWAALS    =        -4.6293
 EELEC  =      -154.3409  EGB     =       -24.1836  RESTRAINT  =         0.4497
 ESURF=         1.8571
 EAMBER (non-restraint)  =        -0.7092
 ------------------------------------------------------------------------------

 NMR restraints: Bond =    0.000   Angle =     0.000   Torsion =     0.450
===============================================================================
| RE_POSITION Moving by   6.073297 -3.447463 -6.997900

 NSTEP =   130000   TIME(PS) =    2260.000  TEMP(K) =   288.34  PRESS =     0.0
 Etot   =        21.6530  EKtot   =        22.6333  EPtot      =        -0.9804
 BOND   =         7.8761  ANGLE   =        13.0204  DIHED      =        31.2636
 1-4 NB =         5.5716  1-4 EEL =       117.5587  VDWAALS    =        -3.6628
 EELEC  =      -150.9342  EGB     =       -23.6767  RESTRAINT  =         0.0032
 ESURF=         1.9997
 EAMBER (non-restraint)  =        -0.9835
 ------------------------------------------------------------------------------

 NMR restraints: Bond =    0.000   Angle =     0.000   Torsion =     0.003
===============================================================================

 NSTEP =   135000   TIME(PS) =    2270.000  TEMP(K) =   248.78  PRESS =     0.0
 Etot   =        15.1735  EKtot   =        19.5278  EPtot      =        -4.3543
 BOND   =         4.6193  ANGLE   =        16.6829  DIHED      =        26.4489
 1-4 NB =         5.1079  1-4 EEL =       119.5055  VDWAALS    =        -3.1074
 EELEC  =      -150.7996  EGB     =       -24.8249  RESTRAINT  =         0.0244
 ESURF=         1.9887
 EAMBER (non-restraint)  =        -4.3787
 ------------------------------------------------------------------------------

 NMR restraints: Bond =    0.000   Angle =     0.000   Torsion =     0.024
===============================================================================
| RE_POSITION Moving by   6.577975 -3.001384  3.064612

 NSTEP =   140000   TIME(PS) =    2280.000  TEMP(K) =   314.62  PRESS =     0.0
 Etot   =        19.6409  EKtot   =        24.6962  EPtot      =        -5.0553
 BOND   =         2.4496  ANGLE   =        14.8921  DIHED      =        26.5889
 1-4 NB =         5.9063  1-4 EEL =       127.5177  VDWAALS    =        -3.7215
 EELEC  =      -158.0200  EGB     =       -22.8151  RESTRAINT  =         0.1895
 ESURF=         1.9573
 EAMBER (non-restraint)  =        -5.2448
 ------------------------------------------------------------------------------

 NMR restraints: Bond =    0.000   Angle =     0.000   Torsion =     0.190
===============================================================================

 NSTEP =   145000   TIME(PS) =    2290.000  TEMP(K) =   191.51  PRESS =     0.0
 Etot   =        16.3228  EKtot   =        15.0326  EPtot      =         1.2903
 BOND   =         6.7492  ANGLE   =        18.7837  DIHED      =        30.7567
 1-4 NB =         4.1936  1-4 EEL =       117.2795  VDWAALS    =        -3.8979
 EELEC  =      -151.4340  EGB     =       -23.2379  RESTRAINT  =         0.1357
 ESURF=         1.9618
 EAMBER (non-restraint)  =         1.1546
 ------------------------------------------------------------------------------

 NMR restraints: Bond =    0.000   Angle =     0.000   Torsion =     0.136
===============================================================================
| RE_POSITION Moving by   1.598396 -4.307257 -2.915344

 NSTEP =   150000   TIME(PS) =    2300.000  TEMP(K) =   321.38  PRESS =     0.0
 Etot   =        19.9760  EKtot   =        25.2260  EPtot      =        -5.2500
 BOND   =         6.4645  ANGLE   =        15.0185  DIHED      =        26.1210
 1-4 NB =         4.0850  1-4 EEL =       117.9102  VDWAALS    =        -3.5725
 EELEC  =      -150.6580  EGB     =       -22.7572  RESTRAINT  =         0.1196
 ESURF=         2.0188
 EAMBER (non-restraint)  =        -5.3696
 ------------------------------------------------------------------------------

 NMR restraints: Bond =    0.000   Angle =     0.000   Torsion =     0.120
===============================================================================

 NSTEP =   155000   TIME(PS) =    2310.000  TEMP(K) =   298.96  PRESS =     0.0
 Etot   =        17.9891  EKtot   =        23.4665  EPtot      =        -5.4774
 BOND   =         3.9541  ANGLE   =        12.4464  DIHED      =        31.0679
 1-4 NB =         4.2774  1-4 EEL =       123.0325  VDWAALS    =        -4.0359
 EELEC  =      -154.6259  EGB     =       -23.6276  RESTRAINT  =         0.0957
 ESURF=         1.9379
 EAMBER (non-restraint)  =        -5.5731
 ------------------------------------------------------------------------------

 NMR restraints: Bond =    0.000   Angle =     0.000   Torsion =     0.096
===============================================================================
| RE_POSITION Moving by  -3.104379 -2.350979 -3.120731

 NSTEP =   160000   TIME(PS) =    2320.000  TEMP(K) =   278.28  PRESS =     0.0
 Etot   =        17.0940  EKtot   =        21.8436  EPtot      =        -4.7497
 BOND   =         6.3070  ANGLE   =        13.9305  DIHED      =        29.0507
 1-4 NB =         4.3597  1-4 EEL =       117.5856  VDWAALS    =        -3.6011
 EELEC  =      -153.3253  EGB     =       -21.2455  RESTRAINT  =         0.2391
 ESURF=         1.9495
 EAMBER (non-restraint)  =        -4.9887
 ------------------------------------------------------------------------------

 NMR restraints: Bond =    0.000   Angle =     0.000   Torsion =     0.239
===============================================================================

 NSTEP =   165000   TIME(PS) =    2330.000  TEMP(K) =   359.52  PRESS =     0.0
 Etot   =        25.6619  EKtot   =        28.2199  EPtot      =        -2.5580
 BOND   =         1.9930  ANGLE   =        16.2138  DIHED      =        28.0328
 1-4 NB =         6.3693  1-4 EEL =       118.0679  VDWAALS    =        -2.8652
 EELEC  =      -150.7839  EGB     =       -21.9087  RESTRAINT  =         0.3513
 ESURF=         1.9718
 EAMBER (non-restraint)  =        -2.9092
 ------------------------------------------------------------------------------

 NMR restraints: Bond =    0.000   Angle =     0.000   Torsion =     0.351
===============================================================================
| RE_POSITION Moving by   2.571219 -3.126316 -4.352703

 NSTEP =   170000   TIME(PS) =    2340.000  TEMP(K) =   277.23  PRESS =     0.0
 Etot   =        16.7767  EKtot   =        21.7607  EPtot      =        -4.9840
 BOND   =         5.6118  ANGLE   =        14.4317  DIHED      =        26.0404
 1-4 NB =         5.5505  1-4 EEL =       118.1135  VDWAALS    =        -3.1315
 EELEC  =      -152.3580  EGB     =       -21.7862  RESTRAINT  =         0.5362
 ESURF=         2.0076
 EAMBER (non-restraint)  =        -5.5202
 ------------------------------------------------------------------------------

 NMR restraints: Bond =    0.000   Angle =     0.000   Torsion =     0.536
===============================================================================

 NSTEP =   175000   TIME(PS) =    2350.000  TEMP(K) =   280.28  PRESS =     0.0
 Etot   =        15.5365  EKtot   =        22.0004  EPtot      =        -6.4639
 BOND   =         6.1058  ANGLE   =        12.3756  DIHED      =        26.9902
 1-4 NB =         4.7797  1-4 EEL =       115.1961  VDWAALS    =        -3.1902
 EELEC  =      -146.2007  EGB     =       -24.5409  RESTRAINT  =         0.0062
 ESURF=         2.0142
 EAMBER (non-restraint)  =        -6.4701
 ------------------------------------------------------------------------------

 NMR restraints: Bond =    0.000   Angle =     0.000   Torsion =     0.006
===============================================================================
| RE_POSITION Moving by   7.205363  0.553531  4.096775

 NSTEP =   180000   TIME(PS) =    2360.000  TEMP(K) =   278.06  PRESS =     0.0
 Etot   =        13.6215  EKtot   =        21.8258  EPtot      =        -8.2043
 BOND   =         2.9859  ANGLE   =        11.5241  DIHED      =        26.1679
 1-4 NB =         4.7261  1-4 EEL =       123.5442  VDWAALS    =        -3.6900
 EELEC  =      -151.8312  EGB     =       -24.4214  RESTRAINT  =         0.7952
 ESURF=         1.9949
 EAMBER (non-restraint)  =        -8.9995
 ------------------------------------------------------------------------------

 NMR restraints: Bond =    0.000   Angle =     0.000   Torsion =     0.795
===============================================================================

 NSTEP =   185000   TIME(PS) =    2370.000  TEMP(K) =   410.73  PRESS =     0.0
 Etot   =        34.9371  EKtot   =        32.2400  EPtot      =         2.6971
 BOND   =         4.3652  ANGLE   =        15.4211  DIHED      =        32.9667
 1-4 NB =         5.7042  1-4 EEL =       121.6815  VDWAALS    =        -4.0027
 EELEC  =      -153.4395  EGB     =       -22.2537  RESTRAINT  =         0.3020
 ESURF=         1.9522
 EAMBER (non-restraint)  =         2.3951
 ------------------------------------------------------------------------------

 NMR restraints: Bond =    0.000   Angle =     0.000   Torsion =     0.302
===============================================================================
| RE_POSITION Moving by  -5.275466  2.091492  3.264167

 NSTEP =   190000   TIME(PS) =    2380.000  TEMP(K) =   313.24  PRESS =     0.0
 Etot   =        22.1931  EKtot   =        24.5877  EPtot      =        -2.3946
 BOND   =         5.3559  ANGLE   =        11.6159  DIHED      =        26.3284
 1-4 NB =         6.7200  1-4 EEL =       125.8498  VDWAALS    =        -3.4657
 EELEC  =      -154.6493  EGB     =       -24.8858  RESTRAINT  =         2.7686
 ESURF=         1.9678
 EAMBER (non-restraint)  =        -5.1632
 ------------------------------------------------------------------------------

 NMR restraints: Bond =    0.000   Angle =     0.000   Torsion =     2.769
===============================================================================

 NSTEP =   195000   TIME(PS) =    2390.000  TEMP(K) =   360.43  PRESS =     0.0
 Etot   =        29.6161  EKtot   =        28.2914  EPtot      =         1.3247
 BOND   =         6.2737  ANGLE   =        19.1299  DIHED      =        28.2112
 1-4 NB =         4.2441  1-4 EEL =       118.7525  VDWAALS    =        -3.6218
 EELEC  =      -148.9050  EGB     =       -25.1065  RESTRAINT  =         0.3569
 ESURF=         1.9897
 EAMBER (non-restraint)  =         0.9678
 ------------------------------------------------------------------------------

 NMR restraints: Bond =    0.000   Angle =     0.000   Torsion =     0.357
===============================================================================
| RE_POSITION Moving by  10.442952 -7.023768  6.066014

 NSTEP =   200000   TIME(PS) =    2400.000  TEMP(K) =   297.33  PRESS =     0.0
 Etot   =        16.2805  EKtot   =        23.3384  EPtot      =        -7.0579
 BOND   =         5.9333  ANGLE   =        11.8892  DIHED      =        29.8969
 1-4 NB =         4.7116  1-4 EEL =       117.2357  VDWAALS    =        -3.7036
 EELEC  =      -153.3602  EGB     =       -21.6548  RESTRAINT  =         0.0466
 ESURF=         1.9474
 EAMBER (non-restraint)  =        -7.1046
 ------------------------------------------------------------------------------

 NMR restraints: Bond =    0.000   Angle =     0.000   Torsion =     0.047
===============================================================================

 NSTEP =   205000   TIME(PS) =    2410.000  TEMP(K) =   377.65  PRESS =     0.0
 Etot   =        26.0656  EKtot   =        29.6434  EPtot      =        -3.5778
 BOND   =         4.7079  ANGLE   =        16.5765  DIHED      =        28.7761
 1-4 NB =         3.4143  1-4 EEL =       119.2707  VDWAALS    =        -3.1940
 EELEC  =      -153.0548  EGB     =       -22.5713  RESTRAINT  =         0.5365
 ESURF=         1.9604
 EAMBER (non-restraint)  =        -4.1143
 ------------------------------------------------------------------------------

 NMR restraints: Bond =    0.000   Angle =     0.000   Torsion =     0.536
===============================================================================
| RE_POSITION Moving by  -2.197645  2.267462  1.845518

 NSTEP =   210000   TIME(PS) =    2420.000  TEMP(K) =   380.68  PRESS =     0.0
 Etot   =        22.0926  EKtot   =        29.8808  EPtot      =        -7.7882
 BOND   =         3.1083  ANGLE   =        11.9566  DIHED      =        27.8254
 1-4 NB =         5.4456  1-4 EEL =       122.8285  VDWAALS    =        -3.8284
 EELEC  =      -156.3654  EGB     =       -21.1100  RESTRAINT  =         0.4184
 ESURF=         1.9328
 EAMBER (non-restraint)  =        -8.2065
 ------------------------------------------------------------------------------

 NMR restraints: Bond =    0.000   Angle =     0.000   Torsion =     0.418
===============================================================================

 NSTEP =   215000   TIME(PS) =    2430.000  TEMP(K) =   284.21  PRESS =     0.0
 Etot   =        14.7521  EKtot   =        22.3091  EPtot      =        -7.5570
 BOND   =         3.1487  ANGLE   =        14.8838  DIHED      =        26.2181
 1-4 NB =         4.5287  1-4 EEL =       123.8302  VDWAALS    =        -3.8383
 EELEC  =      -154.7067  EGB     =       -23.6824  RESTRAINT  =         0.0708
 ESURF=         1.9899
 EAMBER (non-restraint)  =        -7.6279
 ------------------------------------------------------------------------------

 NMR restraints: Bond =    0.000   Angle =     0.000   Torsion =     0.071
===============================================================================
| RE_POSITION Moving by   3.076256 -0.906586 -2.863713

 NSTEP =   220000   TIME(PS) =    2440.000  TEMP(K) =   350.37  PRESS =     0.0
 Etot   =        27.9094  EKtot   =        27.5016  EPtot      =         0.4078
 BOND   =         5.9434  ANGLE   =        15.9910  DIHED      =        29.7673
 1-4 NB =         5.4523  1-4 EEL =       120.9777  VDWAALS    =        -3.3765
 EELEC  =      -153.9171  EGB     =       -22.4048  RESTRAINT  =         0.0154
 ESURF=         1.9593
 EAMBER (non-restraint)  =         0.3923
 ------------------------------------------------------------------------------

 NMR restraints: Bond =    0.000   Angle =     0.000   Torsion =     0.015
===============================================================================

 NSTEP =   225000   TIME(PS) =    2450.000  TEMP(K) =   268.41  PRESS =     0.0
 Etot   =        22.2612  EKtot   =        21.0688  EPtot      =         1.1924
 BOND   =         6.1626  ANGLE   =        20.0289  DIHED      =        28.2751
 1-4 NB =         5.2648  1-4 EEL =       118.8562  VDWAALS    =        -3.2164
 EELEC  =      -150.5038  EGB     =       -25.7366  RESTRAINT  =         0.0705
 ESURF=         1.9912
 EAMBER (non-restraint)  =         1.1220
 ------------------------------------------------------------------------------

 NMR restraints: Bond =    0.000   Angle =     0.000   Torsion =     0.070
===============================================================================
| RE_POSITION Moving by  -2.055011  1.612325 -1.124502

 NSTEP =   230000   TIME(PS) =    2460.000  TEMP(K) =   307.67  PRESS =     0.0
 Etot   =        26.8709  EKtot   =        24.1506  EPtot      =         2.7203
 BOND   =        11.2993  ANGLE   =        13.5773  DIHED      =        27.8746
 1-4 NB =         4.2279  1-4 EEL =       123.2936  VDWAALS    =        -3.7398
 EELEC  =      -152.7552  EGB     =       -23.6018  RESTRAINT  =         0.5254
 ESURF=         2.0190
 EAMBER (non-restraint)  =         2.1949
 ------------------------------------------------------------------------------

 NMR restraints: Bond =    0.000   Angle =     0.000   Torsion =     0.525
===============================================================================

 NSTEP =   235000   TIME(PS) =    2470.000  TEMP(K) =   248.65  PRESS =     0.0
 Etot   =        17.0256  EKtot   =        19.5179  EPtot      =        -2.4923
 BOND   =         5.5062  ANGLE   =        17.1749  DIHED      =        26.7142
 1-4 NB =         5.1508  1-4 EEL =       121.3648  VDWAALS    =        -3.7118
 EELEC  =      -152.2492  EGB     =       -24.6012  RESTRAINT  =         0.1583
 ESURF=         2.0007
 EAMBER (non-restraint)  =        -2.6506
 ------------------------------------------------------------------------------

 NMR restraints: Bond =    0.000   Angle =     0.000   Torsion =     0.158
===============================================================================
| RE_POSITION Moving by   2.854871  7.167114 -3.314517

 NSTEP =   240000   TIME(PS) =    2480.000  TEMP(K) =   367.58  PRESS =     0.0
 Etot   =        20.7917  EKtot   =        28.8530  EPtot      =        -8.0613
 BOND   =         2.7148  ANGLE   =        11.2209  DIHED      =        28.3568
 1-4 NB =         4.9732  1-4 EEL =       119.7379  VDWAALS    =        -3.8897
 EELEC  =      -151.4145  EGB     =       -22.4070  RESTRAINT  =         0.6712
 ESURF=         1.9751
 EAMBER (non-restraint)  =        -8.7325
 ------------------------------------------------------------------------------

 NMR restraints: Bond =    0.000   Angle =     0.000   Torsion =     0.671
===============================================================================

 NSTEP =   245000   TIME(PS) =    2490.000  TEMP(K) =   231.00  PRESS =     0.0
 Etot   =        15.4267  EKtot   =        18.1324  EPtot      =        -2.7057
 BOND   =         5.9254  ANGLE   =        11.3000  DIHED      =        26.4302
 1-4 NB =         5.4920  1-4 EEL =       122.4461  VDWAALS    =        -0.7228
 EELEC  =      -155.4805  EGB     =       -21.9552  RESTRAINT  =         1.9221
 ESURF=         1.9371
 EAMBER (non-restraint)  =        -4.6278
 ------------------------------------------------------------------------------

 NMR restraints: Bond =    0.000   Angle =     0.000   Torsion =     1.922
===============================================================================
| RE_POSITION Moving by  -0.090770  7.609937  3.634534

 NSTEP =   250000   TIME(PS) =    2500.000  TEMP(K) =   262.24  PRESS =     0.0
 Etot   =        14.0227  EKtot   =        20.5841  EPtot      =        -6.5614
 BOND   =         3.9912  ANGLE   =        13.1109  DIHED      =        28.3677
 1-4 NB =         3.8514  1-4 EEL =       117.9296  VDWAALS    =        -3.6029
 EELEC  =      -149.8441  EGB     =       -22.3963  RESTRAINT  =         0.0674
 ESURF=         1.9637
 EAMBER (non-restraint)  =        -6.6287
 ------------------------------------------------------------------------------

 NMR restraints: Bond =    0.000   Angle =     0.000   Torsion =     0.067
===============================================================================

 NSTEP =   255000   TIME(PS) =    2510.000  TEMP(K) =   237.28  PRESS =     0.0
 Etot   =        17.1279  EKtot   =        18.6250  EPtot      =        -1.4971
 BOND   =         6.3281  ANGLE   =        17.7188  DIHED      =        27.6506
 1-4 NB =         3.8616  1-4 EEL =       118.0703  VDWAALS    =        -3.9180
 EELEC  =      -149.2855  EGB     =       -24.3852  RESTRAINT  =         0.4638
 ESURF=         1.9984
 EAMBER (non-restraint)  =        -1.9609
 ------------------------------------------------------------------------------

 NMR restraints: Bond =    0.000   Angle =     0.000   Torsion =     0.464
===============================================================================
| RE_POSITION Moving by   3.856921  3.802819 12.982689

 NSTEP =   260000   TIME(PS) =    2520.000  TEMP(K) =   339.92  PRESS =     0.0
 Etot   =        23.0413  EKtot   =        26.6820  EPtot      =        -3.6407
 BOND   =         5.2350  ANGLE   =        11.5437  DIHED      =        28.1128
 1-4 NB =         4.8223  1-4 EEL =       120.6647  VDWAALS    =        -2.5139
 EELEC  =      -149.6443  EGB     =       -23.8734  RESTRAINT  =         0.0014
 ESURF=         2.0112
 EAMBER (non-restraint)  =        -3.6421
 ------------------------------------------------------------------------------

 NMR restraints: Bond =    0.000   Angle =     0.000   Torsion =     0.001
===============================================================================

 NSTEP =   265000   TIME(PS) =    2530.000  TEMP(K) =   280.97  PRESS =     0.0
 Etot   =        17.2220  EKtot   =        22.0543  EPtot      =        -4.8324
 BOND   =         2.4241  ANGLE   =        13.2537  DIHED      =        26.5036
 1-4 NB =         5.6564  1-4 EEL =       124.1463  VDWAALS    =        -3.1450
 EELEC  =      -156.5778  EGB     =       -21.3392  RESTRAINT  =         2.2729
 ESURF=         1.9725
 EAMBER (non-restraint)  =        -7.1053
 ------------------------------------------------------------------------------

 NMR restraints: Bond =    0.000   Angle =     0.000   Torsion =     2.273
===============================================================================
| RE_POSITION Moving by   0.091484 -2.386900  1.169374

 NSTEP =   270000   TIME(PS) =    2540.000  TEMP(K) =   328.06  PRESS =     0.0
 Etot   =        23.6553  EKtot   =        25.7509  EPtot      =        -2.0956
 BOND   =         9.0593  ANGLE   =        11.9913  DIHED      =        25.3504
 1-4 NB =         7.2641  1-4 EEL =       123.2843  VDWAALS    =        -2.6593
 EELEC  =      -156.0976  EGB     =       -22.9787  RESTRAINT  =         0.7329
 ESURF=         1.9577
 EAMBER (non-restraint)  =        -2.8285
 ------------------------------------------------------------------------------

 NMR restraints: Bond =    0.000   Angle =     0.000   Torsion =     0.733
===============================================================================

 NSTEP =   275000   TIME(PS) =    2550.000  TEMP(K) =   360.58  PRESS =     0.0
 Etot   =        25.7761  EKtot   =        28.3032  EPtot      =        -2.5271
 BOND   =         3.7463  ANGLE   =        13.0954  DIHED      =        30.7184
 1-4 NB =         4.3303  1-4 EEL =       119.9105  VDWAALS    =        -3.6580
 EELEC  =      -146.9085  EGB     =       -25.7941  RESTRAINT  =         0.0312
 ESURF=         2.0015
 EAMBER (non-restraint)  =        -2.5583
 ------------------------------------------------------------------------------

 NMR restraints: Bond =    0.000   Angle =     0.000   Torsion =     0.031
===============================================================================
| RE_POSITION Moving by   2.715218  1.026555  5.173379

 NSTEP =   280000   TIME(PS) =    2560.000  TEMP(K) =   262.87  PRESS =     0.0
 Etot   =        23.7847  EKtot   =        20.6341  EPtot      =         3.1506
 BOND   =         7.6207  ANGLE   =        15.2953  DIHED      =        31.4753
 1-4 NB =         4.2395  1-4 EEL =       121.1433  VDWAALS    =        -3.5301
 EELEC  =      -150.6591  EGB     =       -24.8120  RESTRAINT  =         0.3468
 ESURF=         2.0308
 EAMBER (non-restraint)  =         2.8038
 ------------------------------------------------------------------------------

 NMR restraints: Bond =    0.000   Angle =     0.000   Torsion =     0.347
===============================================================================

 NSTEP =   285000   TIME(PS) =    2570.000  TEMP(K) =   320.75  PRESS =     0.0
 Etot   =        21.7783  EKtot   =        25.1771  EPtot      =        -3.3988
 BOND   =         5.3384  ANGLE   =        15.0249  DIHED      =        28.2297
 1-4 NB =         5.6696  1-4 EEL =       116.9991  VDWAALS    =        -3.4067
 EELEC  =      -147.5098  EGB     =       -25.7500  RESTRAINT  =         0.0242
 ESURF=         1.9817
 EAMBER (non-restraint)  =        -3.4230
 ------------------------------------------------------------------------------

 NMR restraints: Bond =    0.000   Angle =     0.000   Torsion =     0.024
===============================================================================
| RE_POSITION Moving by  -0.837025 -1.253012 -8.160843

 NSTEP =   290000   TIME(PS) =    2580.000  TEMP(K) =   235.38  PRESS =     0.0
 Etot   =        19.2371  EKtot   =        18.4756  EPtot      =         0.7615
 BOND   =         3.8202  ANGLE   =        16.5295  DIHED      =        29.9701
 1-4 NB =         5.3297  1-4 EEL =       119.1270  VDWAALS    =        -3.0172
 EELEC  =      -149.9961  EGB     =       -23.0502  RESTRAINT  =         0.0912
 ESURF=         1.9572
 EAMBER (non-restraint)  =         0.6703
 ------------------------------------------------------------------------------

 NMR restraints: Bond =    0.000   Angle =     0.000   Torsion =     0.091
===============================================================================

 NSTEP =   295000   TIME(PS) =    2590.000  TEMP(K) =   318.47  PRESS =     0.0
 Etot   =        24.3221  EKtot   =        24.9979  EPtot      =        -0.6758
 BOND   =         6.5726  ANGLE   =        16.0528  DIHED      =        27.1906
 1-4 NB =         5.2482  1-4 EEL =       119.4771  VDWAALS    =        -3.3547
 EELEC  =      -151.3799  EGB     =       -22.8391  RESTRAINT  =         0.3825
 ESURF=         1.9742
 EAMBER (non-restraint)  =        -1.0583
 ------------------------------------------------------------------------------

 NMR restraints: Bond =    0.000   Angle =     0.000   Torsion =     0.383
===============================================================================
| RE_POSITION Moving by   6.018183  2.036562 -2.843632

 NSTEP =   300000   TIME(PS) =    2600.000  TEMP(K) =   310.68  PRESS =     0.0
 Etot   =        23.7845  EKtot   =        24.3865  EPtot      =        -0.6020
 BOND   =         8.4965  ANGLE   =        13.0255  DIHED      =        29.5428
 1-4 NB =         4.4980  1-4 EEL =       117.7143  VDWAALS    =        -3.9380
 EELEC  =      -147.5657  EGB     =       -24.6788  RESTRAINT  =         0.3452
 ESURF=         1.9582
 EAMBER (non-restraint)  =        -0.9472
 ------------------------------------------------------------------------------

 NMR restraints: Bond =    0.000   Angle =     0.000   Torsion =     0.345
===============================================================================

 NSTEP =   305000   TIME(PS) =    2610.000  TEMP(K) =   240.17  PRESS =     0.0
 Etot   =        15.3793  EKtot   =        18.8520  EPtot      =        -3.4727
 BOND   =         5.3160  ANGLE   =        14.0105  DIHED      =        27.4928
 1-4 NB =         4.4480  1-4 EEL =       120.0508  VDWAALS    =        -2.8059
 EELEC  =      -147.8821  EGB     =       -26.1062  RESTRAINT  =         0.0057
 ESURF=         1.9977
 EAMBER (non-restraint)  =        -3.4784
 ------------------------------------------------------------------------------

 NMR restraints: Bond =    0.000   Angle =     0.000   Torsion =     0.006
===============================================================================
| RE_POSITION Moving by  -3.537035  6.544018  5.516561

 NSTEP =   310000   TIME(PS) =    2620.000  TEMP(K) =   332.42  PRESS =     0.0
 Etot   =        26.2998  EKtot   =        26.0932  EPtot      =         0.2066
 BOND   =         6.3439  ANGLE   =        11.5789  DIHED      =        28.8586
 1-4 NB =         6.4208  1-4 EEL =       121.0040  VDWAALS    =        -2.8242
 EELEC  =      -153.9369  EGB     =       -22.9601  RESTRAINT  =         3.7489
 ESURF=         1.9726
 EAMBER (non-restraint)  =        -3.5423
 ------------------------------------------------------------------------------

 NMR restraints: Bond =    0.000   Angle =     0.000   Torsion =     3.749
===============================================================================

 NSTEP =   315000   TIME(PS) =    2630.000  TEMP(K) =   291.91  PRESS =     0.0
 Etot   =        18.4848  EKtot   =        22.9131  EPtot      =        -4.4283
 BOND   =         5.0804  ANGLE   =        11.9297  DIHED      =        30.1131
 1-4 NB =         4.4309  1-4 EEL =       121.1875  VDWAALS    =        -3.8195
 EELEC  =      -151.5305  EGB     =       -24.3048  RESTRAINT  =         0.4950
 ESURF=         1.9898
 EAMBER (non-restraint)  =        -4.9233
 ------------------------------------------------------------------------------

 NMR restraints: Bond =    0.000   Angle =     0.000   Torsion =     0.495
===============================================================================
| RE_POSITION Moving by  -0.857949 -6.602843  2.390809

 NSTEP =   320000   TIME(PS) =    2640.000  TEMP(K) =   257.09  PRESS =     0.0
 Etot   =        20.9638  EKtot   =        20.1799  EPtot      =         0.7839
 BOND   =         4.0729  ANGLE   =        19.8225  DIHED      =        27.7559
 1-4 NB =         5.0218  1-4 EEL =       120.7825  VDWAALS    =        -3.5869
 EELEC  =      -153.7170  EGB     =       -21.9804  RESTRAINT  =         0.6124
 ESURF=         2.0003
 EAMBER (non-restraint)  =         0.1716
 ------------------------------------------------------------------------------

 NMR restraints: Bond =    0.000   Angle =     0.000   Torsion =     0.612
===============================================================================

 NSTEP =   325000   TIME(PS) =    2650.000  TEMP(K) =   219.82  PRESS =     0.0
 Etot   =        17.8467  EKtot   =        17.2544  EPtot      =         0.5923
 BOND   =         4.3866  ANGLE   =        19.4562  DIHED      =        29.1246
 1-4 NB =         5.1851  1-4 EEL =       116.7887  VDWAALS    =        -2.9200
 EELEC  =      -149.8566  EGB     =       -23.6681  RESTRAINT  =         0.1167
 ESURF=         1.9791
 EAMBER (non-restraint)  =         0.4756
 ------------------------------------------------------------------------------

 NMR restraints: Bond =    0.000   Angle =     0.000   Torsion =     0.117
===============================================================================
| RE_POSITION Moving by   1.257631  8.829579 -4.562611

 NSTEP =   330000   TIME(PS) =    2660.000  TEMP(K) =   258.50  PRESS =     0.0
 Etot   =        23.4824  EKtot   =        20.2904  EPtot      =         3.1920
 BOND   =        11.3995  ANGLE   =        14.1474  DIHED      =        31.1749
 1-4 NB =         2.6585  1-4 EEL =       116.3032  VDWAALS    =        -2.3447
 EELEC  =      -148.8521  EGB     =       -23.3039  RESTRAINT  =         0.0174
 ESURF=         1.9919
 EAMBER (non-restraint)  =         3.1747
 ------------------------------------------------------------------------------

 NMR restraints: Bond =    0.000   Angle =     0.000   Torsion =     0.017
===============================================================================

 NSTEP =   335000   TIME(PS) =    2670.000  TEMP(K) =   291.28  PRESS =     0.0
 Etot   =        20.8126  EKtot   =        22.8634  EPtot      =        -2.0508
 BOND   =         4.2550  ANGLE   =        14.4549  DIHED      =        29.4417
 1-4 NB =         6.0510  1-4 EEL =       119.8508  VDWAALS    =        -4.1614
 EELEC  =      -150.3041  EGB     =       -23.9260  RESTRAINT  =         0.3560
 ESURF=         1.9313
 EAMBER (non-restraint)  =        -2.4068
 ------------------------------------------------------------------------------

 NMR restraints: Bond =    0.000   Angle =     0.000   Torsion =     0.356
===============================================================================
| RE_POSITION Moving by   0.015705-15.280518  2.590401

 NSTEP =   340000   TIME(PS) =    2680.000  TEMP(K) =   329.43  PRESS =     0.0
 Etot   =        22.4347  EKtot   =        25.8587  EPtot      =        -3.4239
 BOND   =         5.0239  ANGLE   =        13.3449  DIHED      =        29.1993
 1-4 NB =         5.7477  1-4 EEL =       122.0340  VDWAALS    =        -3.8327
 EELEC  =      -153.8108  EGB     =       -23.0944  RESTRAINT  =         0.0049
 ESURF=         1.9592
 EAMBER (non-restraint)  =        -3.4288
 ------------------------------------------------------------------------------

 NMR restraints: Bond =    0.000   Angle =     0.000   Torsion =     0.005
===============================================================================

 NSTEP =   345000   TIME(PS) =    2690.000  TEMP(K) =   354.43  PRESS =     0.0
 Etot   =        22.0882  EKtot   =        27.8210  EPtot      =        -5.7328
 BOND   =         5.3117  ANGLE   =        12.2588  DIHED      =        29.5736
 1-4 NB =         3.9408  1-4 EEL =       114.6327  VDWAALS    =        -3.6122
 EELEC  =      -143.6998  EGB     =       -26.1318  RESTRAINT  =         0.0220
 ESURF=         1.9713
 EAMBER (non-restraint)  =        -5.7548
 ------------------------------------------------------------------------------

 NMR restraints: Bond =    0.000   Angle =     0.000   Torsion =     0.022
===============================================================================
| RE_POSITION Moving by   1.061189 -3.039355 -5.626266

 NSTEP =   350000   TIME(PS) =    2700.000  TEMP(K) =   288.60  PRESS =     0.0
 Etot   =        13.3944  EKtot   =        22.6532  EPtot      =        -9.2588
 BOND   =         2.5749  ANGLE   =        13.1694  DIHED      =        27.8193
 1-4 NB =         4.1189  1-4 EEL =       118.0704  VDWAALS    =        -3.4179
 EELEC  =      -151.3862  EGB     =       -22.3031  RESTRAINT  =         0.1306
 ESURF=         1.9649
 EAMBER (non-restraint)  =        -9.3894
 ------------------------------------------------------------------------------

 NMR restraints: Bond =    0.000   Angle =     0.000   Torsion =     0.131
===============================================================================

 NSTEP =   355000   TIME(PS) =    2710.000  TEMP(K) =   403.88  PRESS =     0.0
 Etot   =        35.9798  EKtot   =        31.7020  EPtot      =         4.2777
 BOND   =         7.2476  ANGLE   =        13.2279  DIHED      =        30.6486
 1-4 NB =         6.2855  1-4 EEL =       119.3368  VDWAALS    =        -3.3889
 EELEC  =      -151.8612  EGB     =       -21.4934  RESTRAINT  =         2.3244
 ESURF=         1.9503
 EAMBER (non-restraint)  =         1.9533
 ------------------------------------------------------------------------------

 NMR restraints: Bond =    0.000   Angle =     0.000   Torsion =     2.324
===============================================================================
| RE_POSITION Moving by  -1.082760 -2.566696 -2.940822

 NSTEP =   360000   TIME(PS) =    2720.000  TEMP(K) =   299.61  PRESS =     0.0
 Etot   =        20.1263  EKtot   =        23.5176  EPtot      =        -3.3913
 BOND   =         5.0584  ANGLE   =        16.6418  DIHED      =        27.0569
 1-4 NB =         4.0304  1-4 EEL =       115.5887  VDWAALS    =        -3.6729
 EELEC  =      -144.5081  EGB     =       -25.6802  RESTRAINT  =         0.0898
 ESURF=         2.0039
 EAMBER (non-restraint)  =        -3.4811
 ------------------------------------------------------------------------------

 NMR restraints: Bond =    0.000   Angle =     0.000   Torsion =     0.090
===============================================================================

 NSTEP =   365000   TIME(PS) =    2730.000  TEMP(K) =   430.55  PRESS =     0.0
 Etot   =        33.3618  EKtot   =        33.7953  EPtot      =        -0.4335
 BOND   =         5.0494  ANGLE   =        16.1636  DIHED      =        31.4541
 1-4 NB =         3.9484  1-4 EEL =       119.9803  VDWAALS    =        -3.9101
 EELEC  =      -152.0666  EGB     =       -23.3840  RESTRAINT  =         0.3341
 ESURF=         1.9973
 EAMBER (non-restraint)  =        -0.7676
 ------------------------------------------------------------------------------

 NMR restraints: Bond =    0.000   Angle =     0.000   Torsion =     0.334
===============================================================================
| RE_POSITION Moving by   4.873554 -0.979807  3.277759

 NSTEP =   370000   TIME(PS) =    2740.000  TEMP(K) =   295.51  PRESS =     0.0
 Etot   =        20.3279  EKtot   =        23.1959  EPtot      =        -2.8680
 BOND   =         5.8693  ANGLE   =        17.4279  DIHED      =        30.1008
 1-4 NB =         3.9394  1-4 EEL =       116.7240  VDWAALS    =        -4.1979
 EELEC  =      -152.2171  EGB     =       -22.5092  RESTRAINT  =         0.0457
 ESURF=         1.9492
 EAMBER (non-restraint)  =        -2.9137
 ------------------------------------------------------------------------------

 NMR restraints: Bond =    0.000   Angle =     0.000   Torsion =     0.046
===============================================================================

 NSTEP =   375000   TIME(PS) =    2750.000  TEMP(K) =   302.04  PRESS =     0.0
 Etot   =        24.6461  EKtot   =        23.7084  EPtot      =         0.9377
 BOND   =         5.8143  ANGLE   =        15.4507  DIHED      =        27.6584
 1-4 NB =         6.4067  1-4 EEL =       123.6963  VDWAALS    =        -3.2883
 EELEC  =      -152.2971  EGB     =       -24.8067  RESTRAINT  =         0.3334
 ESURF=         1.9699
 EAMBER (non-restraint)  =         0.6043
 ------------------------------------------------------------------------------

 NMR restraints: Bond =    0.000   Angle =     0.000   Torsion =     0.333
===============================================================================
| RE_POSITION Moving by   0.863551  3.860350  3.701581

 NSTEP =   380000   TIME(PS) =    2760.000  TEMP(K) =   284.90  PRESS =     0.0
 Etot   =        25.4887  EKtot   =        22.3630  EPtot      =         3.1257
 BOND   =         4.7116  ANGLE   =        17.6399  DIHED      =        30.8486
 1-4 NB =         7.1441  1-4 EEL =       122.1839  VDWAALS    =        -3.5366
 EELEC  =      -155.0481  EGB     =       -22.8901  RESTRAINT  =         0.1080
 ESURF=         1.9643
 EAMBER (non-restraint)  =         3.0177
 ------------------------------------------------------------------------------

 NMR restraints: Bond =    0.000   Angle =     0.000   Torsion =     0.108
===============================================================================

 NSTEP =   385000   TIME(PS) =    2770.000  TEMP(K) =   366.79  PRESS =     0.0
 Etot   =        23.8333  EKtot   =        28.7908  EPtot      =        -4.9575
 BOND   =         6.9926  ANGLE   =        12.7079  DIHED      =        26.5710
 1-4 NB =         5.0976  1-4 EEL =       124.5577  VDWAALS    =        -3.9103
 EELEC  =      -156.2264  EGB     =       -22.8838  RESTRAINT  =         0.1760
 ESURF=         1.9601
 EAMBER (non-restraint)  =        -5.1335
 ------------------------------------------------------------------------------

 NMR restraints: Bond =    0.000   Angle =     0.000   Torsion =     0.176
===============================================================================
| RE_POSITION Moving by   0.553239  5.266814  1.352321

 NSTEP =   390000   TIME(PS) =    2780.000  TEMP(K) =   251.16  PRESS =     0.0
 Etot   =        16.4832  EKtot   =        19.7142  EPtot      =        -3.2311
 BOND   =         5.7042  ANGLE   =        15.2303  DIHED      =        26.7916
 1-4 NB =         4.8232  1-4 EEL =       120.6491  VDWAALS    =        -3.6111
 EELEC  =      -149.4326  EGB     =       -25.5077  RESTRAINT  =         0.1369
 ESURF=         1.9851
 EAMBER (non-restraint)  =        -3.3680
 ------------------------------------------------------------------------------

 NMR restraints: Bond =    0.000   Angle =     0.000   Torsion =     0.137
===============================================================================

 NSTEP =   395000   TIME(PS) =    2790.000  TEMP(K) =   419.59  PRESS =     0.0
 Etot   =        29.7842  EKtot   =        32.9350  EPtot      =        -3.1507
 BOND   =         5.8727  ANGLE   =        12.9779  DIHED      =        28.9038
 1-4 NB =         5.4733  1-4 EEL =       121.2935  VDWAALS    =        -3.0167
 EELEC  =      -157.9222  EGB     =       -20.4432  RESTRAINT  =         1.7612
 ESURF=         1.9489
 EAMBER (non-restraint)  =        -4.9119
 ------------------------------------------------------------------------------

 NMR restraints: Bond =    0.000   Angle =     0.000   Torsion =     1.761
===============================================================================
| RE_POSITION Moving by  10.492555  1.567719 -7.577945

 NSTEP =   400000   TIME(PS) =    2800.000  TEMP(K) =   268.12  PRESS =     0.0
 Etot   =        12.8344  EKtot   =        21.0455  EPtot      =        -8.2111
 BOND   =         2.9173  ANGLE   =        10.9710  DIHED      =        27.8431
 1-4 NB =         6.4949  1-4 EEL =       128.0667  VDWAALS    =        -3.4742
 EELEC  =      -160.8164  EGB     =       -22.1553  RESTRAINT  =         0.0033
 ESURF=         1.9387
 EAMBER (non-restraint)  =        -8.2144
 ------------------------------------------------------------------------------

 NMR restraints: Bond =    0.000   Angle =     0.000   Torsion =     0.003
===============================================================================

 NSTEP =   405000   TIME(PS) =    2810.000  TEMP(K) =   294.80  PRESS =     0.0
 Etot   =        14.7494  EKtot   =        23.1397  EPtot      =        -8.3902
 BOND   =         4.5341  ANGLE   =        14.4340  DIHED      =        26.4985
 1-4 NB =         4.0625  1-4 EEL =       118.8494  VDWAALS    =        -3.5209
 EELEC  =      -151.7659  EGB     =       -23.8100  RESTRAINT  =         0.3387
 ESURF=         1.9894
 EAMBER (non-restraint)  =        -8.7290
 ------------------------------------------------------------------------------

 NMR restraints: Bond =    0.000   Angle =     0.000   Torsion =     0.339
===============================================================================
| RE_POSITION Moving by  -8.725601 10.154665  4.371561

 NSTEP =   410000   TIME(PS) =    2820.000  TEMP(K) =   282.39  PRESS =     0.0
 Etot   =        17.1322  EKtot   =        22.1657  EPtot      =        -5.0335
 BOND   =         4.9100  ANGLE   =        12.8776  DIHED      =        27.5331
 1-4 NB =         5.3222  1-4 EEL =       122.3514  VDWAALS    =        -3.8447
 EELEC  =      -153.4960  EGB     =       -22.8312  RESTRAINT  =         0.2013
 ESURF=         1.9429
 EAMBER (non-restraint)  =        -5.2348
 ------------------------------------------------------------------------------

 NMR restraints: Bond =    0.000   Angle =     0.000   Torsion =     0.201
===============================================================================

 NSTEP =   415000   TIME(PS) =    2830.000  TEMP(K) =   275.62  PRESS =     0.0
 Etot   =        19.0209  EKtot   =        21.6344  EPtot      =        -2.6135
 BOND   =         1.2480  ANGLE   =        19.9902  DIHED      =        27.1533
 1-4 NB =         3.7206  1-4 EEL =       118.8371  VDWAALS    =        -3.9285
 EELEC  =      -147.8894  EGB     =       -24.4755  RESTRAINT  =         0.7372
 ESURF=         1.9934
 EAMBER (non-restraint)  =        -3.3508
 ------------------------------------------------------------------------------

 NMR restraints: Bond =    0.000   Angle =     0.000   Torsion =     0.737
===============================================================================
| RE_POSITION Moving by  -4.354403 -5.479772 11.726583

 NSTEP =   420000   TIME(PS) =    2840.000  TEMP(K) =   266.75  PRESS =     0.0
 Etot   =        18.9216  EKtot   =        20.9384  EPtot      =        -2.0168
 BOND   =         6.3774  ANGLE   =        15.3404  DIHED      =        27.0634
 1-4 NB =         5.4236  1-4 EEL =       115.3270  VDWAALS    =        -2.2952
 EELEC  =      -148.3025  EGB     =       -22.9515  RESTRAINT  =         0.0048
 ESURF=         1.9957
 EAMBER (non-restraint)  =        -2.0216
 ------------------------------------------------------------------------------

 NMR restraints: Bond =    0.000   Angle =     0.000   Torsion =     0.005
===============================================================================

 NSTEP =   425000   TIME(PS) =    2850.000  TEMP(K) =   285.03  PRESS =     0.0
 Etot   =        13.1686  EKtot   =        22.3733  EPtot      =        -9.2047
 BOND   =         7.5001  ANGLE   =         7.0260  DIHED      =        26.4527
 1-4 NB =         4.4261  1-4 EEL =       123.1746  VDWAALS    =        -3.9324
 EELEC  =      -154.3985  EGB     =       -22.6925  RESTRAINT  =         1.2660
 ESURF=         1.9732
 EAMBER (non-restraint)  =       -10.4707
 ------------------------------------------------------------------------------

 NMR restraints: Bond =    0.000   Angle =     0.000   Torsion =     1.266
===============================================================================
| RE_POSITION Moving by  -6.582002  0.469770  0.496262

 NSTEP =   430000   TIME(PS) =    2860.000  TEMP(K) =   255.45  PRESS =     0.0
 Etot   =        20.0183  EKtot   =        20.0511  EPtot      =        -0.0328
 BOND   =         8.1996  ANGLE   =        16.3706  DIHED      =        30.1664
 1-4 NB =         3.5394  1-4 EEL =       122.0598  VDWAALS    =        -3.8382
 EELEC  =      -155.7522  EGB     =       -22.8947  RESTRAINT  =         0.1257
 ESURF=         1.9908
 EAMBER (non-restraint)  =        -0.1585
 ------------------------------------------------------------------------------

 NMR restraints: Bond =    0.000   Angle =     0.000   Torsion =     0.126
===============================================================================

 NSTEP =   435000   TIME(PS) =    2870.000  TEMP(K) =   246.84  PRESS =     0.0
 Etot   =        22.9002  EKtot   =        19.3758  EPtot      =         3.5244
 BOND   =         7.4297  ANGLE   =        20.7391  DIHED      =        29.4343
 1-4 NB =         3.9627  1-4 EEL =       119.5745  VDWAALS    =        -2.9781
 EELEC  =      -154.2854  EGB     =       -22.4686  RESTRAINT  =         0.1647
 ESURF=         1.9514
 EAMBER (non-restraint)  =         3.3597
 ------------------------------------------------------------------------------

 NMR restraints: Bond =    0.000   Angle =     0.000   Torsion =     0.165
===============================================================================
| RE_POSITION Moving by  -3.681030 -1.396809 -6.502342

 NSTEP =   440000   TIME(PS) =    2880.000  TEMP(K) =   254.84  PRESS =     0.0
 Etot   =        16.3066  EKtot   =        20.0032  EPtot      =        -3.6966
 BOND   =         3.7204  ANGLE   =        15.7643  DIHED      =        27.8637
 1-4 NB =         4.8942  1-4 EEL =       120.6860  VDWAALS    =        -3.5535
 EELEC  =      -149.2895  EGB     =       -26.0943  RESTRAINT  =         0.3437
 ESURF=         1.9683
 EAMBER (non-restraint)  =        -4.0403
 ------------------------------------------------------------------------------

 NMR restraints: Bond =    0.000   Angle =     0.000   Torsion =     0.344
===============================================================================

 NSTEP =   445000   TIME(PS) =    2890.000  TEMP(K) =   279.65  PRESS =     0.0
 Etot   =        19.5970  EKtot   =        21.9511  EPtot      =        -2.3541
 BOND   =         3.1877  ANGLE   =        13.0312  DIHED      =        30.5268
 1-4 NB =         5.6197  1-4 EEL =       120.2789  VDWAALS    =        -3.0918
 EELEC  =      -150.6701  EGB     =       -23.3203  RESTRAINT  =         0.0775
 ESURF=         2.0063
 EAMBER (non-restraint)  =        -2.4316
 ------------------------------------------------------------------------------

 NMR restraints: Bond =    0.000   Angle =     0.000   Torsion =     0.077
===============================================================================
| RE_POSITION Moving by  -0.021271  3.361332 -2.270443

 NSTEP =   450000   TIME(PS) =    2900.000  TEMP(K) =   283.34  PRESS =     0.0
 Etot   =        30.2856  EKtot   =        22.2406  EPtot      =         8.0450
 BOND   =         7.2738  ANGLE   =        20.6535  DIHED      =        32.9324
 1-4 NB =         6.5734  1-4 EEL =       117.6671  VDWAALS    =        -2.7503
 EELEC  =      -155.5996  EGB     =       -20.7532  RESTRAINT  =         0.1225
 ESURF=         1.9254
 EAMBER (non-restraint)  =         7.9225
 ------------------------------------------------------------------------------

 NMR restraints: Bond =    0.000   Angle =     0.000   Torsion =     0.123
===============================================================================

 NSTEP =   455000   TIME(PS) =    2910.000  TEMP(K) =   298.55  PRESS =     0.0
 Etot   =        22.6406  EKtot   =        23.4346  EPtot      =        -0.7940
 BOND   =        12.4970  ANGLE   =        11.1930  DIHED      =        28.1967
 1-4 NB =         5.4111  1-4 EEL =       116.3245  VDWAALS    =        -3.1130
 EELEC  =      -151.6470  EGB     =       -22.0108  RESTRAINT  =         0.3477
 ESURF=         2.0068
 EAMBER (non-restraint)  =        -1.1417
 ------------------------------------------------------------------------------

 NMR restraints: Bond =    0.000   Angle =     0.000   Torsion =     0.348
===============================================================================
| RE_POSITION Moving by   3.571999 12.401015  0.723727

 NSTEP =   460000   TIME(PS) =    2920.000  TEMP(K) =   320.79  PRESS =     0.0
 Etot   =        28.3323  EKtot   =        25.1798  EPtot      =         3.1525
 BOND   =         4.4356  ANGLE   =        15.4956  DIHED      =        30.5342
 1-4 NB =         7.3996  1-4 EEL =       124.5526  VDWAALS    =        -3.2087
 EELEC  =      -153.3783  EGB     =       -25.2997  RESTRAINT  =         0.6948
 ESURF=         1.9268
 EAMBER (non-restraint)  =         2.4577
 ------------------------------------------------------------------------------

 NMR restraints: Bond =    0.000   Angle =     0.000   Torsion =     0.695
===============================================================================

 NSTEP =   465000   TIME(PS) =    2930.000  TEMP(K) =   390.27  PRESS =     0.0
 Etot   =        29.1518  EKtot   =        30.6342  EPtot      =        -1.4823
 BOND   =         8.0173  ANGLE   =        14.3311  DIHED      =        27.9445
 1-4 NB =         4.7601  1-4 EEL =       117.9814  VDWAALS    =        -3.3855
 EELEC  =      -152.3228  EGB     =       -21.8117  RESTRAINT  =         1.0133
 ESURF=         1.9899
 EAMBER (non-restraint)  =        -2.4956
 ------------------------------------------------------------------------------

 NMR restraints: Bond =    0.000   Angle =     0.000   Torsion =     1.013
===============================================================================
| RE_POSITION Moving by   4.385196 -1.858248  6.328070

 NSTEP =   470000   TIME(PS) =    2940.000  TEMP(K) =   320.66  PRESS =     0.0
 Etot   =        23.0431  EKtot   =        25.1697  EPtot      =        -2.1265
 BOND   =         7.3816  ANGLE   =        13.3127  DIHED      =        26.9703
 1-4 NB =         6.0739  1-4 EEL =       121.7774  VDWAALS    =        -2.2126
 EELEC  =      -155.8988  EGB     =       -21.5339  RESTRAINT  =         0.0127
 ESURF=         1.9902
 EAMBER (non-restraint)  =        -2.1392
 ------------------------------------------------------------------------------

 NMR restraints: Bond =    0.000   Angle =     0.000   Torsion =     0.013
===============================================================================

 NSTEP =   475000   TIME(PS) =    2950.000  TEMP(K) =   331.01  PRESS =     0.0
 Etot   =        16.5336  EKtot   =        25.9822  EPtot      =        -9.4486
 BOND   =         1.7403  ANGLE   =        12.0580  DIHED      =        27.9235
 1-4 NB =         5.5756  1-4 EEL =       118.7581  VDWAALS    =        -4.0191
 EELEC  =      -150.0943  EGB     =       -24.2327  RESTRAINT  =         0.8595
 ESURF=         1.9825
 EAMBER (non-restraint)  =       -10.3081
 ------------------------------------------------------------------------------

 NMR restraints: Bond =    0.000   Angle =     0.000   Torsion =     0.859
===============================================================================
| RE_POSITION Moving by   1.895782  0.703665 -0.278468

 NSTEP =   480000   TIME(PS) =    2960.000  TEMP(K) =   353.63  PRESS =     0.0
 Etot   =        26.2392  EKtot   =        27.7582  EPtot      =        -1.5190
 BOND   =         4.6175  ANGLE   =        12.5146  DIHED      =        29.1801
 1-4 NB =         6.7373  1-4 EEL =       123.9269  VDWAALS    =        -2.7849
 EELEC  =      -155.9807  EGB     =       -21.7133  RESTRAINT  =         0.0138
 ESURF=         1.9696
 EAMBER (non-restraint)  =        -1.5328
 ------------------------------------------------------------------------------

 NMR restraints: Bond =    0.000   Angle =     0.000   Torsion =     0.014
===============================================================================

 NSTEP =   485000   TIME(PS) =    2970.000  TEMP(K) =   258.54  PRESS =     0.0
 Etot   =         6.8608  EKtot   =        20.2935  EPtot      =       -13.4327
 BOND   =         1.7589  ANGLE   =         9.9241  DIHED      =        27.4139
 1-4 NB =         5.5390  1-4 EEL =       122.9151  VDWAALS    =        -3.2246
 EELEC  =      -159.2449  EGB     =       -20.4494  RESTRAINT  =         0.0001
 ESURF=         1.9351
 EAMBER (non-restraint)  =       -13.4328
 ------------------------------------------------------------------------------

 NMR restraints: Bond =    0.000   Angle =     0.000   Torsion =     0.000
===============================================================================
| RE_POSITION Moving by   6.209443  0.942400 -5.516357

 NSTEP =   490000   TIME(PS) =    2980.000  TEMP(K) =   327.31  PRESS =     0.0
 Etot   =        27.4362  EKtot   =        25.6922  EPtot      =         1.7440
 BOND   =         4.7171  ANGLE   =        16.7656  DIHED      =        29.3290
 1-4 NB =         7.1707  1-4 EEL =       122.1304  VDWAALS    =        -3.3424
 EELEC  =      -150.3354  EGB     =       -26.7462  RESTRAINT  =         0.1045
 ESURF=         1.9507
 EAMBER (non-restraint)  =         1.6395
 ------------------------------------------------------------------------------

 NMR restraints: Bond =    0.000   Angle =     0.000   Torsion =     0.105
===============================================================================

 NSTEP =   495000   TIME(PS) =    2990.000  TEMP(K) =   392.40  PRESS =     0.0
 Etot   =        28.5816  EKtot   =        30.8009  EPtot      =        -2.2193
 BOND   =         6.0510  ANGLE   =        17.1058  DIHED      =        25.4217
 1-4 NB =         5.4916  1-4 EEL =       120.3133  VDWAALS    =        -3.6838
 EELEC  =      -152.2508  EGB     =       -23.1815  RESTRAINT  =         0.5083
 ESURF=         2.0050
 EAMBER (non-restraint)  =        -2.7277
 ------------------------------------------------------------------------------

 NMR restraints: Bond =    0.000   Angle =     0.000   Torsion =     0.508
===============================================================================
| RE_POSITION Moving by   6.361260 -2.446735  0.639554

 NSTEP =   500000   TIME(PS) =    3000.000  TEMP(K) =   261.08  PRESS =     0.0
 Etot   =        20.1837  EKtot   =        20.4933  EPtot      =        -0.3096
 BOND   =         4.0435  ANGLE   =        14.8804  DIHED      =        33.9907
 1-4 NB =         4.9775  1-4 EEL =       118.8229  VDWAALS    =        -3.1579
 EELEC  =      -154.4932  EGB     =       -21.3717  RESTRAINT  =         0.0685
 ESURF=         1.9297
 EAMBER (non-restraint)  =        -0.3781
 ------------------------------------------------------------------------------

 NMR restraints: Bond =    0.000   Angle =     0.000   Torsion =     0.069
===============================================================================

      A V E R A G E S   O V E R  500000 S T E P S


 NSTEP =   500000   TIME(PS) =    3000.000  TEMP(K) =   301.57  PRESS =     0.0
 Etot   =        20.6145  EKtot   =        23.6715  EPtot      =        -3.0570
 BOND   =         5.3390  ANGLE   =        14.5558  DIHED      =        28.4428
 1-4 NB =         4.9609  1-4 EEL =       119.5591  VDWAALS    =        -3.7626
 EELEC  =      -151.6885  EGB     =       -22.9778  RESTRAINT  =         0.5652
 ESURF=         1.9492
 EAMBER (non-restraint)  =        -3.6222
 ------------------------------------------------------------------------------

 NMR restraints: Bond =    0.000   Angle =     0.000   Torsion =     0.069
===============================================================================

      R M S  F L U C T U A T I O N S


 NSTEP =   500000   TIME(PS) =    3000.000  TEMP(K) =    48.21  PRESS =     0.0
 Etot   =         5.4243  EKtot   =         3.7843  EPtot      =         3.8154
 BOND   =         1.9659  ANGLE   =         3.0334  DIHED      =         1.7356
 1-4 NB =         0.9843  1-4 EEL =         3.0584  VDWAALS    =         0.8577
 EELEC  =         3.4318  EGB     =         1.6080  RESTRAINT  =         0.7120
 ESURF=         0.0493
 EAMBER (non-restraint)  =         3.1034
 ------------------------------------------------------------------------------


 NMR restraints on final step:


--------------------------------------------------------------------------------
   5.  TIMINGS
--------------------------------------------------------------------------------

|>>>>>>>>PROFILE of Average TIMES>>>>>>>>> 
|                Calc gb radii             27.34 ( 7.89% of Gen B)
|                Communicate gb radii     220.51 (63.62% of Gen B)
|                Calc gb diag              39.26 (11.32% of Gen B)
|                Calc gb off-diag          25.50 ( 7.36% of Gen B)
|                Surface area energy       33.36 ( 9.62% of Gen B)
|                Other                      0.66 ( 0.19% of Gen B)
|             Gen Born time            346.62 (100.0% of Nonbo)
|             IPS excludes               0.09 ( 0.03% of Nonbo)
|          Nonbond force            346.72 (29.29% of Force)
|          Bond/Angle/Dihedral       12.36 ( 1.04% of Force)
|          FRC Collect time         596.24 (50.37% of Force)
|          Other                    228.50 (19.30% of Force)
|       Force time              1183.82 (78.19% of Runmd)
|       Shake time                 1.61 ( 0.11% of Runmd)
|       Verlet update time       258.31 (17.06% of Runmd)
|       CRD distribute time       69.26 ( 4.57% of Runmd)
|       Other                      1.13 ( 0.07% of Runmd)
|    Runmd Time              1514.12 (100.0% of Total)
| Total time              1514.14 (100.0% of ALL  )

| Number of list builds   :          0

| Highest rstack allocated:          0
| Highest istack allocated:          0

| Final Performance Info:
| -----------------------------------------------------
| Average timings for all steps:
|     Elapsed(s) =    1514.12 Per Step(ms) =       3.03
|         ns/day =      57.06   seconds/ns =    1514.12
| -----------------------------------------------------

|           Job began  at 20:31:41.598  on 04/27/2013
|           Setup done at 20:31:41.617  on 04/27/2013
|           Run   done at 20:56:55.741  on 04/27/2013
|     wallclock() was called18500113 times
