
          -------------------------------------------------------
          Amber 12 SANDER                              2012
          -------------------------------------------------------

| Run on 04/27/2013 at 20:31:41
  [-O]verwriting output

File Assignments:
|  MDIN: run_57.in                                                             
| MDOUT: run_57.out                                                            
|INPCRD: ../eq2/run_57.rst                                                     
|  PARM: parm                                                                  
|RESTRT: run_57.rst                                                            
|  REFC: refc                                                                  
| MDVEL: mdvel                                                                 
|  MDEN: mden                                                                  
| MDCRD: run_57.nc                                                             
|MDINFO: mdinfo                                                                
|  MTMD: mtmd                                                                  
|INPDIP: inpdip                                                                
|RSTDIP: rstdip                                                                

|INPTRA: inptraj                                                               
|
 
 Here is the input file:
 
equilibration with restraint                                                   
 &cntrl                                                                        
   ig=222911,                                                                  
   irest=1, ntx=5,                                                             
   igb=8, gbsa=1,                                                              
   cut=9999.0, rgbmax=9998.0,                                                  
   ntc=2, ntf=1, tol=0.000001,                                                 
   ntt=3, gamma_ln=2.0, tempi=0.1,                                             
   ntb=0, nscm=10000,                                                          
   ioutfm=1,                                                                   
   nstlim=500000, dt=0.002,                                                    
   ntpr=5000, ntwx=5000, ntwv=0, ntwr=500000,                                  
   nmropt=1,                                                                   
 /                                                                             
 &wt                                                                           
  type='DUMPFREQ', istep1=5000,                                                
 /                                                                             
 &wt                                                                           
  type='END',                                                                  
 /                                                                             
DISANG=run_57.disang                                                           
DUMPAVE=run_57.dat                                                             
                                                                               

--------------------------------------------------------------------------------
   1.  RESOURCE   USE: 
--------------------------------------------------------------------------------

| Flags: MPI                                                                    
| New format PARM file being parsed.
| Version =    1.000 Date = 04/27/13 Time = 01:42:54
 NATOM  =      32 NTYPES =       7 NBONH =      17 MBONA  =      14
 NTHETH =      36 MTHETA =      18 NPHIH =      64 MPHIA  =      45
 NHPARM =       0 NPARM  =       0 NNB   =     152 NRES   =       4
 NBONA  =      14 NTHETA =      18 NPHIA =      45 NUMBND =      11
 NUMANG =      21 NPTRA  =      20 NATYP =       8 NPHB   =       0
 IFBOX  =       0 NMXRS  =      10 IFCAP =       0 NEXTRA =       0
 NCOPY  =       0

 Implicit solvent radii are ArgH and AspGluO modified Bondi2 radii (mbondi3)                                
 Replacing prmtop screening parameters with GBn2 (igb=8) values

|     Memory Use     Allocated
|     Real                2310
|     Hollerith            102
|     Integer            23012
|     Max Pairs              1
|     nblistReal             0
|     nblist Int             0
|       Total              108 kbytes

| Note: 1-4 EEL scale factors are being read from the topology file.

| Note: 1-4 VDW scale factors are being read from the topology file.
| Duplicated    0 dihedrals
| Duplicated    0 dihedrals

--------------------------------------------------------------------------------
   2.  CONTROL  DATA  FOR  THE  RUN
--------------------------------------------------------------------------------

ACE                                                                             

General flags:
     imin    =       0, nmropt  =       1

Nature and format of input:
     ntx     =       5, irest   =       1, ntrx    =       1

Nature and format of output:
     ntxo    =       1, ntpr    =    5000, ntrx    =       1, ntwr    =  500000
     iwrap   =       0, ntwx    =    5000, ntwv    =       0, ntwe    =       0
     ioutfm  =       1, ntwprt  =       0, idecomp =       0, rbornstat=      0

Potential function:
     ntf     =       1, ntb     =       0, igb     =       8, nsnb    =      25
     ipol    =       0, gbsa    =       1, iesp    =       0
     dielc   =   1.00000, cut     =9999.00000, intdiel =   1.00000
     saltcon =   0.00000, offset  =   0.19514, surften =   0.00500
     rdt     =   0.00000, rgbmax  =9998.00000  extdiel =  78.50000
     alpb  =        0
     gbalphaH  =   0.78844, gbbetaH   =   0.79870,  gbgammaH  =    0.43733
     gbalphaC  =   0.73376, gbbetaC   =   0.50638,  gbgammaC  =    0.20584
     gbalphaN  =   0.50336, gbbetaN   =   0.31683,  gbgammaN  =    0.19292
     gbalphaOS =   0.86781, gbbetaOS  =   0.87664,  gbgammaOS =    0.38788
     gbalphaP  =   1.00000, gbbetaP   =   0.80000,  gbgammaP  =    4.85100

Frozen or restrained atoms:
     ibelly  =       0, ntr     =       0

Molecular dynamics:
     nstlim  =    500000, nscm    =     10000, nrespa  =         1
     t       =   0.00000, dt      =   0.00200, vlimit  =  20.00000

Langevin dynamics temperature regulation:
     ig      =  222911
     temp0   = 300.00000, tempi   =   0.10000, gamma_ln=   2.00000

SHAKE:
     ntc     =       2, jfastw  =       0
     tol     =   0.00000

NMR refinement options:
     iscale  =       0, noeskp  =       1, ipnlty  =       1, mxsub   =       1
     scalm   = 100.00000, pencut  =   0.10000, tausw   =   0.10000

| MPI Timing options:
|      profile_mpi =        0
|  INFO: Old style inpcrd file read


--------------------------------------------------------------------------------
   3.  ATOMIC COORDINATES AND VELOCITIES
--------------------------------------------------------------------------------

ACE                                                                             
 begin time read from input coords =  2000.000 ps



           Begin reading energy term weight changes/NMR restraints
 WEIGHT CHANGES:
 DUMPFREQ   5000      0    0.000000    0.000000      0      0
                         ** No weight changes given **

 RESTRAINTS:
 Requested file redirections:
  DISANG    = run_57.disang
  DUMPAVE   = run_57.dat
 Restraints will be read from file: run_57.disang
Here are comments from the DISANG input file:

                       Number of restraints read =     1

                  Done reading weight changes/NMR restraints


 Number of triangulated 3-point waters found:        0
|  Atom division among processors:
|         0      16      32
|  Running AMBER/MPI version on    2 nodes


--------------------------------------------------------------------------------
   4.  RESULTS
--------------------------------------------------------------------------------

|  # of SOLUTE  degrees of freedom (RNDFP):      79.
|  # of SOLVENT degrees of freedom (RNDFS):       0.
|  NDFMIN =      79.     NUM_NOSHAKE =      0     CORRECTED RNDFP =      79.
|  TOTAL # of degrees of freedom (RNDF) =      79.

 NSTEP =     5000   TIME(PS) =    2010.000  TEMP(K) =   278.10  PRESS =     0.0
 Etot   =        28.1004  EKtot   =        21.8293  EPtot      =         6.2711
 BOND   =         6.7097  ANGLE   =        19.4776  DIHED      =        32.4712
 1-4 NB =         5.3023  1-4 EEL =       106.1987  VDWAALS    =        -3.6457
 EELEC  =      -139.1229  EGB     =       -23.0689  RESTRAINT  =         0.0188
 ESURF=         1.9304
 EAMBER (non-restraint)  =         6.2523
 ------------------------------------------------------------------------------

 NMR restraints: Bond =    0.000   Angle =     0.000   Torsion =     0.019
===============================================================================
| RE_POSITION Moving by  -1.964954 -2.992377 -1.825218

 NSTEP =    10000   TIME(PS) =    2020.000  TEMP(K) =   251.32  PRESS =     0.0
 Etot   =        15.9405  EKtot   =        19.7273  EPtot      =        -3.7868
 BOND   =         4.6460  ANGLE   =        13.1119  DIHED      =        31.7259
 1-4 NB =         4.2307  1-4 EEL =       110.9401  VDWAALS    =        -4.4223
 EELEC  =      -146.8214  EGB     =       -19.9992  RESTRAINT  =         0.8645
 ESURF=         1.9370
 EAMBER (non-restraint)  =        -4.6513
 ------------------------------------------------------------------------------

 NMR restraints: Bond =    0.000   Angle =     0.000   Torsion =     0.864
===============================================================================

 NSTEP =    15000   TIME(PS) =    2030.000  TEMP(K) =   255.13  PRESS =     0.0
 Etot   =        15.6811  EKtot   =        20.0258  EPtot      =        -4.3447
 BOND   =         3.1614  ANGLE   =        13.0735  DIHED      =        29.6352
 1-4 NB =         5.7901  1-4 EEL =       108.5379  VDWAALS    =        -3.2946
 EELEC  =      -143.4356  EGB     =       -21.8055  RESTRAINT  =         2.0211
 ESURF=         1.9719
 EAMBER (non-restraint)  =        -6.3658
 ------------------------------------------------------------------------------

 NMR restraints: Bond =    0.000   Angle =     0.000   Torsion =     2.021
===============================================================================
| RE_POSITION Moving by   4.991678 -0.332826 -0.815923

 NSTEP =    20000   TIME(PS) =    2040.000  TEMP(K) =   247.00  PRESS =     0.0
 Etot   =        26.3757  EKtot   =        19.3883  EPtot      =         6.9873
 BOND   =        10.3436  ANGLE   =        21.1456  DIHED      =        30.0307
 1-4 NB =         3.7976  1-4 EEL =       106.9465  VDWAALS    =        -3.7153
 EELEC  =      -141.4419  EGB     =       -22.1008  RESTRAINT  =         0.0159
 ESURF=         1.9654
 EAMBER (non-restraint)  =         6.9714
 ------------------------------------------------------------------------------

 NMR restraints: Bond =    0.000   Angle =     0.000   Torsion =     0.016
===============================================================================

 NSTEP =    25000   TIME(PS) =    2050.000  TEMP(K) =   253.94  PRESS =     0.0
 Etot   =        21.6123  EKtot   =        19.9329  EPtot      =         1.6794
 BOND   =         3.1387  ANGLE   =        16.2980  DIHED      =        30.0209
 1-4 NB =         6.6754  1-4 EEL =       110.7433  VDWAALS    =        -2.0200
 EELEC  =      -144.4964  EGB     =       -21.5831  RESTRAINT  =         0.9617
 ESURF=         1.9409
 EAMBER (non-restraint)  =         0.7177
 ------------------------------------------------------------------------------

 NMR restraints: Bond =    0.000   Angle =     0.000   Torsion =     0.962
===============================================================================
| RE_POSITION Moving by   1.291441  4.464547 -3.593448

 NSTEP =    30000   TIME(PS) =    2060.000  TEMP(K) =   314.71  PRESS =     0.0
 Etot   =        30.3918  EKtot   =        24.7025  EPtot      =         5.6893
 BOND   =         8.9265  ANGLE   =        19.2396  DIHED      =        31.7762
 1-4 NB =         4.2813  1-4 EEL =       101.5714  VDWAALS    =        -3.8489
 EELEC  =      -133.5850  EGB     =       -24.7405  RESTRAINT  =         0.1136
 ESURF=         1.9552
 EAMBER (non-restraint)  =         5.5757
 ------------------------------------------------------------------------------

 NMR restraints: Bond =    0.000   Angle =     0.000   Torsion =     0.114
===============================================================================

 NSTEP =    35000   TIME(PS) =    2070.000  TEMP(K) =   258.19  PRESS =     0.0
 Etot   =        22.6303  EKtot   =        20.2662  EPtot      =         2.3641
 BOND   =         6.1350  ANGLE   =        14.2973  DIHED      =        30.7326
 1-4 NB =         4.3610  1-4 EEL =       111.1364  VDWAALS    =        -3.5102
 EELEC  =      -142.1967  EGB     =       -23.3956  RESTRAINT  =         2.7935
 ESURF=         2.0108
 EAMBER (non-restraint)  =        -0.4294
 ------------------------------------------------------------------------------

 NMR restraints: Bond =    0.000   Angle =     0.000   Torsion =     2.794
===============================================================================
| RE_POSITION Moving by  -4.482719  5.448400 -6.205533

 NSTEP =    40000   TIME(PS) =    2080.000  TEMP(K) =   281.99  PRESS =     0.0
 Etot   =        29.1643  EKtot   =        22.1348  EPtot      =         7.0296
 BOND   =         7.3704  ANGLE   =        20.3673  DIHED      =        31.4871
 1-4 NB =         5.2216  1-4 EEL =       114.7761  VDWAALS    =        -4.2293
 EELEC  =      -149.6259  EGB     =       -21.1131  RESTRAINT  =         0.8853
 ESURF=         1.8901
 EAMBER (non-restraint)  =         6.1443
 ------------------------------------------------------------------------------

 NMR restraints: Bond =    0.000   Angle =     0.000   Torsion =     0.885
===============================================================================

 NSTEP =    45000   TIME(PS) =    2090.000  TEMP(K) =   291.07  PRESS =     0.0
 Etot   =        24.1525  EKtot   =        22.8471  EPtot      =         1.3054
 BOND   =         5.4972  ANGLE   =        12.8313  DIHED      =        31.8650
 1-4 NB =         4.9568  1-4 EEL =       111.4224  VDWAALS    =        -2.0484
 EELEC  =      -141.1244  EGB     =       -24.4349  RESTRAINT  =         0.3545
 ESURF=         1.9858
 EAMBER (non-restraint)  =         0.9509
 ------------------------------------------------------------------------------

 NMR restraints: Bond =    0.000   Angle =     0.000   Torsion =     0.354
===============================================================================
| RE_POSITION Moving by   3.900208 -0.649417  4.958178

 NSTEP =    50000   TIME(PS) =    2100.000  TEMP(K) =   328.32  PRESS =     0.0
 Etot   =        31.7677  EKtot   =        25.7708  EPtot      =         5.9969
 BOND   =        10.9216  ANGLE   =        11.4402  DIHED      =        33.7904
 1-4 NB =         7.4780  1-4 EEL =       113.3709  VDWAALS    =        -4.5835
 EELEC  =      -148.6702  EGB     =       -20.5207  RESTRAINT  =         0.8715
 ESURF=         1.8987
 EAMBER (non-restraint)  =         5.1254
 ------------------------------------------------------------------------------

 NMR restraints: Bond =    0.000   Angle =     0.000   Torsion =     0.872
===============================================================================

 NSTEP =    55000   TIME(PS) =    2110.000  TEMP(K) =   247.80  PRESS =     0.0
 Etot   =        12.7116  EKtot   =        19.4512  EPtot      =        -6.7396
 BOND   =         4.8714  ANGLE   =         9.3068  DIHED      =        29.7845
 1-4 NB =         4.6274  1-4 EEL =       109.7301  VDWAALS    =        -3.4644
 EELEC  =      -140.4725  EGB     =       -23.7779  RESTRAINT  =         0.6758
 ESURF=         1.9793
 EAMBER (non-restraint)  =        -7.4154
 ------------------------------------------------------------------------------

 NMR restraints: Bond =    0.000   Angle =     0.000   Torsion =     0.676
===============================================================================
| RE_POSITION Moving by   1.820816 -6.601640 -4.542715

 NSTEP =    60000   TIME(PS) =    2120.000  TEMP(K) =   248.98  PRESS =     0.0
 Etot   =        22.7594  EKtot   =        19.5431  EPtot      =         3.2163
 BOND   =         3.9818  ANGLE   =        16.6753  DIHED      =        33.4284
 1-4 NB =         5.8212  1-4 EEL =       112.0972  VDWAALS    =        -4.0807
 EELEC  =      -143.5191  EGB     =       -23.1749  RESTRAINT  =         0.0679
 ESURF=         1.9192
 EAMBER (non-restraint)  =         3.1484
 ------------------------------------------------------------------------------

 NMR restraints: Bond =    0.000   Angle =     0.000   Torsion =     0.068
===============================================================================

 NSTEP =    65000   TIME(PS) =    2130.000  TEMP(K) =   293.23  PRESS =     0.0
 Etot   =        23.7649  EKtot   =        23.0166  EPtot      =         0.7484
 BOND   =         4.3727  ANGLE   =        14.4468  DIHED      =        33.1691
 1-4 NB =         6.1846  1-4 EEL =       108.2469  VDWAALS    =        -3.6691
 EELEC  =      -142.6903  EGB     =       -21.9166  RESTRAINT  =         0.6683
 ESURF=         1.9358
 EAMBER (non-restraint)  =         0.0800
 ------------------------------------------------------------------------------

 NMR restraints: Bond =    0.000   Angle =     0.000   Torsion =     0.668
===============================================================================
| RE_POSITION Moving by  -1.393747  4.389594  3.010735

 NSTEP =    70000   TIME(PS) =    2140.000  TEMP(K) =   293.94  PRESS =     0.0
 Etot   =        31.9979  EKtot   =        23.0729  EPtot      =         8.9250
 BOND   =         4.6281  ANGLE   =        20.4013  DIHED      =        36.7513
 1-4 NB =         4.3088  1-4 EEL =       105.6264  VDWAALS    =        -3.8361
 EELEC  =      -136.9113  EGB     =       -25.0047  RESTRAINT  =         0.9732
 ESURF=         1.9881
 EAMBER (non-restraint)  =         7.9518
 ------------------------------------------------------------------------------

 NMR restraints: Bond =    0.000   Angle =     0.000   Torsion =     0.973
===============================================================================

 NSTEP =    75000   TIME(PS) =    2150.000  TEMP(K) =   269.46  PRESS =     0.0
 Etot   =        22.8916  EKtot   =        21.1512  EPtot      =         1.7403
 BOND   =         4.2867  ANGLE   =        19.1926  DIHED      =        31.5793
 1-4 NB =         4.5237  1-4 EEL =       108.2674  VDWAALS    =        -3.8655
 EELEC  =      -142.3242  EGB     =       -21.8768  RESTRAINT  =         0.0016
 ESURF=         1.9554
 EAMBER (non-restraint)  =         1.7387
 ------------------------------------------------------------------------------

 NMR restraints: Bond =    0.000   Angle =     0.000   Torsion =     0.002
===============================================================================
| RE_POSITION Moving by  -0.055936  5.806961  9.757723

 NSTEP =    80000   TIME(PS) =    2160.000  TEMP(K) =   304.23  PRESS =     0.0
 Etot   =        27.2298  EKtot   =        23.8800  EPtot      =         3.3498
 BOND   =         9.3124  ANGLE   =        13.1893  DIHED      =        30.6800
 1-4 NB =         5.7536  1-4 EEL =       112.5606  VDWAALS    =        -3.9815
 EELEC  =      -146.2290  EGB     =       -21.5688  RESTRAINT  =         1.7338
 ESURF=         1.8994
 EAMBER (non-restraint)  =         1.6160
 ------------------------------------------------------------------------------

 NMR restraints: Bond =    0.000   Angle =     0.000   Torsion =     1.734
===============================================================================

 NSTEP =    85000   TIME(PS) =    2170.000  TEMP(K) =   298.39  PRESS =     0.0
 Etot   =        20.2433  EKtot   =        23.4221  EPtot      =        -3.1788
 BOND   =         4.7254  ANGLE   =        14.0675  DIHED      =        30.7413
 1-4 NB =         4.0434  1-4 EEL =       109.9035  VDWAALS    =        -4.0678
 EELEC  =      -142.0858  EGB     =       -22.7846  RESTRAINT  =         0.3214
 ESURF=         1.9569
 EAMBER (non-restraint)  =        -3.5002
 ------------------------------------------------------------------------------

 NMR restraints: Bond =    0.000   Angle =     0.000   Torsion =     0.321
===============================================================================
| RE_POSITION Moving by   2.260522  4.101092 -0.233108

 NSTEP =    90000   TIME(PS) =    2180.000  TEMP(K) =   327.01  PRESS =     0.0
 Etot   =        26.0060  EKtot   =        25.6684  EPtot      =         0.3375
 BOND   =         3.8353  ANGLE   =        16.6201  DIHED      =        32.3020
 1-4 NB =         5.2278  1-4 EEL =       112.7452  VDWAALS    =        -3.5938
 EELEC  =      -148.7354  EGB     =       -19.9615  RESTRAINT  =         0.0054
 ESURF=         1.8925
 EAMBER (non-restraint)  =         0.3322
 ------------------------------------------------------------------------------

 NMR restraints: Bond =    0.000   Angle =     0.000   Torsion =     0.005
===============================================================================

 NSTEP =    95000   TIME(PS) =    2190.000  TEMP(K) =   290.97  PRESS =     0.0
 Etot   =        24.7275  EKtot   =        22.8395  EPtot      =         1.8880
 BOND   =         7.3668  ANGLE   =        15.4261  DIHED      =        30.4735
 1-4 NB =         4.5512  1-4 EEL =       103.3009  VDWAALS    =        -3.2963
 EELEC  =      -133.8435  EGB     =       -24.6709  RESTRAINT  =         0.6079
 ESURF=         1.9723
 EAMBER (non-restraint)  =         1.2801
 ------------------------------------------------------------------------------

 NMR restraints: Bond =    0.000   Angle =     0.000   Torsion =     0.608
===============================================================================
| RE_POSITION Moving by   0.902392 -2.159545 -9.122008

 NSTEP =   100000   TIME(PS) =    2200.000  TEMP(K) =   334.12  PRESS =     0.0
 Etot   =        26.5068  EKtot   =        26.2265  EPtot      =         0.2803
 BOND   =         3.1173  ANGLE   =        18.1528  DIHED      =        30.8086
 1-4 NB =         4.8901  1-4 EEL =       104.6685  VDWAALS    =        -4.7601
 EELEC  =      -133.4531  EGB     =       -25.2623  RESTRAINT  =         0.2311
 ESURF=         1.8874
 EAMBER (non-restraint)  =         0.0492
 ------------------------------------------------------------------------------

 NMR restraints: Bond =    0.000   Angle =     0.000   Torsion =     0.231
===============================================================================

 NSTEP =   105000   TIME(PS) =    2210.000  TEMP(K) =   236.94  PRESS =     0.0
 Etot   =        17.0385  EKtot   =        18.5983  EPtot      =        -1.5598
 BOND   =         3.6076  ANGLE   =        11.4567  DIHED      =        30.9577
 1-4 NB =         6.8920  1-4 EEL =       111.7613  VDWAALS    =        -3.5477
 EELEC  =      -140.5340  EGB     =       -24.0364  RESTRAINT  =         0.0000
 ESURF=         1.8829
 EAMBER (non-restraint)  =        -1.5598
 ------------------------------------------------------------------------------

 NMR restraints: Bond =    0.000   Angle =     0.000   Torsion =     0.000
===============================================================================
| RE_POSITION Moving by   2.518590 -7.828927 -3.224620

 NSTEP =   110000   TIME(PS) =    2220.000  TEMP(K) =   354.00  PRESS =     0.0
 Etot   =        29.0088  EKtot   =        27.7872  EPtot      =         1.2216
 BOND   =         6.9416  ANGLE   =        16.5849  DIHED      =        31.3810
 1-4 NB =         4.6219  1-4 EEL =       105.0205  VDWAALS    =        -4.3076
 EELEC  =      -138.1442  EGB     =       -23.2047  RESTRAINT  =         0.4640
 ESURF=         1.8642
 EAMBER (non-restraint)  =         0.7576
 ------------------------------------------------------------------------------

 NMR restraints: Bond =    0.000   Angle =     0.000   Torsion =     0.464
===============================================================================

 NSTEP =   115000   TIME(PS) =    2230.000  TEMP(K) =   242.23  PRESS =     0.0
 Etot   =        17.7202  EKtot   =        19.0133  EPtot      =        -1.2931
 BOND   =         3.8231  ANGLE   =        13.9599  DIHED      =        32.3195
 1-4 NB =         4.5185  1-4 EEL =       108.9364  VDWAALS    =        -3.7401
 EELEC  =      -138.6262  EGB     =       -24.4149  RESTRAINT  =         0.0007
 ESURF=         1.9299
 EAMBER (non-restraint)  =        -1.2939
 ------------------------------------------------------------------------------

 NMR restraints: Bond =    0.000   Angle =     0.000   Torsion =     0.001
===============================================================================
| RE_POSITION Moving by   3.500661 -4.524102 -1.646365

 NSTEP =   120000   TIME(PS) =    2240.000  TEMP(K) =   250.16  PRESS =     0.0
 Etot   =        19.5173  EKtot   =        19.6363  EPtot      =        -0.1189
 BOND   =         6.8847  ANGLE   =        13.4114  DIHED      =        32.6026
 1-4 NB =         3.2017  1-4 EEL =       112.3785  VDWAALS    =        -3.5493
 EELEC  =      -143.1878  EGB     =       -24.0247  RESTRAINT  =         0.1347
 ESURF=         2.0294
 EAMBER (non-restraint)  =        -0.2537
 ------------------------------------------------------------------------------

 NMR restraints: Bond =    0.000   Angle =     0.000   Torsion =     0.135
===============================================================================

 NSTEP =   125000   TIME(PS) =    2250.000  TEMP(K) =   249.25  PRESS =     0.0
 Etot   =        16.0717  EKtot   =        19.5648  EPtot      =        -3.4931
 BOND   =         4.6332  ANGLE   =        13.6591  DIHED      =        32.6089
 1-4 NB =         3.0498  1-4 EEL =       108.7946  VDWAALS    =        -3.7819
 EELEC  =      -140.3932  EGB     =       -24.0977  RESTRAINT  =         0.0004
 ESURF=         2.0337
 EAMBER (non-restraint)  =        -3.4935
 ------------------------------------------------------------------------------

 NMR restraints: Bond =    0.000   Angle =     0.000   Torsion =     0.000
===============================================================================
| RE_POSITION Moving by  -2.318998 -7.150588  0.376083

 NSTEP =   130000   TIME(PS) =    2260.000  TEMP(K) =   257.50  PRESS =     0.0
 Etot   =        19.6754  EKtot   =        20.2122  EPtot      =        -0.5367
 BOND   =         5.2545  ANGLE   =        14.9477  DIHED      =        32.0504
 1-4 NB =         4.8208  1-4 EEL =       106.9991  VDWAALS    =        -3.5357
 EELEC  =      -141.9125  EGB     =       -21.1908  RESTRAINT  =         0.0244
 ESURF=         2.0054
 EAMBER (non-restraint)  =        -0.5612
 ------------------------------------------------------------------------------

 NMR restraints: Bond =    0.000   Angle =     0.000   Torsion =     0.024
===============================================================================

 NSTEP =   135000   TIME(PS) =    2270.000  TEMP(K) =   299.15  PRESS =     0.0
 Etot   =        26.8302  EKtot   =        23.4813  EPtot      =         3.3490
 BOND   =         9.4579  ANGLE   =        10.0015  DIHED      =        33.5680
 1-4 NB =         5.9997  1-4 EEL =       110.5766  VDWAALS    =        -2.4121
 EELEC  =      -144.3137  EGB     =       -22.0746  RESTRAINT  =         0.5857
 ESURF=         1.9600
 EAMBER (non-restraint)  =         2.7633
 ------------------------------------------------------------------------------

 NMR restraints: Bond =    0.000   Angle =     0.000   Torsion =     0.586
===============================================================================
| RE_POSITION Moving by   1.480570 -2.390099-10.364983

 NSTEP =   140000   TIME(PS) =    2280.000  TEMP(K) =   204.79  PRESS =     0.0
 Etot   =        17.5727  EKtot   =        16.0749  EPtot      =         1.4978
 BOND   =         8.1546  ANGLE   =        13.9703  DIHED      =        31.2797
 1-4 NB =         5.5476  1-4 EEL =       104.1531  VDWAALS    =        -3.2192
 EELEC  =      -135.5896  EGB     =       -24.9279  RESTRAINT  =         0.1145
 ESURF=         2.0148
 EAMBER (non-restraint)  =         1.3833
 ------------------------------------------------------------------------------

 NMR restraints: Bond =    0.000   Angle =     0.000   Torsion =     0.114
===============================================================================

 NSTEP =   145000   TIME(PS) =    2290.000  TEMP(K) =   274.59  PRESS =     0.0
 Etot   =        26.2525  EKtot   =        21.5534  EPtot      =         4.6991
 BOND   =         4.4891  ANGLE   =        19.3463  DIHED      =        34.0319
 1-4 NB =         5.1887  1-4 EEL =       115.5690  VDWAALS    =        -4.9048
 EELEC  =      -149.7723  EGB     =       -21.1871  RESTRAINT  =         0.0008
 ESURF=         1.9374
 EAMBER (non-restraint)  =         4.6983
 ------------------------------------------------------------------------------

 NMR restraints: Bond =    0.000   Angle =     0.000   Torsion =     0.001
===============================================================================
| RE_POSITION Moving by   0.185451 -2.395513  2.171905

 NSTEP =   150000   TIME(PS) =    2300.000  TEMP(K) =   344.90  PRESS =     0.0
 Etot   =        25.7466  EKtot   =        27.0728  EPtot      =        -1.3262
 BOND   =         2.6603  ANGLE   =        15.6361  DIHED      =        33.3755
 1-4 NB =         5.8533  1-4 EEL =       109.8852  VDWAALS    =        -4.9723
 EELEC  =      -145.6289  EGB     =       -20.1564  RESTRAINT  =         0.1338
 ESURF=         1.8872
 EAMBER (non-restraint)  =        -1.4600
 ------------------------------------------------------------------------------

 NMR restraints: Bond =    0.000   Angle =     0.000   Torsion =     0.134
===============================================================================

 NSTEP =   155000   TIME(PS) =    2310.000  TEMP(K) =   262.42  PRESS =     0.0
 Etot   =        19.1568  EKtot   =        20.5987  EPtot      =        -1.4420
 BOND   =         5.6613  ANGLE   =        13.6006  DIHED      =        31.5967
 1-4 NB =         5.1835  1-4 EEL =       114.5704  VDWAALS    =        -4.8024
 EELEC  =      -148.6318  EGB     =       -21.2346  RESTRAINT  =         0.7068
 ESURF=         1.9075
 EAMBER (non-restraint)  =        -2.1488
 ------------------------------------------------------------------------------

 NMR restraints: Bond =    0.000   Angle =     0.000   Torsion =     0.707
===============================================================================
| RE_POSITION Moving by  -5.997151  4.502641  2.229304

 NSTEP =   160000   TIME(PS) =    2320.000  TEMP(K) =   340.85  PRESS =     0.0
 Etot   =        29.8375  EKtot   =        26.7550  EPtot      =         3.0825
 BOND   =         3.7716  ANGLE   =        15.8534  DIHED      =        33.5202
 1-4 NB =         5.6261  1-4 EEL =       113.6080  VDWAALS    =        -2.3710
 EELEC  =      -143.1412  EGB     =       -26.0242  RESTRAINT  =         0.2688
 ESURF=         1.9708
 EAMBER (non-restraint)  =         2.8136
 ------------------------------------------------------------------------------

 NMR restraints: Bond =    0.000   Angle =     0.000   Torsion =     0.269
===============================================================================

 NSTEP =   165000   TIME(PS) =    2330.000  TEMP(K) =   270.26  PRESS =     0.0
 Etot   =        20.7471  EKtot   =        21.2135  EPtot      =        -0.4664
 BOND   =         5.0640  ANGLE   =        17.5784  DIHED      =        32.3788
 1-4 NB =         3.7133  1-4 EEL =       108.0332  VDWAALS    =        -4.2785
 EELEC  =      -145.5246  EGB     =       -19.7229  RESTRAINT  =         0.4139
 ESURF=         1.8780
 EAMBER (non-restraint)  =        -0.8803
 ------------------------------------------------------------------------------

 NMR restraints: Bond =    0.000   Angle =     0.000   Torsion =     0.414
===============================================================================
| RE_POSITION Moving by  -1.863867  3.576877  5.976570

 NSTEP =   170000   TIME(PS) =    2340.000  TEMP(K) =   323.64  PRESS =     0.0
 Etot   =        34.9272  EKtot   =        25.4037  EPtot      =         9.5235
 BOND   =         6.8118  ANGLE   =        21.1489  DIHED      =        31.3247
 1-4 NB =         5.0925  1-4 EEL =       104.8203  VDWAALS    =        -1.9860
 EELEC  =      -135.1806  EGB     =       -24.4275  RESTRAINT  =         0.0015
 ESURF=         1.9180
 EAMBER (non-restraint)  =         9.5220
 ------------------------------------------------------------------------------

 NMR restraints: Bond =    0.000   Angle =     0.000   Torsion =     0.001
===============================================================================

 NSTEP =   175000   TIME(PS) =    2350.000  TEMP(K) =   315.03  PRESS =     0.0
 Etot   =        31.3565  EKtot   =        24.7277  EPtot      =         6.6289
 BOND   =         4.1480  ANGLE   =        20.3476  DIHED      =        35.7193
 1-4 NB =         4.7753  1-4 EEL =       108.8757  VDWAALS    =        -4.5180
 EELEC  =      -141.9170  EGB     =       -22.7454  RESTRAINT  =         0.0182
 ESURF=         1.9253
 EAMBER (non-restraint)  =         6.6106
 ------------------------------------------------------------------------------

 NMR restraints: Bond =    0.000   Angle =     0.000   Torsion =     0.018
===============================================================================
| RE_POSITION Moving by  -1.213652  2.574810 11.547339

 NSTEP =   180000   TIME(PS) =    2360.000  TEMP(K) =   342.79  PRESS =     0.0
 Etot   =        28.4506  EKtot   =        26.9069  EPtot      =         1.5437
 BOND   =         4.2056  ANGLE   =        14.5792  DIHED      =        31.1288
 1-4 NB =         5.9364  1-4 EEL =       114.4379  VDWAALS    =        -3.6850
 EELEC  =      -143.4344  EGB     =       -23.6666  RESTRAINT  =         0.1286
 ESURF=         1.9134
 EAMBER (non-restraint)  =         1.4151
 ------------------------------------------------------------------------------

 NMR restraints: Bond =    0.000   Angle =     0.000   Torsion =     0.129
===============================================================================

 NSTEP =   185000   TIME(PS) =    2370.000  TEMP(K) =   294.69  PRESS =     0.0
 Etot   =        30.1338  EKtot   =        23.1317  EPtot      =         7.0021
 BOND   =         5.4816  ANGLE   =        18.7747  DIHED      =        34.7187
 1-4 NB =         4.8258  1-4 EEL =       108.4894  VDWAALS    =        -3.8206
 EELEC  =      -141.5478  EGB     =       -22.9131  RESTRAINT  =         1.0072
 ESURF=         1.9861
 EAMBER (non-restraint)  =         5.9949
 ------------------------------------------------------------------------------

 NMR restraints: Bond =    0.000   Angle =     0.000   Torsion =     1.007
===============================================================================
| RE_POSITION Moving by  -2.100930  2.278502  5.057269

 NSTEP =   190000   TIME(PS) =    2380.000  TEMP(K) =   361.80  PRESS =     0.0
 Etot   =        28.6592  EKtot   =        28.3988  EPtot      =         0.2604
 BOND   =         5.9569  ANGLE   =        14.4210  DIHED      =        31.1162
 1-4 NB =         4.8323  1-4 EEL =       111.5797  VDWAALS    =        -2.4795
 EELEC  =      -142.8075  EGB     =       -24.4338  RESTRAINT  =         0.1135
 ESURF=         1.9616
 EAMBER (non-restraint)  =         0.1468
 ------------------------------------------------------------------------------

 NMR restraints: Bond =    0.000   Angle =     0.000   Torsion =     0.114
===============================================================================

 NSTEP =   195000   TIME(PS) =    2390.000  TEMP(K) =   294.81  PRESS =     0.0
 Etot   =        20.6216  EKtot   =        23.1405  EPtot      =        -2.5189
 BOND   =         2.0443  ANGLE   =        16.1296  DIHED      =        31.1251
 1-4 NB =         5.2418  1-4 EEL =       110.5723  VDWAALS    =        -3.5710
 EELEC  =      -145.0325  EGB     =       -21.6426  RESTRAINT  =         0.6643
 ESURF=         1.9496
 EAMBER (non-restraint)  =        -3.1832
 ------------------------------------------------------------------------------

 NMR restraints: Bond =    0.000   Angle =     0.000   Torsion =     0.664
===============================================================================
| RE_POSITION Moving by   1.024944  7.985173 -7.235066

 NSTEP =   200000   TIME(PS) =    2400.000  TEMP(K) =   286.55  PRESS =     0.0
 Etot   =        22.5013  EKtot   =        22.4928  EPtot      =         0.0085
 BOND   =         3.7656  ANGLE   =        12.8674  DIHED      =        31.4137
 1-4 NB =         6.5110  1-4 EEL =       113.8561  VDWAALS    =        -3.1666
 EELEC  =      -143.3280  EGB     =       -24.2885  RESTRAINT  =         0.4084
 ESURF=         1.9695
 EAMBER (non-restraint)  =        -0.3998
 ------------------------------------------------------------------------------

 NMR restraints: Bond =    0.000   Angle =     0.000   Torsion =     0.408
===============================================================================

 NSTEP =   205000   TIME(PS) =    2410.000  TEMP(K) =   323.59  PRESS =     0.0
 Etot   =        29.4432  EKtot   =        25.3998  EPtot      =         4.0433
 BOND   =         6.2278  ANGLE   =        18.7846  DIHED      =        31.8516
 1-4 NB =         5.6426  1-4 EEL =       109.7719  VDWAALS    =        -4.0533
 EELEC  =      -142.3961  EGB     =       -23.8533  RESTRAINT  =         0.1117
 ESURF=         1.9559
 EAMBER (non-restraint)  =         3.9317
 ------------------------------------------------------------------------------

 NMR restraints: Bond =    0.000   Angle =     0.000   Torsion =     0.112
===============================================================================
| RE_POSITION Moving by  -2.748229  3.389523  5.274489

 NSTEP =   210000   TIME(PS) =    2420.000  TEMP(K) =   265.37  PRESS =     0.0
 Etot   =        23.1882  EKtot   =        20.8297  EPtot      =         2.3585
 BOND   =         6.8928  ANGLE   =         9.9669  DIHED      =        31.6886
 1-4 NB =         6.6175  1-4 EEL =       114.4035  VDWAALS    =        -3.0252
 EELEC  =      -143.3778  EGB     =       -24.0572  RESTRAINT  =         1.2685
 ESURF=         1.9809
 EAMBER (non-restraint)  =         1.0900
 ------------------------------------------------------------------------------

 NMR restraints: Bond =    0.000   Angle =     0.000   Torsion =     1.268
===============================================================================

 NSTEP =   215000   TIME(PS) =    2430.000  TEMP(K) =   259.99  PRESS =     0.0
 Etot   =        24.3341  EKtot   =        20.4075  EPtot      =         3.9266
 BOND   =         3.8434  ANGLE   =        17.7269  DIHED      =        32.1246
 1-4 NB =         4.5917  1-4 EEL =       115.9421  VDWAALS    =        -3.5707
 EELEC  =      -149.7402  EGB     =       -19.3985  RESTRAINT  =         0.5123
 ESURF=         1.8950
 EAMBER (non-restraint)  =         3.4143
 ------------------------------------------------------------------------------

 NMR restraints: Bond =    0.000   Angle =     0.000   Torsion =     0.512
===============================================================================
| RE_POSITION Moving by   2.585971  3.088099  1.702556

 NSTEP =   220000   TIME(PS) =    2440.000  TEMP(K) =   258.93  PRESS =     0.0
 Etot   =        21.9555  EKtot   =        20.3243  EPtot      =         1.6312
 BOND   =         6.5053  ANGLE   =        16.0794  DIHED      =        30.7515
 1-4 NB =         3.7280  1-4 EEL =       107.8240  VDWAALS    =        -4.7990
 EELEC  =      -140.7401  EGB     =       -21.4042  RESTRAINT  =         1.8038
 ESURF=         1.8827
 EAMBER (non-restraint)  =        -0.1725
 ------------------------------------------------------------------------------

 NMR restraints: Bond =    0.000   Angle =     0.000   Torsion =     1.804
===============================================================================

 NSTEP =   225000   TIME(PS) =    2450.000  TEMP(K) =   319.09  PRESS =     0.0
 Etot   =        26.9878  EKtot   =        25.0464  EPtot      =         1.9413
 BOND   =         4.6358  ANGLE   =        12.5393  DIHED      =        30.4015
 1-4 NB =         8.2464  1-4 EEL =       114.8574  VDWAALS    =        -3.5005
 EELEC  =      -143.0131  EGB     =       -24.3712  RESTRAINT  =         0.2467
 ESURF=         1.8990
 EAMBER (non-restraint)  =         1.6946
 ------------------------------------------------------------------------------

 NMR restraints: Bond =    0.000   Angle =     0.000   Torsion =     0.247
===============================================================================
| RE_POSITION Moving by  -8.547349  3.593968  7.208455

 NSTEP =   230000   TIME(PS) =    2460.000  TEMP(K) =   277.99  PRESS =     0.0
 Etot   =        25.1623  EKtot   =        21.8207  EPtot      =         3.3416
 BOND   =         7.4410  ANGLE   =        16.9196  DIHED      =        33.0779
 1-4 NB =         4.3362  1-4 EEL =       108.8816  VDWAALS    =        -4.0743
 EELEC  =      -140.7225  EGB     =       -25.2784  RESTRAINT  =         0.8505
 ESURF=         1.9100
 EAMBER (non-restraint)  =         2.4911
 ------------------------------------------------------------------------------

 NMR restraints: Bond =    0.000   Angle =     0.000   Torsion =     0.851
===============================================================================

 NSTEP =   235000   TIME(PS) =    2470.000  TEMP(K) =   248.59  PRESS =     0.0
 Etot   =        27.4875  EKtot   =        19.5131  EPtot      =         7.9744
 BOND   =         6.8981  ANGLE   =        21.6350  DIHED      =        32.2979
 1-4 NB =         4.9006  1-4 EEL =       111.3915  VDWAALS    =        -4.2658
 EELEC  =      -144.3326  EGB     =       -23.3031  RESTRAINT  =         0.8329
 ESURF=         1.9199
 EAMBER (non-restraint)  =         7.1415
 ------------------------------------------------------------------------------

 NMR restraints: Bond =    0.000   Angle =     0.000   Torsion =     0.833
===============================================================================
| RE_POSITION Moving by   6.818661  4.633587 -1.041422

 NSTEP =   240000   TIME(PS) =    2480.000  TEMP(K) =   313.98  PRESS =     0.0
 Etot   =        20.8787  EKtot   =        24.6456  EPtot      =        -3.7669
 BOND   =         2.4011  ANGLE   =        12.7596  DIHED      =        33.0415
 1-4 NB =         5.8290  1-4 EEL =       113.0467  VDWAALS    =        -4.8069
 EELEC  =      -147.4902  EGB     =       -20.4843  RESTRAINT  =         0.0341
 ESURF=         1.9026
 EAMBER (non-restraint)  =        -3.8010
 ------------------------------------------------------------------------------

 NMR restraints: Bond =    0.000   Angle =     0.000   Torsion =     0.034
===============================================================================

 NSTEP =   245000   TIME(PS) =    2490.000  TEMP(K) =   308.80  PRESS =     0.0
 Etot   =        27.3915  EKtot   =        24.2394  EPtot      =         3.1522
 BOND   =         8.7945  ANGLE   =        12.7412  DIHED      =        32.7065
 1-4 NB =         5.3609  1-4 EEL =       111.1896  VDWAALS    =        -3.9935
 EELEC  =      -143.5452  EGB     =       -22.2745  RESTRAINT  =         0.2057
 ESURF=         1.9669
 EAMBER (non-restraint)  =         2.9464
 ------------------------------------------------------------------------------

 NMR restraints: Bond =    0.000   Angle =     0.000   Torsion =     0.206
===============================================================================
| RE_POSITION Moving by   6.230670  0.114164  6.676150

 NSTEP =   250000   TIME(PS) =    2500.000  TEMP(K) =   291.12  PRESS =     0.0
 Etot   =        21.3900  EKtot   =        22.8514  EPtot      =        -1.4614
 BOND   =         7.2441  ANGLE   =        13.2013  DIHED      =        29.4796
 1-4 NB =         5.6610  1-4 EEL =       107.4849  VDWAALS    =        -2.8249
 EELEC  =      -138.8505  EGB     =       -24.8345  RESTRAINT  =         0.0013
 ESURF=         1.9763
 EAMBER (non-restraint)  =        -1.4627
 ------------------------------------------------------------------------------

 NMR restraints: Bond =    0.000   Angle =     0.000   Torsion =     0.001
===============================================================================

 NSTEP =   255000   TIME(PS) =    2510.000  TEMP(K) =   316.97  PRESS =     0.0
 Etot   =        22.3161  EKtot   =        24.8799  EPtot      =        -2.5638
 BOND   =         3.8625  ANGLE   =        14.1283  DIHED      =        30.6499
 1-4 NB =         5.8216  1-4 EEL =       110.4277  VDWAALS    =        -3.7846
 EELEC  =      -143.4476  EGB     =       -22.5731  RESTRAINT  =         0.3961
 ESURF=         1.9556
 EAMBER (non-restraint)  =        -2.9598
 ------------------------------------------------------------------------------

 NMR restraints: Bond =    0.000   Angle =     0.000   Torsion =     0.396
===============================================================================
| RE_POSITION Moving by  -0.227834  3.148952-10.861127

 NSTEP =   260000   TIME(PS) =    2520.000  TEMP(K) =   356.89  PRESS =     0.0
 Etot   =        29.2329  EKtot   =        28.0136  EPtot      =         1.2193
 BOND   =         4.5799  ANGLE   =        16.7838  DIHED      =        30.8947
 1-4 NB =         5.4223  1-4 EEL =       106.9797  VDWAALS    =        -3.8170
 EELEC  =      -142.3261  EGB     =       -21.7582  RESTRAINT  =         2.5338
 ESURF=         1.9266
 EAMBER (non-restraint)  =        -1.3145
 ------------------------------------------------------------------------------

 NMR restraints: Bond =    0.000   Angle =     0.000   Torsion =     2.534
===============================================================================

 NSTEP =   265000   TIME(PS) =    2530.000  TEMP(K) =   349.92  PRESS =     0.0
 Etot   =        25.7514  EKtot   =        27.4667  EPtot      =        -1.7152
 BOND   =         6.9591  ANGLE   =         9.8055  DIHED      =        30.3813
 1-4 NB =         7.2995  1-4 EEL =       109.8374  VDWAALS    =        -3.4349
 EELEC  =      -140.6173  EGB     =       -23.9451  RESTRAINT  =         0.0761
 ESURF=         1.9233
 EAMBER (non-restraint)  =        -1.7913
 ------------------------------------------------------------------------------

 NMR restraints: Bond =    0.000   Angle =     0.000   Torsion =     0.076
===============================================================================
| RE_POSITION Moving by   2.992640 -2.072217  3.872517

 NSTEP =   270000   TIME(PS) =    2540.000  TEMP(K) =   279.07  PRESS =     0.0
 Etot   =        18.2878  EKtot   =        21.9051  EPtot      =        -3.6173
 BOND   =         2.1037  ANGLE   =        14.2839  DIHED      =        30.5085
 1-4 NB =         5.3989  1-4 EEL =       109.7536  VDWAALS    =        -4.4132
 EELEC  =      -138.2036  EGB     =       -25.3110  RESTRAINT  =         0.3929
 ESURF=         1.8690
 EAMBER (non-restraint)  =        -4.0101
 ------------------------------------------------------------------------------

 NMR restraints: Bond =    0.000   Angle =     0.000   Torsion =     0.393
===============================================================================

 NSTEP =   275000   TIME(PS) =    2550.000  TEMP(K) =   281.17  PRESS =     0.0
 Etot   =        32.2124  EKtot   =        22.0699  EPtot      =        10.1425
 BOND   =         6.3144  ANGLE   =        26.9302  DIHED      =        30.7050
 1-4 NB =         4.6187  1-4 EEL =       106.5260  VDWAALS    =        -5.2465
 EELEC  =      -136.5539  EGB     =       -25.5021  RESTRAINT  =         0.4526
 ESURF=         1.8982
 EAMBER (non-restraint)  =         9.6899
 ------------------------------------------------------------------------------

 NMR restraints: Bond =    0.000   Angle =     0.000   Torsion =     0.453
===============================================================================
| RE_POSITION Moving by  -4.116357  6.854963 -1.652503

 NSTEP =   280000   TIME(PS) =    2560.000  TEMP(K) =   229.98  PRESS =     0.0
 Etot   =        21.8457  EKtot   =        18.0523  EPtot      =         3.7933
 BOND   =        10.5900  ANGLE   =        14.5214  DIHED      =        30.4011
 1-4 NB =         4.8328  1-4 EEL =       106.8144  VDWAALS    =        -4.6405
 EELEC  =      -136.0367  EGB     =       -25.4826  RESTRAINT  =         0.8812
 ESURF=         1.9122
 EAMBER (non-restraint)  =         2.9122
 ------------------------------------------------------------------------------

 NMR restraints: Bond =    0.000   Angle =     0.000   Torsion =     0.881
===============================================================================

 NSTEP =   285000   TIME(PS) =    2570.000  TEMP(K) =   326.30  PRESS =     0.0
 Etot   =        27.3184  EKtot   =        25.6125  EPtot      =         1.7059
 BOND   =         4.2960  ANGLE   =        16.4040  DIHED      =        32.4432
 1-4 NB =         4.0662  1-4 EEL =       113.5756  VDWAALS    =        -4.5944
 EELEC  =      -146.4044  EGB     =       -20.4929  RESTRAINT  =         0.4989
 ESURF=         1.9136
 EAMBER (non-restraint)  =         1.2070
 ------------------------------------------------------------------------------

 NMR restraints: Bond =    0.000   Angle =     0.000   Torsion =     0.499
===============================================================================
| RE_POSITION Moving by  -2.253288 -4.163309 -5.361918

 NSTEP =   290000   TIME(PS) =    2580.000  TEMP(K) =   279.46  PRESS =     0.0
 Etot   =        16.9487  EKtot   =        21.9358  EPtot      =        -4.9871
 BOND   =         4.2722  ANGLE   =        14.5576  DIHED      =        30.0953
 1-4 NB =         3.8713  1-4 EEL =       109.6302  VDWAALS    =        -3.7954
 EELEC  =      -143.2655  EGB     =       -22.3596  RESTRAINT  =         0.0932
 ESURF=         1.9137
 EAMBER (non-restraint)  =        -5.0803
 ------------------------------------------------------------------------------

 NMR restraints: Bond =    0.000   Angle =     0.000   Torsion =     0.093
===============================================================================

 NSTEP =   295000   TIME(PS) =    2590.000  TEMP(K) =   262.62  PRESS =     0.0
 Etot   =        18.1134  EKtot   =        20.6138  EPtot      =        -2.5004
 BOND   =         4.7413  ANGLE   =        11.8400  DIHED      =        32.1014
 1-4 NB =         4.8191  1-4 EEL =       110.7406  VDWAALS    =        -3.0673
 EELEC  =      -142.0955  EGB     =       -23.8427  RESTRAINT  =         0.2935
 ESURF=         1.9691
 EAMBER (non-restraint)  =        -2.7939
 ------------------------------------------------------------------------------

 NMR restraints: Bond =    0.000   Angle =     0.000   Torsion =     0.294
===============================================================================
| RE_POSITION Moving by  -0.708876  3.444447 -2.430841

 NSTEP =   300000   TIME(PS) =    2600.000  TEMP(K) =   320.79  PRESS =     0.0
 Etot   =        22.8288  EKtot   =        25.1800  EPtot      =        -2.3511
 BOND   =         4.5468  ANGLE   =        14.8731  DIHED      =        30.7830
 1-4 NB =         4.1355  1-4 EEL =       111.3534  VDWAALS    =        -3.9590
 EELEC  =      -145.6920  EGB     =       -21.7710  RESTRAINT  =         1.4221
 ESURF=         1.9568
 EAMBER (non-restraint)  =        -3.7732
 ------------------------------------------------------------------------------

 NMR restraints: Bond =    0.000   Angle =     0.000   Torsion =     1.422
===============================================================================

 NSTEP =   305000   TIME(PS) =    2610.000  TEMP(K) =   228.98  PRESS =     0.0
 Etot   =        13.5866  EKtot   =        17.9735  EPtot      =        -4.3868
 BOND   =         5.1497  ANGLE   =        12.8471  DIHED      =        30.8350
 1-4 NB =         4.9722  1-4 EEL =       109.7343  VDWAALS    =        -3.4327
 EELEC  =      -141.7360  EGB     =       -24.8190  RESTRAINT  =         0.0822
 ESURF=         1.9804
 EAMBER (non-restraint)  =        -4.4690
 ------------------------------------------------------------------------------

 NMR restraints: Bond =    0.000   Angle =     0.000   Torsion =     0.082
===============================================================================
| RE_POSITION Moving by  -1.429918  2.393129  3.834624

 NSTEP =   310000   TIME(PS) =    2620.000  TEMP(K) =   283.19  PRESS =     0.0
 Etot   =        28.1107  EKtot   =        22.2287  EPtot      =         5.8820
 BOND   =         6.1327  ANGLE   =        21.9630  DIHED      =        32.1804
 1-4 NB =         4.7767  1-4 EEL =       107.1380  VDWAALS    =        -4.2162
 EELEC  =      -143.6852  EGB     =       -20.7186  RESTRAINT  =         0.3503
 ESURF=         1.9608
 EAMBER (non-restraint)  =         5.5317
 ------------------------------------------------------------------------------

 NMR restraints: Bond =    0.000   Angle =     0.000   Torsion =     0.350
===============================================================================

 NSTEP =   315000   TIME(PS) =    2630.000  TEMP(K) =   375.30  PRESS =     0.0
 Etot   =        33.0364  EKtot   =        29.4589  EPtot      =         3.5775
 BOND   =         5.9354  ANGLE   =        18.4962  DIHED      =        32.9084
 1-4 NB =         4.5691  1-4 EEL =       109.6766  VDWAALS    =        -4.9919
 EELEC  =      -146.7785  EGB     =       -19.9422  RESTRAINT  =         1.8066
 ESURF=         1.8977
 EAMBER (non-restraint)  =         1.7709
 ------------------------------------------------------------------------------

 NMR restraints: Bond =    0.000   Angle =     0.000   Torsion =     1.807
===============================================================================
| RE_POSITION Moving by   7.878468  1.093995 -3.303139

 NSTEP =   320000   TIME(PS) =    2640.000  TEMP(K) =   315.86  PRESS =     0.0
 Etot   =        31.4976  EKtot   =        24.7928  EPtot      =         6.7048
 BOND   =         5.3271  ANGLE   =        16.3916  DIHED      =        32.0930
 1-4 NB =         6.0127  1-4 EEL =       113.2088  VDWAALS    =        -2.7067
 EELEC  =      -141.2991  EGB     =       -24.8713  RESTRAINT  =         0.5416
 ESURF=         2.0071
 EAMBER (non-restraint)  =         6.1632
 ------------------------------------------------------------------------------

 NMR restraints: Bond =    0.000   Angle =     0.000   Torsion =     0.542
===============================================================================

 NSTEP =   325000   TIME(PS) =    2650.000  TEMP(K) =   317.57  PRESS =     0.0
 Etot   =        19.0278  EKtot   =        24.9273  EPtot      =        -5.8995
 BOND   =         4.5843  ANGLE   =        10.1959  DIHED      =        31.1063
 1-4 NB =         4.7220  1-4 EEL =       113.9751  VDWAALS    =        -3.7808
 EELEC  =      -146.0105  EGB     =       -22.6497  RESTRAINT  =         0.0638
 ESURF=         1.8939
 EAMBER (non-restraint)  =        -5.9634
 ------------------------------------------------------------------------------

 NMR restraints: Bond =    0.000   Angle =     0.000   Torsion =     0.064
===============================================================================
| RE_POSITION Moving by  -1.506754 -8.163610  2.210883

 NSTEP =   330000   TIME(PS) =    2660.000  TEMP(K) =   355.54  PRESS =     0.0
 Etot   =        30.1952  EKtot   =        27.9076  EPtot      =         2.2876
 BOND   =         5.1654  ANGLE   =        14.4101  DIHED      =        33.6661
 1-4 NB =         5.6910  1-4 EEL =       107.2845  VDWAALS    =        -3.7729
 EELEC  =      -137.2399  EGB     =       -24.8328  RESTRAINT  =         0.0101
 ESURF=         1.9060
 EAMBER (non-restraint)  =         2.2775
 ------------------------------------------------------------------------------

 NMR restraints: Bond =    0.000   Angle =     0.000   Torsion =     0.010
===============================================================================

 NSTEP =   335000   TIME(PS) =    2670.000  TEMP(K) =   328.42  PRESS =     0.0
 Etot   =        27.2653  EKtot   =        25.7789  EPtot      =         1.4864
 BOND   =         5.1105  ANGLE   =        19.9053  DIHED      =        31.1989
 1-4 NB =         5.0198  1-4 EEL =       103.3612  VDWAALS    =        -5.1412
 EELEC  =      -133.5126  EGB     =       -26.3644  RESTRAINT  =         0.0010
 ESURF=         1.9078
 EAMBER (non-restraint)  =         1.4854
 ------------------------------------------------------------------------------

 NMR restraints: Bond =    0.000   Angle =     0.000   Torsion =     0.001
===============================================================================
| RE_POSITION Moving by  -7.932666 -6.924205  2.499805

 NSTEP =   340000   TIME(PS) =    2680.000  TEMP(K) =   283.49  PRESS =     0.0
 Etot   =        26.0256  EKtot   =        22.2524  EPtot      =         3.7732
 BOND   =         8.2539  ANGLE   =        16.7791  DIHED      =        31.4642
 1-4 NB =         5.1356  1-4 EEL =       103.2701  VDWAALS    =        -4.1438
 EELEC  =      -135.0286  EGB     =       -24.2788  RESTRAINT  =         0.4035
 ESURF=         1.9181
 EAMBER (non-restraint)  =         3.3698
 ------------------------------------------------------------------------------

 NMR restraints: Bond =    0.000   Angle =     0.000   Torsion =     0.403
===============================================================================

 NSTEP =   345000   TIME(PS) =    2690.000  TEMP(K) =   320.95  PRESS =     0.0
 Etot   =        32.3837  EKtot   =        25.1925  EPtot      =         7.1911
 BOND   =         5.9574  ANGLE   =        16.1593  DIHED      =        35.6352
 1-4 NB =         4.4154  1-4 EEL =       110.3978  VDWAALS    =        -3.8096
 EELEC  =      -142.3101  EGB     =       -21.2339  RESTRAINT  =         0.0303
 ESURF=         1.9494
 EAMBER (non-restraint)  =         7.1608
 ------------------------------------------------------------------------------

 NMR restraints: Bond =    0.000   Angle =     0.000   Torsion =     0.030
===============================================================================
| RE_POSITION Moving by   3.068484 -5.111879  1.470487

 NSTEP =   350000   TIME(PS) =    2700.000  TEMP(K) =   310.70  PRESS =     0.0
 Etot   =        17.8560  EKtot   =        24.3882  EPtot      =        -6.5322
 BOND   =         4.3252  ANGLE   =        10.6866  DIHED      =        30.3582
 1-4 NB =         4.2360  1-4 EEL =       111.7236  VDWAALS    =        -4.2044
 EELEC  =      -144.7349  EGB     =       -21.7927  RESTRAINT  =         0.9284
 ESURF=         1.9419
 EAMBER (non-restraint)  =        -7.4606
 ------------------------------------------------------------------------------

 NMR restraints: Bond =    0.000   Angle =     0.000   Torsion =     0.928
===============================================================================

 NSTEP =   355000   TIME(PS) =    2710.000  TEMP(K) =   243.04  PRESS =     0.0
 Etot   =        16.5569  EKtot   =        19.0773  EPtot      =        -2.5204
 BOND   =         5.9479  ANGLE   =        12.8101  DIHED      =        30.7635
 1-4 NB =         4.6546  1-4 EEL =       111.5962  VDWAALS    =        -3.9368
 EELEC  =      -145.4973  EGB     =       -20.7622  RESTRAINT  =         0.0000
 ESURF=         1.9036
 EAMBER (non-restraint)  =        -2.5204
 ------------------------------------------------------------------------------

 NMR restraints: Bond =    0.000   Angle =     0.000   Torsion =     0.000
===============================================================================
| RE_POSITION Moving by  -3.776677  2.214286 -1.947999

 NSTEP =   360000   TIME(PS) =    2720.000  TEMP(K) =   293.93  PRESS =     0.0
 Etot   =        24.7676  EKtot   =        23.0721  EPtot      =         1.6955
 BOND   =         5.7818  ANGLE   =        15.7383  DIHED      =        32.1792
 1-4 NB =         4.1985  1-4 EEL =       111.1903  VDWAALS    =        -3.9265
 EELEC  =      -145.5252  EGB     =       -20.4542  RESTRAINT  =         0.5788
 ESURF=         1.9346
 EAMBER (non-restraint)  =         1.1167
 ------------------------------------------------------------------------------

 NMR restraints: Bond =    0.000   Angle =     0.000   Torsion =     0.579
===============================================================================

 NSTEP =   365000   TIME(PS) =    2730.000  TEMP(K) =   277.97  PRESS =     0.0
 Etot   =        16.4006  EKtot   =        21.8192  EPtot      =        -5.4186
 BOND   =         3.7168  ANGLE   =        13.5239  DIHED      =        29.9293
 1-4 NB =         5.9910  1-4 EEL =       111.5948  VDWAALS    =        -4.1525
 EELEC  =      -147.0186  EGB     =       -21.1395  RESTRAINT  =         0.2041
 ESURF=         1.9320
 EAMBER (non-restraint)  =        -5.6227
 ------------------------------------------------------------------------------

 NMR restraints: Bond =    0.000   Angle =     0.000   Torsion =     0.204
===============================================================================
| RE_POSITION Moving by   2.341145 -3.984097  7.732286

 NSTEP =   370000   TIME(PS) =    2740.000  TEMP(K) =   281.24  PRESS =     0.0
 Etot   =        24.2614  EKtot   =        22.0760  EPtot      =         2.1854
 BOND   =         2.7123  ANGLE   =        17.9749  DIHED      =        31.7870
 1-4 NB =         5.3874  1-4 EEL =       109.9155  VDWAALS    =        -3.6416
 EELEC  =      -142.5202  EGB     =       -22.8040  RESTRAINT  =         1.4331
 ESURF=         1.9411
 EAMBER (non-restraint)  =         0.7524
 ------------------------------------------------------------------------------

 NMR restraints: Bond =    0.000   Angle =     0.000   Torsion =     1.433
===============================================================================

 NSTEP =   375000   TIME(PS) =    2750.000  TEMP(K) =   329.05  PRESS =     0.0
 Etot   =        28.6076  EKtot   =        25.8282  EPtot      =         2.7794
 BOND   =         5.6524  ANGLE   =        14.2664  DIHED      =        34.5074
 1-4 NB =         6.2317  1-4 EEL =       110.5856  VDWAALS    =        -2.7528
 EELEC  =      -146.2890  EGB     =       -21.7070  RESTRAINT  =         0.3421
 ESURF=         1.9425
 EAMBER (non-restraint)  =         2.4373
 ------------------------------------------------------------------------------

 NMR restraints: Bond =    0.000   Angle =     0.000   Torsion =     0.342
===============================================================================
| RE_POSITION Moving by   2.913932  1.511398  2.551668

 NSTEP =   380000   TIME(PS) =    2760.000  TEMP(K) =   269.25  PRESS =     0.0
 Etot   =        20.2713  EKtot   =        21.1342  EPtot      =        -0.8629
 BOND   =         8.2072  ANGLE   =        13.1675  DIHED      =        31.7618
 1-4 NB =         3.9189  1-4 EEL =       109.4675  VDWAALS    =        -4.4552
 EELEC  =      -139.4791  EGB     =       -25.4904  RESTRAINT  =         0.0942
 ESURF=         1.9449
 EAMBER (non-restraint)  =        -0.9571
 ------------------------------------------------------------------------------

 NMR restraints: Bond =    0.000   Angle =     0.000   Torsion =     0.094
===============================================================================

 NSTEP =   385000   TIME(PS) =    2770.000  TEMP(K) =   376.20  PRESS =     0.0
 Etot   =        32.2407  EKtot   =        29.5298  EPtot      =         2.7109
 BOND   =         3.8799  ANGLE   =        17.8395  DIHED      =        31.9961
 1-4 NB =         6.3602  1-4 EEL =       113.9277  VDWAALS    =        -3.8441
 EELEC  =      -146.4091  EGB     =       -22.9256  RESTRAINT  =         0.0163
 ESURF=         1.8699
 EAMBER (non-restraint)  =         2.6945
 ------------------------------------------------------------------------------

 NMR restraints: Bond =    0.000   Angle =     0.000   Torsion =     0.016
===============================================================================
| RE_POSITION Moving by  -0.717161 -1.503572 -2.409328

 NSTEP =   390000   TIME(PS) =    2780.000  TEMP(K) =   336.95  PRESS =     0.0
 Etot   =        25.5236  EKtot   =        26.4484  EPtot      =        -0.9248
 BOND   =         3.2332  ANGLE   =        14.0482  DIHED      =        30.4858
 1-4 NB =         7.5646  1-4 EEL =       112.3128  VDWAALS    =        -2.9986
 EELEC  =      -146.1067  EGB     =       -21.7014  RESTRAINT  =         0.3067
 ESURF=         1.9306
 EAMBER (non-restraint)  =        -1.2315
 ------------------------------------------------------------------------------

 NMR restraints: Bond =    0.000   Angle =     0.000   Torsion =     0.307
===============================================================================

 NSTEP =   395000   TIME(PS) =    2790.000  TEMP(K) =   345.45  PRESS =     0.0
 Etot   =        27.9029  EKtot   =        27.1160  EPtot      =         0.7869
 BOND   =         4.1103  ANGLE   =        15.2847  DIHED      =        31.8695
 1-4 NB =         6.1748  1-4 EEL =       111.5303  VDWAALS    =        -2.7422
 EELEC  =      -143.1012  EGB     =       -24.3390  RESTRAINT  =         0.0767
 ESURF=         1.9230
 EAMBER (non-restraint)  =         0.7102
 ------------------------------------------------------------------------------

 NMR restraints: Bond =    0.000   Angle =     0.000   Torsion =     0.077
===============================================================================
| RE_POSITION Moving by   2.699874 -5.806049 -2.717887

 NSTEP =   400000   TIME(PS) =    2800.000  TEMP(K) =   277.15  PRESS =     0.0
 Etot   =        20.3796  EKtot   =        21.7543  EPtot      =        -1.3747
 BOND   =         3.1448  ANGLE   =        17.1303  DIHED      =        31.0345
 1-4 NB =         6.0486  1-4 EEL =       108.7435  VDWAALS    =        -4.2109
 EELEC  =      -144.5789  EGB     =       -21.0957  RESTRAINT  =         0.4827
 ESURF=         1.9264
 EAMBER (non-restraint)  =        -1.8574
 ------------------------------------------------------------------------------

 NMR restraints: Bond =    0.000   Angle =     0.000   Torsion =     0.483
===============================================================================

 NSTEP =   405000   TIME(PS) =    2810.000  TEMP(K) =   328.17  PRESS =     0.0
 Etot   =        28.3224  EKtot   =        25.7597  EPtot      =         2.5628
 BOND   =         6.2923  ANGLE   =        16.9006  DIHED      =        30.7905
 1-4 NB =         3.8293  1-4 EEL =       105.2142  VDWAALS    =        -2.1583
 EELEC  =      -136.5783  EGB     =       -24.4015  RESTRAINT  =         0.6400
 ESURF=         2.0339
 EAMBER (non-restraint)  =         1.9227
 ------------------------------------------------------------------------------

 NMR restraints: Bond =    0.000   Angle =     0.000   Torsion =     0.640
===============================================================================
| RE_POSITION Moving by   1.799191  0.479510 -4.844476

 NSTEP =   410000   TIME(PS) =    2820.000  TEMP(K) =   261.29  PRESS =     0.0
 Etot   =        21.9915  EKtot   =        20.5093  EPtot      =         1.4822
 BOND   =         4.1295  ANGLE   =        16.0678  DIHED      =        32.3355
 1-4 NB =         5.1160  1-4 EEL =       110.1118  VDWAALS    =        -3.2963
 EELEC  =      -143.2652  EGB     =       -21.6860  RESTRAINT  =         0.0346
 ESURF=         1.9345
 EAMBER (non-restraint)  =         1.4476
 ------------------------------------------------------------------------------

 NMR restraints: Bond =    0.000   Angle =     0.000   Torsion =     0.035
===============================================================================

 NSTEP =   415000   TIME(PS) =    2830.000  TEMP(K) =   364.66  PRESS =     0.0
 Etot   =        23.4965  EKtot   =        28.6235  EPtot      =        -5.1270
 BOND   =         6.1144  ANGLE   =        12.5253  DIHED      =        30.3392
 1-4 NB =         3.7606  1-4 EEL =       106.6130  VDWAALS    =        -2.6589
 EELEC  =      -137.7280  EGB     =       -26.1070  RESTRAINT  =         0.0415
 ESURF=         1.9726
 EAMBER (non-restraint)  =        -5.1685
 ------------------------------------------------------------------------------

 NMR restraints: Bond =    0.000   Angle =     0.000   Torsion =     0.042
===============================================================================
| RE_POSITION Moving by  -0.005363-11.507312 -8.682041

 NSTEP =   420000   TIME(PS) =    2840.000  TEMP(K) =   267.31  PRESS =     0.0
 Etot   =        23.4471  EKtot   =        20.9825  EPtot      =         2.4647
 BOND   =         3.5151  ANGLE   =        16.2502  DIHED      =        33.9977
 1-4 NB =         6.8044  1-4 EEL =       110.3080  VDWAALS    =        -4.1692
 EELEC  =      -146.7703  EGB     =       -19.6808  RESTRAINT  =         0.3055
 ESURF=         1.9042
 EAMBER (non-restraint)  =         2.1592
 ------------------------------------------------------------------------------

 NMR restraints: Bond =    0.000   Angle =     0.000   Torsion =     0.305
===============================================================================

 NSTEP =   425000   TIME(PS) =    2850.000  TEMP(K) =   276.32  PRESS =     0.0
 Etot   =        12.6868  EKtot   =        21.6899  EPtot      =        -9.0031
 BOND   =         3.9639  ANGLE   =         7.8477  DIHED      =        33.0594
 1-4 NB =         3.8581  1-4 EEL =       112.0996  VDWAALS    =        -4.6988
 EELEC  =      -146.0186  EGB     =       -21.0311  RESTRAINT  =         0.0040
 ESURF=         1.9126
 EAMBER (non-restraint)  =        -9.0071
 ------------------------------------------------------------------------------

 NMR restraints: Bond =    0.000   Angle =     0.000   Torsion =     0.004
===============================================================================
| RE_POSITION Moving by  -0.893832  4.382948 -2.799999

 NSTEP =   430000   TIME(PS) =    2860.000  TEMP(K) =   318.36  PRESS =     0.0
 Etot   =        23.9833  EKtot   =        24.9897  EPtot      =        -1.0064
 BOND   =         4.5625  ANGLE   =        14.5824  DIHED      =        32.3980
 1-4 NB =         5.7822  1-4 EEL =       110.0513  VDWAALS    =        -4.7661
 EELEC  =      -148.2808  EGB     =       -19.5336  RESTRAINT  =         2.3027
 ESURF=         1.8950
 EAMBER (non-restraint)  =        -3.3091
 ------------------------------------------------------------------------------

 NMR restraints: Bond =    0.000   Angle =     0.000   Torsion =     2.303
===============================================================================

 NSTEP =   435000   TIME(PS) =    2870.000  TEMP(K) =   340.74  PRESS =     0.0
 Etot   =        31.0744  EKtot   =        26.7460  EPtot      =         4.3285
 BOND   =         5.3554  ANGLE   =        13.0941  DIHED      =        32.5859
 1-4 NB =         7.7174  1-4 EEL =       110.1208  VDWAALS    =        -3.7239
 EELEC  =      -137.1221  EGB     =       -25.6009  RESTRAINT  =         0.0177
 ESURF=         1.8841
 EAMBER (non-restraint)  =         4.3108
 ------------------------------------------------------------------------------

 NMR restraints: Bond =    0.000   Angle =     0.000   Torsion =     0.018
===============================================================================
| RE_POSITION Moving by   1.244195  0.757032 -7.281596

 NSTEP =   440000   TIME(PS) =    2880.000  TEMP(K) =   285.01  PRESS =     0.0
 Etot   =        28.1931  EKtot   =        22.3712  EPtot      =         5.8219
 BOND   =         6.8526  ANGLE   =        13.9118  DIHED      =        32.7732
 1-4 NB =         6.9639  1-4 EEL =       110.5948  VDWAALS    =        -3.6314
 EELEC  =      -141.5287  EGB     =       -23.1723  RESTRAINT  =         1.2279
 ESURF=         1.8301
 EAMBER (non-restraint)  =         4.5940
 ------------------------------------------------------------------------------

 NMR restraints: Bond =    0.000   Angle =     0.000   Torsion =     1.228
===============================================================================

 NSTEP =   445000   TIME(PS) =    2890.000  TEMP(K) =   376.20  PRESS =     0.0
 Etot   =        33.2184  EKtot   =        29.5292  EPtot      =         3.6891
 BOND   =         9.8922  ANGLE   =        14.6188  DIHED      =        32.8215
 1-4 NB =         5.2866  1-4 EEL =       111.5798  VDWAALS    =        -4.4830
 EELEC  =      -147.7556  EGB     =       -20.4109  RESTRAINT  =         0.2262
 ESURF=         1.9136
 EAMBER (non-restraint)  =         3.4629
 ------------------------------------------------------------------------------

 NMR restraints: Bond =    0.000   Angle =     0.000   Torsion =     0.226
===============================================================================
| RE_POSITION Moving by  -3.787435 -0.635523 -7.044418

 NSTEP =   450000   TIME(PS) =    2900.000  TEMP(K) =   311.22  PRESS =     0.0
 Etot   =        25.7314  EKtot   =        24.4292  EPtot      =         1.3023
 BOND   =         4.2657  ANGLE   =        18.5193  DIHED      =        33.3281
 1-4 NB =         4.1856  1-4 EEL =       110.4349  VDWAALS    =        -4.4506
 EELEC  =      -143.3797  EGB     =       -23.6589  RESTRAINT  =         0.1594
 ESURF=         1.8985
 EAMBER (non-restraint)  =         1.1429
 ------------------------------------------------------------------------------

 NMR restraints: Bond =    0.000   Angle =     0.000   Torsion =     0.159
===============================================================================

 NSTEP =   455000   TIME(PS) =    2910.000  TEMP(K) =   313.42  PRESS =     0.0
 Etot   =        24.4722  EKtot   =        24.6017  EPtot      =        -0.1295
 BOND   =         4.3612  ANGLE   =        13.1261  DIHED      =        34.3806
 1-4 NB =         5.7770  1-4 EEL =       110.2336  VDWAALS    =        -3.9358
 EELEC  =      -143.5411  EGB     =       -22.7383  RESTRAINT  =         0.2117
 ESURF=         1.9954
 EAMBER (non-restraint)  =        -0.3412
 ------------------------------------------------------------------------------

 NMR restraints: Bond =    0.000   Angle =     0.000   Torsion =     0.212
===============================================================================
| RE_POSITION Moving by  -3.853558 -1.312923 -5.833205

 NSTEP =   460000   TIME(PS) =    2920.000  TEMP(K) =   334.33  PRESS =     0.0
 Etot   =        31.1089  EKtot   =        26.2426  EPtot      =         4.8663
 BOND   =        12.2013  ANGLE   =        15.2362  DIHED      =        30.9557
 1-4 NB =         5.3134  1-4 EEL =       107.9934  VDWAALS    =        -3.7080
 EELEC  =      -141.8476  EGB     =       -23.5707  RESTRAINT  =         0.3599
 ESURF=         1.9327
 EAMBER (non-restraint)  =         4.5064
 ------------------------------------------------------------------------------

 NMR restraints: Bond =    0.000   Angle =     0.000   Torsion =     0.360
===============================================================================

 NSTEP =   465000   TIME(PS) =    2930.000  TEMP(K) =   255.70  PRESS =     0.0
 Etot   =        20.0193  EKtot   =        20.0711  EPtot      =        -0.0518
 BOND   =         5.9667  ANGLE   =        15.0661  DIHED      =        30.2228
 1-4 NB =         5.4968  1-4 EEL =       111.6459  VDWAALS    =        -3.3172
 EELEC  =      -144.5207  EGB     =       -22.8842  RESTRAINT  =         0.3078
 ESURF=         1.9643
 EAMBER (non-restraint)  =        -0.3596
 ------------------------------------------------------------------------------

 NMR restraints: Bond =    0.000   Angle =     0.000   Torsion =     0.308
===============================================================================
| RE_POSITION Moving by  -1.543855  4.268911  0.483103

 NSTEP =   470000   TIME(PS) =    2940.000  TEMP(K) =   292.57  PRESS =     0.0
 Etot   =        19.7861  EKtot   =        22.9651  EPtot      =        -3.1790
 BOND   =         6.0843  ANGLE   =        13.4248  DIHED      =        30.4229
 1-4 NB =         4.3134  1-4 EEL =       108.4801  VDWAALS    =        -3.8084
 EELEC  =      -141.4226  EGB     =       -23.1938  RESTRAINT  =         0.5406
 ESURF=         1.9796
 EAMBER (non-restraint)  =        -3.7196
 ------------------------------------------------------------------------------

 NMR restraints: Bond =    0.000   Angle =     0.000   Torsion =     0.541
===============================================================================

 NSTEP =   475000   TIME(PS) =    2950.000  TEMP(K) =   273.63  PRESS =     0.0
 Etot   =        22.6410  EKtot   =        21.4781  EPtot      =         1.1629
 BOND   =         9.4364  ANGLE   =         8.0542  DIHED      =        32.3273
 1-4 NB =         5.7962  1-4 EEL =       108.2089  VDWAALS    =        -2.8563
 EELEC  =      -137.6378  EGB     =       -24.8165  RESTRAINT  =         0.7086
 ESURF=         1.9416
 EAMBER (non-restraint)  =         0.4542
 ------------------------------------------------------------------------------

 NMR restraints: Bond =    0.000   Angle =     0.000   Torsion =     0.709
===============================================================================
| RE_POSITION Moving by   1.758890 -0.991948 -3.626111

 NSTEP =   480000   TIME(PS) =    2960.000  TEMP(K) =   273.53  PRESS =     0.0
 Etot   =        24.3892  EKtot   =        21.4706  EPtot      =         2.9185
 BOND   =         6.2790  ANGLE   =        12.9374  DIHED      =        31.4585
 1-4 NB =         6.8787  1-4 EEL =       114.1809  VDWAALS    =        -2.8107
 EELEC  =      -144.9304  EGB     =       -23.5238  RESTRAINT  =         0.5037
 ESURF=         1.9450
 EAMBER (non-restraint)  =         2.4148
 ------------------------------------------------------------------------------

 NMR restraints: Bond =    0.000   Angle =     0.000   Torsion =     0.504
===============================================================================

 NSTEP =   485000   TIME(PS) =    2970.000  TEMP(K) =   312.23  PRESS =     0.0
 Etot   =        22.5074  EKtot   =        24.5085  EPtot      =        -2.0011
 BOND   =         4.1046  ANGLE   =        14.5271  DIHED      =        33.6547
 1-4 NB =         3.7435  1-4 EEL =       108.9699  VDWAALS    =        -4.8235
 EELEC  =      -142.5395  EGB     =       -22.0402  RESTRAINT  =         0.4921
 ESURF=         1.9101
 EAMBER (non-restraint)  =        -2.4932
 ------------------------------------------------------------------------------

 NMR restraints: Bond =    0.000   Angle =     0.000   Torsion =     0.492
===============================================================================
| RE_POSITION Moving by   5.046846 13.420979 -5.595264

 NSTEP =   490000   TIME(PS) =    2980.000  TEMP(K) =   233.45  PRESS =     0.0
 Etot   =        18.2734  EKtot   =        18.3245  EPtot      =        -0.0512
 BOND   =         4.2374  ANGLE   =        15.6004  DIHED      =        30.7814
 1-4 NB =         7.1116  1-4 EEL =       105.3701  VDWAALS    =        -3.9321
 EELEC  =      -137.1803  EGB     =       -24.0385  RESTRAINT  =         0.1726
 ESURF=         1.8263
 EAMBER (non-restraint)  =        -0.2237
 ------------------------------------------------------------------------------

 NMR restraints: Bond =    0.000   Angle =     0.000   Torsion =     0.173
===============================================================================

 NSTEP =   495000   TIME(PS) =    2990.000  TEMP(K) =   392.15  PRESS =     0.0
 Etot   =        27.8004  EKtot   =        30.7816  EPtot      =        -2.9812
 BOND   =         3.4847  ANGLE   =        15.0833  DIHED      =        29.3259
 1-4 NB =         6.3641  1-4 EEL =       108.2976  VDWAALS    =        -4.1999
 EELEC  =      -138.9640  EGB     =       -24.3268  RESTRAINT  =         0.0843
 ESURF=         1.8697
 EAMBER (non-restraint)  =        -3.0655
 ------------------------------------------------------------------------------

 NMR restraints: Bond =    0.000   Angle =     0.000   Torsion =     0.084
===============================================================================
| RE_POSITION Moving by   7.272881  6.368438 -3.971730

 NSTEP =   500000   TIME(PS) =    3000.000  TEMP(K) =   381.20  PRESS =     0.0
 Etot   =        31.1706  EKtot   =        29.9219  EPtot      =         1.2487
 BOND   =         9.5801  ANGLE   =        13.3518  DIHED      =        30.2400
 1-4 NB =         4.1917  1-4 EEL =       109.8743  VDWAALS    =        -3.4267
 EELEC  =      -139.0664  EGB     =       -25.7900  RESTRAINT  =         0.2692
 ESURF=         2.0248
 EAMBER (non-restraint)  =         0.9794
 ------------------------------------------------------------------------------

 NMR restraints: Bond =    0.000   Angle =     0.000   Torsion =     0.269
===============================================================================

      A V E R A G E S   O V E R  500000 S T E P S


 NSTEP =   500000   TIME(PS) =    3000.000  TEMP(K) =   298.57  PRESS =     0.0
 Etot   =        24.5566  EKtot   =        23.4359  EPtot      =         1.1207
 BOND   =         5.4246  ANGLE   =        15.5206  DIHED      =        31.9992
 1-4 NB =         4.9914  1-4 EEL =       109.6481  VDWAALS    =        -3.7261
 EELEC  =      -142.3309  EGB     =       -22.8345  RESTRAINT  =         0.4896
 ESURF=         1.9387
 EAMBER (non-restraint)  =         0.6311
 ------------------------------------------------------------------------------

 NMR restraints: Bond =    0.000   Angle =     0.000   Torsion =     0.269
===============================================================================

      R M S  F L U C T U A T I O N S


 NSTEP =   500000   TIME(PS) =    3000.000  TEMP(K) =    47.41  PRESS =     0.0
 Etot   =         5.3070  EKtot   =         3.7214  EPtot      =         3.7644
 BOND   =         1.9888  ANGLE   =         3.2058  DIHED      =         1.7518
 1-4 NB =         1.0033  1-4 EEL =         3.1142  VDWAALS    =         0.7566
 EELEC  =         3.9858  EGB     =         1.7891  RESTRAINT  =         0.6528
 ESURF=         0.0400
 EAMBER (non-restraint)  =         3.1116
 ------------------------------------------------------------------------------


 NMR restraints on final step:


--------------------------------------------------------------------------------
   5.  TIMINGS
--------------------------------------------------------------------------------

|>>>>>>>>PROFILE of Average TIMES>>>>>>>>> 
|                Calc gb radii             28.11 ( 7.98% of Gen B)
|                Communicate gb radii     221.89 (62.96% of Gen B)
|                Calc gb diag              39.71 (11.27% of Gen B)
|                Calc gb off-diag          25.49 ( 7.23% of Gen B)
|                Surface area energy       36.53 (10.37% of Gen B)
|                Other                      0.67 ( 0.19% of Gen B)
|             Gen Born time            352.41 (100.0% of Nonbo)
|             IPS excludes               0.07 ( 0.02% of Nonbo)
|          Nonbond force            352.48 (29.35% of Force)
|          Bond/Angle/Dihedral       12.37 ( 1.03% of Force)
|          FRC Collect time         604.50 (50.33% of Force)
|          Other                    231.61 (19.29% of Force)
|       Force time              1200.96 (78.40% of Runmd)
|       Shake time                 1.69 ( 0.11% of Runmd)
|       Verlet update time       259.24 (16.92% of Runmd)
|       CRD distribute time       68.73 ( 4.49% of Runmd)
|       Other                      1.11 ( 0.07% of Runmd)
|    Runmd Time              1531.75 (100.0% of Total)
|    Other                      0.21 ( 0.01% of Total)
| Total time              1531.96 (100.0% of ALL  )

| Number of list builds   :          0

| Highest rstack allocated:          0
| Highest istack allocated:          0

| Final Performance Info:
| -----------------------------------------------------
| Average timings for all steps:
|     Elapsed(s) =    1531.75 Per Step(ms) =       3.06
|         ns/day =      56.41   seconds/ns =    1531.75
| -----------------------------------------------------

|           Job began  at 20:31:41.681  on 04/27/2013
|           Setup done at 20:31:41.898  on 04/27/2013
|           Run   done at 20:57:13.645  on 04/27/2013
|     wallclock() was called18500113 times
