
          -------------------------------------------------------
          Amber 12 SANDER                              2012
          -------------------------------------------------------

| Run on 04/27/2013 at 20:31:41
  [-O]verwriting output

File Assignments:
|  MDIN: run_174.in                                                            
| MDOUT: run_174.out                                                           
|INPCRD: ../eq2/run_174.rst                                                    
|  PARM: parm                                                                  
|RESTRT: run_174.rst                                                           
|  REFC: refc                                                                  
| MDVEL: mdvel                                                                 
|  MDEN: mden                                                                  
| MDCRD: run_174.nc                                                            
|MDINFO: mdinfo                                                                
|  MTMD: mtmd                                                                  
|INPDIP: inpdip                                                                
|RSTDIP: rstdip                                                                

|INPTRA: inptraj                                                               
|
 
 Here is the input file:
 
equilibration with restraint                                                   
 &cntrl                                                                        
   ig=822117,                                                                  
   irest=1, ntx=5,                                                             
   igb=8, gbsa=1,                                                              
   cut=9999.0, rgbmax=9998.0,                                                  
   ntc=2, ntf=1, tol=0.000001,                                                 
   ntt=3, gamma_ln=2.0, tempi=0.1,                                             
   ntb=0, nscm=10000,                                                          
   ioutfm=1,                                                                   
   nstlim=500000, dt=0.002,                                                    
   ntpr=5000, ntwx=5000, ntwv=0, ntwr=500000,                                  
   nmropt=1,                                                                   
 /                                                                             
 &wt                                                                           
  type='DUMPFREQ', istep1=5000,                                                
 /                                                                             
 &wt                                                                           
  type='END',                                                                  
 /                                                                             
DISANG=run_174.disang                                                          
DUMPAVE=run_174.dat                                                            
                                                                               

--------------------------------------------------------------------------------
   1.  RESOURCE   USE: 
--------------------------------------------------------------------------------

| Flags: MPI                                                                    
| New format PARM file being parsed.
| Version =    1.000 Date = 04/27/13 Time = 01:42:54
 NATOM  =      32 NTYPES =       7 NBONH =      17 MBONA  =      14
 NTHETH =      36 MTHETA =      18 NPHIH =      64 MPHIA  =      45
 NHPARM =       0 NPARM  =       0 NNB   =     152 NRES   =       4
 NBONA  =      14 NTHETA =      18 NPHIA =      45 NUMBND =      11
 NUMANG =      21 NPTRA  =      20 NATYP =       8 NPHB   =       0
 IFBOX  =       0 NMXRS  =      10 IFCAP =       0 NEXTRA =       0
 NCOPY  =       0

 Implicit solvent radii are ArgH and AspGluO modified Bondi2 radii (mbondi3)                                
 Replacing prmtop screening parameters with GBn2 (igb=8) values

|     Memory Use     Allocated
|     Real                2310
|     Hollerith            102
|     Integer            23012
|     Max Pairs              1
|     nblistReal             0
|     nblist Int             0
|       Total              108 kbytes

| Note: 1-4 EEL scale factors are being read from the topology file.

| Note: 1-4 VDW scale factors are being read from the topology file.
| Duplicated    0 dihedrals
| Duplicated    0 dihedrals

--------------------------------------------------------------------------------
   2.  CONTROL  DATA  FOR  THE  RUN
--------------------------------------------------------------------------------

ACE                                                                             

General flags:
     imin    =       0, nmropt  =       1

Nature and format of input:
     ntx     =       5, irest   =       1, ntrx    =       1

Nature and format of output:
     ntxo    =       1, ntpr    =    5000, ntrx    =       1, ntwr    =  500000
     iwrap   =       0, ntwx    =    5000, ntwv    =       0, ntwe    =       0
     ioutfm  =       1, ntwprt  =       0, idecomp =       0, rbornstat=      0

Potential function:
     ntf     =       1, ntb     =       0, igb     =       8, nsnb    =      25
     ipol    =       0, gbsa    =       1, iesp    =       0
     dielc   =   1.00000, cut     =9999.00000, intdiel =   1.00000
     saltcon =   0.00000, offset  =   0.19514, surften =   0.00500
     rdt     =   0.00000, rgbmax  =9998.00000  extdiel =  78.50000
     alpb  =        0
     gbalphaH  =   0.78844, gbbetaH   =   0.79870,  gbgammaH  =    0.43733
     gbalphaC  =   0.73376, gbbetaC   =   0.50638,  gbgammaC  =    0.20584
     gbalphaN  =   0.50336, gbbetaN   =   0.31683,  gbgammaN  =    0.19292
     gbalphaOS =   0.86781, gbbetaOS  =   0.87664,  gbgammaOS =    0.38788
     gbalphaP  =   1.00000, gbbetaP   =   0.80000,  gbgammaP  =    4.85100

Frozen or restrained atoms:
     ibelly  =       0, ntr     =       0

Molecular dynamics:
     nstlim  =    500000, nscm    =     10000, nrespa  =         1
     t       =   0.00000, dt      =   0.00200, vlimit  =  20.00000

Langevin dynamics temperature regulation:
     ig      =  822117
     temp0   = 300.00000, tempi   =   0.10000, gamma_ln=   2.00000

SHAKE:
     ntc     =       2, jfastw  =       0
     tol     =   0.00000

NMR refinement options:
     iscale  =       0, noeskp  =       1, ipnlty  =       1, mxsub   =       1
     scalm   = 100.00000, pencut  =   0.10000, tausw   =   0.10000

| MPI Timing options:
|      profile_mpi =        0
|  INFO: Old style inpcrd file read


--------------------------------------------------------------------------------
   3.  ATOMIC COORDINATES AND VELOCITIES
--------------------------------------------------------------------------------

ACE                                                                             
 begin time read from input coords =  2000.000 ps



           Begin reading energy term weight changes/NMR restraints
 WEIGHT CHANGES:
 DUMPFREQ   5000      0    0.000000    0.000000      0      0
                         ** No weight changes given **

 RESTRAINTS:
 Requested file redirections:
  DISANG    = run_174.disang
  DUMPAVE   = run_174.dat
 Restraints will be read from file: run_174.disang
Here are comments from the DISANG input file:

                       Number of restraints read =     1

                  Done reading weight changes/NMR restraints


 Number of triangulated 3-point waters found:        0
|  Atom division among processors:
|         0      16      32
|  Running AMBER/MPI version on    2 nodes


--------------------------------------------------------------------------------
   4.  RESULTS
--------------------------------------------------------------------------------

|  # of SOLUTE  degrees of freedom (RNDFP):      79.
|  # of SOLVENT degrees of freedom (RNDFS):       0.
|  NDFMIN =      79.     NUM_NOSHAKE =      0     CORRECTED RNDFP =      79.
|  TOTAL # of degrees of freedom (RNDF) =      79.

 NSTEP =     5000   TIME(PS) =    2010.000  TEMP(K) =   283.61  PRESS =     0.0
 Etot   =        22.9423  EKtot   =        22.2613  EPtot      =         0.6810
 BOND   =         8.8675  ANGLE   =        21.9239  DIHED      =        20.9575
 1-4 NB =         4.6273  1-4 EEL =       116.1878  VDWAALS    =        -3.0733
 EELEC  =      -147.2819  EGB     =       -23.7172  RESTRAINT  =         0.1853
 ESURF=         2.0041
 EAMBER (non-restraint)  =         0.4956
 ------------------------------------------------------------------------------

 NMR restraints: Bond =    0.000   Angle =     0.000   Torsion =     0.185
===============================================================================
| RE_POSITION Moving by  -4.467858  2.387798 -2.132390

 NSTEP =    10000   TIME(PS) =    2020.000  TEMP(K) =   274.31  PRESS =     0.0
 Etot   =        12.7644  EKtot   =        21.5321  EPtot      =        -8.7677
 BOND   =         6.0449  ANGLE   =        16.9165  DIHED      =        18.8188
 1-4 NB =         4.9415  1-4 EEL =       116.6214  VDWAALS    =        -3.0267
 EELEC  =      -148.1654  EGB     =       -22.9567  RESTRAINT  =         0.0217
 ESURF=         2.0163
 EAMBER (non-restraint)  =        -8.7894
 ------------------------------------------------------------------------------

 NMR restraints: Bond =    0.000   Angle =     0.000   Torsion =     0.022
===============================================================================

 NSTEP =    15000   TIME(PS) =    2030.000  TEMP(K) =   264.81  PRESS =     0.0
 Etot   =        13.4557  EKtot   =        20.7860  EPtot      =        -7.3303
 BOND   =         6.0339  ANGLE   =        16.7140  DIHED      =        21.3115
 1-4 NB =         4.8203  1-4 EEL =       121.5928  VDWAALS    =        -3.7895
 EELEC  =      -152.1591  EGB     =       -23.9766  RESTRAINT  =         0.1559
 ESURF=         1.9664
 EAMBER (non-restraint)  =        -7.4861
 ------------------------------------------------------------------------------

 NMR restraints: Bond =    0.000   Angle =     0.000   Torsion =     0.156
===============================================================================
| RE_POSITION Moving by  -1.306824  0.958804  4.217297

 NSTEP =    20000   TIME(PS) =    2040.000  TEMP(K) =   319.84  PRESS =     0.0
 Etot   =         6.9520  EKtot   =        25.1052  EPtot      =       -18.1532
 BOND   =         2.8565  ANGLE   =        13.8579  DIHED      =        16.7516
 1-4 NB =         5.7791  1-4 EEL =       116.9115  VDWAALS    =        -2.9693
 EELEC  =      -149.3858  EGB     =       -24.4233  RESTRAINT  =         0.4991
 ESURF=         1.9695
 EAMBER (non-restraint)  =       -18.6523
 ------------------------------------------------------------------------------

 NMR restraints: Bond =    0.000   Angle =     0.000   Torsion =     0.499
===============================================================================

 NSTEP =    25000   TIME(PS) =    2050.000  TEMP(K) =   245.43  PRESS =     0.0
 Etot   =        12.6265  EKtot   =        19.2650  EPtot      =        -6.6385
 BOND   =         5.7362  ANGLE   =        12.0417  DIHED      =        22.2239
 1-4 NB =         5.0456  1-4 EEL =       119.9841  VDWAALS    =        -2.5171
 EELEC  =      -150.9042  EGB     =       -22.5127  RESTRAINT  =         2.2369
 ESURF=         2.0271
 EAMBER (non-restraint)  =        -8.8755
 ------------------------------------------------------------------------------

 NMR restraints: Bond =    0.000   Angle =     0.000   Torsion =     2.237
===============================================================================
| RE_POSITION Moving by   4.976626 -8.973579 -4.215256

 NSTEP =    30000   TIME(PS) =    2060.000  TEMP(K) =   327.54  PRESS =     0.0
 Etot   =        17.2392  EKtot   =        25.7101  EPtot      =        -8.4709
 BOND   =         2.7413  ANGLE   =        19.5899  DIHED      =        21.7208
 1-4 NB =         4.5663  1-4 EEL =       119.0414  VDWAALS    =        -3.3912
 EELEC  =      -151.7291  EGB     =       -22.9851  RESTRAINT  =         0.0011
 ESURF=         1.9737
 EAMBER (non-restraint)  =        -8.4720
 ------------------------------------------------------------------------------

 NMR restraints: Bond =    0.000   Angle =     0.000   Torsion =     0.001
===============================================================================

 NSTEP =    35000   TIME(PS) =    2070.000  TEMP(K) =   278.84  PRESS =     0.0
 Etot   =        15.8413  EKtot   =        21.8873  EPtot      =        -6.0460
 BOND   =         6.9819  ANGLE   =        17.8302  DIHED      =        20.7315
 1-4 NB =         4.4697  1-4 EEL =       118.3176  VDWAALS    =        -2.5990
 EELEC  =      -148.1496  EGB     =       -25.9042  RESTRAINT  =         0.2899
 ESURF=         1.9860
 EAMBER (non-restraint)  =        -6.3359
 ------------------------------------------------------------------------------

 NMR restraints: Bond =    0.000   Angle =     0.000   Torsion =     0.290
===============================================================================
| RE_POSITION Moving by  -5.476206  8.023265 -8.588159

 NSTEP =    40000   TIME(PS) =    2080.000  TEMP(K) =   243.91  PRESS =     0.0
 Etot   =        10.0280  EKtot   =        19.1452  EPtot      =        -9.1173
 BOND   =         5.0689  ANGLE   =        16.8540  DIHED      =        19.3843
 1-4 NB =         4.1233  1-4 EEL =       115.5825  VDWAALS    =        -2.1064
 EELEC  =      -147.5659  EGB     =       -22.8464  RESTRAINT  =         0.3571
 ESURF=         2.0313
 EAMBER (non-restraint)  =        -9.4744
 ------------------------------------------------------------------------------

 NMR restraints: Bond =    0.000   Angle =     0.000   Torsion =     0.357
===============================================================================

 NSTEP =    45000   TIME(PS) =    2090.000  TEMP(K) =   321.56  PRESS =     0.0
 Etot   =        13.6130  EKtot   =        25.2402  EPtot      =       -11.6272
 BOND   =         7.9270  ANGLE   =        10.3974  DIHED      =        18.9483
 1-4 NB =         5.9233  1-4 EEL =       116.7429  VDWAALS    =        -2.2387
 EELEC  =      -149.0467  EGB     =       -22.3623  RESTRAINT  =         0.0424
 ESURF=         2.0393
 EAMBER (non-restraint)  =       -11.6695
 ------------------------------------------------------------------------------

 NMR restraints: Bond =    0.000   Angle =     0.000   Torsion =     0.042
===============================================================================
| RE_POSITION Moving by  -6.705405  0.137804  0.088327

 NSTEP =    50000   TIME(PS) =    2100.000  TEMP(K) =   247.67  PRESS =     0.0
 Etot   =         6.1716  EKtot   =        19.4408  EPtot      =       -13.2693
 BOND   =         5.4629  ANGLE   =        11.2376  DIHED      =        18.8045
 1-4 NB =         5.6570  1-4 EEL =       120.2551  VDWAALS    =        -2.5129
 EELEC  =      -148.8421  EGB     =       -25.3458  RESTRAINT  =         0.0169
 ESURF=         1.9976
 EAMBER (non-restraint)  =       -13.2861
 ------------------------------------------------------------------------------

 NMR restraints: Bond =    0.000   Angle =     0.000   Torsion =     0.017
===============================================================================

 NSTEP =    55000   TIME(PS) =    2110.000  TEMP(K) =   300.76  PRESS =     0.0
 Etot   =        11.0521  EKtot   =        23.6079  EPtot      =       -12.5558
 BOND   =         3.2897  ANGLE   =        17.7738  DIHED      =        18.5849
 1-4 NB =         5.2128  1-4 EEL =       120.0243  VDWAALS    =        -3.2365
 EELEC  =      -150.2218  EGB     =       -25.9762  RESTRAINT  =         0.0579
 ESURF=         1.9352
 EAMBER (non-restraint)  =       -12.6137
 ------------------------------------------------------------------------------

 NMR restraints: Bond =    0.000   Angle =     0.000   Torsion =     0.058
===============================================================================
| RE_POSITION Moving by   1.601817  6.242909 -1.917366

 NSTEP =    60000   TIME(PS) =    2120.000  TEMP(K) =   251.90  PRESS =     0.0
 Etot   =         7.7320  EKtot   =        19.7723  EPtot      =       -12.0403
 BOND   =         2.2374  ANGLE   =        16.6079  DIHED      =        17.4755
 1-4 NB =         6.8557  1-4 EEL =       120.2316  VDWAALS    =        -2.8873
 EELEC  =      -147.0108  EGB     =       -28.3718  RESTRAINT  =         0.8730
 ESURF=         1.9485
 EAMBER (non-restraint)  =       -12.9133
 ------------------------------------------------------------------------------

 NMR restraints: Bond =    0.000   Angle =     0.000   Torsion =     0.873
===============================================================================

 NSTEP =    65000   TIME(PS) =    2130.000  TEMP(K) =   279.34  PRESS =     0.0
 Etot   =        13.9778  EKtot   =        21.9264  EPtot      =        -7.9486
 BOND   =         8.1118  ANGLE   =        15.6448  DIHED      =        19.7133
 1-4 NB =         5.9584  1-4 EEL =       119.7194  VDWAALS    =        -3.1746
 EELEC  =      -152.8564  EGB     =       -23.3706  RESTRAINT  =         0.3223
 ESURF=         1.9831
 EAMBER (non-restraint)  =        -8.2709
 ------------------------------------------------------------------------------

 NMR restraints: Bond =    0.000   Angle =     0.000   Torsion =     0.322
===============================================================================
| RE_POSITION Moving by  -0.581676 -2.052257  0.998857

 NSTEP =    70000   TIME(PS) =    2140.000  TEMP(K) =   359.61  PRESS =     0.0
 Etot   =        17.6024  EKtot   =        28.2269  EPtot      =       -10.6245
 BOND   =         4.8028  ANGLE   =        15.9495  DIHED      =        19.7649
 1-4 NB =         5.0668  1-4 EEL =       113.8907  VDWAALS    =        -3.5735
 EELEC  =      -144.8005  EGB     =       -24.3623  RESTRAINT  =         0.6193
 ESURF=         2.0177
 EAMBER (non-restraint)  =       -11.2439
 ------------------------------------------------------------------------------

 NMR restraints: Bond =    0.000   Angle =     0.000   Torsion =     0.619
===============================================================================

 NSTEP =    75000   TIME(PS) =    2150.000  TEMP(K) =   266.25  PRESS =     0.0
 Etot   =         9.1007  EKtot   =        20.8993  EPtot      =       -11.7986
 BOND   =         5.1690  ANGLE   =        12.9299  DIHED      =        18.5859
 1-4 NB =         5.0392  1-4 EEL =       118.5851  VDWAALS    =        -3.2239
 EELEC  =      -149.4061  EGB     =       -22.7745  RESTRAINT  =         1.3055
 ESURF=         1.9911
 EAMBER (non-restraint)  =       -13.1041
 ------------------------------------------------------------------------------

 NMR restraints: Bond =    0.000   Angle =     0.000   Torsion =     1.306
===============================================================================
| RE_POSITION Moving by   1.682995  3.488837  4.281310

 NSTEP =    80000   TIME(PS) =    2160.000  TEMP(K) =   281.09  PRESS =     0.0
 Etot   =        11.9933  EKtot   =        22.0636  EPtot      =       -10.0703
 BOND   =         6.7335  ANGLE   =        15.8581  DIHED      =        19.3018
 1-4 NB =         4.7897  1-4 EEL =       116.2651  VDWAALS    =        -3.0258
 EELEC  =      -143.8937  EGB     =       -28.0873  RESTRAINT  =         0.0009
 ESURF=         1.9875
 EAMBER (non-restraint)  =       -10.0712
 ------------------------------------------------------------------------------

 NMR restraints: Bond =    0.000   Angle =     0.000   Torsion =     0.001
===============================================================================

 NSTEP =    85000   TIME(PS) =    2170.000  TEMP(K) =   322.25  PRESS =     0.0
 Etot   =        14.2450  EKtot   =        25.2949  EPtot      =       -11.0499
 BOND   =         5.7971  ANGLE   =        13.1096  DIHED      =        20.7014
 1-4 NB =         5.8174  1-4 EEL =       119.3043  VDWAALS    =        -3.3128
 EELEC  =      -148.4690  EGB     =       -26.0475  RESTRAINT  =         0.1117
 ESURF=         1.9378
 EAMBER (non-restraint)  =       -11.1616
 ------------------------------------------------------------------------------

 NMR restraints: Bond =    0.000   Angle =     0.000   Torsion =     0.112
===============================================================================
| RE_POSITION Moving by   4.853931  5.563485 -4.964870

 NSTEP =    90000   TIME(PS) =    2180.000  TEMP(K) =   286.32  PRESS =     0.0
 Etot   =        14.3100  EKtot   =        22.4748  EPtot      =        -8.1648
 BOND   =         5.9295  ANGLE   =        17.7981  DIHED      =        21.5205
 1-4 NB =         6.7052  1-4 EEL =       110.4978  VDWAALS    =        -3.3099
 EELEC  =      -146.7209  EGB     =       -22.6793  RESTRAINT  =         0.1556
 ESURF=         1.9385
 EAMBER (non-restraint)  =        -8.3204
 ------------------------------------------------------------------------------

 NMR restraints: Bond =    0.000   Angle =     0.000   Torsion =     0.156
===============================================================================

 NSTEP =    95000   TIME(PS) =    2190.000  TEMP(K) =   348.69  PRESS =     0.0
 Etot   =        13.9285  EKtot   =        27.3700  EPtot      =       -13.4414
 BOND   =         3.7590  ANGLE   =        11.5011  DIHED      =        19.2674
 1-4 NB =         3.7852  1-4 EEL =       121.6000  VDWAALS    =        -2.7175
 EELEC  =      -150.4099  EGB     =       -23.4306  RESTRAINT  =         1.1738
 ESURF=         2.0301
 EAMBER (non-restraint)  =       -14.6152
 ------------------------------------------------------------------------------

 NMR restraints: Bond =    0.000   Angle =     0.000   Torsion =     1.174
===============================================================================
| RE_POSITION Moving by   5.342962  7.776606 -1.802876

 NSTEP =   100000   TIME(PS) =    2200.000  TEMP(K) =   351.74  PRESS =     0.0
 Etot   =        15.7533  EKtot   =        27.6097  EPtot      =       -11.8564
 BOND   =         3.3684  ANGLE   =        15.7222  DIHED      =        19.2074
 1-4 NB =         5.6530  1-4 EEL =       112.0986  VDWAALS    =        -2.3408
 EELEC  =      -143.0685  EGB     =       -24.5873  RESTRAINT  =         0.0650
 ESURF=         2.0256
 EAMBER (non-restraint)  =       -11.9214
 ------------------------------------------------------------------------------

 NMR restraints: Bond =    0.000   Angle =     0.000   Torsion =     0.065
===============================================================================

 NSTEP =   105000   TIME(PS) =    2210.000  TEMP(K) =   245.23  PRESS =     0.0
 Etot   =         9.7116  EKtot   =        19.2492  EPtot      =        -9.5376
 BOND   =         9.8566  ANGLE   =        13.4366  DIHED      =        18.7879
 1-4 NB =         4.7642  1-4 EEL =       113.8425  VDWAALS    =        -2.8608
 EELEC  =      -146.4316  EGB     =       -23.6482  RESTRAINT  =         0.6819
 ESURF=         2.0333
 EAMBER (non-restraint)  =       -10.2195
 ------------------------------------------------------------------------------

 NMR restraints: Bond =    0.000   Angle =     0.000   Torsion =     0.682
===============================================================================
| RE_POSITION Moving by   2.137139 -6.706618  1.547686

 NSTEP =   110000   TIME(PS) =    2220.000  TEMP(K) =   325.21  PRESS =     0.0
 Etot   =        10.4402  EKtot   =        25.5271  EPtot      =       -15.0870
 BOND   =         3.2085  ANGLE   =        11.9295  DIHED      =        20.4899
 1-4 NB =         4.3311  1-4 EEL =       121.4497  VDWAALS    =        -3.3319
 EELEC  =      -150.5948  EGB     =       -24.6619  RESTRAINT  =         0.1068
 ESURF=         1.9861
 EAMBER (non-restraint)  =       -15.1938
 ------------------------------------------------------------------------------

 NMR restraints: Bond =    0.000   Angle =     0.000   Torsion =     0.107
===============================================================================

 NSTEP =   115000   TIME(PS) =    2230.000  TEMP(K) =   198.13  PRESS =     0.0
 Etot   =         3.3715  EKtot   =        15.5523  EPtot      =       -12.1808
 BOND   =         3.3657  ANGLE   =        13.9591  DIHED      =        18.4657
 1-4 NB =         5.7944  1-4 EEL =       119.9646  VDWAALS    =        -3.2417
 EELEC  =      -151.2094  EGB     =       -22.5601  RESTRAINT  =         1.2573
 ESURF=         2.0237
 EAMBER (non-restraint)  =       -13.4381
 ------------------------------------------------------------------------------

 NMR restraints: Bond =    0.000   Angle =     0.000   Torsion =     1.257
===============================================================================
| RE_POSITION Moving by   4.605115  1.366940 -0.053006

 NSTEP =   120000   TIME(PS) =    2240.000  TEMP(K) =   316.53  PRESS =     0.0
 Etot   =        12.6856  EKtot   =        24.8454  EPtot      =       -12.1598
 BOND   =         5.1616  ANGLE   =        12.7448  DIHED      =        19.2040
 1-4 NB =         5.0471  1-4 EEL =       122.3776  VDWAALS    =        -3.1947
 EELEC  =      -152.9917  EGB     =       -22.5055  RESTRAINT  =         0.0204
 ESURF=         1.9766
 EAMBER (non-restraint)  =       -12.1802
 ------------------------------------------------------------------------------

 NMR restraints: Bond =    0.000   Angle =     0.000   Torsion =     0.020
===============================================================================

 NSTEP =   125000   TIME(PS) =    2250.000  TEMP(K) =   262.01  PRESS =     0.0
 Etot   =         3.0678  EKtot   =        20.5661  EPtot      =       -17.4983
 BOND   =         7.4157  ANGLE   =         9.1925  DIHED      =        19.4747
 1-4 NB =         4.9312  1-4 EEL =       118.6671  VDWAALS    =        -3.4762
 EELEC  =      -150.7744  EGB     =       -24.9692  RESTRAINT  =         0.0478
 ESURF=         1.9926
 EAMBER (non-restraint)  =       -17.5461
 ------------------------------------------------------------------------------

 NMR restraints: Bond =    0.000   Angle =     0.000   Torsion =     0.048
===============================================================================
| RE_POSITION Moving by   2.162032 -3.130313  8.393188

 NSTEP =   130000   TIME(PS) =    2260.000  TEMP(K) =   363.26  PRESS =     0.0
 Etot   =        14.1600  EKtot   =        28.5135  EPtot      =       -14.3535
 BOND   =         4.3059  ANGLE   =        12.2199  DIHED      =        19.2397
 1-4 NB =         5.0702  1-4 EEL =       122.8077  VDWAALS    =        -3.2820
 EELEC  =      -151.2476  EGB     =       -25.6759  RESTRAINT  =         0.2408
 ESURF=         1.9678
 EAMBER (non-restraint)  =       -14.5943
 ------------------------------------------------------------------------------

 NMR restraints: Bond =    0.000   Angle =     0.000   Torsion =     0.241
===============================================================================

 NSTEP =   135000   TIME(PS) =    2270.000  TEMP(K) =   271.66  PRESS =     0.0
 Etot   =        11.4011  EKtot   =        21.3235  EPtot      =        -9.9225
 BOND   =         4.2821  ANGLE   =        18.0147  DIHED      =        19.1242
 1-4 NB =         4.9209  1-4 EEL =       119.8859  VDWAALS    =        -3.4503
 EELEC  =      -148.5267  EGB     =       -27.0595  RESTRAINT  =         0.9200
 ESURF=         1.9663
 EAMBER (non-restraint)  =       -10.8425
 ------------------------------------------------------------------------------

 NMR restraints: Bond =    0.000   Angle =     0.000   Torsion =     0.920
===============================================================================
| RE_POSITION Moving by   1.327472 -0.844127 -2.261860

 NSTEP =   140000   TIME(PS) =    2280.000  TEMP(K) =   232.17  PRESS =     0.0
 Etot   =         9.0113  EKtot   =        18.2243  EPtot      =        -9.2130
 BOND   =         3.3095  ANGLE   =        15.8477  DIHED      =        21.5537
 1-4 NB =         5.5185  1-4 EEL =       121.3890  VDWAALS    =        -3.0844
 EELEC  =      -150.5548  EGB     =       -25.1901  RESTRAINT  =         0.0246
 ESURF=         1.9733
 EAMBER (non-restraint)  =        -9.2376
 ------------------------------------------------------------------------------

 NMR restraints: Bond =    0.000   Angle =     0.000   Torsion =     0.025
===============================================================================

 NSTEP =   145000   TIME(PS) =    2290.000  TEMP(K) =   299.61  PRESS =     0.0
 Etot   =         9.3437  EKtot   =        23.5180  EPtot      =       -14.1742
 BOND   =         3.7545  ANGLE   =        10.8613  DIHED      =        19.6858
 1-4 NB =         6.6197  1-4 EEL =       121.2066  VDWAALS    =        -3.5119
 EELEC  =      -151.7291  EGB     =       -23.2922  RESTRAINT  =         0.2577
 ESURF=         1.9734
 EAMBER (non-restraint)  =       -14.4319
 ------------------------------------------------------------------------------

 NMR restraints: Bond =    0.000   Angle =     0.000   Torsion =     0.258
===============================================================================
| RE_POSITION Moving by   0.285042 -4.545758  1.478571

 NSTEP =   150000   TIME(PS) =    2300.000  TEMP(K) =   417.43  PRESS =     0.0
 Etot   =        23.6782  EKtot   =        32.7661  EPtot      =        -9.0879
 BOND   =        10.2186  ANGLE   =        14.9093  DIHED      =        17.4392
 1-4 NB =         4.7832  1-4 EEL =       117.3652  VDWAALS    =        -3.0987
 EELEC  =      -148.1372  EGB     =       -24.5737  RESTRAINT  =         0.0027
 ESURF=         2.0036
 EAMBER (non-restraint)  =        -9.0906
 ------------------------------------------------------------------------------

 NMR restraints: Bond =    0.000   Angle =     0.000   Torsion =     0.003
===============================================================================

 NSTEP =   155000   TIME(PS) =    2310.000  TEMP(K) =   227.68  PRESS =     0.0
 Etot   =         1.1828  EKtot   =        17.8714  EPtot      =       -16.6886
 BOND   =         3.7821  ANGLE   =        10.6115  DIHED      =        17.9646
 1-4 NB =         5.4449  1-4 EEL =       116.9269  VDWAALS    =        -2.9727
 EELEC  =      -145.8115  EGB     =       -24.9511  RESTRAINT  =         0.3163
 ESURF=         2.0004
 EAMBER (non-restraint)  =       -17.0049
 ------------------------------------------------------------------------------

 NMR restraints: Bond =    0.000   Angle =     0.000   Torsion =     0.316
===============================================================================
| RE_POSITION Moving by   3.474957 -6.808649 -3.491482

 NSTEP =   160000   TIME(PS) =    2320.000  TEMP(K) =   261.33  PRESS =     0.0
 Etot   =        15.5561  EKtot   =        20.5127  EPtot      =        -4.9566
 BOND   =         7.3847  ANGLE   =        18.7826  DIHED      =        20.3010
 1-4 NB =         5.6055  1-4 EEL =       115.7728  VDWAALS    =        -3.0724
 EELEC  =      -145.1447  EGB     =       -26.6677  RESTRAINT  =         0.1067
 ESURF=         1.9748
 EAMBER (non-restraint)  =        -5.0633
 ------------------------------------------------------------------------------

 NMR restraints: Bond =    0.000   Angle =     0.000   Torsion =     0.107
===============================================================================

 NSTEP =   165000   TIME(PS) =    2330.000  TEMP(K) =   275.50  PRESS =     0.0
 Etot   =        10.9913  EKtot   =        21.6251  EPtot      =       -10.6338
 BOND   =         7.1096  ANGLE   =        14.5717  DIHED      =        19.8335
 1-4 NB =         5.0108  1-4 EEL =       117.6594  VDWAALS    =        -2.9019
 EELEC  =      -146.8794  EGB     =       -27.0146  RESTRAINT  =         0.0135
 ESURF=         1.9636
 EAMBER (non-restraint)  =       -10.6473
 ------------------------------------------------------------------------------

 NMR restraints: Bond =    0.000   Angle =     0.000   Torsion =     0.013
===============================================================================
| RE_POSITION Moving by  -1.043680  3.856053  2.312157

 NSTEP =   170000   TIME(PS) =    2340.000  TEMP(K) =   327.63  PRESS =     0.0
 Etot   =        14.0783  EKtot   =        25.7168  EPtot      =       -11.6385
 BOND   =         5.1135  ANGLE   =        12.6269  DIHED      =        20.6187
 1-4 NB =         5.1420  1-4 EEL =       120.8799  VDWAALS    =        -2.8914
 EELEC  =      -151.6335  EGB     =       -23.8443  RESTRAINT  =         0.3827
 ESURF=         1.9669
 EAMBER (non-restraint)  =       -12.0212
 ------------------------------------------------------------------------------

 NMR restraints: Bond =    0.000   Angle =     0.000   Torsion =     0.383
===============================================================================

 NSTEP =   175000   TIME(PS) =    2350.000  TEMP(K) =   307.80  PRESS =     0.0
 Etot   =        18.4976  EKtot   =        24.1608  EPtot      =        -5.6632
 BOND   =         5.0689  ANGLE   =        17.1476  DIHED      =        20.7949
 1-4 NB =         6.5909  1-4 EEL =       114.8567  VDWAALS    =        -2.9199
 EELEC  =      -144.6881  EGB     =       -24.5094  RESTRAINT  =         0.0025
 ESURF=         1.9926
 EAMBER (non-restraint)  =        -5.6657
 ------------------------------------------------------------------------------

 NMR restraints: Bond =    0.000   Angle =     0.000   Torsion =     0.003
===============================================================================
| RE_POSITION Moving by  -4.802947  2.056567 -5.551826

 NSTEP =   180000   TIME(PS) =    2360.000  TEMP(K) =   310.15  PRESS =     0.0
 Etot   =        10.2770  EKtot   =        24.3448  EPtot      =       -14.0678
 BOND   =         2.8093  ANGLE   =        14.4504  DIHED      =        18.9239
 1-4 NB =         5.4648  1-4 EEL =       118.0367  VDWAALS    =        -3.3098
 EELEC  =      -148.4561  EGB     =       -24.0160  RESTRAINT  =         0.0417
 ESURF=         1.9872
 EAMBER (non-restraint)  =       -14.1095
 ------------------------------------------------------------------------------

 NMR restraints: Bond =    0.000   Angle =     0.000   Torsion =     0.042
===============================================================================

 NSTEP =   185000   TIME(PS) =    2370.000  TEMP(K) =   274.57  PRESS =     0.0
 Etot   =         9.7607  EKtot   =        21.5525  EPtot      =       -11.7917
 BOND   =         9.3301  ANGLE   =        11.9669  DIHED      =        22.2228
 1-4 NB =         3.8962  1-4 EEL =       111.4412  VDWAALS    =        -3.8078
 EELEC  =      -141.2586  EGB     =       -27.6641  RESTRAINT  =         0.0900
 ESURF=         1.9915
 EAMBER (non-restraint)  =       -11.8817
 ------------------------------------------------------------------------------

 NMR restraints: Bond =    0.000   Angle =     0.000   Torsion =     0.090
===============================================================================
| RE_POSITION Moving by   0.823960  6.080911  0.259255

 NSTEP =   190000   TIME(PS) =    2380.000  TEMP(K) =   343.56  PRESS =     0.0
 Etot   =        16.8306  EKtot   =        26.9674  EPtot      =       -10.1368
 BOND   =         4.1008  ANGLE   =        17.1028  DIHED      =        19.0292
 1-4 NB =         3.7682  1-4 EEL =       116.9599  VDWAALS    =        -2.9897
 EELEC  =      -147.0719  EGB     =       -23.1859  RESTRAINT  =         0.1094
 ESURF=         2.0403
 EAMBER (non-restraint)  =       -10.2462
 ------------------------------------------------------------------------------

 NMR restraints: Bond =    0.000   Angle =     0.000   Torsion =     0.109
===============================================================================

 NSTEP =   195000   TIME(PS) =    2390.000  TEMP(K) =   301.73  PRESS =     0.0
 Etot   =        10.4670  EKtot   =        23.6840  EPtot      =       -13.2170
 BOND   =         3.9743  ANGLE   =        16.3227  DIHED      =        18.8458
 1-4 NB =         4.3980  1-4 EEL =       117.2121  VDWAALS    =        -3.0480
 EELEC  =      -143.2904  EGB     =       -29.7016  RESTRAINT  =         0.0983
 ESURF=         1.9718
 EAMBER (non-restraint)  =       -13.3153
 ------------------------------------------------------------------------------

 NMR restraints: Bond =    0.000   Angle =     0.000   Torsion =     0.098
===============================================================================
| RE_POSITION Moving by  -0.525684  5.541874 -2.356813

 NSTEP =   200000   TIME(PS) =    2400.000  TEMP(K) =   298.23  PRESS =     0.0
 Etot   =        12.0858  EKtot   =        23.4095  EPtot      =       -11.3237
 BOND   =         2.8167  ANGLE   =        17.8745  DIHED      =        18.3202
 1-4 NB =         4.8522  1-4 EEL =       122.7333  VDWAALS    =        -2.5249
 EELEC  =      -150.2714  EGB     =       -27.0801  RESTRAINT  =         0.0004
 ESURF=         1.9553
 EAMBER (non-restraint)  =       -11.3241
 ------------------------------------------------------------------------------

 NMR restraints: Bond =    0.000   Angle =     0.000   Torsion =     0.000
===============================================================================

 NSTEP =   205000   TIME(PS) =    2410.000  TEMP(K) =   395.49  PRESS =     0.0
 Etot   =        18.1145  EKtot   =        31.0435  EPtot      =       -12.9290
 BOND   =         4.7205  ANGLE   =        14.2095  DIHED      =        19.2100
 1-4 NB =         5.4821  1-4 EEL =       118.8517  VDWAALS    =        -3.6920
 EELEC  =      -151.1907  EGB     =       -22.9803  RESTRAINT  =         0.4727
 ESURF=         1.9876
 EAMBER (non-restraint)  =       -13.4017
 ------------------------------------------------------------------------------

 NMR restraints: Bond =    0.000   Angle =     0.000   Torsion =     0.473
===============================================================================
| RE_POSITION Moving by  -0.419667 11.840105 -1.687755

 NSTEP =   210000   TIME(PS) =    2420.000  TEMP(K) =   261.00  PRESS =     0.0
 Etot   =         5.7066  EKtot   =        20.4869  EPtot      =       -14.7803
 BOND   =         3.3520  ANGLE   =        12.5285  DIHED      =        19.3427
 1-4 NB =         5.5937  1-4 EEL =       116.1062  VDWAALS    =        -3.3164
 EELEC  =      -145.6358  EGB     =       -24.7951  RESTRAINT  =         0.0330
 ESURF=         2.0110
 EAMBER (non-restraint)  =       -14.8133
 ------------------------------------------------------------------------------

 NMR restraints: Bond =    0.000   Angle =     0.000   Torsion =     0.033
===============================================================================

 NSTEP =   215000   TIME(PS) =    2430.000  TEMP(K) =   359.79  PRESS =     0.0
 Etot   =        19.3551  EKtot   =        28.2411  EPtot      =        -8.8860
 BOND   =         3.2041  ANGLE   =        14.3511  DIHED      =        22.5937
 1-4 NB =         5.4507  1-4 EEL =       122.9279  VDWAALS    =        -3.9103
 EELEC  =      -153.9694  EGB     =       -21.5247  RESTRAINT  =         0.0209
 ESURF=         1.9699
 EAMBER (non-restraint)  =        -8.9069
 ------------------------------------------------------------------------------

 NMR restraints: Bond =    0.000   Angle =     0.000   Torsion =     0.021
===============================================================================
| RE_POSITION Moving by   2.586060  4.229971 -2.013788

 NSTEP =   220000   TIME(PS) =    2440.000  TEMP(K) =   276.71  PRESS =     0.0
 Etot   =         7.2585  EKtot   =        21.7203  EPtot      =       -14.4618
 BOND   =         6.4935  ANGLE   =         9.7066  DIHED      =        21.8793
 1-4 NB =         4.7211  1-4 EEL =       118.5657  VDWAALS    =        -3.7590
 EELEC  =      -151.7184  EGB     =       -22.7483  RESTRAINT  =         0.4110
 ESURF=         1.9867
 EAMBER (non-restraint)  =       -14.8728
 ------------------------------------------------------------------------------

 NMR restraints: Bond =    0.000   Angle =     0.000   Torsion =     0.411
===============================================================================

 NSTEP =   225000   TIME(PS) =    2450.000  TEMP(K) =   327.73  PRESS =     0.0
 Etot   =         8.3095  EKtot   =        25.7245  EPtot      =       -17.4150
 BOND   =         7.9855  ANGLE   =        10.5632  DIHED      =        16.5739
 1-4 NB =         5.2913  1-4 EEL =       117.5131  VDWAALS    =        -3.2089
 EELEC  =      -147.4706  EGB     =       -26.6943  RESTRAINT  =         0.0627
 ESURF=         1.9692
 EAMBER (non-restraint)  =       -17.4776
 ------------------------------------------------------------------------------

 NMR restraints: Bond =    0.000   Angle =     0.000   Torsion =     0.063
===============================================================================
| RE_POSITION Moving by   1.831518  3.855630  1.726400

 NSTEP =   230000   TIME(PS) =    2460.000  TEMP(K) =   269.33  PRESS =     0.0
 Etot   =         8.2802  EKtot   =        21.1410  EPtot      =       -12.8608
 BOND   =         5.2958  ANGLE   =        15.9405  DIHED      =        17.7288
 1-4 NB =         4.9849  1-4 EEL =       114.1220  VDWAALS    =        -3.1144
 EELEC  =      -144.7700  EGB     =       -25.0300  RESTRAINT  =         0.0011
 ESURF=         1.9806
 EAMBER (non-restraint)  =       -12.8619
 ------------------------------------------------------------------------------

 NMR restraints: Bond =    0.000   Angle =     0.000   Torsion =     0.001
===============================================================================

 NSTEP =   235000   TIME(PS) =    2470.000  TEMP(K) =   272.96  PRESS =     0.0
 Etot   =         7.9171  EKtot   =        21.4257  EPtot      =       -13.5086
 BOND   =         7.1136  ANGLE   =        11.2332  DIHED      =        19.8681
 1-4 NB =         4.3743  1-4 EEL =       115.0977  VDWAALS    =        -3.0790
 EELEC  =      -146.7865  EGB     =       -24.2209  RESTRAINT  =         0.8652
 ESURF=         2.0256
 EAMBER (non-restraint)  =       -14.3738
 ------------------------------------------------------------------------------

 NMR restraints: Bond =    0.000   Angle =     0.000   Torsion =     0.865
===============================================================================
| RE_POSITION Moving by  -8.203528  0.546096 -2.609979

 NSTEP =   240000   TIME(PS) =    2480.000  TEMP(K) =   230.66  PRESS =     0.0
 Etot   =         9.2686  EKtot   =        18.1053  EPtot      =        -8.8366
 BOND   =         3.6973  ANGLE   =        15.3585  DIHED      =        20.1271
 1-4 NB =         6.1080  1-4 EEL =       121.4293  VDWAALS    =        -3.1418
 EELEC  =      -152.7822  EGB     =       -21.6484  RESTRAINT  =         0.0001
 ESURF=         2.0154
 EAMBER (non-restraint)  =        -8.8367
 ------------------------------------------------------------------------------

 NMR restraints: Bond =    0.000   Angle =     0.000   Torsion =     0.000
===============================================================================

 NSTEP =   245000   TIME(PS) =    2490.000  TEMP(K) =   303.40  PRESS =     0.0
 Etot   =        17.7967  EKtot   =        23.8152  EPtot      =        -6.0185
 BOND   =         7.3878  ANGLE   =        13.9775  DIHED      =        21.5782
 1-4 NB =         5.5604  1-4 EEL =       118.1819  VDWAALS    =        -2.9629
 EELEC  =      -151.7181  EGB     =       -21.9592  RESTRAINT  =         1.9028
 ESURF=         2.0330
 EAMBER (non-restraint)  =        -7.9213
 ------------------------------------------------------------------------------

 NMR restraints: Bond =    0.000   Angle =     0.000   Torsion =     1.903
===============================================================================
| RE_POSITION Moving by  -3.117908  2.872979 -3.768487

 NSTEP =   250000   TIME(PS) =    2500.000  TEMP(K) =   299.82  PRESS =     0.0
 Etot   =        10.9656  EKtot   =        23.5337  EPtot      =       -12.5681
 BOND   =         6.0700  ANGLE   =        15.7449  DIHED      =        19.1556
 1-4 NB =         3.8468  1-4 EEL =       117.8853  VDWAALS    =        -3.8674
 EELEC  =      -148.4954  EGB     =       -25.0262  RESTRAINT  =         0.1375
 ESURF=         1.9808
 EAMBER (non-restraint)  =       -12.7057
 ------------------------------------------------------------------------------

 NMR restraints: Bond =    0.000   Angle =     0.000   Torsion =     0.138
===============================================================================

 NSTEP =   255000   TIME(PS) =    2510.000  TEMP(K) =   322.58  PRESS =     0.0
 Etot   =        15.6834  EKtot   =        25.3210  EPtot      =        -9.6376
 BOND   =         5.8246  ANGLE   =        14.8060  DIHED      =        19.8965
 1-4 NB =         5.2704  1-4 EEL =       117.6794  VDWAALS    =        -2.8208
 EELEC  =      -146.5402  EGB     =       -25.8623  RESTRAINT  =         0.0981
 ESURF=         2.0106
 EAMBER (non-restraint)  =        -9.7357
 ------------------------------------------------------------------------------

 NMR restraints: Bond =    0.000   Angle =     0.000   Torsion =     0.098
===============================================================================
| RE_POSITION Moving by  -4.580348  4.978467  4.954824

 NSTEP =   260000   TIME(PS) =    2520.000  TEMP(K) =   319.23  PRESS =     0.0
 Etot   =         8.4452  EKtot   =        25.0579  EPtot      =       -16.6127
 BOND   =         4.1295  ANGLE   =         9.1147  DIHED      =        20.4739
 1-4 NB =         4.8193  1-4 EEL =       118.4602  VDWAALS    =        -3.0914
 EELEC  =      -148.5396  EGB     =       -24.0535  RESTRAINT  =         0.0626
 ESURF=         2.0115
 EAMBER (non-restraint)  =       -16.6753
 ------------------------------------------------------------------------------

 NMR restraints: Bond =    0.000   Angle =     0.000   Torsion =     0.063
===============================================================================

 NSTEP =   265000   TIME(PS) =    2530.000  TEMP(K) =   235.21  PRESS =     0.0
 Etot   =         6.9613  EKtot   =        18.4622  EPtot      =       -11.5010
 BOND   =         9.2146  ANGLE   =        11.7534  DIHED      =        19.9252
 1-4 NB =         5.1816  1-4 EEL =       118.3640  VDWAALS    =        -3.3735
 EELEC  =      -149.5386  EGB     =       -25.0246  RESTRAINT  =         0.0161
 ESURF=         1.9809
 EAMBER (non-restraint)  =       -11.5171
 ------------------------------------------------------------------------------

 NMR restraints: Bond =    0.000   Angle =     0.000   Torsion =     0.016
===============================================================================
| RE_POSITION Moving by   6.388866  6.014610 -5.226589

 NSTEP =   270000   TIME(PS) =    2540.000  TEMP(K) =   363.65  PRESS =     0.0
 Etot   =        14.5342  EKtot   =        28.5447  EPtot      =       -14.0105
 BOND   =         3.6333  ANGLE   =        11.6953  DIHED      =        20.7550
 1-4 NB =         5.2089  1-4 EEL =       121.2426  VDWAALS    =        -3.5908
 EELEC  =      -151.5547  EGB     =       -23.4209  RESTRAINT  =         0.0417
 ESURF=         1.9792
 EAMBER (non-restraint)  =       -14.0522
 ------------------------------------------------------------------------------

 NMR restraints: Bond =    0.000   Angle =     0.000   Torsion =     0.042
===============================================================================

 NSTEP =   275000   TIME(PS) =    2550.000  TEMP(K) =   255.64  PRESS =     0.0
 Etot   =         5.9599  EKtot   =        20.0666  EPtot      =       -14.1067
 BOND   =         6.0011  ANGLE   =        12.8109  DIHED      =        19.4086
 1-4 NB =         4.6847  1-4 EEL =       119.8305  VDWAALS    =        -3.8216
 EELEC  =      -148.2140  EGB     =       -27.0313  RESTRAINT  =         0.2606
 ESURF=         1.9638
 EAMBER (non-restraint)  =       -14.3673
 ------------------------------------------------------------------------------

 NMR restraints: Bond =    0.000   Angle =     0.000   Torsion =     0.261
===============================================================================
| RE_POSITION Moving by   0.099102  7.049478 -5.487733

 NSTEP =   280000   TIME(PS) =    2560.000  TEMP(K) =   261.53  PRESS =     0.0
 Etot   =        10.1321  EKtot   =        20.5285  EPtot      =       -10.3964
 BOND   =         8.3413  ANGLE   =        13.6579  DIHED      =        17.6751
 1-4 NB =         5.6649  1-4 EEL =       120.7723  VDWAALS    =        -2.3091
 EELEC  =      -148.4167  EGB     =       -27.7515  RESTRAINT  =         0.0034
 ESURF=         1.9660
 EAMBER (non-restraint)  =       -10.3998
 ------------------------------------------------------------------------------

 NMR restraints: Bond =    0.000   Angle =     0.000   Torsion =     0.003
===============================================================================

 NSTEP =   285000   TIME(PS) =    2570.000  TEMP(K) =   299.74  PRESS =     0.0
 Etot   =        14.1342  EKtot   =        23.5275  EPtot      =        -9.3934
 BOND   =         5.0665  ANGLE   =        13.2120  DIHED      =        20.1986
 1-4 NB =         6.8081  1-4 EEL =       120.5135  VDWAALS    =        -1.9966
 EELEC  =      -152.4926  EGB     =       -22.7550  RESTRAINT  =         0.0679
 ESURF=         1.9842
 EAMBER (non-restraint)  =        -9.4613
 ------------------------------------------------------------------------------

 NMR restraints: Bond =    0.000   Angle =     0.000   Torsion =     0.068
===============================================================================
| RE_POSITION Moving by  -2.784748 -1.316366 -2.281019

 NSTEP =   290000   TIME(PS) =    2580.000  TEMP(K) =   229.76  PRESS =     0.0
 Etot   =         5.8544  EKtot   =        18.0345  EPtot      =       -12.1801
 BOND   =         4.1662  ANGLE   =        13.7003  DIHED      =        18.4920
 1-4 NB =         6.4157  1-4 EEL =       123.1988  VDWAALS    =        -2.9593
 EELEC  =      -152.7814  EGB     =       -24.4506  RESTRAINT  =         0.0705
 ESURF=         1.9677
 EAMBER (non-restraint)  =       -12.2506
 ------------------------------------------------------------------------------

 NMR restraints: Bond =    0.000   Angle =     0.000   Torsion =     0.070
===============================================================================

 NSTEP =   295000   TIME(PS) =    2590.000  TEMP(K) =   355.05  PRESS =     0.0
 Etot   =        11.4257  EKtot   =        27.8694  EPtot      =       -16.4437
 BOND   =         3.6203  ANGLE   =         9.0839  DIHED      =        21.8634
 1-4 NB =         6.0117  1-4 EEL =       120.1145  VDWAALS    =        -3.5468
 EELEC  =      -151.7996  EGB     =       -23.7669  RESTRAINT  =         0.0075
 ESURF=         1.9682
 EAMBER (non-restraint)  =       -16.4512
 ------------------------------------------------------------------------------

 NMR restraints: Bond =    0.000   Angle =     0.000   Torsion =     0.008
===============================================================================
| RE_POSITION Moving by   1.203922  6.455561  0.816298

 NSTEP =   300000   TIME(PS) =    2600.000  TEMP(K) =   297.26  PRESS =     0.0
 Etot   =        10.9350  EKtot   =        23.3335  EPtot      =       -12.3985
 BOND   =         6.4639  ANGLE   =         9.7150  DIHED      =        19.6565
 1-4 NB =         6.1456  1-4 EEL =       122.2883  VDWAALS    =        -3.0844
 EELEC  =      -152.4518  EGB     =       -23.1205  RESTRAINT  =         0.0057
 ESURF=         1.9831
 EAMBER (non-restraint)  =       -12.4042
 ------------------------------------------------------------------------------

 NMR restraints: Bond =    0.000   Angle =     0.000   Torsion =     0.006
===============================================================================

 NSTEP =   305000   TIME(PS) =    2610.000  TEMP(K) =   258.46  PRESS =     0.0
 Etot   =        14.7167  EKtot   =        20.2873  EPtot      =        -5.5707
 BOND   =         7.4056  ANGLE   =        15.2383  DIHED      =        20.8449
 1-4 NB =         4.6402  1-4 EEL =       115.5022  VDWAALS    =        -2.1696
 EELEC  =      -146.9212  EGB     =       -22.9887  RESTRAINT  =         0.8350
 ESURF=         2.0427
 EAMBER (non-restraint)  =        -6.4057
 ------------------------------------------------------------------------------

 NMR restraints: Bond =    0.000   Angle =     0.000   Torsion =     0.835
===============================================================================
| RE_POSITION Moving by   5.698886 -3.571846 -2.329014

 NSTEP =   310000   TIME(PS) =    2620.000  TEMP(K) =   320.44  PRESS =     0.0
 Etot   =        16.6922  EKtot   =        25.1528  EPtot      =        -8.4606
 BOND   =         4.0368  ANGLE   =        20.1344  DIHED      =        17.6881
 1-4 NB =         4.4114  1-4 EEL =       112.2207  VDWAALS    =        -2.6808
 EELEC  =      -143.8966  EGB     =       -22.5731  RESTRAINT  =         0.1640
 ESURF=         2.0346
 EAMBER (non-restraint)  =        -8.6246
 ------------------------------------------------------------------------------

 NMR restraints: Bond =    0.000   Angle =     0.000   Torsion =     0.164
===============================================================================

 NSTEP =   315000   TIME(PS) =    2630.000  TEMP(K) =   330.74  PRESS =     0.0
 Etot   =        12.1054  EKtot   =        25.9612  EPtot      =       -13.8558
 BOND   =         6.6658  ANGLE   =        11.6319  DIHED      =        18.5652
 1-4 NB =         4.3157  1-4 EEL =       118.3497  VDWAALS    =        -3.1681
 EELEC  =      -149.5168  EGB     =       -22.9990  RESTRAINT  =         0.2582
 ESURF=         2.0415
 EAMBER (non-restraint)  =       -14.1141
 ------------------------------------------------------------------------------

 NMR restraints: Bond =    0.000   Angle =     0.000   Torsion =     0.258
===============================================================================
| RE_POSITION Moving by  -0.193189 -1.738322 -4.061134

 NSTEP =   320000   TIME(PS) =    2640.000  TEMP(K) =   299.57  PRESS =     0.0
 Etot   =         9.1498  EKtot   =        23.5145  EPtot      =       -14.3646
 BOND   =         4.8443  ANGLE   =        13.5219  DIHED      =        19.6329
 1-4 NB =         4.9163  1-4 EEL =       117.2341  VDWAALS    =        -2.7328
 EELEC  =      -147.5491  EGB     =       -26.4343  RESTRAINT  =         0.2477
 ESURF=         1.9543
 EAMBER (non-restraint)  =       -14.6124
 ------------------------------------------------------------------------------

 NMR restraints: Bond =    0.000   Angle =     0.000   Torsion =     0.248
===============================================================================

 NSTEP =   325000   TIME(PS) =    2650.000  TEMP(K) =   207.93  PRESS =     0.0
 Etot   =         0.5278  EKtot   =        16.3216  EPtot      =       -15.7938
 BOND   =         3.2387  ANGLE   =        14.3472  DIHED      =        17.4023
 1-4 NB =         5.4514  1-4 EEL =       120.8189  VDWAALS    =        -3.7911
 EELEC  =      -148.0721  EGB     =       -27.1438  RESTRAINT  =         0.0075
 ESURF=         1.9471
 EAMBER (non-restraint)  =       -15.8014
 ------------------------------------------------------------------------------

 NMR restraints: Bond =    0.000   Angle =     0.000   Torsion =     0.008
===============================================================================
| RE_POSITION Moving by   1.225441 -1.427371  7.894552

 NSTEP =   330000   TIME(PS) =    2660.000  TEMP(K) =   299.60  PRESS =     0.0
 Etot   =        16.7919  EKtot   =        23.5171  EPtot      =        -6.7252
 BOND   =         6.3916  ANGLE   =        18.7304  DIHED      =        20.2884
 1-4 NB =         4.4687  1-4 EEL =       116.8515  VDWAALS    =        -3.9437
 EELEC  =      -146.2734  EGB     =       -25.2501  RESTRAINT  =         0.0370
 ESURF=         1.9744
 EAMBER (non-restraint)  =        -6.7622
 ------------------------------------------------------------------------------

 NMR restraints: Bond =    0.000   Angle =     0.000   Torsion =     0.037
===============================================================================

 NSTEP =   335000   TIME(PS) =    2670.000  TEMP(K) =   355.48  PRESS =     0.0
 Etot   =        14.3730  EKtot   =        27.9034  EPtot      =       -13.5303
 BOND   =         3.3712  ANGLE   =        13.7770  DIHED      =        19.8771
 1-4 NB =         5.3561  1-4 EEL =       114.6319  VDWAALS    =        -2.3731
 EELEC  =      -147.5308  EGB     =       -22.8205  RESTRAINT  =         0.1439
 ESURF=         2.0368
 EAMBER (non-restraint)  =       -13.6743
 ------------------------------------------------------------------------------

 NMR restraints: Bond =    0.000   Angle =     0.000   Torsion =     0.144
===============================================================================
| RE_POSITION Moving by   1.007959 -2.626633  0.024243

 NSTEP =   340000   TIME(PS) =    2680.000  TEMP(K) =   234.95  PRESS =     0.0
 Etot   =         3.3822  EKtot   =        18.4418  EPtot      =       -15.0596
 BOND   =         5.6842  ANGLE   =        13.5788  DIHED      =        20.1577
 1-4 NB =         4.1181  1-4 EEL =       113.1546  VDWAALS    =        -3.5366
 EELEC  =      -144.2540  EGB     =       -26.0503  RESTRAINT  =         0.1208
 ESURF=         1.9670
 EAMBER (non-restraint)  =       -15.1805
 ------------------------------------------------------------------------------

 NMR restraints: Bond =    0.000   Angle =     0.000   Torsion =     0.121
===============================================================================

 NSTEP =   345000   TIME(PS) =    2690.000  TEMP(K) =   287.16  PRESS =     0.0
 Etot   =         4.1557  EKtot   =        22.5402  EPtot      =       -18.3846
 BOND   =         5.6996  ANGLE   =         7.6132  DIHED      =        19.3046
 1-4 NB =         5.9925  1-4 EEL =       116.6483  VDWAALS    =        -1.5253
 EELEC  =      -152.8227  EGB     =       -21.7944  RESTRAINT  =         0.6196
 ESURF=         1.8799
 EAMBER (non-restraint)  =       -19.0042
 ------------------------------------------------------------------------------

 NMR restraints: Bond =    0.000   Angle =     0.000   Torsion =     0.620
===============================================================================
| RE_POSITION Moving by  -1.276121  2.060968 -0.617487

 NSTEP =   350000   TIME(PS) =    2700.000  TEMP(K) =   228.91  PRESS =     0.0
 Etot   =         7.0113  EKtot   =        17.9681  EPtot      =       -10.9568
 BOND   =         3.2747  ANGLE   =        16.7668  DIHED      =        18.5509
 1-4 NB =         6.3172  1-4 EEL =       118.9530  VDWAALS    =        -4.2932
 EELEC  =      -141.1214  EGB     =       -31.3266  RESTRAINT  =         0.0091
 ESURF=         1.9127
 EAMBER (non-restraint)  =       -10.9659
 ------------------------------------------------------------------------------

 NMR restraints: Bond =    0.000   Angle =     0.000   Torsion =     0.009
===============================================================================

 NSTEP =   355000   TIME(PS) =    2710.000  TEMP(K) =   353.73  PRESS =     0.0
 Etot   =        14.8519  EKtot   =        27.7654  EPtot      =       -12.9135
 BOND   =         4.1144  ANGLE   =        12.0707  DIHED      =        19.5096
 1-4 NB =         7.2698  1-4 EEL =       123.8327  VDWAALS    =        -3.4188
 EELEC  =      -155.0138  EGB     =       -23.2178  RESTRAINT  =         0.0024
 ESURF=         1.9374
 EAMBER (non-restraint)  =       -12.9159
 ------------------------------------------------------------------------------

 NMR restraints: Bond =    0.000   Angle =     0.000   Torsion =     0.002
===============================================================================
| RE_POSITION Moving by  -0.786834 -3.242252  3.252592

 NSTEP =   360000   TIME(PS) =    2720.000  TEMP(K) =   365.55  PRESS =     0.0
 Etot   =        20.2421  EKtot   =        28.6937  EPtot      =        -8.4516
 BOND   =         5.8488  ANGLE   =        15.5255  DIHED      =        19.2480
 1-4 NB =         6.7791  1-4 EEL =       123.2392  VDWAALS    =        -3.2295
 EELEC  =      -150.5321  EGB     =       -27.3588  RESTRAINT  =         0.0723
 ESURF=         1.9557
 EAMBER (non-restraint)  =        -8.5239
 ------------------------------------------------------------------------------

 NMR restraints: Bond =    0.000   Angle =     0.000   Torsion =     0.072
===============================================================================

 NSTEP =   365000   TIME(PS) =    2730.000  TEMP(K) =   302.50  PRESS =     0.0
 Etot   =        20.3619  EKtot   =        23.7447  EPtot      =        -3.3828
 BOND   =         5.2991  ANGLE   =        22.6190  DIHED      =        19.3954
 1-4 NB =         4.5114  1-4 EEL =       119.9405  VDWAALS    =        -2.8758
 EELEC  =      -149.1867  EGB     =       -25.8496  RESTRAINT  =         0.7604
 ESURF=         2.0035
 EAMBER (non-restraint)  =        -4.1432
 ------------------------------------------------------------------------------

 NMR restraints: Bond =    0.000   Angle =     0.000   Torsion =     0.760
===============================================================================
| RE_POSITION Moving by -11.331320  0.360702  2.091583

 NSTEP =   370000   TIME(PS) =    2740.000  TEMP(K) =   330.72  PRESS =     0.0
 Etot   =        13.2055  EKtot   =        25.9597  EPtot      =       -12.7542
 BOND   =         5.7899  ANGLE   =        12.9118  DIHED      =        19.9853
 1-4 NB =         5.5096  1-4 EEL =       111.7983  VDWAALS    =        -3.0793
 EELEC  =      -142.1424  EGB     =       -25.5300  RESTRAINT  =         0.0018
 ESURF=         2.0007
 EAMBER (non-restraint)  =       -12.7560
 ------------------------------------------------------------------------------

 NMR restraints: Bond =    0.000   Angle =     0.000   Torsion =     0.002
===============================================================================

 NSTEP =   375000   TIME(PS) =    2750.000  TEMP(K) =   392.87  PRESS =     0.0
 Etot   =        22.2808  EKtot   =        30.8382  EPtot      =        -8.5574
 BOND   =         6.8556  ANGLE   =        15.6101  DIHED      =        19.3777
 1-4 NB =         5.5912  1-4 EEL =       118.7264  VDWAALS    =        -3.1020
 EELEC  =      -148.9863  EGB     =       -24.6311  RESTRAINT  =         0.0108
 ESURF=         1.9902
 EAMBER (non-restraint)  =        -8.5682
 ------------------------------------------------------------------------------

 NMR restraints: Bond =    0.000   Angle =     0.000   Torsion =     0.011
===============================================================================
| RE_POSITION Moving by  -5.471885 -5.487821 -2.297217

 NSTEP =   380000   TIME(PS) =    2760.000  TEMP(K) =   233.71  PRESS =     0.0
 Etot   =         6.6627  EKtot   =        18.3452  EPtot      =       -11.6825
 BOND   =         3.7281  ANGLE   =        13.0992  DIHED      =        18.8181
 1-4 NB =         6.2620  1-4 EEL =       117.2376  VDWAALS    =        -1.1375
 EELEC  =      -144.4666  EGB     =       -27.3580  RESTRAINT  =         0.1405
 ESURF=         1.9941
 EAMBER (non-restraint)  =       -11.8230
 ------------------------------------------------------------------------------

 NMR restraints: Bond =    0.000   Angle =     0.000   Torsion =     0.140
===============================================================================

 NSTEP =   385000   TIME(PS) =    2770.000  TEMP(K) =   237.61  PRESS =     0.0
 Etot   =        10.3006  EKtot   =        18.6513  EPtot      =        -8.3506
 BOND   =         4.0035  ANGLE   =        16.3540  DIHED      =        20.1640
 1-4 NB =         5.5646  1-4 EEL =       123.2195  VDWAALS    =        -1.7001
 EELEC  =      -153.9525  EGB     =       -24.0555  RESTRAINT  =         0.0592
 ESURF=         1.9925
 EAMBER (non-restraint)  =        -8.4099
 ------------------------------------------------------------------------------

 NMR restraints: Bond =    0.000   Angle =     0.000   Torsion =     0.059
===============================================================================
| RE_POSITION Moving by  -3.898092 -0.080783  4.251512

 NSTEP =   390000   TIME(PS) =    2780.000  TEMP(K) =   257.91  PRESS =     0.0
 Etot   =         5.3739  EKtot   =        20.2447  EPtot      =       -14.8709
 BOND   =         6.8012  ANGLE   =        12.9829  DIHED      =        17.5041
 1-4 NB =         3.3442  1-4 EEL =       113.1562  VDWAALS    =        -2.8436
 EELEC  =      -143.8747  EGB     =       -24.0632  RESTRAINT  =         0.0921
 ESURF=         2.0300
 EAMBER (non-restraint)  =       -14.9630
 ------------------------------------------------------------------------------

 NMR restraints: Bond =    0.000   Angle =     0.000   Torsion =     0.092
===============================================================================

 NSTEP =   395000   TIME(PS) =    2790.000  TEMP(K) =   281.31  PRESS =     0.0
 Etot   =         9.1303  EKtot   =        22.0813  EPtot      =       -12.9510
 BOND   =         5.9818  ANGLE   =        14.1785  DIHED      =        20.4806
 1-4 NB =         3.6532  1-4 EEL =       120.7157  VDWAALS    =        -3.7873
 EELEC  =      -151.0596  EGB     =       -25.3773  RESTRAINT  =         0.2774
 ESURF=         1.9860
 EAMBER (non-restraint)  =       -13.2285
 ------------------------------------------------------------------------------

 NMR restraints: Bond =    0.000   Angle =     0.000   Torsion =     0.277
===============================================================================
| RE_POSITION Moving by   4.115968 -7.254131 -0.713625

 NSTEP =   400000   TIME(PS) =    2800.000  TEMP(K) =   300.88  PRESS =     0.0
 Etot   =        14.1368  EKtot   =        23.6175  EPtot      =        -9.4807
 BOND   =         6.0188  ANGLE   =        12.9857  DIHED      =        21.4665
 1-4 NB =         5.3740  1-4 EEL =       111.1003  VDWAALS    =        -1.9152
 EELEC  =      -140.9233  EGB     =       -25.6998  RESTRAINT  =         0.0907
 ESURF=         2.0217
 EAMBER (non-restraint)  =        -9.5714
 ------------------------------------------------------------------------------

 NMR restraints: Bond =    0.000   Angle =     0.000   Torsion =     0.091
===============================================================================

 NSTEP =   405000   TIME(PS) =    2810.000  TEMP(K) =   276.99  PRESS =     0.0
 Etot   =        10.5345  EKtot   =        21.7419  EPtot      =       -11.2075
 BOND   =         7.4650  ANGLE   =        15.8124  DIHED      =        18.6757
 1-4 NB =         4.5627  1-4 EEL =       113.8589  VDWAALS    =        -3.6481
 EELEC  =      -142.1803  EGB     =       -27.9302  RESTRAINT  =         0.2203
 ESURF=         1.9560
 EAMBER (non-restraint)  =       -11.4278
 ------------------------------------------------------------------------------

 NMR restraints: Bond =    0.000   Angle =     0.000   Torsion =     0.220
===============================================================================
| RE_POSITION Moving by  -1.294986 -0.463572 -2.199057

 NSTEP =   410000   TIME(PS) =    2820.000  TEMP(K) =   321.64  PRESS =     0.0
 Etot   =        17.1987  EKtot   =        25.2469  EPtot      =        -8.0482
 BOND   =         7.3334  ANGLE   =        18.2055  DIHED      =        21.0670
 1-4 NB =         4.6801  1-4 EEL =       110.6860  VDWAALS    =        -3.5068
 EELEC  =      -145.3080  EGB     =       -23.2698  RESTRAINT  =         0.0866
 ESURF=         1.9779
 EAMBER (non-restraint)  =        -8.1348
 ------------------------------------------------------------------------------

 NMR restraints: Bond =    0.000   Angle =     0.000   Torsion =     0.087
===============================================================================

 NSTEP =   415000   TIME(PS) =    2830.000  TEMP(K) =   310.26  PRESS =     0.0
 Etot   =        15.5448  EKtot   =        24.3539  EPtot      =        -8.8091
 BOND   =         6.8113  ANGLE   =        15.4670  DIHED      =        19.7238
 1-4 NB =         4.8080  1-4 EEL =       116.0500  VDWAALS    =        -2.7921
 EELEC  =      -145.5844  EGB     =       -25.4398  RESTRAINT  =         0.1722
 ESURF=         1.9751
 EAMBER (non-restraint)  =        -8.9814
 ------------------------------------------------------------------------------

 NMR restraints: Bond =    0.000   Angle =     0.000   Torsion =     0.172
===============================================================================
| RE_POSITION Moving by  -3.588308 -0.872986  4.797422

 NSTEP =   420000   TIME(PS) =    2840.000  TEMP(K) =   312.20  PRESS =     0.0
 Etot   =         9.3965  EKtot   =        24.5061  EPtot      =       -15.1096
 BOND   =         3.8294  ANGLE   =        18.0429  DIHED      =        17.5840
 1-4 NB =         3.7987  1-4 EEL =       112.0857  VDWAALS    =        -2.1597
 EELEC  =      -145.2888  EGB     =       -24.9708  RESTRAINT  =         0.0012
 ESURF=         1.9677
 EAMBER (non-restraint)  =       -15.1108
 ------------------------------------------------------------------------------

 NMR restraints: Bond =    0.000   Angle =     0.000   Torsion =     0.001
===============================================================================

 NSTEP =   425000   TIME(PS) =    2850.000  TEMP(K) =   242.19  PRESS =     0.0
 Etot   =         5.9108  EKtot   =        19.0107  EPtot      =       -13.0999
 BOND   =         6.0108  ANGLE   =        12.8587  DIHED      =        17.5886
 1-4 NB =         5.3549  1-4 EEL =       114.4088  VDWAALS    =        -3.5051
 EELEC  =      -143.0603  EGB     =       -24.7846  RESTRAINT  =         0.0617
 ESURF=         1.9664
 EAMBER (non-restraint)  =       -13.1616
 ------------------------------------------------------------------------------

 NMR restraints: Bond =    0.000   Angle =     0.000   Torsion =     0.062
===============================================================================
| RE_POSITION Moving by  -2.341442 12.286110 -1.674938

 NSTEP =   430000   TIME(PS) =    2860.000  TEMP(K) =   307.91  PRESS =     0.0
 Etot   =         7.7711  EKtot   =        24.1694  EPtot      =       -16.3983
 BOND   =         5.3083  ANGLE   =        11.0915  DIHED      =        17.3790
 1-4 NB =         4.5697  1-4 EEL =       118.3996  VDWAALS    =        -3.5094
 EELEC  =      -147.7607  EGB     =       -23.9874  RESTRAINT  =         0.1167
 ESURF=         1.9945
 EAMBER (non-restraint)  =       -16.5151
 ------------------------------------------------------------------------------

 NMR restraints: Bond =    0.000   Angle =     0.000   Torsion =     0.117
===============================================================================

 NSTEP =   435000   TIME(PS) =    2870.000  TEMP(K) =   256.48  PRESS =     0.0
 Etot   =         6.0992  EKtot   =        20.1325  EPtot      =       -14.0333
 BOND   =         3.5660  ANGLE   =        15.8543  DIHED      =        18.4905
 1-4 NB =         6.1999  1-4 EEL =       116.0474  VDWAALS    =        -3.2636
 EELEC  =      -147.5275  EGB     =       -25.3563  RESTRAINT  =         0.0259
 ESURF=         1.9301
 EAMBER (non-restraint)  =       -14.0592
 ------------------------------------------------------------------------------

 NMR restraints: Bond =    0.000   Angle =     0.000   Torsion =     0.026
===============================================================================
| RE_POSITION Moving by   1.141481 -1.350868 -7.030876

 NSTEP =   440000   TIME(PS) =    2880.000  TEMP(K) =   351.45  PRESS =     0.0
 Etot   =        14.2594  EKtot   =        27.5864  EPtot      =       -13.3270
 BOND   =         1.7967  ANGLE   =        15.0544  DIHED      =        19.5849
 1-4 NB =         5.5307  1-4 EEL =       122.8578  VDWAALS    =        -3.2521
 EELEC  =      -153.1481  EGB     =       -24.9051  RESTRAINT  =         1.1761
 ESURF=         1.9776
 EAMBER (non-restraint)  =       -14.5031
 ------------------------------------------------------------------------------

 NMR restraints: Bond =    0.000   Angle =     0.000   Torsion =     1.176
===============================================================================

 NSTEP =   445000   TIME(PS) =    2890.000  TEMP(K) =   247.91  PRESS =     0.0
 Etot   =         6.4636  EKtot   =        19.4595  EPtot      =       -12.9959
 BOND   =         3.4801  ANGLE   =        16.2535  DIHED      =        17.0778
 1-4 NB =         5.7780  1-4 EEL =       117.1935  VDWAALS    =        -3.4479
 EELEC  =      -146.3800  EGB     =       -24.9828  RESTRAINT  =         0.0331
 ESURF=         1.9987
 EAMBER (non-restraint)  =       -13.0290
 ------------------------------------------------------------------------------

 NMR restraints: Bond =    0.000   Angle =     0.000   Torsion =     0.033
===============================================================================
| RE_POSITION Moving by  -1.922434 -2.184265  0.203750

 NSTEP =   450000   TIME(PS) =    2900.000  TEMP(K) =   315.00  PRESS =     0.0
 Etot   =         9.9336  EKtot   =        24.7258  EPtot      =       -14.7922
 BOND   =         4.1049  ANGLE   =        11.8910  DIHED      =        19.7456
 1-4 NB =         4.2769  1-4 EEL =       116.1867  VDWAALS    =        -2.9617
 EELEC  =      -144.0510  EGB     =       -26.5744  RESTRAINT  =         0.5951
 ESURF=         1.9948
 EAMBER (non-restraint)  =       -15.3872
 ------------------------------------------------------------------------------

 NMR restraints: Bond =    0.000   Angle =     0.000   Torsion =     0.595
===============================================================================

 NSTEP =   455000   TIME(PS) =    2910.000  TEMP(K) =   262.65  PRESS =     0.0
 Etot   =         9.4771  EKtot   =        20.6167  EPtot      =       -11.1396
 BOND   =         2.6537  ANGLE   =        15.3886  DIHED      =        18.9131
 1-4 NB =         5.5979  1-4 EEL =       122.4587  VDWAALS    =        -2.6574
 EELEC  =      -153.6716  EGB     =       -21.9331  RESTRAINT  =         0.0676
 ESURF=         2.0428
 EAMBER (non-restraint)  =       -11.2073
 ------------------------------------------------------------------------------

 NMR restraints: Bond =    0.000   Angle =     0.000   Torsion =     0.068
===============================================================================
| RE_POSITION Moving by  -3.707072  4.323489  3.752382

 NSTEP =   460000   TIME(PS) =    2920.000  TEMP(K) =   341.08  PRESS =     0.0
 Etot   =        12.8051  EKtot   =        26.7730  EPtot      =       -13.9679
 BOND   =         7.1469  ANGLE   =        12.0765  DIHED      =        17.9974
 1-4 NB =         4.4222  1-4 EEL =       119.9224  VDWAALS    =        -3.2123
 EELEC  =      -151.2826  EGB     =       -24.7923  RESTRAINT  =         1.7738
 ESURF=         1.9800
 EAMBER (non-restraint)  =       -15.7418
 ------------------------------------------------------------------------------

 NMR restraints: Bond =    0.000   Angle =     0.000   Torsion =     1.774
===============================================================================

 NSTEP =   465000   TIME(PS) =    2930.000  TEMP(K) =   327.76  PRESS =     0.0
 Etot   =        10.0888  EKtot   =        25.7272  EPtot      =       -15.6384
 BOND   =         3.9382  ANGLE   =        12.3715  DIHED      =        18.9777
 1-4 NB =         5.7688  1-4 EEL =       119.1654  VDWAALS    =        -2.8356
 EELEC  =      -152.6950  EGB     =       -22.3354  RESTRAINT  =         0.0018
 ESURF=         2.0041
 EAMBER (non-restraint)  =       -15.6403
 ------------------------------------------------------------------------------

 NMR restraints: Bond =    0.000   Angle =     0.000   Torsion =     0.002
===============================================================================
| RE_POSITION Moving by   1.665844 -4.533914  2.852442

 NSTEP =   470000   TIME(PS) =    2940.000  TEMP(K) =   253.79  PRESS =     0.0
 Etot   =        14.6626  EKtot   =        19.9207  EPtot      =        -5.2581
 BOND   =         5.3248  ANGLE   =        13.4942  DIHED      =        22.3020
 1-4 NB =         7.4416  1-4 EEL =       123.2126  VDWAALS    =        -3.0129
 EELEC  =      -151.5083  EGB     =       -24.4963  RESTRAINT  =         0.0334
 ESURF=         1.9509
 EAMBER (non-restraint)  =        -5.2915
 ------------------------------------------------------------------------------

 NMR restraints: Bond =    0.000   Angle =     0.000   Torsion =     0.033
===============================================================================

 NSTEP =   475000   TIME(PS) =    2950.000  TEMP(K) =   366.10  PRESS =     0.0
 Etot   =        18.4995  EKtot   =        28.7366  EPtot      =       -10.2371
 BOND   =         5.5862  ANGLE   =        18.0184  DIHED      =        18.5980
 1-4 NB =         3.6804  1-4 EEL =       116.2804  VDWAALS    =        -3.5854
 EELEC  =      -145.1838  EGB     =       -25.6711  RESTRAINT  =         0.0233
 ESURF=         2.0164
 EAMBER (non-restraint)  =       -10.2605
 ------------------------------------------------------------------------------

 NMR restraints: Bond =    0.000   Angle =     0.000   Torsion =     0.023
===============================================================================
| RE_POSITION Moving by   2.761023 -4.330611 -6.529704

 NSTEP =   480000   TIME(PS) =    2960.000  TEMP(K) =   245.09  PRESS =     0.0
 Etot   =        10.3768  EKtot   =        19.2384  EPtot      =        -8.8616
 BOND   =         7.2633  ANGLE   =        14.9345  DIHED      =        21.2530
 1-4 NB =         4.7110  1-4 EEL =       113.9782  VDWAALS    =        -3.3249
 EELEC  =      -146.7396  EGB     =       -23.0598  RESTRAINT  =         0.1200
 ESURF=         2.0027
 EAMBER (non-restraint)  =        -8.9816
 ------------------------------------------------------------------------------

 NMR restraints: Bond =    0.000   Angle =     0.000   Torsion =     0.120
===============================================================================

 NSTEP =   485000   TIME(PS) =    2970.000  TEMP(K) =   401.64  PRESS =     0.0
 Etot   =        19.7494  EKtot   =        31.5263  EPtot      =       -11.7769
 BOND   =         6.2435  ANGLE   =        10.2284  DIHED      =        18.4472
 1-4 NB =         7.0760  1-4 EEL =       121.6005  VDWAALS    =        -2.9792
 EELEC  =      -148.7047  EGB     =       -25.7645  RESTRAINT  =         0.1208
 ESURF=         1.9552
 EAMBER (non-restraint)  =       -11.8976
 ------------------------------------------------------------------------------

 NMR restraints: Bond =    0.000   Angle =     0.000   Torsion =     0.121
===============================================================================
| RE_POSITION Moving by   2.425576  3.699100 -7.274234

 NSTEP =   490000   TIME(PS) =    2980.000  TEMP(K) =   282.86  PRESS =     0.0
 Etot   =        15.8070  EKtot   =        22.2031  EPtot      =        -6.3960
 BOND   =         6.3124  ANGLE   =        14.9331  DIHED      =        18.5789
 1-4 NB =         7.7866  1-4 EEL =       121.3464  VDWAALS    =        -2.8442
 EELEC  =      -153.1920  EGB     =       -21.7169  RESTRAINT  =         0.4545
 ESURF=         1.9453
 EAMBER (non-restraint)  =        -6.8505
 ------------------------------------------------------------------------------

 NMR restraints: Bond =    0.000   Angle =     0.000   Torsion =     0.454
===============================================================================

 NSTEP =   495000   TIME(PS) =    2990.000  TEMP(K) =   337.45  PRESS =     0.0
 Etot   =        14.9272  EKtot   =        26.4875  EPtot      =       -11.5603
 BOND   =         6.6327  ANGLE   =        13.3370  DIHED      =        19.6689
 1-4 NB =         5.5186  1-4 EEL =       113.0519  VDWAALS    =        -3.3545
 EELEC  =      -144.1682  EGB     =       -24.2254  RESTRAINT  =         0.0025
 ESURF=         1.9762
 EAMBER (non-restraint)  =       -11.5628
 ------------------------------------------------------------------------------

 NMR restraints: Bond =    0.000   Angle =     0.000   Torsion =     0.003
===============================================================================
| RE_POSITION Moving by  -3.492947 -0.188866 -0.743906

 NSTEP =   500000   TIME(PS) =    3000.000  TEMP(K) =   334.88  PRESS =     0.0
 Etot   =        17.8601  EKtot   =        26.2863  EPtot      =        -8.4262
 BOND   =         4.7110  ANGLE   =        19.8736  DIHED      =        20.0896
 1-4 NB =         7.4607  1-4 EEL =       113.1509  VDWAALS    =        -3.9463
 EELEC  =      -148.8099  EGB     =       -22.8691  RESTRAINT  =         0.0071
 ESURF=         1.9062
 EAMBER (non-restraint)  =        -8.4333
 ------------------------------------------------------------------------------

 NMR restraints: Bond =    0.000   Angle =     0.000   Torsion =     0.007
===============================================================================

      A V E R A G E S   O V E R  500000 S T E P S


 NSTEP =   500000   TIME(PS) =    3000.000  TEMP(K) =   300.21  PRESS =     0.0
 Etot   =        11.6750  EKtot   =        23.5645  EPtot      =       -11.8895
 BOND   =         5.3247  ANGLE   =        13.8899  DIHED      =        19.6345
 1-4 NB =         5.1192  1-4 EEL =       117.9677  VDWAALS    =        -3.1082
 EELEC  =      -148.2564  EGB     =       -24.7471  RESTRAINT  =         0.3004
 ESURF=         1.9858
 EAMBER (non-restraint)  =       -12.1899
 ------------------------------------------------------------------------------

 NMR restraints: Bond =    0.000   Angle =     0.000   Torsion =     0.007
===============================================================================

      R M S  F L U C T U A T I O N S


 NSTEP =   500000   TIME(PS) =    3000.000  TEMP(K) =    47.40  PRESS =     0.0
 Etot   =         5.2238  EKtot   =         3.7207  EPtot      =         3.7219
 BOND   =         1.9511  ANGLE   =         2.9763  DIHED      =         1.5413
 1-4 NB =         0.9753  1-4 EEL =         2.9852  VDWAALS    =         0.5803
 EELEC  =         3.2745  EGB     =         1.8385  RESTRAINT  =         0.4255
 ESURF=         0.0302
 EAMBER (non-restraint)  =         3.2964
 ------------------------------------------------------------------------------


 NMR restraints on final step:


--------------------------------------------------------------------------------
   5.  TIMINGS
--------------------------------------------------------------------------------

|>>>>>>>>PROFILE of Average TIMES>>>>>>>>> 
|                Calc gb radii             27.26 ( 8.06% of Gen B)
|                Communicate gb radii     216.13 (63.91% of Gen B)
|                Calc gb diag              38.76 (11.46% of Gen B)
|                Calc gb off-diag          25.31 ( 7.49% of Gen B)
|                Surface area energy       30.04 ( 8.88% of Gen B)
|                Other                      0.67 ( 0.20% of Gen B)
|             Gen Born time            338.18 (100.0% of Nonbo)
|             IPS excludes               0.08 ( 0.02% of Nonbo)
|          Nonbond force            338.26 (29.22% of Force)
|          Bond/Angle/Dihedral       12.42 ( 1.07% of Force)
|          FRC Collect time         583.04 (50.37% of Force)
|          Other                    223.79 (19.33% of Force)
|       Force time              1157.50 (78.17% of Runmd)
|       Shake time                 1.66 ( 0.11% of Runmd)
|       Verlet update time       253.35 (17.11% of Runmd)
|       CRD distribute time       67.07 ( 4.53% of Runmd)
|       Other                      1.11 ( 0.07% of Runmd)
|    Runmd Time              1480.70 (100.0% of Total)
|    Other                      0.26 ( 0.02% of Total)
| Total time              1480.96 (100.0% of ALL  )

| Number of list builds   :          0

| Highest rstack allocated:          0
| Highest istack allocated:          0

| Final Performance Info:
| -----------------------------------------------------
| Average timings for all steps:
|     Elapsed(s) =    1480.70 Per Step(ms) =       2.96
|         ns/day =      58.35   seconds/ns =    1480.70
| -----------------------------------------------------

|           Job began  at 20:31:41.626  on 04/27/2013
|           Setup done at 20:31:41.901  on 04/27/2013
|           Run   done at 20:56:22.599  on 04/27/2013
|     wallclock() was called18500113 times
