
          -------------------------------------------------------
          Amber 12 SANDER                              2012
          -------------------------------------------------------

| Run on 04/27/2013 at 20:31:41
  [-O]verwriting output

File Assignments:
|  MDIN: run_54.in                                                             
| MDOUT: run_54.out                                                            
|INPCRD: ../eq2/run_54.rst                                                     
|  PARM: parm                                                                  
|RESTRT: run_54.rst                                                            
|  REFC: refc                                                                  
| MDVEL: mdvel                                                                 
|  MDEN: mden                                                                  
| MDCRD: run_54.nc                                                             
|MDINFO: mdinfo                                                                
|  MTMD: mtmd                                                                  
|INPDIP: inpdip                                                                
|RSTDIP: rstdip                                                                

|INPTRA: inptraj                                                               
|
 
 Here is the input file:
 
equilibration with restraint                                                   
 &cntrl                                                                        
   ig=536030,                                                                  
   irest=1, ntx=5,                                                             
   igb=8, gbsa=1,                                                              
   cut=9999.0, rgbmax=9998.0,                                                  
   ntc=2, ntf=1, tol=0.000001,                                                 
   ntt=3, gamma_ln=2.0, tempi=0.1,                                             
   ntb=0, nscm=10000,                                                          
   ioutfm=1,                                                                   
   nstlim=500000, dt=0.002,                                                    
   ntpr=5000, ntwx=5000, ntwv=0, ntwr=500000,                                  
   nmropt=1,                                                                   
 /                                                                             
 &wt                                                                           
  type='DUMPFREQ', istep1=5000,                                                
 /                                                                             
 &wt                                                                           
  type='END',                                                                  
 /                                                                             
DISANG=run_54.disang                                                           
DUMPAVE=run_54.dat                                                             
                                                                               

--------------------------------------------------------------------------------
   1.  RESOURCE   USE: 
--------------------------------------------------------------------------------

| Flags: MPI                                                                    
| New format PARM file being parsed.
| Version =    1.000 Date = 04/27/13 Time = 01:42:54
 NATOM  =      32 NTYPES =       7 NBONH =      17 MBONA  =      14
 NTHETH =      36 MTHETA =      18 NPHIH =      64 MPHIA  =      45
 NHPARM =       0 NPARM  =       0 NNB   =     152 NRES   =       4
 NBONA  =      14 NTHETA =      18 NPHIA =      45 NUMBND =      11
 NUMANG =      21 NPTRA  =      20 NATYP =       8 NPHB   =       0
 IFBOX  =       0 NMXRS  =      10 IFCAP =       0 NEXTRA =       0
 NCOPY  =       0

 Implicit solvent radii are ArgH and AspGluO modified Bondi2 radii (mbondi3)                                
 Replacing prmtop screening parameters with GBn2 (igb=8) values

|     Memory Use     Allocated
|     Real                2310
|     Hollerith            102
|     Integer            23012
|     Max Pairs              1
|     nblistReal             0
|     nblist Int             0
|       Total              108 kbytes

| Note: 1-4 EEL scale factors are being read from the topology file.

| Note: 1-4 VDW scale factors are being read from the topology file.
| Duplicated    0 dihedrals
| Duplicated    0 dihedrals

--------------------------------------------------------------------------------
   2.  CONTROL  DATA  FOR  THE  RUN
--------------------------------------------------------------------------------

ACE                                                                             

General flags:
     imin    =       0, nmropt  =       1

Nature and format of input:
     ntx     =       5, irest   =       1, ntrx    =       1

Nature and format of output:
     ntxo    =       1, ntpr    =    5000, ntrx    =       1, ntwr    =  500000
     iwrap   =       0, ntwx    =    5000, ntwv    =       0, ntwe    =       0
     ioutfm  =       1, ntwprt  =       0, idecomp =       0, rbornstat=      0

Potential function:
     ntf     =       1, ntb     =       0, igb     =       8, nsnb    =      25
     ipol    =       0, gbsa    =       1, iesp    =       0
     dielc   =   1.00000, cut     =9999.00000, intdiel =   1.00000
     saltcon =   0.00000, offset  =   0.19514, surften =   0.00500
     rdt     =   0.00000, rgbmax  =9998.00000  extdiel =  78.50000
     alpb  =        0
     gbalphaH  =   0.78844, gbbetaH   =   0.79870,  gbgammaH  =    0.43733
     gbalphaC  =   0.73376, gbbetaC   =   0.50638,  gbgammaC  =    0.20584
     gbalphaN  =   0.50336, gbbetaN   =   0.31683,  gbgammaN  =    0.19292
     gbalphaOS =   0.86781, gbbetaOS  =   0.87664,  gbgammaOS =    0.38788
     gbalphaP  =   1.00000, gbbetaP   =   0.80000,  gbgammaP  =    4.85100

Frozen or restrained atoms:
     ibelly  =       0, ntr     =       0

Molecular dynamics:
     nstlim  =    500000, nscm    =     10000, nrespa  =         1
     t       =   0.00000, dt      =   0.00200, vlimit  =  20.00000

Langevin dynamics temperature regulation:
     ig      =  536030
     temp0   = 300.00000, tempi   =   0.10000, gamma_ln=   2.00000

SHAKE:
     ntc     =       2, jfastw  =       0
     tol     =   0.00000

NMR refinement options:
     iscale  =       0, noeskp  =       1, ipnlty  =       1, mxsub   =       1
     scalm   = 100.00000, pencut  =   0.10000, tausw   =   0.10000

| MPI Timing options:
|      profile_mpi =        0
|  INFO: Old style inpcrd file read


--------------------------------------------------------------------------------
   3.  ATOMIC COORDINATES AND VELOCITIES
--------------------------------------------------------------------------------

ACE                                                                             
 begin time read from input coords =  2000.000 ps



           Begin reading energy term weight changes/NMR restraints
 WEIGHT CHANGES:
 DUMPFREQ   5000      0    0.000000    0.000000      0      0
                         ** No weight changes given **

 RESTRAINTS:
 Requested file redirections:
  DISANG    = run_54.disang
  DUMPAVE   = run_54.dat
 Restraints will be read from file: run_54.disang
Here are comments from the DISANG input file:

                       Number of restraints read =     1

                  Done reading weight changes/NMR restraints


 Number of triangulated 3-point waters found:        0
|  Atom division among processors:
|         0      16      32
|  Running AMBER/MPI version on    2 nodes


--------------------------------------------------------------------------------
   4.  RESULTS
--------------------------------------------------------------------------------

|  # of SOLUTE  degrees of freedom (RNDFP):      79.
|  # of SOLVENT degrees of freedom (RNDFS):       0.
|  NDFMIN =      79.     NUM_NOSHAKE =      0     CORRECTED RNDFP =      79.
|  TOTAL # of degrees of freedom (RNDF) =      79.

 NSTEP =     5000   TIME(PS) =    2010.000  TEMP(K) =   237.18  PRESS =     0.0
 Etot   =        25.8989  EKtot   =        18.6172  EPtot      =         7.2817
 BOND   =         7.8070  ANGLE   =        18.5918  DIHED      =        31.4830
 1-4 NB =         5.2481  1-4 EEL =       107.6443  VDWAALS    =        -3.1612
 EELEC  =      -134.4880  EGB     =       -27.9331  RESTRAINT  =         0.0922
 ESURF=         1.9976
 EAMBER (non-restraint)  =         7.1895
 ------------------------------------------------------------------------------

 NMR restraints: Bond =    0.000   Angle =     0.000   Torsion =     0.092
===============================================================================
| RE_POSITION Moving by  -3.321470 -1.226081  6.321742

 NSTEP =    10000   TIME(PS) =    2020.000  TEMP(K) =   314.94  PRESS =     0.0
 Etot   =        23.6457  EKtot   =        24.7208  EPtot      =        -1.0751
 BOND   =         3.3842  ANGLE   =        12.2956  DIHED      =        30.8907
 1-4 NB =         5.4069  1-4 EEL =       114.9814  VDWAALS    =        -2.7570
 EELEC  =      -143.5341  EGB     =       -24.3030  RESTRAINT  =         0.5661
 ESURF=         1.9941
 EAMBER (non-restraint)  =        -1.6413
 ------------------------------------------------------------------------------

 NMR restraints: Bond =    0.000   Angle =     0.000   Torsion =     0.566
===============================================================================

 NSTEP =    15000   TIME(PS) =    2030.000  TEMP(K) =   355.26  PRESS =     0.0
 Etot   =        28.5328  EKtot   =        27.8858  EPtot      =         0.6470
 BOND   =         3.9554  ANGLE   =        15.2767  DIHED      =        32.4596
 1-4 NB =         5.1428  1-4 EEL =       113.6407  VDWAALS    =        -3.2259
 EELEC  =      -144.3307  EGB     =       -24.2231  RESTRAINT  =         0.0009
 ESURF=         1.9506
 EAMBER (non-restraint)  =         0.6461
 ------------------------------------------------------------------------------

 NMR restraints: Bond =    0.000   Angle =     0.000   Torsion =     0.001
===============================================================================
| RE_POSITION Moving by  -1.293419  0.870919  7.811057

 NSTEP =    20000   TIME(PS) =    2040.000  TEMP(K) =   358.63  PRESS =     0.0
 Etot   =        24.5757  EKtot   =        28.1500  EPtot      =        -3.5744
 BOND   =         4.6730  ANGLE   =        12.4782  DIHED      =        30.9499
 1-4 NB =         4.0117  1-4 EEL =       109.1123  VDWAALS    =        -2.5719
 EELEC  =      -137.2252  EGB     =       -27.1490  RESTRAINT  =         0.1614
 ESURF=         1.9853
 EAMBER (non-restraint)  =        -3.7358
 ------------------------------------------------------------------------------

 NMR restraints: Bond =    0.000   Angle =     0.000   Torsion =     0.161
===============================================================================

 NSTEP =    25000   TIME(PS) =    2050.000  TEMP(K) =   245.70  PRESS =     0.0
 Etot   =        24.6996  EKtot   =        19.2858  EPtot      =         5.4138
 BOND   =         6.5798  ANGLE   =        16.9594  DIHED      =        32.9134
 1-4 NB =         2.8867  1-4 EEL =       107.1920  VDWAALS    =        -2.0303
 EELEC  =      -138.0028  EGB     =       -23.9449  RESTRAINT  =         0.8214
 ESURF=         2.0391
 EAMBER (non-restraint)  =         4.5924
 ------------------------------------------------------------------------------

 NMR restraints: Bond =    0.000   Angle =     0.000   Torsion =     0.821
===============================================================================
| RE_POSITION Moving by  -4.763366 -7.529335 -2.692987

 NSTEP =    30000   TIME(PS) =    2060.000  TEMP(K) =   335.25  PRESS =     0.0
 Etot   =        19.6628  EKtot   =        26.3153  EPtot      =        -6.6525
 BOND   =         3.7226  ANGLE   =        14.0783  DIHED      =        29.0857
 1-4 NB =         4.0232  1-4 EEL =       107.9178  VDWAALS    =        -2.7932
 EELEC  =      -138.5508  EGB     =       -26.2482  RESTRAINT  =         0.1159
 ESURF=         1.9962
 EAMBER (non-restraint)  =        -6.7684
 ------------------------------------------------------------------------------

 NMR restraints: Bond =    0.000   Angle =     0.000   Torsion =     0.116
===============================================================================

 NSTEP =    35000   TIME(PS) =    2070.000  TEMP(K) =   367.93  PRESS =     0.0
 Etot   =        28.6932  EKtot   =        28.8805  EPtot      =        -0.1873
 BOND   =         3.5781  ANGLE   =        17.2117  DIHED      =        30.7653
 1-4 NB =         5.5507  1-4 EEL =       111.2036  VDWAALS    =        -4.3788
 EELEC  =      -138.9596  EGB     =       -27.4187  RESTRAINT  =         0.3436
 ESURF=         1.9168
 EAMBER (non-restraint)  =        -0.5309
 ------------------------------------------------------------------------------

 NMR restraints: Bond =    0.000   Angle =     0.000   Torsion =     0.344
===============================================================================
| RE_POSITION Moving by   3.519721  8.658215 -2.966850

 NSTEP =    40000   TIME(PS) =    2080.000  TEMP(K) =   377.56  PRESS =     0.0
 Etot   =        30.3836  EKtot   =        29.6363  EPtot      =         0.7473
 BOND   =         7.0951  ANGLE   =        12.0347  DIHED      =        33.3947
 1-4 NB =         3.1498  1-4 EEL =       111.1674  VDWAALS    =        -3.5258
 EELEC  =      -137.4975  EGB     =       -27.0701  RESTRAINT  =         0.0001
 ESURF=         1.9989
 EAMBER (non-restraint)  =         0.7472
 ------------------------------------------------------------------------------

 NMR restraints: Bond =    0.000   Angle =     0.000   Torsion =     0.000
===============================================================================

 NSTEP =    45000   TIME(PS) =    2090.000  TEMP(K) =   292.05  PRESS =     0.0
 Etot   =        18.1623  EKtot   =        22.9240  EPtot      =        -4.7617
 BOND   =         3.0361  ANGLE   =        12.2541  DIHED      =        32.0472
 1-4 NB =         3.8438  1-4 EEL =       113.4788  VDWAALS    =        -3.6893
 EELEC  =      -140.7281  EGB     =       -26.9997  RESTRAINT  =         0.0598
 ESURF=         1.9355
 EAMBER (non-restraint)  =        -4.8215
 ------------------------------------------------------------------------------

 NMR restraints: Bond =    0.000   Angle =     0.000   Torsion =     0.060
===============================================================================
| RE_POSITION Moving by  -2.955611  0.631449  1.354513

 NSTEP =    50000   TIME(PS) =    2100.000  TEMP(K) =   292.11  PRESS =     0.0
 Etot   =        24.5771  EKtot   =        22.9289  EPtot      =         1.6483
 BOND   =         4.3221  ANGLE   =        15.6918  DIHED      =        30.3543
 1-4 NB =         3.9849  1-4 EEL =       113.3682  VDWAALS    =        -3.8728
 EELEC  =      -136.3512  EGB     =       -30.3892  RESTRAINT  =         2.6013
 ESURF=         1.9390
 EAMBER (non-restraint)  =        -0.9530
 ------------------------------------------------------------------------------

 NMR restraints: Bond =    0.000   Angle =     0.000   Torsion =     2.601
===============================================================================

 NSTEP =    55000   TIME(PS) =    2110.000  TEMP(K) =   231.54  PRESS =     0.0
 Etot   =        18.8838  EKtot   =        18.1744  EPtot      =         0.7094
 BOND   =         4.7466  ANGLE   =        11.8098  DIHED      =        32.4934
 1-4 NB =         4.0064  1-4 EEL =       113.8434  VDWAALS    =        -3.2421
 EELEC  =      -141.2345  EGB     =       -23.7477  RESTRAINT  =         0.0825
 ESURF=         1.9516
 EAMBER (non-restraint)  =         0.6270
 ------------------------------------------------------------------------------

 NMR restraints: Bond =    0.000   Angle =     0.000   Torsion =     0.082
===============================================================================
| RE_POSITION Moving by  -3.417724  5.300217  3.163740

 NSTEP =    60000   TIME(PS) =    2120.000  TEMP(K) =   278.96  PRESS =     0.0
 Etot   =        19.7159  EKtot   =        21.8969  EPtot      =        -2.1810
 BOND   =         3.8354  ANGLE   =        11.0014  DIHED      =        30.1227
 1-4 NB =         5.0736  1-4 EEL =       114.6835  VDWAALS    =        -2.2302
 EELEC  =      -145.4485  EGB     =       -22.6873  RESTRAINT  =         1.4602
 ESURF=         2.0080
 EAMBER (non-restraint)  =        -3.6412
 ------------------------------------------------------------------------------

 NMR restraints: Bond =    0.000   Angle =     0.000   Torsion =     1.460
===============================================================================

 NSTEP =    65000   TIME(PS) =    2130.000  TEMP(K) =   343.74  PRESS =     0.0
 Etot   =        28.4393  EKtot   =        26.9815  EPtot      =         1.4578
 BOND   =         8.0598  ANGLE   =        10.7481  DIHED      =        30.3152
 1-4 NB =         5.6138  1-4 EEL =       112.8496  VDWAALS    =        -2.1559
 EELEC  =      -144.8560  EGB     =       -22.2734  RESTRAINT  =         1.1383
 ESURF=         2.0185
 EAMBER (non-restraint)  =         0.3195
 ------------------------------------------------------------------------------

 NMR restraints: Bond =    0.000   Angle =     0.000   Torsion =     1.138
===============================================================================
| RE_POSITION Moving by  -2.486217 -0.424931 -3.772804

 NSTEP =    70000   TIME(PS) =    2140.000  TEMP(K) =   277.55  PRESS =     0.0
 Etot   =        18.5843  EKtot   =        21.7864  EPtot      =        -3.2021
 BOND   =         5.8821  ANGLE   =        16.2433  DIHED      =        29.7572
 1-4 NB =         3.0955  1-4 EEL =       106.6374  VDWAALS    =        -3.2168
 EELEC  =      -136.9007  EGB     =       -27.1883  RESTRAINT  =         0.4752
 ESURF=         2.0129
 EAMBER (non-restraint)  =        -3.6773
 ------------------------------------------------------------------------------

 NMR restraints: Bond =    0.000   Angle =     0.000   Torsion =     0.475
===============================================================================

 NSTEP =    75000   TIME(PS) =    2150.000  TEMP(K) =   365.12  PRESS =     0.0
 Etot   =        37.7609  EKtot   =        28.6594  EPtot      =         9.1015
 BOND   =         5.5447  ANGLE   =        23.5432  DIHED      =        30.3499
 1-4 NB =         5.9379  1-4 EEL =       108.7539  VDWAALS    =        -3.2863
 EELEC  =      -136.1740  EGB     =       -27.5432  RESTRAINT  =         0.0118
 ESURF=         1.9635
 EAMBER (non-restraint)  =         9.0897
 ------------------------------------------------------------------------------

 NMR restraints: Bond =    0.000   Angle =     0.000   Torsion =     0.012
===============================================================================
| RE_POSITION Moving by   4.474408 -3.726846 -1.053675

 NSTEP =    80000   TIME(PS) =    2160.000  TEMP(K) =   287.20  PRESS =     0.0
 Etot   =        21.8732  EKtot   =        22.5433  EPtot      =        -0.6701
 BOND   =         6.9560  ANGLE   =        15.8080  DIHED      =        29.3756
 1-4 NB =         3.1696  1-4 EEL =       110.2071  VDWAALS    =        -3.4461
 EELEC  =      -136.7007  EGB     =       -28.0482  RESTRAINT  =         0.0041
 ESURF=         2.0045
 EAMBER (non-restraint)  =        -0.6742
 ------------------------------------------------------------------------------

 NMR restraints: Bond =    0.000   Angle =     0.000   Torsion =     0.004
===============================================================================

 NSTEP =    85000   TIME(PS) =    2170.000  TEMP(K) =   256.36  PRESS =     0.0
 Etot   =        22.1844  EKtot   =        20.1228  EPtot      =         2.0616
 BOND   =         2.5264  ANGLE   =        19.1359  DIHED      =        31.9263
 1-4 NB =         4.5403  1-4 EEL =       110.8811  VDWAALS    =        -4.0790
 EELEC  =      -139.3493  EGB     =       -25.5728  RESTRAINT  =         0.1157
 ESURF=         1.9369
 EAMBER (non-restraint)  =         1.9459
 ------------------------------------------------------------------------------

 NMR restraints: Bond =    0.000   Angle =     0.000   Torsion =     0.116
===============================================================================
| RE_POSITION Moving by  -0.062538 -0.676321  2.659308

 NSTEP =    90000   TIME(PS) =    2180.000  TEMP(K) =   248.50  PRESS =     0.0
 Etot   =        16.0114  EKtot   =        19.5061  EPtot      =        -3.4947
 BOND   =         3.4662  ANGLE   =        13.4038  DIHED      =        30.5225
 1-4 NB =         4.7018  1-4 EEL =       111.3142  VDWAALS    =        -2.8603
 EELEC  =      -142.7583  EGB     =       -23.5004  RESTRAINT  =         0.2017
 ESURF=         2.0143
 EAMBER (non-restraint)  =        -3.6963
 ------------------------------------------------------------------------------

 NMR restraints: Bond =    0.000   Angle =     0.000   Torsion =     0.202
===============================================================================

 NSTEP =    95000   TIME(PS) =    2190.000  TEMP(K) =   389.48  PRESS =     0.0
 Etot   =        32.9348  EKtot   =        30.5716  EPtot      =         2.3632
 BOND   =         4.0752  ANGLE   =        16.6747  DIHED      =        32.1161
 1-4 NB =         4.1455  1-4 EEL =       111.2923  VDWAALS    =        -4.1757
 EELEC  =      -138.4421  EGB     =       -26.5227  RESTRAINT  =         1.2951
 ESURF=         1.9048
 EAMBER (non-restraint)  =         1.0681
 ------------------------------------------------------------------------------

 NMR restraints: Bond =    0.000   Angle =     0.000   Torsion =     1.295
===============================================================================
| RE_POSITION Moving by  -3.399418 -0.921142  4.290706

 NSTEP =   100000   TIME(PS) =    2200.000  TEMP(K) =   288.10  PRESS =     0.0
 Etot   =        22.6385  EKtot   =        22.6144  EPtot      =         0.0241
 BOND   =         7.1754  ANGLE   =        10.9166  DIHED      =        33.9728
 1-4 NB =         4.4213  1-4 EEL =       116.2966  VDWAALS    =        -3.2413
 EELEC  =      -145.4820  EGB     =       -26.2731  RESTRAINT  =         0.2489
 ESURF=         1.9890
 EAMBER (non-restraint)  =        -0.2248
 ------------------------------------------------------------------------------

 NMR restraints: Bond =    0.000   Angle =     0.000   Torsion =     0.249
===============================================================================

 NSTEP =   105000   TIME(PS) =    2210.000  TEMP(K) =   257.63  PRESS =     0.0
 Etot   =        23.0960  EKtot   =        20.2224  EPtot      =         2.8736
 BOND   =         5.9605  ANGLE   =        15.9511  DIHED      =        32.1861
 1-4 NB =         4.9480  1-4 EEL =       109.1351  VDWAALS    =        -4.8411
 EELEC  =      -142.1260  EGB     =       -20.4083  RESTRAINT  =         0.1947
 ESURF=         1.8736
 EAMBER (non-restraint)  =         2.6789
 ------------------------------------------------------------------------------

 NMR restraints: Bond =    0.000   Angle =     0.000   Torsion =     0.195
===============================================================================
| RE_POSITION Moving by  -2.516686 -6.209921  8.700410

 NSTEP =   110000   TIME(PS) =    2220.000  TEMP(K) =   280.67  PRESS =     0.0
 Etot   =        20.9656  EKtot   =        22.0308  EPtot      =        -1.0652
 BOND   =         2.8207  ANGLE   =        18.1713  DIHED      =        30.3658
 1-4 NB =         4.3673  1-4 EEL =       116.0946  VDWAALS    =        -4.2145
 EELEC  =      -143.6618  EGB     =       -26.9919  RESTRAINT  =         0.0689
 ESURF=         1.9144
 EAMBER (non-restraint)  =        -1.1342
 ------------------------------------------------------------------------------

 NMR restraints: Bond =    0.000   Angle =     0.000   Torsion =     0.069
===============================================================================

 NSTEP =   115000   TIME(PS) =    2230.000  TEMP(K) =   287.02  PRESS =     0.0
 Etot   =        25.0248  EKtot   =        22.5291  EPtot      =         2.4957
 BOND   =         3.9858  ANGLE   =        19.5636  DIHED      =        30.9622
 1-4 NB =         3.5481  1-4 EEL =       106.5293  VDWAALS    =        -1.4804
 EELEC  =      -138.3467  EGB     =       -24.7629  RESTRAINT  =         0.4818
 ESURF=         2.0150
 EAMBER (non-restraint)  =         2.0139
 ------------------------------------------------------------------------------

 NMR restraints: Bond =    0.000   Angle =     0.000   Torsion =     0.482
===============================================================================
| RE_POSITION Moving by   2.638096  1.807800 -0.299022

 NSTEP =   120000   TIME(PS) =    2240.000  TEMP(K) =   360.62  PRESS =     0.0
 Etot   =        34.6595  EKtot   =        28.3069  EPtot      =         6.3526
 BOND   =         3.4353  ANGLE   =        22.3970  DIHED      =        31.9589
 1-4 NB =         4.6954  1-4 EEL =       107.5814  VDWAALS    =        -3.7453
 EELEC  =      -138.5700  EGB     =       -24.6252  RESTRAINT  =         1.2236
 ESURF=         2.0015
 EAMBER (non-restraint)  =         5.1290
 ------------------------------------------------------------------------------

 NMR restraints: Bond =    0.000   Angle =     0.000   Torsion =     1.224
===============================================================================

 NSTEP =   125000   TIME(PS) =    2250.000  TEMP(K) =   348.71  PRESS =     0.0
 Etot   =        31.6485  EKtot   =        27.3713  EPtot      =         4.2773
 BOND   =         5.8005  ANGLE   =        14.9986  DIHED      =        34.1452
 1-4 NB =         4.5818  1-4 EEL =       113.1695  VDWAALS    =        -4.1387
 EELEC  =      -137.5026  EGB     =       -28.7472  RESTRAINT  =         0.0039
 ESURF=         1.9662
 EAMBER (non-restraint)  =         4.2734
 ------------------------------------------------------------------------------

 NMR restraints: Bond =    0.000   Angle =     0.000   Torsion =     0.004
===============================================================================
| RE_POSITION Moving by  -3.607654  0.727027 -3.888576

 NSTEP =   130000   TIME(PS) =    2260.000  TEMP(K) =   264.21  PRESS =     0.0
 Etot   =        29.3871  EKtot   =        20.7391  EPtot      =         8.6481
 BOND   =         5.9973  ANGLE   =        25.7964  DIHED      =        31.5525
 1-4 NB =         4.7274  1-4 EEL =       106.8067  VDWAALS    =        -4.7728
 EELEC  =      -142.6658  EGB     =       -20.9831  RESTRAINT  =         0.2718
 ESURF=         1.9176
 EAMBER (non-restraint)  =         8.3762
 ------------------------------------------------------------------------------

 NMR restraints: Bond =    0.000   Angle =     0.000   Torsion =     0.272
===============================================================================

 NSTEP =   135000   TIME(PS) =    2270.000  TEMP(K) =   305.36  PRESS =     0.0
 Etot   =        18.4749  EKtot   =        23.9686  EPtot      =        -5.4937
 BOND   =         5.5287  ANGLE   =        10.7561  DIHED      =        31.4886
 1-4 NB =         4.3567  1-4 EEL =       108.1800  VDWAALS    =        -3.7353
 EELEC  =      -143.8519  EGB     =       -20.2537  RESTRAINT  =         0.1262
 ESURF=         1.9110
 EAMBER (non-restraint)  =        -5.6199
 ------------------------------------------------------------------------------

 NMR restraints: Bond =    0.000   Angle =     0.000   Torsion =     0.126
===============================================================================
| RE_POSITION Moving by   0.909098  5.020514 -5.875202

 NSTEP =   140000   TIME(PS) =    2280.000  TEMP(K) =   312.37  PRESS =     0.0
 Etot   =        21.6836  EKtot   =        24.5189  EPtot      =        -2.8352
 BOND   =         3.7180  ANGLE   =        16.1960  DIHED      =        29.7001
 1-4 NB =         4.1159  1-4 EEL =       111.0074  VDWAALS    =        -3.5328
 EELEC  =      -144.3879  EGB     =       -22.8049  RESTRAINT  =         1.2364
 ESURF=         1.9167
 EAMBER (non-restraint)  =        -4.0716
 ------------------------------------------------------------------------------

 NMR restraints: Bond =    0.000   Angle =     0.000   Torsion =     1.236
===============================================================================

 NSTEP =   145000   TIME(PS) =    2290.000  TEMP(K) =   300.56  PRESS =     0.0
 Etot   =        31.8851  EKtot   =        23.5921  EPtot      =         8.2930
 BOND   =         8.1815  ANGLE   =        22.8595  DIHED      =        31.8391
 1-4 NB =         2.9837  1-4 EEL =       107.5437  VDWAALS    =        -3.7583
 EELEC  =      -140.6043  EGB     =       -22.7325  RESTRAINT  =         0.0169
 ESURF=         1.9636
 EAMBER (non-restraint)  =         8.2761
 ------------------------------------------------------------------------------

 NMR restraints: Bond =    0.000   Angle =     0.000   Torsion =     0.017
===============================================================================
| RE_POSITION Moving by   3.767911 -0.990335 -1.507995

 NSTEP =   150000   TIME(PS) =    2300.000  TEMP(K) =   370.32  PRESS =     0.0
 Etot   =        35.0116  EKtot   =        29.0681  EPtot      =         5.9436
 BOND   =         5.0509  ANGLE   =        24.8139  DIHED      =        32.2312
 1-4 NB =         3.9017  1-4 EEL =       107.7549  VDWAALS    =        -4.1718
 EELEC  =      -142.2185  EGB     =       -23.4080  RESTRAINT  =         0.0706
 ESURF=         1.9187
 EAMBER (non-restraint)  =         5.8730
 ------------------------------------------------------------------------------

 NMR restraints: Bond =    0.000   Angle =     0.000   Torsion =     0.071
===============================================================================

 NSTEP =   155000   TIME(PS) =    2310.000  TEMP(K) =   271.14  PRESS =     0.0
 Etot   =        21.5801  EKtot   =        21.2832  EPtot      =         0.2969
 BOND   =         4.2312  ANGLE   =        17.6347  DIHED      =        29.2943
 1-4 NB =         7.1389  1-4 EEL =       114.6761  VDWAALS    =        -4.8533
 EELEC  =      -148.5179  EGB     =       -21.6058  RESTRAINT  =         0.3866
 ESURF=         1.9121
 EAMBER (non-restraint)  =        -0.0897
 ------------------------------------------------------------------------------

 NMR restraints: Bond =    0.000   Angle =     0.000   Torsion =     0.387
===============================================================================
| RE_POSITION Moving by  -4.751989 -0.961391-10.851457

 NSTEP =   160000   TIME(PS) =    2320.000  TEMP(K) =   266.25  PRESS =     0.0
 Etot   =        24.7438  EKtot   =        20.8994  EPtot      =         3.8444
 BOND   =         6.2286  ANGLE   =        17.2123  DIHED      =        32.2475
 1-4 NB =         5.1662  1-4 EEL =       108.5104  VDWAALS    =        -3.8346
 EELEC  =      -140.7971  EGB     =       -23.1366  RESTRAINT  =         0.2724
 ESURF=         1.9753
 EAMBER (non-restraint)  =         3.5720
 ------------------------------------------------------------------------------

 NMR restraints: Bond =    0.000   Angle =     0.000   Torsion =     0.272
===============================================================================

 NSTEP =   165000   TIME(PS) =    2330.000  TEMP(K) =   245.66  PRESS =     0.0
 Etot   =        22.7729  EKtot   =        19.2828  EPtot      =         3.4900
 BOND   =         8.7453  ANGLE   =        12.1893  DIHED      =        31.9803
 1-4 NB =         6.2470  1-4 EEL =       111.9552  VDWAALS    =        -2.9773
 EELEC  =      -142.8769  EGB     =       -23.9730  RESTRAINT  =         0.1800
 ESURF=         2.0201
 EAMBER (non-restraint)  =         3.3101
 ------------------------------------------------------------------------------

 NMR restraints: Bond =    0.000   Angle =     0.000   Torsion =     0.180
===============================================================================
| RE_POSITION Moving by   2.231313  0.121716  1.172849

 NSTEP =   170000   TIME(PS) =    2340.000  TEMP(K) =   282.08  PRESS =     0.0
 Etot   =        26.0401  EKtot   =        22.1412  EPtot      =         3.8989
 BOND   =         5.2315  ANGLE   =        18.7707  DIHED      =        32.0217
 1-4 NB =         4.7840  1-4 EEL =       109.6234  VDWAALS    =        -2.9454
 EELEC  =      -142.6092  EGB     =       -23.1809  RESTRAINT  =         0.2144
 ESURF=         1.9886
 EAMBER (non-restraint)  =         3.6845
 ------------------------------------------------------------------------------

 NMR restraints: Bond =    0.000   Angle =     0.000   Torsion =     0.214
===============================================================================

 NSTEP =   175000   TIME(PS) =    2350.000  TEMP(K) =   433.10  PRESS =     0.0
 Etot   =        33.4914  EKtot   =        33.9959  EPtot      =        -0.5045
 BOND   =         5.0740  ANGLE   =        17.7310  DIHED      =        31.6968
 1-4 NB =         4.5501  1-4 EEL =       108.0927  VDWAALS    =        -4.1678
 EELEC  =      -144.9947  EGB     =       -21.0862  RESTRAINT  =         0.6649
 ESURF=         1.9346
 EAMBER (non-restraint)  =        -1.1694
 ------------------------------------------------------------------------------

 NMR restraints: Bond =    0.000   Angle =     0.000   Torsion =     0.665
===============================================================================
| RE_POSITION Moving by   1.196468  0.978042  3.296308

 NSTEP =   180000   TIME(PS) =    2360.000  TEMP(K) =   351.47  PRESS =     0.0
 Etot   =        28.5264  EKtot   =        27.5883  EPtot      =         0.9381
 BOND   =         3.6275  ANGLE   =        14.1086  DIHED      =        33.4898
 1-4 NB =         5.2962  1-4 EEL =       108.5828  VDWAALS    =        -2.2173
 EELEC  =      -141.7248  EGB     =       -22.7702  RESTRAINT  =         0.6382
 ESURF=         1.9073
 EAMBER (non-restraint)  =         0.2999
 ------------------------------------------------------------------------------

 NMR restraints: Bond =    0.000   Angle =     0.000   Torsion =     0.638
===============================================================================

 NSTEP =   185000   TIME(PS) =    2370.000  TEMP(K) =   240.63  PRESS =     0.0
 Etot   =        19.5318  EKtot   =        18.8884  EPtot      =         0.6434
 BOND   =         4.5134  ANGLE   =        15.2803  DIHED      =        29.8780
 1-4 NB =         5.8805  1-4 EEL =       114.8845  VDWAALS    =        -3.9215
 EELEC  =      -148.7015  EGB     =       -21.6683  RESTRAINT  =         2.5381
 ESURF=         1.9598
 EAMBER (non-restraint)  =        -1.8947
 ------------------------------------------------------------------------------

 NMR restraints: Bond =    0.000   Angle =     0.000   Torsion =     2.538
===============================================================================
| RE_POSITION Moving by   1.597701 -0.111140  1.424618

 NSTEP =   190000   TIME(PS) =    2380.000  TEMP(K) =   359.61  PRESS =     0.0
 Etot   =        26.4285  EKtot   =        28.2269  EPtot      =        -1.7985
 BOND   =         5.4478  ANGLE   =        14.2694  DIHED      =        31.2805
 1-4 NB =         3.5539  1-4 EEL =       110.6808  VDWAALS    =        -3.5925
 EELEC  =      -141.7765  EGB     =       -23.6985  RESTRAINT  =         0.0049
 ESURF=         2.0318
 EAMBER (non-restraint)  =        -1.8034
 ------------------------------------------------------------------------------

 NMR restraints: Bond =    0.000   Angle =     0.000   Torsion =     0.005
===============================================================================

 NSTEP =   195000   TIME(PS) =    2390.000  TEMP(K) =   356.64  PRESS =     0.0
 Etot   =        31.1674  EKtot   =        27.9942  EPtot      =         3.1733
 BOND   =         5.9359  ANGLE   =        12.3393  DIHED      =        34.5258
 1-4 NB =         5.6312  1-4 EEL =       111.3481  VDWAALS    =        -3.9307
 EELEC  =      -139.8851  EGB     =       -24.7950  RESTRAINT  =         0.0406
 ESURF=         1.9631
 EAMBER (non-restraint)  =         3.1327
 ------------------------------------------------------------------------------

 NMR restraints: Bond =    0.000   Angle =     0.000   Torsion =     0.041
===============================================================================
| RE_POSITION Moving by  -1.422841  2.678398  0.901255

 NSTEP =   200000   TIME(PS) =    2400.000  TEMP(K) =   281.82  PRESS =     0.0
 Etot   =        35.0191  EKtot   =        22.1213  EPtot      =        12.8978
 BOND   =         4.9937  ANGLE   =        22.5168  DIHED      =        36.6969
 1-4 NB =         4.1920  1-4 EEL =       109.3397  VDWAALS    =        -3.5303
 EELEC  =      -139.8554  EGB     =       -23.4826  RESTRAINT  =         0.0304
 ESURF=         1.9967
 EAMBER (non-restraint)  =        12.8675
 ------------------------------------------------------------------------------

 NMR restraints: Bond =    0.000   Angle =     0.000   Torsion =     0.030
===============================================================================

 NSTEP =   205000   TIME(PS) =    2410.000  TEMP(K) =   291.74  PRESS =     0.0
 Etot   =        21.2523  EKtot   =        22.8996  EPtot      =        -1.6473
 BOND   =         5.9012  ANGLE   =        12.7293  DIHED      =        33.0153
 1-4 NB =         3.2302  1-4 EEL =       110.4187  VDWAALS    =        -3.5668
 EELEC  =      -140.6931  EGB     =       -25.0750  RESTRAINT  =         0.4367
 ESURF=         1.9562
 EAMBER (non-restraint)  =        -2.0840
 ------------------------------------------------------------------------------

 NMR restraints: Bond =    0.000   Angle =     0.000   Torsion =     0.437
===============================================================================
| RE_POSITION Moving by   0.492171  3.649689  1.306749

 NSTEP =   210000   TIME(PS) =    2420.000  TEMP(K) =   284.78  PRESS =     0.0
 Etot   =        19.9332  EKtot   =        22.3535  EPtot      =        -2.4203
 BOND   =         4.7565  ANGLE   =        15.3529  DIHED      =        29.3403
 1-4 NB =         4.4655  1-4 EEL =       105.1265  VDWAALS    =        -2.9790
 EELEC  =      -137.5642  EGB     =       -23.6489  RESTRAINT  =         0.7010
 ESURF=         2.0290
 EAMBER (non-restraint)  =        -3.1214
 ------------------------------------------------------------------------------

 NMR restraints: Bond =    0.000   Angle =     0.000   Torsion =     0.701
===============================================================================

 NSTEP =   215000   TIME(PS) =    2430.000  TEMP(K) =   290.56  PRESS =     0.0
 Etot   =        21.2397  EKtot   =        22.8071  EPtot      =        -1.5674
 BOND   =         5.4285  ANGLE   =        13.5406  DIHED      =        31.3697
 1-4 NB =         4.4658  1-4 EEL =       113.1006  VDWAALS    =        -3.7031
 EELEC  =      -146.4207  EGB     =       -21.7315  RESTRAINT  =         0.4546
 ESURF=         1.9280
 EAMBER (non-restraint)  =        -2.0220
 ------------------------------------------------------------------------------

 NMR restraints: Bond =    0.000   Angle =     0.000   Torsion =     0.455
===============================================================================
| RE_POSITION Moving by   7.262090 -7.180413  1.335780

 NSTEP =   220000   TIME(PS) =    2440.000  TEMP(K) =   318.08  PRESS =     0.0
 Etot   =        31.3927  EKtot   =        24.9673  EPtot      =         6.4254
 BOND   =         4.3370  ANGLE   =        23.5475  DIHED      =        30.5644
 1-4 NB =         5.4055  1-4 EEL =       108.2688  VDWAALS    =        -3.5114
 EELEC  =      -141.5975  EGB     =       -22.6289  RESTRAINT  =         0.0948
 ESURF=         1.9451
 EAMBER (non-restraint)  =         6.3306
 ------------------------------------------------------------------------------

 NMR restraints: Bond =    0.000   Angle =     0.000   Torsion =     0.095
===============================================================================

 NSTEP =   225000   TIME(PS) =    2450.000  TEMP(K) =   355.95  PRESS =     0.0
 Etot   =        32.0650  EKtot   =        27.9403  EPtot      =         4.1247
 BOND   =         6.6496  ANGLE   =        16.9573  DIHED      =        33.5724
 1-4 NB =         5.9458  1-4 EEL =       110.0481  VDWAALS    =        -4.2858
 EELEC  =      -144.9552  EGB     =       -22.3787  RESTRAINT  =         0.6481
 ESURF=         1.9231
 EAMBER (non-restraint)  =         3.4766
 ------------------------------------------------------------------------------

 NMR restraints: Bond =    0.000   Angle =     0.000   Torsion =     0.648
===============================================================================
| RE_POSITION Moving by   1.922182 -7.309843  4.863113

 NSTEP =   230000   TIME(PS) =    2460.000  TEMP(K) =   256.77  PRESS =     0.0
 Etot   =        25.4514  EKtot   =        20.1551  EPtot      =         5.2964
 BOND   =         8.1954  ANGLE   =        16.2657  DIHED      =        34.0861
 1-4 NB =         4.4004  1-4 EEL =       106.6583  VDWAALS    =        -4.1584
 EELEC  =      -140.7511  EGB     =       -21.3540  RESTRAINT  =         0.0024
 ESURF=         1.9517
 EAMBER (non-restraint)  =         5.2940
 ------------------------------------------------------------------------------

 NMR restraints: Bond =    0.000   Angle =     0.000   Torsion =     0.002
===============================================================================

 NSTEP =   235000   TIME(PS) =    2470.000  TEMP(K) =   304.98  PRESS =     0.0
 Etot   =        25.9802  EKtot   =        23.9388  EPtot      =         2.0414
 BOND   =         5.4361  ANGLE   =        16.4268  DIHED      =        31.6682
 1-4 NB =         5.5074  1-4 EEL =       110.3503  VDWAALS    =        -3.8488
 EELEC  =      -142.4826  EGB     =       -23.2877  RESTRAINT  =         0.3000
 ESURF=         1.9718
 EAMBER (non-restraint)  =         1.7415
 ------------------------------------------------------------------------------

 NMR restraints: Bond =    0.000   Angle =     0.000   Torsion =     0.300
===============================================================================
| RE_POSITION Moving by  -0.576014 -6.460577 -0.052810

 NSTEP =   240000   TIME(PS) =    2480.000  TEMP(K) =   310.40  PRESS =     0.0
 Etot   =        23.5290  EKtot   =        24.3644  EPtot      =        -0.8353
 BOND   =         5.2401  ANGLE   =        11.2519  DIHED      =        30.7907
 1-4 NB =         4.8937  1-4 EEL =       110.4115  VDWAALS    =        -1.6009
 EELEC  =      -142.0607  EGB     =       -22.7225  RESTRAINT  =         0.9845
 ESURF=         1.9763
 EAMBER (non-restraint)  =        -1.8198
 ------------------------------------------------------------------------------

 NMR restraints: Bond =    0.000   Angle =     0.000   Torsion =     0.985
===============================================================================

 NSTEP =   245000   TIME(PS) =    2490.000  TEMP(K) =   248.03  PRESS =     0.0
 Etot   =        18.7184  EKtot   =        19.4690  EPtot      =        -0.7506
 BOND   =         2.4237  ANGLE   =        13.7933  DIHED      =        31.9142
 1-4 NB =         5.5879  1-4 EEL =       112.6257  VDWAALS    =        -4.1206
 EELEC  =      -146.1719  EGB     =       -21.7833  RESTRAINT  =         3.0786
 ESURF=         1.9017
 EAMBER (non-restraint)  =        -3.8292
 ------------------------------------------------------------------------------

 NMR restraints: Bond =    0.000   Angle =     0.000   Torsion =     3.079
===============================================================================
| RE_POSITION Moving by   3.602617  1.332141  2.498217

 NSTEP =   250000   TIME(PS) =    2500.000  TEMP(K) =   317.90  PRESS =     0.0
 Etot   =        24.0587  EKtot   =        24.9535  EPtot      =        -0.8948
 BOND   =         4.8943  ANGLE   =        15.5844  DIHED      =        31.2178
 1-4 NB =         4.3015  1-4 EEL =       108.1112  VDWAALS    =        -2.8238
 EELEC  =      -136.1474  EGB     =       -28.3550  RESTRAINT  =         0.3296
 ESURF=         1.9926
 EAMBER (non-restraint)  =        -1.2244
 ------------------------------------------------------------------------------

 NMR restraints: Bond =    0.000   Angle =     0.000   Torsion =     0.330
===============================================================================

 NSTEP =   255000   TIME(PS) =    2510.000  TEMP(K) =   244.15  PRESS =     0.0
 Etot   =        34.2057  EKtot   =        19.1641  EPtot      =        15.0416
 BOND   =        10.7930  ANGLE   =        20.2961  DIHED      =        32.5847
 1-4 NB =         5.9012  1-4 EEL =       110.6610  VDWAALS    =        -3.0803
 EELEC  =      -138.2746  EGB     =       -26.3613  RESTRAINT  =         0.5561
 ESURF=         1.9658
 EAMBER (non-restraint)  =        14.4855
 ------------------------------------------------------------------------------

 NMR restraints: Bond =    0.000   Angle =     0.000   Torsion =     0.556
===============================================================================
| RE_POSITION Moving by  11.291500  4.565481  3.908989

 NSTEP =   260000   TIME(PS) =    2520.000  TEMP(K) =   372.75  PRESS =     0.0
 Etot   =        30.5297  EKtot   =        29.2583  EPtot      =         1.2714
 BOND   =         6.7480  ANGLE   =        17.2401  DIHED      =        33.4836
 1-4 NB =         3.2213  1-4 EEL =       111.5590  VDWAALS    =        -4.5376
 EELEC  =      -147.1525  EGB     =       -21.4935  RESTRAINT  =         0.3060
 ESURF=         1.8969
 EAMBER (non-restraint)  =         0.9654
 ------------------------------------------------------------------------------

 NMR restraints: Bond =    0.000   Angle =     0.000   Torsion =     0.306
===============================================================================

 NSTEP =   265000   TIME(PS) =    2530.000  TEMP(K) =   318.98  PRESS =     0.0
 Etot   =        27.5697  EKtot   =        25.0379  EPtot      =         2.5319
 BOND   =         5.1550  ANGLE   =        14.4036  DIHED      =        30.9537
 1-4 NB =         7.3486  1-4 EEL =       117.2052  VDWAALS    =        -2.5837
 EELEC  =      -152.2761  EGB     =       -19.7521  RESTRAINT  =         0.1679
 ESURF=         1.9097
 EAMBER (non-restraint)  =         2.3639
 ------------------------------------------------------------------------------

 NMR restraints: Bond =    0.000   Angle =     0.000   Torsion =     0.168
===============================================================================
| RE_POSITION Moving by   8.444187  1.398016 11.619211

 NSTEP =   270000   TIME(PS) =    2540.000  TEMP(K) =   330.31  PRESS =     0.0
 Etot   =        23.7163  EKtot   =        25.9275  EPtot      =        -2.2112
 BOND   =         5.4331  ANGLE   =        14.1916  DIHED      =        30.7348
 1-4 NB =         4.5592  1-4 EEL =       108.4728  VDWAALS    =        -4.2055
 EELEC  =      -142.3236  EGB     =       -22.3908  RESTRAINT  =         1.3788
 ESURF=         1.9384
 EAMBER (non-restraint)  =        -3.5900
 ------------------------------------------------------------------------------

 NMR restraints: Bond =    0.000   Angle =     0.000   Torsion =     1.379
===============================================================================

 NSTEP =   275000   TIME(PS) =    2550.000  TEMP(K) =   214.56  PRESS =     0.0
 Etot   =        15.2805  EKtot   =        16.8419  EPtot      =        -1.5614
 BOND   =         9.3207  ANGLE   =        10.7174  DIHED      =        31.1301
 1-4 NB =         4.8520  1-4 EEL =       110.0234  VDWAALS    =        -3.5621
 EELEC  =      -147.1042  EGB     =       -19.1264  RESTRAINT  =         0.2736
 ESURF=         1.9142
 EAMBER (non-restraint)  =        -1.8349
 ------------------------------------------------------------------------------

 NMR restraints: Bond =    0.000   Angle =     0.000   Torsion =     0.274
===============================================================================
| RE_POSITION Moving by   9.579621  2.793384 -2.571519

 NSTEP =   280000   TIME(PS) =    2560.000  TEMP(K) =   309.30  PRESS =     0.0
 Etot   =        21.3551  EKtot   =        24.2782  EPtot      =        -2.9231
 BOND   =         1.8471  ANGLE   =        13.8471  DIHED      =        33.9159
 1-4 NB =         4.8312  1-4 EEL =       110.8246  VDWAALS    =        -3.7858
 EELEC  =      -148.4191  EGB     =       -19.1786  RESTRAINT  =         1.2559
 ESURF=         1.9386
 EAMBER (non-restraint)  =        -4.1791
 ------------------------------------------------------------------------------

 NMR restraints: Bond =    0.000   Angle =     0.000   Torsion =     1.256
===============================================================================

 NSTEP =   285000   TIME(PS) =    2570.000  TEMP(K) =   300.77  PRESS =     0.0
 Etot   =        20.7155  EKtot   =        23.6084  EPtot      =        -2.8929
 BOND   =         3.8113  ANGLE   =        12.3100  DIHED      =        31.2676
 1-4 NB =         5.5527  1-4 EEL =       110.0079  VDWAALS    =        -4.7857
 EELEC  =      -145.8640  EGB     =       -19.9817  RESTRAINT  =         2.9269
 ESURF=         1.8620
 EAMBER (non-restraint)  =        -5.8198
 ------------------------------------------------------------------------------

 NMR restraints: Bond =    0.000   Angle =     0.000   Torsion =     2.927
===============================================================================
| RE_POSITION Moving by  -5.555009 -1.423718  8.969648

 NSTEP =   290000   TIME(PS) =    2580.000  TEMP(K) =   372.32  PRESS =     0.0
 Etot   =        31.9595  EKtot   =        29.2252  EPtot      =         2.7343
 BOND   =         6.5556  ANGLE   =        13.0423  DIHED      =        34.1595
 1-4 NB =         4.9578  1-4 EEL =       109.8434  VDWAALS    =        -3.5937
 EELEC  =      -143.4995  EGB     =       -21.0749  RESTRAINT  =         0.4427
 ESURF=         1.9011
 EAMBER (non-restraint)  =         2.2916
 ------------------------------------------------------------------------------

 NMR restraints: Bond =    0.000   Angle =     0.000   Torsion =     0.443
===============================================================================

 NSTEP =   295000   TIME(PS) =    2590.000  TEMP(K) =   260.67  PRESS =     0.0
 Etot   =        16.5793  EKtot   =        20.4613  EPtot      =        -3.8821
 BOND   =         2.1597  ANGLE   =        15.0900  DIHED      =        30.4991
 1-4 NB =         6.2100  1-4 EEL =       112.9322  VDWAALS    =        -4.2789
 EELEC  =      -148.2159  EGB     =       -20.2239  RESTRAINT  =         0.0630
 ESURF=         1.8825
 EAMBER (non-restraint)  =        -3.9451
 ------------------------------------------------------------------------------

 NMR restraints: Bond =    0.000   Angle =     0.000   Torsion =     0.063
===============================================================================
| RE_POSITION Moving by   4.590908  2.836532  5.670638

 NSTEP =   300000   TIME(PS) =    2600.000  TEMP(K) =   283.25  PRESS =     0.0
 Etot   =        22.7730  EKtot   =        22.2335  EPtot      =         0.5395
 BOND   =         6.8572  ANGLE   =        13.9782  DIHED      =        30.1835
 1-4 NB =         4.7439  1-4 EEL =       113.7268  VDWAALS    =        -3.1019
 EELEC  =      -145.1371  EGB     =       -23.0802  RESTRAINT  =         0.3961
 ESURF=         1.9730
 EAMBER (non-restraint)  =         0.1434
 ------------------------------------------------------------------------------

 NMR restraints: Bond =    0.000   Angle =     0.000   Torsion =     0.396
===============================================================================

 NSTEP =   305000   TIME(PS) =    2610.000  TEMP(K) =   250.31  PRESS =     0.0
 Etot   =        30.3009  EKtot   =        19.6481  EPtot      =        10.6527
 BOND   =        11.7162  ANGLE   =        18.2617  DIHED      =        33.1391
 1-4 NB =         3.5504  1-4 EEL =       105.8492  VDWAALS    =        -1.0527
 EELEC  =      -140.4353  EGB     =       -23.2559  RESTRAINT  =         0.8639
 ESURF=         2.0160
 EAMBER (non-restraint)  =         9.7888
 ------------------------------------------------------------------------------

 NMR restraints: Bond =    0.000   Angle =     0.000   Torsion =     0.864
===============================================================================
| RE_POSITION Moving by  -6.434917 -8.447556  0.975341

 NSTEP =   310000   TIME(PS) =    2620.000  TEMP(K) =   358.20  PRESS =     0.0
 Etot   =        31.7750  EKtot   =        28.1168  EPtot      =         3.6582
 BOND   =         5.6592  ANGLE   =        17.9756  DIHED      =        30.9995
 1-4 NB =         4.9998  1-4 EEL =       111.4114  VDWAALS    =        -2.8533
 EELEC  =      -143.4761  EGB     =       -23.0597  RESTRAINT  =         0.0255
 ESURF=         1.9764
 EAMBER (non-restraint)  =         3.6327
 ------------------------------------------------------------------------------

 NMR restraints: Bond =    0.000   Angle =     0.000   Torsion =     0.026
===============================================================================

 NSTEP =   315000   TIME(PS) =    2630.000  TEMP(K) =   203.33  PRESS =     0.0
 Etot   =        15.7913  EKtot   =        15.9604  EPtot      =        -0.1691
 BOND   =         8.1354  ANGLE   =         8.9866  DIHED      =        31.0492
 1-4 NB =         5.4912  1-4 EEL =       112.0591  VDWAALS    =        -3.3424
 EELEC  =      -142.8517  EGB     =       -22.2900  RESTRAINT  =         0.6448
 ESURF=         1.9487
 EAMBER (non-restraint)  =        -0.8139
 ------------------------------------------------------------------------------

 NMR restraints: Bond =    0.000   Angle =     0.000   Torsion =     0.645
===============================================================================
| RE_POSITION Moving by  -4.579620 -1.143313  7.171809

 NSTEP =   320000   TIME(PS) =    2640.000  TEMP(K) =   242.59  PRESS =     0.0
 Etot   =        20.6708  EKtot   =        19.0416  EPtot      =         1.6292
 BOND   =         6.2186  ANGLE   =        15.6209  DIHED      =        31.3653
 1-4 NB =         4.9097  1-4 EEL =       108.6135  VDWAALS    =        -3.9417
 EELEC  =      -142.5548  EGB     =       -21.5183  RESTRAINT  =         0.9875
 ESURF=         1.9285
 EAMBER (non-restraint)  =         0.6416
 ------------------------------------------------------------------------------

 NMR restraints: Bond =    0.000   Angle =     0.000   Torsion =     0.988
===============================================================================

 NSTEP =   325000   TIME(PS) =    2650.000  TEMP(K) =   300.53  PRESS =     0.0
 Etot   =        18.6616  EKtot   =        23.5896  EPtot      =        -4.9280
 BOND   =         2.6531  ANGLE   =        14.8794  DIHED      =        29.4471
 1-4 NB =         5.0557  1-4 EEL =       110.5620  VDWAALS    =        -4.0437
 EELEC  =      -144.3003  EGB     =       -21.8499  RESTRAINT  =         0.7369
 ESURF=         1.9317
 EAMBER (non-restraint)  =        -5.6649
 ------------------------------------------------------------------------------

 NMR restraints: Bond =    0.000   Angle =     0.000   Torsion =     0.737
===============================================================================
| RE_POSITION Moving by   0.524905 -2.550000 12.160413

 NSTEP =   330000   TIME(PS) =    2660.000  TEMP(K) =   277.24  PRESS =     0.0
 Etot   =        26.6425  EKtot   =        21.7616  EPtot      =         4.8809
 BOND   =         3.4216  ANGLE   =        20.6897  DIHED      =        34.1547
 1-4 NB =         4.0233  1-4 EEL =       110.3064  VDWAALS    =        -4.4945
 EELEC  =      -144.1451  EGB     =       -21.0977  RESTRAINT  =         0.1154
 ESURF=         1.9071
 EAMBER (non-restraint)  =         4.7655
 ------------------------------------------------------------------------------

 NMR restraints: Bond =    0.000   Angle =     0.000   Torsion =     0.115
===============================================================================

 NSTEP =   335000   TIME(PS) =    2670.000  TEMP(K) =   292.92  PRESS =     0.0
 Etot   =        22.6534  EKtot   =        22.9929  EPtot      =        -0.3395
 BOND   =         5.9992  ANGLE   =        18.5417  DIHED      =        30.5196
 1-4 NB =         3.2125  1-4 EEL =       109.8155  VDWAALS    =        -4.7716
 EELEC  =      -144.5492  EGB     =       -21.3980  RESTRAINT  =         0.3817
 ESURF=         1.9091
 EAMBER (non-restraint)  =        -0.7212
 ------------------------------------------------------------------------------

 NMR restraints: Bond =    0.000   Angle =     0.000   Torsion =     0.382
===============================================================================
| RE_POSITION Moving by  -5.348698 -0.163742 -1.098327

 NSTEP =   340000   TIME(PS) =    2680.000  TEMP(K) =   264.47  PRESS =     0.0
 Etot   =        20.6662  EKtot   =        20.7591  EPtot      =        -0.0929
 BOND   =         6.1199  ANGLE   =        16.8400  DIHED      =        31.2099
 1-4 NB =         3.6119  1-4 EEL =       110.0437  VDWAALS    =        -4.4234
 EELEC  =      -142.9948  EGB     =       -22.6514  RESTRAINT  =         0.2012
 ESURF=         1.9501
 EAMBER (non-restraint)  =        -0.2941
 ------------------------------------------------------------------------------

 NMR restraints: Bond =    0.000   Angle =     0.000   Torsion =     0.201
===============================================================================

 NSTEP =   345000   TIME(PS) =    2690.000  TEMP(K) =   263.97  PRESS =     0.0
 Etot   =        10.8076  EKtot   =        20.7203  EPtot      =        -9.9126
 BOND   =         3.5288  ANGLE   =         8.8503  DIHED      =        29.1861
 1-4 NB =         4.4347  1-4 EEL =       110.3249  VDWAALS    =        -3.3009
 EELEC  =      -139.1483  EGB     =       -25.8358  RESTRAINT  =         0.0543
 ESURF=         1.9932
 EAMBER (non-restraint)  =        -9.9670
 ------------------------------------------------------------------------------

 NMR restraints: Bond =    0.000   Angle =     0.000   Torsion =     0.054
===============================================================================
| RE_POSITION Moving by  -4.593714  3.704972  1.693449

 NSTEP =   350000   TIME(PS) =    2700.000  TEMP(K) =   314.16  PRESS =     0.0
 Etot   =        27.3804  EKtot   =        24.6596  EPtot      =         2.7208
 BOND   =         6.1005  ANGLE   =        20.6066  DIHED      =        29.8794
 1-4 NB =         3.5427  1-4 EEL =       108.3414  VDWAALS    =        -3.5125
 EELEC  =      -136.0708  EGB     =       -28.2074  RESTRAINT  =         0.0426
 ESURF=         1.9982
 EAMBER (non-restraint)  =         2.6781
 ------------------------------------------------------------------------------

 NMR restraints: Bond =    0.000   Angle =     0.000   Torsion =     0.043
===============================================================================

 NSTEP =   355000   TIME(PS) =    2710.000  TEMP(K) =   326.62  PRESS =     0.0
 Etot   =        21.4747  EKtot   =        25.6380  EPtot      =        -4.1632
 BOND   =         5.7177  ANGLE   =        12.6630  DIHED      =        29.6498
 1-4 NB =         4.7783  1-4 EEL =       112.6426  VDWAALS    =        -3.3965
 EELEC  =      -140.7188  EGB     =       -27.4978  RESTRAINT  =         0.0251
 ESURF=         1.9734
 EAMBER (non-restraint)  =        -4.1883
 ------------------------------------------------------------------------------

 NMR restraints: Bond =    0.000   Angle =     0.000   Torsion =     0.025
===============================================================================
| RE_POSITION Moving by   8.257523 -0.038920 -2.675695

 NSTEP =   360000   TIME(PS) =    2720.000  TEMP(K) =   266.18  PRESS =     0.0
 Etot   =        22.3520  EKtot   =        20.8935  EPtot      =         1.4585
 BOND   =         5.4602  ANGLE   =        17.6279  DIHED      =        28.7257
 1-4 NB =         3.7107  1-4 EEL =       110.3088  VDWAALS    =        -3.2673
 EELEC  =      -138.4234  EGB     =       -26.2006  RESTRAINT  =         1.5792
 ESURF=         1.9371
 EAMBER (non-restraint)  =        -0.1207
 ------------------------------------------------------------------------------

 NMR restraints: Bond =    0.000   Angle =     0.000   Torsion =     1.579
===============================================================================

 NSTEP =   365000   TIME(PS) =    2730.000  TEMP(K) =   423.29  PRESS =     0.0
 Etot   =        29.4771  EKtot   =        33.2260  EPtot      =        -3.7489
 BOND   =         4.0405  ANGLE   =         7.5811  DIHED      =        31.8487
 1-4 NB =         6.0103  1-4 EEL =       116.9285  VDWAALS    =        -2.7133
 EELEC  =      -147.8722  EGB     =       -21.6637  RESTRAINT  =         0.1037
 ESURF=         1.9875
 EAMBER (non-restraint)  =        -3.8527
 ------------------------------------------------------------------------------

 NMR restraints: Bond =    0.000   Angle =     0.000   Torsion =     0.104
===============================================================================
| RE_POSITION Moving by   3.145204 -0.522494  4.492933

 NSTEP =   370000   TIME(PS) =    2740.000  TEMP(K) =   243.38  PRESS =     0.0
 Etot   =        15.5020  EKtot   =        19.1036  EPtot      =        -3.6016
 BOND   =         3.9018  ANGLE   =        12.6500  DIHED      =        32.4447
 1-4 NB =         4.6588  1-4 EEL =       107.4939  VDWAALS    =        -3.2276
 EELEC  =      -138.4453  EGB     =       -25.1245  RESTRAINT  =         0.0745
 ESURF=         1.9721
 EAMBER (non-restraint)  =        -3.6761
 ------------------------------------------------------------------------------

 NMR restraints: Bond =    0.000   Angle =     0.000   Torsion =     0.075
===============================================================================

 NSTEP =   375000   TIME(PS) =    2750.000  TEMP(K) =   313.94  PRESS =     0.0
 Etot   =        21.9495  EKtot   =        24.6421  EPtot      =        -2.6927
 BOND   =         4.6827  ANGLE   =        14.4686  DIHED      =        31.9892
 1-4 NB =         4.6435  1-4 EEL =       111.2860  VDWAALS    =        -4.7336
 EELEC  =      -146.8818  EGB     =       -20.1771  RESTRAINT  =         0.1089
 ESURF=         1.9210
 EAMBER (non-restraint)  =        -2.8016
 ------------------------------------------------------------------------------

 NMR restraints: Bond =    0.000   Angle =     0.000   Torsion =     0.109
===============================================================================
| RE_POSITION Moving by  -2.439370  0.773862  3.021664

 NSTEP =   380000   TIME(PS) =    2760.000  TEMP(K) =   253.73  PRESS =     0.0
 Etot   =        17.9206  EKtot   =        19.9164  EPtot      =        -1.9958
 BOND   =         6.7754  ANGLE   =        11.3112  DIHED      =        33.6848
 1-4 NB =         3.7462  1-4 EEL =       109.8752  VDWAALS    =        -4.0041
 EELEC  =      -144.5979  EGB     =       -20.9163  RESTRAINT  =         0.2115
 ESURF=         1.9183
 EAMBER (non-restraint)  =        -2.2073
 ------------------------------------------------------------------------------

 NMR restraints: Bond =    0.000   Angle =     0.000   Torsion =     0.211
===============================================================================

 NSTEP =   385000   TIME(PS) =    2770.000  TEMP(K) =   254.65  PRESS =     0.0
 Etot   =        15.6024  EKtot   =        19.9889  EPtot      =        -4.3865
 BOND   =         3.1223  ANGLE   =        13.9908  DIHED      =        30.6679
 1-4 NB =         5.5416  1-4 EEL =       112.3517  VDWAALS    =        -4.2746
 EELEC  =      -146.5665  EGB     =       -21.1481  RESTRAINT  =         0.0069
 ESURF=         1.9216
 EAMBER (non-restraint)  =        -4.3934
 ------------------------------------------------------------------------------

 NMR restraints: Bond =    0.000   Angle =     0.000   Torsion =     0.007
===============================================================================
| RE_POSITION Moving by  -0.252237  3.694212 -1.979805

 NSTEP =   390000   TIME(PS) =    2780.000  TEMP(K) =   332.68  PRESS =     0.0
 Etot   =        26.4691  EKtot   =        26.1135  EPtot      =         0.3556
 BOND   =         5.0525  ANGLE   =        15.8343  DIHED      =        32.7123
 1-4 NB =         4.8340  1-4 EEL =       111.9400  VDWAALS    =        -4.0883
 EELEC  =      -147.3941  EGB     =       -20.4474  RESTRAINT  =         0.0055
 ESURF=         1.9067
 EAMBER (non-restraint)  =         0.3501
 ------------------------------------------------------------------------------

 NMR restraints: Bond =    0.000   Angle =     0.000   Torsion =     0.005
===============================================================================

 NSTEP =   395000   TIME(PS) =    2790.000  TEMP(K) =   288.50  PRESS =     0.0
 Etot   =        29.5503  EKtot   =        22.6458  EPtot      =         6.9045
 BOND   =         3.1419  ANGLE   =        15.9295  DIHED      =        36.1940
 1-4 NB =         6.2552  1-4 EEL =       113.0542  VDWAALS    =        -3.3980
 EELEC  =      -142.5458  EGB     =       -23.8188  RESTRAINT  =         0.1341
 ESURF=         1.9583
 EAMBER (non-restraint)  =         6.7704
 ------------------------------------------------------------------------------

 NMR restraints: Bond =    0.000   Angle =     0.000   Torsion =     0.134
===============================================================================
| RE_POSITION Moving by   1.268381 -8.589739 -6.643274

 NSTEP =   400000   TIME(PS) =    2800.000  TEMP(K) =   347.72  PRESS =     0.0
 Etot   =        22.7472  EKtot   =        27.2942  EPtot      =        -4.5470
 BOND   =         5.2601  ANGLE   =        15.7413  DIHED      =        28.8189
 1-4 NB =         4.3413  1-4 EEL =       107.6038  VDWAALS    =        -4.1382
 EELEC  =      -143.9924  EGB     =       -20.3602  RESTRAINT  =         0.2835
 ESURF=         1.8949
 EAMBER (non-restraint)  =        -4.8305
 ------------------------------------------------------------------------------

 NMR restraints: Bond =    0.000   Angle =     0.000   Torsion =     0.283
===============================================================================

 NSTEP =   405000   TIME(PS) =    2810.000  TEMP(K) =   347.58  PRESS =     0.0
 Etot   =        27.6125  EKtot   =        27.2828  EPtot      =         0.3297
 BOND   =         4.2565  ANGLE   =        16.3959  DIHED      =        31.4450
 1-4 NB =         5.0701  1-4 EEL =       106.9873  VDWAALS    =        -2.3573
 EELEC  =      -139.5010  EGB     =       -24.2441  RESTRAINT  =         0.3164
 ESURF=         1.9608
 EAMBER (non-restraint)  =         0.0132
 ------------------------------------------------------------------------------

 NMR restraints: Bond =    0.000   Angle =     0.000   Torsion =     0.316
===============================================================================
| RE_POSITION Moving by  -0.232358  4.881405  3.362043

 NSTEP =   410000   TIME(PS) =    2820.000  TEMP(K) =   425.55  PRESS =     0.0
 Etot   =        30.3616  EKtot   =        33.4034  EPtot      =        -3.0418
 BOND   =         5.8300  ANGLE   =        13.9571  DIHED      =        31.5354
 1-4 NB =         3.6462  1-4 EEL =       107.5010  VDWAALS    =        -3.8754
 EELEC  =      -140.1235  EGB     =       -23.5603  RESTRAINT  =         0.0699
 ESURF=         1.9779
 EAMBER (non-restraint)  =        -3.1117
 ------------------------------------------------------------------------------

 NMR restraints: Bond =    0.000   Angle =     0.000   Torsion =     0.070
===============================================================================

 NSTEP =   415000   TIME(PS) =    2830.000  TEMP(K) =   235.11  PRESS =     0.0
 Etot   =        16.4038  EKtot   =        18.4550  EPtot      =        -2.0512
 BOND   =         3.3206  ANGLE   =        12.4885  DIHED      =        31.4376
 1-4 NB =         6.1605  1-4 EEL =       117.3559  VDWAALS    =        -1.2541
 EELEC  =      -152.6640  EGB     =       -21.1331  RESTRAINT  =         0.3798
 ESURF=         1.8571
 EAMBER (non-restraint)  =        -2.4310
 ------------------------------------------------------------------------------

 NMR restraints: Bond =    0.000   Angle =     0.000   Torsion =     0.380
===============================================================================
| RE_POSITION Moving by   1.081238 -1.417411  2.112284

 NSTEP =   420000   TIME(PS) =    2840.000  TEMP(K) =   269.90  PRESS =     0.0
 Etot   =        17.3929  EKtot   =        21.1858  EPtot      =        -3.7930
 BOND   =         2.8496  ANGLE   =        11.8866  DIHED      =        33.4116
 1-4 NB =         4.4853  1-4 EEL =       109.9152  VDWAALS    =        -3.9053
 EELEC  =      -140.9068  EGB     =       -24.2686  RESTRAINT  =         0.8299
 ESURF=         1.9097
 EAMBER (non-restraint)  =        -4.6229
 ------------------------------------------------------------------------------

 NMR restraints: Bond =    0.000   Angle =     0.000   Torsion =     0.830
===============================================================================

 NSTEP =   425000   TIME(PS) =    2850.000  TEMP(K) =   335.91  PRESS =     0.0
 Etot   =        22.4205  EKtot   =        26.3667  EPtot      =        -3.9462
 BOND   =         7.2312  ANGLE   =        13.4913  DIHED      =        29.5831
 1-4 NB =         3.9801  1-4 EEL =       108.4259  VDWAALS    =        -3.5316
 EELEC  =      -141.5235  EGB     =       -23.6752  RESTRAINT  =         0.0746
 ESURF=         1.9979
 EAMBER (non-restraint)  =        -4.0208
 ------------------------------------------------------------------------------

 NMR restraints: Bond =    0.000   Angle =     0.000   Torsion =     0.075
===============================================================================
| RE_POSITION Moving by   3.637193 -4.982709 -7.778447

 NSTEP =   430000   TIME(PS) =    2860.000  TEMP(K) =   266.04  PRESS =     0.0
 Etot   =        27.6947  EKtot   =        20.8822  EPtot      =         6.8125
 BOND   =         8.0470  ANGLE   =        14.7268  DIHED      =        36.3934
 1-4 NB =         4.9320  1-4 EEL =       107.1416  VDWAALS    =        -3.0636
 EELEC  =      -141.0629  EGB     =       -22.4022  RESTRAINT  =         0.1814
 ESURF=         1.9190
 EAMBER (non-restraint)  =         6.6311
 ------------------------------------------------------------------------------

 NMR restraints: Bond =    0.000   Angle =     0.000   Torsion =     0.181
===============================================================================

 NSTEP =   435000   TIME(PS) =    2870.000  TEMP(K) =   399.18  PRESS =     0.0
 Etot   =        26.2721  EKtot   =        31.3336  EPtot      =        -5.0614
 BOND   =         3.2333  ANGLE   =        11.9800  DIHED      =        31.5574
 1-4 NB =         5.8075  1-4 EEL =       107.6197  VDWAALS    =        -3.7179
 EELEC  =      -141.6100  EGB     =       -23.2169  RESTRAINT  =         1.3604
 ESURF=         1.9250
 EAMBER (non-restraint)  =        -6.4219
 ------------------------------------------------------------------------------

 NMR restraints: Bond =    0.000   Angle =     0.000   Torsion =     1.360
===============================================================================
| RE_POSITION Moving by -10.511492  0.063062  1.726615

 NSTEP =   440000   TIME(PS) =    2880.000  TEMP(K) =   275.17  PRESS =     0.0
 Etot   =        17.1439  EKtot   =        21.5996  EPtot      =        -4.4556
 BOND   =         5.7476  ANGLE   =        11.4585  DIHED      =        28.0208
 1-4 NB =         5.4467  1-4 EEL =       114.0118  VDWAALS    =        -3.1171
 EELEC  =      -146.6734  EGB     =       -22.0550  RESTRAINT  =         0.7416
 ESURF=         1.9628
 EAMBER (non-restraint)  =        -5.1973
 ------------------------------------------------------------------------------

 NMR restraints: Bond =    0.000   Angle =     0.000   Torsion =     0.742
===============================================================================

 NSTEP =   445000   TIME(PS) =    2890.000  TEMP(K) =   343.67  PRESS =     0.0
 Etot   =        33.6993  EKtot   =        26.9761  EPtot      =         6.7232
 BOND   =         5.4609  ANGLE   =        17.3795  DIHED      =        30.6781
 1-4 NB =         4.8284  1-4 EEL =       113.6889  VDWAALS    =        -1.9256
 EELEC  =      -142.7072  EGB     =       -24.6612  RESTRAINT  =         2.0129
 ESURF=         1.9685
 EAMBER (non-restraint)  =         4.7103
 ------------------------------------------------------------------------------

 NMR restraints: Bond =    0.000   Angle =     0.000   Torsion =     2.013
===============================================================================
| RE_POSITION Moving by   3.433542 10.063885  5.972588

 NSTEP =   450000   TIME(PS) =    2900.000  TEMP(K) =   324.35  PRESS =     0.0
 Etot   =        25.7080  EKtot   =        25.4593  EPtot      =         0.2487
 BOND   =         8.0966  ANGLE   =        12.8688  DIHED      =        30.8406
 1-4 NB =         4.2112  1-4 EEL =       109.3561  VDWAALS    =        -3.0889
 EELEC  =      -138.6792  EGB     =       -25.6440  RESTRAINT  =         0.2977
 ESURF=         1.9897
 EAMBER (non-restraint)  =        -0.0490
 ------------------------------------------------------------------------------

 NMR restraints: Bond =    0.000   Angle =     0.000   Torsion =     0.298
===============================================================================

 NSTEP =   455000   TIME(PS) =    2910.000  TEMP(K) =   232.49  PRESS =     0.0
 Etot   =        14.8298  EKtot   =        18.2491  EPtot      =        -3.4193
 BOND   =         3.4611  ANGLE   =        12.9037  DIHED      =        31.0607
 1-4 NB =         3.6743  1-4 EEL =       114.1512  VDWAALS    =        -3.8908
 EELEC  =      -142.1894  EGB     =       -25.9737  RESTRAINT  =         1.4608
 ESURF=         1.9229
 EAMBER (non-restraint)  =        -4.8801
 ------------------------------------------------------------------------------

 NMR restraints: Bond =    0.000   Angle =     0.000   Torsion =     1.461
===============================================================================
| RE_POSITION Moving by  -4.604663  6.874933  6.739881

 NSTEP =   460000   TIME(PS) =    2920.000  TEMP(K) =   296.81  PRESS =     0.0
 Etot   =        23.4206  EKtot   =        23.2978  EPtot      =         0.1228
 BOND   =         3.8339  ANGLE   =        18.0656  DIHED      =        31.5228
 1-4 NB =         2.7942  1-4 EEL =       110.8055  VDWAALS    =        -3.2428
 EELEC  =      -137.3325  EGB     =       -29.0412  RESTRAINT  =         0.7530
 ESURF=         1.9643
 EAMBER (non-restraint)  =        -0.6302
 ------------------------------------------------------------------------------

 NMR restraints: Bond =    0.000   Angle =     0.000   Torsion =     0.753
===============================================================================

 NSTEP =   465000   TIME(PS) =    2930.000  TEMP(K) =   337.99  PRESS =     0.0
 Etot   =        29.0727  EKtot   =        26.5301  EPtot      =         2.5427
 BOND   =         8.3123  ANGLE   =        16.7683  DIHED      =        29.8126
 1-4 NB =         3.5150  1-4 EEL =       113.1934  VDWAALS    =        -3.8097
 EELEC  =      -142.2097  EGB     =       -25.9139  RESTRAINT  =         0.8869
 ESURF=         1.9874
 EAMBER (non-restraint)  =         1.6557
 ------------------------------------------------------------------------------

 NMR restraints: Bond =    0.000   Angle =     0.000   Torsion =     0.887
===============================================================================
| RE_POSITION Moving by   1.476919 -2.530486 -8.315220

 NSTEP =   470000   TIME(PS) =    2940.000  TEMP(K) =   325.58  PRESS =     0.0
 Etot   =        22.3845  EKtot   =        25.5557  EPtot      =        -3.1713
 BOND   =         4.4944  ANGLE   =        12.1575  DIHED      =        30.7729
 1-4 NB =         6.1870  1-4 EEL =       108.8179  VDWAALS    =        -3.3162
 EELEC  =      -138.9736  EGB     =       -25.4700  RESTRAINT  =         0.2003
 ESURF=         1.9586
 EAMBER (non-restraint)  =        -3.3716
 ------------------------------------------------------------------------------

 NMR restraints: Bond =    0.000   Angle =     0.000   Torsion =     0.200
===============================================================================

 NSTEP =   475000   TIME(PS) =    2950.000  TEMP(K) =   299.15  PRESS =     0.0
 Etot   =        23.3214  EKtot   =        23.4811  EPtot      =        -0.1597
 BOND   =         9.2203  ANGLE   =        14.3735  DIHED      =        30.6167
 1-4 NB =         4.2033  1-4 EEL =       107.3851  VDWAALS    =        -2.6220
 EELEC  =      -142.0131  EGB     =       -23.6159  RESTRAINT  =         0.2826
 ESURF=         2.0098
 EAMBER (non-restraint)  =        -0.4423
 ------------------------------------------------------------------------------

 NMR restraints: Bond =    0.000   Angle =     0.000   Torsion =     0.283
===============================================================================
| RE_POSITION Moving by  -1.053813 -0.043191 -3.574337

 NSTEP =   480000   TIME(PS) =    2960.000  TEMP(K) =   353.55  PRESS =     0.0
 Etot   =        27.6523  EKtot   =        27.7512  EPtot      =        -0.0989
 BOND   =         3.2101  ANGLE   =        15.3479  DIHED      =        32.0764
 1-4 NB =         5.4481  1-4 EEL =       115.9942  VDWAALS    =        -3.5062
 EELEC  =      -147.8816  EGB     =       -22.7717  RESTRAINT  =         0.0292
 ESURF=         1.9546
 EAMBER (non-restraint)  =        -0.1281
 ------------------------------------------------------------------------------

 NMR restraints: Bond =    0.000   Angle =     0.000   Torsion =     0.029
===============================================================================

 NSTEP =   485000   TIME(PS) =    2970.000  TEMP(K) =   348.83  PRESS =     0.0
 Etot   =        26.9823  EKtot   =        27.3814  EPtot      =        -0.3991
 BOND   =         6.3844  ANGLE   =        17.0475  DIHED      =        32.2069
 1-4 NB =         3.7711  1-4 EEL =       107.2585  VDWAALS    =        -4.2361
 EELEC  =      -143.7616  EGB     =       -21.0561  RESTRAINT  =         0.0349
 ESURF=         1.9516
 EAMBER (non-restraint)  =        -0.4340
 ------------------------------------------------------------------------------

 NMR restraints: Bond =    0.000   Angle =     0.000   Torsion =     0.035
===============================================================================
| RE_POSITION Moving by   6.874771 -1.361244  2.537472

 NSTEP =   490000   TIME(PS) =    2980.000  TEMP(K) =   279.12  PRESS =     0.0
 Etot   =        20.6288  EKtot   =        21.9093  EPtot      =        -1.2805
 BOND   =         3.4881  ANGLE   =        16.2507  DIHED      =        32.4490
 1-4 NB =         5.1602  1-4 EEL =       110.0857  VDWAALS    =        -4.6217
 EELEC  =      -145.8932  EGB     =       -20.2033  RESTRAINT  =         0.0939
 ESURF=         1.9102
 EAMBER (non-restraint)  =        -1.3743
 ------------------------------------------------------------------------------

 NMR restraints: Bond =    0.000   Angle =     0.000   Torsion =     0.094
===============================================================================

 NSTEP =   495000   TIME(PS) =    2990.000  TEMP(K) =   274.73  PRESS =     0.0
 Etot   =        23.1542  EKtot   =        21.5643  EPtot      =         1.5899
 BOND   =         5.7249  ANGLE   =        20.5281  DIHED      =        29.9443
 1-4 NB =         3.5031  1-4 EEL =       108.2059  VDWAALS    =        -4.6303
 EELEC  =      -142.0843  EGB     =       -21.8723  RESTRAINT  =         0.3742
 ESURF=         1.8963
 EAMBER (non-restraint)  =         1.2157
 ------------------------------------------------------------------------------

 NMR restraints: Bond =    0.000   Angle =     0.000   Torsion =     0.374
===============================================================================
| RE_POSITION Moving by  -2.221300  9.998527 -0.817356

 NSTEP =   500000   TIME(PS) =    3000.000  TEMP(K) =   326.40  PRESS =     0.0
 Etot   =        22.1659  EKtot   =        25.6203  EPtot      =        -3.4544
 BOND   =         3.4553  ANGLE   =        15.9695  DIHED      =        31.4320
 1-4 NB =         4.5221  1-4 EEL =       106.8585  VDWAALS    =        -4.3771
 EELEC  =      -142.1175  EGB     =       -21.9186  RESTRAINT  =         0.7803
 ESURF=         1.9409
 EAMBER (non-restraint)  =        -4.2347
 ------------------------------------------------------------------------------

 NMR restraints: Bond =    0.000   Angle =     0.000   Torsion =     0.780
===============================================================================

      A V E R A G E S   O V E R  500000 S T E P S


 NSTEP =   500000   TIME(PS) =    3000.000  TEMP(K) =   300.34  PRESS =     0.0
 Etot   =        24.0657  EKtot   =        23.5749  EPtot      =         0.4908
 BOND   =         5.4385  ANGLE   =        15.2955  DIHED      =        31.4234
 1-4 NB =         4.7865  1-4 EEL =       110.8493  VDWAALS    =        -3.4950
 EELEC  =      -142.7274  EGB     =       -23.5296  RESTRAINT  =         0.4931
 ESURF=         1.9565
 EAMBER (non-restraint)  =        -0.0023
 ------------------------------------------------------------------------------

 NMR restraints: Bond =    0.000   Angle =     0.000   Torsion =     0.780
===============================================================================

      R M S  F L U C T U A T I O N S


 NSTEP =   500000   TIME(PS) =    3000.000  TEMP(K) =    47.31  PRESS =     0.0
 Etot   =         5.1699  EKtot   =         3.7136  EPtot      =         3.6966
 BOND   =         1.9717  ANGLE   =         3.1558  DIHED      =         1.6782
 1-4 NB =         0.9817  1-4 EEL =         2.9899  VDWAALS    =         0.7487
 EELEC  =         3.4786  EGB     =         2.3400  RESTRAINT  =         0.6556
 ESURF=         0.0389
 EAMBER (non-restraint)  =         3.0409
 ------------------------------------------------------------------------------


 NMR restraints on final step:


--------------------------------------------------------------------------------
   5.  TIMINGS
--------------------------------------------------------------------------------

|>>>>>>>>PROFILE of Average TIMES>>>>>>>>> 
|                Calc gb radii             28.19 ( 8.03% of Gen B)
|                Communicate gb radii     222.16 (63.27% of Gen B)
|                Calc gb diag              39.80 (11.34% of Gen B)
|                Calc gb off-diag          25.63 ( 7.30% of Gen B)
|                Surface area energy       34.64 ( 9.87% of Gen B)
|                Other                      0.68 ( 0.19% of Gen B)
|             Gen Born time            351.11 (100.0% of Nonbo)
|             IPS excludes               0.09 ( 0.03% of Nonbo)
|          Nonbond force            351.20 (29.30% of Force)
|          Bond/Angle/Dihedral       12.48 ( 1.04% of Force)
|          FRC Collect time         602.96 (50.30% of Force)
|          Other                    231.99 (19.35% of Force)
|       Force time              1198.62 (78.35% of Runmd)
|       Shake time                 1.68 ( 0.11% of Runmd)
|       Verlet update time       259.66 (16.97% of Runmd)
|       CRD distribute time       68.73 ( 4.49% of Runmd)
|       Other                      1.13 ( 0.07% of Runmd)
|    Runmd Time              1529.82 (100.0% of Total)
|    Other                      0.21 ( 0.01% of Total)
| Total time              1530.04 (100.0% of ALL  )

| Number of list builds   :          0

| Highest rstack allocated:          0
| Highest istack allocated:          0

| Final Performance Info:
| -----------------------------------------------------
| Average timings for all steps:
|     Elapsed(s) =    1529.83 Per Step(ms) =       3.06
|         ns/day =      56.48   seconds/ns =    1529.83
| -----------------------------------------------------

|           Job began  at 20:31:41.692  on 04/27/2013
|           Setup done at 20:31:41.905  on 04/27/2013
|           Run   done at 20:57:11.731  on 04/27/2013
|     wallclock() was called18500113 times
