
          -------------------------------------------------------
          Amber 12 SANDER                              2012
          -------------------------------------------------------

| Run on 04/27/2013 at 20:31:41
  [-O]verwriting output

File Assignments:
|  MDIN: run_102.in                                                            
| MDOUT: run_102.out                                                           
|INPCRD: ../eq2/run_102.rst                                                    
|  PARM: parm                                                                  
|RESTRT: run_102.rst                                                           
|  REFC: refc                                                                  
| MDVEL: mdvel                                                                 
|  MDEN: mden                                                                  
| MDCRD: run_102.nc                                                            
|MDINFO: mdinfo                                                                
|  MTMD: mtmd                                                                  
|INPDIP: inpdip                                                                
|RSTDIP: rstdip                                                                

|INPTRA: inptraj                                                               
|
 
 Here is the input file:
 
equilibration with restraint                                                   
 &cntrl                                                                        
   ig=618151,                                                                  
   irest=1, ntx=5,                                                             
   igb=8, gbsa=1,                                                              
   cut=9999.0, rgbmax=9998.0,                                                  
   ntc=2, ntf=1, tol=0.000001,                                                 
   ntt=3, gamma_ln=2.0, tempi=0.1,                                             
   ntb=0, nscm=10000,                                                          
   ioutfm=1,                                                                   
   nstlim=500000, dt=0.002,                                                    
   ntpr=5000, ntwx=5000, ntwv=0, ntwr=500000,                                  
   nmropt=1,                                                                   
 /                                                                             
 &wt                                                                           
  type='DUMPFREQ', istep1=5000,                                                
 /                                                                             
 &wt                                                                           
  type='END',                                                                  
 /                                                                             
DISANG=run_102.disang                                                          
DUMPAVE=run_102.dat                                                            
                                                                               

--------------------------------------------------------------------------------
   1.  RESOURCE   USE: 
--------------------------------------------------------------------------------

| Flags: MPI                                                                    
| New format PARM file being parsed.
| Version =    1.000 Date = 04/27/13 Time = 01:42:54
 NATOM  =      32 NTYPES =       7 NBONH =      17 MBONA  =      14
 NTHETH =      36 MTHETA =      18 NPHIH =      64 MPHIA  =      45
 NHPARM =       0 NPARM  =       0 NNB   =     152 NRES   =       4
 NBONA  =      14 NTHETA =      18 NPHIA =      45 NUMBND =      11
 NUMANG =      21 NPTRA  =      20 NATYP =       8 NPHB   =       0
 IFBOX  =       0 NMXRS  =      10 IFCAP =       0 NEXTRA =       0
 NCOPY  =       0

 Implicit solvent radii are ArgH and AspGluO modified Bondi2 radii (mbondi3)                                
 Replacing prmtop screening parameters with GBn2 (igb=8) values

|     Memory Use     Allocated
|     Real                2310
|     Hollerith            102
|     Integer            23012
|     Max Pairs              1
|     nblistReal             0
|     nblist Int             0
|       Total              108 kbytes

| Note: 1-4 EEL scale factors are being read from the topology file.

| Note: 1-4 VDW scale factors are being read from the topology file.
| Duplicated    0 dihedrals
| Duplicated    0 dihedrals

--------------------------------------------------------------------------------
   2.  CONTROL  DATA  FOR  THE  RUN
--------------------------------------------------------------------------------

ACE                                                                             

General flags:
     imin    =       0, nmropt  =       1

Nature and format of input:
     ntx     =       5, irest   =       1, ntrx    =       1

Nature and format of output:
     ntxo    =       1, ntpr    =    5000, ntrx    =       1, ntwr    =  500000
     iwrap   =       0, ntwx    =    5000, ntwv    =       0, ntwe    =       0
     ioutfm  =       1, ntwprt  =       0, idecomp =       0, rbornstat=      0

Potential function:
     ntf     =       1, ntb     =       0, igb     =       8, nsnb    =      25
     ipol    =       0, gbsa    =       1, iesp    =       0
     dielc   =   1.00000, cut     =9999.00000, intdiel =   1.00000
     saltcon =   0.00000, offset  =   0.19514, surften =   0.00500
     rdt     =   0.00000, rgbmax  =9998.00000  extdiel =  78.50000
     alpb  =        0
     gbalphaH  =   0.78844, gbbetaH   =   0.79870,  gbgammaH  =    0.43733
     gbalphaC  =   0.73376, gbbetaC   =   0.50638,  gbgammaC  =    0.20584
     gbalphaN  =   0.50336, gbbetaN   =   0.31683,  gbgammaN  =    0.19292
     gbalphaOS =   0.86781, gbbetaOS  =   0.87664,  gbgammaOS =    0.38788
     gbalphaP  =   1.00000, gbbetaP   =   0.80000,  gbgammaP  =    4.85100

Frozen or restrained atoms:
     ibelly  =       0, ntr     =       0

Molecular dynamics:
     nstlim  =    500000, nscm    =     10000, nrespa  =         1
     t       =   0.00000, dt      =   0.00200, vlimit  =  20.00000

Langevin dynamics temperature regulation:
     ig      =  618151
     temp0   = 300.00000, tempi   =   0.10000, gamma_ln=   2.00000

SHAKE:
     ntc     =       2, jfastw  =       0
     tol     =   0.00000

NMR refinement options:
     iscale  =       0, noeskp  =       1, ipnlty  =       1, mxsub   =       1
     scalm   = 100.00000, pencut  =   0.10000, tausw   =   0.10000

| MPI Timing options:
|      profile_mpi =        0
|  INFO: Old style inpcrd file read


--------------------------------------------------------------------------------
   3.  ATOMIC COORDINATES AND VELOCITIES
--------------------------------------------------------------------------------

ACE                                                                             
 begin time read from input coords =  2000.000 ps



           Begin reading energy term weight changes/NMR restraints
 WEIGHT CHANGES:
 DUMPFREQ   5000      0    0.000000    0.000000      0      0
                         ** No weight changes given **

 RESTRAINTS:
 Requested file redirections:
  DISANG    = run_102.disang
  DUMPAVE   = run_102.dat
 Restraints will be read from file: run_102.disang
Here are comments from the DISANG input file:

                       Number of restraints read =     1

                  Done reading weight changes/NMR restraints


 Number of triangulated 3-point waters found:        0
|  Atom division among processors:
|         0      16      32
|  Running AMBER/MPI version on    2 nodes


--------------------------------------------------------------------------------
   4.  RESULTS
--------------------------------------------------------------------------------

|  # of SOLUTE  degrees of freedom (RNDFP):      79.
|  # of SOLVENT degrees of freedom (RNDFS):       0.
|  NDFMIN =      79.     NUM_NOSHAKE =      0     CORRECTED RNDFP =      79.
|  TOTAL # of degrees of freedom (RNDF) =      79.

 NSTEP =     5000   TIME(PS) =    2010.000  TEMP(K) =   278.11  PRESS =     0.0
 Etot   =        18.6361  EKtot   =        21.8302  EPtot      =        -3.1941
 BOND   =         9.0238  ANGLE   =         9.6596  DIHED      =        32.3363
 1-4 NB =         4.2986  1-4 EEL =       115.4566  VDWAALS    =        -4.8512
 EELEC  =      -148.4847  EGB     =       -22.6332  RESTRAINT  =         0.1305
 ESURF=         1.8698
 EAMBER (non-restraint)  =        -3.3246
 ------------------------------------------------------------------------------

 NMR restraints: Bond =    0.000   Angle =     0.000   Torsion =     0.131
===============================================================================
| RE_POSITION Moving by  -5.999467 -4.055430 -2.075392

 NSTEP =    10000   TIME(PS) =    2020.000  TEMP(K) =   337.33  PRESS =     0.0
 Etot   =        27.2678  EKtot   =        26.4786  EPtot      =         0.7892
 BOND   =         4.6846  ANGLE   =        15.0722  DIHED      =        31.4553
 1-4 NB =         5.0899  1-4 EEL =       115.1963  VDWAALS    =        -3.8711
 EELEC  =      -144.7552  EGB     =       -24.3914  RESTRAINT  =         0.3013
 ESURF=         2.0074
 EAMBER (non-restraint)  =         0.4878
 ------------------------------------------------------------------------------

 NMR restraints: Bond =    0.000   Angle =     0.000   Torsion =     0.301
===============================================================================

 NSTEP =    15000   TIME(PS) =    2030.000  TEMP(K) =   298.01  PRESS =     0.0
 Etot   =        28.8963  EKtot   =        23.3918  EPtot      =         5.5045
 BOND   =         7.1832  ANGLE   =        18.8124  DIHED      =        33.3538
 1-4 NB =         5.2198  1-4 EEL =       116.9943  VDWAALS    =        -5.7152
 EELEC  =      -151.6063  EGB     =       -21.7134  RESTRAINT  =         1.1240
 ESURF=         1.8519
 EAMBER (non-restraint)  =         4.3805
 ------------------------------------------------------------------------------

 NMR restraints: Bond =    0.000   Angle =     0.000   Torsion =     1.124
===============================================================================
| RE_POSITION Moving by  -7.049674 -0.407696 -1.234393

 NSTEP =    20000   TIME(PS) =    2040.000  TEMP(K) =   237.14  PRESS =     0.0
 Etot   =        26.7227  EKtot   =        18.6145  EPtot      =         8.1083
 BOND   =         8.1302  ANGLE   =        18.7332  DIHED      =        33.4270
 1-4 NB =         6.7206  1-4 EEL =       116.4886  VDWAALS    =        -5.0956
 EELEC  =      -152.6996  EGB     =       -19.6233  RESTRAINT  =         0.1668
 ESURF=         1.8605
 EAMBER (non-restraint)  =         7.9415
 ------------------------------------------------------------------------------

 NMR restraints: Bond =    0.000   Angle =     0.000   Torsion =     0.167
===============================================================================

 NSTEP =    25000   TIME(PS) =    2050.000  TEMP(K) =   232.76  PRESS =     0.0
 Etot   =        28.4829  EKtot   =        18.2699  EPtot      =        10.2130
 BOND   =         7.8018  ANGLE   =        20.9319  DIHED      =        32.5720
 1-4 NB =         6.3638  1-4 EEL =       116.8153  VDWAALS    =        -4.0175
 EELEC  =      -151.7262  EGB     =       -21.6118  RESTRAINT  =         1.1527
 ESURF=         1.9312
 EAMBER (non-restraint)  =         9.0604
 ------------------------------------------------------------------------------

 NMR restraints: Bond =    0.000   Angle =     0.000   Torsion =     1.153
===============================================================================
| RE_POSITION Moving by   2.213313  2.557904  4.109680

 NSTEP =    30000   TIME(PS) =    2060.000  TEMP(K) =   354.61  PRESS =     0.0
 Etot   =        26.4712  EKtot   =        27.8349  EPtot      =        -1.3637
 BOND   =         7.4092  ANGLE   =        15.0468  DIHED      =        31.6867
 1-4 NB =         5.1432  1-4 EEL =       115.8646  VDWAALS    =        -6.2533
 EELEC  =      -151.8154  EGB     =       -20.8533  RESTRAINT  =         0.5719
 ESURF=         1.8359
 EAMBER (non-restraint)  =        -1.9356
 ------------------------------------------------------------------------------

 NMR restraints: Bond =    0.000   Angle =     0.000   Torsion =     0.572
===============================================================================

 NSTEP =    35000   TIME(PS) =    2070.000  TEMP(K) =   313.45  PRESS =     0.0
 Etot   =        23.8386  EKtot   =        24.6042  EPtot      =        -0.7656
 BOND   =         6.3965  ANGLE   =        15.2919  DIHED      =        32.6205
 1-4 NB =         4.6638  1-4 EEL =       118.1307  VDWAALS    =        -5.9282
 EELEC  =      -151.9753  EGB     =       -21.9405  RESTRAINT  =         0.1093
 ESURF=         1.8658
 EAMBER (non-restraint)  =        -0.8749
 ------------------------------------------------------------------------------

 NMR restraints: Bond =    0.000   Angle =     0.000   Torsion =     0.109
===============================================================================
| RE_POSITION Moving by   1.706012  0.728836  3.303547

 NSTEP =    40000   TIME(PS) =    2080.000  TEMP(K) =   270.97  PRESS =     0.0
 Etot   =        21.7391  EKtot   =        21.2695  EPtot      =         0.4696
 BOND   =         4.4986  ANGLE   =        13.4114  DIHED      =        32.5303
 1-4 NB =         5.6510  1-4 EEL =       119.0987  VDWAALS    =        -4.9130
 EELEC  =      -151.4904  EGB     =       -20.8232  RESTRAINT  =         0.6612
 ESURF=         1.8451
 EAMBER (non-restraint)  =        -0.1915
 ------------------------------------------------------------------------------

 NMR restraints: Bond =    0.000   Angle =     0.000   Torsion =     0.661
===============================================================================

 NSTEP =    45000   TIME(PS) =    2090.000  TEMP(K) =   242.56  PRESS =     0.0
 Etot   =        26.1607  EKtot   =        19.0396  EPtot      =         7.1211
 BOND   =         3.6027  ANGLE   =        17.6167  DIHED      =        35.9803
 1-4 NB =         5.0811  1-4 EEL =       116.7421  VDWAALS    =        -4.6807
 EELEC  =      -145.3998  EGB     =       -23.8323  RESTRAINT  =         0.1290
 ESURF=         1.8819
 EAMBER (non-restraint)  =         6.9921
 ------------------------------------------------------------------------------

 NMR restraints: Bond =    0.000   Angle =     0.000   Torsion =     0.129
===============================================================================
| RE_POSITION Moving by   0.819975 -0.962671 -9.659492

 NSTEP =    50000   TIME(PS) =    2100.000  TEMP(K) =   221.00  PRESS =     0.0
 Etot   =        19.0254  EKtot   =        17.3472  EPtot      =         1.6783
 BOND   =         8.6957  ANGLE   =        15.3620  DIHED      =        34.8638
 1-4 NB =         3.1526  1-4 EEL =       114.1874  VDWAALS    =        -5.0046
 EELEC  =      -148.8197  EGB     =       -22.5941  RESTRAINT  =         0.0001
 ESURF=         1.8352
 EAMBER (non-restraint)  =         1.6782
 ------------------------------------------------------------------------------

 NMR restraints: Bond =    0.000   Angle =     0.000   Torsion =     0.000
===============================================================================

 NSTEP =    55000   TIME(PS) =    2110.000  TEMP(K) =   253.81  PRESS =     0.0
 Etot   =        21.2589  EKtot   =        19.9227  EPtot      =         1.3362
 BOND   =         4.7446  ANGLE   =        14.8532  DIHED      =        32.9115
 1-4 NB =         6.3188  1-4 EEL =       118.3198  VDWAALS    =        -4.7683
 EELEC  =      -152.3216  EGB     =       -21.5682  RESTRAINT  =         0.9486
 ESURF=         1.8978
 EAMBER (non-restraint)  =         0.3876
 ------------------------------------------------------------------------------

 NMR restraints: Bond =    0.000   Angle =     0.000   Torsion =     0.949
===============================================================================
| RE_POSITION Moving by   2.245951 -4.415454  2.285051

 NSTEP =    60000   TIME(PS) =    2120.000  TEMP(K) =   342.05  PRESS =     0.0
 Etot   =        35.9284  EKtot   =        26.8487  EPtot      =         9.0797
 BOND   =         9.6025  ANGLE   =        20.4392  DIHED      =        31.9920
 1-4 NB =         3.8618  1-4 EEL =       120.2213  VDWAALS    =        -4.1462
 EELEC  =      -152.0402  EGB     =       -23.0296  RESTRAINT  =         0.2430
 ESURF=         1.9359
 EAMBER (non-restraint)  =         8.8367
 ------------------------------------------------------------------------------

 NMR restraints: Bond =    0.000   Angle =     0.000   Torsion =     0.243
===============================================================================

 NSTEP =    65000   TIME(PS) =    2130.000  TEMP(K) =   288.06  PRESS =     0.0
 Etot   =        25.9752  EKtot   =        22.6109  EPtot      =         3.3643
 BOND   =         7.1002  ANGLE   =        16.6195  DIHED      =        31.6207
 1-4 NB =         3.2284  1-4 EEL =       116.7223  VDWAALS    =        -4.2013
 EELEC  =      -146.9895  EGB     =       -24.8341  RESTRAINT  =         2.1389
 ESURF=         1.9592
 EAMBER (non-restraint)  =         1.2254
 ------------------------------------------------------------------------------

 NMR restraints: Bond =    0.000   Angle =     0.000   Torsion =     2.139
===============================================================================
| RE_POSITION Moving by   6.554430 -1.782371  1.733760

 NSTEP =    70000   TIME(PS) =    2140.000  TEMP(K) =   272.91  PRESS =     0.0
 Etot   =        22.7224  EKtot   =        21.4214  EPtot      =         1.3010
 BOND   =         4.0291  ANGLE   =        16.4239  DIHED      =        33.9221
 1-4 NB =         5.2727  1-4 EEL =       119.1434  VDWAALS    =        -3.6177
 EELEC  =      -152.4208  EGB     =       -23.5007  RESTRAINT  =         0.0799
 ESURF=         1.9692
 EAMBER (non-restraint)  =         1.2211
 ------------------------------------------------------------------------------

 NMR restraints: Bond =    0.000   Angle =     0.000   Torsion =     0.080
===============================================================================

 NSTEP =    75000   TIME(PS) =    2150.000  TEMP(K) =   302.47  PRESS =     0.0
 Etot   =        21.1093  EKtot   =        23.7420  EPtot      =        -2.6327
 BOND   =         5.2218  ANGLE   =        12.0186  DIHED      =        32.4372
 1-4 NB =         4.3530  1-4 EEL =       123.7485  VDWAALS    =        -3.7171
 EELEC  =      -155.9854  EGB     =       -22.6890  RESTRAINT  =         0.0294
 ESURF=         1.9503
 EAMBER (non-restraint)  =        -2.6621
 ------------------------------------------------------------------------------

 NMR restraints: Bond =    0.000   Angle =     0.000   Torsion =     0.029
===============================================================================
| RE_POSITION Moving by  -3.488736  1.115011  3.072300

 NSTEP =    80000   TIME(PS) =    2160.000  TEMP(K) =   242.37  PRESS =     0.0
 Etot   =        17.5964  EKtot   =        19.0250  EPtot      =        -1.4286
 BOND   =         6.9774  ANGLE   =        10.0742  DIHED      =        32.3221
 1-4 NB =         4.3311  1-4 EEL =       120.4413  VDWAALS    =        -3.6014
 EELEC  =      -152.3503  EGB     =       -23.3915  RESTRAINT  =         1.8119
 ESURF=         1.9566
 EAMBER (non-restraint)  =        -3.2405
 ------------------------------------------------------------------------------

 NMR restraints: Bond =    0.000   Angle =     0.000   Torsion =     1.812
===============================================================================

 NSTEP =    85000   TIME(PS) =    2170.000  TEMP(K) =   319.92  PRESS =     0.0
 Etot   =        27.8439  EKtot   =        25.1119  EPtot      =         2.7320
 BOND   =         2.1878  ANGLE   =        16.3606  DIHED      =        33.7460
 1-4 NB =         5.4377  1-4 EEL =       122.1947  VDWAALS    =        -1.1137
 EELEC  =      -159.7864  EGB     =       -20.0268  RESTRAINT  =         1.7988
 ESURF=         1.9334
 EAMBER (non-restraint)  =         0.9332
 ------------------------------------------------------------------------------

 NMR restraints: Bond =    0.000   Angle =     0.000   Torsion =     1.799
===============================================================================
| RE_POSITION Moving by  -0.213888  4.840705  2.286217

 NSTEP =    90000   TIME(PS) =    2180.000  TEMP(K) =   347.38  PRESS =     0.0
 Etot   =        23.5845  EKtot   =        27.2671  EPtot      =        -3.6827
 BOND   =         4.2699  ANGLE   =        11.5771  DIHED      =        30.2003
 1-4 NB =         5.4418  1-4 EEL =       121.2770  VDWAALS    =        -3.5105
 EELEC  =      -150.9258  EGB     =       -24.0678  RESTRAINT  =         0.0780
 ESURF=         1.9773
 EAMBER (non-restraint)  =        -3.7607
 ------------------------------------------------------------------------------

 NMR restraints: Bond =    0.000   Angle =     0.000   Torsion =     0.078
===============================================================================

 NSTEP =    95000   TIME(PS) =    2190.000  TEMP(K) =   339.22  PRESS =     0.0
 Etot   =        29.4457  EKtot   =        26.6266  EPtot      =         2.8192
 BOND   =        10.7002  ANGLE   =        12.7695  DIHED      =        30.1531
 1-4 NB =         5.5625  1-4 EEL =       124.2756  VDWAALS    =        -3.5824
 EELEC  =      -157.7751  EGB     =       -21.8411  RESTRAINT  =         0.6462
 ESURF=         1.9108
 EAMBER (non-restraint)  =         2.1729
 ------------------------------------------------------------------------------

 NMR restraints: Bond =    0.000   Angle =     0.000   Torsion =     0.646
===============================================================================
| RE_POSITION Moving by   3.579416  3.902833 -0.612586

 NSTEP =   100000   TIME(PS) =    2200.000  TEMP(K) =   175.99  PRESS =     0.0
 Etot   =        13.6980  EKtot   =        13.8140  EPtot      =        -0.1160
 BOND   =         3.2606  ANGLE   =        18.4186  DIHED      =        32.1200
 1-4 NB =         3.7352  1-4 EEL =       118.8619  VDWAALS    =        -3.5604
 EELEC  =      -153.0461  EGB     =       -21.8519  RESTRAINT  =         0.0108
 ESURF=         1.9353
 EAMBER (non-restraint)  =        -0.1268
 ------------------------------------------------------------------------------

 NMR restraints: Bond =    0.000   Angle =     0.000   Torsion =     0.011
===============================================================================

 NSTEP =   105000   TIME(PS) =    2210.000  TEMP(K) =   296.92  PRESS =     0.0
 Etot   =        23.9694  EKtot   =        23.3068  EPtot      =         0.6626
 BOND   =         5.3995  ANGLE   =        14.3829  DIHED      =        32.1430
 1-4 NB =         5.6020  1-4 EEL =       123.1364  VDWAALS    =        -3.8670
 EELEC  =      -154.0507  EGB     =       -24.5087  RESTRAINT  =         0.4630
 ESURF=         1.9622
 EAMBER (non-restraint)  =         0.1996
 ------------------------------------------------------------------------------

 NMR restraints: Bond =    0.000   Angle =     0.000   Torsion =     0.463
===============================================================================
| RE_POSITION Moving by   5.541223  3.231894-16.249358

 NSTEP =   110000   TIME(PS) =    2220.000  TEMP(K) =   341.24  PRESS =     0.0
 Etot   =        24.1370  EKtot   =        26.7850  EPtot      =        -2.6480
 BOND   =         4.5643  ANGLE   =        12.2173  DIHED      =        32.6883
 1-4 NB =         5.6719  1-4 EEL =       122.0665  VDWAALS    =        -4.2663
 EELEC  =      -153.6130  EGB     =       -23.9340  RESTRAINT  =         0.0024
 ESURF=         1.9547
 EAMBER (non-restraint)  =        -2.6503
 ------------------------------------------------------------------------------

 NMR restraints: Bond =    0.000   Angle =     0.000   Torsion =     0.002
===============================================================================

 NSTEP =   115000   TIME(PS) =    2230.000  TEMP(K) =   244.44  PRESS =     0.0
 Etot   =        16.8048  EKtot   =        19.1871  EPtot      =        -2.3823
 BOND   =         6.2278  ANGLE   =        12.1729  DIHED      =        31.5339
 1-4 NB =         3.1670  1-4 EEL =       117.5725  VDWAALS    =        -3.1395
 EELEC  =      -145.0011  EGB     =       -26.9293  RESTRAINT  =         0.0004
 ESURF=         2.0132
 EAMBER (non-restraint)  =        -2.3827
 ------------------------------------------------------------------------------

 NMR restraints: Bond =    0.000   Angle =     0.000   Torsion =     0.000
===============================================================================
| RE_POSITION Moving by   3.998495  9.443515 -3.392903

 NSTEP =   120000   TIME(PS) =    2240.000  TEMP(K) =   348.16  PRESS =     0.0
 Etot   =        29.8014  EKtot   =        27.3288  EPtot      =         2.4726
 BOND   =         5.1307  ANGLE   =        20.4158  DIHED      =        31.7648
 1-4 NB =         3.4514  1-4 EEL =       118.1167  VDWAALS    =        -3.6395
 EELEC  =      -150.8954  EGB     =       -23.9851  RESTRAINT  =         0.0992
 ESURF=         2.0142
 EAMBER (non-restraint)  =         2.3735
 ------------------------------------------------------------------------------

 NMR restraints: Bond =    0.000   Angle =     0.000   Torsion =     0.099
===============================================================================

 NSTEP =   125000   TIME(PS) =    2250.000  TEMP(K) =   399.68  PRESS =     0.0
 Etot   =        27.9163  EKtot   =        31.3729  EPtot      =        -3.4565
 BOND   =         3.6837  ANGLE   =        12.8046  DIHED      =        32.5460
 1-4 NB =         3.9989  1-4 EEL =       121.2931  VDWAALS    =        -3.8499
 EELEC  =      -152.2607  EGB     =       -24.2743  RESTRAINT  =         0.6209
 ESURF=         1.9812
 EAMBER (non-restraint)  =        -4.0774
 ------------------------------------------------------------------------------

 NMR restraints: Bond =    0.000   Angle =     0.000   Torsion =     0.621
===============================================================================
| RE_POSITION Moving by  -4.826825  1.745071 -0.077461

 NSTEP =   130000   TIME(PS) =    2260.000  TEMP(K) =   436.09  PRESS =     0.0
 Etot   =        35.1088  EKtot   =        34.2305  EPtot      =         0.8783
 BOND   =         2.6959  ANGLE   =        17.2764  DIHED      =        34.6241
 1-4 NB =         3.5321  1-4 EEL =       117.3526  VDWAALS    =        -3.8881
 EELEC  =      -150.9850  EGB     =       -22.5736  RESTRAINT  =         0.8661
 ESURF=         1.9778
 EAMBER (non-restraint)  =         0.0122
 ------------------------------------------------------------------------------

 NMR restraints: Bond =    0.000   Angle =     0.000   Torsion =     0.866
===============================================================================

 NSTEP =   135000   TIME(PS) =    2270.000  TEMP(K) =   315.83  PRESS =     0.0
 Etot   =        30.6272  EKtot   =        24.7911  EPtot      =         5.8360
 BOND   =         2.5420  ANGLE   =        18.5574  DIHED      =        32.2498
 1-4 NB =         6.4571  1-4 EEL =       125.0758  VDWAALS    =        -2.0624
 EELEC  =      -158.9098  EGB     =       -20.8386  RESTRAINT  =         0.8336
 ESURF=         1.9312
 EAMBER (non-restraint)  =         5.0025
 ------------------------------------------------------------------------------

 NMR restraints: Bond =    0.000   Angle =     0.000   Torsion =     0.834
===============================================================================
| RE_POSITION Moving by  -5.310198  2.468397  1.886916

 NSTEP =   140000   TIME(PS) =    2280.000  TEMP(K) =   263.53  PRESS =     0.0
 Etot   =        20.3683  EKtot   =        20.6858  EPtot      =        -0.3175
 BOND   =         2.9313  ANGLE   =        17.7815  DIHED      =        32.0849
 1-4 NB =         4.0819  1-4 EEL =       115.6064  VDWAALS    =        -3.9521
 EELEC  =      -147.9410  EGB     =       -23.1410  RESTRAINT  =         0.2440
 ESURF=         1.9865
 EAMBER (non-restraint)  =        -0.5615
 ------------------------------------------------------------------------------

 NMR restraints: Bond =    0.000   Angle =     0.000   Torsion =     0.244
===============================================================================

 NSTEP =   145000   TIME(PS) =    2290.000  TEMP(K) =   276.39  PRESS =     0.0
 Etot   =        22.1637  EKtot   =        21.6948  EPtot      =         0.4689
 BOND   =         5.1322  ANGLE   =        15.9245  DIHED      =        31.8240
 1-4 NB =         3.5025  1-4 EEL =       116.8486  VDWAALS    =        -4.1561
 EELEC  =      -148.9693  EGB     =       -23.2257  RESTRAINT  =         1.6144
 ESURF=         1.9740
 EAMBER (non-restraint)  =        -1.1455
 ------------------------------------------------------------------------------

 NMR restraints: Bond =    0.000   Angle =     0.000   Torsion =     1.614
===============================================================================
| RE_POSITION Moving by   5.896446  5.760645 -3.259955

 NSTEP =   150000   TIME(PS) =    2300.000  TEMP(K) =   306.20  PRESS =     0.0
 Etot   =        27.4293  EKtot   =        24.0349  EPtot      =         3.3944
 BOND   =         5.8368  ANGLE   =        16.7951  DIHED      =        32.8710
 1-4 NB =         6.2814  1-4 EEL =       122.4876  VDWAALS    =        -3.4742
 EELEC  =      -157.1123  EGB     =       -22.2946  RESTRAINT  =         0.0624
 ESURF=         1.9411
 EAMBER (non-restraint)  =         3.3320
 ------------------------------------------------------------------------------

 NMR restraints: Bond =    0.000   Angle =     0.000   Torsion =     0.062
===============================================================================

 NSTEP =   155000   TIME(PS) =    2310.000  TEMP(K) =   271.17  PRESS =     0.0
 Etot   =        23.6057  EKtot   =        21.2851  EPtot      =         2.3206
 BOND   =         5.6863  ANGLE   =        18.7579  DIHED      =        29.1140
 1-4 NB =         3.8757  1-4 EEL =       125.1152  VDWAALS    =        -3.9325
 EELEC  =      -157.5482  EGB     =       -22.2985  RESTRAINT  =         1.6117
 ESURF=         1.9390
 EAMBER (non-restraint)  =         0.7088
 ------------------------------------------------------------------------------

 NMR restraints: Bond =    0.000   Angle =     0.000   Torsion =     1.612
===============================================================================
| RE_POSITION Moving by  -2.016208 -6.521890 -1.376938

 NSTEP =   160000   TIME(PS) =    2320.000  TEMP(K) =   292.23  PRESS =     0.0
 Etot   =        21.3242  EKtot   =        22.9381  EPtot      =        -1.6139
 BOND   =         4.6074  ANGLE   =        12.8175  DIHED      =        32.1771
 1-4 NB =         4.5093  1-4 EEL =       123.0952  VDWAALS    =        -3.7818
 EELEC  =      -156.1562  EGB     =       -21.0700  RESTRAINT  =         0.2704
 ESURF=         1.9171
 EAMBER (non-restraint)  =        -1.8844
 ------------------------------------------------------------------------------

 NMR restraints: Bond =    0.000   Angle =     0.000   Torsion =     0.270
===============================================================================

 NSTEP =   165000   TIME(PS) =    2330.000  TEMP(K) =   270.97  PRESS =     0.0
 Etot   =        22.3562  EKtot   =        21.2694  EPtot      =         1.0868
 BOND   =         9.3625  ANGLE   =        12.6677  DIHED      =        31.1650
 1-4 NB =         4.5259  1-4 EEL =       120.4658  VDWAALS    =        -3.8382
 EELEC  =      -150.7094  EGB     =       -25.1071  RESTRAINT  =         0.5845
 ESURF=         1.9702
 EAMBER (non-restraint)  =         0.5023
 ------------------------------------------------------------------------------

 NMR restraints: Bond =    0.000   Angle =     0.000   Torsion =     0.584
===============================================================================
| RE_POSITION Moving by  -3.264702 -6.892130  4.913489

 NSTEP =   170000   TIME(PS) =    2340.000  TEMP(K) =   299.43  PRESS =     0.0
 Etot   =        21.3348  EKtot   =        23.5037  EPtot      =        -2.1689
 BOND   =         2.5781  ANGLE   =        16.7753  DIHED      =        30.3881
 1-4 NB =         5.0095  1-4 EEL =       121.3484  VDWAALS    =        -4.1641
 EELEC  =      -152.2922  EGB     =       -24.6334  RESTRAINT  =         0.8754
 ESURF=         1.9458
 EAMBER (non-restraint)  =        -3.0443
 ------------------------------------------------------------------------------

 NMR restraints: Bond =    0.000   Angle =     0.000   Torsion =     0.875
===============================================================================

 NSTEP =   175000   TIME(PS) =    2350.000  TEMP(K) =   254.77  PRESS =     0.0
 Etot   =        21.9832  EKtot   =        19.9980  EPtot      =         1.9853
 BOND   =         5.5164  ANGLE   =        14.8652  DIHED      =        34.3394
 1-4 NB =         3.6719  1-4 EEL =       120.9080  VDWAALS    =        -4.6589
 EELEC  =      -152.0417  EGB     =       -22.5583  RESTRAINT  =         0.0226
 ESURF=         1.9206
 EAMBER (non-restraint)  =         1.9626
 ------------------------------------------------------------------------------

 NMR restraints: Bond =    0.000   Angle =     0.000   Torsion =     0.023
===============================================================================
| RE_POSITION Moving by   0.005764  2.148959  7.965347

 NSTEP =   180000   TIME(PS) =    2360.000  TEMP(K) =   240.05  PRESS =     0.0
 Etot   =        19.1940  EKtot   =        18.8424  EPtot      =         0.3516
 BOND   =         2.5669  ANGLE   =        11.2915  DIHED      =        34.8626
 1-4 NB =         5.9312  1-4 EEL =       119.8335  VDWAALS    =        -4.2700
 EELEC  =      -148.7379  EGB     =       -24.3134  RESTRAINT  =         1.2291
 ESURF=         1.9579
 EAMBER (non-restraint)  =        -0.8775
 ------------------------------------------------------------------------------

 NMR restraints: Bond =    0.000   Angle =     0.000   Torsion =     1.229
===============================================================================

 NSTEP =   185000   TIME(PS) =    2370.000  TEMP(K) =   281.53  PRESS =     0.0
 Etot   =        27.5756  EKtot   =        22.0987  EPtot      =         5.4769
 BOND   =         5.6370  ANGLE   =        21.9142  DIHED      =        32.3422
 1-4 NB =         4.8480  1-4 EEL =       119.9864  VDWAALS    =        -4.2136
 EELEC  =      -155.1622  EGB     =       -22.7880  RESTRAINT  =         0.9816
 ESURF=         1.9311
 EAMBER (non-restraint)  =         4.4953
 ------------------------------------------------------------------------------

 NMR restraints: Bond =    0.000   Angle =     0.000   Torsion =     0.982
===============================================================================
| RE_POSITION Moving by  -5.474505 -8.181561  4.043183

 NSTEP =   190000   TIME(PS) =    2380.000  TEMP(K) =   307.86  PRESS =     0.0
 Etot   =        29.3822  EKtot   =        24.1653  EPtot      =         5.2169
 BOND   =         8.3002  ANGLE   =        16.4755  DIHED      =        33.3962
 1-4 NB =         3.1608  1-4 EEL =       117.7641  VDWAALS    =        -3.8934
 EELEC  =      -149.0444  EGB     =       -23.6704  RESTRAINT  =         0.7172
 ESURF=         2.0111
 EAMBER (non-restraint)  =         4.4997
 ------------------------------------------------------------------------------

 NMR restraints: Bond =    0.000   Angle =     0.000   Torsion =     0.717
===============================================================================

 NSTEP =   195000   TIME(PS) =    2390.000  TEMP(K) =   293.47  PRESS =     0.0
 Etot   =        24.8487  EKtot   =        23.0354  EPtot      =         1.8133
 BOND   =         4.0651  ANGLE   =        16.7999  DIHED      =        31.6067
 1-4 NB =         6.0796  1-4 EEL =       125.1764  VDWAALS    =        -3.7106
 EELEC  =      -155.8049  EGB     =       -24.4289  RESTRAINT  =         0.0438
 ESURF=         1.9861
 EAMBER (non-restraint)  =         1.7695
 ------------------------------------------------------------------------------

 NMR restraints: Bond =    0.000   Angle =     0.000   Torsion =     0.044
===============================================================================
| RE_POSITION Moving by  -2.846726 -7.780208  6.216882

 NSTEP =   200000   TIME(PS) =    2400.000  TEMP(K) =   322.92  PRESS =     0.0
 Etot   =        28.0891  EKtot   =        25.3473  EPtot      =         2.7417
 BOND   =         3.2144  ANGLE   =        18.3953  DIHED      =        32.6059
 1-4 NB =         4.3792  1-4 EEL =       124.4807  VDWAALS    =        -4.0700
 EELEC  =      -155.4326  EGB     =       -24.3297  RESTRAINT  =         1.5449
 ESURF=         1.9537
 EAMBER (non-restraint)  =         1.1969
 ------------------------------------------------------------------------------

 NMR restraints: Bond =    0.000   Angle =     0.000   Torsion =     1.545
===============================================================================

 NSTEP =   205000   TIME(PS) =    2410.000  TEMP(K) =   321.17  PRESS =     0.0
 Etot   =        28.7142  EKtot   =        25.2096  EPtot      =         3.5046
 BOND   =         4.8362  ANGLE   =        13.9381  DIHED      =        33.4714
 1-4 NB =         5.2217  1-4 EEL =       122.8551  VDWAALS    =        -3.0984
 EELEC  =      -148.3992  EGB     =       -27.8768  RESTRAINT  =         0.5681
 ESURF=         1.9884
 EAMBER (non-restraint)  =         2.9365
 ------------------------------------------------------------------------------

 NMR restraints: Bond =    0.000   Angle =     0.000   Torsion =     0.568
===============================================================================
| RE_POSITION Moving by  -0.597062 -4.573266  1.873950

 NSTEP =   210000   TIME(PS) =    2420.000  TEMP(K) =   300.78  PRESS =     0.0
 Etot   =        25.2822  EKtot   =        23.6094  EPtot      =         1.6729
 BOND   =         8.9742  ANGLE   =        12.1479  DIHED      =        32.8091
 1-4 NB =         4.3885  1-4 EEL =       119.4333  VDWAALS    =        -3.4904
 EELEC  =      -150.2477  EGB     =       -24.3716  RESTRAINT  =         0.0308
 ESURF=         1.9989
 EAMBER (non-restraint)  =         1.6421
 ------------------------------------------------------------------------------

 NMR restraints: Bond =    0.000   Angle =     0.000   Torsion =     0.031
===============================================================================

 NSTEP =   215000   TIME(PS) =    2430.000  TEMP(K) =   318.04  PRESS =     0.0
 Etot   =        29.8655  EKtot   =        24.9646  EPtot      =         4.9009
 BOND   =         9.1705  ANGLE   =        14.1232  DIHED      =        30.9843
 1-4 NB =         5.9929  1-4 EEL =       122.2825  VDWAALS    =        -3.2203
 EELEC  =      -152.0961  EGB     =       -24.3094  RESTRAINT  =         0.0108
 ESURF=         1.9625
 EAMBER (non-restraint)  =         4.8901
 ------------------------------------------------------------------------------

 NMR restraints: Bond =    0.000   Angle =     0.000   Torsion =     0.011
===============================================================================
| RE_POSITION Moving by  -3.379270  2.839622  8.287281

 NSTEP =   220000   TIME(PS) =    2440.000  TEMP(K) =   256.74  PRESS =     0.0
 Etot   =        23.9205  EKtot   =        20.1525  EPtot      =         3.7679
 BOND   =         4.3941  ANGLE   =        18.8551  DIHED      =        29.9273
 1-4 NB =         5.5725  1-4 EEL =       118.9334  VDWAALS    =        -3.7606
 EELEC  =      -148.7079  EGB     =       -24.5688  RESTRAINT  =         1.1501
 ESURF=         1.9728
 EAMBER (non-restraint)  =         2.6178
 ------------------------------------------------------------------------------

 NMR restraints: Bond =    0.000   Angle =     0.000   Torsion =     1.150
===============================================================================

 NSTEP =   225000   TIME(PS) =    2450.000  TEMP(K) =   311.75  PRESS =     0.0
 Etot   =        34.9589  EKtot   =        24.4708  EPtot      =        10.4880
 BOND   =         7.3552  ANGLE   =        21.9009  DIHED      =        36.2523
 1-4 NB =         3.3349  1-4 EEL =       114.7380  VDWAALS    =        -4.3345
 EELEC  =      -147.3956  EGB     =       -23.3763  RESTRAINT  =         0.0465
 ESURF=         1.9666
 EAMBER (non-restraint)  =        10.4415
 ------------------------------------------------------------------------------

 NMR restraints: Bond =    0.000   Angle =     0.000   Torsion =     0.047
===============================================================================
| RE_POSITION Moving by   6.854473 -3.711659  0.404619

 NSTEP =   230000   TIME(PS) =    2460.000  TEMP(K) =   291.42  PRESS =     0.0
 Etot   =        26.1995  EKtot   =        22.8744  EPtot      =         3.3251
 BOND   =         9.2858  ANGLE   =        14.4427  DIHED      =        32.2908
 1-4 NB =         4.9259  1-4 EEL =       116.5385  VDWAALS    =        -3.5103
 EELEC  =      -147.8772  EGB     =       -24.8313  RESTRAINT  =         0.0761
 ESURF=         1.9842
 EAMBER (non-restraint)  =         3.2490
 ------------------------------------------------------------------------------

 NMR restraints: Bond =    0.000   Angle =     0.000   Torsion =     0.076
===============================================================================

 NSTEP =   235000   TIME(PS) =    2470.000  TEMP(K) =   390.51  PRESS =     0.0
 Etot   =        28.7744  EKtot   =        30.6526  EPtot      =        -1.8782
 BOND   =         8.7205  ANGLE   =        11.2194  DIHED      =        32.3172
 1-4 NB =         4.1372  1-4 EEL =       122.2944  VDWAALS    =        -3.7821
 EELEC  =      -157.8308  EGB     =       -20.9462  RESTRAINT  =         0.0884
 ESURF=         1.9038
 EAMBER (non-restraint)  =        -1.9665
 ------------------------------------------------------------------------------

 NMR restraints: Bond =    0.000   Angle =     0.000   Torsion =     0.088
===============================================================================
| RE_POSITION Moving by   1.026755 -3.319329  7.065445

 NSTEP =   240000   TIME(PS) =    2480.000  TEMP(K) =   224.16  PRESS =     0.0
 Etot   =        22.5675  EKtot   =        17.5949  EPtot      =         4.9726
 BOND   =         6.9431  ANGLE   =        17.1771  DIHED      =        31.2214
 1-4 NB =         4.1639  1-4 EEL =       118.5077  VDWAALS    =        -4.0256
 EELEC  =      -151.2247  EGB     =       -21.3822  RESTRAINT  =         1.6263
 ESURF=         1.9657
 EAMBER (non-restraint)  =         3.3464
 ------------------------------------------------------------------------------

 NMR restraints: Bond =    0.000   Angle =     0.000   Torsion =     1.626
===============================================================================

 NSTEP =   245000   TIME(PS) =    2490.000  TEMP(K) =   273.59  PRESS =     0.0
 Etot   =        26.7791  EKtot   =        21.4752  EPtot      =         5.3039
 BOND   =         6.8296  ANGLE   =        20.8438  DIHED      =        30.4511
 1-4 NB =         5.3178  1-4 EEL =       119.5061  VDWAALS    =        -3.3174
 EELEC  =      -153.6556  EGB     =       -22.6606  RESTRAINT  =         0.0237
 ESURF=         1.9653
 EAMBER (non-restraint)  =         5.2802
 ------------------------------------------------------------------------------

 NMR restraints: Bond =    0.000   Angle =     0.000   Torsion =     0.024
===============================================================================
| RE_POSITION Moving by  -3.714553  1.366462  3.998378

 NSTEP =   250000   TIME(PS) =    2500.000  TEMP(K) =   291.70  PRESS =     0.0
 Etot   =        23.5547  EKtot   =        22.8965  EPtot      =         0.6582
 BOND   =         6.6781  ANGLE   =        18.0390  DIHED      =        30.7367
 1-4 NB =         4.6574  1-4 EEL =       118.3794  VDWAALS    =        -3.9478
 EELEC  =      -153.1853  EGB     =       -23.0845  RESTRAINT  =         0.4446
 ESURF=         1.9406
 EAMBER (non-restraint)  =         0.2136
 ------------------------------------------------------------------------------

 NMR restraints: Bond =    0.000   Angle =     0.000   Torsion =     0.445
===============================================================================

 NSTEP =   255000   TIME(PS) =    2510.000  TEMP(K) =   279.18  PRESS =     0.0
 Etot   =        25.9602  EKtot   =        21.9142  EPtot      =         4.0460
 BOND   =         4.4804  ANGLE   =        20.8308  DIHED      =        31.1827
 1-4 NB =         4.2668  1-4 EEL =       119.8163  VDWAALS    =        -4.2547
 EELEC  =      -153.4903  EGB     =       -22.1885  RESTRAINT  =         1.4486
 ESURF=         1.9539
 EAMBER (non-restraint)  =         2.5974
 ------------------------------------------------------------------------------

 NMR restraints: Bond =    0.000   Angle =     0.000   Torsion =     1.449
===============================================================================
| RE_POSITION Moving by  -9.476007  5.341476 -5.546022

 NSTEP =   260000   TIME(PS) =    2520.000  TEMP(K) =   355.59  PRESS =     0.0
 Etot   =        24.7346  EKtot   =        27.9117  EPtot      =        -3.1770
 BOND   =         2.7646  ANGLE   =         9.1401  DIHED      =        31.3950
 1-4 NB =         5.7309  1-4 EEL =       123.3114  VDWAALS    =        -3.4066
 EELEC  =      -153.5519  EGB     =       -23.9939  RESTRAINT  =         3.4560
 ESURF=         1.9773
 EAMBER (non-restraint)  =        -6.6331
 ------------------------------------------------------------------------------

 NMR restraints: Bond =    0.000   Angle =     0.000   Torsion =     3.456
===============================================================================

 NSTEP =   265000   TIME(PS) =    2530.000  TEMP(K) =   221.80  PRESS =     0.0
 Etot   =        17.0006  EKtot   =        17.4100  EPtot      =        -0.4094
 BOND   =         4.5488  ANGLE   =        13.1221  DIHED      =        31.8435
 1-4 NB =         4.3654  1-4 EEL =       124.3131  VDWAALS    =        -3.1014
 EELEC  =      -152.4710  EGB     =       -25.4752  RESTRAINT  =         0.4581
 ESURF=         1.9872
 EAMBER (non-restraint)  =        -0.8674
 ------------------------------------------------------------------------------

 NMR restraints: Bond =    0.000   Angle =     0.000   Torsion =     0.458
===============================================================================
| RE_POSITION Moving by   0.050991 -2.753396  0.398098

 NSTEP =   270000   TIME(PS) =    2540.000  TEMP(K) =   248.11  PRESS =     0.0
 Etot   =        22.4466  EKtot   =        19.4755  EPtot      =         2.9711
 BOND   =         9.5632  ANGLE   =        13.4322  DIHED      =        32.6722
 1-4 NB =         4.8432  1-4 EEL =       119.6533  VDWAALS    =        -2.8786
 EELEC  =      -148.1462  EGB     =       -28.2589  RESTRAINT  =         0.1249
 ESURF=         1.9659
 EAMBER (non-restraint)  =         2.8463
 ------------------------------------------------------------------------------

 NMR restraints: Bond =    0.000   Angle =     0.000   Torsion =     0.125
===============================================================================

 NSTEP =   275000   TIME(PS) =    2550.000  TEMP(K) =   258.90  PRESS =     0.0
 Etot   =        24.5023  EKtot   =        20.3222  EPtot      =         4.1801
 BOND   =         8.8383  ANGLE   =        11.3766  DIHED      =        32.9419
 1-4 NB =         6.9135  1-4 EEL =       125.2339  VDWAALS    =        -3.6993
 EELEC  =      -156.8912  EGB     =       -22.9752  RESTRAINT  =         0.5028
 ESURF=         1.9387
 EAMBER (non-restraint)  =         3.6773
 ------------------------------------------------------------------------------

 NMR restraints: Bond =    0.000   Angle =     0.000   Torsion =     0.503
===============================================================================
| RE_POSITION Moving by   2.265736  2.061176 -1.763884

 NSTEP =   280000   TIME(PS) =    2560.000  TEMP(K) =   290.03  PRESS =     0.0
 Etot   =        21.0590  EKtot   =        22.7659  EPtot      =        -1.7070
 BOND   =         4.9349  ANGLE   =        11.9105  DIHED      =        32.6180
 1-4 NB =         3.9727  1-4 EEL =       118.9881  VDWAALS    =        -2.7860
 EELEC  =      -145.2074  EGB     =       -28.4990  RESTRAINT  =         0.4021
 ESURF=         1.9593
 EAMBER (non-restraint)  =        -2.1090
 ------------------------------------------------------------------------------

 NMR restraints: Bond =    0.000   Angle =     0.000   Torsion =     0.402
===============================================================================

 NSTEP =   285000   TIME(PS) =    2570.000  TEMP(K) =   285.84  PRESS =     0.0
 Etot   =        25.1863  EKtot   =        22.4364  EPtot      =         2.7499
 BOND   =         6.3984  ANGLE   =        16.9590  DIHED      =        32.8251
 1-4 NB =         3.4749  1-4 EEL =       122.4672  VDWAALS    =        -4.0228
 EELEC  =      -153.6202  EGB     =       -24.0372  RESTRAINT  =         0.3265
 ESURF=         1.9789
 EAMBER (non-restraint)  =         2.4234
 ------------------------------------------------------------------------------

 NMR restraints: Bond =    0.000   Angle =     0.000   Torsion =     0.327
===============================================================================
| RE_POSITION Moving by   6.577395 -2.539541  0.063318

 NSTEP =   290000   TIME(PS) =    2580.000  TEMP(K) =   229.36  PRESS =     0.0
 Etot   =        22.8732  EKtot   =        18.0032  EPtot      =         4.8701
 BOND   =         5.5218  ANGLE   =        17.8870  DIHED      =        33.1092
 1-4 NB =         4.4172  1-4 EEL =       118.1403  VDWAALS    =        -3.6110
 EELEC  =      -148.9356  EGB     =       -24.1720  RESTRAINT  =         0.5083
 ESURF=         2.0049
 EAMBER (non-restraint)  =         4.3618
 ------------------------------------------------------------------------------

 NMR restraints: Bond =    0.000   Angle =     0.000   Torsion =     0.508
===============================================================================

 NSTEP =   295000   TIME(PS) =    2590.000  TEMP(K) =   364.96  PRESS =     0.0
 Etot   =        32.1827  EKtot   =        28.6468  EPtot      =         3.5359
 BOND   =         2.6578  ANGLE   =        18.2830  DIHED      =        31.3452
 1-4 NB =         6.9267  1-4 EEL =       124.6633  VDWAALS    =        -3.9112
 EELEC  =      -154.7222  EGB     =       -23.8093  RESTRAINT  =         0.1527
 ESURF=         1.9500
 EAMBER (non-restraint)  =         3.3832
 ------------------------------------------------------------------------------

 NMR restraints: Bond =    0.000   Angle =     0.000   Torsion =     0.153
===============================================================================
| RE_POSITION Moving by   3.527753  3.545690 -6.670815

 NSTEP =   300000   TIME(PS) =    2600.000  TEMP(K) =   267.26  PRESS =     0.0
 Etot   =        21.5249  EKtot   =        20.9783  EPtot      =         0.5466
 BOND   =         6.8556  ANGLE   =        14.7273  DIHED      =        31.6677
 1-4 NB =         5.1924  1-4 EEL =       122.3665  VDWAALS    =        -3.3050
 EELEC  =      -154.1196  EGB     =       -25.1080  RESTRAINT  =         0.3157
 ESURF=         1.9540
 EAMBER (non-restraint)  =         0.2309
 ------------------------------------------------------------------------------

 NMR restraints: Bond =    0.000   Angle =     0.000   Torsion =     0.316
===============================================================================

 NSTEP =   305000   TIME(PS) =    2610.000  TEMP(K) =   271.78  PRESS =     0.0
 Etot   =        22.6858  EKtot   =        21.3331  EPtot      =         1.3527
 BOND   =         5.4268  ANGLE   =        16.6457  DIHED      =        30.5136
 1-4 NB =         4.5828  1-4 EEL =       122.7213  VDWAALS    =        -3.7418
 EELEC  =      -153.6754  EGB     =       -23.9786  RESTRAINT  =         0.8563
 ESURF=         2.0020
 EAMBER (non-restraint)  =         0.4964
 ------------------------------------------------------------------------------

 NMR restraints: Bond =    0.000   Angle =     0.000   Torsion =     0.856
===============================================================================
| RE_POSITION Moving by  -4.262492  2.992247  0.931507

 NSTEP =   310000   TIME(PS) =    2620.000  TEMP(K) =   324.45  PRESS =     0.0
 Etot   =        22.6478  EKtot   =        25.4674  EPtot      =        -2.8196
 BOND   =         3.1405  ANGLE   =        13.2357  DIHED      =        33.6896
 1-4 NB =         4.9686  1-4 EEL =       119.5135  VDWAALS    =        -3.2766
 EELEC  =      -152.7515  EGB     =       -23.5143  RESTRAINT  =         0.2302
 ESURF=         1.9446
 EAMBER (non-restraint)  =        -3.0498
 ------------------------------------------------------------------------------

 NMR restraints: Bond =    0.000   Angle =     0.000   Torsion =     0.230
===============================================================================

 NSTEP =   315000   TIME(PS) =    2630.000  TEMP(K) =   273.19  PRESS =     0.0
 Etot   =        25.1273  EKtot   =        21.4440  EPtot      =         3.6833
 BOND   =         7.4747  ANGLE   =        16.1059  DIHED      =        32.0921
 1-4 NB =         5.7646  1-4 EEL =       122.6259  VDWAALS    =        -3.9052
 EELEC  =      -152.3642  EGB     =       -26.2260  RESTRAINT  =         0.1725
 ESURF=         1.9430
 EAMBER (non-restraint)  =         3.5108
 ------------------------------------------------------------------------------

 NMR restraints: Bond =    0.000   Angle =     0.000   Torsion =     0.172
===============================================================================
| RE_POSITION Moving by   1.141880 -4.486378  2.920476

 NSTEP =   320000   TIME(PS) =    2640.000  TEMP(K) =   274.29  PRESS =     0.0
 Etot   =        21.5648  EKtot   =        21.5302  EPtot      =         0.0346
 BOND   =         7.4770  ANGLE   =        13.5623  DIHED      =        30.6472
 1-4 NB =         5.8741  1-4 EEL =       117.7984  VDWAALS    =        -4.7332
 EELEC  =      -152.3949  EGB     =       -20.5154  RESTRAINT  =         0.4442
 ESURF=         1.8749
 EAMBER (non-restraint)  =        -0.4096
 ------------------------------------------------------------------------------

 NMR restraints: Bond =    0.000   Angle =     0.000   Torsion =     0.444
===============================================================================

 NSTEP =   325000   TIME(PS) =    2650.000  TEMP(K) =   249.51  PRESS =     0.0
 Etot   =        23.2608  EKtot   =        19.5851  EPtot      =         3.6757
 BOND   =         7.2723  ANGLE   =        13.9302  DIHED      =        36.4414
 1-4 NB =         4.8231  1-4 EEL =       117.6489  VDWAALS    =        -5.1373
 EELEC  =      -152.0956  EGB     =       -21.0755  RESTRAINT  =         0.0164
 ESURF=         1.8519
 EAMBER (non-restraint)  =         3.6593
 ------------------------------------------------------------------------------

 NMR restraints: Bond =    0.000   Angle =     0.000   Torsion =     0.016
===============================================================================
| RE_POSITION Moving by   0.364536 -3.125704  1.384364

 NSTEP =   330000   TIME(PS) =    2660.000  TEMP(K) =   248.45  PRESS =     0.0
 Etot   =        20.8368  EKtot   =        19.5020  EPtot      =         1.3348
 BOND   =         7.7675  ANGLE   =        16.5202  DIHED      =        31.2842
 1-4 NB =         7.3099  1-4 EEL =       117.1985  VDWAALS    =        -6.3456
 EELEC  =      -153.7234  EGB     =       -20.6257  RESTRAINT  =         0.1393
 ESURF=         1.8099
 EAMBER (non-restraint)  =         1.1955
 ------------------------------------------------------------------------------

 NMR restraints: Bond =    0.000   Angle =     0.000   Torsion =     0.139
===============================================================================

 NSTEP =   335000   TIME(PS) =    2670.000  TEMP(K) =   270.58  PRESS =     0.0
 Etot   =        25.0444  EKtot   =        21.2388  EPtot      =         3.8056
 BOND   =         7.5165  ANGLE   =        20.3821  DIHED      =        29.1342
 1-4 NB =         4.7111  1-4 EEL =       116.2166  VDWAALS    =        -4.5766
 EELEC  =      -150.0877  EGB     =       -21.9486  RESTRAINT  =         0.5461
 ESURF=         1.9120
 EAMBER (non-restraint)  =         3.2595
 ------------------------------------------------------------------------------

 NMR restraints: Bond =    0.000   Angle =     0.000   Torsion =     0.546
===============================================================================
| RE_POSITION Moving by  -2.690135 -2.879566  3.323750

 NSTEP =   340000   TIME(PS) =    2680.000  TEMP(K) =   297.65  PRESS =     0.0
 Etot   =        23.5311  EKtot   =        23.3638  EPtot      =         0.1672
 BOND   =         4.1597  ANGLE   =        12.4426  DIHED      =        32.8280
 1-4 NB =         6.1204  1-4 EEL =       121.2131  VDWAALS    =        -3.8804
 EELEC  =      -153.9566  EGB     =       -20.6353  RESTRAINT  =         0.0485
 ESURF=         1.8273
 EAMBER (non-restraint)  =         0.1187
 ------------------------------------------------------------------------------

 NMR restraints: Bond =    0.000   Angle =     0.000   Torsion =     0.049
===============================================================================

 NSTEP =   345000   TIME(PS) =    2690.000  TEMP(K) =   256.51  PRESS =     0.0
 Etot   =        19.0092  EKtot   =        20.1343  EPtot      =        -1.1251
 BOND   =         6.5220  ANGLE   =        15.0385  DIHED      =        31.7490
 1-4 NB =         4.1760  1-4 EEL =       118.7849  VDWAALS    =        -5.3918
 EELEC  =      -152.4719  EGB     =       -21.5036  RESTRAINT  =         0.1265
 ESURF=         1.8454
 EAMBER (non-restraint)  =        -1.2516
 ------------------------------------------------------------------------------

 NMR restraints: Bond =    0.000   Angle =     0.000   Torsion =     0.127
===============================================================================
| RE_POSITION Moving by   7.955951 -4.166244 -3.316311

 NSTEP =   350000   TIME(PS) =    2700.000  TEMP(K) =   211.93  PRESS =     0.0
 Etot   =        12.9796  EKtot   =        16.6351  EPtot      =        -3.6555
 BOND   =         8.6084  ANGLE   =        12.6282  DIHED      =        29.5319
 1-4 NB =         3.9556  1-4 EEL =       115.2888  VDWAALS    =        -4.9286
 EELEC  =      -149.9366  EGB     =       -21.9956  RESTRAINT  =         1.3177
 ESURF=         1.8746
 EAMBER (non-restraint)  =        -4.9732
 ------------------------------------------------------------------------------

 NMR restraints: Bond =    0.000   Angle =     0.000   Torsion =     1.318
===============================================================================

 NSTEP =   355000   TIME(PS) =    2710.000  TEMP(K) =   304.96  PRESS =     0.0
 Etot   =        19.7694  EKtot   =        23.9379  EPtot      =        -4.1685
 BOND   =         4.7594  ANGLE   =        12.7832  DIHED      =        32.2245
 1-4 NB =         5.1889  1-4 EEL =       118.5273  VDWAALS    =        -5.0255
 EELEC  =      -153.9642  EGB     =       -20.7689  RESTRAINT  =         0.2425
 ESURF=         1.8642
 EAMBER (non-restraint)  =        -4.4110
 ------------------------------------------------------------------------------

 NMR restraints: Bond =    0.000   Angle =     0.000   Torsion =     0.242
===============================================================================
| RE_POSITION Moving by   2.308051 -3.767605  0.258878

 NSTEP =   360000   TIME(PS) =    2720.000  TEMP(K) =   294.81  PRESS =     0.0
 Etot   =        24.7104  EKtot   =        23.1408  EPtot      =         1.5695
 BOND   =         3.9520  ANGLE   =        20.2998  DIHED      =        30.7524
 1-4 NB =         5.1330  1-4 EEL =       120.4304  VDWAALS    =        -5.9647
 EELEC  =      -154.7771  EGB     =       -20.5742  RESTRAINT  =         0.4777
 ESURF=         1.8404
 EAMBER (non-restraint)  =         1.0918
 ------------------------------------------------------------------------------

 NMR restraints: Bond =    0.000   Angle =     0.000   Torsion =     0.478
===============================================================================

 NSTEP =   365000   TIME(PS) =    2730.000  TEMP(K) =   296.32  PRESS =     0.0
 Etot   =        32.4092  EKtot   =        23.2595  EPtot      =         9.1496
 BOND   =         4.3048  ANGLE   =        20.4562  DIHED      =        36.5934
 1-4 NB =         6.0152  1-4 EEL =       113.3425  VDWAALS    =        -4.5865
 EELEC  =      -147.3309  EGB     =       -21.7536  RESTRAINT  =         0.2067
 ESURF=         1.9018
 EAMBER (non-restraint)  =         8.9429
 ------------------------------------------------------------------------------

 NMR restraints: Bond =    0.000   Angle =     0.000   Torsion =     0.207
===============================================================================
| RE_POSITION Moving by   2.809151 -5.376515 -0.911728

 NSTEP =   370000   TIME(PS) =    2740.000  TEMP(K) =   276.73  PRESS =     0.0
 Etot   =        24.1706  EKtot   =        21.7215  EPtot      =         2.4491
 BOND   =         4.2777  ANGLE   =        16.9627  DIHED      =        33.5463
 1-4 NB =         5.0146  1-4 EEL =       116.7412  VDWAALS    =        -5.7873
 EELEC  =      -146.6833  EGB     =       -23.8475  RESTRAINT  =         0.3658
 ESURF=         1.8589
 EAMBER (non-restraint)  =         2.0833
 ------------------------------------------------------------------------------

 NMR restraints: Bond =    0.000   Angle =     0.000   Torsion =     0.366
===============================================================================

 NSTEP =   375000   TIME(PS) =    2750.000  TEMP(K) =   308.00  PRESS =     0.0
 Etot   =        30.1607  EKtot   =        24.1762  EPtot      =         5.9845
 BOND   =         4.8952  ANGLE   =        18.7398  DIHED      =        33.1575
 1-4 NB =         6.1103  1-4 EEL =       120.7687  VDWAALS    =        -5.0553
 EELEC  =      -154.3251  EGB     =       -20.2045  RESTRAINT  =         0.0460
 ESURF=         1.8520
 EAMBER (non-restraint)  =         5.9385
 ------------------------------------------------------------------------------

 NMR restraints: Bond =    0.000   Angle =     0.000   Torsion =     0.046
===============================================================================
| RE_POSITION Moving by   1.668481 -6.754603 -6.145429

 NSTEP =   380000   TIME(PS) =    2760.000  TEMP(K) =   270.94  PRESS =     0.0
 Etot   =        16.7119  EKtot   =        21.2668  EPtot      =        -4.5549
 BOND   =         4.5934  ANGLE   =        13.3662  DIHED      =        28.9329
 1-4 NB =         5.7601  1-4 EEL =       120.9937  VDWAALS    =        -4.4841
 EELEC  =      -155.1127  EGB     =       -21.2108  RESTRAINT  =         0.7283
 ESURF=         1.8781
 EAMBER (non-restraint)  =        -5.2832
 ------------------------------------------------------------------------------

 NMR restraints: Bond =    0.000   Angle =     0.000   Torsion =     0.728
===============================================================================

 NSTEP =   385000   TIME(PS) =    2770.000  TEMP(K) =   252.51  PRESS =     0.0
 Etot   =        18.6990  EKtot   =        19.8207  EPtot      =        -1.1217
 BOND   =         5.3775  ANGLE   =        19.7850  DIHED      =        30.8505
 1-4 NB =         4.4003  1-4 EEL =       111.9910  VDWAALS    =        -5.2934
 EELEC  =      -148.2611  EGB     =       -21.8596  RESTRAINT  =         0.0030
 ESURF=         1.8852
 EAMBER (non-restraint)  =        -1.1246
 ------------------------------------------------------------------------------

 NMR restraints: Bond =    0.000   Angle =     0.000   Torsion =     0.003
===============================================================================
| RE_POSITION Moving by   0.403559  5.953612 -3.347505

 NSTEP =   390000   TIME(PS) =    2780.000  TEMP(K) =   288.63  PRESS =     0.0
 Etot   =        21.8452  EKtot   =        22.6556  EPtot      =        -0.8103
 BOND   =         9.3275  ANGLE   =        13.4128  DIHED      =        29.2894
 1-4 NB =         4.2451  1-4 EEL =       118.4461  VDWAALS    =        -4.8043
 EELEC  =      -151.4494  EGB     =       -21.8881  RESTRAINT  =         0.6784
 ESURF=         1.9320
 EAMBER (non-restraint)  =        -1.4887
 ------------------------------------------------------------------------------

 NMR restraints: Bond =    0.000   Angle =     0.000   Torsion =     0.678
===============================================================================

 NSTEP =   395000   TIME(PS) =    2790.000  TEMP(K) =   275.95  PRESS =     0.0
 Etot   =        24.2814  EKtot   =        21.6603  EPtot      =         2.6211
 BOND   =         3.1176  ANGLE   =        18.8891  DIHED      =        32.0643
 1-4 NB =         5.4720  1-4 EEL =       116.8826  VDWAALS    =        -4.9405
 EELEC  =      -148.5860  EGB     =       -22.7600  RESTRAINT  =         0.5509
 ESURF=         1.9311
 EAMBER (non-restraint)  =         2.0702
 ------------------------------------------------------------------------------

 NMR restraints: Bond =    0.000   Angle =     0.000   Torsion =     0.551
===============================================================================
| RE_POSITION Moving by   7.787123 -8.903762 -3.040745

 NSTEP =   400000   TIME(PS) =    2800.000  TEMP(K) =   274.29  PRESS =     0.0
 Etot   =        29.9659  EKtot   =        21.5299  EPtot      =         8.4360
 BOND   =         6.7888  ANGLE   =        18.8346  DIHED      =        31.7599
 1-4 NB =         5.2581  1-4 EEL =       116.4775  VDWAALS    =        -3.3220
 EELEC  =      -146.1357  EGB     =       -23.3914  RESTRAINT  =         0.1886
 ESURF=         1.9776
 EAMBER (non-restraint)  =         8.2474
 ------------------------------------------------------------------------------

 NMR restraints: Bond =    0.000   Angle =     0.000   Torsion =     0.189
===============================================================================

 NSTEP =   405000   TIME(PS) =    2810.000  TEMP(K) =   278.45  PRESS =     0.0
 Etot   =        23.6320  EKtot   =        21.8571  EPtot      =         1.7749
 BOND   =         4.7298  ANGLE   =        13.1311  DIHED      =        33.1413
 1-4 NB =         5.0047  1-4 EEL =       120.7347  VDWAALS    =        -4.7626
 EELEC  =      -146.6349  EGB     =       -25.4874  RESTRAINT  =         0.0000
 ESURF=         1.9183
 EAMBER (non-restraint)  =         1.7749
 ------------------------------------------------------------------------------

 NMR restraints: Bond =    0.000   Angle =     0.000   Torsion =     0.000
===============================================================================
| RE_POSITION Moving by   3.058537  5.121245 -5.030385

 NSTEP =   410000   TIME(PS) =    2820.000  TEMP(K) =   258.36  PRESS =     0.0
 Etot   =        23.0990  EKtot   =        20.2798  EPtot      =         2.8192
 BOND   =         7.1996  ANGLE   =        16.6430  DIHED      =        30.8513
 1-4 NB =         4.6086  1-4 EEL =       117.0943  VDWAALS    =        -4.7048
 EELEC  =      -148.8431  EGB     =       -22.6817  RESTRAINT  =         0.7664
 ESURF=         1.8855
 EAMBER (non-restraint)  =         2.0527
 ------------------------------------------------------------------------------

 NMR restraints: Bond =    0.000   Angle =     0.000   Torsion =     0.766
===============================================================================

 NSTEP =   415000   TIME(PS) =    2830.000  TEMP(K) =   291.68  PRESS =     0.0
 Etot   =        21.3024  EKtot   =        22.8953  EPtot      =        -1.5929
 BOND   =         5.3527  ANGLE   =        14.1293  DIHED      =        31.2060
 1-4 NB =         4.8329  1-4 EEL =       119.3711  VDWAALS    =        -5.5322
 EELEC  =      -152.0117  EGB     =       -21.0879  RESTRAINT  =         0.3024
 ESURF=         1.8445
 EAMBER (non-restraint)  =        -1.8952
 ------------------------------------------------------------------------------

 NMR restraints: Bond =    0.000   Angle =     0.000   Torsion =     0.302
===============================================================================
| RE_POSITION Moving by   2.038969-10.470126  1.780385

 NSTEP =   420000   TIME(PS) =    2840.000  TEMP(K) =   229.82  PRESS =     0.0
 Etot   =        21.2088  EKtot   =        18.0393  EPtot      =         3.1695
 BOND   =         6.5522  ANGLE   =        20.7019  DIHED      =        30.9875
 1-4 NB =         4.1961  1-4 EEL =       115.8594  VDWAALS    =        -5.9551
 EELEC  =      -151.2209  EGB     =       -21.4540  RESTRAINT  =         1.6685
 ESURF=         1.8339
 EAMBER (non-restraint)  =         1.5010
 ------------------------------------------------------------------------------

 NMR restraints: Bond =    0.000   Angle =     0.000   Torsion =     1.669
===============================================================================

 NSTEP =   425000   TIME(PS) =    2850.000  TEMP(K) =   265.36  PRESS =     0.0
 Etot   =        16.2020  EKtot   =        20.8294  EPtot      =        -4.6275
 BOND   =         3.1733  ANGLE   =        11.0705  DIHED      =        32.4492
 1-4 NB =         5.9585  1-4 EEL =       123.4024  VDWAALS    =        -5.5948
 EELEC  =      -156.8223  EGB     =       -21.0702  RESTRAINT  =         0.9641
 ESURF=         1.8420
 EAMBER (non-restraint)  =        -5.5915
 ------------------------------------------------------------------------------

 NMR restraints: Bond =    0.000   Angle =     0.000   Torsion =     0.964
===============================================================================
| RE_POSITION Moving by  -5.184809 -4.654164 -4.322283

 NSTEP =   430000   TIME(PS) =    2860.000  TEMP(K) =   261.32  PRESS =     0.0
 Etot   =        25.0178  EKtot   =        20.5119  EPtot      =         4.5058
 BOND   =         5.6163  ANGLE   =        15.7466  DIHED      =        32.2031
 1-4 NB =         5.1859  1-4 EEL =       110.0133  VDWAALS    =        -1.0568
 EELEC  =      -139.8555  EGB     =       -25.4030  RESTRAINT  =         0.0368
 ESURF=         2.0192
 EAMBER (non-restraint)  =         4.4690
 ------------------------------------------------------------------------------

 NMR restraints: Bond =    0.000   Angle =     0.000   Torsion =     0.037
===============================================================================

 NSTEP =   435000   TIME(PS) =    2870.000  TEMP(K) =   311.22  PRESS =     0.0
 Etot   =        24.8822  EKtot   =        24.4289  EPtot      =         0.4533
 BOND   =         4.3528  ANGLE   =        17.3839  DIHED      =        30.1964
 1-4 NB =         6.0337  1-4 EEL =       119.2861  VDWAALS    =        -4.8548
 EELEC  =      -151.3267  EGB     =       -22.6656  RESTRAINT  =         0.1833
 ESURF=         1.8643
 EAMBER (non-restraint)  =         0.2700
 ------------------------------------------------------------------------------

 NMR restraints: Bond =    0.000   Angle =     0.000   Torsion =     0.183
===============================================================================
| RE_POSITION Moving by   0.024618 -3.622478 -9.916613

 NSTEP =   440000   TIME(PS) =    2880.000  TEMP(K) =   267.48  PRESS =     0.0
 Etot   =        16.4692  EKtot   =        20.9953  EPtot      =        -4.5261
 BOND   =         6.1112  ANGLE   =        14.7516  DIHED      =        29.7124
 1-4 NB =         3.4388  1-4 EEL =       117.8321  VDWAALS    =        -5.4463
 EELEC  =      -153.1343  EGB     =       -20.5924  RESTRAINT  =         0.9512
 ESURF=         1.8496
 EAMBER (non-restraint)  =        -5.4773
 ------------------------------------------------------------------------------

 NMR restraints: Bond =    0.000   Angle =     0.000   Torsion =     0.951
===============================================================================

 NSTEP =   445000   TIME(PS) =    2890.000  TEMP(K) =   360.64  PRESS =     0.0
 Etot   =        33.3843  EKtot   =        28.3081  EPtot      =         5.0762
 BOND   =         3.8284  ANGLE   =        20.7672  DIHED      =        31.9282
 1-4 NB =         6.2188  1-4 EEL =       117.5589  VDWAALS    =        -4.3717
 EELEC  =      -152.7801  EGB     =       -19.9645  RESTRAINT  =         0.0599
 ESURF=         1.8311
 EAMBER (non-restraint)  =         5.0163
 ------------------------------------------------------------------------------

 NMR restraints: Bond =    0.000   Angle =     0.000   Torsion =     0.060
===============================================================================
| RE_POSITION Moving by  -6.364459  2.083888  1.654768

 NSTEP =   450000   TIME(PS) =    2900.000  TEMP(K) =   383.68  PRESS =     0.0
 Etot   =        33.6647  EKtot   =        30.1166  EPtot      =         3.5481
 BOND   =         5.8740  ANGLE   =        16.7247  DIHED      =        31.5999
 1-4 NB =         6.9230  1-4 EEL =       120.0831  VDWAALS    =        -4.9785
 EELEC  =      -153.6449  EGB     =       -20.9054  RESTRAINT  =         0.0000
 ESURF=         1.8721
 EAMBER (non-restraint)  =         3.5480
 ------------------------------------------------------------------------------

 NMR restraints: Bond =    0.000   Angle =     0.000   Torsion =     0.000
===============================================================================

 NSTEP =   455000   TIME(PS) =    2910.000  TEMP(K) =   271.47  PRESS =     0.0
 Etot   =        22.8220  EKtot   =        21.3091  EPtot      =         1.5129
 BOND   =         4.2423  ANGLE   =        18.4591  DIHED      =        30.5165
 1-4 NB =         5.1493  1-4 EEL =       115.9463  VDWAALS    =        -5.3711
 EELEC  =      -148.7134  EGB     =       -22.7009  RESTRAINT  =         2.1176
 ESURF=         1.8670
 EAMBER (non-restraint)  =        -0.6047
 ------------------------------------------------------------------------------

 NMR restraints: Bond =    0.000   Angle =     0.000   Torsion =     2.118
===============================================================================
| RE_POSITION Moving by  -6.553683 -0.735267  5.537212

 NSTEP =   460000   TIME(PS) =    2920.000  TEMP(K) =   279.56  PRESS =     0.0
 Etot   =        25.2292  EKtot   =        21.9436  EPtot      =         3.2856
 BOND   =         5.2543  ANGLE   =        16.5637  DIHED      =        34.5295
 1-4 NB =         5.0764  1-4 EEL =       120.0353  VDWAALS    =        -5.8108
 EELEC  =      -153.1009  EGB     =       -21.6960  RESTRAINT  =         0.6099
 ESURF=         1.8242
 EAMBER (non-restraint)  =         2.6757
 ------------------------------------------------------------------------------

 NMR restraints: Bond =    0.000   Angle =     0.000   Torsion =     0.610
===============================================================================

 NSTEP =   465000   TIME(PS) =    2930.000  TEMP(K) =   330.22  PRESS =     0.0
 Etot   =        27.1429  EKtot   =        25.9201  EPtot      =         1.2228
 BOND   =        10.0494  ANGLE   =        13.5724  DIHED      =        32.4476
 1-4 NB =         3.1240  1-4 EEL =       115.0085  VDWAALS    =        -4.4649
 EELEC  =      -146.9153  EGB     =       -25.0134  RESTRAINT  =         1.5088
 ESURF=         1.9055
 EAMBER (non-restraint)  =        -0.2860
 ------------------------------------------------------------------------------

 NMR restraints: Bond =    0.000   Angle =     0.000   Torsion =     1.509
===============================================================================
| RE_POSITION Moving by  -5.427971  4.551838  4.476608

 NSTEP =   470000   TIME(PS) =    2940.000  TEMP(K) =   247.02  PRESS =     0.0
 Etot   =        24.3932  EKtot   =        19.3894  EPtot      =         5.0038
 BOND   =         5.7500  ANGLE   =        17.2542  DIHED      =        31.6427
 1-4 NB =         6.2898  1-4 EEL =       118.0975  VDWAALS    =        -5.2942
 EELEC  =      -150.7959  EGB     =       -21.3208  RESTRAINT  =         1.5234
 ESURF=         1.8572
 EAMBER (non-restraint)  =         3.4804
 ------------------------------------------------------------------------------

 NMR restraints: Bond =    0.000   Angle =     0.000   Torsion =     1.523
===============================================================================

 NSTEP =   475000   TIME(PS) =    2950.000  TEMP(K) =   346.51  PRESS =     0.0
 Etot   =        24.3780  EKtot   =        27.1986  EPtot      =        -2.8207
 BOND   =         7.6370  ANGLE   =        14.3113  DIHED      =        30.3679
 1-4 NB =         4.0197  1-4 EEL =       117.8714  VDWAALS    =        -6.0461
 EELEC  =      -151.4629  EGB     =       -22.1467  RESTRAINT  =         0.7732
 ESURF=         1.8545
 EAMBER (non-restraint)  =        -3.5939
 ------------------------------------------------------------------------------

 NMR restraints: Bond =    0.000   Angle =     0.000   Torsion =     0.773
===============================================================================
| RE_POSITION Moving by  -0.864956 -4.835458 -3.285811

 NSTEP =   480000   TIME(PS) =    2960.000  TEMP(K) =   458.50  PRESS =     0.0
 Etot   =        35.2154  EKtot   =        35.9897  EPtot      =        -0.7743
 BOND   =         4.7427  ANGLE   =        15.4115  DIHED      =        30.0829
 1-4 NB =         5.3653  1-4 EEL =       116.5182  VDWAALS    =        -3.6947
 EELEC  =      -151.0161  EGB     =       -21.5593  RESTRAINT  =         1.4751
 ESURF=         1.9000
 EAMBER (non-restraint)  =        -2.2494
 ------------------------------------------------------------------------------

 NMR restraints: Bond =    0.000   Angle =     0.000   Torsion =     1.475
===============================================================================

 NSTEP =   485000   TIME(PS) =    2970.000  TEMP(K) =   298.13  PRESS =     0.0
 Etot   =        19.5422  EKtot   =        23.4018  EPtot      =        -3.8595
 BOND   =         3.1446  ANGLE   =        13.2954  DIHED      =        31.3136
 1-4 NB =         5.9410  1-4 EEL =       118.2154  VDWAALS    =        -5.6310
 EELEC  =      -151.7044  EGB     =       -21.0136  RESTRAINT  =         0.7565
 ESURF=         1.8229
 EAMBER (non-restraint)  =        -4.6160
 ------------------------------------------------------------------------------

 NMR restraints: Bond =    0.000   Angle =     0.000   Torsion =     0.756
===============================================================================
| RE_POSITION Moving by   2.937930 -0.246108  9.223355

 NSTEP =   490000   TIME(PS) =    2980.000  TEMP(K) =   238.60  PRESS =     0.0
 Etot   =        23.9080  EKtot   =        18.7287  EPtot      =         5.1794
 BOND   =         4.2629  ANGLE   =        20.1525  DIHED      =        32.7601
 1-4 NB =         5.0407  1-4 EEL =       118.7864  VDWAALS    =        -5.4443
 EELEC  =      -151.4600  EGB     =       -20.8688  RESTRAINT  =         0.1071
 ESURF=         1.8428
 EAMBER (non-restraint)  =         5.0722
 ------------------------------------------------------------------------------

 NMR restraints: Bond =    0.000   Angle =     0.000   Torsion =     0.107
===============================================================================

 NSTEP =   495000   TIME(PS) =    2990.000  TEMP(K) =   222.49  PRESS =     0.0
 Etot   =        20.0271  EKtot   =        17.4639  EPtot      =         2.5632
 BOND   =         9.3955  ANGLE   =        16.4326  DIHED      =        30.2262
 1-4 NB =         3.8449  1-4 EEL =       114.3194  VDWAALS    =        -4.7658
 EELEC  =      -148.6393  EGB     =       -21.4733  RESTRAINT  =         1.3451
 ESURF=         1.8779
 EAMBER (non-restraint)  =         1.2181
 ------------------------------------------------------------------------------

 NMR restraints: Bond =    0.000   Angle =     0.000   Torsion =     1.345
===============================================================================
| RE_POSITION Moving by   6.691639  4.179650  2.786087

 NSTEP =   500000   TIME(PS) =    3000.000  TEMP(K) =   250.52  PRESS =     0.0
 Etot   =        20.8928  EKtot   =        19.6644  EPtot      =         1.2283
 BOND   =         2.9131  ANGLE   =        16.0087  DIHED      =        32.6031
 1-4 NB =         6.1819  1-4 EEL =       117.7568  VDWAALS    =        -5.0274
 EELEC  =      -149.4246  EGB     =       -21.7610  RESTRAINT  =         0.0783
 ESURF=         1.8993
 EAMBER (non-restraint)  =         1.1500
 ------------------------------------------------------------------------------

 NMR restraints: Bond =    0.000   Angle =     0.000   Torsion =     0.078
===============================================================================

      A V E R A G E S   O V E R  500000 S T E P S


 NSTEP =   500000   TIME(PS) =    3000.000  TEMP(K) =   299.23  PRESS =     0.0
 Etot   =        24.5358  EKtot   =        23.4880  EPtot      =         1.0478
 BOND   =         5.2971  ANGLE   =        15.2600  DIHED      =        32.3852
 1-4 NB =         4.9274  1-4 EEL =       119.3092  VDWAALS    =        -4.2529
 EELEC  =      -151.5815  EGB     =       -22.8021  RESTRAINT  =         0.5851
 ESURF=         1.9201
 EAMBER (non-restraint)  =         0.4627
 ------------------------------------------------------------------------------

 NMR restraints: Bond =    0.000   Angle =     0.000   Torsion =     0.078
===============================================================================

      R M S  F L U C T U A T I O N S


 NSTEP =   500000   TIME(PS) =    3000.000  TEMP(K) =    47.30  PRESS =     0.0
 Etot   =         5.2512  EKtot   =         3.7131  EPtot      =         3.7624
 BOND   =         1.9406  ANGLE   =         3.1138  DIHED      =         1.8193
 1-4 NB =         0.9883  1-4 EEL =         3.2631  VDWAALS    =         0.9313
 EELEC  =         3.3997  EGB     =         1.7820  RESTRAINT  =         0.7330
 ESURF=         0.0541
 EAMBER (non-restraint)  =         3.0295
 ------------------------------------------------------------------------------


 NMR restraints on final step:


--------------------------------------------------------------------------------
   5.  TIMINGS
--------------------------------------------------------------------------------

|>>>>>>>>PROFILE of Average TIMES>>>>>>>>> 
|                Calc gb radii             28.10 ( 7.98% of Gen B)
|                Communicate gb radii     222.44 (63.20% of Gen B)
|                Calc gb diag              39.61 (11.25% of Gen B)
|                Calc gb off-diag          25.69 ( 7.30% of Gen B)
|                Surface area energy       35.47 (10.08% of Gen B)
|                Other                      0.65 ( 0.19% of Gen B)
|             Gen Born time            351.96 (100.0% of Nonbo)
|             IPS excludes               0.08 ( 0.02% of Nonbo)
|          Nonbond force            352.04 (29.38% of Force)
|          Bond/Angle/Dihedral       12.39 ( 1.03% of Force)
|          FRC Collect time         602.85 (50.31% of Force)
|          Other                    230.97 (19.28% of Force)
|       Force time              1198.24 (78.29% of Runmd)
|       Shake time                 1.64 ( 0.11% of Runmd)
|       Verlet update time       260.55 (17.02% of Runmd)
|       CRD distribute time       69.03 ( 4.51% of Runmd)
|       Other                      1.09 ( 0.07% of Runmd)
|    Runmd Time              1530.56 (100.0% of Total)
| Total time              1530.57 (100.0% of ALL  )

| Number of list builds   :          0

| Highest rstack allocated:          0
| Highest istack allocated:          0

| Final Performance Info:
| -----------------------------------------------------
| Average timings for all steps:
|     Elapsed(s) =    1530.56 Per Step(ms) =       3.06
|         ns/day =      56.45   seconds/ns =    1530.56
| -----------------------------------------------------

|           Job began  at 20:31:41.505  on 04/27/2013
|           Setup done at 20:31:41.522  on 04/27/2013
|           Run   done at 20:57:12.080  on 04/27/2013
|     wallclock() was called18500113 times
