
          -------------------------------------------------------
          Amber 12 SANDER                              2012
          -------------------------------------------------------

| Run on 04/27/2013 at 20:31:41
  [-O]verwriting output

File Assignments:
|  MDIN: run_159.in                                                            
| MDOUT: run_159.out                                                           
|INPCRD: ../eq2/run_159.rst                                                    
|  PARM: parm                                                                  
|RESTRT: run_159.rst                                                           
|  REFC: refc                                                                  
| MDVEL: mdvel                                                                 
|  MDEN: mden                                                                  
| MDCRD: run_159.nc                                                            
|MDINFO: mdinfo                                                                
|  MTMD: mtmd                                                                  
|INPDIP: inpdip                                                                
|RSTDIP: rstdip                                                                

|INPTRA: inptraj                                                               
|
 
 Here is the input file:
 
equilibration with restraint                                                   
 &cntrl                                                                        
   ig=163927,                                                                  
   irest=1, ntx=5,                                                             
   igb=8, gbsa=1,                                                              
   cut=9999.0, rgbmax=9998.0,                                                  
   ntc=2, ntf=1, tol=0.000001,                                                 
   ntt=3, gamma_ln=2.0, tempi=0.1,                                             
   ntb=0, nscm=10000,                                                          
   ioutfm=1,                                                                   
   nstlim=500000, dt=0.002,                                                    
   ntpr=5000, ntwx=5000, ntwv=0, ntwr=500000,                                  
   nmropt=1,                                                                   
 /                                                                             
 &wt                                                                           
  type='DUMPFREQ', istep1=5000,                                                
 /                                                                             
 &wt                                                                           
  type='END',                                                                  
 /                                                                             
DISANG=run_159.disang                                                          
DUMPAVE=run_159.dat                                                            
                                                                               

--------------------------------------------------------------------------------
   1.  RESOURCE   USE: 
--------------------------------------------------------------------------------

| Flags: MPI                                                                    
| New format PARM file being parsed.
| Version =    1.000 Date = 04/27/13 Time = 01:42:54
 NATOM  =      32 NTYPES =       7 NBONH =      17 MBONA  =      14
 NTHETH =      36 MTHETA =      18 NPHIH =      64 MPHIA  =      45
 NHPARM =       0 NPARM  =       0 NNB   =     152 NRES   =       4
 NBONA  =      14 NTHETA =      18 NPHIA =      45 NUMBND =      11
 NUMANG =      21 NPTRA  =      20 NATYP =       8 NPHB   =       0
 IFBOX  =       0 NMXRS  =      10 IFCAP =       0 NEXTRA =       0
 NCOPY  =       0

 Implicit solvent radii are ArgH and AspGluO modified Bondi2 radii (mbondi3)                                
 Replacing prmtop screening parameters with GBn2 (igb=8) values

|     Memory Use     Allocated
|     Real                2310
|     Hollerith            102
|     Integer            23012
|     Max Pairs              1
|     nblistReal             0
|     nblist Int             0
|       Total              108 kbytes

| Note: 1-4 EEL scale factors are being read from the topology file.

| Note: 1-4 VDW scale factors are being read from the topology file.
| Duplicated    0 dihedrals
| Duplicated    0 dihedrals

--------------------------------------------------------------------------------
   2.  CONTROL  DATA  FOR  THE  RUN
--------------------------------------------------------------------------------

ACE                                                                             

General flags:
     imin    =       0, nmropt  =       1

Nature and format of input:
     ntx     =       5, irest   =       1, ntrx    =       1

Nature and format of output:
     ntxo    =       1, ntpr    =    5000, ntrx    =       1, ntwr    =  500000
     iwrap   =       0, ntwx    =    5000, ntwv    =       0, ntwe    =       0
     ioutfm  =       1, ntwprt  =       0, idecomp =       0, rbornstat=      0

Potential function:
     ntf     =       1, ntb     =       0, igb     =       8, nsnb    =      25
     ipol    =       0, gbsa    =       1, iesp    =       0
     dielc   =   1.00000, cut     =9999.00000, intdiel =   1.00000
     saltcon =   0.00000, offset  =   0.19514, surften =   0.00500
     rdt     =   0.00000, rgbmax  =9998.00000  extdiel =  78.50000
     alpb  =        0
     gbalphaH  =   0.78844, gbbetaH   =   0.79870,  gbgammaH  =    0.43733
     gbalphaC  =   0.73376, gbbetaC   =   0.50638,  gbgammaC  =    0.20584
     gbalphaN  =   0.50336, gbbetaN   =   0.31683,  gbgammaN  =    0.19292
     gbalphaOS =   0.86781, gbbetaOS  =   0.87664,  gbgammaOS =    0.38788
     gbalphaP  =   1.00000, gbbetaP   =   0.80000,  gbgammaP  =    4.85100

Frozen or restrained atoms:
     ibelly  =       0, ntr     =       0

Molecular dynamics:
     nstlim  =    500000, nscm    =     10000, nrespa  =         1
     t       =   0.00000, dt      =   0.00200, vlimit  =  20.00000

Langevin dynamics temperature regulation:
     ig      =  163927
     temp0   = 300.00000, tempi   =   0.10000, gamma_ln=   2.00000

SHAKE:
     ntc     =       2, jfastw  =       0
     tol     =   0.00000

NMR refinement options:
     iscale  =       0, noeskp  =       1, ipnlty  =       1, mxsub   =       1
     scalm   = 100.00000, pencut  =   0.10000, tausw   =   0.10000

| MPI Timing options:
|      profile_mpi =        0
|  INFO: Old style inpcrd file read


--------------------------------------------------------------------------------
   3.  ATOMIC COORDINATES AND VELOCITIES
--------------------------------------------------------------------------------

ACE                                                                             
 begin time read from input coords =  2000.000 ps



           Begin reading energy term weight changes/NMR restraints
 WEIGHT CHANGES:
 DUMPFREQ   5000      0    0.000000    0.000000      0      0
                         ** No weight changes given **

 RESTRAINTS:
 Requested file redirections:
  DISANG    = run_159.disang
  DUMPAVE   = run_159.dat
 Restraints will be read from file: run_159.disang
Here are comments from the DISANG input file:

                       Number of restraints read =     1

                  Done reading weight changes/NMR restraints


 Number of triangulated 3-point waters found:        0
|  Atom division among processors:
|         0      16      32
|  Running AMBER/MPI version on    2 nodes


--------------------------------------------------------------------------------
   4.  RESULTS
--------------------------------------------------------------------------------

|  # of SOLUTE  degrees of freedom (RNDFP):      79.
|  # of SOLVENT degrees of freedom (RNDFS):       0.
|  NDFMIN =      79.     NUM_NOSHAKE =      0     CORRECTED RNDFP =      79.
|  TOTAL # of degrees of freedom (RNDF) =      79.

 NSTEP =     5000   TIME(PS) =    2010.000  TEMP(K) =   422.36  PRESS =     0.0
 Etot   =        18.2124  EKtot   =        33.1531  EPtot      =       -14.9407
 BOND   =         3.6621  ANGLE   =         9.1047  DIHED      =        22.5092
 1-4 NB =         4.2868  1-4 EEL =       123.0836  VDWAALS    =        -3.7098
 EELEC  =      -153.6710  EGB     =       -22.2169  RESTRAINT  =         0.0002
 ESURF=         2.0104
 EAMBER (non-restraint)  =       -14.9409
 ------------------------------------------------------------------------------

 NMR restraints: Bond =    0.000   Angle =     0.000   Torsion =     0.000
===============================================================================
| RE_POSITION Moving by   1.242017  1.106402  5.592617

 NSTEP =    10000   TIME(PS) =    2020.000  TEMP(K) =   251.19  PRESS =     0.0
 Etot   =         5.2152  EKtot   =        19.7166  EPtot      =       -14.5014
 BOND   =         4.9147  ANGLE   =        11.6229  DIHED      =        19.6108
 1-4 NB =         5.4133  1-4 EEL =       118.5371  VDWAALS    =        -3.3343
 EELEC  =      -149.3947  EGB     =       -24.1590  RESTRAINT  =         0.3188
 ESURF=         1.9691
 EAMBER (non-restraint)  =       -14.8202
 ------------------------------------------------------------------------------

 NMR restraints: Bond =    0.000   Angle =     0.000   Torsion =     0.319
===============================================================================

 NSTEP =    15000   TIME(PS) =    2030.000  TEMP(K) =   283.56  PRESS =     0.0
 Etot   =        16.9027  EKtot   =        22.2577  EPtot      =        -5.3550
 BOND   =        10.5275  ANGLE   =        15.2070  DIHED      =        20.8726
 1-4 NB =         4.9792  1-4 EEL =       123.9308  VDWAALS    =        -3.4174
 EELEC  =      -155.9365  EGB     =       -23.4762  RESTRAINT  =         0.0012
 ESURF=         1.9570
 EAMBER (non-restraint)  =        -5.3562
 ------------------------------------------------------------------------------

 NMR restraints: Bond =    0.000   Angle =     0.000   Torsion =     0.001
===============================================================================
| RE_POSITION Moving by  -3.416648  1.032194 -2.065392

 NSTEP =    20000   TIME(PS) =    2040.000  TEMP(K) =   273.58  PRESS =     0.0
 Etot   =        12.1009  EKtot   =        21.4746  EPtot      =        -9.3736
 BOND   =         3.6131  ANGLE   =        11.9470  DIHED      =        20.7409
 1-4 NB =         6.4569  1-4 EEL =       118.2436  VDWAALS    =        -3.1128
 EELEC  =      -146.6117  EGB     =       -25.9012  RESTRAINT  =         3.2636
 ESURF=         1.9870
 EAMBER (non-restraint)  =       -12.6372
 ------------------------------------------------------------------------------

 NMR restraints: Bond =    0.000   Angle =     0.000   Torsion =     3.264
===============================================================================

 NSTEP =    25000   TIME(PS) =    2050.000  TEMP(K) =   311.07  PRESS =     0.0
 Etot   =        15.9625  EKtot   =        24.4168  EPtot      =        -8.4542
 BOND   =         5.4587  ANGLE   =        14.1332  DIHED      =        21.6798
 1-4 NB =         3.9278  1-4 EEL =       117.0345  VDWAALS    =        -3.0915
 EELEC  =      -146.9726  EGB     =       -23.3122  RESTRAINT  =         0.6444
 ESURF=         2.0435
 EAMBER (non-restraint)  =        -9.0987
 ------------------------------------------------------------------------------

 NMR restraints: Bond =    0.000   Angle =     0.000   Torsion =     0.644
===============================================================================
| RE_POSITION Moving by  -1.210184  2.546838  2.407181

 NSTEP =    30000   TIME(PS) =    2060.000  TEMP(K) =   283.77  PRESS =     0.0
 Etot   =        13.6630  EKtot   =        22.2745  EPtot      =        -8.6115
 BOND   =         4.5660  ANGLE   =        18.2278  DIHED      =        19.2416
 1-4 NB =         5.6845  1-4 EEL =       116.0145  VDWAALS    =        -3.9563
 EELEC  =      -142.6290  EGB     =       -28.6108  RESTRAINT  =         0.9300
 ESURF=         1.9202
 EAMBER (non-restraint)  =        -9.5415
 ------------------------------------------------------------------------------

 NMR restraints: Bond =    0.000   Angle =     0.000   Torsion =     0.930
===============================================================================

 NSTEP =    35000   TIME(PS) =    2070.000  TEMP(K) =   310.95  PRESS =     0.0
 Etot   =        17.7523  EKtot   =        24.4077  EPtot      =        -6.6554
 BOND   =         6.7930  ANGLE   =        18.5570  DIHED      =        20.8201
 1-4 NB =         4.5212  1-4 EEL =       116.3415  VDWAALS    =        -4.9744
 EELEC  =      -140.1803  EGB     =       -30.4957  RESTRAINT  =         0.0230
 ESURF=         1.9391
 EAMBER (non-restraint)  =        -6.6784
 ------------------------------------------------------------------------------

 NMR restraints: Bond =    0.000   Angle =     0.000   Torsion =     0.023
===============================================================================
| RE_POSITION Moving by  -5.489075 -3.386559  3.706397

 NSTEP =    40000   TIME(PS) =    2080.000  TEMP(K) =   296.03  PRESS =     0.0
 Etot   =        17.8721  EKtot   =        23.2369  EPtot      =        -5.3648
 BOND   =         4.2408  ANGLE   =        18.1642  DIHED      =        21.2728
 1-4 NB =         5.3131  1-4 EEL =       116.9823  VDWAALS    =        -3.6270
 EELEC  =      -146.0205  EGB     =       -23.6693  RESTRAINT  =         0.0057
 ESURF=         1.9732
 EAMBER (non-restraint)  =        -5.3705
 ------------------------------------------------------------------------------

 NMR restraints: Bond =    0.000   Angle =     0.000   Torsion =     0.006
===============================================================================

 NSTEP =    45000   TIME(PS) =    2090.000  TEMP(K) =   351.57  PRESS =     0.0
 Etot   =        15.7367  EKtot   =        27.5959  EPtot      =       -11.8591
 BOND   =         7.1001  ANGLE   =        12.3647  DIHED      =        18.9234
 1-4 NB =         6.2667  1-4 EEL =       118.9059  VDWAALS    =        -4.0764
 EELEC  =      -147.0534  EGB     =       -26.2397  RESTRAINT  =         0.0077
 ESURF=         1.9418
 EAMBER (non-restraint)  =       -11.8668
 ------------------------------------------------------------------------------

 NMR restraints: Bond =    0.000   Angle =     0.000   Torsion =     0.008
===============================================================================
| RE_POSITION Moving by  -4.833873 -7.654263 -5.221006

 NSTEP =    50000   TIME(PS) =    2100.000  TEMP(K) =   188.50  PRESS =     0.0
 Etot   =        -1.6473  EKtot   =        14.7965  EPtot      =       -16.4438
 BOND   =         3.8741  ANGLE   =        11.3705  DIHED      =        19.3646
 1-4 NB =         5.9512  1-4 EEL =       120.0247  VDWAALS    =        -4.2670
 EELEC  =      -151.8238  EGB     =       -22.8878  RESTRAINT  =         0.0015
 ESURF=         1.9481
 EAMBER (non-restraint)  =       -16.4453
 ------------------------------------------------------------------------------

 NMR restraints: Bond =    0.000   Angle =     0.000   Torsion =     0.002
===============================================================================

 NSTEP =    55000   TIME(PS) =    2110.000  TEMP(K) =   317.47  PRESS =     0.0
 Etot   =        14.5313  EKtot   =        24.9197  EPtot      =       -10.3885
 BOND   =         4.8833  ANGLE   =        13.2617  DIHED      =        22.4705
 1-4 NB =         5.3783  1-4 EEL =       116.0548  VDWAALS    =        -4.1232
 EELEC  =      -143.8242  EGB     =       -26.5881  RESTRAINT  =         0.1166
 ESURF=         1.9818
 EAMBER (non-restraint)  =       -10.5051
 ------------------------------------------------------------------------------

 NMR restraints: Bond =    0.000   Angle =     0.000   Torsion =     0.117
===============================================================================
| RE_POSITION Moving by  -7.857250  4.902933  1.218872

 NSTEP =    60000   TIME(PS) =    2120.000  TEMP(K) =   309.58  PRESS =     0.0
 Etot   =        17.5245  EKtot   =        24.3000  EPtot      =        -6.7755
 BOND   =         2.6534  ANGLE   =        18.1151  DIHED      =        20.9583
 1-4 NB =         7.9661  1-4 EEL =       120.1325  VDWAALS    =        -3.8908
 EELEC  =      -146.9619  EGB     =       -27.7954  RESTRAINT  =         0.1255
 ESURF=         1.9219
 EAMBER (non-restraint)  =        -6.9010
 ------------------------------------------------------------------------------

 NMR restraints: Bond =    0.000   Angle =     0.000   Torsion =     0.125
===============================================================================

 NSTEP =    65000   TIME(PS) =    2130.000  TEMP(K) =   241.30  PRESS =     0.0
 Etot   =         6.8599  EKtot   =        18.9407  EPtot      =       -12.0807
 BOND   =         2.7377  ANGLE   =        14.4640  DIHED      =        19.6691
 1-4 NB =         6.4298  1-4 EEL =       116.7175  VDWAALS    =        -3.2789
 EELEC  =      -143.8408  EGB     =       -27.5317  RESTRAINT  =         0.5532
 ESURF=         1.9993
 EAMBER (non-restraint)  =       -12.6339
 ------------------------------------------------------------------------------

 NMR restraints: Bond =    0.000   Angle =     0.000   Torsion =     0.553
===============================================================================
| RE_POSITION Moving by   4.719439  1.728017 -0.938480

 NSTEP =    70000   TIME(PS) =    2140.000  TEMP(K) =   253.44  PRESS =     0.0
 Etot   =        15.8394  EKtot   =        19.8932  EPtot      =        -4.0538
 BOND   =         7.6690  ANGLE   =        20.2314  DIHED      =        20.6817
 1-4 NB =         5.5799  1-4 EEL =       114.5901  VDWAALS    =        -4.6664
 EELEC  =      -145.0411  EGB     =       -25.2214  RESTRAINT  =         0.2631
 ESURF=         1.8599
 EAMBER (non-restraint)  =        -4.3169
 ------------------------------------------------------------------------------

 NMR restraints: Bond =    0.000   Angle =     0.000   Torsion =     0.263
===============================================================================

 NSTEP =    75000   TIME(PS) =    2150.000  TEMP(K) =   271.12  PRESS =     0.0
 Etot   =         6.9023  EKtot   =        21.2817  EPtot      =       -14.3794
 BOND   =         4.4882  ANGLE   =         9.8947  DIHED      =        22.0556
 1-4 NB =         5.7679  1-4 EEL =       116.7138  VDWAALS    =        -3.5814
 EELEC  =      -145.7648  EGB     =       -26.0517  RESTRAINT  =         0.1273
 ESURF=         1.9711
 EAMBER (non-restraint)  =       -14.5067
 ------------------------------------------------------------------------------

 NMR restraints: Bond =    0.000   Angle =     0.000   Torsion =     0.127
===============================================================================
| RE_POSITION Moving by  -4.979972  8.738782 -4.483653

 NSTEP =    80000   TIME(PS) =    2160.000  TEMP(K) =   284.08  PRESS =     0.0
 Etot   =        13.5271  EKtot   =        22.2984  EPtot      =        -8.7713
 BOND   =         9.0663  ANGLE   =        13.3395  DIHED      =        20.2186
 1-4 NB =         4.6318  1-4 EEL =       118.2705  VDWAALS    =        -2.1247
 EELEC  =      -152.4040  EGB     =       -22.3314  RESTRAINT  =         0.6095
 ESURF=         1.9525
 EAMBER (non-restraint)  =        -9.3808
 ------------------------------------------------------------------------------

 NMR restraints: Bond =    0.000   Angle =     0.000   Torsion =     0.609
===============================================================================

 NSTEP =    85000   TIME(PS) =    2170.000  TEMP(K) =   270.37  PRESS =     0.0
 Etot   =        19.3337  EKtot   =        21.2223  EPtot      =        -1.8886
 BOND   =         5.2897  ANGLE   =        26.8715  DIHED      =        20.1263
 1-4 NB =         3.0235  1-4 EEL =       114.0570  VDWAALS    =        -3.4212
 EELEC  =      -143.9824  EGB     =       -25.9323  RESTRAINT  =         0.0501
 ESURF=         2.0293
 EAMBER (non-restraint)  =        -1.9387
 ------------------------------------------------------------------------------

 NMR restraints: Bond =    0.000   Angle =     0.000   Torsion =     0.050
===============================================================================
| RE_POSITION Moving by  -6.480995 -7.286382  2.428874

 NSTEP =    90000   TIME(PS) =    2180.000  TEMP(K) =   293.59  PRESS =     0.0
 Etot   =        11.6761  EKtot   =        23.0452  EPtot      =       -11.3691
 BOND   =         5.6701  ANGLE   =        16.9121  DIHED      =        18.7295
 1-4 NB =         4.8685  1-4 EEL =       116.5755  VDWAALS    =        -3.7206
 EELEC  =      -147.7492  EGB     =       -24.8432  RESTRAINT  =         0.2177
 ESURF=         1.9706
 EAMBER (non-restraint)  =       -11.5867
 ------------------------------------------------------------------------------

 NMR restraints: Bond =    0.000   Angle =     0.000   Torsion =     0.218
===============================================================================

 NSTEP =    95000   TIME(PS) =    2190.000  TEMP(K) =   278.75  PRESS =     0.0
 Etot   =         8.3980  EKtot   =        21.8806  EPtot      =       -13.4826
 BOND   =         3.0939  ANGLE   =        13.4246  DIHED      =        20.3599
 1-4 NB =         4.1126  1-4 EEL =       117.5528  VDWAALS    =        -3.9491
 EELEC  =      -145.7811  EGB     =       -24.3192  RESTRAINT  =         0.0641
 ESURF=         1.9589
 EAMBER (non-restraint)  =       -13.5467
 ------------------------------------------------------------------------------

 NMR restraints: Bond =    0.000   Angle =     0.000   Torsion =     0.064
===============================================================================
| RE_POSITION Moving by  -6.725824  2.981353 -7.865066

 NSTEP =   100000   TIME(PS) =    2200.000  TEMP(K) =   313.96  PRESS =     0.0
 Etot   =        19.8055  EKtot   =        24.6442  EPtot      =        -4.8387
 BOND   =         7.1231  ANGLE   =        21.9034  DIHED      =        20.8852
 1-4 NB =         3.6886  1-4 EEL =       115.3172  VDWAALS    =        -3.9439
 EELEC  =      -147.5344  EGB     =       -24.2661  RESTRAINT  =         0.0040
 ESURF=         1.9842
 EAMBER (non-restraint)  =        -4.8427
 ------------------------------------------------------------------------------

 NMR restraints: Bond =    0.000   Angle =     0.000   Torsion =     0.004
===============================================================================

 NSTEP =   105000   TIME(PS) =    2210.000  TEMP(K) =   349.15  PRESS =     0.0
 Etot   =        12.4076  EKtot   =        27.4065  EPtot      =       -14.9990
 BOND   =         1.9762  ANGLE   =        11.8206  DIHED      =        22.0266
 1-4 NB =         5.8366  1-4 EEL =       115.8035  VDWAALS    =        -3.4403
 EELEC  =      -147.8052  EGB     =       -23.2081  RESTRAINT  =         0.0044
 ESURF=         1.9867
 EAMBER (non-restraint)  =       -15.0034
 ------------------------------------------------------------------------------

 NMR restraints: Bond =    0.000   Angle =     0.000   Torsion =     0.004
===============================================================================
| RE_POSITION Moving by  -4.355735  0.315020  4.886143

 NSTEP =   110000   TIME(PS) =    2220.000  TEMP(K) =   294.37  PRESS =     0.0
 Etot   =        14.3328  EKtot   =        23.1063  EPtot      =        -8.7735
 BOND   =         4.2873  ANGLE   =        15.7390  DIHED      =        19.8254
 1-4 NB =         6.4807  1-4 EEL =       120.6973  VDWAALS    =        -2.9622
 EELEC  =      -150.3650  EGB     =       -24.5352  RESTRAINT  =         0.0836
 ESURF=         1.9757
 EAMBER (non-restraint)  =        -8.8571
 ------------------------------------------------------------------------------

 NMR restraints: Bond =    0.000   Angle =     0.000   Torsion =     0.084
===============================================================================

 NSTEP =   115000   TIME(PS) =    2230.000  TEMP(K) =   283.18  PRESS =     0.0
 Etot   =         9.2804  EKtot   =        22.2282  EPtot      =       -12.9478
 BOND   =         2.6943  ANGLE   =        12.6068  DIHED      =        21.5288
 1-4 NB =         5.8616  1-4 EEL =       118.5562  VDWAALS    =        -1.7820
 EELEC  =      -150.4867  EGB     =       -24.0659  RESTRAINT  =         0.1846
 ESURF=         1.9545
 EAMBER (non-restraint)  =       -13.1324
 ------------------------------------------------------------------------------

 NMR restraints: Bond =    0.000   Angle =     0.000   Torsion =     0.185
===============================================================================
| RE_POSITION Moving by  -8.616456  3.080024 -0.247553

 NSTEP =   120000   TIME(PS) =    2240.000  TEMP(K) =   341.09  PRESS =     0.0
 Etot   =        13.6030  EKtot   =        26.7738  EPtot      =       -13.1708
 BOND   =         2.3060  ANGLE   =        13.9302  DIHED      =        21.4022
 1-4 NB =         7.2448  1-4 EEL =       114.3038  VDWAALS    =        -2.0115
 EELEC  =      -151.4297  EGB     =       -20.8802  RESTRAINT  =         0.0105
 ESURF=         1.9530
 EAMBER (non-restraint)  =       -13.1813
 ------------------------------------------------------------------------------

 NMR restraints: Bond =    0.000   Angle =     0.000   Torsion =     0.010
===============================================================================

 NSTEP =   125000   TIME(PS) =    2250.000  TEMP(K) =   317.95  PRESS =     0.0
 Etot   =        11.3489  EKtot   =        24.9572  EPtot      =       -13.6084
 BOND   =         5.1366  ANGLE   =        11.7719  DIHED      =        20.4394
 1-4 NB =         6.2390  1-4 EEL =       115.9639  VDWAALS    =        -3.7783
 EELEC  =      -142.6626  EGB     =       -29.0923  RESTRAINT  =         0.4336
 ESURF=         1.9406
 EAMBER (non-restraint)  =       -14.0419
 ------------------------------------------------------------------------------

 NMR restraints: Bond =    0.000   Angle =     0.000   Torsion =     0.434
===============================================================================
| RE_POSITION Moving by  -8.504856  1.130336  6.408481

 NSTEP =   130000   TIME(PS) =    2260.000  TEMP(K) =   274.59  PRESS =     0.0
 Etot   =        11.1517  EKtot   =        21.5538  EPtot      =       -10.4021
 BOND   =         7.2898  ANGLE   =        15.7568  DIHED      =        19.8065
 1-4 NB =         5.3566  1-4 EEL =       114.0073  VDWAALS    =        -4.7581
 EELEC  =      -146.2027  EGB     =       -24.2985  RESTRAINT  =         0.7634
 ESURF=         1.8769
 EAMBER (non-restraint)  =       -11.1655
 ------------------------------------------------------------------------------

 NMR restraints: Bond =    0.000   Angle =     0.000   Torsion =     0.763
===============================================================================

 NSTEP =   135000   TIME(PS) =    2270.000  TEMP(K) =   331.85  PRESS =     0.0
 Etot   =        15.5823  EKtot   =        26.0485  EPtot      =       -10.4663
 BOND   =         9.5181  ANGLE   =        10.1411  DIHED      =        23.6876
 1-4 NB =         4.5314  1-4 EEL =       114.3930  VDWAALS    =        -4.9436
 EELEC  =      -144.4941  EGB     =       -25.1803  RESTRAINT  =         0.0025
 ESURF=         1.8781
 EAMBER (non-restraint)  =       -10.4687
 ------------------------------------------------------------------------------

 NMR restraints: Bond =    0.000   Angle =     0.000   Torsion =     0.002
===============================================================================
| RE_POSITION Moving by   8.788160  1.561906  6.755399

 NSTEP =   140000   TIME(PS) =    2280.000  TEMP(K) =   304.71  PRESS =     0.0
 Etot   =         9.3070  EKtot   =        23.9181  EPtot      =       -14.6111
 BOND   =         3.4746  ANGLE   =        15.4059  DIHED      =        19.4504
 1-4 NB =         5.8273  1-4 EEL =       116.8184  VDWAALS    =        -3.6026
 EELEC  =      -151.3474  EGB     =       -22.5484  RESTRAINT  =         0.0093
 ESURF=         1.9014
 EAMBER (non-restraint)  =       -14.6204
 ------------------------------------------------------------------------------

 NMR restraints: Bond =    0.000   Angle =     0.000   Torsion =     0.009
===============================================================================

 NSTEP =   145000   TIME(PS) =    2290.000  TEMP(K) =   283.49  PRESS =     0.0
 Etot   =        11.7888  EKtot   =        22.2521  EPtot      =       -10.4632
 BOND   =         5.2190  ANGLE   =        14.0959  DIHED      =        19.8371
 1-4 NB =         6.0919  1-4 EEL =       117.5927  VDWAALS    =        -4.3357
 EELEC  =      -148.1174  EGB     =       -24.4190  RESTRAINT  =         1.6626
 ESURF=         1.9096
 EAMBER (non-restraint)  =       -12.1258
 ------------------------------------------------------------------------------

 NMR restraints: Bond =    0.000   Angle =     0.000   Torsion =     1.663
===============================================================================
| RE_POSITION Moving by   0.320783 -3.535436 -0.167551

 NSTEP =   150000   TIME(PS) =    2300.000  TEMP(K) =   323.16  PRESS =     0.0
 Etot   =        19.1693  EKtot   =        25.3663  EPtot      =        -6.1970
 BOND   =         8.8908  ANGLE   =        16.4178  DIHED      =        21.0241
 1-4 NB =         5.1857  1-4 EEL =       112.0816  VDWAALS    =        -3.6074
 EELEC  =      -147.5990  EGB     =       -22.9079  RESTRAINT  =         2.4139
 ESURF=         1.9033
 EAMBER (non-restraint)  =        -8.6109
 ------------------------------------------------------------------------------

 NMR restraints: Bond =    0.000   Angle =     0.000   Torsion =     2.414
===============================================================================

 NSTEP =   155000   TIME(PS) =    2310.000  TEMP(K) =   317.96  PRESS =     0.0
 Etot   =        15.7240  EKtot   =        24.9577  EPtot      =        -9.2337
 BOND   =         5.5296  ANGLE   =        16.8971  DIHED      =        18.6755
 1-4 NB =         5.4542  1-4 EEL =       110.5561  VDWAALS    =        -3.0491
 EELEC  =      -138.9723  EGB     =       -26.4340  RESTRAINT  =         0.1076
 ESURF=         2.0017
 EAMBER (non-restraint)  =        -9.3413
 ------------------------------------------------------------------------------

 NMR restraints: Bond =    0.000   Angle =     0.000   Torsion =     0.108
===============================================================================
| RE_POSITION Moving by  -5.441227  6.852227  4.131718

 NSTEP =   160000   TIME(PS) =    2320.000  TEMP(K) =   373.63  PRESS =     0.0
 Etot   =        14.8217  EKtot   =        29.3277  EPtot      =       -14.5060
 BOND   =         5.8417  ANGLE   =        12.5799  DIHED      =        19.8490
 1-4 NB =         4.9085  1-4 EEL =       114.1798  VDWAALS    =        -3.2692
 EELEC  =      -146.9521  EGB     =       -24.5993  RESTRAINT  =         0.9992
 ESURF=         1.9565
 EAMBER (non-restraint)  =       -15.5052
 ------------------------------------------------------------------------------

 NMR restraints: Bond =    0.000   Angle =     0.000   Torsion =     0.999
===============================================================================

 NSTEP =   165000   TIME(PS) =    2330.000  TEMP(K) =   285.08  PRESS =     0.0
 Etot   =        12.6839  EKtot   =        22.3768  EPtot      =        -9.6929
 BOND   =         3.4597  ANGLE   =        17.4829  DIHED      =        21.0459
 1-4 NB =         4.3295  1-4 EEL =       114.2469  VDWAALS    =        -3.7076
 EELEC  =      -139.5529  EGB     =       -29.2654  RESTRAINT  =         0.2998
 ESURF=         1.9683
 EAMBER (non-restraint)  =        -9.9928
 ------------------------------------------------------------------------------

 NMR restraints: Bond =    0.000   Angle =     0.000   Torsion =     0.300
===============================================================================
| RE_POSITION Moving by   0.191360 -1.240826 -1.456931

 NSTEP =   170000   TIME(PS) =    2340.000  TEMP(K) =   248.99  PRESS =     0.0
 Etot   =         5.8202  EKtot   =        19.5442  EPtot      =       -13.7239
 BOND   =         2.4718  ANGLE   =        12.7025  DIHED      =        22.5115
 1-4 NB =         5.4742  1-4 EEL =       118.7139  VDWAALS    =        -3.3617
 EELEC  =      -148.1866  EGB     =       -26.2494  RESTRAINT  =         0.2643
 ESURF=         1.9355
 EAMBER (non-restraint)  =       -13.9882
 ------------------------------------------------------------------------------

 NMR restraints: Bond =    0.000   Angle =     0.000   Torsion =     0.264
===============================================================================

 NSTEP =   175000   TIME(PS) =    2350.000  TEMP(K) =   384.86  PRESS =     0.0
 Etot   =        20.8306  EKtot   =        30.2094  EPtot      =        -9.3788
 BOND   =         3.0690  ANGLE   =        15.9259  DIHED      =        20.5639
 1-4 NB =         6.6137  1-4 EEL =       115.6011  VDWAALS    =        -2.6392
 EELEC  =      -148.4426  EGB     =       -22.2140  RESTRAINT  =         0.1817
 ESURF=         1.9617
 EAMBER (non-restraint)  =        -9.5605
 ------------------------------------------------------------------------------

 NMR restraints: Bond =    0.000   Angle =     0.000   Torsion =     0.182
===============================================================================
| RE_POSITION Moving by   1.750706  6.088186 -4.388153

 NSTEP =   180000   TIME(PS) =    2360.000  TEMP(K) =   264.29  PRESS =     0.0
 Etot   =        13.3251  EKtot   =        20.7451  EPtot      =        -7.4199
 BOND   =         4.8912  ANGLE   =        17.4075  DIHED      =        21.3495
 1-4 NB =         3.7711  1-4 EEL =       114.7345  VDWAALS    =        -3.9406
 EELEC  =      -142.8064  EGB     =       -25.7467  RESTRAINT  =         0.9206
 ESURF=         1.9994
 EAMBER (non-restraint)  =        -8.3406
 ------------------------------------------------------------------------------

 NMR restraints: Bond =    0.000   Angle =     0.000   Torsion =     0.921
===============================================================================

 NSTEP =   185000   TIME(PS) =    2370.000  TEMP(K) =   243.25  PRESS =     0.0
 Etot   =         4.5470  EKtot   =        19.0934  EPtot      =       -14.5463
 BOND   =         6.5817  ANGLE   =         7.9458  DIHED      =        19.4763
 1-4 NB =         7.1945  1-4 EEL =       120.7664  VDWAALS    =        -3.8118
 EELEC  =      -151.7695  EGB     =       -22.9309  RESTRAINT  =         0.0274
 ESURF=         1.9735
 EAMBER (non-restraint)  =       -14.5738
 ------------------------------------------------------------------------------

 NMR restraints: Bond =    0.000   Angle =     0.000   Torsion =     0.027
===============================================================================
| RE_POSITION Moving by  -2.658235 -4.479898  2.269266

 NSTEP =   190000   TIME(PS) =    2380.000  TEMP(K) =   235.25  PRESS =     0.0
 Etot   =         6.3223  EKtot   =        18.4656  EPtot      =       -12.1434
 BOND   =         3.0733  ANGLE   =         9.8788  DIHED      =        21.3985
 1-4 NB =         6.2866  1-4 EEL =       121.8943  VDWAALS    =        -1.6147
 EELEC  =      -144.5174  EGB     =       -30.4628  RESTRAINT  =         0.0011
 ESURF=         1.9188
 EAMBER (non-restraint)  =       -12.1445
 ------------------------------------------------------------------------------

 NMR restraints: Bond =    0.000   Angle =     0.000   Torsion =     0.001
===============================================================================

 NSTEP =   195000   TIME(PS) =    2390.000  TEMP(K) =   370.02  PRESS =     0.0
 Etot   =        16.7462  EKtot   =        29.0441  EPtot      =       -12.2978
 BOND   =         6.6365  ANGLE   =        11.0802  DIHED      =        19.5251
 1-4 NB =         6.2603  1-4 EEL =       117.4650  VDWAALS    =        -4.6276
 EELEC  =      -143.2422  EGB     =       -27.2784  RESTRAINT  =         0.0128
 ESURF=         1.8704
 EAMBER (non-restraint)  =       -12.3106
 ------------------------------------------------------------------------------

 NMR restraints: Bond =    0.000   Angle =     0.000   Torsion =     0.013
===============================================================================
| RE_POSITION Moving by  -7.456907 -1.740603 -1.472147

 NSTEP =   200000   TIME(PS) =    2400.000  TEMP(K) =   300.22  PRESS =     0.0
 Etot   =        11.6822  EKtot   =        23.5659  EPtot      =       -11.8837
 BOND   =         7.3416  ANGLE   =        12.4013  DIHED      =        19.9361
 1-4 NB =         6.0439  1-4 EEL =       118.4652  VDWAALS    =        -4.5306
 EELEC  =      -150.3266  EGB     =       -23.5554  RESTRAINT  =         0.4558
 ESURF=         1.8850
 EAMBER (non-restraint)  =       -12.3394
 ------------------------------------------------------------------------------

 NMR restraints: Bond =    0.000   Angle =     0.000   Torsion =     0.456
===============================================================================

 NSTEP =   205000   TIME(PS) =    2410.000  TEMP(K) =   357.55  PRESS =     0.0
 Etot   =        24.8507  EKtot   =        28.0659  EPtot      =        -3.2152
 BOND   =         6.3306  ANGLE   =        22.9357  DIHED      =        22.2747
 1-4 NB =         5.3063  1-4 EEL =       112.3431  VDWAALS    =        -3.0559
 EELEC  =      -149.8910  EGB     =       -21.4868  RESTRAINT  =         0.1221
 ESURF=         1.9058
 EAMBER (non-restraint)  =        -3.3374
 ------------------------------------------------------------------------------

 NMR restraints: Bond =    0.000   Angle =     0.000   Torsion =     0.122
===============================================================================
| RE_POSITION Moving by  -2.156584  0.045172  6.076133

 NSTEP =   210000   TIME(PS) =    2420.000  TEMP(K) =   278.05  PRESS =     0.0
 Etot   =        13.1534  EKtot   =        21.8251  EPtot      =        -8.6716
 BOND   =         3.0202  ANGLE   =        20.8129  DIHED      =        18.8313
 1-4 NB =         6.0509  1-4 EEL =       117.4642  VDWAALS    =        -3.8838
 EELEC  =      -150.5096  EGB     =       -22.3878  RESTRAINT  =         0.0308
 ESURF=         1.8992
 EAMBER (non-restraint)  =        -8.7025
 ------------------------------------------------------------------------------

 NMR restraints: Bond =    0.000   Angle =     0.000   Torsion =     0.031
===============================================================================

 NSTEP =   215000   TIME(PS) =    2430.000  TEMP(K) =   250.81  PRESS =     0.0
 Etot   =         8.4239  EKtot   =        19.6870  EPtot      =       -11.2631
 BOND   =         5.4022  ANGLE   =        11.0418  DIHED      =        22.2116
 1-4 NB =         4.6309  1-4 EEL =       115.6506  VDWAALS    =        -3.0765
 EELEC  =      -144.6371  EGB     =       -24.7998  RESTRAINT  =         0.2781
 ESURF=         2.0352
 EAMBER (non-restraint)  =       -11.5412
 ------------------------------------------------------------------------------

 NMR restraints: Bond =    0.000   Angle =     0.000   Torsion =     0.278
===============================================================================
| RE_POSITION Moving by   2.621424  5.435418  2.033292

 NSTEP =   220000   TIME(PS) =    2440.000  TEMP(K) =   334.76  PRESS =     0.0
 Etot   =        18.6138  EKtot   =        26.2764  EPtot      =        -7.6626
 BOND   =         8.1836  ANGLE   =        16.0248  DIHED      =        19.8778
 1-4 NB =         3.4255  1-4 EEL =       120.9317  VDWAALS    =        -3.9216
 EELEC  =      -148.7579  EGB     =       -25.4607  RESTRAINT  =         0.0534
 ESURF=         1.9807
 EAMBER (non-restraint)  =        -7.7159
 ------------------------------------------------------------------------------

 NMR restraints: Bond =    0.000   Angle =     0.000   Torsion =     0.053
===============================================================================

 NSTEP =   225000   TIME(PS) =    2450.000  TEMP(K) =   285.42  PRESS =     0.0
 Etot   =         9.0865  EKtot   =        22.4038  EPtot      =       -13.3172
 BOND   =         6.1527  ANGLE   =        10.2997  DIHED      =        21.9581
 1-4 NB =         4.3366  1-4 EEL =       121.7544  VDWAALS    =        -3.5641
 EELEC  =      -152.2114  EGB     =       -24.1296  RESTRAINT  =         0.1155
 ESURF=         1.9708
 EAMBER (non-restraint)  =       -13.4328
 ------------------------------------------------------------------------------

 NMR restraints: Bond =    0.000   Angle =     0.000   Torsion =     0.116
===============================================================================
| RE_POSITION Moving by  12.590489 -3.624289 -3.280908

 NSTEP =   230000   TIME(PS) =    2460.000  TEMP(K) =   266.20  PRESS =     0.0
 Etot   =         7.1298  EKtot   =        20.8949  EPtot      =       -13.7652
 BOND   =         4.7656  ANGLE   =        11.1942  DIHED      =        19.1454
 1-4 NB =         6.3845  1-4 EEL =       120.8687  VDWAALS    =        -2.4007
 EELEC  =      -149.9878  EGB     =       -26.2703  RESTRAINT  =         0.5518
 ESURF=         1.9836
 EAMBER (non-restraint)  =       -14.3169
 ------------------------------------------------------------------------------

 NMR restraints: Bond =    0.000   Angle =     0.000   Torsion =     0.552
===============================================================================

 NSTEP =   235000   TIME(PS) =    2470.000  TEMP(K) =   371.83  PRESS =     0.0
 Etot   =        17.1933  EKtot   =        29.1868  EPtot      =       -11.9935
 BOND   =         3.8613  ANGLE   =        15.5843  DIHED      =        20.0949
 1-4 NB =         4.7080  1-4 EEL =       120.6915  VDWAALS    =        -4.0314
 EELEC  =      -149.6941  EGB     =       -25.5070  RESTRAINT  =         0.3381
 ESURF=         1.9610
 EAMBER (non-restraint)  =       -12.3316
 ------------------------------------------------------------------------------

 NMR restraints: Bond =    0.000   Angle =     0.000   Torsion =     0.338
===============================================================================
| RE_POSITION Moving by   3.619441  2.593786  5.420799

 NSTEP =   240000   TIME(PS) =    2480.000  TEMP(K) =   286.21  PRESS =     0.0
 Etot   =        12.8050  EKtot   =        22.4656  EPtot      =        -9.6606
 BOND   =         3.7208  ANGLE   =        15.9774  DIHED      =        22.5721
 1-4 NB =         3.8838  1-4 EEL =       119.5477  VDWAALS    =        -3.7858
 EELEC  =      -151.5127  EGB     =       -22.4614  RESTRAINT  =         0.4048
 ESURF=         1.9926
 EAMBER (non-restraint)  =       -10.0654
 ------------------------------------------------------------------------------

 NMR restraints: Bond =    0.000   Angle =     0.000   Torsion =     0.405
===============================================================================

 NSTEP =   245000   TIME(PS) =    2490.000  TEMP(K) =   261.37  PRESS =     0.0
 Etot   =        12.2900  EKtot   =        20.5163  EPtot      =        -8.2263
 BOND   =        10.2730  ANGLE   =        12.1072  DIHED      =        21.8221
 1-4 NB =         5.9023  1-4 EEL =       114.4721  VDWAALS    =        -4.2430
 EELEC  =      -144.0618  EGB     =       -26.7095  RESTRAINT  =         0.2835
 ESURF=         1.9277
 EAMBER (non-restraint)  =        -8.5098
 ------------------------------------------------------------------------------

 NMR restraints: Bond =    0.000   Angle =     0.000   Torsion =     0.283
===============================================================================
| RE_POSITION Moving by   3.005396  9.135396  1.879055

 NSTEP =   250000   TIME(PS) =    2500.000  TEMP(K) =   248.21  PRESS =     0.0
 Etot   =         4.7847  EKtot   =        19.4833  EPtot      =       -14.6986
 BOND   =         4.2118  ANGLE   =        14.0459  DIHED      =        18.0184
 1-4 NB =         5.1897  1-4 EEL =       116.5975  VDWAALS    =        -3.5036
 EELEC  =      -142.4215  EGB     =       -28.8652  RESTRAINT  =         0.0853
 ESURF=         1.9431
 EAMBER (non-restraint)  =       -14.7839
 ------------------------------------------------------------------------------

 NMR restraints: Bond =    0.000   Angle =     0.000   Torsion =     0.085
===============================================================================

 NSTEP =   255000   TIME(PS) =    2510.000  TEMP(K) =   262.37  PRESS =     0.0
 Etot   =         8.2070  EKtot   =        20.5949  EPtot      =       -12.3879
 BOND   =         6.0467  ANGLE   =        15.1135  DIHED      =        18.7659
 1-4 NB =         4.5420  1-4 EEL =       113.2199  VDWAALS    =        -3.2417
 EELEC  =      -146.6525  EGB     =       -22.1770  RESTRAINT  =         0.0302
 ESURF=         1.9652
 EAMBER (non-restraint)  =       -12.4181
 ------------------------------------------------------------------------------

 NMR restraints: Bond =    0.000   Angle =     0.000   Torsion =     0.030
===============================================================================
| RE_POSITION Moving by   0.695694 -6.409403 -0.302365

 NSTEP =   260000   TIME(PS) =    2520.000  TEMP(K) =   276.75  PRESS =     0.0
 Etot   =        10.8575  EKtot   =        21.7233  EPtot      =       -10.8658
 BOND   =         6.7688  ANGLE   =        14.2674  DIHED      =        18.6669
 1-4 NB =         4.1090  1-4 EEL =       116.6307  VDWAALS    =        -2.6925
 EELEC  =      -148.4880  EGB     =       -22.7870  RESTRAINT  =         0.6154
 ESURF=         2.0435
 EAMBER (non-restraint)  =       -11.4812
 ------------------------------------------------------------------------------

 NMR restraints: Bond =    0.000   Angle =     0.000   Torsion =     0.615
===============================================================================

 NSTEP =   265000   TIME(PS) =    2530.000  TEMP(K) =   231.27  PRESS =     0.0
 Etot   =         6.5819  EKtot   =        18.1530  EPtot      =       -11.5711
 BOND   =         6.3828  ANGLE   =        13.8718  DIHED      =        21.1474
 1-4 NB =         4.9421  1-4 EEL =       114.9855  VDWAALS    =        -4.4699
 EELEC  =      -141.8428  EGB     =       -28.8572  RESTRAINT  =         0.3237
 ESURF=         1.9454
 EAMBER (non-restraint)  =       -11.8948
 ------------------------------------------------------------------------------

 NMR restraints: Bond =    0.000   Angle =     0.000   Torsion =     0.324
===============================================================================
| RE_POSITION Moving by  -7.596896  1.274880 -7.044101

 NSTEP =   270000   TIME(PS) =    2540.000  TEMP(K) =   279.15  PRESS =     0.0
 Etot   =        14.0978  EKtot   =        21.9120  EPtot      =        -7.8141
 BOND   =         5.1309  ANGLE   =        14.6455  DIHED      =        22.0543
 1-4 NB =         7.0071  1-4 EEL =       115.4499  VDWAALS    =        -3.5618
 EELEC  =      -146.2010  EGB     =       -24.2179  RESTRAINT  =         0.0125
 ESURF=         1.8665
 EAMBER (non-restraint)  =        -7.8266
 ------------------------------------------------------------------------------

 NMR restraints: Bond =    0.000   Angle =     0.000   Torsion =     0.012
===============================================================================

 NSTEP =   275000   TIME(PS) =    2550.000  TEMP(K) =   247.92  PRESS =     0.0
 Etot   =         7.1305  EKtot   =        19.4600  EPtot      =       -12.3296
 BOND   =         4.1504  ANGLE   =        16.2378  DIHED      =        18.0118
 1-4 NB =         6.5290  1-4 EEL =       115.0805  VDWAALS    =        -3.9187
 EELEC  =      -149.8982  EGB     =       -21.6185  RESTRAINT  =         1.2101
 ESURF=         1.8861
 EAMBER (non-restraint)  =       -13.5397
 ------------------------------------------------------------------------------

 NMR restraints: Bond =    0.000   Angle =     0.000   Torsion =     1.210
===============================================================================
| RE_POSITION Moving by  -0.771740  0.433608 -5.539122

 NSTEP =   280000   TIME(PS) =    2560.000  TEMP(K) =   358.89  PRESS =     0.0
 Etot   =        16.6100  EKtot   =        28.1708  EPtot      =       -11.5607
 BOND   =         3.8024  ANGLE   =        10.3935  DIHED      =        19.1493
 1-4 NB =         6.3276  1-4 EEL =       118.6692  VDWAALS    =        -3.1697
 EELEC  =      -144.7390  EGB     =       -24.9000  RESTRAINT  =         0.8900
 ESURF=         2.0159
 EAMBER (non-restraint)  =       -12.4507
 ------------------------------------------------------------------------------

 NMR restraints: Bond =    0.000   Angle =     0.000   Torsion =     0.890
===============================================================================

 NSTEP =   285000   TIME(PS) =    2570.000  TEMP(K) =   306.36  PRESS =     0.0
 Etot   =        12.2359  EKtot   =        24.0471  EPtot      =       -11.8112
 BOND   =         9.3150  ANGLE   =        14.4144  DIHED      =        19.0256
 1-4 NB =         2.5410  1-4 EEL =       115.0088  VDWAALS    =        -3.8494
 EELEC  =      -144.8276  EGB     =       -26.3429  RESTRAINT  =         0.9164
 ESURF=         1.9875
 EAMBER (non-restraint)  =       -12.7276
 ------------------------------------------------------------------------------

 NMR restraints: Bond =    0.000   Angle =     0.000   Torsion =     0.916
===============================================================================
| RE_POSITION Moving by  -4.054744  5.348455  0.846884

 NSTEP =   290000   TIME(PS) =    2580.000  TEMP(K) =   320.47  PRESS =     0.0
 Etot   =        15.3969  EKtot   =        25.1548  EPtot      =        -9.7579
 BOND   =         3.5060  ANGLE   =        13.9729  DIHED      =        21.1064
 1-4 NB =         6.0323  1-4 EEL =       123.7257  VDWAALS    =        -3.2490
 EELEC  =      -153.2629  EGB     =       -23.6082  RESTRAINT  =         0.0271
 ESURF=         1.9918
 EAMBER (non-restraint)  =        -9.7850
 ------------------------------------------------------------------------------

 NMR restraints: Bond =    0.000   Angle =     0.000   Torsion =     0.027
===============================================================================

 NSTEP =   295000   TIME(PS) =    2590.000  TEMP(K) =   354.29  PRESS =     0.0
 Etot   =        15.7555  EKtot   =        27.8094  EPtot      =       -12.0539
 BOND   =         7.7276  ANGLE   =        13.8009  DIHED      =        19.1918
 1-4 NB =         3.7930  1-4 EEL =       115.6701  VDWAALS    =        -3.3813
 EELEC  =      -145.3647  EGB     =       -25.5248  RESTRAINT  =         0.0166
 ESURF=         2.0169
 EAMBER (non-restraint)  =       -12.0706
 ------------------------------------------------------------------------------

 NMR restraints: Bond =    0.000   Angle =     0.000   Torsion =     0.017
===============================================================================
| RE_POSITION Moving by  -0.232428  5.007279 -4.923049

 NSTEP =   300000   TIME(PS) =    2600.000  TEMP(K) =   308.76  PRESS =     0.0
 Etot   =        20.3003  EKtot   =        24.2361  EPtot      =        -3.9357
 BOND   =         9.0859  ANGLE   =        14.4640  DIHED      =        22.7819
 1-4 NB =         4.0544  1-4 EEL =       115.8476  VDWAALS    =        -2.6720
 EELEC  =      -146.5308  EGB     =       -24.1619  RESTRAINT  =         1.1575
 ESURF=         2.0378
 EAMBER (non-restraint)  =        -5.0932
 ------------------------------------------------------------------------------

 NMR restraints: Bond =    0.000   Angle =     0.000   Torsion =     1.157
===============================================================================

 NSTEP =   305000   TIME(PS) =    2610.000  TEMP(K) =   379.07  PRESS =     0.0
 Etot   =        17.3842  EKtot   =        29.7549  EPtot      =       -12.3707
 BOND   =         7.4599  ANGLE   =        12.6079  DIHED      =        18.2293
 1-4 NB =         5.2628  1-4 EEL =       120.4876  VDWAALS    =        -2.9123
 EELEC  =      -152.9906  EGB     =       -23.2864  RESTRAINT  =         0.8049
 ESURF=         1.9663
 EAMBER (non-restraint)  =       -13.1755
 ------------------------------------------------------------------------------

 NMR restraints: Bond =    0.000   Angle =     0.000   Torsion =     0.805
===============================================================================
| RE_POSITION Moving by  -6.040095 -3.506917  3.478602

 NSTEP =   310000   TIME(PS) =    2620.000  TEMP(K) =   261.49  PRESS =     0.0
 Etot   =         7.6887  EKtot   =        20.5256  EPtot      =       -12.8370
 BOND   =         5.7176  ANGLE   =        13.0612  DIHED      =        20.6797
 1-4 NB =         5.4226  1-4 EEL =       115.2929  VDWAALS    =        -3.6907
 EELEC  =      -143.6434  EGB     =       -27.6462  RESTRAINT  =         0.0316
 ESURF=         1.9378
 EAMBER (non-restraint)  =       -12.8686
 ------------------------------------------------------------------------------

 NMR restraints: Bond =    0.000   Angle =     0.000   Torsion =     0.032
===============================================================================

 NSTEP =   315000   TIME(PS) =    2630.000  TEMP(K) =   323.54  PRESS =     0.0
 Etot   =        11.1417  EKtot   =        25.3961  EPtot      =       -14.2544
 BOND   =         4.5945  ANGLE   =        12.2274  DIHED      =        20.1223
 1-4 NB =         5.9560  1-4 EEL =       118.8894  VDWAALS    =        -3.2968
 EELEC  =      -150.5079  EGB     =       -24.2058  RESTRAINT  =         0.0039
 ESURF=         1.9626
 EAMBER (non-restraint)  =       -14.2583
 ------------------------------------------------------------------------------

 NMR restraints: Bond =    0.000   Angle =     0.000   Torsion =     0.004
===============================================================================
| RE_POSITION Moving by   2.015849 -9.120069  9.764482

 NSTEP =   320000   TIME(PS) =    2640.000  TEMP(K) =   292.89  PRESS =     0.0
 Etot   =        15.1404  EKtot   =        22.9900  EPtot      =        -7.8496
 BOND   =         5.6340  ANGLE   =        15.8690  DIHED      =        21.1298
 1-4 NB =         4.8155  1-4 EEL =       113.3605  VDWAALS    =        -2.3476
 EELEC  =      -145.5668  EGB     =       -22.7817  RESTRAINT  =         0.0097
 ESURF=         2.0281
 EAMBER (non-restraint)  =        -7.8592
 ------------------------------------------------------------------------------

 NMR restraints: Bond =    0.000   Angle =     0.000   Torsion =     0.010
===============================================================================

 NSTEP =   325000   TIME(PS) =    2650.000  TEMP(K) =   334.27  PRESS =     0.0
 Etot   =        11.5567  EKtot   =        26.2379  EPtot      =       -14.6812
 BOND   =         2.5563  ANGLE   =         9.5157  DIHED      =        22.7586
 1-4 NB =         5.6567  1-4 EEL =       125.0533  VDWAALS    =        -3.4020
 EELEC  =      -156.1964  EGB     =       -22.6003  RESTRAINT  =         0.0200
 ESURF=         1.9569
 EAMBER (non-restraint)  =       -14.7012
 ------------------------------------------------------------------------------

 NMR restraints: Bond =    0.000   Angle =     0.000   Torsion =     0.020
===============================================================================
| RE_POSITION Moving by   3.695716  1.543638 10.155158

 NSTEP =   330000   TIME(PS) =    2660.000  TEMP(K) =   214.81  PRESS =     0.0
 Etot   =         9.8783  EKtot   =        16.8616  EPtot      =        -6.9833
 BOND   =         6.6947  ANGLE   =        13.3860  DIHED      =        23.6501
 1-4 NB =         5.1908  1-4 EEL =       121.1326  VDWAALS    =        -3.6183
 EELEC  =      -150.9726  EGB     =       -24.4499  RESTRAINT  =         0.0518
 ESURF=         1.9515
 EAMBER (non-restraint)  =        -7.0351
 ------------------------------------------------------------------------------

 NMR restraints: Bond =    0.000   Angle =     0.000   Torsion =     0.052
===============================================================================

 NSTEP =   335000   TIME(PS) =    2670.000  TEMP(K) =   337.68  PRESS =     0.0
 Etot   =        12.3426  EKtot   =        26.5055  EPtot      =       -14.1629
 BOND   =         3.4136  ANGLE   =         9.1065  DIHED      =        24.9243
 1-4 NB =         4.2320  1-4 EEL =       123.1342  VDWAALS    =        -3.4781
 EELEC  =      -154.8020  EGB     =       -22.7019  RESTRAINT  =         0.0408
 ESURF=         1.9677
 EAMBER (non-restraint)  =       -14.2038
 ------------------------------------------------------------------------------

 NMR restraints: Bond =    0.000   Angle =     0.000   Torsion =     0.041
===============================================================================
| RE_POSITION Moving by   7.465188 -1.767472 -1.068733

 NSTEP =   340000   TIME(PS) =    2680.000  TEMP(K) =   286.77  PRESS =     0.0
 Etot   =         8.5754  EKtot   =        22.5098  EPtot      =       -13.9344
 BOND   =         3.7638  ANGLE   =        11.2078  DIHED      =        21.6455
 1-4 NB =         5.2004  1-4 EEL =       120.5581  VDWAALS    =        -3.3623
 EELEC  =      -149.5977  EGB     =       -25.4936  RESTRAINT  =         0.1824
 ESURF=         1.9613
 EAMBER (non-restraint)  =       -14.1167
 ------------------------------------------------------------------------------

 NMR restraints: Bond =    0.000   Angle =     0.000   Torsion =     0.182
===============================================================================

 NSTEP =   345000   TIME(PS) =    2690.000  TEMP(K) =   270.47  PRESS =     0.0
 Etot   =         6.7633  EKtot   =        21.2305  EPtot      =       -14.4673
 BOND   =         7.2803  ANGLE   =        14.6891  DIHED      =        19.4642
 1-4 NB =         3.5163  1-4 EEL =       113.4658  VDWAALS    =        -2.8924
 EELEC  =      -147.6363  EGB     =       -24.3887  RESTRAINT  =         0.0165
 ESURF=         2.0181
 EAMBER (non-restraint)  =       -14.4838
 ------------------------------------------------------------------------------

 NMR restraints: Bond =    0.000   Angle =     0.000   Torsion =     0.017
===============================================================================
| RE_POSITION Moving by   1.917633  1.420850  2.253179

 NSTEP =   350000   TIME(PS) =    2700.000  TEMP(K) =   287.71  PRESS =     0.0
 Etot   =        17.1664  EKtot   =        22.5835  EPtot      =        -5.4170
 BOND   =        12.9940  ANGLE   =        14.1817  DIHED      =        21.5954
 1-4 NB =         4.5976  1-4 EEL =       115.8886  VDWAALS    =        -3.0659
 EELEC  =      -147.9463  EGB     =       -25.7438  RESTRAINT  =         0.0939
 ESURF=         1.9879
 EAMBER (non-restraint)  =        -5.5109
 ------------------------------------------------------------------------------

 NMR restraints: Bond =    0.000   Angle =     0.000   Torsion =     0.094
===============================================================================

 NSTEP =   355000   TIME(PS) =    2710.000  TEMP(K) =   471.74  PRESS =     0.0
 Etot   =        27.7428  EKtot   =        37.0291  EPtot      =        -9.2862
 BOND   =         2.7905  ANGLE   =        14.8194  DIHED      =        23.5968
 1-4 NB =         5.3268  1-4 EEL =       121.4556  VDWAALS    =        -3.7062
 EELEC  =      -150.8806  EGB     =       -24.7286  RESTRAINT  =         0.0799
 ESURF=         1.9603
 EAMBER (non-restraint)  =        -9.3661
 ------------------------------------------------------------------------------

 NMR restraints: Bond =    0.000   Angle =     0.000   Torsion =     0.080
===============================================================================
| RE_POSITION Moving by  -3.268105 -3.543963  3.356859

 NSTEP =   360000   TIME(PS) =    2720.000  TEMP(K) =   218.53  PRESS =     0.0
 Etot   =         9.8059  EKtot   =        17.1536  EPtot      =        -7.3477
 BOND   =         5.9780  ANGLE   =        16.9706  DIHED      =        19.9906
 1-4 NB =         4.3698  1-4 EEL =       120.3528  VDWAALS    =        -2.5448
 EELEC  =      -150.1888  EGB     =       -24.3047  RESTRAINT  =         0.0057
 ESURF=         2.0230
 EAMBER (non-restraint)  =        -7.3534
 ------------------------------------------------------------------------------

 NMR restraints: Bond =    0.000   Angle =     0.000   Torsion =     0.006
===============================================================================

 NSTEP =   365000   TIME(PS) =    2730.000  TEMP(K) =   279.64  PRESS =     0.0
 Etot   =        11.1377  EKtot   =        21.9500  EPtot      =       -10.8123
 BOND   =         5.3526  ANGLE   =        15.2609  DIHED      =        22.3693
 1-4 NB =         4.4242  1-4 EEL =       119.0300  VDWAALS    =        -3.9566
 EELEC  =      -151.5749  EGB     =       -23.9346  RESTRAINT  =         0.2485
 ESURF=         1.9683
 EAMBER (non-restraint)  =       -11.0608
 ------------------------------------------------------------------------------

 NMR restraints: Bond =    0.000   Angle =     0.000   Torsion =     0.249
===============================================================================
| RE_POSITION Moving by  -3.334362  4.111312 -0.227152

 NSTEP =   370000   TIME(PS) =    2740.000  TEMP(K) =   264.66  PRESS =     0.0
 Etot   =        13.2655  EKtot   =        20.7739  EPtot      =        -7.5084
 BOND   =        10.2075  ANGLE   =        12.6392  DIHED      =        20.1471
 1-4 NB =         5.4261  1-4 EEL =       122.0401  VDWAALS    =        -3.4925
 EELEC  =      -150.3978  EGB     =       -27.1352  RESTRAINT  =         1.1275
 ESURF=         1.9295
 EAMBER (non-restraint)  =        -8.6359
 ------------------------------------------------------------------------------

 NMR restraints: Bond =    0.000   Angle =     0.000   Torsion =     1.128
===============================================================================

 NSTEP =   375000   TIME(PS) =    2750.000  TEMP(K) =   361.03  PRESS =     0.0
 Etot   =        15.9928  EKtot   =        28.3390  EPtot      =       -12.3462
 BOND   =         4.8683  ANGLE   =        14.7609  DIHED      =        19.4848
 1-4 NB =         5.2422  1-4 EEL =       115.1773  VDWAALS    =        -3.8243
 EELEC  =      -143.1378  EGB     =       -27.1058  RESTRAINT  =         0.2404
 ESURF=         1.9478
 EAMBER (non-restraint)  =       -12.5867
 ------------------------------------------------------------------------------

 NMR restraints: Bond =    0.000   Angle =     0.000   Torsion =     0.240
===============================================================================
| RE_POSITION Moving by   0.752290 -3.001021  6.654370

 NSTEP =   380000   TIME(PS) =    2760.000  TEMP(K) =   323.02  PRESS =     0.0
 Etot   =        18.2912  EKtot   =        25.3553  EPtot      =        -7.0641
 BOND   =         6.7327  ANGLE   =        15.3592  DIHED      =        22.6435
 1-4 NB =         4.5873  1-4 EEL =       117.3077  VDWAALS    =        -4.1664
 EELEC  =      -145.8335  EGB     =       -25.6496  RESTRAINT  =         0.0014
 ESURF=         1.9536
 EAMBER (non-restraint)  =        -7.0655
 ------------------------------------------------------------------------------

 NMR restraints: Bond =    0.000   Angle =     0.000   Torsion =     0.001
===============================================================================

 NSTEP =   385000   TIME(PS) =    2770.000  TEMP(K) =   357.04  PRESS =     0.0
 Etot   =        23.9061  EKtot   =        28.0254  EPtot      =        -4.1193
 BOND   =         6.7027  ANGLE   =        17.7661  DIHED      =        21.2272
 1-4 NB =         4.4506  1-4 EEL =       121.2211  VDWAALS    =        -3.3123
 EELEC  =      -150.5921  EGB     =       -24.6219  RESTRAINT  =         1.0386
 ESURF=         2.0006
 EAMBER (non-restraint)  =        -5.1580
 ------------------------------------------------------------------------------

 NMR restraints: Bond =    0.000   Angle =     0.000   Torsion =     1.039
===============================================================================
| RE_POSITION Moving by   3.790523 -2.700745  8.094466

 NSTEP =   390000   TIME(PS) =    2780.000  TEMP(K) =   321.28  PRESS =     0.0
 Etot   =        15.5243  EKtot   =        25.2188  EPtot      =        -9.6944
 BOND   =         7.1108  ANGLE   =        11.0383  DIHED      =        24.8517
 1-4 NB =         4.5441  1-4 EEL =       122.4339  VDWAALS    =        -3.8617
 EELEC  =      -152.4647  EGB     =       -25.3593  RESTRAINT  =         0.0531
 ESURF=         1.9594
 EAMBER (non-restraint)  =        -9.7475
 ------------------------------------------------------------------------------

 NMR restraints: Bond =    0.000   Angle =     0.000   Torsion =     0.053
===============================================================================

 NSTEP =   395000   TIME(PS) =    2790.000  TEMP(K) =   268.56  PRESS =     0.0
 Etot   =         8.2458  EKtot   =        21.0807  EPtot      =       -12.8349
 BOND   =         6.6129  ANGLE   =        10.2247  DIHED      =        22.0288
 1-4 NB =         5.1423  1-4 EEL =       118.6884  VDWAALS    =        -3.6091
 EELEC  =      -151.7757  EGB     =       -22.3927  RESTRAINT  =         0.2811
 ESURF=         1.9645
 EAMBER (non-restraint)  =       -13.1160
 ------------------------------------------------------------------------------

 NMR restraints: Bond =    0.000   Angle =     0.000   Torsion =     0.281
===============================================================================
| RE_POSITION Moving by  -1.976599 -4.177294 -4.057602

 NSTEP =   400000   TIME(PS) =    2800.000  TEMP(K) =   235.91  PRESS =     0.0
 Etot   =         4.3902  EKtot   =        18.5177  EPtot      =       -14.1274
 BOND   =         5.6244  ANGLE   =        11.8475  DIHED      =        18.2444
 1-4 NB =         4.7753  1-4 EEL =       116.5526  VDWAALS    =        -3.2858
 EELEC  =      -147.2518  EGB     =       -22.8774  RESTRAINT  =         0.2079
 ESURF=         2.0356
 EAMBER (non-restraint)  =       -14.3353
 ------------------------------------------------------------------------------

 NMR restraints: Bond =    0.000   Angle =     0.000   Torsion =     0.208
===============================================================================

 NSTEP =   405000   TIME(PS) =    2810.000  TEMP(K) =   318.93  PRESS =     0.0
 Etot   =        15.5163  EKtot   =        25.0344  EPtot      =        -9.5182
 BOND   =         5.7257  ANGLE   =        13.3565  DIHED      =        19.5730
 1-4 NB =         7.4297  1-4 EEL =       120.2376  VDWAALS    =        -2.9407
 EELEC  =      -150.2692  EGB     =       -25.6404  RESTRAINT  =         1.0373
 ESURF=         1.9724
 EAMBER (non-restraint)  =       -10.5555
 ------------------------------------------------------------------------------

 NMR restraints: Bond =    0.000   Angle =     0.000   Torsion =     1.037
===============================================================================
| RE_POSITION Moving by  -3.472161 -3.872131 -7.739657

 NSTEP =   410000   TIME(PS) =    2820.000  TEMP(K) =   273.89  PRESS =     0.0
 Etot   =         6.1172  EKtot   =        21.4986  EPtot      =       -15.3814
 BOND   =         4.5306  ANGLE   =         9.8125  DIHED      =        20.7562
 1-4 NB =         4.5263  1-4 EEL =       114.0069  VDWAALS    =        -2.8361
 EELEC  =      -145.1341  EGB     =       -23.3797  RESTRAINT  =         0.2937
 ESURF=         2.0423
 EAMBER (non-restraint)  =       -15.6751
 ------------------------------------------------------------------------------

 NMR restraints: Bond =    0.000   Angle =     0.000   Torsion =     0.294
===============================================================================

 NSTEP =   415000   TIME(PS) =    2830.000  TEMP(K) =   391.08  PRESS =     0.0
 Etot   =        21.2942  EKtot   =        30.6972  EPtot      =        -9.4030
 BOND   =         6.9064  ANGLE   =        17.1971  DIHED      =        22.1466
 1-4 NB =         2.6066  1-4 EEL =       111.2046  VDWAALS    =        -3.6152
 EELEC  =      -142.3609  EGB     =       -25.7664  RESTRAINT  =         0.2514
 ESURF=         2.0268
 EAMBER (non-restraint)  =        -9.6544
 ------------------------------------------------------------------------------

 NMR restraints: Bond =    0.000   Angle =     0.000   Torsion =     0.251
===============================================================================
| RE_POSITION Moving by  -4.204861  1.998081 -1.860275

 NSTEP =   420000   TIME(PS) =    2840.000  TEMP(K) =   248.74  PRESS =     0.0
 Etot   =         9.2022  EKtot   =        19.5249  EPtot      =       -10.3226
 BOND   =         3.1866  ANGLE   =        15.4648  DIHED      =        20.5211
 1-4 NB =         6.3113  1-4 EEL =       120.6754  VDWAALS    =        -4.8408
 EELEC  =      -143.8411  EGB     =       -29.8051  RESTRAINT  =         0.0950
 ESURF=         1.9103
 EAMBER (non-restraint)  =       -10.4176
 ------------------------------------------------------------------------------

 NMR restraints: Bond =    0.000   Angle =     0.000   Torsion =     0.095
===============================================================================

 NSTEP =   425000   TIME(PS) =    2850.000  TEMP(K) =   346.41  PRESS =     0.0
 Etot   =        17.8607  EKtot   =        27.1909  EPtot      =        -9.3302
 BOND   =         3.8712  ANGLE   =        19.4740  DIHED      =        19.3359
 1-4 NB =         4.3925  1-4 EEL =       117.8816  VDWAALS    =        -4.3007
 EELEC  =      -149.3488  EGB     =       -23.2960  RESTRAINT  =         0.6971
 ESURF=         1.9630
 EAMBER (non-restraint)  =       -10.0273
 ------------------------------------------------------------------------------

 NMR restraints: Bond =    0.000   Angle =     0.000   Torsion =     0.697
===============================================================================
| RE_POSITION Moving by   0.964815  6.581844  8.386433

 NSTEP =   430000   TIME(PS) =    2860.000  TEMP(K) =   277.45  PRESS =     0.0
 Etot   =         6.7560  EKtot   =        21.7785  EPtot      =       -15.0225
 BOND   =         3.2292  ANGLE   =        12.5077  DIHED      =        19.2310
 1-4 NB =         4.3005  1-4 EEL =       117.3198  VDWAALS    =        -3.6266
 EELEC  =      -148.3582  EGB     =       -23.2051  RESTRAINT  =         1.6260
 ESURF=         1.9531
 EAMBER (non-restraint)  =       -16.6486
 ------------------------------------------------------------------------------

 NMR restraints: Bond =    0.000   Angle =     0.000   Torsion =     1.626
===============================================================================

 NSTEP =   435000   TIME(PS) =    2870.000  TEMP(K) =   341.65  PRESS =     0.0
 Etot   =        15.9410  EKtot   =        26.8178  EPtot      =       -10.8768
 BOND   =         4.7601  ANGLE   =        12.4771  DIHED      =        23.1408
 1-4 NB =         5.2444  1-4 EEL =       116.0514  VDWAALS    =        -3.0988
 EELEC  =      -144.8742  EGB     =       -26.7329  RESTRAINT  =         0.1567
 ESURF=         1.9985
 EAMBER (non-restraint)  =       -11.0334
 ------------------------------------------------------------------------------

 NMR restraints: Bond =    0.000   Angle =     0.000   Torsion =     0.157
===============================================================================
| RE_POSITION Moving by  -0.943276  0.837912 -2.278298

 NSTEP =   440000   TIME(PS) =    2880.000  TEMP(K) =   384.76  PRESS =     0.0
 Etot   =        21.9339  EKtot   =        30.2011  EPtot      =        -8.2672
 BOND   =         8.7183  ANGLE   =        15.6253  DIHED      =        21.7467
 1-4 NB =         5.2644  1-4 EEL =       114.3239  VDWAALS    =        -4.6801
 EELEC  =      -145.2858  EGB     =       -25.9921  RESTRAINT  =         0.1305
 ESURF=         1.8818
 EAMBER (non-restraint)  =        -8.3977
 ------------------------------------------------------------------------------

 NMR restraints: Bond =    0.000   Angle =     0.000   Torsion =     0.131
===============================================================================

 NSTEP =   445000   TIME(PS) =    2890.000  TEMP(K) =   262.99  PRESS =     0.0
 Etot   =        15.4802  EKtot   =        20.6434  EPtot      =        -5.1633
 BOND   =         7.3499  ANGLE   =        25.3842  DIHED      =        19.7167
 1-4 NB =         4.6279  1-4 EEL =       108.1257  VDWAALS    =        -4.7599
 EELEC  =      -144.7111  EGB     =       -22.8609  RESTRAINT  =         0.0557
 ESURF=         1.9087
 EAMBER (non-restraint)  =        -5.2189
 ------------------------------------------------------------------------------

 NMR restraints: Bond =    0.000   Angle =     0.000   Torsion =     0.056
===============================================================================
| RE_POSITION Moving by   8.975846  6.027174  0.429246

 NSTEP =   450000   TIME(PS) =    2900.000  TEMP(K) =   330.57  PRESS =     0.0
 Etot   =        13.1226  EKtot   =        25.9477  EPtot      =       -12.8251
 BOND   =         3.0291  ANGLE   =        11.8733  DIHED      =        20.9219
 1-4 NB =         6.6345  1-4 EEL =       119.0446  VDWAALS    =        -3.2865
 EELEC  =      -148.0259  EGB     =       -25.3604  RESTRAINT  =         0.3808
 ESURF=         1.9635
 EAMBER (non-restraint)  =       -13.2059
 ------------------------------------------------------------------------------

 NMR restraints: Bond =    0.000   Angle =     0.000   Torsion =     0.381
===============================================================================

 NSTEP =   455000   TIME(PS) =    2910.000  TEMP(K) =   300.14  PRESS =     0.0
 Etot   =        14.3344  EKtot   =        23.5589  EPtot      =        -9.2245
 BOND   =         5.5461  ANGLE   =        15.1076  DIHED      =        21.6535
 1-4 NB =         4.8184  1-4 EEL =       119.6330  VDWAALS    =        -4.5154
 EELEC  =      -148.0091  EGB     =       -25.4682  RESTRAINT  =         0.0838
 ESURF=         1.9258
 EAMBER (non-restraint)  =        -9.3083
 ------------------------------------------------------------------------------

 NMR restraints: Bond =    0.000   Angle =     0.000   Torsion =     0.084
===============================================================================
| RE_POSITION Moving by   3.269429 -0.161499 -0.053142

 NSTEP =   460000   TIME(PS) =    2920.000  TEMP(K) =   250.98  PRESS =     0.0
 Etot   =         6.1766  EKtot   =        19.7003  EPtot      =       -13.5237
 BOND   =         4.1383  ANGLE   =        16.2268  DIHED      =        19.2684
 1-4 NB =         6.5115  1-4 EEL =       118.0414  VDWAALS    =        -3.6599
 EELEC  =      -152.7898  EGB     =       -23.2910  RESTRAINT  =         0.1520
 ESURF=         1.8785
 EAMBER (non-restraint)  =       -13.6757
 ------------------------------------------------------------------------------

 NMR restraints: Bond =    0.000   Angle =     0.000   Torsion =     0.152
===============================================================================

 NSTEP =   465000   TIME(PS) =    2930.000  TEMP(K) =   251.05  PRESS =     0.0
 Etot   =         8.3099  EKtot   =        19.7062  EPtot      =       -11.3963
 BOND   =         5.5937  ANGLE   =        17.2860  DIHED      =        20.9262
 1-4 NB =         4.2589  1-4 EEL =       112.4430  VDWAALS    =        -4.3397
 EELEC  =      -145.1588  EGB     =       -24.4107  RESTRAINT  =         0.1310
 ESURF=         1.8741
 EAMBER (non-restraint)  =       -11.5274
 ------------------------------------------------------------------------------

 NMR restraints: Bond =    0.000   Angle =     0.000   Torsion =     0.131
===============================================================================
| RE_POSITION Moving by  -0.189739 -2.259032 -2.008699

 NSTEP =   470000   TIME(PS) =    2940.000  TEMP(K) =   223.36  PRESS =     0.0
 Etot   =         3.9189  EKtot   =        17.5326  EPtot      =       -13.6137
 BOND   =         4.1197  ANGLE   =        14.1151  DIHED      =        19.0023
 1-4 NB =         5.6259  1-4 EEL =       118.7175  VDWAALS    =        -4.4656
 EELEC  =      -143.1139  EGB     =       -29.5937  RESTRAINT  =         0.0736
 ESURF=         1.9053
 EAMBER (non-restraint)  =       -13.6874
 ------------------------------------------------------------------------------

 NMR restraints: Bond =    0.000   Angle =     0.000   Torsion =     0.074
===============================================================================

 NSTEP =   475000   TIME(PS) =    2950.000  TEMP(K) =   288.94  PRESS =     0.0
 Etot   =        14.4839  EKtot   =        22.6802  EPtot      =        -8.1963
 BOND   =         7.8525  ANGLE   =        14.3572  DIHED      =        22.5447
 1-4 NB =         4.3243  1-4 EEL =       114.0284  VDWAALS    =        -3.3278
 EELEC  =      -145.1735  EGB     =       -24.8767  RESTRAINT  =         0.0738
 ESURF=         2.0008
 EAMBER (non-restraint)  =        -8.2701
 ------------------------------------------------------------------------------

 NMR restraints: Bond =    0.000   Angle =     0.000   Torsion =     0.074
===============================================================================
| RE_POSITION Moving by  -8.579631  3.150271  4.437227

 NSTEP =   480000   TIME(PS) =    2960.000  TEMP(K) =   259.87  PRESS =     0.0
 Etot   =        10.4814  EKtot   =        20.3981  EPtot      =        -9.9167
 BOND   =         3.8065  ANGLE   =        14.7803  DIHED      =        22.4592
 1-4 NB =         5.0991  1-4 EEL =       117.9993  VDWAALS    =        -4.3796
 EELEC  =      -145.7727  EGB     =       -25.8520  RESTRAINT  =         0.0242
 ESURF=         1.9191
 EAMBER (non-restraint)  =        -9.9409
 ------------------------------------------------------------------------------

 NMR restraints: Bond =    0.000   Angle =     0.000   Torsion =     0.024
===============================================================================

 NSTEP =   485000   TIME(PS) =    2970.000  TEMP(K) =   281.71  PRESS =     0.0
 Etot   =        11.4361  EKtot   =        22.1126  EPtot      =       -10.6765
 BOND   =         4.7130  ANGLE   =        14.6712  DIHED      =        22.8182
 1-4 NB =         3.9310  1-4 EEL =       114.9345  VDWAALS    =        -4.0301
 EELEC  =      -145.2406  EGB     =       -24.5371  RESTRAINT  =         0.1093
 ESURF=         1.9541
 EAMBER (non-restraint)  =       -10.7858
 ------------------------------------------------------------------------------

 NMR restraints: Bond =    0.000   Angle =     0.000   Torsion =     0.109
===============================================================================
| RE_POSITION Moving by   0.240218 -3.725117 -0.035800

 NSTEP =   490000   TIME(PS) =    2980.000  TEMP(K) =   300.69  PRESS =     0.0
 Etot   =        13.5529  EKtot   =        23.6021  EPtot      =       -10.0492
 BOND   =         5.1572  ANGLE   =        13.6119  DIHED      =        20.9938
 1-4 NB =         4.3391  1-4 EEL =       121.8254  VDWAALS    =        -3.3840
 EELEC  =      -149.5661  EGB     =       -25.2288  RESTRAINT  =         0.2005
 ESURF=         2.0016
 EAMBER (non-restraint)  =       -10.2497
 ------------------------------------------------------------------------------

 NMR restraints: Bond =    0.000   Angle =     0.000   Torsion =     0.201
===============================================================================

 NSTEP =   495000   TIME(PS) =    2990.000  TEMP(K) =   307.30  PRESS =     0.0
 Etot   =        10.4582  EKtot   =        24.1212  EPtot      =       -13.6630
 BOND   =         4.1950  ANGLE   =        10.7084  DIHED      =        24.2045
 1-4 NB =         4.9885  1-4 EEL =       121.9363  VDWAALS    =        -3.8298
 EELEC  =      -155.0870  EGB     =       -22.7317  RESTRAINT  =         0.0003
 ESURF=         1.9526
 EAMBER (non-restraint)  =       -13.6633
 ------------------------------------------------------------------------------

 NMR restraints: Bond =    0.000   Angle =     0.000   Torsion =     0.000
===============================================================================
| RE_POSITION Moving by   7.348696  1.463054 -6.397067

 NSTEP =   500000   TIME(PS) =    3000.000  TEMP(K) =   349.43  PRESS =     0.0
 Etot   =        16.4904  EKtot   =        27.4283  EPtot      =       -10.9379
 BOND   =         5.6276  ANGLE   =        12.8134  DIHED      =        21.1970
 1-4 NB =         4.1371  1-4 EEL =       119.2058  VDWAALS    =        -3.2367
 EELEC  =      -147.5936  EGB     =       -25.2031  RESTRAINT  =         0.1390
 ESURF=         1.9757
 EAMBER (non-restraint)  =       -11.0768
 ------------------------------------------------------------------------------

 NMR restraints: Bond =    0.000   Angle =     0.000   Torsion =     0.139
===============================================================================

      A V E R A G E S   O V E R  500000 S T E P S


 NSTEP =   500000   TIME(PS) =    3000.000  TEMP(K) =   301.60  PRESS =     0.0
 Etot   =        12.9470  EKtot   =        23.6736  EPtot      =       -10.7265
 BOND   =         5.4026  ANGLE   =        14.2602  DIHED      =        20.7939
 1-4 NB =         5.2226  1-4 EEL =       117.6391  VDWAALS    =        -3.4286
 EELEC  =      -148.3535  EGB     =       -24.5748  RESTRAINT  =         0.3527
 ESURF=         1.9590
 EAMBER (non-restraint)  =       -11.0793
 ------------------------------------------------------------------------------

 NMR restraints: Bond =    0.000   Angle =     0.000   Torsion =     0.139
===============================================================================

      R M S  F L U C T U A T I O N S


 NSTEP =   500000   TIME(PS) =    3000.000  TEMP(K) =    47.98  PRESS =     0.0
 Etot   =         5.3773  EKtot   =         3.7664  EPtot      =         3.8185
 BOND   =         1.9845  ANGLE   =         3.0852  DIHED      =         1.6084
 1-4 NB =         0.9981  1-4 EEL =         3.1700  VDWAALS    =         0.7123
 EELEC  =         3.7030  EGB     =         2.0872  RESTRAINT  =         0.4905
 ESURF=         0.0406
 EAMBER (non-restraint)  =         3.3280
 ------------------------------------------------------------------------------


 NMR restraints on final step:


--------------------------------------------------------------------------------
   5.  TIMINGS
--------------------------------------------------------------------------------

|>>>>>>>>PROFILE of Average TIMES>>>>>>>>> 
|                Calc gb radii             27.50 ( 7.92% of Gen B)
|                Communicate gb radii     220.42 (63.51% of Gen B)
|                Calc gb diag              39.41 (11.36% of Gen B)
|                Calc gb off-diag          25.43 ( 7.33% of Gen B)
|                Surface area energy       33.62 ( 9.69% of Gen B)
|                Other                      0.66 ( 0.19% of Gen B)
|             Gen Born time            347.05 (100.0% of Nonbo)
|             IPS excludes               0.09 ( 0.02% of Nonbo)
|          Nonbond force            347.13 (29.25% of Force)
|          Bond/Angle/Dihedral       12.41 ( 1.05% of Force)
|          FRC Collect time         598.04 (50.39% of Force)
|          Other                    229.29 (19.32% of Force)
|       Force time              1186.88 (78.24% of Runmd)
|       Shake time                 1.58 ( 0.10% of Runmd)
|       Verlet update time       259.22 (17.09% of Runmd)
|       CRD distribute time       68.20 ( 4.50% of Runmd)
|       Other                      1.07 ( 0.07% of Runmd)
|    Runmd Time              1516.95 (100.0% of Total)
|    Other                      0.18 ( 0.01% of Total)
| Total time              1517.14 (100.0% of ALL  )

| Number of list builds   :          0

| Highest rstack allocated:          0
| Highest istack allocated:          0

| Final Performance Info:
| -----------------------------------------------------
| Average timings for all steps:
|     Elapsed(s) =    1516.96 Per Step(ms) =       3.03
|         ns/day =      56.96   seconds/ns =    1516.96
| -----------------------------------------------------

|           Job began  at 20:31:41.688  on 04/27/2013
|           Setup done at 20:31:41.873  on 04/27/2013
|           Run   done at 20:56:58.828  on 04/27/2013
|     wallclock() was called18500113 times
