
          -------------------------------------------------------
          Amber 12 SANDER                              2012
          -------------------------------------------------------

| Run on 04/27/2013 at 20:31:41
  [-O]verwriting output

File Assignments:
|  MDIN: run_27.in                                                             
| MDOUT: run_27.out                                                            
|INPCRD: ../eq2/run_27.rst                                                     
|  PARM: parm                                                                  
|RESTRT: run_27.rst                                                            
|  REFC: refc                                                                  
| MDVEL: mdvel                                                                 
|  MDEN: mden                                                                  
| MDCRD: run_27.nc                                                             
|MDINFO: mdinfo                                                                
|  MTMD: mtmd                                                                  
|INPDIP: inpdip                                                                
|RSTDIP: rstdip                                                                

|INPTRA: inptraj                                                               
|
 
 Here is the input file:
 
equilibration with restraint                                                   
 &cntrl                                                                        
   ig=805760,                                                                  
   irest=1, ntx=5,                                                             
   igb=8, gbsa=1,                                                              
   cut=9999.0, rgbmax=9998.0,                                                  
   ntc=2, ntf=1, tol=0.000001,                                                 
   ntt=3, gamma_ln=2.0, tempi=0.1,                                             
   ntb=0, nscm=10000,                                                          
   ioutfm=1,                                                                   
   nstlim=500000, dt=0.002,                                                    
   ntpr=5000, ntwx=5000, ntwv=0, ntwr=500000,                                  
   nmropt=1,                                                                   
 /                                                                             
 &wt                                                                           
  type='DUMPFREQ', istep1=5000,                                                
 /                                                                             
 &wt                                                                           
  type='END',                                                                  
 /                                                                             
DISANG=run_27.disang                                                           
DUMPAVE=run_27.dat                                                             
                                                                               

--------------------------------------------------------------------------------
   1.  RESOURCE   USE: 
--------------------------------------------------------------------------------

| Flags: MPI                                                                    
| New format PARM file being parsed.
| Version =    1.000 Date = 04/27/13 Time = 01:42:54
 NATOM  =      32 NTYPES =       7 NBONH =      17 MBONA  =      14
 NTHETH =      36 MTHETA =      18 NPHIH =      64 MPHIA  =      45
 NHPARM =       0 NPARM  =       0 NNB   =     152 NRES   =       4
 NBONA  =      14 NTHETA =      18 NPHIA =      45 NUMBND =      11
 NUMANG =      21 NPTRA  =      20 NATYP =       8 NPHB   =       0
 IFBOX  =       0 NMXRS  =      10 IFCAP =       0 NEXTRA =       0
 NCOPY  =       0

 Implicit solvent radii are ArgH and AspGluO modified Bondi2 radii (mbondi3)                                
 Replacing prmtop screening parameters with GBn2 (igb=8) values

|     Memory Use     Allocated
|     Real                2310
|     Hollerith            102
|     Integer            23012
|     Max Pairs              1
|     nblistReal             0
|     nblist Int             0
|       Total              108 kbytes

| Note: 1-4 EEL scale factors are being read from the topology file.

| Note: 1-4 VDW scale factors are being read from the topology file.
| Duplicated    0 dihedrals
| Duplicated    0 dihedrals

--------------------------------------------------------------------------------
   2.  CONTROL  DATA  FOR  THE  RUN
--------------------------------------------------------------------------------

ACE                                                                             

General flags:
     imin    =       0, nmropt  =       1

Nature and format of input:
     ntx     =       5, irest   =       1, ntrx    =       1

Nature and format of output:
     ntxo    =       1, ntpr    =    5000, ntrx    =       1, ntwr    =  500000
     iwrap   =       0, ntwx    =    5000, ntwv    =       0, ntwe    =       0
     ioutfm  =       1, ntwprt  =       0, idecomp =       0, rbornstat=      0

Potential function:
     ntf     =       1, ntb     =       0, igb     =       8, nsnb    =      25
     ipol    =       0, gbsa    =       1, iesp    =       0
     dielc   =   1.00000, cut     =9999.00000, intdiel =   1.00000
     saltcon =   0.00000, offset  =   0.19514, surften =   0.00500
     rdt     =   0.00000, rgbmax  =9998.00000  extdiel =  78.50000
     alpb  =        0
     gbalphaH  =   0.78844, gbbetaH   =   0.79870,  gbgammaH  =    0.43733
     gbalphaC  =   0.73376, gbbetaC   =   0.50638,  gbgammaC  =    0.20584
     gbalphaN  =   0.50336, gbbetaN   =   0.31683,  gbgammaN  =    0.19292
     gbalphaOS =   0.86781, gbbetaOS  =   0.87664,  gbgammaOS =    0.38788
     gbalphaP  =   1.00000, gbbetaP   =   0.80000,  gbgammaP  =    4.85100

Frozen or restrained atoms:
     ibelly  =       0, ntr     =       0

Molecular dynamics:
     nstlim  =    500000, nscm    =     10000, nrespa  =         1
     t       =   0.00000, dt      =   0.00200, vlimit  =  20.00000

Langevin dynamics temperature regulation:
     ig      =  805760
     temp0   = 300.00000, tempi   =   0.10000, gamma_ln=   2.00000

SHAKE:
     ntc     =       2, jfastw  =       0
     tol     =   0.00000

NMR refinement options:
     iscale  =       0, noeskp  =       1, ipnlty  =       1, mxsub   =       1
     scalm   = 100.00000, pencut  =   0.10000, tausw   =   0.10000

| MPI Timing options:
|      profile_mpi =        0
|  INFO: Old style inpcrd file read


--------------------------------------------------------------------------------
   3.  ATOMIC COORDINATES AND VELOCITIES
--------------------------------------------------------------------------------

ACE                                                                             
 begin time read from input coords =  2000.000 ps



           Begin reading energy term weight changes/NMR restraints
 WEIGHT CHANGES:
 DUMPFREQ   5000      0    0.000000    0.000000      0      0
                         ** No weight changes given **

 RESTRAINTS:
 Requested file redirections:
  DISANG    = run_27.disang
  DUMPAVE   = run_27.dat
 Restraints will be read from file: run_27.disang
Here are comments from the DISANG input file:

                       Number of restraints read =     1

                  Done reading weight changes/NMR restraints


 Number of triangulated 3-point waters found:        0
|  Atom division among processors:
|         0      16      32
|  Running AMBER/MPI version on    2 nodes


--------------------------------------------------------------------------------
   4.  RESULTS
--------------------------------------------------------------------------------

|  # of SOLUTE  degrees of freedom (RNDFP):      79.
|  # of SOLVENT degrees of freedom (RNDFS):       0.
|  NDFMIN =      79.     NUM_NOSHAKE =      0     CORRECTED RNDFP =      79.
|  TOTAL # of degrees of freedom (RNDF) =      79.

 NSTEP =     5000   TIME(PS) =    2010.000  TEMP(K) =   281.32  PRESS =     0.0
 Etot   =        12.2916  EKtot   =        22.0821  EPtot      =        -9.7905
 BOND   =         5.4226  ANGLE   =         9.6161  DIHED      =        26.8987
 1-4 NB =         3.7472  1-4 EEL =       110.7669  VDWAALS    =        -3.4407
 EELEC  =      -140.6989  EGB     =       -24.4276  RESTRAINT  =         0.3059
 ESURF=         2.0192
 EAMBER (non-restraint)  =       -10.0965
 ------------------------------------------------------------------------------

 NMR restraints: Bond =    0.000   Angle =     0.000   Torsion =     0.306
===============================================================================
| RE_POSITION Moving by  -1.525632 -5.619058  5.679942

 NSTEP =    10000   TIME(PS) =    2020.000  TEMP(K) =   351.53  PRESS =     0.0
 Etot   =        20.3133  EKtot   =        27.5932  EPtot      =        -7.2799
 BOND   =         5.7550  ANGLE   =        13.1809  DIHED      =        24.6998
 1-4 NB =         5.9565  1-4 EEL =       113.8435  VDWAALS    =        -4.1172
 EELEC  =      -147.8820  EGB     =       -20.8530  RESTRAINT  =         0.2420
 ESURF=         1.8946
 EAMBER (non-restraint)  =        -7.5219
 ------------------------------------------------------------------------------

 NMR restraints: Bond =    0.000   Angle =     0.000   Torsion =     0.242
===============================================================================

 NSTEP =    15000   TIME(PS) =    2030.000  TEMP(K) =   292.09  PRESS =     0.0
 Etot   =        10.2320  EKtot   =        22.9273  EPtot      =       -12.6953
 BOND   =         5.4258  ANGLE   =        11.4143  DIHED      =        24.8355
 1-4 NB =         3.3182  1-4 EEL =       105.8708  VDWAALS    =        -3.8949
 EELEC  =      -137.8433  EGB     =       -23.8434  RESTRAINT  =         0.0993
 ESURF=         1.9225
 EAMBER (non-restraint)  =       -12.7945
 ------------------------------------------------------------------------------

 NMR restraints: Bond =    0.000   Angle =     0.000   Torsion =     0.099
===============================================================================
| RE_POSITION Moving by  -1.833162  5.157922 -4.770037

 NSTEP =    20000   TIME(PS) =    2040.000  TEMP(K) =   342.62  PRESS =     0.0
 Etot   =        25.4191  EKtot   =        26.8938  EPtot      =        -1.4747
 BOND   =         3.9962  ANGLE   =        17.9628  DIHED      =        27.0340
 1-4 NB =         3.8559  1-4 EEL =       112.0639  VDWAALS    =        -1.9230
 EELEC  =      -142.4659  EGB     =       -24.1600  RESTRAINT  =         0.1675
 ESURF=         1.9938
 EAMBER (non-restraint)  =        -1.6422
 ------------------------------------------------------------------------------

 NMR restraints: Bond =    0.000   Angle =     0.000   Torsion =     0.167
===============================================================================

 NSTEP =    25000   TIME(PS) =    2050.000  TEMP(K) =   214.68  PRESS =     0.0
 Etot   =        19.0029  EKtot   =        16.8510  EPtot      =         2.1519
 BOND   =         7.9470  ANGLE   =        18.0473  DIHED      =        25.6560
 1-4 NB =         6.4029  1-4 EEL =       108.1244  VDWAALS    =        -2.6281
 EELEC  =      -141.1456  EGB     =       -23.5744  RESTRAINT  =         1.3656
 ESURF=         1.9568
 EAMBER (non-restraint)  =         0.7863
 ------------------------------------------------------------------------------

 NMR restraints: Bond =    0.000   Angle =     0.000   Torsion =     1.366
===============================================================================
| RE_POSITION Moving by -10.582313 -2.756902 -4.923037

 NSTEP =    30000   TIME(PS) =    2060.000  TEMP(K) =   310.60  PRESS =     0.0
 Etot   =        29.3063  EKtot   =        24.3799  EPtot      =         4.9264
 BOND   =         9.5068  ANGLE   =        25.1140  DIHED      =        25.5156
 1-4 NB =         3.9288  1-4 EEL =       105.4652  VDWAALS    =        -3.8956
 EELEC  =      -140.6376  EGB     =       -22.2072  RESTRAINT  =         0.1933
 ESURF=         1.9432
 EAMBER (non-restraint)  =         4.7331
 ------------------------------------------------------------------------------

 NMR restraints: Bond =    0.000   Angle =     0.000   Torsion =     0.193
===============================================================================

 NSTEP =    35000   TIME(PS) =    2070.000  TEMP(K) =   344.71  PRESS =     0.0
 Etot   =        19.1079  EKtot   =        27.0577  EPtot      =        -7.9498
 BOND   =         3.5399  ANGLE   =        15.5731  DIHED      =        24.1606
 1-4 NB =         6.3661  1-4 EEL =       113.4089  VDWAALS    =        -4.3077
 EELEC  =      -149.2773  EGB     =       -19.4034  RESTRAINT  =         0.1097
 ESURF=         1.8803
 EAMBER (non-restraint)  =        -8.0595
 ------------------------------------------------------------------------------

 NMR restraints: Bond =    0.000   Angle =     0.000   Torsion =     0.110
===============================================================================
| RE_POSITION Moving by  -1.762168 -5.061268  4.772473

 NSTEP =    40000   TIME(PS) =    2080.000  TEMP(K) =   272.55  PRESS =     0.0
 Etot   =        12.9484  EKtot   =        21.3932  EPtot      =        -8.4448
 BOND   =         4.4984  ANGLE   =        16.0138  DIHED      =        26.5715
 1-4 NB =         2.8119  1-4 EEL =       109.9337  VDWAALS    =        -4.3810
 EELEC  =      -142.4654  EGB     =       -23.4992  RESTRAINT  =         0.1415
 ESURF=         1.9301
 EAMBER (non-restraint)  =        -8.5864
 ------------------------------------------------------------------------------

 NMR restraints: Bond =    0.000   Angle =     0.000   Torsion =     0.142
===============================================================================

 NSTEP =    45000   TIME(PS) =    2090.000  TEMP(K) =   318.10  PRESS =     0.0
 Etot   =        20.8273  EKtot   =        24.9689  EPtot      =        -4.1416
 BOND   =         8.8797  ANGLE   =         9.0932  DIHED      =        27.6690
 1-4 NB =         4.6109  1-4 EEL =       114.1148  VDWAALS    =        -2.5485
 EELEC  =      -146.5107  EGB     =       -22.0863  RESTRAINT  =         0.7400
 ESURF=         1.8963
 EAMBER (non-restraint)  =        -4.8816
 ------------------------------------------------------------------------------

 NMR restraints: Bond =    0.000   Angle =     0.000   Torsion =     0.740
===============================================================================
| RE_POSITION Moving by  -6.509370  1.572380 -4.324869

 NSTEP =    50000   TIME(PS) =    2100.000  TEMP(K) =   320.80  PRESS =     0.0
 Etot   =        23.9192  EKtot   =        25.1806  EPtot      =        -1.2614
 BOND   =         7.5881  ANGLE   =        16.7488  DIHED      =        28.9167
 1-4 NB =         4.7078  1-4 EEL =       108.2194  VDWAALS    =        -4.2063
 EELEC  =      -142.1909  EGB     =       -23.0277  RESTRAINT  =         0.0445
 ESURF=         1.9383
 EAMBER (non-restraint)  =        -1.3059
 ------------------------------------------------------------------------------

 NMR restraints: Bond =    0.000   Angle =     0.000   Torsion =     0.045
===============================================================================

 NSTEP =    55000   TIME(PS) =    2110.000  TEMP(K) =   420.11  PRESS =     0.0
 Etot   =        32.9634  EKtot   =        32.9765  EPtot      =        -0.0130
 BOND   =         3.4111  ANGLE   =        17.3847  DIHED      =        31.4918
 1-4 NB =         4.8344  1-4 EEL =       111.3195  VDWAALS    =        -3.9680
 EELEC  =      -142.6270  EGB     =       -23.8143  RESTRAINT  =         0.0469
 ESURF=         1.9077
 EAMBER (non-restraint)  =        -0.0600
 ------------------------------------------------------------------------------

 NMR restraints: Bond =    0.000   Angle =     0.000   Torsion =     0.047
===============================================================================
| RE_POSITION Moving by  -3.069506 -0.225370  1.544062

 NSTEP =    60000   TIME(PS) =    2120.000  TEMP(K) =   307.31  PRESS =     0.0
 Etot   =        22.9041  EKtot   =        24.1221  EPtot      =        -1.2180
 BOND   =         4.0429  ANGLE   =        16.9156  DIHED      =        29.7201
 1-4 NB =         4.2284  1-4 EEL =       112.4893  VDWAALS    =        -2.7066
 EELEC  =      -149.0326  EGB     =       -19.6289  RESTRAINT  =         0.8435
 ESURF=         1.9103
 EAMBER (non-restraint)  =        -2.0615
 ------------------------------------------------------------------------------

 NMR restraints: Bond =    0.000   Angle =     0.000   Torsion =     0.843
===============================================================================

 NSTEP =    65000   TIME(PS) =    2130.000  TEMP(K) =   316.42  PRESS =     0.0
 Etot   =        22.6877  EKtot   =        24.8368  EPtot      =        -2.1491
 BOND   =         8.2326  ANGLE   =        16.4619  DIHED      =        27.4764
 1-4 NB =         3.7399  1-4 EEL =       107.8604  VDWAALS    =        -4.1757
 EELEC  =      -141.4985  EGB     =       -22.1738  RESTRAINT  =         0.0001
 ESURF=         1.9276
 EAMBER (non-restraint)  =        -2.1493
 ------------------------------------------------------------------------------

 NMR restraints: Bond =    0.000   Angle =     0.000   Torsion =     0.000
===============================================================================
| RE_POSITION Moving by   6.019032  0.499017 -0.313016

 NSTEP =    70000   TIME(PS) =    2140.000  TEMP(K) =   310.30  PRESS =     0.0
 Etot   =        18.4265  EKtot   =        24.3568  EPtot      =        -5.9303
 BOND   =         2.9084  ANGLE   =        15.2301  DIHED      =        26.5680
 1-4 NB =         5.8388  1-4 EEL =       109.6895  VDWAALS    =        -4.0073
 EELEC  =      -141.2570  EGB     =       -23.2440  RESTRAINT  =         0.4475
 ESURF=         1.8957
 EAMBER (non-restraint)  =        -6.3778
 ------------------------------------------------------------------------------

 NMR restraints: Bond =    0.000   Angle =     0.000   Torsion =     0.448
===============================================================================

 NSTEP =    75000   TIME(PS) =    2150.000  TEMP(K) =   283.07  PRESS =     0.0
 Etot   =        13.5684  EKtot   =        22.2192  EPtot      =        -8.6508
 BOND   =         4.4555  ANGLE   =        13.8149  DIHED      =        23.5935
 1-4 NB =         5.1638  1-4 EEL =       109.7524  VDWAALS    =        -1.1700
 EELEC  =      -140.0225  EGB     =       -26.3581  RESTRAINT  =         0.1672
 ESURF=         1.9526
 EAMBER (non-restraint)  =        -8.8180
 ------------------------------------------------------------------------------

 NMR restraints: Bond =    0.000   Angle =     0.000   Torsion =     0.167
===============================================================================
| RE_POSITION Moving by   6.349992 -2.533457  5.539088

 NSTEP =    80000   TIME(PS) =    2160.000  TEMP(K) =   242.64  PRESS =     0.0
 Etot   =        19.6530  EKtot   =        19.0460  EPtot      =         0.6070
 BOND   =         6.4475  ANGLE   =        21.0379  DIHED      =        26.1262
 1-4 NB =         6.0278  1-4 EEL =       106.6578  VDWAALS    =        -3.1247
 EELEC  =      -141.7440  EGB     =       -22.8737  RESTRAINT  =         0.1360
 ESURF=         1.9163
 EAMBER (non-restraint)  =         0.4710
 ------------------------------------------------------------------------------

 NMR restraints: Bond =    0.000   Angle =     0.000   Torsion =     0.136
===============================================================================

 NSTEP =    85000   TIME(PS) =    2170.000  TEMP(K) =   261.01  PRESS =     0.0
 Etot   =        15.3446  EKtot   =        20.4875  EPtot      =        -5.1429
 BOND   =         5.4319  ANGLE   =        14.1788  DIHED      =        26.1609
 1-4 NB =         4.8490  1-4 EEL =       113.5414  VDWAALS    =        -3.0729
 EELEC  =      -147.7326  EGB     =       -20.5418  RESTRAINT  =         0.1512
 ESURF=         1.8913
 EAMBER (non-restraint)  =        -5.2941
 ------------------------------------------------------------------------------

 NMR restraints: Bond =    0.000   Angle =     0.000   Torsion =     0.151
===============================================================================
| RE_POSITION Moving by  -8.193406  3.450487  3.066405

 NSTEP =    90000   TIME(PS) =    2180.000  TEMP(K) =   239.82  PRESS =     0.0
 Etot   =        13.8952  EKtot   =        18.8243  EPtot      =        -4.9291
 BOND   =         9.6854  ANGLE   =        12.6089  DIHED      =        26.3843
 1-4 NB =         3.8992  1-4 EEL =       110.1984  VDWAALS    =        -4.4968
 EELEC  =      -140.6157  EGB     =       -24.5140  RESTRAINT  =         0.0014
 ESURF=         1.9198
 EAMBER (non-restraint)  =        -4.9305
 ------------------------------------------------------------------------------

 NMR restraints: Bond =    0.000   Angle =     0.000   Torsion =     0.001
===============================================================================

 NSTEP =    95000   TIME(PS) =    2190.000  TEMP(K) =   341.96  PRESS =     0.0
 Etot   =        18.8246  EKtot   =        26.8420  EPtot      =        -8.0174
 BOND   =         4.0313  ANGLE   =        10.2704  DIHED      =        27.0921
 1-4 NB =         4.8859  1-4 EEL =       114.6488  VDWAALS    =        -2.8597
 EELEC  =      -145.5115  EGB     =       -22.5093  RESTRAINT  =         0.0699
 ESURF=         1.8648
 EAMBER (non-restraint)  =        -8.0873
 ------------------------------------------------------------------------------

 NMR restraints: Bond =    0.000   Angle =     0.000   Torsion =     0.070
===============================================================================
| RE_POSITION Moving by  -5.717666  4.026786  3.397808

 NSTEP =   100000   TIME(PS) =    2200.000  TEMP(K) =   366.85  PRESS =     0.0
 Etot   =        26.6167  EKtot   =        28.7952  EPtot      =        -2.1786
 BOND   =         8.2304  ANGLE   =        13.6983  DIHED      =        26.9811
 1-4 NB =         4.7278  1-4 EEL =       114.1453  VDWAALS    =        -3.9310
 EELEC  =      -145.7794  EGB     =       -23.5079  RESTRAINT  =         1.3556
 ESURF=         1.9012
 EAMBER (non-restraint)  =        -3.5342
 ------------------------------------------------------------------------------

 NMR restraints: Bond =    0.000   Angle =     0.000   Torsion =     1.356
===============================================================================

 NSTEP =   105000   TIME(PS) =    2210.000  TEMP(K) =   287.62  PRESS =     0.0
 Etot   =        12.4110  EKtot   =        22.5767  EPtot      =       -10.1657
 BOND   =         2.0838  ANGLE   =         8.7869  DIHED      =        26.8895
 1-4 NB =         6.5506  1-4 EEL =       116.3197  VDWAALS    =        -2.8448
 EELEC  =      -149.9450  EGB     =       -20.1869  RESTRAINT  =         0.3013
 ESURF=         1.8792
 EAMBER (non-restraint)  =       -10.4670
 ------------------------------------------------------------------------------

 NMR restraints: Bond =    0.000   Angle =     0.000   Torsion =     0.301
===============================================================================
| RE_POSITION Moving by  -1.594855 -0.523097  3.124468

 NSTEP =   110000   TIME(PS) =    2220.000  TEMP(K) =   363.33  PRESS =     0.0
 Etot   =        23.4452  EKtot   =        28.5189  EPtot      =        -5.0737
 BOND   =         5.3296  ANGLE   =        15.8730  DIHED      =        26.8799
 1-4 NB =         4.6397  1-4 EEL =       112.1412  VDWAALS    =        -3.4536
 EELEC  =      -146.6867  EGB     =       -21.7592  RESTRAINT  =         0.0001
 ESURF=         1.9623
 EAMBER (non-restraint)  =        -5.0738
 ------------------------------------------------------------------------------

 NMR restraints: Bond =    0.000   Angle =     0.000   Torsion =     0.000
===============================================================================

 NSTEP =   115000   TIME(PS) =    2230.000  TEMP(K) =   280.95  PRESS =     0.0
 Etot   =        22.0467  EKtot   =        22.0532  EPtot      =        -0.0065
 BOND   =         9.2164  ANGLE   =        18.2061  DIHED      =        25.2950
 1-4 NB =         3.0707  1-4 EEL =       108.2788  VDWAALS    =        -2.4811
 EELEC  =      -138.4807  EGB     =       -25.0826  RESTRAINT  =         0.0433
 ESURF=         1.9276
 EAMBER (non-restraint)  =        -0.0499
 ------------------------------------------------------------------------------

 NMR restraints: Bond =    0.000   Angle =     0.000   Torsion =     0.043
===============================================================================
| RE_POSITION Moving by   7.354099  1.925899 -0.499024

 NSTEP =   120000   TIME(PS) =    2240.000  TEMP(K) =   279.33  PRESS =     0.0
 Etot   =        17.4667  EKtot   =        21.9254  EPtot      =        -4.4586
 BOND   =         6.2602  ANGLE   =        12.3186  DIHED      =        27.5098
 1-4 NB =         4.0829  1-4 EEL =       117.2343  VDWAALS    =        -3.5856
 EELEC  =      -146.3426  EGB     =       -23.9264  RESTRAINT  =         0.0409
 ESURF=         1.9492
 EAMBER (non-restraint)  =        -4.4995
 ------------------------------------------------------------------------------

 NMR restraints: Bond =    0.000   Angle =     0.000   Torsion =     0.041
===============================================================================

 NSTEP =   125000   TIME(PS) =    2250.000  TEMP(K) =   277.99  PRESS =     0.0
 Etot   =        17.2096  EKtot   =        21.8208  EPtot      =        -4.6111
 BOND   =         8.4757  ANGLE   =        15.1516  DIHED      =        23.8357
 1-4 NB =         3.9402  1-4 EEL =       110.3826  VDWAALS    =        -3.1767
 EELEC  =      -139.0141  EGB     =       -26.2317  RESTRAINT  =         0.0394
 ESURF=         1.9862
 EAMBER (non-restraint)  =        -4.6506
 ------------------------------------------------------------------------------

 NMR restraints: Bond =    0.000   Angle =     0.000   Torsion =     0.039
===============================================================================
| RE_POSITION Moving by  -5.229752 -6.003590 -3.204683

 NSTEP =   130000   TIME(PS) =    2260.000  TEMP(K) =   262.60  PRESS =     0.0
 Etot   =        17.8417  EKtot   =        20.6128  EPtot      =        -2.7712
 BOND   =         2.2751  ANGLE   =        12.9122  DIHED      =        27.4457
 1-4 NB =         4.0904  1-4 EEL =       119.3486  VDWAALS    =         0.3201
 EELEC  =      -146.8542  EGB     =       -24.8375  RESTRAINT  =         0.5241
 ESURF=         2.0045
 EAMBER (non-restraint)  =        -3.2952
 ------------------------------------------------------------------------------

 NMR restraints: Bond =    0.000   Angle =     0.000   Torsion =     0.524
===============================================================================

 NSTEP =   135000   TIME(PS) =    2270.000  TEMP(K) =   298.01  PRESS =     0.0
 Etot   =        19.2343  EKtot   =        23.3922  EPtot      =        -4.1579
 BOND   =         6.1261  ANGLE   =        15.2585  DIHED      =        25.8732
 1-4 NB =         3.6397  1-4 EEL =       112.2616  VDWAALS    =        -2.9897
 EELEC  =      -138.5416  EGB     =       -27.8135  RESTRAINT  =         0.0951
 ESURF=         1.9327
 EAMBER (non-restraint)  =        -4.2530
 ------------------------------------------------------------------------------

 NMR restraints: Bond =    0.000   Angle =     0.000   Torsion =     0.095
===============================================================================
| RE_POSITION Moving by  -4.694025 -2.611836  5.110233

 NSTEP =   140000   TIME(PS) =    2280.000  TEMP(K) =   284.77  PRESS =     0.0
 Etot   =        19.7996  EKtot   =        22.3526  EPtot      =        -2.5530
 BOND   =         4.1453  ANGLE   =        13.6980  DIHED      =        27.0739
 1-4 NB =         5.7647  1-4 EEL =       116.6579  VDWAALS    =        -3.2792
 EELEC  =      -141.7436  EGB     =       -27.0149  RESTRAINT  =         0.2287
 ESURF=         1.9162
 EAMBER (non-restraint)  =        -2.7818
 ------------------------------------------------------------------------------

 NMR restraints: Bond =    0.000   Angle =     0.000   Torsion =     0.229
===============================================================================

 NSTEP =   145000   TIME(PS) =    2290.000  TEMP(K) =   288.18  PRESS =     0.0
 Etot   =        19.4982  EKtot   =        22.6201  EPtot      =        -3.1220
 BOND   =         8.8934  ANGLE   =        13.6476  DIHED      =        23.8031
 1-4 NB =         3.9105  1-4 EEL =       112.4333  VDWAALS    =        -0.1737
 EELEC  =      -143.1393  EGB     =       -24.4850  RESTRAINT  =         0.0264
 ESURF=         1.9618
 EAMBER (non-restraint)  =        -3.1483
 ------------------------------------------------------------------------------

 NMR restraints: Bond =    0.000   Angle =     0.000   Torsion =     0.026
===============================================================================
| RE_POSITION Moving by   4.472371 -6.530652  0.617353

 NSTEP =   150000   TIME(PS) =    2300.000  TEMP(K) =   342.95  PRESS =     0.0
 Etot   =        24.8142  EKtot   =        26.9197  EPtot      =        -2.1056
 BOND   =         2.2911  ANGLE   =        16.0231  DIHED      =        28.5134
 1-4 NB =         5.1824  1-4 EEL =       112.3611  VDWAALS    =        -2.3922
 EELEC  =      -140.8759  EGB     =       -25.7337  RESTRAINT  =         0.5312
 ESURF=         1.9938
 EAMBER (non-restraint)  =        -2.6368
 ------------------------------------------------------------------------------

 NMR restraints: Bond =    0.000   Angle =     0.000   Torsion =     0.531
===============================================================================

 NSTEP =   155000   TIME(PS) =    2310.000  TEMP(K) =   289.30  PRESS =     0.0
 Etot   =        17.7902  EKtot   =        22.7080  EPtot      =        -4.9178
 BOND   =         3.7490  ANGLE   =        16.4469  DIHED      =        26.4797
 1-4 NB =         4.4495  1-4 EEL =       110.8228  VDWAALS    =        -4.3139
 EELEC  =      -134.9322  EGB     =       -29.6362  RESTRAINT  =         0.0993
 ESURF=         1.9174
 EAMBER (non-restraint)  =        -5.0171
 ------------------------------------------------------------------------------

 NMR restraints: Bond =    0.000   Angle =     0.000   Torsion =     0.099
===============================================================================
| RE_POSITION Moving by  -2.277851 -3.276592  1.351044

 NSTEP =   160000   TIME(PS) =    2320.000  TEMP(K) =   269.70  PRESS =     0.0
 Etot   =        14.3763  EKtot   =        21.1702  EPtot      =        -6.7939
 BOND   =         6.6478  ANGLE   =        10.9048  DIHED      =        27.5028
 1-4 NB =         2.3785  1-4 EEL =       113.6157  VDWAALS    =        -4.0081
 EELEC  =      -138.7005  EGB     =       -28.2016  RESTRAINT  =         1.1113
 ESURF=         1.9554
 EAMBER (non-restraint)  =        -7.9052
 ------------------------------------------------------------------------------

 NMR restraints: Bond =    0.000   Angle =     0.000   Torsion =     1.111
===============================================================================

 NSTEP =   165000   TIME(PS) =    2330.000  TEMP(K) =   300.05  PRESS =     0.0
 Etot   =        15.2205  EKtot   =        23.5519  EPtot      =        -8.3314
 BOND   =         2.5538  ANGLE   =        11.3681  DIHED      =        26.5035
 1-4 NB =         6.2206  1-4 EEL =       113.6808  VDWAALS    =        -3.0168
 EELEC  =      -142.9550  EGB     =       -24.6951  RESTRAINT  =         0.0234
 ESURF=         1.9854
 EAMBER (non-restraint)  =        -8.3548
 ------------------------------------------------------------------------------

 NMR restraints: Bond =    0.000   Angle =     0.000   Torsion =     0.023
===============================================================================
| RE_POSITION Moving by   7.375673 -3.304486  6.467114

 NSTEP =   170000   TIME(PS) =    2340.000  TEMP(K) =   324.34  PRESS =     0.0
 Etot   =        19.5788  EKtot   =        25.4589  EPtot      =        -5.8801
 BOND   =         5.3959  ANGLE   =        14.0406  DIHED      =        27.7014
 1-4 NB =         3.4429  1-4 EEL =       108.9325  VDWAALS    =        -3.0477
 EELEC  =      -140.5916  EGB     =       -23.8779  RESTRAINT  =         0.1694
 ESURF=         1.9543
 EAMBER (non-restraint)  =        -6.0495
 ------------------------------------------------------------------------------

 NMR restraints: Bond =    0.000   Angle =     0.000   Torsion =     0.169
===============================================================================

 NSTEP =   175000   TIME(PS) =    2350.000  TEMP(K) =   294.98  PRESS =     0.0
 Etot   =        17.0157  EKtot   =        23.1544  EPtot      =        -6.1387
 BOND   =         5.7863  ANGLE   =        15.9401  DIHED      =        24.7330
 1-4 NB =         3.8410  1-4 EEL =       110.6363  VDWAALS    =        -3.6190
 EELEC  =      -144.0398  EGB     =       -22.0687  RESTRAINT  =         0.7171
 ESURF=         1.9350
 EAMBER (non-restraint)  =        -6.8558
 ------------------------------------------------------------------------------

 NMR restraints: Bond =    0.000   Angle =     0.000   Torsion =     0.717
===============================================================================
| RE_POSITION Moving by  -2.538760  7.749960  3.318203

 NSTEP =   180000   TIME(PS) =    2360.000  TEMP(K) =   279.01  PRESS =     0.0
 Etot   =        15.5782  EKtot   =        21.9007  EPtot      =        -6.3226
 BOND   =         5.1567  ANGLE   =        14.0579  DIHED      =        25.4354
 1-4 NB =         5.9137  1-4 EEL =       109.3007  VDWAALS    =        -3.4209
 EELEC  =      -144.6139  EGB     =       -20.0723  RESTRAINT  =         0.0360
 ESURF=         1.8842
 EAMBER (non-restraint)  =        -6.3586
 ------------------------------------------------------------------------------

 NMR restraints: Bond =    0.000   Angle =     0.000   Torsion =     0.036
===============================================================================

 NSTEP =   185000   TIME(PS) =    2370.000  TEMP(K) =   329.40  PRESS =     0.0
 Etot   =        22.1297  EKtot   =        25.8557  EPtot      =        -3.7260
 BOND   =         6.5538  ANGLE   =        19.2530  DIHED      =        24.6886
 1-4 NB =         4.4198  1-4 EEL =       105.6242  VDWAALS    =        -3.3063
 EELEC  =      -140.4812  EGB     =       -22.5199  RESTRAINT  =         0.1012
 ESURF=         1.9408
 EAMBER (non-restraint)  =        -3.8272
 ------------------------------------------------------------------------------

 NMR restraints: Bond =    0.000   Angle =     0.000   Torsion =     0.101
===============================================================================
| RE_POSITION Moving by   4.606957 -1.554171 -2.599455

 NSTEP =   190000   TIME(PS) =    2380.000  TEMP(K) =   349.55  PRESS =     0.0
 Etot   =        18.1855  EKtot   =        27.4374  EPtot      =        -9.2518
 BOND   =         3.8515  ANGLE   =        11.8209  DIHED      =        25.5962
 1-4 NB =         4.1535  1-4 EEL =       111.2174  VDWAALS    =        -2.2771
 EELEC  =      -142.0539  EGB     =       -23.6157  RESTRAINT  =         0.0804
 ESURF=         1.9749
 EAMBER (non-restraint)  =        -9.3322
 ------------------------------------------------------------------------------

 NMR restraints: Bond =    0.000   Angle =     0.000   Torsion =     0.080
===============================================================================

 NSTEP =   195000   TIME(PS) =    2390.000  TEMP(K) =   269.24  PRESS =     0.0
 Etot   =        16.4388  EKtot   =        21.1336  EPtot      =        -4.6948
 BOND   =         9.0976  ANGLE   =        14.0877  DIHED      =        25.2642
 1-4 NB =         4.2957  1-4 EEL =       112.4465  VDWAALS    =        -4.0298
 EELEC  =      -145.9544  EGB     =       -22.0553  RESTRAINT  =         0.2320
 ESURF=         1.9211
 EAMBER (non-restraint)  =        -4.9268
 ------------------------------------------------------------------------------

 NMR restraints: Bond =    0.000   Angle =     0.000   Torsion =     0.232
===============================================================================
| RE_POSITION Moving by  -8.611136  3.005855  1.321801

 NSTEP =   200000   TIME(PS) =    2400.000  TEMP(K) =   283.97  PRESS =     0.0
 Etot   =        23.0653  EKtot   =        22.2898  EPtot      =         0.7755
 BOND   =         6.7605  ANGLE   =        19.0222  DIHED      =        28.7751
 1-4 NB =         3.8554  1-4 EEL =       109.3191  VDWAALS    =        -3.3774
 EELEC  =      -145.1331  EGB     =       -21.0389  RESTRAINT  =         0.7315
 ESURF=         1.8613
 EAMBER (non-restraint)  =         0.0440
 ------------------------------------------------------------------------------

 NMR restraints: Bond =    0.000   Angle =     0.000   Torsion =     0.731
===============================================================================

 NSTEP =   205000   TIME(PS) =    2410.000  TEMP(K) =   387.44  PRESS =     0.0
 Etot   =        23.4357  EKtot   =        30.4120  EPtot      =        -6.9762
 BOND   =         6.3344  ANGLE   =        14.4402  DIHED      =        25.0678
 1-4 NB =         3.7771  1-4 EEL =       110.6347  VDWAALS    =        -4.2117
 EELEC  =      -142.9906  EGB     =       -23.0551  RESTRAINT  =         1.0978
 ESURF=         1.9292
 EAMBER (non-restraint)  =        -8.0740
 ------------------------------------------------------------------------------

 NMR restraints: Bond =    0.000   Angle =     0.000   Torsion =     1.098
===============================================================================
| RE_POSITION Moving by  -0.081058 -4.658187 -3.568069

 NSTEP =   210000   TIME(PS) =    2420.000  TEMP(K) =   278.27  PRESS =     0.0
 Etot   =        14.8378  EKtot   =        21.8427  EPtot      =        -7.0049
 BOND   =        10.7405  ANGLE   =        12.9530  DIHED      =        24.3853
 1-4 NB =         4.5044  1-4 EEL =       105.1095  VDWAALS    =        -3.9994
 EELEC  =      -140.4680  EGB     =       -22.2016  RESTRAINT  =         0.0163
 ESURF=         1.9551
 EAMBER (non-restraint)  =        -7.0212
 ------------------------------------------------------------------------------

 NMR restraints: Bond =    0.000   Angle =     0.000   Torsion =     0.016
===============================================================================

 NSTEP =   215000   TIME(PS) =    2430.000  TEMP(K) =   249.12  PRESS =     0.0
 Etot   =        13.8853  EKtot   =        19.5546  EPtot      =        -5.6693
 BOND   =         7.6277  ANGLE   =        12.5732  DIHED      =        25.6538
 1-4 NB =         6.6315  1-4 EEL =       114.1224  VDWAALS    =        -4.7832
 EELEC  =      -147.3214  EGB     =       -22.0950  RESTRAINT  =         0.0231
 ESURF=         1.8985
 EAMBER (non-restraint)  =        -5.6925
 ------------------------------------------------------------------------------

 NMR restraints: Bond =    0.000   Angle =     0.000   Torsion =     0.023
===============================================================================
| RE_POSITION Moving by   1.341426  0.422061  3.924763

 NSTEP =   220000   TIME(PS) =    2440.000  TEMP(K) =   212.40  PRESS =     0.0
 Etot   =        16.6511  EKtot   =        16.6718  EPtot      =        -0.0207
 BOND   =         4.2637  ANGLE   =        20.2610  DIHED      =        25.7148
 1-4 NB =         3.4146  1-4 EEL =       109.7412  VDWAALS    =        -2.7662
 EELEC  =      -140.2515  EGB     =       -23.8406  RESTRAINT  =         1.4146
 ESURF=         2.0276
 EAMBER (non-restraint)  =        -1.4353
 ------------------------------------------------------------------------------

 NMR restraints: Bond =    0.000   Angle =     0.000   Torsion =     1.415
===============================================================================

 NSTEP =   225000   TIME(PS) =    2450.000  TEMP(K) =   333.43  PRESS =     0.0
 Etot   =        21.2951  EKtot   =        26.1723  EPtot      =        -4.8773
 BOND   =         2.3936  ANGLE   =        17.3876  DIHED      =        25.7016
 1-4 NB =         5.7619  1-4 EEL =       110.9246  VDWAALS    =        -2.8379
 EELEC  =      -143.0851  EGB     =       -23.1160  RESTRAINT  =         0.0885
 ESURF=         1.9040
 EAMBER (non-restraint)  =        -4.9658
 ------------------------------------------------------------------------------

 NMR restraints: Bond =    0.000   Angle =     0.000   Torsion =     0.089
===============================================================================
| RE_POSITION Moving by  -1.262838 -4.522459  5.197218

 NSTEP =   230000   TIME(PS) =    2460.000  TEMP(K) =   257.93  PRESS =     0.0
 Etot   =        16.0722  EKtot   =        20.2463  EPtot      =        -4.1740
 BOND   =         7.9416  ANGLE   =        13.3484  DIHED      =        26.3489
 1-4 NB =         5.4510  1-4 EEL =       108.8858  VDWAALS    =        -2.9614
 EELEC  =      -141.0058  EGB     =       -24.1693  RESTRAINT  =         0.0037
 ESURF=         1.9831
 EAMBER (non-restraint)  =        -4.1777
 ------------------------------------------------------------------------------

 NMR restraints: Bond =    0.000   Angle =     0.000   Torsion =     0.004
===============================================================================

 NSTEP =   235000   TIME(PS) =    2470.000  TEMP(K) =   320.11  PRESS =     0.0
 Etot   =        19.6028  EKtot   =        25.1269  EPtot      =        -5.5240
 BOND   =         5.0739  ANGLE   =        10.0804  DIHED      =        31.6495
 1-4 NB =         4.8914  1-4 EEL =       110.4201  VDWAALS    =        -4.2700
 EELEC  =      -143.4188  EGB     =       -21.8855  RESTRAINT  =         0.0006
 ESURF=         1.9344
 EAMBER (non-restraint)  =        -5.5246
 ------------------------------------------------------------------------------

 NMR restraints: Bond =    0.000   Angle =     0.000   Torsion =     0.001
===============================================================================
| RE_POSITION Moving by  -2.199669  6.372857 -4.967562

 NSTEP =   240000   TIME(PS) =    2480.000  TEMP(K) =   363.65  PRESS =     0.0
 Etot   =        36.0853  EKtot   =        28.5440  EPtot      =         7.5414
 BOND   =         9.6535  ANGLE   =        20.9318  DIHED      =        29.4585
 1-4 NB =         4.2545  1-4 EEL =       112.5167  VDWAALS    =        -2.7461
 EELEC  =      -145.1999  EGB     =       -23.8762  RESTRAINT  =         0.5795
 ESURF=         1.9691
 EAMBER (non-restraint)  =         6.9618
 ------------------------------------------------------------------------------

 NMR restraints: Bond =    0.000   Angle =     0.000   Torsion =     0.580
===============================================================================

 NSTEP =   245000   TIME(PS) =    2490.000  TEMP(K) =   304.06  PRESS =     0.0
 Etot   =        11.8047  EKtot   =        23.8665  EPtot      =       -12.0618
 BOND   =         5.2528  ANGLE   =        10.0656  DIHED      =        25.1155
 1-4 NB =         4.8941  1-4 EEL =       113.5682  VDWAALS    =        -3.9823
 EELEC  =      -148.5434  EGB     =       -20.3813  RESTRAINT  =         0.0201
 ESURF=         1.9290
 EAMBER (non-restraint)  =       -12.0819
 ------------------------------------------------------------------------------

 NMR restraints: Bond =    0.000   Angle =     0.000   Torsion =     0.020
===============================================================================
| RE_POSITION Moving by -10.745760  0.732161 -2.002840

 NSTEP =   250000   TIME(PS) =    2500.000  TEMP(K) =   297.26  PRESS =     0.0
 Etot   =        23.0145  EKtot   =        23.3328  EPtot      =        -0.3183
 BOND   =         6.1215  ANGLE   =        13.0833  DIHED      =        29.5661
 1-4 NB =         5.4836  1-4 EEL =       111.7856  VDWAALS    =        -1.3949
 EELEC  =      -145.6096  EGB     =       -21.7788  RESTRAINT  =         0.5571
 ESURF=         1.8679
 EAMBER (non-restraint)  =        -0.8754
 ------------------------------------------------------------------------------

 NMR restraints: Bond =    0.000   Angle =     0.000   Torsion =     0.557
===============================================================================

 NSTEP =   255000   TIME(PS) =    2510.000  TEMP(K) =   341.07  PRESS =     0.0
 Etot   =        23.2843  EKtot   =        26.7719  EPtot      =        -3.4876
 BOND   =         4.8172  ANGLE   =        19.4180  DIHED      =        26.3923
 1-4 NB =         4.3263  1-4 EEL =       107.4312  VDWAALS    =        -4.5116
 EELEC  =      -138.9657  EGB     =       -24.3154  RESTRAINT  =         0.0101
 ESURF=         1.9100
 EAMBER (non-restraint)  =        -3.4977
 ------------------------------------------------------------------------------

 NMR restraints: Bond =    0.000   Angle =     0.000   Torsion =     0.010
===============================================================================
| RE_POSITION Moving by   5.871359 -2.445363  4.607293

 NSTEP =   260000   TIME(PS) =    2520.000  TEMP(K) =   335.36  PRESS =     0.0
 Etot   =        22.2087  EKtot   =        26.3236  EPtot      =        -4.1149
 BOND   =         3.7775  ANGLE   =        15.9786  DIHED      =        26.1382
 1-4 NB =         5.9185  1-4 EEL =       114.7237  VDWAALS    =        -3.3267
 EELEC  =      -145.3730  EGB     =       -23.8894  RESTRAINT  =         0.0146
 ESURF=         1.9231
 EAMBER (non-restraint)  =        -4.1295
 ------------------------------------------------------------------------------

 NMR restraints: Bond =    0.000   Angle =     0.000   Torsion =     0.015
===============================================================================

 NSTEP =   265000   TIME(PS) =    2530.000  TEMP(K) =   269.59  PRESS =     0.0
 Etot   =        18.3844  EKtot   =        21.1610  EPtot      =        -2.7766
 BOND   =         3.5200  ANGLE   =        17.9772  DIHED      =        28.7801
 1-4 NB =         3.2288  1-4 EEL =       107.0066  VDWAALS    =        -3.9694
 EELEC  =      -136.6392  EGB     =       -24.6553  RESTRAINT  =         0.0057
 ESURF=         1.9691
 EAMBER (non-restraint)  =        -2.7822
 ------------------------------------------------------------------------------

 NMR restraints: Bond =    0.000   Angle =     0.000   Torsion =     0.006
===============================================================================
| RE_POSITION Moving by  -6.397355  1.814730 -3.487350

 NSTEP =   270000   TIME(PS) =    2540.000  TEMP(K) =   325.94  PRESS =     0.0
 Etot   =        18.3318  EKtot   =        25.5844  EPtot      =        -7.2526
 BOND   =         7.6183  ANGLE   =        10.7952  DIHED      =        25.8622
 1-4 NB =         4.7150  1-4 EEL =       112.0557  VDWAALS    =        -3.1978
 EELEC  =      -139.2726  EGB     =       -27.7980  RESTRAINT  =         0.0042
 ESURF=         1.9652
 EAMBER (non-restraint)  =        -7.2568
 ------------------------------------------------------------------------------

 NMR restraints: Bond =    0.000   Angle =     0.000   Torsion =     0.004
===============================================================================

 NSTEP =   275000   TIME(PS) =    2550.000  TEMP(K) =   308.53  PRESS =     0.0
 Etot   =        14.9390  EKtot   =        24.2177  EPtot      =        -9.2788
 BOND   =         3.2356  ANGLE   =        14.3967  DIHED      =        28.6049
 1-4 NB =         3.3678  1-4 EEL =       105.6081  VDWAALS    =        -3.5913
 EELEC  =      -138.2704  EGB     =       -24.7283  RESTRAINT  =         0.0856
 ESURF=         2.0125
 EAMBER (non-restraint)  =        -9.3644
 ------------------------------------------------------------------------------

 NMR restraints: Bond =    0.000   Angle =     0.000   Torsion =     0.086
===============================================================================
| RE_POSITION Moving by  -7.842781 -1.435127 -3.917677

 NSTEP =   280000   TIME(PS) =    2560.000  TEMP(K) =   427.53  PRESS =     0.0
 Etot   =        27.1946  EKtot   =        33.5584  EPtot      =        -6.3638
 BOND   =         4.0489  ANGLE   =        13.7025  DIHED      =        26.8209
 1-4 NB =         5.3614  1-4 EEL =       112.9025  VDWAALS    =        -4.2177
 EELEC  =      -145.3009  EGB     =       -22.5441  RESTRAINT  =         0.9525
 ESURF=         1.9102
 EAMBER (non-restraint)  =        -7.3163
 ------------------------------------------------------------------------------

 NMR restraints: Bond =    0.000   Angle =     0.000   Torsion =     0.953
===============================================================================

 NSTEP =   285000   TIME(PS) =    2570.000  TEMP(K) =   342.68  PRESS =     0.0
 Etot   =        21.9204  EKtot   =        26.8984  EPtot      =        -4.9781
 BOND   =         4.9483  ANGLE   =        14.7816  DIHED      =        24.3996
 1-4 NB =         4.5047  1-4 EEL =       110.8236  VDWAALS    =        -2.3132
 EELEC  =      -140.5007  EGB     =       -23.8030  RESTRAINT  =         0.1896
 ESURF=         1.9914
 EAMBER (non-restraint)  =        -5.1676
 ------------------------------------------------------------------------------

 NMR restraints: Bond =    0.000   Angle =     0.000   Torsion =     0.190
===============================================================================
| RE_POSITION Moving by   0.011795  0.004838 -2.581276

 NSTEP =   290000   TIME(PS) =    2580.000  TEMP(K) =   224.18  PRESS =     0.0
 Etot   =         8.8041  EKtot   =        17.5972  EPtot      =        -8.7931
 BOND   =         5.0524  ANGLE   =        16.3917  DIHED      =        24.6092
 1-4 NB =         4.6082  1-4 EEL =       107.7082  VDWAALS    =        -4.3466
 EELEC  =      -141.6374  EGB     =       -23.2864  RESTRAINT  =         0.1766
 ESURF=         1.9311
 EAMBER (non-restraint)  =        -8.9697
 ------------------------------------------------------------------------------

 NMR restraints: Bond =    0.000   Angle =     0.000   Torsion =     0.177
===============================================================================

 NSTEP =   295000   TIME(PS) =    2590.000  TEMP(K) =   211.68  PRESS =     0.0
 Etot   =        14.9085  EKtot   =        16.6157  EPtot      =        -1.7072
 BOND   =         5.8080  ANGLE   =        18.8854  DIHED      =        28.4140
 1-4 NB =         3.8898  1-4 EEL =       101.6250  VDWAALS    =        -4.6555
 EELEC  =      -133.5417  EGB     =       -24.0780  RESTRAINT  =         0.0417
 ESURF=         1.9042
 EAMBER (non-restraint)  =        -1.7489
 ------------------------------------------------------------------------------

 NMR restraints: Bond =    0.000   Angle =     0.000   Torsion =     0.042
===============================================================================
| RE_POSITION Moving by   0.629937  0.242958  6.377993

 NSTEP =   300000   TIME(PS) =    2600.000  TEMP(K) =   322.82  PRESS =     0.0
 Etot   =        24.3495  EKtot   =        25.3392  EPtot      =        -0.9897
 BOND   =         6.9379  ANGLE   =        20.0282  DIHED      =        26.9687
 1-4 NB =         3.5509  1-4 EEL =       105.7270  VDWAALS    =        -3.3925
 EELEC  =      -139.5410  EGB     =       -23.5314  RESTRAINT  =         0.2769
 ESURF=         1.9856
 EAMBER (non-restraint)  =        -1.2665
 ------------------------------------------------------------------------------

 NMR restraints: Bond =    0.000   Angle =     0.000   Torsion =     0.277
===============================================================================

 NSTEP =   305000   TIME(PS) =    2610.000  TEMP(K) =   332.36  PRESS =     0.0
 Etot   =        17.3230  EKtot   =        26.0887  EPtot      =        -8.7656
 BOND   =         3.2029  ANGLE   =        12.6809  DIHED      =        24.2350
 1-4 NB =         6.6089  1-4 EEL =       111.8632  VDWAALS    =        -1.6279
 EELEC  =      -143.4177  EGB     =       -24.2753  RESTRAINT  =         0.0177
 ESURF=         1.9467
 EAMBER (non-restraint)  =        -8.7834
 ------------------------------------------------------------------------------

 NMR restraints: Bond =    0.000   Angle =     0.000   Torsion =     0.018
===============================================================================
| RE_POSITION Moving by   8.511244 -0.991244 -1.279947

 NSTEP =   310000   TIME(PS) =    2620.000  TEMP(K) =   323.11  PRESS =     0.0
 Etot   =        28.3800  EKtot   =        25.3621  EPtot      =         3.0179
 BOND   =         3.3714  ANGLE   =        20.7219  DIHED      =        28.8152
 1-4 NB =         5.8120  1-4 EEL =       110.4117  VDWAALS    =        -2.7463
 EELEC  =      -143.2879  EGB     =       -22.2447  RESTRAINT  =         0.2663
 ESURF=         1.8984
 EAMBER (non-restraint)  =         2.7516
 ------------------------------------------------------------------------------

 NMR restraints: Bond =    0.000   Angle =     0.000   Torsion =     0.266
===============================================================================

 NSTEP =   315000   TIME(PS) =    2630.000  TEMP(K) =   320.51  PRESS =     0.0
 Etot   =        23.0270  EKtot   =        25.1580  EPtot      =        -2.1310
 BOND   =         4.6027  ANGLE   =        17.7329  DIHED      =        25.1829
 1-4 NB =         4.4268  1-4 EEL =       113.2725  VDWAALS    =        -0.4516
 EELEC  =      -142.9439  EGB     =       -25.9676  RESTRAINT  =         0.0281
 ESURF=         1.9862
 EAMBER (non-restraint)  =        -2.1592
 ------------------------------------------------------------------------------

 NMR restraints: Bond =    0.000   Angle =     0.000   Torsion =     0.028
===============================================================================
| RE_POSITION Moving by  -1.238061  2.568682 -1.187543

 NSTEP =   320000   TIME(PS) =    2640.000  TEMP(K) =   282.03  PRESS =     0.0
 Etot   =        17.2681  EKtot   =        22.1378  EPtot      =        -4.8698
 BOND   =         6.6707  ANGLE   =        14.1882  DIHED      =        25.8482
 1-4 NB =         4.7145  1-4 EEL =       107.8041  VDWAALS    =        -2.4123
 EELEC  =      -139.8250  EGB     =       -24.0197  RESTRAINT  =         0.1547
 ESURF=         2.0069
 EAMBER (non-restraint)  =        -5.0245
 ------------------------------------------------------------------------------

 NMR restraints: Bond =    0.000   Angle =     0.000   Torsion =     0.155
===============================================================================

 NSTEP =   325000   TIME(PS) =    2650.000  TEMP(K) =   359.55  PRESS =     0.0
 Etot   =        22.3107  EKtot   =        28.2225  EPtot      =        -5.9118
 BOND   =         4.6811  ANGLE   =        14.2850  DIHED      =        25.8345
 1-4 NB =         4.3355  1-4 EEL =       113.1295  VDWAALS    =        -2.8767
 EELEC  =      -144.2435  EGB     =       -23.0689  RESTRAINT  =         0.0012
 ESURF=         2.0105
 EAMBER (non-restraint)  =        -5.9130
 ------------------------------------------------------------------------------

 NMR restraints: Bond =    0.000   Angle =     0.000   Torsion =     0.001
===============================================================================
| RE_POSITION Moving by -11.040162 -7.719670  3.427938

 NSTEP =   330000   TIME(PS) =    2660.000  TEMP(K) =   436.48  PRESS =     0.0
 Etot   =        27.1736  EKtot   =        34.2611  EPtot      =        -7.0876
 BOND   =         4.4711  ANGLE   =        12.2481  DIHED      =        26.9955
 1-4 NB =         4.6892  1-4 EEL =       114.6566  VDWAALS    =        -3.4366
 EELEC  =      -145.4452  EGB     =       -23.6556  RESTRAINT  =         0.3974
 ESURF=         1.9920
 EAMBER (non-restraint)  =        -7.4850
 ------------------------------------------------------------------------------

 NMR restraints: Bond =    0.000   Angle =     0.000   Torsion =     0.397
===============================================================================

 NSTEP =   335000   TIME(PS) =    2670.000  TEMP(K) =   307.86  PRESS =     0.0
 Etot   =        22.2427  EKtot   =        24.1650  EPtot      =        -1.9222
 BOND   =         5.5977  ANGLE   =        16.9484  DIHED      =        26.4635
 1-4 NB =         2.8002  1-4 EEL =       111.6330  VDWAALS    =        -2.2967
 EELEC  =      -140.5651  EGB     =       -24.6801  RESTRAINT  =         0.1473
 ESURF=         2.0295
 EAMBER (non-restraint)  =        -2.0696
 ------------------------------------------------------------------------------

 NMR restraints: Bond =    0.000   Angle =     0.000   Torsion =     0.147
===============================================================================
| RE_POSITION Moving by   4.024704 -2.828035 -3.881867

 NSTEP =   340000   TIME(PS) =    2680.000  TEMP(K) =   342.44  PRESS =     0.0
 Etot   =        26.3768  EKtot   =        26.8795  EPtot      =        -0.5026
 BOND   =         3.1791  ANGLE   =        18.7385  DIHED      =        29.9880
 1-4 NB =         4.3494  1-4 EEL =       117.3527  VDWAALS    =        -3.7605
 EELEC  =      -148.6366  EGB     =       -23.8071  RESTRAINT  =         0.1413
 ESURF=         1.9525
 EAMBER (non-restraint)  =        -0.6440
 ------------------------------------------------------------------------------

 NMR restraints: Bond =    0.000   Angle =     0.000   Torsion =     0.141
===============================================================================

 NSTEP =   345000   TIME(PS) =    2690.000  TEMP(K) =   371.22  PRESS =     0.0
 Etot   =        34.8844  EKtot   =        29.1384  EPtot      =         5.7460
 BOND   =         7.2392  ANGLE   =        22.1961  DIHED      =        27.6517
 1-4 NB =         4.6765  1-4 EEL =       113.9646  VDWAALS    =        -2.9811
 EELEC  =      -143.6243  EGB     =       -25.3597  RESTRAINT  =         0.0206
 ESURF=         1.9623
 EAMBER (non-restraint)  =         5.7253
 ------------------------------------------------------------------------------

 NMR restraints: Bond =    0.000   Angle =     0.000   Torsion =     0.021
===============================================================================
| RE_POSITION Moving by  -3.020196  1.453848  1.025208

 NSTEP =   350000   TIME(PS) =    2700.000  TEMP(K) =   309.45  PRESS =     0.0
 Etot   =        29.1217  EKtot   =        24.2903  EPtot      =         4.8314
 BOND   =         6.1295  ANGLE   =        23.6311  DIHED      =        26.5019
 1-4 NB =         3.8419  1-4 EEL =       115.2433  VDWAALS    =        -4.0519
 EELEC  =      -140.4928  EGB     =       -28.0983  RESTRAINT  =         0.1744
 ESURF=         1.9524
 EAMBER (non-restraint)  =         4.6570
 ------------------------------------------------------------------------------

 NMR restraints: Bond =    0.000   Angle =     0.000   Torsion =     0.174
===============================================================================

 NSTEP =   355000   TIME(PS) =    2710.000  TEMP(K) =   262.89  PRESS =     0.0
 Etot   =        14.4789  EKtot   =        20.6353  EPtot      =        -6.1564
 BOND   =         5.2306  ANGLE   =        12.7768  DIHED      =        25.9019
 1-4 NB =         5.3847  1-4 EEL =       112.3430  VDWAALS    =        -2.6125
 EELEC  =      -143.5987  EGB     =       -23.5843  RESTRAINT  =         0.0540
 ESURF=         1.9481
 EAMBER (non-restraint)  =        -6.2104
 ------------------------------------------------------------------------------

 NMR restraints: Bond =    0.000   Angle =     0.000   Torsion =     0.054
===============================================================================
| RE_POSITION Moving by  -4.146585 -2.798479 -6.597796

 NSTEP =   360000   TIME(PS) =    2720.000  TEMP(K) =   221.79  PRESS =     0.0
 Etot   =        20.0584  EKtot   =        17.4092  EPtot      =         2.6492
 BOND   =        11.1409  ANGLE   =        15.6461  DIHED      =        27.8043
 1-4 NB =         4.4193  1-4 EEL =       110.8627  VDWAALS    =        -2.7371
 EELEC  =      -144.7030  EGB     =       -22.2128  RESTRAINT  =         0.4520
 ESURF=         1.9769
 EAMBER (non-restraint)  =         2.1972
 ------------------------------------------------------------------------------

 NMR restraints: Bond =    0.000   Angle =     0.000   Torsion =     0.452
===============================================================================

 NSTEP =   365000   TIME(PS) =    2730.000  TEMP(K) =   352.27  PRESS =     0.0
 Etot   =        21.3161  EKtot   =        27.6508  EPtot      =        -6.3347
 BOND   =         6.8930  ANGLE   =        13.8809  DIHED      =        25.2228
 1-4 NB =         3.3978  1-4 EEL =       106.5010  VDWAALS    =        -2.6703
 EELEC  =      -133.2254  EGB     =       -28.8715  RESTRAINT  =         0.5269
 ESURF=         2.0101
 EAMBER (non-restraint)  =        -6.8616
 ------------------------------------------------------------------------------

 NMR restraints: Bond =    0.000   Angle =     0.000   Torsion =     0.527
===============================================================================
| RE_POSITION Moving by  -0.548056  1.928291  0.828521

 NSTEP =   370000   TIME(PS) =    2740.000  TEMP(K) =   213.85  PRESS =     0.0
 Etot   =        16.2452  EKtot   =        16.7862  EPtot      =        -0.5410
 BOND   =         6.8246  ANGLE   =        14.5008  DIHED      =        26.2964
 1-4 NB =         5.0211  1-4 EEL =       115.2375  VDWAALS    =        -2.4119
 EELEC  =      -144.8654  EGB     =       -24.2909  RESTRAINT  =         1.1583
 ESURF=         1.9887
 EAMBER (non-restraint)  =        -1.6993
 ------------------------------------------------------------------------------

 NMR restraints: Bond =    0.000   Angle =     0.000   Torsion =     1.158
===============================================================================

 NSTEP =   375000   TIME(PS) =    2750.000  TEMP(K) =   259.74  PRESS =     0.0
 Etot   =        14.9506  EKtot   =        20.3881  EPtot      =        -5.4375
 BOND   =         5.5134  ANGLE   =        15.9643  DIHED      =        25.6197
 1-4 NB =         4.3548  1-4 EEL =       111.1327  VDWAALS    =        -2.8765
 EELEC  =      -143.4856  EGB     =       -23.7226  RESTRAINT  =         0.0404
 ESURF=         2.0219
 EAMBER (non-restraint)  =        -5.4780
 ------------------------------------------------------------------------------

 NMR restraints: Bond =    0.000   Angle =     0.000   Torsion =     0.040
===============================================================================
| RE_POSITION Moving by   4.343802 -1.431813  4.129180

 NSTEP =   380000   TIME(PS) =    2760.000  TEMP(K) =   336.32  PRESS =     0.0
 Etot   =        15.8893  EKtot   =        26.3991  EPtot      =       -10.5098
 BOND   =         4.2261  ANGLE   =         8.3504  DIHED      =        26.2385
 1-4 NB =         5.2839  1-4 EEL =       113.5140  VDWAALS    =        -2.4551
 EELEC  =      -145.3103  EGB     =       -22.4019  RESTRAINT  =         0.0387
 ESURF=         2.0058
 EAMBER (non-restraint)  =       -10.5485
 ------------------------------------------------------------------------------

 NMR restraints: Bond =    0.000   Angle =     0.000   Torsion =     0.039
===============================================================================

 NSTEP =   385000   TIME(PS) =    2770.000  TEMP(K) =   347.38  PRESS =     0.0
 Etot   =        22.3941  EKtot   =        27.2676  EPtot      =        -4.8735
 BOND   =         7.1119  ANGLE   =        15.6926  DIHED      =        23.5324
 1-4 NB =         4.8957  1-4 EEL =       113.0912  VDWAALS    =        -4.0073
 EELEC  =      -146.7004  EGB     =       -20.9947  RESTRAINT  =         0.5841
 ESURF=         1.9210
 EAMBER (non-restraint)  =        -5.4576
 ------------------------------------------------------------------------------

 NMR restraints: Bond =    0.000   Angle =     0.000   Torsion =     0.584
===============================================================================
| RE_POSITION Moving by  -2.285878 -4.852246 -1.024887

 NSTEP =   390000   TIME(PS) =    2780.000  TEMP(K) =   263.10  PRESS =     0.0
 Etot   =        15.4972  EKtot   =        20.6515  EPtot      =        -5.1543
 BOND   =         4.3774  ANGLE   =        19.3793  DIHED      =        24.7946
 1-4 NB =         3.6936  1-4 EEL =       113.3430  VDWAALS    =        -4.0744
 EELEC  =      -145.3946  EGB     =       -23.3080  RESTRAINT  =         0.1284
 ESURF=         1.9063
 EAMBER (non-restraint)  =        -5.2827
 ------------------------------------------------------------------------------

 NMR restraints: Bond =    0.000   Angle =     0.000   Torsion =     0.128
===============================================================================

 NSTEP =   395000   TIME(PS) =    2790.000  TEMP(K) =   373.97  PRESS =     0.0
 Etot   =        29.2715  EKtot   =        29.3546  EPtot      =        -0.0831
 BOND   =         5.3882  ANGLE   =        17.5636  DIHED      =        25.8258
 1-4 NB =         4.7039  1-4 EEL =       109.4232  VDWAALS    =        -2.6208
 EELEC  =      -140.7330  EGB     =       -24.0968  RESTRAINT  =         2.4413
 ESURF=         2.0216
 EAMBER (non-restraint)  =        -2.5243
 ------------------------------------------------------------------------------

 NMR restraints: Bond =    0.000   Angle =     0.000   Torsion =     2.441
===============================================================================
| RE_POSITION Moving by  -4.015621  1.378030-10.594453

 NSTEP =   400000   TIME(PS) =    2800.000  TEMP(K) =   213.53  PRESS =     0.0
 Etot   =         6.4480  EKtot   =        16.7607  EPtot      =       -10.3127
 BOND   =         3.1227  ANGLE   =        10.7364  DIHED      =        24.6374
 1-4 NB =         6.9934  1-4 EEL =       111.7306  VDWAALS    =        -2.8094
 EELEC  =      -141.6737  EGB     =       -25.0795  RESTRAINT  =         0.0673
 ESURF=         1.9622
 EAMBER (non-restraint)  =       -10.3801
 ------------------------------------------------------------------------------

 NMR restraints: Bond =    0.000   Angle =     0.000   Torsion =     0.067
===============================================================================

 NSTEP =   405000   TIME(PS) =    2810.000  TEMP(K) =   274.57  PRESS =     0.0
 Etot   =        17.4427  EKtot   =        21.5522  EPtot      =        -4.1095
 BOND   =         2.5334  ANGLE   =        19.3512  DIHED      =        26.0662
 1-4 NB =         5.3073  1-4 EEL =       111.9241  VDWAALS    =        -4.2816
 EELEC  =      -147.2508  EGB     =       -20.1065  RESTRAINT  =         0.4516
 ESURF=         1.8957
 EAMBER (non-restraint)  =        -4.5611
 ------------------------------------------------------------------------------

 NMR restraints: Bond =    0.000   Angle =     0.000   Torsion =     0.452
===============================================================================
| RE_POSITION Moving by  -1.974093  2.063342  8.028902

 NSTEP =   410000   TIME(PS) =    2820.000  TEMP(K) =   280.52  PRESS =     0.0
 Etot   =        13.1861  EKtot   =        22.0189  EPtot      =        -8.8328
 BOND   =         4.3871  ANGLE   =        14.9118  DIHED      =        27.0848
 1-4 NB =         3.8801  1-4 EEL =       109.6994  VDWAALS    =        -4.4278
 EELEC  =      -145.5180  EGB     =       -20.8935  RESTRAINT  =         0.1557
 ESURF=         1.8876
 EAMBER (non-restraint)  =        -8.9885
 ------------------------------------------------------------------------------

 NMR restraints: Bond =    0.000   Angle =     0.000   Torsion =     0.156
===============================================================================

 NSTEP =   415000   TIME(PS) =    2830.000  TEMP(K) =   254.91  PRESS =     0.0
 Etot   =        11.9481  EKtot   =        20.0088  EPtot      =        -8.0607
 BOND   =         4.7709  ANGLE   =        10.6775  DIHED      =        26.3814
 1-4 NB =         4.7331  1-4 EEL =       108.3216  VDWAALS    =        -1.6375
 EELEC  =      -138.6574  EGB     =       -24.6237  RESTRAINT  =         0.0002
 ESURF=         1.9732
 EAMBER (non-restraint)  =        -8.0609
 ------------------------------------------------------------------------------

 NMR restraints: Bond =    0.000   Angle =     0.000   Torsion =     0.000
===============================================================================
| RE_POSITION Moving by  -3.737147 -2.385438 -8.638198

 NSTEP =   420000   TIME(PS) =    2840.000  TEMP(K) =   369.80  PRESS =     0.0
 Etot   =        21.9207  EKtot   =        29.0273  EPtot      =        -7.1066
 BOND   =         4.7678  ANGLE   =        17.1835  DIHED      =        25.0726
 1-4 NB =         4.0477  1-4 EEL =       107.6008  VDWAALS    =        -3.6957
 EELEC  =      -138.8762  EGB     =       -25.3344  RESTRAINT  =         0.1386
 ESURF=         1.9887
 EAMBER (non-restraint)  =        -7.2452
 ------------------------------------------------------------------------------

 NMR restraints: Bond =    0.000   Angle =     0.000   Torsion =     0.139
===============================================================================

 NSTEP =   425000   TIME(PS) =    2850.000  TEMP(K) =   196.30  PRESS =     0.0
 Etot   =        10.5858  EKtot   =        15.4082  EPtot      =        -4.8223
 BOND   =         2.6087  ANGLE   =        16.8181  DIHED      =        25.5214
 1-4 NB =         6.2780  1-4 EEL =       115.7662  VDWAALS    =        -3.7960
 EELEC  =      -148.7148  EGB     =       -21.2782  RESTRAINT  =         0.0519
 ESURF=         1.9224
 EAMBER (non-restraint)  =        -4.8742
 ------------------------------------------------------------------------------

 NMR restraints: Bond =    0.000   Angle =     0.000   Torsion =     0.052
===============================================================================
| RE_POSITION Moving by  -3.406365  6.492102 -2.278011

 NSTEP =   430000   TIME(PS) =    2860.000  TEMP(K) =   258.55  PRESS =     0.0
 Etot   =        14.0450  EKtot   =        20.2949  EPtot      =        -6.2498
 BOND   =         5.9997  ANGLE   =        12.6553  DIHED      =        25.1499
 1-4 NB =         5.4681  1-4 EEL =       110.8748  VDWAALS    =        -3.4096
 EELEC  =      -144.7064  EGB     =       -22.3147  RESTRAINT  =         2.0713
 ESURF=         1.9617
 EAMBER (non-restraint)  =        -8.3211
 ------------------------------------------------------------------------------

 NMR restraints: Bond =    0.000   Angle =     0.000   Torsion =     2.071
===============================================================================

 NSTEP =   435000   TIME(PS) =    2870.000  TEMP(K) =   307.97  PRESS =     0.0
 Etot   =        17.1402  EKtot   =        24.1734  EPtot      =        -7.0332
 BOND   =         4.4002  ANGLE   =        13.1318  DIHED      =        27.3191
 1-4 NB =         4.1435  1-4 EEL =       112.0937  VDWAALS    =        -4.6976
 EELEC  =      -143.4779  EGB     =       -22.1046  RESTRAINT  =         0.2556
 ESURF=         1.9031
 EAMBER (non-restraint)  =        -7.2888
 ------------------------------------------------------------------------------

 NMR restraints: Bond =    0.000   Angle =     0.000   Torsion =     0.256
===============================================================================
| RE_POSITION Moving by  -4.704654 -3.173385 -2.550535

 NSTEP =   440000   TIME(PS) =    2880.000  TEMP(K) =   259.39  PRESS =     0.0
 Etot   =        12.7995  EKtot   =        20.3607  EPtot      =        -7.5612
 BOND   =         3.9688  ANGLE   =        12.2750  DIHED      =        25.1057
 1-4 NB =         5.4731  1-4 EEL =       116.8712  VDWAALS    =        -2.9204
 EELEC  =      -148.8237  EGB     =       -21.8844  RESTRAINT  =         0.4595
 ESURF=         1.9141
 EAMBER (non-restraint)  =        -8.0207
 ------------------------------------------------------------------------------

 NMR restraints: Bond =    0.000   Angle =     0.000   Torsion =     0.459
===============================================================================

 NSTEP =   445000   TIME(PS) =    2890.000  TEMP(K) =   359.41  PRESS =     0.0
 Etot   =        20.7953  EKtot   =        28.2117  EPtot      =        -7.4164
 BOND   =        10.6316  ANGLE   =        12.9307  DIHED      =        26.5202
 1-4 NB =         3.2158  1-4 EEL =       106.4067  VDWAALS    =        -4.4964
 EELEC  =      -141.9387  EGB     =       -22.6568  RESTRAINT  =         0.0493
 ESURF=         1.9211
 EAMBER (non-restraint)  =        -7.4658
 ------------------------------------------------------------------------------

 NMR restraints: Bond =    0.000   Angle =     0.000   Torsion =     0.049
===============================================================================
| RE_POSITION Moving by   3.154755  6.079958  2.114563

 NSTEP =   450000   TIME(PS) =    2900.000  TEMP(K) =   308.23  PRESS =     0.0
 Etot   =        14.5388  EKtot   =        24.1940  EPtot      =        -9.6552
 BOND   =         5.6268  ANGLE   =        10.8769  DIHED      =        25.2826
 1-4 NB =         4.8180  1-4 EEL =       113.1092  VDWAALS    =        -2.7553
 EELEC  =      -145.5919  EGB     =       -23.2112  RESTRAINT  =         0.2440
 ESURF=         1.9458
 EAMBER (non-restraint)  =        -9.8992
 ------------------------------------------------------------------------------

 NMR restraints: Bond =    0.000   Angle =     0.000   Torsion =     0.244
===============================================================================

 NSTEP =   455000   TIME(PS) =    2910.000  TEMP(K) =   320.64  PRESS =     0.0
 Etot   =        19.0961  EKtot   =        25.1684  EPtot      =        -6.0723
 BOND   =         6.2052  ANGLE   =        17.1963  DIHED      =        23.1281
 1-4 NB =         4.4327  1-4 EEL =       111.0293  VDWAALS    =        -3.0157
 EELEC  =      -144.0831  EGB     =       -23.1605  RESTRAINT  =         0.2513
 ESURF=         1.9441
 EAMBER (non-restraint)  =        -6.3236
 ------------------------------------------------------------------------------

 NMR restraints: Bond =    0.000   Angle =     0.000   Torsion =     0.251
===============================================================================
| RE_POSITION Moving by  -0.955465  2.470469  1.292805

 NSTEP =   460000   TIME(PS) =    2920.000  TEMP(K) =   255.54  PRESS =     0.0
 Etot   =        14.7078  EKtot   =        20.0582  EPtot      =        -5.3504
 BOND   =         6.3401  ANGLE   =        12.8702  DIHED      =        23.8267
 1-4 NB =         6.7289  1-4 EEL =       112.7406  VDWAALS    =        -2.7227
 EELEC  =      -142.1499  EGB     =       -24.9543  RESTRAINT  =         0.0006
 ESURF=         1.9692
 EAMBER (non-restraint)  =        -5.3510
 ------------------------------------------------------------------------------

 NMR restraints: Bond =    0.000   Angle =     0.000   Torsion =     0.001
===============================================================================

 NSTEP =   465000   TIME(PS) =    2930.000  TEMP(K) =   339.96  PRESS =     0.0
 Etot   =        25.1586  EKtot   =        26.6850  EPtot      =        -1.5264
 BOND   =         5.4603  ANGLE   =        17.5373  DIHED      =        27.9828
 1-4 NB =         5.5321  1-4 EEL =       112.3548  VDWAALS    =        -3.9217
 EELEC  =      -147.8021  EGB     =       -20.8617  RESTRAINT  =         0.2726
 ESURF=         1.9191
 EAMBER (non-restraint)  =        -1.7990
 ------------------------------------------------------------------------------

 NMR restraints: Bond =    0.000   Angle =     0.000   Torsion =     0.273
===============================================================================
| RE_POSITION Moving by  -6.740395 -1.365043 -4.985420

 NSTEP =   470000   TIME(PS) =    2940.000  TEMP(K) =   255.81  PRESS =     0.0
 Etot   =        16.4573  EKtot   =        20.0797  EPtot      =        -3.6225
 BOND   =         6.4183  ANGLE   =        13.2820  DIHED      =        27.5686
 1-4 NB =         4.7998  1-4 EEL =       108.0338  VDWAALS    =        -2.6601
 EELEC  =      -142.1661  EGB     =       -22.1995  RESTRAINT  =         1.3134
 ESURF=         1.9873
 EAMBER (non-restraint)  =        -4.9359
 ------------------------------------------------------------------------------

 NMR restraints: Bond =    0.000   Angle =     0.000   Torsion =     1.313
===============================================================================

 NSTEP =   475000   TIME(PS) =    2950.000  TEMP(K) =   357.12  PRESS =     0.0
 Etot   =        19.4071  EKtot   =        28.0321  EPtot      =        -8.6251
 BOND   =         2.6553  ANGLE   =        13.4104  DIHED      =        27.2010
 1-4 NB =         4.9042  1-4 EEL =       109.1631  VDWAALS    =        -3.5207
 EELEC  =      -139.9392  EGB     =       -24.4333  RESTRAINT  =         0.0210
 ESURF=         1.9130
 EAMBER (non-restraint)  =        -8.6460
 ------------------------------------------------------------------------------

 NMR restraints: Bond =    0.000   Angle =     0.000   Torsion =     0.021
===============================================================================
| RE_POSITION Moving by  -4.673480 -1.823168-11.101713

 NSTEP =   480000   TIME(PS) =    2960.000  TEMP(K) =   335.11  PRESS =     0.0
 Etot   =        15.6842  EKtot   =        26.3039  EPtot      =       -10.6197
 BOND   =         3.3548  ANGLE   =        16.6033  DIHED      =        24.1508
 1-4 NB =         3.7620  1-4 EEL =       107.9660  VDWAALS    =        -3.7189
 EELEC  =      -141.7572  EGB     =       -23.3459  RESTRAINT  =         0.3760
 ESURF=         1.9895
 EAMBER (non-restraint)  =       -10.9956
 ------------------------------------------------------------------------------

 NMR restraints: Bond =    0.000   Angle =     0.000   Torsion =     0.376
===============================================================================

 NSTEP =   485000   TIME(PS) =    2970.000  TEMP(K) =   226.83  PRESS =     0.0
 Etot   =        11.2792  EKtot   =        17.8050  EPtot      =        -6.5258
 BOND   =         4.1036  ANGLE   =        14.8338  DIHED      =        24.9925
 1-4 NB =         4.3038  1-4 EEL =       114.7045  VDWAALS    =        -3.1114
 EELEC  =      -145.6223  EGB     =       -22.9545  RESTRAINT  =         0.2858
 ESURF=         1.9384
 EAMBER (non-restraint)  =        -6.8116
 ------------------------------------------------------------------------------

 NMR restraints: Bond =    0.000   Angle =     0.000   Torsion =     0.286
===============================================================================
| RE_POSITION Moving by  -6.299414 -3.940587  0.418452

 NSTEP =   490000   TIME(PS) =    2980.000  TEMP(K) =   337.21  PRESS =     0.0
 Etot   =        21.5778  EKtot   =        26.4693  EPtot      =        -4.8915
 BOND   =         5.2255  ANGLE   =        13.8866  DIHED      =        28.2546
 1-4 NB =         4.9485  1-4 EEL =       110.1690  VDWAALS    =        -3.2286
 EELEC  =      -144.8885  EGB     =       -21.4030  RESTRAINT  =         0.2160
 ESURF=         1.9283
 EAMBER (non-restraint)  =        -5.1075
 ------------------------------------------------------------------------------

 NMR restraints: Bond =    0.000   Angle =     0.000   Torsion =     0.216
===============================================================================

 NSTEP =   495000   TIME(PS) =    2990.000  TEMP(K) =   319.63  PRESS =     0.0
 Etot   =        25.2807  EKtot   =        25.0894  EPtot      =         0.1913
 BOND   =         4.9598  ANGLE   =        16.9400  DIHED      =        26.7934
 1-4 NB =         7.9189  1-4 EEL =       112.5774  VDWAALS    =        -3.3290
 EELEC  =      -146.4748  EGB     =       -21.1310  RESTRAINT  =         0.0025
 ESURF=         1.9340
 EAMBER (non-restraint)  =         0.1887
 ------------------------------------------------------------------------------

 NMR restraints: Bond =    0.000   Angle =     0.000   Torsion =     0.003
===============================================================================
| RE_POSITION Moving by   3.752337  1.161427 -2.174481

 NSTEP =   500000   TIME(PS) =    3000.000  TEMP(K) =   229.96  PRESS =     0.0
 Etot   =        10.9734  EKtot   =        18.0507  EPtot      =        -7.0773
 BOND   =         5.4964  ANGLE   =        13.1014  DIHED      =        25.1650
 1-4 NB =         4.2543  1-4 EEL =       113.5252  VDWAALS    =        -4.3186
 EELEC  =      -146.5170  EGB     =       -21.7099  RESTRAINT  =         2.0120
 ESURF=         1.9139
 EAMBER (non-restraint)  =        -9.0894
 ------------------------------------------------------------------------------

 NMR restraints: Bond =    0.000   Angle =     0.000   Torsion =     2.012
===============================================================================

      A V E R A G E S   O V E R  500000 S T E P S


 NSTEP =   500000   TIME(PS) =    3000.000  TEMP(K) =   299.73  PRESS =     0.0
 Etot   =        19.1241  EKtot   =        23.5268  EPtot      =        -4.4027
 BOND   =         5.4721  ANGLE   =        15.7405  DIHED      =        25.9869
 1-4 NB =         4.7944  1-4 EEL =       111.1603  VDWAALS    =        -3.3459
 EELEC  =      -143.3079  EGB     =       -23.2386  RESTRAINT  =         0.3923
 ESURF=         1.9431
 EAMBER (non-restraint)  =        -4.7951
 ------------------------------------------------------------------------------

 NMR restraints: Bond =    0.000   Angle =     0.000   Torsion =     2.012
===============================================================================

      R M S  F L U C T U A T I O N S


 NSTEP =   500000   TIME(PS) =    3000.000  TEMP(K) =    47.80  PRESS =     0.0
 Etot   =         5.3460  EKtot   =         3.7518  EPtot      =         3.7919
 BOND   =         1.9997  ANGLE   =         3.2108  DIHED      =         1.5676
 1-4 NB =         0.9815  1-4 EEL =         2.9457  VDWAALS    =         0.8583
 EELEC  =         3.4057  EGB     =         2.1917  RESTRAINT  =         0.5446
 ESURF=         0.0419
 EAMBER (non-restraint)  =         3.2473
 ------------------------------------------------------------------------------


 NMR restraints on final step:


--------------------------------------------------------------------------------
   5.  TIMINGS
--------------------------------------------------------------------------------

|>>>>>>>>PROFILE of Average TIMES>>>>>>>>> 
|                Calc gb radii             27.67 ( 7.91% of Gen B)
|                Communicate gb radii     219.73 (62.86% of Gen B)
|                Calc gb diag              39.82 (11.39% of Gen B)
|                Calc gb off-diag          25.37 ( 7.26% of Gen B)
|                Surface area energy       36.33 (10.39% of Gen B)
|                Other                      0.66 ( 0.19% of Gen B)
|             Gen Born time            349.58 (100.0% of Nonbo)
|             IPS excludes               0.08 ( 0.02% of Nonbo)
|          Nonbond force            349.66 (29.10% of Force)
|          Bond/Angle/Dihedral       12.39 ( 1.03% of Force)
|          FRC Collect time         606.94 (50.52% of Force)
|          Other                    232.39 (19.34% of Force)
|       Force time              1201.38 (78.42% of Runmd)
|       Shake time                 1.63 ( 0.11% of Runmd)
|       Verlet update time       259.27 (16.92% of Runmd)
|       CRD distribute time       68.61 ( 4.48% of Runmd)
|       Other                      1.11 ( 0.07% of Runmd)
|    Runmd Time              1532.00 (100.0% of Total)
|    Other                      0.25 ( 0.02% of Total)
| Total time              1532.24 (100.0% of ALL  )

| Number of list builds   :          0

| Highest rstack allocated:          0
| Highest istack allocated:          0

| Final Performance Info:
| -----------------------------------------------------
| Average timings for all steps:
|     Elapsed(s) =    1532.00 Per Step(ms) =       3.06
|         ns/day =      56.40   seconds/ns =    1532.00
| -----------------------------------------------------

|           Job began  at 20:31:41.693  on 04/27/2013
|           Setup done at 20:31:41.939  on 04/27/2013
|           Run   done at 20:57:13.939  on 04/27/2013
|     wallclock() was called18500113 times
