
          -------------------------------------------------------
          Amber 12 SANDER                              2012
          -------------------------------------------------------

| Run on 04/27/2013 at 20:31:41
  [-O]verwriting output

File Assignments:
|  MDIN: run_117.in                                                            
| MDOUT: run_117.out                                                           
|INPCRD: ../eq2/run_117.rst                                                    
|  PARM: parm                                                                  
|RESTRT: run_117.rst                                                           
|  REFC: refc                                                                  
| MDVEL: mdvel                                                                 
|  MDEN: mden                                                                  
| MDCRD: run_117.nc                                                            
|MDINFO: mdinfo                                                                
|  MTMD: mtmd                                                                  
|INPDIP: inpdip                                                                
|RSTDIP: rstdip                                                                

|INPTRA: inptraj                                                               
|
 
 Here is the input file:
 
equilibration with restraint                                                   
 &cntrl                                                                        
   ig=74004,                                                                   
   irest=1, ntx=5,                                                             
   igb=8, gbsa=1,                                                              
   cut=9999.0, rgbmax=9998.0,                                                  
   ntc=2, ntf=1, tol=0.000001,                                                 
   ntt=3, gamma_ln=2.0, tempi=0.1,                                             
   ntb=0, nscm=10000,                                                          
   ioutfm=1,                                                                   
   nstlim=500000, dt=0.002,                                                    
   ntpr=5000, ntwx=5000, ntwv=0, ntwr=500000,                                  
   nmropt=1,                                                                   
 /                                                                             
 &wt                                                                           
  type='DUMPFREQ', istep1=5000,                                                
 /                                                                             
 &wt                                                                           
  type='END',                                                                  
 /                                                                             
DISANG=run_117.disang                                                          
DUMPAVE=run_117.dat                                                            
                                                                               

--------------------------------------------------------------------------------
   1.  RESOURCE   USE: 
--------------------------------------------------------------------------------

| Flags: MPI                                                                    
| New format PARM file being parsed.
| Version =    1.000 Date = 04/27/13 Time = 01:42:54
 NATOM  =      32 NTYPES =       7 NBONH =      17 MBONA  =      14
 NTHETH =      36 MTHETA =      18 NPHIH =      64 MPHIA  =      45
 NHPARM =       0 NPARM  =       0 NNB   =     152 NRES   =       4
 NBONA  =      14 NTHETA =      18 NPHIA =      45 NUMBND =      11
 NUMANG =      21 NPTRA  =      20 NATYP =       8 NPHB   =       0
 IFBOX  =       0 NMXRS  =      10 IFCAP =       0 NEXTRA =       0
 NCOPY  =       0

 Implicit solvent radii are ArgH and AspGluO modified Bondi2 radii (mbondi3)                                
 Replacing prmtop screening parameters with GBn2 (igb=8) values

|     Memory Use     Allocated
|     Real                2310
|     Hollerith            102
|     Integer            23012
|     Max Pairs              1
|     nblistReal             0
|     nblist Int             0
|       Total              108 kbytes

| Note: 1-4 EEL scale factors are being read from the topology file.

| Note: 1-4 VDW scale factors are being read from the topology file.
| Duplicated    0 dihedrals
| Duplicated    0 dihedrals

--------------------------------------------------------------------------------
   2.  CONTROL  DATA  FOR  THE  RUN
--------------------------------------------------------------------------------

ACE                                                                             

General flags:
     imin    =       0, nmropt  =       1

Nature and format of input:
     ntx     =       5, irest   =       1, ntrx    =       1

Nature and format of output:
     ntxo    =       1, ntpr    =    5000, ntrx    =       1, ntwr    =  500000
     iwrap   =       0, ntwx    =    5000, ntwv    =       0, ntwe    =       0
     ioutfm  =       1, ntwprt  =       0, idecomp =       0, rbornstat=      0

Potential function:
     ntf     =       1, ntb     =       0, igb     =       8, nsnb    =      25
     ipol    =       0, gbsa    =       1, iesp    =       0
     dielc   =   1.00000, cut     =9999.00000, intdiel =   1.00000
     saltcon =   0.00000, offset  =   0.19514, surften =   0.00500
     rdt     =   0.00000, rgbmax  =9998.00000  extdiel =  78.50000
     alpb  =        0
     gbalphaH  =   0.78844, gbbetaH   =   0.79870,  gbgammaH  =    0.43733
     gbalphaC  =   0.73376, gbbetaC   =   0.50638,  gbgammaC  =    0.20584
     gbalphaN  =   0.50336, gbbetaN   =   0.31683,  gbgammaN  =    0.19292
     gbalphaOS =   0.86781, gbbetaOS  =   0.87664,  gbgammaOS =    0.38788
     gbalphaP  =   1.00000, gbbetaP   =   0.80000,  gbgammaP  =    4.85100

Frozen or restrained atoms:
     ibelly  =       0, ntr     =       0

Molecular dynamics:
     nstlim  =    500000, nscm    =     10000, nrespa  =         1
     t       =   0.00000, dt      =   0.00200, vlimit  =  20.00000

Langevin dynamics temperature regulation:
     ig      =   74004
     temp0   = 300.00000, tempi   =   0.10000, gamma_ln=   2.00000

SHAKE:
     ntc     =       2, jfastw  =       0
     tol     =   0.00000

NMR refinement options:
     iscale  =       0, noeskp  =       1, ipnlty  =       1, mxsub   =       1
     scalm   = 100.00000, pencut  =   0.10000, tausw   =   0.10000

| MPI Timing options:
|      profile_mpi =        0
|  INFO: Old style inpcrd file read


--------------------------------------------------------------------------------
   3.  ATOMIC COORDINATES AND VELOCITIES
--------------------------------------------------------------------------------

ACE                                                                             
 begin time read from input coords =  2000.000 ps



           Begin reading energy term weight changes/NMR restraints
 WEIGHT CHANGES:
 DUMPFREQ   5000      0    0.000000    0.000000      0      0
                         ** No weight changes given **

 RESTRAINTS:
 Requested file redirections:
  DISANG    = run_117.disang
  DUMPAVE   = run_117.dat
 Restraints will be read from file: run_117.disang
Here are comments from the DISANG input file:

                       Number of restraints read =     1

                  Done reading weight changes/NMR restraints


 Number of triangulated 3-point waters found:        0
|  Atom division among processors:
|         0      16      32
|  Running AMBER/MPI version on    2 nodes


--------------------------------------------------------------------------------
   4.  RESULTS
--------------------------------------------------------------------------------

|  # of SOLUTE  degrees of freedom (RNDFP):      79.
|  # of SOLVENT degrees of freedom (RNDFS):       0.
|  NDFMIN =      79.     NUM_NOSHAKE =      0     CORRECTED RNDFP =      79.
|  TOTAL # of degrees of freedom (RNDF) =      79.

 NSTEP =     5000   TIME(PS) =    2010.000  TEMP(K) =   274.90  PRESS =     0.0
 Etot   =        17.4978  EKtot   =        21.5777  EPtot      =        -4.0799
 BOND   =         4.6525  ANGLE   =        12.7692  DIHED      =        29.8426
 1-4 NB =         5.3539  1-4 EEL =       121.1573  VDWAALS    =        -2.7865
 EELEC  =      -155.5252  EGB     =       -21.5448  RESTRAINT  =         0.0294
 ESURF=         1.9718
 EAMBER (non-restraint)  =        -4.1093
 ------------------------------------------------------------------------------

 NMR restraints: Bond =    0.000   Angle =     0.000   Torsion =     0.029
===============================================================================
| RE_POSITION Moving by   8.963358  3.603865 -0.904845

 NSTEP =    10000   TIME(PS) =    2020.000  TEMP(K) =   287.40  PRESS =     0.0
 Etot   =        18.3760  EKtot   =        22.5591  EPtot      =        -4.1831
 BOND   =         3.3879  ANGLE   =        13.1703  DIHED      =        28.8533
 1-4 NB =         4.6891  1-4 EEL =       123.5937  VDWAALS    =        -3.8609
 EELEC  =      -153.7821  EGB     =       -22.2064  RESTRAINT  =         0.0021
 ESURF=         1.9699
 EAMBER (non-restraint)  =        -4.1852
 ------------------------------------------------------------------------------

 NMR restraints: Bond =    0.000   Angle =     0.000   Torsion =     0.002
===============================================================================

 NSTEP =    15000   TIME(PS) =    2030.000  TEMP(K) =   309.97  PRESS =     0.0
 Etot   =        23.6372  EKtot   =        24.3308  EPtot      =        -0.6936
 BOND   =         4.1912  ANGLE   =        16.9935  DIHED      =        28.7550
 1-4 NB =         5.9600  1-4 EEL =       119.0243  VDWAALS    =        -3.6201
 EELEC  =      -150.6817  EGB     =       -23.8429  RESTRAINT  =         0.5320
 ESURF=         1.9950
 EAMBER (non-restraint)  =        -1.2257
 ------------------------------------------------------------------------------

 NMR restraints: Bond =    0.000   Angle =     0.000   Torsion =     0.532
===============================================================================
| RE_POSITION Moving by   6.880107  0.981299 -8.938425

 NSTEP =    20000   TIME(PS) =    2040.000  TEMP(K) =   351.07  PRESS =     0.0
 Etot   =        23.5983  EKtot   =        27.5573  EPtot      =        -3.9591
 BOND   =         4.7456  ANGLE   =        15.3727  DIHED      =        27.8822
 1-4 NB =         4.2905  1-4 EEL =       117.9664  VDWAALS    =        -3.1246
 EELEC  =      -146.7962  EGB     =       -26.4713  RESTRAINT  =         0.1581
 ESURF=         2.0177
 EAMBER (non-restraint)  =        -4.1171
 ------------------------------------------------------------------------------

 NMR restraints: Bond =    0.000   Angle =     0.000   Torsion =     0.158
===============================================================================

 NSTEP =    25000   TIME(PS) =    2050.000  TEMP(K) =   303.90  PRESS =     0.0
 Etot   =        23.6234  EKtot   =        23.8542  EPtot      =        -0.2308
 BOND   =         5.5137  ANGLE   =        14.4989  DIHED      =        34.5567
 1-4 NB =         4.0968  1-4 EEL =       114.8093  VDWAALS    =        -4.2154
 EELEC  =      -147.4139  EGB     =       -24.0777  RESTRAINT  =         0.0539
 ESURF=         1.9470
 EAMBER (non-restraint)  =        -0.2847
 ------------------------------------------------------------------------------

 NMR restraints: Bond =    0.000   Angle =     0.000   Torsion =     0.054
===============================================================================
| RE_POSITION Moving by   8.095482 -3.373099 -1.673103

 NSTEP =    30000   TIME(PS) =    2060.000  TEMP(K) =   366.27  PRESS =     0.0
 Etot   =        22.4881  EKtot   =        28.7499  EPtot      =        -6.2618
 BOND   =         7.0772  ANGLE   =        10.7401  DIHED      =        28.2545
 1-4 NB =         3.3565  1-4 EEL =       121.6275  VDWAALS    =        -3.7735
 EELEC  =      -151.9617  EGB     =       -23.8132  RESTRAINT  =         0.2554
 ESURF=         1.9754
 EAMBER (non-restraint)  =        -6.5172
 ------------------------------------------------------------------------------

 NMR restraints: Bond =    0.000   Angle =     0.000   Torsion =     0.255
===============================================================================

 NSTEP =    35000   TIME(PS) =    2070.000  TEMP(K) =   273.90  PRESS =     0.0
 Etot   =        13.3697  EKtot   =        21.4995  EPtot      =        -8.1299
 BOND   =         3.2617  ANGLE   =         9.9190  DIHED      =        29.5842
 1-4 NB =         4.4620  1-4 EEL =       121.4408  VDWAALS    =        -3.3615
 EELEC  =      -154.1402  EGB     =       -21.2225  RESTRAINT  =         0.0074
 ESURF=         1.9193
 EAMBER (non-restraint)  =        -8.1372
 ------------------------------------------------------------------------------

 NMR restraints: Bond =    0.000   Angle =     0.000   Torsion =     0.007
===============================================================================
| RE_POSITION Moving by   3.402147 12.749376 -4.280119

 NSTEP =    40000   TIME(PS) =    2080.000  TEMP(K) =   333.45  PRESS =     0.0
 Etot   =        21.5437  EKtot   =        26.1740  EPtot      =        -4.6303
 BOND   =         2.6681  ANGLE   =        16.1210  DIHED      =        28.1401
 1-4 NB =         5.2221  1-4 EEL =       122.3085  VDWAALS    =        -4.0192
 EELEC  =      -152.9050  EGB     =       -24.2720  RESTRAINT  =         0.1131
 ESURF=         1.9931
 EAMBER (non-restraint)  =        -4.7434
 ------------------------------------------------------------------------------

 NMR restraints: Bond =    0.000   Angle =     0.000   Torsion =     0.113
===============================================================================

 NSTEP =    45000   TIME(PS) =    2090.000  TEMP(K) =   299.06  PRESS =     0.0
 Etot   =        18.0026  EKtot   =        23.4746  EPtot      =        -5.4720
 BOND   =         2.9900  ANGLE   =         8.8729  DIHED      =        30.7240
 1-4 NB =         5.1839  1-4 EEL =       126.0786  VDWAALS    =        -4.1184
 EELEC  =      -156.0397  EGB     =       -22.2766  RESTRAINT  =         1.1539
 ESURF=         1.9594
 EAMBER (non-restraint)  =        -6.6260
 ------------------------------------------------------------------------------

 NMR restraints: Bond =    0.000   Angle =     0.000   Torsion =     1.154
===============================================================================
| RE_POSITION Moving by  -4.526002 -3.273314  0.338826

 NSTEP =    50000   TIME(PS) =    2100.000  TEMP(K) =   410.90  PRESS =     0.0
 Etot   =        29.4605  EKtot   =        32.2532  EPtot      =        -2.7927
 BOND   =         7.3892  ANGLE   =        10.7958  DIHED      =        29.6241
 1-4 NB =         5.1231  1-4 EEL =       124.1781  VDWAALS    =        -4.1047
 EELEC  =      -156.6348  EGB     =       -22.8437  RESTRAINT  =         1.7579
 ESURF=         1.9224
 EAMBER (non-restraint)  =        -4.5505
 ------------------------------------------------------------------------------

 NMR restraints: Bond =    0.000   Angle =     0.000   Torsion =     1.758
===============================================================================

 NSTEP =    55000   TIME(PS) =    2110.000  TEMP(K) =   300.60  PRESS =     0.0
 Etot   =        16.4921  EKtot   =        23.5955  EPtot      =        -7.1034
 BOND   =         6.6798  ANGLE   =        12.1782  DIHED      =        28.8907
 1-4 NB =         2.6643  1-4 EEL =       117.0104  VDWAALS    =        -4.1550
 EELEC  =      -149.7548  EGB     =       -22.6271  RESTRAINT  =         0.0382
 ESURF=         1.9720
 EAMBER (non-restraint)  =        -7.1415
 ------------------------------------------------------------------------------

 NMR restraints: Bond =    0.000   Angle =     0.000   Torsion =     0.038
===============================================================================
| RE_POSITION Moving by   1.533775  1.244388  8.109770

 NSTEP =    60000   TIME(PS) =    2120.000  TEMP(K) =   423.22  PRESS =     0.0
 Etot   =        27.5995  EKtot   =        33.2204  EPtot      =        -5.6209
 BOND   =         3.5542  ANGLE   =        11.5788  DIHED      =        28.6831
 1-4 NB =         5.7304  1-4 EEL =       123.8679  VDWAALS    =        -3.2701
 EELEC  =      -156.2680  EGB     =       -22.0537  RESTRAINT  =         0.6358
 ESURF=         1.9207
 EAMBER (non-restraint)  =        -6.2568
 ------------------------------------------------------------------------------

 NMR restraints: Bond =    0.000   Angle =     0.000   Torsion =     0.636
===============================================================================

 NSTEP =    65000   TIME(PS) =    2130.000  TEMP(K) =   292.41  PRESS =     0.0
 Etot   =        21.9960  EKtot   =        22.9522  EPtot      =        -0.9561
 BOND   =         7.9784  ANGLE   =        13.0320  DIHED      =        30.3474
 1-4 NB =         4.4018  1-4 EEL =       121.0918  VDWAALS    =        -3.9807
 EELEC  =      -154.6719  EGB     =       -22.0159  RESTRAINT  =         0.8877
 ESURF=         1.9734
 EAMBER (non-restraint)  =        -1.8438
 ------------------------------------------------------------------------------

 NMR restraints: Bond =    0.000   Angle =     0.000   Torsion =     0.888
===============================================================================
| RE_POSITION Moving by   2.589486  2.252602  3.817868

 NSTEP =    70000   TIME(PS) =    2140.000  TEMP(K) =   286.73  PRESS =     0.0
 Etot   =        16.0466  EKtot   =        22.5068  EPtot      =        -6.4601
 BOND   =         4.1540  ANGLE   =        11.9993  DIHED      =        29.7465
 1-4 NB =         5.7038  1-4 EEL =       118.4409  VDWAALS    =        -3.2289
 EELEC  =      -153.0293  EGB     =       -22.2362  RESTRAINT  =         0.0254
 ESURF=         1.9644
 EAMBER (non-restraint)  =        -6.4855
 ------------------------------------------------------------------------------

 NMR restraints: Bond =    0.000   Angle =     0.000   Torsion =     0.025
===============================================================================

 NSTEP =    75000   TIME(PS) =    2150.000  TEMP(K) =   406.65  PRESS =     0.0
 Etot   =        27.6104  EKtot   =        31.9193  EPtot      =        -4.3089
 BOND   =         5.0628  ANGLE   =        14.1208  DIHED      =        28.2928
 1-4 NB =         4.3630  1-4 EEL =       120.7763  VDWAALS    =        -0.7198
 EELEC  =      -158.0243  EGB     =       -20.3584  RESTRAINT  =         0.2511
 ESURF=         1.9268
 EAMBER (non-restraint)  =        -4.5600
 ------------------------------------------------------------------------------

 NMR restraints: Bond =    0.000   Angle =     0.000   Torsion =     0.251
===============================================================================
| RE_POSITION Moving by   4.300910 -2.495887 -4.714848

 NSTEP =    80000   TIME(PS) =    2160.000  TEMP(K) =   262.90  PRESS =     0.0
 Etot   =        18.1145  EKtot   =        20.6358  EPtot      =        -2.5213
 BOND   =         4.5904  ANGLE   =        14.0808  DIHED      =        28.8850
 1-4 NB =         5.4252  1-4 EEL =       119.6488  VDWAALS    =        -3.2786
 EELEC  =      -153.3174  EGB     =       -21.6254  RESTRAINT  =         1.1096
 ESURF=         1.9603
 EAMBER (non-restraint)  =        -3.6309
 ------------------------------------------------------------------------------

 NMR restraints: Bond =    0.000   Angle =     0.000   Torsion =     1.110
===============================================================================

 NSTEP =    85000   TIME(PS) =    2170.000  TEMP(K) =   265.55  PRESS =     0.0
 Etot   =        15.1121  EKtot   =        20.8442  EPtot      =        -5.7320
 BOND   =         5.3407  ANGLE   =        14.3733  DIHED      =        27.0467
 1-4 NB =         5.0707  1-4 EEL =       119.9441  VDWAALS    =        -3.8008
 EELEC  =      -150.6327  EGB     =       -25.1521  RESTRAINT  =         0.1211
 ESURF=         1.9569
 EAMBER (non-restraint)  =        -5.8531
 ------------------------------------------------------------------------------

 NMR restraints: Bond =    0.000   Angle =     0.000   Torsion =     0.121
===============================================================================
| RE_POSITION Moving by  -0.286143 -0.528199  8.150350

 NSTEP =    90000   TIME(PS) =    2180.000  TEMP(K) =   387.68  PRESS =     0.0
 Etot   =        26.0249  EKtot   =        30.4308  EPtot      =        -4.4059
 BOND   =         5.0568  ANGLE   =         9.8989  DIHED      =        30.8655
 1-4 NB =         4.1205  1-4 EEL =       120.7700  VDWAALS    =        -3.5979
 EELEC  =      -150.3654  EGB     =       -23.3337  RESTRAINT  =         0.1882
 ESURF=         1.9912
 EAMBER (non-restraint)  =        -4.5942
 ------------------------------------------------------------------------------

 NMR restraints: Bond =    0.000   Angle =     0.000   Torsion =     0.188
===============================================================================

 NSTEP =    95000   TIME(PS) =    2190.000  TEMP(K) =   356.22  PRESS =     0.0
 Etot   =        30.4742  EKtot   =        27.9612  EPtot      =         2.5130
 BOND   =         5.6175  ANGLE   =        16.5125  DIHED      =        30.4239
 1-4 NB =         4.2766  1-4 EEL =       112.9318  VDWAALS    =        -1.5358
 EELEC  =      -145.0755  EGB     =       -22.8836  RESTRAINT  =         0.2047
 ESURF=         2.0408
 EAMBER (non-restraint)  =         2.3083
 ------------------------------------------------------------------------------

 NMR restraints: Bond =    0.000   Angle =     0.000   Torsion =     0.205
===============================================================================
| RE_POSITION Moving by  -3.487791  6.147147  6.292600

 NSTEP =   100000   TIME(PS) =    2200.000  TEMP(K) =   339.49  PRESS =     0.0
 Etot   =        28.4588  EKtot   =        26.6477  EPtot      =         1.8111
 BOND   =         6.1544  ANGLE   =        15.3416  DIHED      =        34.6715
 1-4 NB =         3.2791  1-4 EEL =       116.8028  VDWAALS    =        -4.2968
 EELEC  =      -150.3262  EGB     =       -22.0594  RESTRAINT  =         0.2753
 ESURF=         1.9688
 EAMBER (non-restraint)  =         1.5358
 ------------------------------------------------------------------------------

 NMR restraints: Bond =    0.000   Angle =     0.000   Torsion =     0.275
===============================================================================

 NSTEP =   105000   TIME(PS) =    2210.000  TEMP(K) =   265.37  PRESS =     0.0
 Etot   =        24.8028  EKtot   =        20.8303  EPtot      =         3.9724
 BOND   =         6.2012  ANGLE   =        17.9809  DIHED      =        29.3410
 1-4 NB =         7.0445  1-4 EEL =       125.0631  VDWAALS    =        -4.3023
 EELEC  =      -156.5978  EGB     =       -22.7923  RESTRAINT  =         0.0896
 ESURF=         1.9447
 EAMBER (non-restraint)  =         3.8829
 ------------------------------------------------------------------------------

 NMR restraints: Bond =    0.000   Angle =     0.000   Torsion =     0.090
===============================================================================
| RE_POSITION Moving by  -1.308109  8.670200 -6.511620

 NSTEP =   110000   TIME(PS) =    2220.000  TEMP(K) =   400.10  PRESS =     0.0
 Etot   =        32.5622  EKtot   =        31.4052  EPtot      =         1.1570
 BOND   =         3.7873  ANGLE   =        17.9805  DIHED      =        28.7452
 1-4 NB =         5.1040  1-4 EEL =       120.9922  VDWAALS    =        -3.7130
 EELEC  =      -150.2343  EGB     =       -23.6087  RESTRAINT  =         0.1040
 ESURF=         1.9998
 EAMBER (non-restraint)  =         1.0530
 ------------------------------------------------------------------------------

 NMR restraints: Bond =    0.000   Angle =     0.000   Torsion =     0.104
===============================================================================

 NSTEP =   115000   TIME(PS) =    2230.000  TEMP(K) =   342.82  PRESS =     0.0
 Etot   =        21.3704  EKtot   =        26.9096  EPtot      =        -5.5392
 BOND   =         4.1451  ANGLE   =        13.2402  DIHED      =        29.2016
 1-4 NB =         5.0543  1-4 EEL =       124.1685  VDWAALS    =        -3.7300
 EELEC  =      -157.9877  EGB     =       -21.6189  RESTRAINT  =         0.0227
 ESURF=         1.9650
 EAMBER (non-restraint)  =        -5.5619
 ------------------------------------------------------------------------------

 NMR restraints: Bond =    0.000   Angle =     0.000   Torsion =     0.023
===============================================================================
| RE_POSITION Moving by   4.194017  1.392248 -2.803009

 NSTEP =   120000   TIME(PS) =    2240.000  TEMP(K) =   279.83  PRESS =     0.0
 Etot   =        16.3985  EKtot   =        21.9650  EPtot      =        -5.5665
 BOND   =         5.1457  ANGLE   =        12.6531  DIHED      =        28.2812
 1-4 NB =         5.6265  1-4 EEL =       120.3332  VDWAALS    =        -3.3550
 EELEC  =      -155.2459  EGB     =       -21.5275  RESTRAINT  =         0.5575
 ESURF=         1.9647
 EAMBER (non-restraint)  =        -6.1240
 ------------------------------------------------------------------------------

 NMR restraints: Bond =    0.000   Angle =     0.000   Torsion =     0.557
===============================================================================

 NSTEP =   125000   TIME(PS) =    2250.000  TEMP(K) =   278.11  PRESS =     0.0
 Etot   =        18.4530  EKtot   =        21.8302  EPtot      =        -3.3772
 BOND   =         4.9982  ANGLE   =        13.6090  DIHED      =        31.4191
 1-4 NB =         5.0038  1-4 EEL =       117.3270  VDWAALS    =        -3.0268
 EELEC  =      -151.2649  EGB     =       -23.4790  RESTRAINT  =         0.0443
 ESURF=         1.9919
 EAMBER (non-restraint)  =        -3.4216
 ------------------------------------------------------------------------------

 NMR restraints: Bond =    0.000   Angle =     0.000   Torsion =     0.044
===============================================================================
| RE_POSITION Moving by   4.153952 -6.182195  9.434325

 NSTEP =   130000   TIME(PS) =    2260.000  TEMP(K) =   338.73  PRESS =     0.0
 Etot   =        23.3158  EKtot   =        26.5880  EPtot      =        -3.2722
 BOND   =         3.3424  ANGLE   =        14.6221  DIHED      =        29.4860
 1-4 NB =         5.1169  1-4 EEL =       120.4103  VDWAALS    =        -3.2845
 EELEC  =      -155.0606  EGB     =       -21.5061  RESTRAINT  =         1.6683
 ESURF=         1.9331
 EAMBER (non-restraint)  =        -4.9405
 ------------------------------------------------------------------------------

 NMR restraints: Bond =    0.000   Angle =     0.000   Torsion =     1.668
===============================================================================

 NSTEP =   135000   TIME(PS) =    2270.000  TEMP(K) =   210.72  PRESS =     0.0
 Etot   =         7.5563  EKtot   =        16.5399  EPtot      =        -8.9836
 BOND   =         7.7195  ANGLE   =         9.9126  DIHED      =        26.4724
 1-4 NB =         4.5073  1-4 EEL =       118.8089  VDWAALS    =        -3.6547
 EELEC  =      -149.5066  EGB     =       -25.7874  RESTRAINT  =         0.5785
 ESURF=         1.9659
 EAMBER (non-restraint)  =        -9.5621
 ------------------------------------------------------------------------------

 NMR restraints: Bond =    0.000   Angle =     0.000   Torsion =     0.578
===============================================================================
| RE_POSITION Moving by   5.965806  2.818337  2.927627

 NSTEP =   140000   TIME(PS) =    2280.000  TEMP(K) =   265.96  PRESS =     0.0
 Etot   =        18.5083  EKtot   =        20.8762  EPtot      =        -2.3679
 BOND   =         4.6689  ANGLE   =        13.2971  DIHED      =        26.8211
 1-4 NB =         5.9821  1-4 EEL =       125.8035  VDWAALS    =        -1.5912
 EELEC  =      -159.0595  EGB     =       -22.0236  RESTRAINT  =         1.7931
 ESURF=         1.9406
 EAMBER (non-restraint)  =        -4.1611
 ------------------------------------------------------------------------------

 NMR restraints: Bond =    0.000   Angle =     0.000   Torsion =     1.793
===============================================================================

 NSTEP =   145000   TIME(PS) =    2290.000  TEMP(K) =   356.14  PRESS =     0.0
 Etot   =        25.3847  EKtot   =        27.9547  EPtot      =        -2.5700
 BOND   =         4.2580  ANGLE   =        10.7723  DIHED      =        31.5293
 1-4 NB =         5.4204  1-4 EEL =       125.2469  VDWAALS    =        -3.5078
 EELEC  =      -158.1165  EGB     =       -20.1444  RESTRAINT  =         0.0670
 ESURF=         1.9048
 EAMBER (non-restraint)  =        -2.6369
 ------------------------------------------------------------------------------

 NMR restraints: Bond =    0.000   Angle =     0.000   Torsion =     0.067
===============================================================================
| RE_POSITION Moving by   6.638944  5.250815  1.878396

 NSTEP =   150000   TIME(PS) =    2300.000  TEMP(K) =   363.59  PRESS =     0.0
 Etot   =        29.8526  EKtot   =        28.5394  EPtot      =         1.3131
 BOND   =         4.4944  ANGLE   =        14.5935  DIHED      =        32.6298
 1-4 NB =         5.0298  1-4 EEL =       120.1271  VDWAALS    =        -3.6139
 EELEC  =      -152.0999  EGB     =       -22.3763  RESTRAINT  =         0.5376
 ESURF=         1.9912
 EAMBER (non-restraint)  =         0.7756
 ------------------------------------------------------------------------------

 NMR restraints: Bond =    0.000   Angle =     0.000   Torsion =     0.538
===============================================================================

 NSTEP =   155000   TIME(PS) =    2310.000  TEMP(K) =   290.77  PRESS =     0.0
 Etot   =        25.4969  EKtot   =        22.8234  EPtot      =         2.6734
 BOND   =         8.5384  ANGLE   =        14.8098  DIHED      =        30.4925
 1-4 NB =         4.4517  1-4 EEL =       115.2497  VDWAALS    =        -3.6061
 EELEC  =      -147.9093  EGB     =       -23.4190  RESTRAINT  =         2.0544
 ESURF=         2.0112
 EAMBER (non-restraint)  =         0.6190
 ------------------------------------------------------------------------------

 NMR restraints: Bond =    0.000   Angle =     0.000   Torsion =     2.054
===============================================================================
| RE_POSITION Moving by   1.409937  3.007051  1.844648

 NSTEP =   160000   TIME(PS) =    2320.000  TEMP(K) =   385.00  PRESS =     0.0
 Etot   =        32.2945  EKtot   =        30.2200  EPtot      =         2.0745
 BOND   =         2.7652  ANGLE   =        17.3171  DIHED      =        30.1776
 1-4 NB =         6.8439  1-4 EEL =       125.2813  VDWAALS    =        -3.0226
 EELEC  =      -158.2191  EGB     =       -21.2258  RESTRAINT  =         0.1825
 ESURF=         1.9744
 EAMBER (non-restraint)  =         1.8920
 ------------------------------------------------------------------------------

 NMR restraints: Bond =    0.000   Angle =     0.000   Torsion =     0.183
===============================================================================

 NSTEP =   165000   TIME(PS) =    2330.000  TEMP(K) =   281.89  PRESS =     0.0
 Etot   =        20.8953  EKtot   =        22.1266  EPtot      =        -1.2313
 BOND   =         3.3027  ANGLE   =        18.6231  DIHED      =        28.1303
 1-4 NB =         4.4898  1-4 EEL =       116.4900  VDWAALS    =        -3.9075
 EELEC  =      -149.1699  EGB     =       -23.0310  RESTRAINT  =         1.8853
 ESURF=         1.9558
 EAMBER (non-restraint)  =        -3.1166
 ------------------------------------------------------------------------------

 NMR restraints: Bond =    0.000   Angle =     0.000   Torsion =     1.885
===============================================================================
| RE_POSITION Moving by  -4.801973  3.038864  1.665932

 NSTEP =   170000   TIME(PS) =    2340.000  TEMP(K) =   273.74  PRESS =     0.0
 Etot   =        19.0436  EKtot   =        21.4868  EPtot      =        -2.4432
 BOND   =         6.8544  ANGLE   =        14.6809  DIHED      =        29.0179
 1-4 NB =         4.4555  1-4 EEL =       119.4213  VDWAALS    =        -4.0542
 EELEC  =      -153.1723  EGB     =       -22.7374  RESTRAINT  =         1.1413
 ESURF=         1.9494
 EAMBER (non-restraint)  =        -3.5845
 ------------------------------------------------------------------------------

 NMR restraints: Bond =    0.000   Angle =     0.000   Torsion =     1.141
===============================================================================

 NSTEP =   175000   TIME(PS) =    2350.000  TEMP(K) =   319.46  PRESS =     0.0
 Etot   =        20.6049  EKtot   =        25.0760  EPtot      =        -4.4710
 BOND   =         6.9812  ANGLE   =         9.1205  DIHED      =        33.3371
 1-4 NB =         4.3060  1-4 EEL =       120.4368  VDWAALS    =        -3.1656
 EELEC  =      -157.2246  EGB     =       -20.1983  RESTRAINT  =         0.0047
 ESURF=         1.9312
 EAMBER (non-restraint)  =        -4.4758
 ------------------------------------------------------------------------------

 NMR restraints: Bond =    0.000   Angle =     0.000   Torsion =     0.005
===============================================================================
| RE_POSITION Moving by   1.287240 -2.084062-10.851209

 NSTEP =   180000   TIME(PS) =    2360.000  TEMP(K) =   317.37  PRESS =     0.0
 Etot   =        19.4822  EKtot   =        24.9118  EPtot      =        -5.4296
 BOND   =         6.7701  ANGLE   =        15.4162  DIHED      =        26.1995
 1-4 NB =         3.1064  1-4 EEL =       122.9656  VDWAALS    =        -4.3210
 EELEC  =      -156.4332  EGB     =       -22.0139  RESTRAINT  =         0.9297
 ESURF=         1.9510
 EAMBER (non-restraint)  =        -6.3593
 ------------------------------------------------------------------------------

 NMR restraints: Bond =    0.000   Angle =     0.000   Torsion =     0.930
===============================================================================

 NSTEP =   185000   TIME(PS) =    2370.000  TEMP(K) =   248.95  PRESS =     0.0
 Etot   =        23.0382  EKtot   =        19.5413  EPtot      =         3.4969
 BOND   =        11.6430  ANGLE   =        12.8193  DIHED      =        31.3696
 1-4 NB =         4.5697  1-4 EEL =       122.8181  VDWAALS    =        -4.0976
 EELEC  =      -154.6935  EGB     =       -22.9242  RESTRAINT  =         0.0266
 ESURF=         1.9659
 EAMBER (non-restraint)  =         3.4703
 ------------------------------------------------------------------------------

 NMR restraints: Bond =    0.000   Angle =     0.000   Torsion =     0.027
===============================================================================
| RE_POSITION Moving by   0.767677 11.504582 -4.769592

 NSTEP =   190000   TIME(PS) =    2380.000  TEMP(K) =   338.00  PRESS =     0.0
 Etot   =        25.5356  EKtot   =        26.5311  EPtot      =        -0.9955
 BOND   =         7.8069  ANGLE   =        10.4330  DIHED      =        30.5278
 1-4 NB =         6.0337  1-4 EEL =       125.2278  VDWAALS    =        -3.0635
 EELEC  =      -159.6524  EGB     =       -21.3371  RESTRAINT  =         1.1055
 ESURF=         1.9228
 EAMBER (non-restraint)  =        -2.1010
 ------------------------------------------------------------------------------

 NMR restraints: Bond =    0.000   Angle =     0.000   Torsion =     1.105
===============================================================================

 NSTEP =   195000   TIME(PS) =    2390.000  TEMP(K) =   240.30  PRESS =     0.0
 Etot   =        14.9984  EKtot   =        18.8619  EPtot      =        -3.8634
 BOND   =         4.9787  ANGLE   =        12.0662  DIHED      =        29.9636
 1-4 NB =         5.5677  1-4 EEL =       123.5295  VDWAALS    =        -4.1047
 EELEC  =      -156.6562  EGB     =       -22.7638  RESTRAINT  =         1.5873
 ESURF=         1.9682
 EAMBER (non-restraint)  =        -5.4507
 ------------------------------------------------------------------------------

 NMR restraints: Bond =    0.000   Angle =     0.000   Torsion =     1.587
===============================================================================
| RE_POSITION Moving by   1.057530  9.493603  5.082261

 NSTEP =   200000   TIME(PS) =    2400.000  TEMP(K) =   288.16  PRESS =     0.0
 Etot   =        17.7852  EKtot   =        22.6187  EPtot      =        -4.8334
 BOND   =         5.2467  ANGLE   =        15.8599  DIHED      =        27.5437
 1-4 NB =         4.4173  1-4 EEL =       124.4837  VDWAALS    =        -4.5018
 EELEC  =      -157.1763  EGB     =       -22.6919  RESTRAINT  =         0.0448
 ESURF=         1.9406
 EAMBER (non-restraint)  =        -4.8782
 ------------------------------------------------------------------------------

 NMR restraints: Bond =    0.000   Angle =     0.000   Torsion =     0.045
===============================================================================

 NSTEP =   205000   TIME(PS) =    2410.000  TEMP(K) =   309.38  PRESS =     0.0
 Etot   =        16.1929  EKtot   =        24.2844  EPtot      =        -8.0915
 BOND   =         4.1854  ANGLE   =        12.1005  DIHED      =        27.6700
 1-4 NB =         3.2545  1-4 EEL =       119.9252  VDWAALS    =        -3.0744
 EELEC  =      -150.1475  EGB     =       -24.3781  RESTRAINT  =         0.3667
 ESURF=         2.0062
 EAMBER (non-restraint)  =        -8.4582
 ------------------------------------------------------------------------------

 NMR restraints: Bond =    0.000   Angle =     0.000   Torsion =     0.367
===============================================================================
| RE_POSITION Moving by   6.927401 -6.244060  4.107426

 NSTEP =   210000   TIME(PS) =    2420.000  TEMP(K) =   472.95  PRESS =     0.0
 Etot   =        37.0163  EKtot   =        37.1240  EPtot      =        -0.1076
 BOND   =         3.3163  ANGLE   =        19.8520  DIHED      =        28.5087
 1-4 NB =         4.5535  1-4 EEL =       115.1546  VDWAALS    =        -4.2970
 EELEC  =      -146.6107  EGB     =       -23.0973  RESTRAINT  =         0.5376
 ESURF=         1.9746
 EAMBER (non-restraint)  =        -0.6452
 ------------------------------------------------------------------------------

 NMR restraints: Bond =    0.000   Angle =     0.000   Torsion =     0.538
===============================================================================

 NSTEP =   215000   TIME(PS) =    2430.000  TEMP(K) =   279.96  PRESS =     0.0
 Etot   =        21.3932  EKtot   =        21.9751  EPtot      =        -0.5819
 BOND   =         7.2542  ANGLE   =        14.3520  DIHED      =        29.2585
 1-4 NB =         5.2230  1-4 EEL =       120.4191  VDWAALS    =        -0.9419
 EELEC  =      -157.0845  EGB     =       -21.3847  RESTRAINT  =         0.3835
 ESURF=         1.9388
 EAMBER (non-restraint)  =        -0.9654
 ------------------------------------------------------------------------------

 NMR restraints: Bond =    0.000   Angle =     0.000   Torsion =     0.384
===============================================================================
| RE_POSITION Moving by   1.231056 -3.944764 -3.410082

 NSTEP =   220000   TIME(PS) =    2440.000  TEMP(K) =   291.91  PRESS =     0.0
 Etot   =        18.0525  EKtot   =        22.9130  EPtot      =        -4.8605
 BOND   =         4.5120  ANGLE   =        10.4332  DIHED      =        26.2864
 1-4 NB =         5.1894  1-4 EEL =       118.2244  VDWAALS    =        -2.8405
 EELEC  =      -149.7326  EGB     =       -22.0481  RESTRAINT  =         3.1183
 ESURF=         1.9970
 EAMBER (non-restraint)  =        -7.9788
 ------------------------------------------------------------------------------

 NMR restraints: Bond =    0.000   Angle =     0.000   Torsion =     3.118
===============================================================================

 NSTEP =   225000   TIME(PS) =    2450.000  TEMP(K) =   245.38  PRESS =     0.0
 Etot   =        12.0205  EKtot   =        19.2610  EPtot      =        -7.2405
 BOND   =         1.8398  ANGLE   =        10.4194  DIHED      =        33.2788
 1-4 NB =         4.5846  1-4 EEL =       119.9194  VDWAALS    =        -4.0828
 EELEC  =      -153.3291  EGB     =       -21.8019  RESTRAINT  =         0.0043
 ESURF=         1.9271
 EAMBER (non-restraint)  =        -7.2448
 ------------------------------------------------------------------------------

 NMR restraints: Bond =    0.000   Angle =     0.000   Torsion =     0.004
===============================================================================
| RE_POSITION Moving by   9.335023 -3.291901-15.913273

 NSTEP =   230000   TIME(PS) =    2460.000  TEMP(K) =   254.51  PRESS =     0.0
 Etot   =        16.6663  EKtot   =        19.9772  EPtot      =        -3.3109
 BOND   =         6.0971  ANGLE   =        11.2457  DIHED      =        26.8984
 1-4 NB =         5.0138  1-4 EEL =       120.8822  VDWAALS    =        -2.5843
 EELEC  =      -149.4822  EGB     =       -24.1374  RESTRAINT  =         0.7474
 ESURF=         2.0086
 EAMBER (non-restraint)  =        -4.0582
 ------------------------------------------------------------------------------

 NMR restraints: Bond =    0.000   Angle =     0.000   Torsion =     0.747
===============================================================================

 NSTEP =   235000   TIME(PS) =    2470.000  TEMP(K) =   322.76  PRESS =     0.0
 Etot   =        31.0561  EKtot   =        25.3346  EPtot      =         5.7215
 BOND   =         7.1691  ANGLE   =        18.8740  DIHED      =        29.2861
 1-4 NB =         4.8787  1-4 EEL =       122.6535  VDWAALS    =        -3.2419
 EELEC  =      -154.2353  EGB     =       -21.6805  RESTRAINT  =         0.0081
 ESURF=         2.0096
 EAMBER (non-restraint)  =         5.7134
 ------------------------------------------------------------------------------

 NMR restraints: Bond =    0.000   Angle =     0.000   Torsion =     0.008
===============================================================================
| RE_POSITION Moving by  -0.307390  5.254490  2.220130

 NSTEP =   240000   TIME(PS) =    2480.000  TEMP(K) =   251.61  PRESS =     0.0
 Etot   =        11.3630  EKtot   =        19.7503  EPtot      =        -8.3873
 BOND   =         3.5106  ANGLE   =        12.5364  DIHED      =        28.3855
 1-4 NB =         4.2923  1-4 EEL =       116.9564  VDWAALS    =        -3.6544
 EELEC  =      -146.7307  EGB     =       -25.7445  RESTRAINT  =         0.0768
 ESURF=         1.9843
 EAMBER (non-restraint)  =        -8.4641
 ------------------------------------------------------------------------------

 NMR restraints: Bond =    0.000   Angle =     0.000   Torsion =     0.077
===============================================================================

 NSTEP =   245000   TIME(PS) =    2490.000  TEMP(K) =   300.24  PRESS =     0.0
 Etot   =        19.5598  EKtot   =        23.5670  EPtot      =        -4.0071
 BOND   =         4.3817  ANGLE   =        12.2161  DIHED      =        28.6885
 1-4 NB =         5.1476  1-4 EEL =       119.3392  VDWAALS    =        -3.0658
 EELEC  =      -148.8250  EGB     =       -24.0929  RESTRAINT  =         0.2291
 ESURF=         1.9744
 EAMBER (non-restraint)  =        -4.2362
 ------------------------------------------------------------------------------

 NMR restraints: Bond =    0.000   Angle =     0.000   Torsion =     0.229
===============================================================================
| RE_POSITION Moving by   2.740444 -3.667196  3.566810

 NSTEP =   250000   TIME(PS) =    2500.000  TEMP(K) =   276.19  PRESS =     0.0
 Etot   =        23.9424  EKtot   =        21.6794  EPtot      =         2.2630
 BOND   =         6.8835  ANGLE   =        14.0481  DIHED      =        31.7100
 1-4 NB =         4.3248  1-4 EEL =       118.8155  VDWAALS    =        -3.3039
 EELEC  =      -147.1244  EGB     =       -25.4127  RESTRAINT  =         0.3240
 ESURF=         1.9981
 EAMBER (non-restraint)  =         1.9390
 ------------------------------------------------------------------------------

 NMR restraints: Bond =    0.000   Angle =     0.000   Torsion =     0.324
===============================================================================

 NSTEP =   255000   TIME(PS) =    2510.000  TEMP(K) =   260.29  PRESS =     0.0
 Etot   =        15.3878  EKtot   =        20.4316  EPtot      =        -5.0438
 BOND   =         4.5963  ANGLE   =        13.5815  DIHED      =        28.1371
 1-4 NB =         4.3374  1-4 EEL =       120.1185  VDWAALS    =        -3.6112
 EELEC  =      -151.5846  EGB     =       -23.0816  RESTRAINT  =         0.5044
 ESURF=         1.9584
 EAMBER (non-restraint)  =        -5.5481
 ------------------------------------------------------------------------------

 NMR restraints: Bond =    0.000   Angle =     0.000   Torsion =     0.504
===============================================================================
| RE_POSITION Moving by  -2.374523 10.179065  5.260624

 NSTEP =   260000   TIME(PS) =    2520.000  TEMP(K) =   290.26  PRESS =     0.0
 Etot   =        20.4326  EKtot   =        22.7837  EPtot      =        -2.3511
 BOND   =         5.3290  ANGLE   =        13.2182  DIHED      =        31.5762
 1-4 NB =         5.0597  1-4 EEL =       117.6385  VDWAALS    =        -3.8788
 EELEC  =      -149.2715  EGB     =       -23.9904  RESTRAINT  =         0.0101
 ESURF=         1.9579
 EAMBER (non-restraint)  =        -2.3612
 ------------------------------------------------------------------------------

 NMR restraints: Bond =    0.000   Angle =     0.000   Torsion =     0.010
===============================================================================

 NSTEP =   265000   TIME(PS) =    2530.000  TEMP(K) =   289.99  PRESS =     0.0
 Etot   =        18.1073  EKtot   =        22.7625  EPtot      =        -4.6552
 BOND   =         3.4848  ANGLE   =        12.3591  DIHED      =        30.1612
 1-4 NB =         4.6930  1-4 EEL =       120.5673  VDWAALS    =        -3.8506
 EELEC  =      -151.0845  EGB     =       -22.9704  RESTRAINT  =         0.0179
 ESURF=         1.9669
 EAMBER (non-restraint)  =        -4.6732
 ------------------------------------------------------------------------------

 NMR restraints: Bond =    0.000   Angle =     0.000   Torsion =     0.018
===============================================================================
| RE_POSITION Moving by   4.906930 -1.949763 -5.631223

 NSTEP =   270000   TIME(PS) =    2540.000  TEMP(K) =   305.34  PRESS =     0.0
 Etot   =        17.7280  EKtot   =        23.9676  EPtot      =        -6.2396
 BOND   =         6.6990  ANGLE   =        11.2703  DIHED      =        28.0593
 1-4 NB =         4.5010  1-4 EEL =       120.5709  VDWAALS    =        -3.6460
 EELEC  =      -152.9576  EGB     =       -22.7371  RESTRAINT  =         0.0012
 ESURF=         1.9995
 EAMBER (non-restraint)  =        -6.2408
 ------------------------------------------------------------------------------

 NMR restraints: Bond =    0.000   Angle =     0.000   Torsion =     0.001
===============================================================================

 NSTEP =   275000   TIME(PS) =    2550.000  TEMP(K) =   245.47  PRESS =     0.0
 Etot   =        18.1964  EKtot   =        19.2681  EPtot      =        -1.0717
 BOND   =         6.8952  ANGLE   =        16.5264  DIHED      =        27.5995
 1-4 NB =         4.8914  1-4 EEL =       113.2998  VDWAALS    =        -4.8599
 EELEC  =      -143.8570  EGB     =       -24.5128  RESTRAINT  =         1.0535
 ESURF=         1.8921
 EAMBER (non-restraint)  =        -2.1252
 ------------------------------------------------------------------------------

 NMR restraints: Bond =    0.000   Angle =     0.000   Torsion =     1.054
===============================================================================
| RE_POSITION Moving by   3.967410 -0.013699 -1.684074

 NSTEP =   280000   TIME(PS) =    2560.000  TEMP(K) =   314.96  PRESS =     0.0
 Etot   =        19.8949  EKtot   =        24.7225  EPtot      =        -4.8276
 BOND   =         3.2729  ANGLE   =        13.8416  DIHED      =        28.7820
 1-4 NB =         5.2242  1-4 EEL =       117.7552  VDWAALS    =        -4.6776
 EELEC  =      -148.7751  EGB     =       -22.4481  RESTRAINT  =         0.3004
 ESURF=         1.8969
 EAMBER (non-restraint)  =        -5.1280
 ------------------------------------------------------------------------------

 NMR restraints: Bond =    0.000   Angle =     0.000   Torsion =     0.300
===============================================================================

 NSTEP =   285000   TIME(PS) =    2570.000  TEMP(K) =   303.38  PRESS =     0.0
 Etot   =        23.7158  EKtot   =        23.8138  EPtot      =        -0.0981
 BOND   =         4.1080  ANGLE   =        14.6368  DIHED      =        28.8167
 1-4 NB =         6.1385  1-4 EEL =       112.2425  VDWAALS    =        -2.4592
 EELEC  =      -139.6563  EGB     =       -26.0250  RESTRAINT  =         0.0778
 ESURF=         2.0222
 EAMBER (non-restraint)  =        -0.1759
 ------------------------------------------------------------------------------

 NMR restraints: Bond =    0.000   Angle =     0.000   Torsion =     0.078
===============================================================================
| RE_POSITION Moving by -15.272243  3.450289  2.278253

 NSTEP =   290000   TIME(PS) =    2580.000  TEMP(K) =   221.26  PRESS =     0.0
 Etot   =        13.9126  EKtot   =        17.3679  EPtot      =        -3.4553
 BOND   =         4.7944  ANGLE   =        11.9677  DIHED      =        32.5764
 1-4 NB =         5.1563  1-4 EEL =       122.6102  VDWAALS    =        -5.3596
 EELEC  =      -153.9737  EGB     =       -23.0809  RESTRAINT  =         0.0397
 ESURF=         1.8143
 EAMBER (non-restraint)  =        -3.4950
 ------------------------------------------------------------------------------

 NMR restraints: Bond =    0.000   Angle =     0.000   Torsion =     0.040
===============================================================================

 NSTEP =   295000   TIME(PS) =    2590.000  TEMP(K) =   248.49  PRESS =     0.0
 Etot   =        17.4378  EKtot   =        19.5052  EPtot      =        -2.0673
 BOND   =         4.0834  ANGLE   =        15.1147  DIHED      =        29.8605
 1-4 NB =         6.0451  1-4 EEL =       119.0411  VDWAALS    =        -5.0148
 EELEC  =      -150.9091  EGB     =       -22.7873  RESTRAINT  =         0.6238
 ESURF=         1.8754
 EAMBER (non-restraint)  =        -2.6911
 ------------------------------------------------------------------------------

 NMR restraints: Bond =    0.000   Angle =     0.000   Torsion =     0.624
===============================================================================
| RE_POSITION Moving by  -2.636450  2.526085 -0.725898

 NSTEP =   300000   TIME(PS) =    2600.000  TEMP(K) =   274.78  PRESS =     0.0
 Etot   =        27.6162  EKtot   =        21.5686  EPtot      =         6.0475
 BOND   =        10.1708  ANGLE   =        16.7196  DIHED      =        32.8441
 1-4 NB =         4.3816  1-4 EEL =       117.5572  VDWAALS    =        -4.1535
 EELEC  =      -149.9576  EGB     =       -23.4668  RESTRAINT  =         0.0460
 ESURF=         1.9062
 EAMBER (non-restraint)  =         6.0015
 ------------------------------------------------------------------------------

 NMR restraints: Bond =    0.000   Angle =     0.000   Torsion =     0.046
===============================================================================

 NSTEP =   305000   TIME(PS) =    2610.000  TEMP(K) =   274.11  PRESS =     0.0
 Etot   =        17.7404  EKtot   =        21.5160  EPtot      =        -3.7756
 BOND   =         8.3302  ANGLE   =        11.6721  DIHED      =        28.2508
 1-4 NB =         4.5453  1-4 EEL =       119.3550  VDWAALS    =        -4.7017
 EELEC  =      -150.3344  EGB     =       -23.0490  RESTRAINT  =         0.2853
 ESURF=         1.8707
 EAMBER (non-restraint)  =        -4.0609
 ------------------------------------------------------------------------------

 NMR restraints: Bond =    0.000   Angle =     0.000   Torsion =     0.285
===============================================================================
| RE_POSITION Moving by  -0.533061 -0.464161 -8.012155

 NSTEP =   310000   TIME(PS) =    2620.000  TEMP(K) =   264.25  PRESS =     0.0
 Etot   =        22.0808  EKtot   =        20.7417  EPtot      =         1.3391
 BOND   =         7.0431  ANGLE   =        15.5915  DIHED      =        30.7077
 1-4 NB =         5.7593  1-4 EEL =       117.8040  VDWAALS    =        -4.2375
 EELEC  =      -151.8589  EGB     =       -21.5010  RESTRAINT  =         0.1406
 ESURF=         1.8902
 EAMBER (non-restraint)  =         1.1986
 ------------------------------------------------------------------------------

 NMR restraints: Bond =    0.000   Angle =     0.000   Torsion =     0.141
===============================================================================

 NSTEP =   315000   TIME(PS) =    2630.000  TEMP(K) =   361.78  PRESS =     0.0
 Etot   =        23.1322  EKtot   =        28.3973  EPtot      =        -5.2652
 BOND   =         6.9136  ANGLE   =        12.2212  DIHED      =        27.6596
 1-4 NB =         6.8583  1-4 EEL =       117.8909  VDWAALS    =        -5.1114
 EELEC  =      -154.0033  EGB     =       -20.2293  RESTRAINT  =         0.6929
 ESURF=         1.8423
 EAMBER (non-restraint)  =        -5.9581
 ------------------------------------------------------------------------------

 NMR restraints: Bond =    0.000   Angle =     0.000   Torsion =     0.693
===============================================================================
| RE_POSITION Moving by   0.074582  2.443934  4.466933

 NSTEP =   320000   TIME(PS) =    2640.000  TEMP(K) =   355.37  PRESS =     0.0
 Etot   =        26.9595  EKtot   =        27.8946  EPtot      =        -0.9351
 BOND   =         3.7591  ANGLE   =        17.0699  DIHED      =        29.6093
 1-4 NB =         5.8588  1-4 EEL =       122.9973  VDWAALS    =        -6.0209
 EELEC  =      -157.2630  EGB     =       -19.6767  RESTRAINT  =         0.8945
 ESURF=         1.8366
 EAMBER (non-restraint)  =        -1.8296
 ------------------------------------------------------------------------------

 NMR restraints: Bond =    0.000   Angle =     0.000   Torsion =     0.894
===============================================================================

 NSTEP =   325000   TIME(PS) =    2650.000  TEMP(K) =   248.56  PRESS =     0.0
 Etot   =        11.5973  EKtot   =        19.5107  EPtot      =        -7.9134
 BOND   =         4.6499  ANGLE   =        11.3809  DIHED      =        28.1468
 1-4 NB =         5.7306  1-4 EEL =       115.1871  VDWAALS    =        -4.4247
 EELEC  =      -148.7833  EGB     =       -21.6847  RESTRAINT  =         0.0036
 ESURF=         1.8803
 EAMBER (non-restraint)  =        -7.9169
 ------------------------------------------------------------------------------

 NMR restraints: Bond =    0.000   Angle =     0.000   Torsion =     0.004
===============================================================================
| RE_POSITION Moving by   2.280040 -2.208851 -5.027953

 NSTEP =   330000   TIME(PS) =    2660.000  TEMP(K) =   238.06  PRESS =     0.0
 Etot   =        17.7703  EKtot   =        18.6863  EPtot      =        -0.9160
 BOND   =         4.5182  ANGLE   =        13.6428  DIHED      =        29.4353
 1-4 NB =         5.4849  1-4 EEL =       119.0210  VDWAALS    =        -2.5871
 EELEC  =      -152.6755  EGB     =       -21.0946  RESTRAINT  =         1.4818
 ESURF=         1.8571
 EAMBER (non-restraint)  =        -2.3978
 ------------------------------------------------------------------------------

 NMR restraints: Bond =    0.000   Angle =     0.000   Torsion =     1.482
===============================================================================

 NSTEP =   335000   TIME(PS) =    2670.000  TEMP(K) =   264.45  PRESS =     0.0
 Etot   =        18.6332  EKtot   =        20.7580  EPtot      =        -2.1248
 BOND   =         3.6789  ANGLE   =        15.4537  DIHED      =        29.9544
 1-4 NB =         6.6588  1-4 EEL =       117.1285  VDWAALS    =        -4.5297
 EELEC  =      -150.6609  EGB     =       -21.8243  RESTRAINT  =         0.1323
 ESURF=         1.8835
 EAMBER (non-restraint)  =        -2.2571
 ------------------------------------------------------------------------------

 NMR restraints: Bond =    0.000   Angle =     0.000   Torsion =     0.132
===============================================================================
| RE_POSITION Moving by   0.460466 -4.119755  1.508722

 NSTEP =   340000   TIME(PS) =    2680.000  TEMP(K) =   309.15  PRESS =     0.0
 Etot   =        19.2886  EKtot   =        24.2661  EPtot      =        -4.9775
 BOND   =         8.8418  ANGLE   =         9.9991  DIHED      =        28.9094
 1-4 NB =         4.5874  1-4 EEL =       119.3817  VDWAALS    =        -5.7257
 EELEC  =      -150.0248  EGB     =       -23.3306  RESTRAINT  =         0.5209
 ESURF=         1.8631
 EAMBER (non-restraint)  =        -5.4985
 ------------------------------------------------------------------------------

 NMR restraints: Bond =    0.000   Angle =     0.000   Torsion =     0.521
===============================================================================

 NSTEP =   345000   TIME(PS) =    2690.000  TEMP(K) =   302.28  PRESS =     0.0
 Etot   =        17.2271  EKtot   =        23.7275  EPtot      =        -6.5004
 BOND   =         5.6039  ANGLE   =        11.1225  DIHED      =        27.4129
 1-4 NB =         6.9301  1-4 EEL =       119.5849  VDWAALS    =        -4.6851
 EELEC  =      -154.1004  EGB     =       -20.8616  RESTRAINT  =         0.6494
 ESURF=         1.8430
 EAMBER (non-restraint)  =        -7.1498
 ------------------------------------------------------------------------------

 NMR restraints: Bond =    0.000   Angle =     0.000   Torsion =     0.649
===============================================================================
| RE_POSITION Moving by   2.761325  6.788537  0.670548

 NSTEP =   350000   TIME(PS) =    2700.000  TEMP(K) =   344.56  PRESS =     0.0
 Etot   =        22.8024  EKtot   =        27.0461  EPtot      =        -4.2436
 BOND   =         2.6892  ANGLE   =        17.5456  DIHED      =        28.3900
 1-4 NB =         4.5702  1-4 EEL =       119.7017  VDWAALS    =        -5.0127
 EELEC  =      -151.4126  EGB     =       -22.5893  RESTRAINT  =         0.0154
 ESURF=         1.8587
 EAMBER (non-restraint)  =        -4.2591
 ------------------------------------------------------------------------------

 NMR restraints: Bond =    0.000   Angle =     0.000   Torsion =     0.015
===============================================================================

 NSTEP =   355000   TIME(PS) =    2710.000  TEMP(K) =   219.78  PRESS =     0.0
 Etot   =        13.1316  EKtot   =        17.2518  EPtot      =        -4.1202
 BOND   =         3.4366  ANGLE   =        13.6191  DIHED      =        29.7600
 1-4 NB =         7.2935  1-4 EEL =       117.1187  VDWAALS    =        -4.6243
 EELEC  =      -151.2882  EGB     =       -21.3282  RESTRAINT  =         0.0011
 ESURF=         1.8914
 EAMBER (non-restraint)  =        -4.1214
 ------------------------------------------------------------------------------

 NMR restraints: Bond =    0.000   Angle =     0.000   Torsion =     0.001
===============================================================================
| RE_POSITION Moving by   8.467436  9.693226 -5.876913

 NSTEP =   360000   TIME(PS) =    2720.000  TEMP(K) =   335.57  PRESS =     0.0
 Etot   =        28.1707  EKtot   =        26.3401  EPtot      =         1.8306
 BOND   =         6.4977  ANGLE   =        18.4988  DIHED      =        29.9838
 1-4 NB =         4.1122  1-4 EEL =       121.4521  VDWAALS    =        -5.3537
 EELEC  =      -155.0703  EGB     =       -21.3840  RESTRAINT  =         1.2589
 ESURF=         1.8352
 EAMBER (non-restraint)  =         0.5717
 ------------------------------------------------------------------------------

 NMR restraints: Bond =    0.000   Angle =     0.000   Torsion =     1.259
===============================================================================

 NSTEP =   365000   TIME(PS) =    2730.000  TEMP(K) =   215.95  PRESS =     0.0
 Etot   =        14.3920  EKtot   =        16.9506  EPtot      =        -2.5586
 BOND   =         5.4690  ANGLE   =        13.6682  DIHED      =        30.8911
 1-4 NB =         4.1135  1-4 EEL =       116.1474  VDWAALS    =        -3.6114
 EELEC  =      -150.4126  EGB     =       -21.4491  RESTRAINT  =         0.6767
 ESURF=         1.9487
 EAMBER (non-restraint)  =        -3.2352
 ------------------------------------------------------------------------------

 NMR restraints: Bond =    0.000   Angle =     0.000   Torsion =     0.677
===============================================================================
| RE_POSITION Moving by   6.543639  6.973967  0.761441

 NSTEP =   370000   TIME(PS) =    2740.000  TEMP(K) =   230.84  PRESS =     0.0
 Etot   =        12.5834  EKtot   =        18.1193  EPtot      =        -5.5359
 BOND   =         5.0943  ANGLE   =        12.4656  DIHED      =        26.7112
 1-4 NB =         6.2739  1-4 EEL =       118.2419  VDWAALS    =        -5.0921
 EELEC  =      -150.8026  EGB     =       -21.7774  RESTRAINT  =         1.4790
 ESURF=         1.8703
 EAMBER (non-restraint)  =        -7.0149
 ------------------------------------------------------------------------------

 NMR restraints: Bond =    0.000   Angle =     0.000   Torsion =     1.479
===============================================================================

 NSTEP =   375000   TIME(PS) =    2750.000  TEMP(K) =   332.05  PRESS =     0.0
 Etot   =        24.8392  EKtot   =        26.0640  EPtot      =        -1.2249
 BOND   =         4.0315  ANGLE   =        19.4614  DIHED      =        29.7332
 1-4 NB =         4.9671  1-4 EEL =       117.7244  VDWAALS    =        -3.8590
 EELEC  =      -154.1539  EGB     =       -21.1133  RESTRAINT  =         0.0360
 ESURF=         1.9477
 EAMBER (non-restraint)  =        -1.2609
 ------------------------------------------------------------------------------

 NMR restraints: Bond =    0.000   Angle =     0.000   Torsion =     0.036
===============================================================================
| RE_POSITION Moving by   9.000874  1.778014  0.432118

 NSTEP =   380000   TIME(PS) =    2760.000  TEMP(K) =   302.54  PRESS =     0.0
 Etot   =        26.0753  EKtot   =        23.7476  EPtot      =         2.3277
 BOND   =         9.5879  ANGLE   =        14.8633  DIHED      =        28.9378
 1-4 NB =         3.9323  1-4 EEL =       122.2462  VDWAALS    =        -3.2234
 EELEC  =      -152.4483  EGB     =       -23.8563  RESTRAINT  =         0.2779
 ESURF=         2.0102
 EAMBER (non-restraint)  =         2.0498
 ------------------------------------------------------------------------------

 NMR restraints: Bond =    0.000   Angle =     0.000   Torsion =     0.278
===============================================================================

 NSTEP =   385000   TIME(PS) =    2770.000  TEMP(K) =   366.02  PRESS =     0.0
 Etot   =        25.0887  EKtot   =        28.7300  EPtot      =        -3.6413
 BOND   =         6.7412  ANGLE   =        12.6618  DIHED      =        29.5916
 1-4 NB =         3.2774  1-4 EEL =       116.6286  VDWAALS    =        -3.5087
 EELEC  =      -148.1877  EGB     =       -23.8936  RESTRAINT  =         1.0392
 ESURF=         2.0089
 EAMBER (non-restraint)  =        -4.6805
 ------------------------------------------------------------------------------

 NMR restraints: Bond =    0.000   Angle =     0.000   Torsion =     1.039
===============================================================================
| RE_POSITION Moving by   3.629167  8.602192  1.261173

 NSTEP =   390000   TIME(PS) =    2780.000  TEMP(K) =   270.54  PRESS =     0.0
 Etot   =        22.1962  EKtot   =        21.2361  EPtot      =         0.9601
 BOND   =         4.2818  ANGLE   =        18.1982  DIHED      =        30.2600
 1-4 NB =         5.1775  1-4 EEL =       117.1735  VDWAALS    =        -2.6223
 EELEC  =      -150.6854  EGB     =       -22.7702  RESTRAINT  =         0.0003
 ESURF=         1.9468
 EAMBER (non-restraint)  =         0.9598
 ------------------------------------------------------------------------------

 NMR restraints: Bond =    0.000   Angle =     0.000   Torsion =     0.000
===============================================================================

 NSTEP =   395000   TIME(PS) =    2790.000  TEMP(K) =   348.60  PRESS =     0.0
 Etot   =        23.5505  EKtot   =        27.3630  EPtot      =        -3.8126
 BOND   =         5.1569  ANGLE   =        13.6834  DIHED      =        29.4746
 1-4 NB =         3.5073  1-4 EEL =       116.2879  VDWAALS    =        -3.8627
 EELEC  =      -147.7989  EGB     =       -22.7888  RESTRAINT  =         0.5386
 ESURF=         1.9892
 EAMBER (non-restraint)  =        -4.3512
 ------------------------------------------------------------------------------

 NMR restraints: Bond =    0.000   Angle =     0.000   Torsion =     0.539
===============================================================================
| RE_POSITION Moving by  -3.557976  4.487176 -1.578412

 NSTEP =   400000   TIME(PS) =    2800.000  TEMP(K) =   234.95  PRESS =     0.0
 Etot   =        16.6878  EKtot   =        18.4422  EPtot      =        -1.7543
 BOND   =         5.0938  ANGLE   =        14.4518  DIHED      =        27.8377
 1-4 NB =         4.6632  1-4 EEL =       119.2288  VDWAALS    =        -1.9570
 EELEC  =      -151.6081  EGB     =       -21.9309  RESTRAINT  =         0.4971
 ESURF=         1.9693
 EAMBER (non-restraint)  =        -2.2514
 ------------------------------------------------------------------------------

 NMR restraints: Bond =    0.000   Angle =     0.000   Torsion =     0.497
===============================================================================

 NSTEP =   405000   TIME(PS) =    2810.000  TEMP(K) =   309.21  PRESS =     0.0
 Etot   =        24.8756  EKtot   =        24.2711  EPtot      =         0.6045
 BOND   =         5.6899  ANGLE   =        15.6115  DIHED      =        30.0705
 1-4 NB =         4.4141  1-4 EEL =       117.8496  VDWAALS    =        -2.4509
 EELEC  =      -149.9574  EGB     =       -22.7133  RESTRAINT  =         0.0783
 ESURF=         2.0121
 EAMBER (non-restraint)  =         0.5261
 ------------------------------------------------------------------------------

 NMR restraints: Bond =    0.000   Angle =     0.000   Torsion =     0.078
===============================================================================
| RE_POSITION Moving by   2.090840  2.764995  8.443465

 NSTEP =   410000   TIME(PS) =    2820.000  TEMP(K) =   310.18  PRESS =     0.0
 Etot   =        25.0776  EKtot   =        24.3476  EPtot      =         0.7300
 BOND   =         5.5541  ANGLE   =        19.9002  DIHED      =        29.7533
 1-4 NB =         3.4504  1-4 EEL =       120.1334  VDWAALS    =        -3.8923
 EELEC  =      -150.1681  EGB     =       -26.1051  RESTRAINT  =         0.1008
 ESURF=         2.0032
 EAMBER (non-restraint)  =         0.6292
 ------------------------------------------------------------------------------

 NMR restraints: Bond =    0.000   Angle =     0.000   Torsion =     0.101
===============================================================================

 NSTEP =   415000   TIME(PS) =    2830.000  TEMP(K) =   404.45  PRESS =     0.0
 Etot   =        25.3995  EKtot   =        31.7467  EPtot      =        -6.3472
 BOND   =         2.4614  ANGLE   =        15.5347  DIHED      =        27.9426
 1-4 NB =         3.8043  1-4 EEL =       118.5051  VDWAALS    =        -3.9922
 EELEC  =      -150.9955  EGB     =       -22.7813  RESTRAINT  =         1.1905
 ESURF=         1.9833
 EAMBER (non-restraint)  =        -7.5377
 ------------------------------------------------------------------------------

 NMR restraints: Bond =    0.000   Angle =     0.000   Torsion =     1.191
===============================================================================
| RE_POSITION Moving by  -7.026265 -0.060171  3.500889

 NSTEP =   420000   TIME(PS) =    2840.000  TEMP(K) =   310.10  PRESS =     0.0
 Etot   =        24.8866  EKtot   =        24.3410  EPtot      =         0.5457
 BOND   =         2.4382  ANGLE   =        18.7711  DIHED      =        28.0070
 1-4 NB =         5.9014  1-4 EEL =       125.7389  VDWAALS    =        -3.0820
 EELEC  =      -155.8133  EGB     =       -23.4410  RESTRAINT  =         0.0397
 ESURF=         1.9856
 EAMBER (non-restraint)  =         0.5060
 ------------------------------------------------------------------------------

 NMR restraints: Bond =    0.000   Angle =     0.000   Torsion =     0.040
===============================================================================

 NSTEP =   425000   TIME(PS) =    2850.000  TEMP(K) =   269.52  PRESS =     0.0
 Etot   =        14.0435  EKtot   =        21.1560  EPtot      =        -7.1125
 BOND   =         1.9099  ANGLE   =        10.8304  DIHED      =        28.6653
 1-4 NB =         5.2424  1-4 EEL =       123.4693  VDWAALS    =        -3.4421
 EELEC  =      -153.1309  EGB     =       -23.6959  RESTRAINT  =         1.0578
 ESURF=         1.9814
 EAMBER (non-restraint)  =        -8.1703
 ------------------------------------------------------------------------------

 NMR restraints: Bond =    0.000   Angle =     0.000   Torsion =     1.058
===============================================================================
| RE_POSITION Moving by   3.522655 -3.191551 -8.270682

 NSTEP =   430000   TIME(PS) =    2860.000  TEMP(K) =   215.49  PRESS =     0.0
 Etot   =        14.4637  EKtot   =        16.9147  EPtot      =        -2.4511
 BOND   =         6.0986  ANGLE   =        14.1549  DIHED      =        28.4812
 1-4 NB =         4.5227  1-4 EEL =       121.4859  VDWAALS    =        -3.3017
 EELEC  =      -153.0271  EGB     =       -23.0532  RESTRAINT  =         0.1793
 ESURF=         2.0084
 EAMBER (non-restraint)  =        -2.6303
 ------------------------------------------------------------------------------

 NMR restraints: Bond =    0.000   Angle =     0.000   Torsion =     0.179
===============================================================================

 NSTEP =   435000   TIME(PS) =    2870.000  TEMP(K) =   271.88  PRESS =     0.0
 Etot   =        24.7060  EKtot   =        21.3410  EPtot      =         3.3651
 BOND   =         6.1637  ANGLE   =        17.9915  DIHED      =        29.3443
 1-4 NB =         6.2780  1-4 EEL =       118.4352  VDWAALS    =        -2.6024
 EELEC  =      -150.3221  EGB     =       -24.0939  RESTRAINT  =         0.2165
 ESURF=         1.9543
 EAMBER (non-restraint)  =         3.1485
 ------------------------------------------------------------------------------

 NMR restraints: Bond =    0.000   Angle =     0.000   Torsion =     0.217
===============================================================================
| RE_POSITION Moving by  -2.550412 -0.556896 -0.534644

 NSTEP =   440000   TIME(PS) =    2880.000  TEMP(K) =   264.42  PRESS =     0.0
 Etot   =        20.0457  EKtot   =        20.7551  EPtot      =        -0.7094
 BOND   =         5.2882  ANGLE   =        14.8532  DIHED      =        30.0191
 1-4 NB =         5.2709  1-4 EEL =       120.7563  VDWAALS    =        -2.9131
 EELEC  =      -150.6040  EGB     =       -25.6155  RESTRAINT  =         0.3016
 ESURF=         1.9340
 EAMBER (non-restraint)  =        -1.0111
 ------------------------------------------------------------------------------

 NMR restraints: Bond =    0.000   Angle =     0.000   Torsion =     0.302
===============================================================================

 NSTEP =   445000   TIME(PS) =    2890.000  TEMP(K) =   326.72  PRESS =     0.0
 Etot   =        23.6778  EKtot   =        25.6458  EPtot      =        -1.9681
 BOND   =         5.3140  ANGLE   =        13.8601  DIHED      =        29.4127
 1-4 NB =         4.8838  1-4 EEL =       121.0572  VDWAALS    =        -2.9572
 EELEC  =      -153.0066  EGB     =       -22.7532  RESTRAINT  =         0.2494
 ESURF=         1.9717
 EAMBER (non-restraint)  =        -2.2175
 ------------------------------------------------------------------------------

 NMR restraints: Bond =    0.000   Angle =     0.000   Torsion =     0.249
===============================================================================
| RE_POSITION Moving by  -0.134896 -6.626064  8.226786

 NSTEP =   450000   TIME(PS) =    2900.000  TEMP(K) =   450.95  PRESS =     0.0
 Etot   =        30.0515  EKtot   =        35.3972  EPtot      =        -5.3457
 BOND   =         4.6257  ANGLE   =        10.9307  DIHED      =        30.7744
 1-4 NB =         4.5574  1-4 EEL =       120.5698  VDWAALS    =        -4.3858
 EELEC  =      -152.2451  EGB     =       -22.1109  RESTRAINT  =         0.0188
 ESURF=         1.9194
 EAMBER (non-restraint)  =        -5.3645
 ------------------------------------------------------------------------------

 NMR restraints: Bond =    0.000   Angle =     0.000   Torsion =     0.019
===============================================================================

 NSTEP =   455000   TIME(PS) =    2910.000  TEMP(K) =   358.36  PRESS =     0.0
 Etot   =        24.1782  EKtot   =        28.1291  EPtot      =        -3.9509
 BOND   =         4.6743  ANGLE   =        12.9333  DIHED      =        28.0608
 1-4 NB =         5.2756  1-4 EEL =       118.1772  VDWAALS    =        -3.2522
 EELEC  =      -149.8523  EGB     =       -23.0489  RESTRAINT  =         1.1015
 ESURF=         1.9797
 EAMBER (non-restraint)  =        -5.0524
 ------------------------------------------------------------------------------

 NMR restraints: Bond =    0.000   Angle =     0.000   Torsion =     1.101
===============================================================================
| RE_POSITION Moving by  -4.514539  0.096891  5.408200

 NSTEP =   460000   TIME(PS) =    2920.000  TEMP(K) =   251.03  PRESS =     0.0
 Etot   =        18.4688  EKtot   =        19.7040  EPtot      =        -1.2352
 BOND   =         5.7632  ANGLE   =        14.3944  DIHED      =        32.8111
 1-4 NB =         3.9291  1-4 EEL =       120.6181  VDWAALS    =        -3.6721
 EELEC  =      -155.4278  EGB     =       -21.6410  RESTRAINT  =         0.0148
 ESURF=         1.9750
 EAMBER (non-restraint)  =        -1.2501
 ------------------------------------------------------------------------------

 NMR restraints: Bond =    0.000   Angle =     0.000   Torsion =     0.015
===============================================================================

 NSTEP =   465000   TIME(PS) =    2930.000  TEMP(K) =   260.19  PRESS =     0.0
 Etot   =        22.1486  EKtot   =        20.4230  EPtot      =         1.7257
 BOND   =         8.2134  ANGLE   =        14.2915  DIHED      =        31.5013
 1-4 NB =         3.5325  1-4 EEL =       121.2411  VDWAALS    =        -3.4839
 EELEC  =      -151.1284  EGB     =       -24.5484  RESTRAINT  =         0.1124
 ESURF=         1.9941
 EAMBER (non-restraint)  =         1.6132
 ------------------------------------------------------------------------------

 NMR restraints: Bond =    0.000   Angle =     0.000   Torsion =     0.112
===============================================================================
| RE_POSITION Moving by   4.261742  2.798705 -2.168867

 NSTEP =   470000   TIME(PS) =    2940.000  TEMP(K) =   410.83  PRESS =     0.0
 Etot   =        30.4464  EKtot   =        32.2481  EPtot      =        -1.8017
 BOND   =         8.0056  ANGLE   =        14.4860  DIHED      =        27.1406
 1-4 NB =         4.4659  1-4 EEL =       118.9817  VDWAALS    =        -2.2959
 EELEC  =      -150.7800  EGB     =       -23.8608  RESTRAINT  =         0.0683
 ESURF=         1.9870
 EAMBER (non-restraint)  =        -1.8700
 ------------------------------------------------------------------------------

 NMR restraints: Bond =    0.000   Angle =     0.000   Torsion =     0.068
===============================================================================

 NSTEP =   475000   TIME(PS) =    2950.000  TEMP(K) =   279.66  PRESS =     0.0
 Etot   =        14.1951  EKtot   =        21.9513  EPtot      =        -7.7562
 BOND   =         4.1339  ANGLE   =         8.5827  DIHED      =        28.5202
 1-4 NB =         5.4925  1-4 EEL =       121.8112  VDWAALS    =        -2.9936
 EELEC  =      -149.5225  EGB     =       -26.0225  RESTRAINT  =         0.2635
 ESURF=         1.9787
 EAMBER (non-restraint)  =        -8.0197
 ------------------------------------------------------------------------------

 NMR restraints: Bond =    0.000   Angle =     0.000   Torsion =     0.263
===============================================================================
| RE_POSITION Moving by  -5.250627  2.341197 -2.237972

 NSTEP =   480000   TIME(PS) =    2960.000  TEMP(K) =   253.79  PRESS =     0.0
 Etot   =        15.0120  EKtot   =        19.9208  EPtot      =        -4.9088
 BOND   =         4.8295  ANGLE   =        14.9472  DIHED      =        26.8685
 1-4 NB =         3.8859  1-4 EEL =       119.0653  VDWAALS    =        -3.6463
 EELEC  =      -153.0521  EGB     =       -22.8790  RESTRAINT  =         3.1072
 ESURF=         1.9649
 EAMBER (non-restraint)  =        -8.0160
 ------------------------------------------------------------------------------

 NMR restraints: Bond =    0.000   Angle =     0.000   Torsion =     3.107
===============================================================================

 NSTEP =   485000   TIME(PS) =    2970.000  TEMP(K) =   274.25  PRESS =     0.0
 Etot   =        16.1450  EKtot   =        21.5273  EPtot      =        -5.3823
 BOND   =         5.3492  ANGLE   =        14.3159  DIHED      =        28.7031
 1-4 NB =         3.0797  1-4 EEL =       119.6737  VDWAALS    =        -3.7706
 EELEC  =      -150.1047  EGB     =       -24.6064  RESTRAINT  =         0.0004
 ESURF=         1.9774
 EAMBER (non-restraint)  =        -5.3828
 ------------------------------------------------------------------------------

 NMR restraints: Bond =    0.000   Angle =     0.000   Torsion =     0.000
===============================================================================
| RE_POSITION Moving by  -5.204681  5.243227 -2.672854

 NSTEP =   490000   TIME(PS) =    2980.000  TEMP(K) =   256.09  PRESS =     0.0
 Etot   =        16.7519  EKtot   =        20.1014  EPtot      =        -3.3495
 BOND   =         3.7417  ANGLE   =        15.7704  DIHED      =        29.4096
 1-4 NB =         4.1078  1-4 EEL =       116.6874  VDWAALS    =        -3.9441
 EELEC  =      -146.5011  EGB     =       -24.8664  RESTRAINT  =         0.2436
 ESURF=         2.0016
 EAMBER (non-restraint)  =        -3.5931
 ------------------------------------------------------------------------------

 NMR restraints: Bond =    0.000   Angle =     0.000   Torsion =     0.244
===============================================================================

 NSTEP =   495000   TIME(PS) =    2990.000  TEMP(K) =   225.57  PRESS =     0.0
 Etot   =        14.4923  EKtot   =        17.7057  EPtot      =        -3.2135
 BOND   =         2.5455  ANGLE   =        14.5643  DIHED      =        30.6820
 1-4 NB =         5.6247  1-4 EEL =       125.7958  VDWAALS    =        -3.0025
 EELEC  =      -161.0059  EGB     =       -20.8003  RESTRAINT  =         0.4804
 ESURF=         1.9026
 EAMBER (non-restraint)  =        -3.6939
 ------------------------------------------------------------------------------

 NMR restraints: Bond =    0.000   Angle =     0.000   Torsion =     0.480
===============================================================================
| RE_POSITION Moving by  -0.798822 -1.074880 -6.162565

 NSTEP =   500000   TIME(PS) =    3000.000  TEMP(K) =   298.28  PRESS =     0.0
 Etot   =        27.7396  EKtot   =        23.4131  EPtot      =         4.3265
 BOND   =         3.8382  ANGLE   =        20.0391  DIHED      =        30.2326
 1-4 NB =         5.7421  1-4 EEL =       116.4583  VDWAALS    =        -1.4916
 EELEC  =      -149.2147  EGB     =       -23.5168  RESTRAINT  =         0.2673
 ESURF=         1.9720
 EAMBER (non-restraint)  =         4.0592
 ------------------------------------------------------------------------------

 NMR restraints: Bond =    0.000   Angle =     0.000   Torsion =     0.267
===============================================================================

      A V E R A G E S   O V E R  500000 S T E P S


 NSTEP =   500000   TIME(PS) =    3000.000  TEMP(K) =   299.89  PRESS =     0.0
 Etot   =        21.1228  EKtot   =        23.5400  EPtot      =        -2.4171
 BOND   =         5.2873  ANGLE   =        14.5509  DIHED      =        29.1235
 1-4 NB =         4.9105  1-4 EEL =       119.8126  VDWAALS    =        -3.7124
 EELEC  =      -151.8670  EGB     =       -23.0474  RESTRAINT  =         0.5700
 ESURF=         1.9547
 EAMBER (non-restraint)  =        -2.9872
 ------------------------------------------------------------------------------

 NMR restraints: Bond =    0.000   Angle =     0.000   Torsion =     0.267
===============================================================================

      R M S  F L U C T U A T I O N S


 NSTEP =   500000   TIME(PS) =    3000.000  TEMP(K) =    47.92  PRESS =     0.0
 Etot   =         5.3312  EKtot   =         3.7618  EPtot      =         3.7709
 BOND   =         1.9358  ANGLE   =         3.0444  DIHED      =         1.7450
 1-4 NB =         0.9644  1-4 EEL =         3.0492  VDWAALS    =         0.8068
 EELEC  =         3.4329  EGB     =         1.6022  RESTRAINT  =         0.7142
 ESURF=         0.0465
 EAMBER (non-restraint)  =         3.0567
 ------------------------------------------------------------------------------


 NMR restraints on final step:


--------------------------------------------------------------------------------
   5.  TIMINGS
--------------------------------------------------------------------------------

|>>>>>>>>PROFILE of Average TIMES>>>>>>>>> 
|                Calc gb radii             27.56 ( 7.99% of Gen B)
|                Communicate gb radii     219.29 (63.57% of Gen B)
|                Calc gb diag              39.34 (11.40% of Gen B)
|                Calc gb off-diag          25.48 ( 7.39% of Gen B)
|                Surface area energy       32.60 ( 9.45% of Gen B)
|                Other                      0.68 ( 0.20% of Gen B)
|             Gen Born time            344.95 (100.0% of Nonbo)
|             IPS excludes               0.08 ( 0.02% of Nonbo)
|          Nonbond force            345.03 (29.31% of Force)
|          Bond/Angle/Dihedral       12.49 ( 1.06% of Force)
|          FRC Collect time         592.10 (50.29% of Force)
|          Other                    227.70 (19.34% of Force)
|       Force time              1177.32 (78.20% of Runmd)
|       Shake time                 1.66 ( 0.11% of Runmd)
|       Verlet update time       257.12 (17.08% of Runmd)
|       CRD distribute time       68.42 ( 4.54% of Runmd)
|       Other                      1.10 ( 0.07% of Runmd)
|    Runmd Time              1505.62 (100.0% of Total)
| Total time              1505.66 (100.0% of ALL  )

| Number of list builds   :          0

| Highest rstack allocated:          0
| Highest istack allocated:          0

| Final Performance Info:
| -----------------------------------------------------
| Average timings for all steps:
|     Elapsed(s) =    1505.62 Per Step(ms) =       3.01
|         ns/day =      57.39   seconds/ns =    1505.62
| -----------------------------------------------------

|           Job began  at 20:31:41.504  on 04/27/2013
|           Setup done at 20:31:41.554  on 04/27/2013
|           Run   done at 20:56:47.172  on 04/27/2013
|     wallclock() was called18500113 times
