
          -------------------------------------------------------
          Amber 12 SANDER                              2012
          -------------------------------------------------------

| Run on 04/27/2013 at 20:31:41
  [-O]verwriting output

File Assignments:
|  MDIN: run_39.in                                                             
| MDOUT: run_39.out                                                            
|INPCRD: ../eq2/run_39.rst                                                     
|  PARM: parm                                                                  
|RESTRT: run_39.rst                                                            
|  REFC: refc                                                                  
| MDVEL: mdvel                                                                 
|  MDEN: mden                                                                  
| MDCRD: run_39.nc                                                             
|MDINFO: mdinfo                                                                
|  MTMD: mtmd                                                                  
|INPDIP: inpdip                                                                
|RSTDIP: rstdip                                                                

|INPTRA: inptraj                                                               
|
 
 Here is the input file:
 
equilibration with restraint                                                   
 &cntrl                                                                        
   ig=735815,                                                                  
   irest=1, ntx=5,                                                             
   igb=8, gbsa=1,                                                              
   cut=9999.0, rgbmax=9998.0,                                                  
   ntc=2, ntf=1, tol=0.000001,                                                 
   ntt=3, gamma_ln=2.0, tempi=0.1,                                             
   ntb=0, nscm=10000,                                                          
   ioutfm=1,                                                                   
   nstlim=500000, dt=0.002,                                                    
   ntpr=5000, ntwx=5000, ntwv=0, ntwr=500000,                                  
   nmropt=1,                                                                   
 /                                                                             
 &wt                                                                           
  type='DUMPFREQ', istep1=5000,                                                
 /                                                                             
 &wt                                                                           
  type='END',                                                                  
 /                                                                             
DISANG=run_39.disang                                                           
DUMPAVE=run_39.dat                                                             
                                                                               

--------------------------------------------------------------------------------
   1.  RESOURCE   USE: 
--------------------------------------------------------------------------------

| Flags: MPI                                                                    
| New format PARM file being parsed.
| Version =    1.000 Date = 04/27/13 Time = 01:42:54
 NATOM  =      32 NTYPES =       7 NBONH =      17 MBONA  =      14
 NTHETH =      36 MTHETA =      18 NPHIH =      64 MPHIA  =      45
 NHPARM =       0 NPARM  =       0 NNB   =     152 NRES   =       4
 NBONA  =      14 NTHETA =      18 NPHIA =      45 NUMBND =      11
 NUMANG =      21 NPTRA  =      20 NATYP =       8 NPHB   =       0
 IFBOX  =       0 NMXRS  =      10 IFCAP =       0 NEXTRA =       0
 NCOPY  =       0

 Implicit solvent radii are ArgH and AspGluO modified Bondi2 radii (mbondi3)                                
 Replacing prmtop screening parameters with GBn2 (igb=8) values

|     Memory Use     Allocated
|     Real                2310
|     Hollerith            102
|     Integer            23012
|     Max Pairs              1
|     nblistReal             0
|     nblist Int             0
|       Total              108 kbytes

| Note: 1-4 EEL scale factors are being read from the topology file.

| Note: 1-4 VDW scale factors are being read from the topology file.
| Duplicated    0 dihedrals
| Duplicated    0 dihedrals

--------------------------------------------------------------------------------
   2.  CONTROL  DATA  FOR  THE  RUN
--------------------------------------------------------------------------------

ACE                                                                             

General flags:
     imin    =       0, nmropt  =       1

Nature and format of input:
     ntx     =       5, irest   =       1, ntrx    =       1

Nature and format of output:
     ntxo    =       1, ntpr    =    5000, ntrx    =       1, ntwr    =  500000
     iwrap   =       0, ntwx    =    5000, ntwv    =       0, ntwe    =       0
     ioutfm  =       1, ntwprt  =       0, idecomp =       0, rbornstat=      0

Potential function:
     ntf     =       1, ntb     =       0, igb     =       8, nsnb    =      25
     ipol    =       0, gbsa    =       1, iesp    =       0
     dielc   =   1.00000, cut     =9999.00000, intdiel =   1.00000
     saltcon =   0.00000, offset  =   0.19514, surften =   0.00500
     rdt     =   0.00000, rgbmax  =9998.00000  extdiel =  78.50000
     alpb  =        0
     gbalphaH  =   0.78844, gbbetaH   =   0.79870,  gbgammaH  =    0.43733
     gbalphaC  =   0.73376, gbbetaC   =   0.50638,  gbgammaC  =    0.20584
     gbalphaN  =   0.50336, gbbetaN   =   0.31683,  gbgammaN  =    0.19292
     gbalphaOS =   0.86781, gbbetaOS  =   0.87664,  gbgammaOS =    0.38788
     gbalphaP  =   1.00000, gbbetaP   =   0.80000,  gbgammaP  =    4.85100

Frozen or restrained atoms:
     ibelly  =       0, ntr     =       0

Molecular dynamics:
     nstlim  =    500000, nscm    =     10000, nrespa  =         1
     t       =   0.00000, dt      =   0.00200, vlimit  =  20.00000

Langevin dynamics temperature regulation:
     ig      =  735815
     temp0   = 300.00000, tempi   =   0.10000, gamma_ln=   2.00000

SHAKE:
     ntc     =       2, jfastw  =       0
     tol     =   0.00000

NMR refinement options:
     iscale  =       0, noeskp  =       1, ipnlty  =       1, mxsub   =       1
     scalm   = 100.00000, pencut  =   0.10000, tausw   =   0.10000

| MPI Timing options:
|      profile_mpi =        0
|  INFO: Old style inpcrd file read


--------------------------------------------------------------------------------
   3.  ATOMIC COORDINATES AND VELOCITIES
--------------------------------------------------------------------------------

ACE                                                                             
 begin time read from input coords =  2000.000 ps



           Begin reading energy term weight changes/NMR restraints
 WEIGHT CHANGES:
 DUMPFREQ   5000      0    0.000000    0.000000      0      0
                         ** No weight changes given **

 RESTRAINTS:
 Requested file redirections:
  DISANG    = run_39.disang
  DUMPAVE   = run_39.dat
 Restraints will be read from file: run_39.disang
Here are comments from the DISANG input file:

                       Number of restraints read =     1

                  Done reading weight changes/NMR restraints


 Number of triangulated 3-point waters found:        0
|  Atom division among processors:
|         0      16      32
|  Running AMBER/MPI version on    2 nodes


--------------------------------------------------------------------------------
   4.  RESULTS
--------------------------------------------------------------------------------

|  # of SOLUTE  degrees of freedom (RNDFP):      79.
|  # of SOLVENT degrees of freedom (RNDFS):       0.
|  NDFMIN =      79.     NUM_NOSHAKE =      0     CORRECTED RNDFP =      79.
|  TOTAL # of degrees of freedom (RNDF) =      79.

 NSTEP =     5000   TIME(PS) =    2010.000  TEMP(K) =   261.66  PRESS =     0.0
 Etot   =        24.1572  EKtot   =        20.5390  EPtot      =         3.6181
 BOND   =         7.4966  ANGLE   =        16.7653  DIHED      =        28.6380
 1-4 NB =         6.0607  1-4 EEL =       112.5270  VDWAALS    =        -3.9294
 EELEC  =      -142.6539  EGB     =       -23.2930  RESTRAINT  =         0.0807
 ESURF=         1.9261
 EAMBER (non-restraint)  =         3.5374
 ------------------------------------------------------------------------------

 NMR restraints: Bond =    0.000   Angle =     0.000   Torsion =     0.081
===============================================================================
| RE_POSITION Moving by  -3.700345  3.430492 -1.838901

 NSTEP =    10000   TIME(PS) =    2020.000  TEMP(K) =   256.10  PRESS =     0.0
 Etot   =        20.6723  EKtot   =        20.1025  EPtot      =         0.5699
 BOND   =         2.5378  ANGLE   =        18.5981  DIHED      =        27.9499
 1-4 NB =         4.9892  1-4 EEL =       113.0640  VDWAALS    =        -2.6589
 EELEC  =      -143.4808  EGB     =       -22.4645  RESTRAINT  =         0.1136
 ESURF=         1.9215
 EAMBER (non-restraint)  =         0.4563
 ------------------------------------------------------------------------------

 NMR restraints: Bond =    0.000   Angle =     0.000   Torsion =     0.114
===============================================================================

 NSTEP =    15000   TIME(PS) =    2030.000  TEMP(K) =   240.86  PRESS =     0.0
 Etot   =        14.2250  EKtot   =        18.9059  EPtot      =        -4.6809
 BOND   =         1.7797  ANGLE   =        18.6427  DIHED      =        28.4112
 1-4 NB =         4.5293  1-4 EEL =       109.6583  VDWAALS    =        -4.1040
 EELEC  =      -143.4150  EGB     =       -22.1233  RESTRAINT  =         0.0408
 ESURF=         1.8993
 EAMBER (non-restraint)  =        -4.7216
 ------------------------------------------------------------------------------

 NMR restraints: Bond =    0.000   Angle =     0.000   Torsion =     0.041
===============================================================================
| RE_POSITION Moving by  -3.124519 -4.367806 -1.765058

 NSTEP =    20000   TIME(PS) =    2040.000  TEMP(K) =   317.70  PRESS =     0.0
 Etot   =        20.1347  EKtot   =        24.9377  EPtot      =        -4.8029
 BOND   =         6.2291  ANGLE   =        11.2935  DIHED      =        28.5157
 1-4 NB =         6.4516  1-4 EEL =       112.4136  VDWAALS    =        -2.7455
 EELEC  =      -147.4661  EGB     =       -21.5239  RESTRAINT  =         0.0834
 ESURF=         1.9457
 EAMBER (non-restraint)  =        -4.8863
 ------------------------------------------------------------------------------

 NMR restraints: Bond =    0.000   Angle =     0.000   Torsion =     0.083
===============================================================================

 NSTEP =    25000   TIME(PS) =    2050.000  TEMP(K) =   271.98  PRESS =     0.0
 Etot   =        18.8882  EKtot   =        21.3489  EPtot      =        -2.4607
 BOND   =         6.7934  ANGLE   =        17.8462  DIHED      =        27.1406
 1-4 NB =         4.0923  1-4 EEL =       106.2286  VDWAALS    =        -4.7836
 EELEC  =      -140.8951  EGB     =       -20.9643  RESTRAINT  =         0.1711
 ESURF=         1.9100
 EAMBER (non-restraint)  =        -2.6318
 ------------------------------------------------------------------------------

 NMR restraints: Bond =    0.000   Angle =     0.000   Torsion =     0.171
===============================================================================
| RE_POSITION Moving by   3.830495  2.190389  0.337668

 NSTEP =    30000   TIME(PS) =    2060.000  TEMP(K) =   287.85  PRESS =     0.0
 Etot   =        21.2208  EKtot   =        22.5945  EPtot      =        -1.3737
 BOND   =         6.9074  ANGLE   =        12.5229  DIHED      =        26.6717
 1-4 NB =         6.0121  1-4 EEL =       112.8451  VDWAALS    =        -0.1239
 EELEC  =      -145.1955  EGB     =       -23.0453  RESTRAINT  =         0.0804
 ESURF=         1.9513
 EAMBER (non-restraint)  =        -1.4542
 ------------------------------------------------------------------------------

 NMR restraints: Bond =    0.000   Angle =     0.000   Torsion =     0.080
===============================================================================

 NSTEP =    35000   TIME(PS) =    2070.000  TEMP(K) =   283.32  PRESS =     0.0
 Etot   =        18.7032  EKtot   =        22.2390  EPtot      =        -3.5358
 BOND   =         6.4785  ANGLE   =        15.1036  DIHED      =        28.3410
 1-4 NB =         3.8943  1-4 EEL =       105.7107  VDWAALS    =        -3.6030
 EELEC  =      -137.2736  EGB     =       -24.4998  RESTRAINT  =         0.3338
 ESURF=         1.9787
 EAMBER (non-restraint)  =        -3.8696
 ------------------------------------------------------------------------------

 NMR restraints: Bond =    0.000   Angle =     0.000   Torsion =     0.334
===============================================================================
| RE_POSITION Moving by  -0.963895  2.698094 -7.752462

 NSTEP =    40000   TIME(PS) =    2080.000  TEMP(K) =   331.07  PRESS =     0.0
 Etot   =        21.3565  EKtot   =        25.9870  EPtot      =        -4.6305
 BOND   =         3.5452  ANGLE   =        18.6639  DIHED      =        27.2919
 1-4 NB =         4.1440  1-4 EEL =       109.5974  VDWAALS    =        -4.7047
 EELEC  =      -143.9932  EGB     =       -22.1768  RESTRAINT  =         1.0678
 ESURF=         1.9341
 EAMBER (non-restraint)  =        -5.6983
 ------------------------------------------------------------------------------

 NMR restraints: Bond =    0.000   Angle =     0.000   Torsion =     1.068
===============================================================================

 NSTEP =    45000   TIME(PS) =    2090.000  TEMP(K) =   406.49  PRESS =     0.0
 Etot   =        24.8802  EKtot   =        31.9071  EPtot      =        -7.0270
 BOND   =         5.6381  ANGLE   =        13.3000  DIHED      =        27.4181
 1-4 NB =         4.2499  1-4 EEL =       105.3523  VDWAALS    =        -3.6530
 EELEC  =      -138.0040  EGB     =       -23.3118  RESTRAINT  =         0.0158
 ESURF=         1.9676
 EAMBER (non-restraint)  =        -7.0428
 ------------------------------------------------------------------------------

 NMR restraints: Bond =    0.000   Angle =     0.000   Torsion =     0.016
===============================================================================
| RE_POSITION Moving by   2.910318 12.813805  1.138840

 NSTEP =    50000   TIME(PS) =    2100.000  TEMP(K) =   419.93  PRESS =     0.0
 Etot   =        30.0833  EKtot   =        32.9617  EPtot      =        -2.8784
 BOND   =         9.9255  ANGLE   =        16.1587  DIHED      =        25.0369
 1-4 NB =         4.2483  1-4 EEL =       105.5057  VDWAALS    =        -4.0017
 EELEC  =      -138.9449  EGB     =       -24.1561  RESTRAINT  =         1.3289
 ESURF=         2.0205
 EAMBER (non-restraint)  =        -4.2073
 ------------------------------------------------------------------------------

 NMR restraints: Bond =    0.000   Angle =     0.000   Torsion =     1.329
===============================================================================

 NSTEP =    55000   TIME(PS) =    2110.000  TEMP(K) =   371.42  PRESS =     0.0
 Etot   =        29.6994  EKtot   =        29.1543  EPtot      =         0.5451
 BOND   =         3.2172  ANGLE   =        20.6894  DIHED      =        27.9880
 1-4 NB =         5.6651  1-4 EEL =       107.4869  VDWAALS    =        -3.2747
 EELEC  =      -139.9660  EGB     =       -23.1877  RESTRAINT  =         0.0090
 ESURF=         1.9179
 EAMBER (non-restraint)  =         0.5361
 ------------------------------------------------------------------------------

 NMR restraints: Bond =    0.000   Angle =     0.000   Torsion =     0.009
===============================================================================
| RE_POSITION Moving by  -0.419870  3.965793  2.632510

 NSTEP =    60000   TIME(PS) =    2120.000  TEMP(K) =   372.64  PRESS =     0.0
 Etot   =        31.0949  EKtot   =        29.2501  EPtot      =         1.8448
 BOND   =         6.8124  ANGLE   =        15.9451  DIHED      =        28.3298
 1-4 NB =         7.4147  1-4 EEL =       116.0505  VDWAALS    =        -3.4295
 EELEC  =      -150.9438  EGB     =       -20.2570  RESTRAINT  =         0.0000
 ESURF=         1.9225
 EAMBER (non-restraint)  =         1.8448
 ------------------------------------------------------------------------------

 NMR restraints: Bond =    0.000   Angle =     0.000   Torsion =     0.000
===============================================================================

 NSTEP =    65000   TIME(PS) =    2130.000  TEMP(K) =   225.14  PRESS =     0.0
 Etot   =        14.4667  EKtot   =        17.6718  EPtot      =        -3.2051
 BOND   =         6.6016  ANGLE   =        14.4112  DIHED      =        26.6917
 1-4 NB =         6.1603  1-4 EEL =       111.6095  VDWAALS    =        -3.2020
 EELEC  =      -144.8862  EGB     =       -22.6700  RESTRAINT  =         0.0967
 ESURF=         1.9821
 EAMBER (non-restraint)  =        -3.3018
 ------------------------------------------------------------------------------

 NMR restraints: Bond =    0.000   Angle =     0.000   Torsion =     0.097
===============================================================================
| RE_POSITION Moving by  -2.770515 -2.233363 -1.063416

 NSTEP =    70000   TIME(PS) =    2140.000  TEMP(K) =   283.54  PRESS =     0.0
 Etot   =        17.8698  EKtot   =        22.2563  EPtot      =        -4.3865
 BOND   =         5.8242  ANGLE   =        12.0797  DIHED      =        29.4533
 1-4 NB =         4.8954  1-4 EEL =       109.7045  VDWAALS    =        -2.9319
 EELEC  =      -142.0905  EGB     =       -23.9684  RESTRAINT  =         0.6935
 ESURF=         1.9536
 EAMBER (non-restraint)  =        -5.0800
 ------------------------------------------------------------------------------

 NMR restraints: Bond =    0.000   Angle =     0.000   Torsion =     0.694
===============================================================================

 NSTEP =    75000   TIME(PS) =    2150.000  TEMP(K) =   310.52  PRESS =     0.0
 Etot   =        25.4505  EKtot   =        24.3737  EPtot      =         1.0768
 BOND   =         2.4881  ANGLE   =        23.0486  DIHED      =        27.1657
 1-4 NB =         4.7171  1-4 EEL =       107.1611  VDWAALS    =        -3.2409
 EELEC  =      -139.2321  EGB     =       -23.4896  RESTRAINT  =         0.4479
 ESURF=         2.0109
 EAMBER (non-restraint)  =         0.6289
 ------------------------------------------------------------------------------

 NMR restraints: Bond =    0.000   Angle =     0.000   Torsion =     0.448
===============================================================================
| RE_POSITION Moving by  -5.566935 -5.750255 -2.811274

 NSTEP =    80000   TIME(PS) =    2160.000  TEMP(K) =   308.57  PRESS =     0.0
 Etot   =        16.3842  EKtot   =        24.2208  EPtot      =        -7.8366
 BOND   =         3.9879  ANGLE   =         7.7808  DIHED      =        27.4250
 1-4 NB =         6.6236  1-4 EEL =       112.4540  VDWAALS    =        -2.6712
 EELEC  =      -145.0176  EGB     =       -20.4958  RESTRAINT  =         0.1681
 ESURF=         1.9085
 EAMBER (non-restraint)  =        -8.0047
 ------------------------------------------------------------------------------

 NMR restraints: Bond =    0.000   Angle =     0.000   Torsion =     0.168
===============================================================================

 NSTEP =    85000   TIME(PS) =    2170.000  TEMP(K) =   284.62  PRESS =     0.0
 Etot   =        16.7031  EKtot   =        22.3412  EPtot      =        -5.6381
 BOND   =         3.8949  ANGLE   =        16.4857  DIHED      =        26.2910
 1-4 NB =         4.4254  1-4 EEL =       111.2958  VDWAALS    =        -4.4322
 EELEC  =      -146.0816  EGB     =       -20.8651  RESTRAINT  =         1.4768
 ESURF=         1.8711
 EAMBER (non-restraint)  =        -7.1149
 ------------------------------------------------------------------------------

 NMR restraints: Bond =    0.000   Angle =     0.000   Torsion =     1.477
===============================================================================
| RE_POSITION Moving by  10.313168  2.597366 -7.530030

 NSTEP =    90000   TIME(PS) =    2180.000  TEMP(K) =   258.13  PRESS =     0.0
 Etot   =        18.1141  EKtot   =        20.2618  EPtot      =        -2.1478
 BOND   =         6.4000  ANGLE   =        12.9053  DIHED      =        29.1522
 1-4 NB =         3.6931  1-4 EEL =       111.4653  VDWAALS    =        -4.4229
 EELEC  =      -142.5186  EGB     =       -22.2690  RESTRAINT  =         1.5425
 ESURF=         1.9043
 EAMBER (non-restraint)  =        -3.6903
 ------------------------------------------------------------------------------

 NMR restraints: Bond =    0.000   Angle =     0.000   Torsion =     1.543
===============================================================================

 NSTEP =    95000   TIME(PS) =    2190.000  TEMP(K) =   402.01  PRESS =     0.0
 Etot   =        30.1494  EKtot   =        31.5556  EPtot      =        -1.4062
 BOND   =         2.1984  ANGLE   =        21.0043  DIHED      =        28.1471
 1-4 NB =         3.5173  1-4 EEL =       105.8005  VDWAALS    =        -3.8994
 EELEC  =      -138.6080  EGB     =       -22.4692  RESTRAINT  =         0.9416
 ESURF=         1.9612
 EAMBER (non-restraint)  =        -2.3478
 ------------------------------------------------------------------------------

 NMR restraints: Bond =    0.000   Angle =     0.000   Torsion =     0.942
===============================================================================
| RE_POSITION Moving by   2.643784 -6.457098 -2.244762

 NSTEP =   100000   TIME(PS) =    2200.000  TEMP(K) =   284.05  PRESS =     0.0
 Etot   =        21.0838  EKtot   =        22.2965  EPtot      =        -1.2127
 BOND   =         6.2889  ANGLE   =        16.7261  DIHED      =        28.5105
 1-4 NB =         4.7509  1-4 EEL =       109.0637  VDWAALS    =        -2.7872
 EELEC  =      -140.6026  EGB     =       -25.8562  RESTRAINT  =         0.6945
 ESURF=         1.9986
 EAMBER (non-restraint)  =        -1.9072
 ------------------------------------------------------------------------------

 NMR restraints: Bond =    0.000   Angle =     0.000   Torsion =     0.695
===============================================================================

 NSTEP =   105000   TIME(PS) =    2210.000  TEMP(K) =   344.58  PRESS =     0.0
 Etot   =        16.3655  EKtot   =        27.0474  EPtot      =       -10.6819
 BOND   =         3.1238  ANGLE   =         9.5689  DIHED      =        26.9603
 1-4 NB =         5.1365  1-4 EEL =       112.4850  VDWAALS    =        -2.0886
 EELEC  =      -144.0327  EGB     =       -23.8217  RESTRAINT  =         0.0174
 ESURF=         1.9693
 EAMBER (non-restraint)  =       -10.6992
 ------------------------------------------------------------------------------

 NMR restraints: Bond =    0.000   Angle =     0.000   Torsion =     0.017
===============================================================================
| RE_POSITION Moving by  -0.285473  1.896132  5.083413

 NSTEP =   110000   TIME(PS) =    2220.000  TEMP(K) =   305.13  PRESS =     0.0
 Etot   =        15.7131  EKtot   =        23.9507  EPtot      =        -8.2377
 BOND   =         5.2723  ANGLE   =        12.4641  DIHED      =        25.6320
 1-4 NB =         5.4291  1-4 EEL =       110.7517  VDWAALS    =        -3.8364
 EELEC  =      -146.2908  EGB     =       -20.5934  RESTRAINT  =         1.0031
 ESURF=         1.9307
 EAMBER (non-restraint)  =        -9.2407
 ------------------------------------------------------------------------------

 NMR restraints: Bond =    0.000   Angle =     0.000   Torsion =     1.003
===============================================================================

 NSTEP =   115000   TIME(PS) =    2230.000  TEMP(K) =   285.32  PRESS =     0.0
 Etot   =        21.0032  EKtot   =        22.3963  EPtot      =        -1.3930
 BOND   =         9.0451  ANGLE   =        11.6011  DIHED      =        28.7442
 1-4 NB =         6.0274  1-4 EEL =       110.3125  VDWAALS    =        -2.3433
 EELEC  =      -143.7612  EGB     =       -23.8668  RESTRAINT  =         0.8641
 ESURF=         1.9837
 EAMBER (non-restraint)  =        -2.2572
 ------------------------------------------------------------------------------

 NMR restraints: Bond =    0.000   Angle =     0.000   Torsion =     0.864
===============================================================================
| RE_POSITION Moving by  -5.799895  4.271092 -1.583050

 NSTEP =   120000   TIME(PS) =    2240.000  TEMP(K) =   209.79  PRESS =     0.0
 Etot   =        18.5685  EKtot   =        16.4670  EPtot      =         2.1016
 BOND   =         5.9326  ANGLE   =        19.3277  DIHED      =        29.4671
 1-4 NB =         4.7422  1-4 EEL =       108.1717  VDWAALS    =        -4.2927
 EELEC  =      -141.1559  EGB     =       -22.0370  RESTRAINT  =         0.0277
 ESURF=         1.9182
 EAMBER (non-restraint)  =         2.0739
 ------------------------------------------------------------------------------

 NMR restraints: Bond =    0.000   Angle =     0.000   Torsion =     0.028
===============================================================================

 NSTEP =   125000   TIME(PS) =    2250.000  TEMP(K) =   316.96  PRESS =     0.0
 Etot   =        24.1301  EKtot   =        24.8798  EPtot      =        -0.7497
 BOND   =         3.2571  ANGLE   =        18.2895  DIHED      =        29.1686
 1-4 NB =         4.7250  1-4 EEL =       107.0139  VDWAALS    =        -2.7922
 EELEC  =      -140.4804  EGB     =       -22.1723  RESTRAINT  =         0.2407
 ESURF=         2.0004
 EAMBER (non-restraint)  =        -0.9904
 ------------------------------------------------------------------------------

 NMR restraints: Bond =    0.000   Angle =     0.000   Torsion =     0.241
===============================================================================
| RE_POSITION Moving by  -0.025802  3.222364  5.480784

 NSTEP =   130000   TIME(PS) =    2260.000  TEMP(K) =   405.56  PRESS =     0.0
 Etot   =        29.0177  EKtot   =        31.8344  EPtot      =        -2.8167
 BOND   =         4.5817  ANGLE   =        18.1059  DIHED      =        25.5279
 1-4 NB =         5.8775  1-4 EEL =       109.8895  VDWAALS    =        -2.8227
 EELEC  =      -143.6350  EGB     =       -22.6061  RESTRAINT  =         0.2559
 ESURF=         2.0088
 EAMBER (non-restraint)  =        -3.0726
 ------------------------------------------------------------------------------

 NMR restraints: Bond =    0.000   Angle =     0.000   Torsion =     0.256
===============================================================================

 NSTEP =   135000   TIME(PS) =    2270.000  TEMP(K) =   238.02  PRESS =     0.0
 Etot   =        10.6227  EKtot   =        18.6829  EPtot      =        -8.0602
 BOND   =         4.3679  ANGLE   =        11.8866  DIHED      =        27.4874
 1-4 NB =         4.9389  1-4 EEL =       112.3595  VDWAALS    =        -3.6486
 EELEC  =      -146.2103  EGB     =       -21.4813  RESTRAINT  =         0.3502
 ESURF=         1.8896
 EAMBER (non-restraint)  =        -8.4104
 ------------------------------------------------------------------------------

 NMR restraints: Bond =    0.000   Angle =     0.000   Torsion =     0.350
===============================================================================
| RE_POSITION Moving by  -0.422694  0.370889 -4.696852

 NSTEP =   140000   TIME(PS) =    2280.000  TEMP(K) =   261.06  PRESS =     0.0
 Etot   =        23.8472  EKtot   =        20.4918  EPtot      =         3.3553
 BOND   =        10.7592  ANGLE   =        14.9522  DIHED      =        26.7967
 1-4 NB =         6.3314  1-4 EEL =       113.4165  VDWAALS    =        -2.9619
 EELEC  =      -142.9799  EGB     =       -25.3376  RESTRAINT  =         0.3966
 ESURF=         1.9820
 EAMBER (non-restraint)  =         2.9587
 ------------------------------------------------------------------------------

 NMR restraints: Bond =    0.000   Angle =     0.000   Torsion =     0.397
===============================================================================

 NSTEP =   145000   TIME(PS) =    2290.000  TEMP(K) =   214.16  PRESS =     0.0
 Etot   =        12.8000  EKtot   =        16.8106  EPtot      =        -4.0106
 BOND   =         3.5778  ANGLE   =        11.4520  DIHED      =        30.3526
 1-4 NB =         5.5351  1-4 EEL =       111.2303  VDWAALS    =        -3.3748
 EELEC  =      -138.0420  EGB     =       -27.9264  RESTRAINT  =         1.2537
 ESURF=         1.9311
 EAMBER (non-restraint)  =        -5.2643
 ------------------------------------------------------------------------------

 NMR restraints: Bond =    0.000   Angle =     0.000   Torsion =     1.254
===============================================================================
| RE_POSITION Moving by  -3.496967  1.189581 -2.291197

 NSTEP =   150000   TIME(PS) =    2300.000  TEMP(K) =   295.38  PRESS =     0.0
 Etot   =        24.0840  EKtot   =        23.1852  EPtot      =         0.8988
 BOND   =         5.2857  ANGLE   =        16.1833  DIHED      =        29.3905
 1-4 NB =         4.0742  1-4 EEL =       115.6323  VDWAALS    =        -2.2027
 EELEC  =      -145.8018  EGB     =       -24.0284  RESTRAINT  =         0.3898
 ESURF=         1.9758
 EAMBER (non-restraint)  =         0.5090
 ------------------------------------------------------------------------------

 NMR restraints: Bond =    0.000   Angle =     0.000   Torsion =     0.390
===============================================================================

 NSTEP =   155000   TIME(PS) =    2310.000  TEMP(K) =   250.17  PRESS =     0.0
 Etot   =        23.8505  EKtot   =        19.6367  EPtot      =         4.2138
 BOND   =         4.4675  ANGLE   =        23.7078  DIHED      =        26.8486
 1-4 NB =         4.2605  1-4 EEL =       113.2187  VDWAALS    =        -3.1511
 EELEC  =      -143.5231  EGB     =       -23.5402  RESTRAINT  =         0.0086
 ESURF=         1.9164
 EAMBER (non-restraint)  =         4.2052
 ------------------------------------------------------------------------------

 NMR restraints: Bond =    0.000   Angle =     0.000   Torsion =     0.009
===============================================================================
| RE_POSITION Moving by   1.672366 -2.683207  0.510995

 NSTEP =   160000   TIME(PS) =    2320.000  TEMP(K) =   293.75  PRESS =     0.0
 Etot   =        24.6778  EKtot   =        23.0578  EPtot      =         1.6200
 BOND   =         8.2516  ANGLE   =        16.0294  DIHED      =        29.1651
 1-4 NB =         2.6064  1-4 EEL =       109.5668  VDWAALS    =        -3.1571
 EELEC  =      -138.2787  EGB     =       -24.6648  RESTRAINT  =         0.0481
 ESURF=         2.0531
 EAMBER (non-restraint)  =         1.5719
 ------------------------------------------------------------------------------

 NMR restraints: Bond =    0.000   Angle =     0.000   Torsion =     0.048
===============================================================================

 NSTEP =   165000   TIME(PS) =    2330.000  TEMP(K) =   264.89  PRESS =     0.0
 Etot   =        20.1367  EKtot   =        20.7925  EPtot      =        -0.6558
 BOND   =         3.1731  ANGLE   =        17.7588  DIHED      =        29.7324
 1-4 NB =         4.6153  1-4 EEL =       112.6992  VDWAALS    =        -2.6350
 EELEC  =      -141.1167  EGB     =       -27.1813  RESTRAINT  =         0.3204
 ESURF=         1.9781
 EAMBER (non-restraint)  =        -0.9761
 ------------------------------------------------------------------------------

 NMR restraints: Bond =    0.000   Angle =     0.000   Torsion =     0.320
===============================================================================
| RE_POSITION Moving by  -6.006471 -3.204133 -2.888801

 NSTEP =   170000   TIME(PS) =    2340.000  TEMP(K) =   358.40  PRESS =     0.0
 Etot   =        26.6368  EKtot   =        28.1323  EPtot      =        -1.4955
 BOND   =         6.5684  ANGLE   =        15.9003  DIHED      =        27.7968
 1-4 NB =         5.3804  1-4 EEL =       112.6950  VDWAALS    =        -3.0929
 EELEC  =      -142.4451  EGB     =       -26.7020  RESTRAINT  =         0.4338
 ESURF=         1.9697
 EAMBER (non-restraint)  =        -1.9293
 ------------------------------------------------------------------------------

 NMR restraints: Bond =    0.000   Angle =     0.000   Torsion =     0.434
===============================================================================

 NSTEP =   175000   TIME(PS) =    2350.000  TEMP(K) =   233.41  PRESS =     0.0
 Etot   =        14.1752  EKtot   =        18.3210  EPtot      =        -4.1458
 BOND   =         8.3191  ANGLE   =        12.2633  DIHED      =        29.2667
 1-4 NB =         3.4365  1-4 EEL =       107.2016  VDWAALS    =        -3.8675
 EELEC  =      -135.9719  EGB     =       -26.9373  RESTRAINT  =         0.1977
 ESURF=         1.9459
 EAMBER (non-restraint)  =        -4.3435
 ------------------------------------------------------------------------------

 NMR restraints: Bond =    0.000   Angle =     0.000   Torsion =     0.198
===============================================================================
| RE_POSITION Moving by  -4.140862  3.550020  0.476644

 NSTEP =   180000   TIME(PS) =    2360.000  TEMP(K) =   351.92  PRESS =     0.0
 Etot   =        27.2029  EKtot   =        27.6233  EPtot      =        -0.4203
 BOND   =         6.4801  ANGLE   =        17.0649  DIHED      =        27.3970
 1-4 NB =         4.3814  1-4 EEL =       110.1980  VDWAALS    =        -2.2649
 EELEC  =      -140.0031  EGB     =       -25.5826  RESTRAINT  =         0.0003
 ESURF=         1.9085
 EAMBER (non-restraint)  =        -0.4206
 ------------------------------------------------------------------------------

 NMR restraints: Bond =    0.000   Angle =     0.000   Torsion =     0.000
===============================================================================

 NSTEP =   185000   TIME(PS) =    2370.000  TEMP(K) =   279.80  PRESS =     0.0
 Etot   =        37.7567  EKtot   =        21.9626  EPtot      =        15.7941
 BOND   =         9.7143  ANGLE   =        29.9525  DIHED      =        32.1766
 1-4 NB =         3.6278  1-4 EEL =       102.1431  VDWAALS    =        -3.6733
 EELEC  =      -134.4769  EGB     =       -25.9562  RESTRAINT  =         0.2701
 ESURF=         2.0160
 EAMBER (non-restraint)  =        15.5240
 ------------------------------------------------------------------------------

 NMR restraints: Bond =    0.000   Angle =     0.000   Torsion =     0.270
===============================================================================
| RE_POSITION Moving by  -3.812598  5.714563  0.940376

 NSTEP =   190000   TIME(PS) =    2380.000  TEMP(K) =   267.84  PRESS =     0.0
 Etot   =        17.6684  EKtot   =        21.0241  EPtot      =        -3.3557
 BOND   =         4.6308  ANGLE   =         8.9974  DIHED      =        29.1654
 1-4 NB =         6.1459  1-4 EEL =       114.9697  VDWAALS    =        -1.6673
 EELEC  =      -147.5091  EGB     =       -20.6005  RESTRAINT  =         0.6335
 ESURF=         1.8785
 EAMBER (non-restraint)  =        -3.9892
 ------------------------------------------------------------------------------

 NMR restraints: Bond =    0.000   Angle =     0.000   Torsion =     0.634
===============================================================================

 NSTEP =   195000   TIME(PS) =    2390.000  TEMP(K) =   413.19  PRESS =     0.0
 Etot   =        31.2167  EKtot   =        32.4326  EPtot      =        -1.2159
 BOND   =         4.8201  ANGLE   =        15.2735  DIHED      =        30.6494
 1-4 NB =         4.6025  1-4 EEL =       113.8102  VDWAALS    =        -3.5267
 EELEC  =      -142.7295  EGB     =       -26.0499  RESTRAINT  =         0.0004
 ESURF=         1.9340
 EAMBER (non-restraint)  =        -1.2163
 ------------------------------------------------------------------------------

 NMR restraints: Bond =    0.000   Angle =     0.000   Torsion =     0.000
===============================================================================
| RE_POSITION Moving by   0.208068  1.748184  3.014386

 NSTEP =   200000   TIME(PS) =    2400.000  TEMP(K) =   245.10  PRESS =     0.0
 Etot   =        19.4347  EKtot   =        19.2387  EPtot      =         0.1960
 BOND   =         3.6058  ANGLE   =        18.5518  DIHED      =        28.3310
 1-4 NB =         3.7671  1-4 EEL =       110.9795  VDWAALS    =        -2.5817
 EELEC  =      -140.0917  EGB     =       -24.3560  RESTRAINT  =         0.0488
 ESURF=         1.9415
 EAMBER (non-restraint)  =         0.1472
 ------------------------------------------------------------------------------

 NMR restraints: Bond =    0.000   Angle =     0.000   Torsion =     0.049
===============================================================================

 NSTEP =   205000   TIME(PS) =    2410.000  TEMP(K) =   405.77  PRESS =     0.0
 Etot   =        31.6265  EKtot   =        31.8505  EPtot      =        -0.2240
 BOND   =         7.1189  ANGLE   =        17.3647  DIHED      =        27.5118
 1-4 NB =         5.1534  1-4 EEL =       107.2145  VDWAALS    =        -2.6102
 EELEC  =      -136.8453  EGB     =       -27.5160  RESTRAINT  =         0.4036
 ESURF=         1.9806
 EAMBER (non-restraint)  =        -0.6276
 ------------------------------------------------------------------------------

 NMR restraints: Bond =    0.000   Angle =     0.000   Torsion =     0.404
===============================================================================
| RE_POSITION Moving by  -4.400790  4.397597  1.917091

 NSTEP =   210000   TIME(PS) =    2420.000  TEMP(K) =   247.58  PRESS =     0.0
 Etot   =        13.7262  EKtot   =        19.4338  EPtot      =        -5.7076
 BOND   =         3.8357  ANGLE   =        12.1733  DIHED      =        27.6250
 1-4 NB =         4.7133  1-4 EEL =       114.6552  VDWAALS    =        -3.2606
 EELEC  =      -142.9135  EGB     =       -25.8897  RESTRAINT  =         1.3488
 ESURF=         2.0048
 EAMBER (non-restraint)  =        -7.0564
 ------------------------------------------------------------------------------

 NMR restraints: Bond =    0.000   Angle =     0.000   Torsion =     1.349
===============================================================================

 NSTEP =   215000   TIME(PS) =    2430.000  TEMP(K) =   325.45  PRESS =     0.0
 Etot   =        22.9460  EKtot   =        25.5459  EPtot      =        -2.5998
 BOND   =         8.8667  ANGLE   =        11.1312  DIHED      =        30.0879
 1-4 NB =         3.8674  1-4 EEL =       108.1693  VDWAALS    =        -2.9835
 EELEC  =      -139.7420  EGB     =       -24.0308  RESTRAINT  =         0.0022
 ESURF=         2.0318
 EAMBER (non-restraint)  =        -2.6021
 ------------------------------------------------------------------------------

 NMR restraints: Bond =    0.000   Angle =     0.000   Torsion =     0.002
===============================================================================
| RE_POSITION Moving by  -4.605957 -4.359117  4.931956

 NSTEP =   220000   TIME(PS) =    2440.000  TEMP(K) =   201.10  PRESS =     0.0
 Etot   =         8.0354  EKtot   =        15.7849  EPtot      =        -7.7495
 BOND   =         4.8452  ANGLE   =        10.1925  DIHED      =        25.1841
 1-4 NB =         4.4201  1-4 EEL =       114.5333  VDWAALS    =        -3.0186
 EELEC  =      -138.4370  EGB     =       -30.2542  RESTRAINT  =         2.8286
 ESURF=         1.9567
 EAMBER (non-restraint)  =       -10.5781
 ------------------------------------------------------------------------------

 NMR restraints: Bond =    0.000   Angle =     0.000   Torsion =     2.829
===============================================================================

 NSTEP =   225000   TIME(PS) =    2450.000  TEMP(K) =   296.26  PRESS =     0.0
 Etot   =        17.1260  EKtot   =        23.2546  EPtot      =        -6.1285
 BOND   =         4.4203  ANGLE   =        12.5309  DIHED      =        26.1028
 1-4 NB =         4.1228  1-4 EEL =       113.7256  VDWAALS    =        -3.0140
 EELEC  =      -142.4700  EGB     =       -23.4953  RESTRAINT  =         0.0353
 ESURF=         1.9129
 EAMBER (non-restraint)  =        -6.1639
 ------------------------------------------------------------------------------

 NMR restraints: Bond =    0.000   Angle =     0.000   Torsion =     0.035
===============================================================================
| RE_POSITION Moving by  -5.930839  1.446514 -0.251967

 NSTEP =   230000   TIME(PS) =    2460.000  TEMP(K) =   239.23  PRESS =     0.0
 Etot   =        16.3850  EKtot   =        18.7778  EPtot      =        -2.3928
 BOND   =         4.5533  ANGLE   =        15.9544  DIHED      =        26.9561
 1-4 NB =         5.3314  1-4 EEL =       109.6131  VDWAALS    =        -3.6290
 EELEC  =      -143.0889  EGB     =       -20.6824  RESTRAINT  =         0.7285
 ESURF=         1.8707
 EAMBER (non-restraint)  =        -3.1213
 ------------------------------------------------------------------------------

 NMR restraints: Bond =    0.000   Angle =     0.000   Torsion =     0.729
===============================================================================

 NSTEP =   235000   TIME(PS) =    2470.000  TEMP(K) =   275.79  PRESS =     0.0
 Etot   =        18.5432  EKtot   =        21.6477  EPtot      =        -3.1045
 BOND   =         7.6794  ANGLE   =        14.1907  DIHED      =        26.8866
 1-4 NB =         3.7337  1-4 EEL =       105.2141  VDWAALS    =        -3.3707
 EELEC  =      -135.6713  EGB     =       -23.7544  RESTRAINT  =         0.0296
 ESURF=         1.9579
 EAMBER (non-restraint)  =        -3.1341
 ------------------------------------------------------------------------------

 NMR restraints: Bond =    0.000   Angle =     0.000   Torsion =     0.030
===============================================================================
| RE_POSITION Moving by   1.240847  9.758097  5.039913

 NSTEP =   240000   TIME(PS) =    2480.000  TEMP(K) =   279.80  PRESS =     0.0
 Etot   =        24.6390  EKtot   =        21.9628  EPtot      =         2.6763
 BOND   =         1.9477  ANGLE   =        22.2694  DIHED      =        29.9677
 1-4 NB =         4.6069  1-4 EEL =       111.3751  VDWAALS    =        -3.4655
 EELEC  =      -144.1138  EGB     =       -21.9123  RESTRAINT  =         0.0467
 ESURF=         1.9545
 EAMBER (non-restraint)  =         2.6296
 ------------------------------------------------------------------------------

 NMR restraints: Bond =    0.000   Angle =     0.000   Torsion =     0.047
===============================================================================

 NSTEP =   245000   TIME(PS) =    2490.000  TEMP(K) =   270.97  PRESS =     0.0
 Etot   =        20.2782  EKtot   =        21.2691  EPtot      =        -0.9909
 BOND   =         3.3659  ANGLE   =        15.4020  DIHED      =        28.2136
 1-4 NB =         5.6121  1-4 EEL =       118.0748  VDWAALS    =        -3.2916
 EELEC  =      -147.7589  EGB     =       -22.6304  RESTRAINT  =         0.0179
 ESURF=         2.0037
 EAMBER (non-restraint)  =        -1.0088
 ------------------------------------------------------------------------------

 NMR restraints: Bond =    0.000   Angle =     0.000   Torsion =     0.018
===============================================================================
| RE_POSITION Moving by   1.897597  2.752785  5.769947

 NSTEP =   250000   TIME(PS) =    2500.000  TEMP(K) =   399.46  PRESS =     0.0
 Etot   =        26.6738  EKtot   =        31.3551  EPtot      =        -4.6813
 BOND   =         5.7599  ANGLE   =        13.8335  DIHED      =        25.9621
 1-4 NB =         4.3548  1-4 EEL =       114.8508  VDWAALS    =        -3.3082
 EELEC  =      -140.8868  EGB     =       -27.9015  RESTRAINT  =         0.7233
 ESURF=         1.9308
 EAMBER (non-restraint)  =        -5.4046
 ------------------------------------------------------------------------------

 NMR restraints: Bond =    0.000   Angle =     0.000   Torsion =     0.723
===============================================================================

 NSTEP =   255000   TIME(PS) =    2510.000  TEMP(K) =   265.24  PRESS =     0.0
 Etot   =        23.1488  EKtot   =        20.8195  EPtot      =         2.3293
 BOND   =         2.9843  ANGLE   =        21.5079  DIHED      =        28.8913
 1-4 NB =         6.1111  1-4 EEL =       112.1213  VDWAALS    =        -2.6381
 EELEC  =      -144.5657  EGB     =       -24.1620  RESTRAINT  =         0.0881
 ESURF=         1.9912
 EAMBER (non-restraint)  =         2.2412
 ------------------------------------------------------------------------------

 NMR restraints: Bond =    0.000   Angle =     0.000   Torsion =     0.088
===============================================================================
| RE_POSITION Moving by   3.415337 -6.109971  7.095931

 NSTEP =   260000   TIME(PS) =    2520.000  TEMP(K) =   290.21  PRESS =     0.0
 Etot   =        18.1307  EKtot   =        22.7795  EPtot      =        -4.6488
 BOND   =         6.2196  ANGLE   =        12.6298  DIHED      =        26.8228
 1-4 NB =         4.2943  1-4 EEL =       112.9214  VDWAALS    =        -3.3685
 EELEC  =      -142.2477  EGB     =       -25.5874  RESTRAINT  =         1.6720
 ESURF=         1.9950
 EAMBER (non-restraint)  =        -6.3208
 ------------------------------------------------------------------------------

 NMR restraints: Bond =    0.000   Angle =     0.000   Torsion =     1.672
===============================================================================

 NSTEP =   265000   TIME(PS) =    2530.000  TEMP(K) =   276.65  PRESS =     0.0
 Etot   =        18.5227  EKtot   =        21.7152  EPtot      =        -3.1924
 BOND   =         4.8948  ANGLE   =        13.3882  DIHED      =        30.8335
 1-4 NB =         5.4931  1-4 EEL =       111.9619  VDWAALS    =        -3.6239
 EELEC  =      -147.4608  EGB     =       -20.7487  RESTRAINT  =         0.1089
 ESURF=         1.9604
 EAMBER (non-restraint)  =        -3.3013
 ------------------------------------------------------------------------------

 NMR restraints: Bond =    0.000   Angle =     0.000   Torsion =     0.109
===============================================================================
| RE_POSITION Moving by   0.287944 -0.177636  0.958658

 NSTEP =   270000   TIME(PS) =    2540.000  TEMP(K) =   302.29  PRESS =     0.0
 Etot   =        22.2928  EKtot   =        23.7280  EPtot      =        -1.4352
 BOND   =         6.5157  ANGLE   =        14.8875  DIHED      =        28.7153
 1-4 NB =         4.9821  1-4 EEL =       112.4316  VDWAALS    =        -2.4469
 EELEC  =      -148.8817  EGB     =       -19.6749  RESTRAINT  =         0.1283
 ESURF=         1.9078
 EAMBER (non-restraint)  =        -1.5635
 ------------------------------------------------------------------------------

 NMR restraints: Bond =    0.000   Angle =     0.000   Torsion =     0.128
===============================================================================

 NSTEP =   275000   TIME(PS) =    2550.000  TEMP(K) =   306.79  PRESS =     0.0
 Etot   =        18.3212  EKtot   =        24.0814  EPtot      =        -5.7602
 BOND   =         1.9429  ANGLE   =        17.2288  DIHED      =        26.9947
 1-4 NB =         4.6400  1-4 EEL =       113.5911  VDWAALS    =        -3.6535
 EELEC  =      -140.5412  EGB     =       -27.8877  RESTRAINT  =         0.0020
 ESURF=         1.9228
 EAMBER (non-restraint)  =        -5.7621
 ------------------------------------------------------------------------------

 NMR restraints: Bond =    0.000   Angle =     0.000   Torsion =     0.002
===============================================================================
| RE_POSITION Moving by  -4.060413 -8.763437 -5.986217

 NSTEP =   280000   TIME(PS) =    2560.000  TEMP(K) =   309.70  PRESS =     0.0
 Etot   =        18.9967  EKtot   =        24.3097  EPtot      =        -5.3130
 BOND   =         4.4204  ANGLE   =        12.7644  DIHED      =        28.1573
 1-4 NB =         4.3742  1-4 EEL =       112.1089  VDWAALS    =        -2.9599
 EELEC  =      -141.8044  EGB     =       -24.6114  RESTRAINT  =         0.2132
 ESURF=         2.0245
 EAMBER (non-restraint)  =        -5.5262
 ------------------------------------------------------------------------------

 NMR restraints: Bond =    0.000   Angle =     0.000   Torsion =     0.213
===============================================================================

 NSTEP =   285000   TIME(PS) =    2570.000  TEMP(K) =   287.93  PRESS =     0.0
 Etot   =        16.4687  EKtot   =        22.6008  EPtot      =        -6.1321
 BOND   =         6.0747  ANGLE   =        10.0085  DIHED      =        28.1386
 1-4 NB =         4.8396  1-4 EEL =       109.4462  VDWAALS    =        -3.2940
 EELEC  =      -139.0517  EGB     =       -24.5070  RESTRAINT  =         0.2226
 ESURF=         1.9904
 EAMBER (non-restraint)  =        -6.3547
 ------------------------------------------------------------------------------

 NMR restraints: Bond =    0.000   Angle =     0.000   Torsion =     0.223
===============================================================================
| RE_POSITION Moving by   6.182487 11.858762 -3.076960

 NSTEP =   290000   TIME(PS) =    2580.000  TEMP(K) =   300.71  PRESS =     0.0
 Etot   =        21.7727  EKtot   =        23.6040  EPtot      =        -1.8313
 BOND   =         3.9616  ANGLE   =        15.5722  DIHED      =        28.6586
 1-4 NB =         3.3575  1-4 EEL =       113.0516  VDWAALS    =        -3.9572
 EELEC  =      -142.2938  EGB     =       -24.0148  RESTRAINT  =         1.8681
 ESURF=         1.9650
 EAMBER (non-restraint)  =        -3.6993
 ------------------------------------------------------------------------------

 NMR restraints: Bond =    0.000   Angle =     0.000   Torsion =     1.868
===============================================================================

 NSTEP =   295000   TIME(PS) =    2590.000  TEMP(K) =   416.61  PRESS =     0.0
 Etot   =        32.5487  EKtot   =        32.7011  EPtot      =        -0.1524
 BOND   =         5.9731  ANGLE   =        18.8757  DIHED      =        29.3111
 1-4 NB =         4.5278  1-4 EEL =       112.6955  VDWAALS    =        -3.7734
 EELEC  =      -143.8088  EGB     =       -26.3382  RESTRAINT  =         0.4044
 ESURF=         1.9803
 EAMBER (non-restraint)  =        -0.5569
 ------------------------------------------------------------------------------

 NMR restraints: Bond =    0.000   Angle =     0.000   Torsion =     0.404
===============================================================================
| RE_POSITION Moving by   3.440247 -0.398792  1.122262

 NSTEP =   300000   TIME(PS) =    2600.000  TEMP(K) =   307.91  PRESS =     0.0
 Etot   =        16.6133  EKtot   =        24.1694  EPtot      =        -7.5560
 BOND   =         3.3528  ANGLE   =        12.6762  DIHED      =        27.3075
 1-4 NB =         5.4050  1-4 EEL =       114.1060  VDWAALS    =        -3.7656
 EELEC  =      -143.8128  EGB     =       -24.8902  RESTRAINT  =         0.0799
 ESURF=         1.9852
 EAMBER (non-restraint)  =        -7.6359
 ------------------------------------------------------------------------------

 NMR restraints: Bond =    0.000   Angle =     0.000   Torsion =     0.080
===============================================================================

 NSTEP =   305000   TIME(PS) =    2610.000  TEMP(K) =   316.28  PRESS =     0.0
 Etot   =        31.5955  EKtot   =        24.8261  EPtot      =         6.7694
 BOND   =         4.2981  ANGLE   =        23.6361  DIHED      =        30.8589
 1-4 NB =         4.2414  1-4 EEL =       107.5389  VDWAALS    =        -3.4849
 EELEC  =      -138.8778  EGB     =       -23.5759  RESTRAINT  =         0.1192
 ESURF=         2.0153
 EAMBER (non-restraint)  =         6.6502
 ------------------------------------------------------------------------------

 NMR restraints: Bond =    0.000   Angle =     0.000   Torsion =     0.119
===============================================================================
| RE_POSITION Moving by  -2.610564 -2.094021  2.148832

 NSTEP =   310000   TIME(PS) =    2620.000  TEMP(K) =   402.00  PRESS =     0.0
 Etot   =        35.4363  EKtot   =        31.5548  EPtot      =         3.8815
 BOND   =         6.3625  ANGLE   =        19.6345  DIHED      =        27.7871
 1-4 NB =         6.2057  1-4 EEL =       113.9876  VDWAALS    =        -4.5059
 EELEC  =      -144.8645  EGB     =       -22.7462  RESTRAINT  =         0.0860
 ESURF=         1.9346
 EAMBER (non-restraint)  =         3.7955
 ------------------------------------------------------------------------------

 NMR restraints: Bond =    0.000   Angle =     0.000   Torsion =     0.086
===============================================================================

 NSTEP =   315000   TIME(PS) =    2630.000  TEMP(K) =   250.80  PRESS =     0.0
 Etot   =        12.0394  EKtot   =        19.6864  EPtot      =        -7.6470
 BOND   =         3.5322  ANGLE   =        14.1458  DIHED      =        25.5257
 1-4 NB =         5.9367  1-4 EEL =       112.0452  VDWAALS    =        -3.7770
 EELEC  =      -144.8270  EGB     =       -22.1652  RESTRAINT  =         0.0038
 ESURF=         1.9328
 EAMBER (non-restraint)  =        -7.6508
 ------------------------------------------------------------------------------

 NMR restraints: Bond =    0.000   Angle =     0.000   Torsion =     0.004
===============================================================================
| RE_POSITION Moving by   3.569461  2.141745 -4.675455

 NSTEP =   320000   TIME(PS) =    2640.000  TEMP(K) =   357.59  PRESS =     0.0
 Etot   =        26.2891  EKtot   =        28.0687  EPtot      =        -1.7796
 BOND   =         5.6986  ANGLE   =        12.1776  DIHED      =        29.2239
 1-4 NB =         5.9655  1-4 EEL =       112.4077  VDWAALS    =        -4.4295
 EELEC  =      -146.6482  EGB     =       -20.8411  RESTRAINT  =         2.7776
 ESURF=         1.8883
 EAMBER (non-restraint)  =        -4.5572
 ------------------------------------------------------------------------------

 NMR restraints: Bond =    0.000   Angle =     0.000   Torsion =     2.778
===============================================================================

 NSTEP =   325000   TIME(PS) =    2650.000  TEMP(K) =   317.31  PRESS =     0.0
 Etot   =        21.1735  EKtot   =        24.9066  EPtot      =        -3.7331
 BOND   =         3.2707  ANGLE   =        18.1039  DIHED      =        25.7662
 1-4 NB =         6.1121  1-4 EEL =       108.2892  VDWAALS    =        -3.1128
 EELEC  =      -140.7158  EGB     =       -23.5108  RESTRAINT  =         0.0594
 ESURF=         2.0048
 EAMBER (non-restraint)  =        -3.7925
 ------------------------------------------------------------------------------

 NMR restraints: Bond =    0.000   Angle =     0.000   Torsion =     0.059
===============================================================================
| RE_POSITION Moving by  -6.165091 -3.692259  2.566261

 NSTEP =   330000   TIME(PS) =    2660.000  TEMP(K) =   274.33  PRESS =     0.0
 Etot   =        26.3994  EKtot   =        21.5331  EPtot      =         4.8663
 BOND   =         5.0336  ANGLE   =        21.9069  DIHED      =        30.7924
 1-4 NB =         4.7543  1-4 EEL =       112.2080  VDWAALS    =        -3.9599
 EELEC  =      -145.7629  EGB     =       -22.1178  RESTRAINT  =         0.0916
 ESURF=         1.9203
 EAMBER (non-restraint)  =         4.7747
 ------------------------------------------------------------------------------

 NMR restraints: Bond =    0.000   Angle =     0.000   Torsion =     0.092
===============================================================================

 NSTEP =   335000   TIME(PS) =    2670.000  TEMP(K) =   290.04  PRESS =     0.0
 Etot   =        22.6097  EKtot   =        22.7663  EPtot      =        -0.1565
 BOND   =         4.4208  ANGLE   =        18.9204  DIHED      =        29.4694
 1-4 NB =         4.3874  1-4 EEL =       109.4902  VDWAALS    =        -4.5712
 EELEC  =      -145.1376  EGB     =       -20.5457  RESTRAINT  =         1.5122
 ESURF=         1.8977
 EAMBER (non-restraint)  =        -1.6687
 ------------------------------------------------------------------------------

 NMR restraints: Bond =    0.000   Angle =     0.000   Torsion =     1.512
===============================================================================
| RE_POSITION Moving by  -3.088938 -8.959780  0.588923

 NSTEP =   340000   TIME(PS) =    2680.000  TEMP(K) =   293.04  PRESS =     0.0
 Etot   =        14.9465  EKtot   =        23.0019  EPtot      =        -8.0555
 BOND   =         5.1382  ANGLE   =        17.1635  DIHED      =        25.4233
 1-4 NB =         3.6634  1-4 EEL =       104.2571  VDWAALS    =        -3.8987
 EELEC  =      -137.8595  EGB     =       -24.0264  RESTRAINT  =         0.0720
 ESURF=         2.0116
 EAMBER (non-restraint)  =        -8.1275
 ------------------------------------------------------------------------------

 NMR restraints: Bond =    0.000   Angle =     0.000   Torsion =     0.072
===============================================================================

 NSTEP =   345000   TIME(PS) =    2690.000  TEMP(K) =   325.55  PRESS =     0.0
 Etot   =        21.6913  EKtot   =        25.5534  EPtot      =        -3.8621
 BOND   =         7.2495  ANGLE   =        13.2687  DIHED      =        27.9801
 1-4 NB =         5.1683  1-4 EEL =       112.7165  VDWAALS    =        -4.2350
 EELEC  =      -145.7094  EGB     =       -22.3744  RESTRAINT  =         0.1508
 ESURF=         1.9229
 EAMBER (non-restraint)  =        -4.0130
 ------------------------------------------------------------------------------

 NMR restraints: Bond =    0.000   Angle =     0.000   Torsion =     0.151
===============================================================================
| RE_POSITION Moving by  -3.909430 -0.848316 -1.743807

 NSTEP =   350000   TIME(PS) =    2700.000  TEMP(K) =   268.15  PRESS =     0.0
 Etot   =        13.5473  EKtot   =        21.0484  EPtot      =        -7.5011
 BOND   =         4.2993  ANGLE   =        14.0041  DIHED      =        24.7760
 1-4 NB =         5.2270  1-4 EEL =       110.5105  VDWAALS    =        -2.2099
 EELEC  =      -143.4923  EGB     =       -22.6213  RESTRAINT  =         0.0007
 ESURF=         2.0049
 EAMBER (non-restraint)  =        -7.5018
 ------------------------------------------------------------------------------

 NMR restraints: Bond =    0.000   Angle =     0.000   Torsion =     0.001
===============================================================================

 NSTEP =   355000   TIME(PS) =    2710.000  TEMP(K) =   317.12  PRESS =     0.0
 Etot   =        16.2239  EKtot   =        24.8920  EPtot      =        -8.6681
 BOND   =         3.2616  ANGLE   =        10.9348  DIHED      =        27.6048
 1-4 NB =         5.0862  1-4 EEL =       114.5250  VDWAALS    =        -4.0353
 EELEC  =      -149.8699  EGB     =       -19.8361  RESTRAINT  =         1.7383
 ESURF=         1.9225
 EAMBER (non-restraint)  =       -10.4064
 ------------------------------------------------------------------------------

 NMR restraints: Bond =    0.000   Angle =     0.000   Torsion =     1.738
===============================================================================
| RE_POSITION Moving by   3.877404-10.916066-10.390093

 NSTEP =   360000   TIME(PS) =    2720.000  TEMP(K) =   338.37  PRESS =     0.0
 Etot   =        18.9449  EKtot   =        26.5602  EPtot      =        -7.6153
 BOND   =         3.2816  ANGLE   =        13.4216  DIHED      =        29.0250
 1-4 NB =         4.3581  1-4 EEL =       109.1908  VDWAALS    =        -3.6326
 EELEC  =      -142.2479  EGB     =       -23.2353  RESTRAINT  =         0.3312
 ESURF=         1.8924
 EAMBER (non-restraint)  =        -7.9465
 ------------------------------------------------------------------------------

 NMR restraints: Bond =    0.000   Angle =     0.000   Torsion =     0.331
===============================================================================

 NSTEP =   365000   TIME(PS) =    2730.000  TEMP(K) =   237.97  PRESS =     0.0
 Etot   =        15.1572  EKtot   =        18.6795  EPtot      =        -3.5223
 BOND   =         2.9645  ANGLE   =        16.2445  DIHED      =        28.3199
 1-4 NB =         5.5083  1-4 EEL =       113.4542  VDWAALS    =        -3.5166
 EELEC  =      -145.8313  EGB     =       -22.6389  RESTRAINT  =         0.0460
 ESURF=         1.9272
 EAMBER (non-restraint)  =        -3.5683
 ------------------------------------------------------------------------------

 NMR restraints: Bond =    0.000   Angle =     0.000   Torsion =     0.046
===============================================================================
| RE_POSITION Moving by   3.944894 -0.202868  3.086229

 NSTEP =   370000   TIME(PS) =    2740.000  TEMP(K) =   374.35  PRESS =     0.0
 Etot   =        29.7240  EKtot   =        29.3846  EPtot      =         0.3393
 BOND   =         5.5744  ANGLE   =        20.5059  DIHED      =        28.6089
 1-4 NB =         4.3180  1-4 EEL =       108.8368  VDWAALS    =        -3.9837
 EELEC  =      -142.8740  EGB     =       -22.7685  RESTRAINT  =         0.1871
 ESURF=         1.9344
 EAMBER (non-restraint)  =         0.1522
 ------------------------------------------------------------------------------

 NMR restraints: Bond =    0.000   Angle =     0.000   Torsion =     0.187
===============================================================================

 NSTEP =   375000   TIME(PS) =    2750.000  TEMP(K) =   297.56  PRESS =     0.0
 Etot   =        14.8310  EKtot   =        23.3567  EPtot      =        -8.5258
 BOND   =         5.0755  ANGLE   =        12.7244  DIHED      =        27.2804
 1-4 NB =         5.1286  1-4 EEL =       106.3764  VDWAALS    =        -3.8157
 EELEC  =      -142.7035  EGB     =       -21.5065  RESTRAINT  =         0.9903
 ESURF=         1.9245
 EAMBER (non-restraint)  =        -9.5161
 ------------------------------------------------------------------------------

 NMR restraints: Bond =    0.000   Angle =     0.000   Torsion =     0.990
===============================================================================
| RE_POSITION Moving by  -0.567430 -0.555156 -4.818844

 NSTEP =   380000   TIME(PS) =    2760.000  TEMP(K) =   312.67  PRESS =     0.0
 Etot   =        20.0717  EKtot   =        24.5430  EPtot      =        -4.4712
 BOND   =         3.0464  ANGLE   =        16.1737  DIHED      =        25.7230
 1-4 NB =         5.7366  1-4 EEL =       113.3622  VDWAALS    =        -3.7892
 EELEC  =      -144.1182  EGB     =       -23.3360  RESTRAINT  =         0.7681
 ESURF=         1.9622
 EAMBER (non-restraint)  =        -5.2393
 ------------------------------------------------------------------------------

 NMR restraints: Bond =    0.000   Angle =     0.000   Torsion =     0.768
===============================================================================

 NSTEP =   385000   TIME(PS) =    2770.000  TEMP(K) =   304.28  PRESS =     0.0
 Etot   =        21.7411  EKtot   =        23.8843  EPtot      =        -2.1432
 BOND   =         3.5019  ANGLE   =        13.7885  DIHED      =        29.0641
 1-4 NB =         4.7947  1-4 EEL =       114.3990  VDWAALS    =        -1.8019
 EELEC  =      -145.4104  EGB     =       -23.8587  RESTRAINT  =         1.4641
 ESURF=         1.9156
 EAMBER (non-restraint)  =        -3.6073
 ------------------------------------------------------------------------------

 NMR restraints: Bond =    0.000   Angle =     0.000   Torsion =     1.464
===============================================================================
| RE_POSITION Moving by   1.740260  5.642338 -0.822145

 NSTEP =   390000   TIME(PS) =    2780.000  TEMP(K) =   254.82  PRESS =     0.0
 Etot   =        15.4669  EKtot   =        20.0017  EPtot      =        -4.5347
 BOND   =         5.1221  ANGLE   =        14.8102  DIHED      =        29.5671
 1-4 NB =         3.0341  1-4 EEL =       107.3581  VDWAALS    =        -3.1406
 EELEC  =      -138.9635  EGB     =       -24.6914  RESTRAINT  =         0.3747
 ESURF=         1.9945
 EAMBER (non-restraint)  =        -4.9094
 ------------------------------------------------------------------------------

 NMR restraints: Bond =    0.000   Angle =     0.000   Torsion =     0.375
===============================================================================

 NSTEP =   395000   TIME(PS) =    2790.000  TEMP(K) =   274.58  PRESS =     0.0
 Etot   =        21.6065  EKtot   =        21.5530  EPtot      =         0.0535
 BOND   =         5.9730  ANGLE   =        17.2888  DIHED      =        27.6033
 1-4 NB =         4.7756  1-4 EEL =       109.9284  VDWAALS    =        -4.0730
 EELEC  =      -141.7043  EGB     =       -22.2919  RESTRAINT  =         0.6207
 ESURF=         1.9330
 EAMBER (non-restraint)  =        -0.5671
 ------------------------------------------------------------------------------

 NMR restraints: Bond =    0.000   Angle =     0.000   Torsion =     0.621
===============================================================================
| RE_POSITION Moving by  -4.089263  1.240547 -0.491370

 NSTEP =   400000   TIME(PS) =    2800.000  TEMP(K) =   291.59  PRESS =     0.0
 Etot   =        22.7353  EKtot   =        22.8878  EPtot      =        -0.1525
 BOND   =         5.7988  ANGLE   =        15.3840  DIHED      =        28.5542
 1-4 NB =         4.8863  1-4 EEL =       113.5115  VDWAALS    =        -3.1503
 EELEC  =      -143.2435  EGB     =       -23.9265  RESTRAINT  =         0.0636
 ESURF=         1.9696
 EAMBER (non-restraint)  =        -0.2161
 ------------------------------------------------------------------------------

 NMR restraints: Bond =    0.000   Angle =     0.000   Torsion =     0.064
===============================================================================

 NSTEP =   405000   TIME(PS) =    2810.000  TEMP(K) =   302.26  PRESS =     0.0
 Etot   =        14.5124  EKtot   =        23.7259  EPtot      =        -9.2135
 BOND   =         4.8672  ANGLE   =        12.3529  DIHED      =        26.8293
 1-4 NB =         4.5716  1-4 EEL =       110.8881  VDWAALS    =        -4.3157
 EELEC  =      -144.3268  EGB     =       -22.5423  RESTRAINT  =         0.5523
 ESURF=         1.9100
 EAMBER (non-restraint)  =        -9.7658
 ------------------------------------------------------------------------------

 NMR restraints: Bond =    0.000   Angle =     0.000   Torsion =     0.552
===============================================================================
| RE_POSITION Moving by   3.850711 -1.186464 -1.069205

 NSTEP =   410000   TIME(PS) =    2820.000  TEMP(K) =   243.88  PRESS =     0.0
 Etot   =        17.0345  EKtot   =        19.1428  EPtot      =        -2.1082
 BOND   =         4.3440  ANGLE   =        12.8535  DIHED      =        30.5549
 1-4 NB =         4.5479  1-4 EEL =       117.7424  VDWAALS    =        -3.4473
 EELEC  =      -144.5474  EGB     =       -26.0971  RESTRAINT  =         0.0194
 ESURF=         1.9214
 EAMBER (non-restraint)  =        -2.1277
 ------------------------------------------------------------------------------

 NMR restraints: Bond =    0.000   Angle =     0.000   Torsion =     0.019
===============================================================================

 NSTEP =   415000   TIME(PS) =    2830.000  TEMP(K) =   208.50  PRESS =     0.0
 Etot   =        13.5545  EKtot   =        16.3661  EPtot      =        -2.8116
 BOND   =         6.2481  ANGLE   =        11.0615  DIHED      =        30.2868
 1-4 NB =         6.4864  1-4 EEL =       108.6914  VDWAALS    =        -2.7047
 EELEC  =      -144.5309  EGB     =       -20.3024  RESTRAINT  =         0.0665
 ESURF=         1.8857
 EAMBER (non-restraint)  =        -2.8781
 ------------------------------------------------------------------------------

 NMR restraints: Bond =    0.000   Angle =     0.000   Torsion =     0.066
===============================================================================
| RE_POSITION Moving by  -4.261808 -2.914178  5.078105

 NSTEP =   420000   TIME(PS) =    2840.000  TEMP(K) =   295.57  PRESS =     0.0
 Etot   =        24.4287  EKtot   =        23.2001  EPtot      =         1.2285
 BOND   =         4.1271  ANGLE   =        17.8679  DIHED      =        29.4276
 1-4 NB =         4.2843  1-4 EEL =       112.1202  VDWAALS    =        -2.7520
 EELEC  =      -139.2749  EGB     =       -26.9026  RESTRAINT  =         0.3415
 ESURF=         1.9897
 EAMBER (non-restraint)  =         0.8871
 ------------------------------------------------------------------------------

 NMR restraints: Bond =    0.000   Angle =     0.000   Torsion =     0.341
===============================================================================

 NSTEP =   425000   TIME(PS) =    2850.000  TEMP(K) =   233.72  PRESS =     0.0
 Etot   =        17.0196  EKtot   =        18.3460  EPtot      =        -1.3264
 BOND   =         7.1957  ANGLE   =        16.0391  DIHED      =        26.5735
 1-4 NB =         5.4626  1-4 EEL =       116.4587  VDWAALS    =        -3.2200
 EELEC  =      -145.1750  EGB     =       -26.6450  RESTRAINT  =         0.0067
 ESURF=         1.9774
 EAMBER (non-restraint)  =        -1.3331
 ------------------------------------------------------------------------------

 NMR restraints: Bond =    0.000   Angle =     0.000   Torsion =     0.007
===============================================================================
| RE_POSITION Moving by   0.657750 -6.200355 -6.212986

 NSTEP =   430000   TIME(PS) =    2860.000  TEMP(K) =   240.38  PRESS =     0.0
 Etot   =        21.0687  EKtot   =        18.8682  EPtot      =         2.2005
 BOND   =         3.1114  ANGLE   =        17.3152  DIHED      =        32.6398
 1-4 NB =         4.2358  1-4 EEL =       113.2485  VDWAALS    =        -3.7099
 EELEC  =      -145.2407  EGB     =       -21.5056  RESTRAINT  =         0.2310
 ESURF=         1.8748
 EAMBER (non-restraint)  =         1.9695
 ------------------------------------------------------------------------------

 NMR restraints: Bond =    0.000   Angle =     0.000   Torsion =     0.231
===============================================================================

 NSTEP =   435000   TIME(PS) =    2870.000  TEMP(K) =   252.22  PRESS =     0.0
 Etot   =        14.9434  EKtot   =        19.7979  EPtot      =        -4.8545
 BOND   =         6.1052  ANGLE   =        14.9615  DIHED      =        27.4865
 1-4 NB =         2.8638  1-4 EEL =       112.2232  VDWAALS    =        -4.0312
 EELEC  =      -142.7900  EGB     =       -24.3001  RESTRAINT  =         0.6613
 ESURF=         1.9653
 EAMBER (non-restraint)  =        -5.5158
 ------------------------------------------------------------------------------

 NMR restraints: Bond =    0.000   Angle =     0.000   Torsion =     0.661
===============================================================================
| RE_POSITION Moving by   6.738853  0.281918 -0.097657

 NSTEP =   440000   TIME(PS) =    2880.000  TEMP(K) =   294.65  PRESS =     0.0
 Etot   =        21.7192  EKtot   =        23.1284  EPtot      =        -1.4092
 BOND   =         4.5767  ANGLE   =        16.0994  DIHED      =        27.4047
 1-4 NB =         4.9344  1-4 EEL =       110.9901  VDWAALS    =        -1.9381
 EELEC  =      -142.3107  EGB     =       -23.2447  RESTRAINT  =         0.0785
 ESURF=         2.0006
 EAMBER (non-restraint)  =        -1.4877
 ------------------------------------------------------------------------------

 NMR restraints: Bond =    0.000   Angle =     0.000   Torsion =     0.079
===============================================================================

 NSTEP =   445000   TIME(PS) =    2890.000  TEMP(K) =   322.01  PRESS =     0.0
 Etot   =        19.8312  EKtot   =        25.2759  EPtot      =        -5.4447
 BOND   =         3.3329  ANGLE   =        11.2827  DIHED      =        27.4138
 1-4 NB =         6.5005  1-4 EEL =       113.3638  VDWAALS    =        -2.4075
 EELEC  =      -143.8728  EGB     =       -23.0414  RESTRAINT  =         0.0129
 ESURF=         1.9705
 EAMBER (non-restraint)  =        -5.4576
 ------------------------------------------------------------------------------

 NMR restraints: Bond =    0.000   Angle =     0.000   Torsion =     0.013
===============================================================================
| RE_POSITION Moving by   2.829447 -4.262761 -0.922569

 NSTEP =   450000   TIME(PS) =    2900.000  TEMP(K) =   286.12  PRESS =     0.0
 Etot   =        21.4177  EKtot   =        22.4589  EPtot      =        -1.0412
 BOND   =         8.4452  ANGLE   =        15.3786  DIHED      =        26.4851
 1-4 NB =         3.6190  1-4 EEL =       110.4294  VDWAALS    =        -2.9391
 EELEC  =      -142.1984  EGB     =       -23.4789  RESTRAINT  =         1.1789
 ESURF=         2.0389
 EAMBER (non-restraint)  =        -2.2201
 ------------------------------------------------------------------------------

 NMR restraints: Bond =    0.000   Angle =     0.000   Torsion =     1.179
===============================================================================

 NSTEP =   455000   TIME(PS) =    2910.000  TEMP(K) =   300.26  PRESS =     0.0
 Etot   =        19.8288  EKtot   =        23.5687  EPtot      =        -3.7399
 BOND   =         6.3495  ANGLE   =        11.5604  DIHED      =        27.4301
 1-4 NB =         4.6432  1-4 EEL =       112.5707  VDWAALS    =        -3.4136
 EELEC  =      -140.8699  EGB     =       -24.2994  RESTRAINT  =         0.3336
 ESURF=         1.9554
 EAMBER (non-restraint)  =        -4.0735
 ------------------------------------------------------------------------------

 NMR restraints: Bond =    0.000   Angle =     0.000   Torsion =     0.334
===============================================================================
| RE_POSITION Moving by   8.518070  0.136024  2.655246

 NSTEP =   460000   TIME(PS) =    2920.000  TEMP(K) =   346.65  PRESS =     0.0
 Etot   =        32.1544  EKtot   =        27.2098  EPtot      =         4.9446
 BOND   =         7.7100  ANGLE   =        15.2967  DIHED      =        32.2214
 1-4 NB =         5.9405  1-4 EEL =       113.8825  VDWAALS    =        -3.4480
 EELEC  =      -146.3156  EGB     =       -22.4743  RESTRAINT  =         0.1590
 ESURF=         1.9724
 EAMBER (non-restraint)  =         4.7855
 ------------------------------------------------------------------------------

 NMR restraints: Bond =    0.000   Angle =     0.000   Torsion =     0.159
===============================================================================

 NSTEP =   465000   TIME(PS) =    2930.000  TEMP(K) =   233.79  PRESS =     0.0
 Etot   =        15.9086  EKtot   =        18.3512  EPtot      =        -2.4426
 BOND   =         5.8151  ANGLE   =        12.2556  DIHED      =        27.4622
 1-4 NB =         5.1340  1-4 EEL =       111.3987  VDWAALS    =        -3.1776
 EELEC  =      -141.5755  EGB     =       -23.0108  RESTRAINT  =         1.3426
 ESURF=         1.9131
 EAMBER (non-restraint)  =        -3.7852
 ------------------------------------------------------------------------------

 NMR restraints: Bond =    0.000   Angle =     0.000   Torsion =     1.343
===============================================================================
| RE_POSITION Moving by  -4.063863 -0.095845 -5.901029

 NSTEP =   470000   TIME(PS) =    2940.000  TEMP(K) =   415.22  PRESS =     0.0
 Etot   =        26.7215  EKtot   =        32.5920  EPtot      =        -5.8705
 BOND   =         6.1832  ANGLE   =        16.5782  DIHED      =        26.8294
 1-4 NB =         3.9971  1-4 EEL =       109.9167  VDWAALS    =        -3.8737
 EELEC  =      -147.7853  EGB     =       -19.6730  RESTRAINT  =         0.0653
 ESURF=         1.8914
 EAMBER (non-restraint)  =        -5.9358
 ------------------------------------------------------------------------------

 NMR restraints: Bond =    0.000   Angle =     0.000   Torsion =     0.065
===============================================================================

 NSTEP =   475000   TIME(PS) =    2950.000  TEMP(K) =   282.88  PRESS =     0.0
 Etot   =        18.1301  EKtot   =        22.2045  EPtot      =        -4.0744
 BOND   =         3.7587  ANGLE   =        16.7617  DIHED      =        28.5196
 1-4 NB =         5.6717  1-4 EEL =       109.4041  VDWAALS    =        -2.7326
 EELEC  =      -145.2680  EGB     =       -22.3080  RESTRAINT  =         0.1391
 ESURF=         1.9794
 EAMBER (non-restraint)  =        -4.2135
 ------------------------------------------------------------------------------

 NMR restraints: Bond =    0.000   Angle =     0.000   Torsion =     0.139
===============================================================================
| RE_POSITION Moving by  -0.540795 -9.185037 -2.420714

 NSTEP =   480000   TIME(PS) =    2960.000  TEMP(K) =   290.86  PRESS =     0.0
 Etot   =        22.3994  EKtot   =        22.8306  EPtot      =        -0.4312
 BOND   =         5.2630  ANGLE   =        16.0251  DIHED      =        27.4922
 1-4 NB =         5.2034  1-4 EEL =       113.4146  VDWAALS    =        -2.8209
 EELEC  =      -142.3367  EGB     =       -26.4039  RESTRAINT  =         1.7465
 ESURF=         1.9855
 EAMBER (non-restraint)  =        -2.1777
 ------------------------------------------------------------------------------

 NMR restraints: Bond =    0.000   Angle =     0.000   Torsion =     1.746
===============================================================================

 NSTEP =   485000   TIME(PS) =    2970.000  TEMP(K) =   317.60  PRESS =     0.0
 Etot   =        24.9659  EKtot   =        24.9301  EPtot      =         0.0359
 BOND   =         7.4247  ANGLE   =        17.4403  DIHED      =        26.3669
 1-4 NB =         3.3768  1-4 EEL =       110.6062  VDWAALS    =        -2.6721
 EELEC  =      -140.1408  EGB     =       -25.2287  RESTRAINT  =         0.8877
 ESURF=         1.9750
 EAMBER (non-restraint)  =        -0.8518
 ------------------------------------------------------------------------------

 NMR restraints: Bond =    0.000   Angle =     0.000   Torsion =     0.888
===============================================================================
| RE_POSITION Moving by  -7.431093 -1.989578  8.747458

 NSTEP =   490000   TIME(PS) =    2980.000  TEMP(K) =   202.65  PRESS =     0.0
 Etot   =        13.7931  EKtot   =        15.9065  EPtot      =        -2.1134
 BOND   =         7.1237  ANGLE   =        17.0208  DIHED      =        25.3503
 1-4 NB =         4.4235  1-4 EEL =       111.6287  VDWAALS    =        -3.3937
 EELEC  =      -140.7328  EGB     =       -26.6882  RESTRAINT  =         1.1601
 ESURF=         1.9942
 EAMBER (non-restraint)  =        -3.2735
 ------------------------------------------------------------------------------

 NMR restraints: Bond =    0.000   Angle =     0.000   Torsion =     1.160
===============================================================================

 NSTEP =   495000   TIME(PS) =    2990.000  TEMP(K) =   240.43  PRESS =     0.0
 Etot   =        14.0052  EKtot   =        18.8725  EPtot      =        -4.8673
 BOND   =         4.0278  ANGLE   =        10.9741  DIHED      =        31.0117
 1-4 NB =         4.5785  1-4 EEL =       110.9722  VDWAALS    =        -3.1388
 EELEC  =      -139.9661  EGB     =       -25.9757  RESTRAINT  =         0.7316
 ESURF=         1.9173
 EAMBER (non-restraint)  =        -5.5990
 ------------------------------------------------------------------------------

 NMR restraints: Bond =    0.000   Angle =     0.000   Torsion =     0.732
===============================================================================
| RE_POSITION Moving by   2.175498  2.822361 -2.223719

 NSTEP =   500000   TIME(PS) =    3000.000  TEMP(K) =   347.58  PRESS =     0.0
 Etot   =        27.0072  EKtot   =        27.2827  EPtot      =        -0.2755
 BOND   =         5.2394  ANGLE   =        13.9943  DIHED      =        31.8438
 1-4 NB =         4.3829  1-4 EEL =       115.6734  VDWAALS    =        -3.2683
 EELEC  =      -143.9477  EGB     =       -26.2407  RESTRAINT  =         0.0583
 ESURF=         1.9891
 EAMBER (non-restraint)  =        -0.3339
 ------------------------------------------------------------------------------

 NMR restraints: Bond =    0.000   Angle =     0.000   Torsion =     0.058
===============================================================================

      A V E R A G E S   O V E R  500000 S T E P S


 NSTEP =   500000   TIME(PS) =    3000.000  TEMP(K) =   297.85  PRESS =     0.0
 Etot   =        20.8678  EKtot   =        23.3798  EPtot      =        -2.5119
 BOND   =         5.4542  ANGLE   =        15.3393  DIHED      =        28.1540
 1-4 NB =         4.7323  1-4 EEL =       111.0536  VDWAALS    =        -3.3248
 EELEC  =      -142.5916  EGB     =       -23.7047  RESTRAINT  =         0.4233
 ESURF=         1.9525
 EAMBER (non-restraint)  =        -2.9352
 ------------------------------------------------------------------------------

 NMR restraints: Bond =    0.000   Angle =     0.000   Torsion =     0.058
===============================================================================

      R M S  F L U C T U A T I O N S


 NSTEP =   500000   TIME(PS) =    3000.000  TEMP(K) =    47.92  PRESS =     0.0
 Etot   =         5.3637  EKtot   =         3.7615  EPtot      =         3.7760
 BOND   =         2.0007  ANGLE   =         3.1823  DIHED      =         1.6356
 1-4 NB =         0.9755  1-4 EEL =         3.0090  VDWAALS    =         0.8134
 EELEC  =         3.4114  EGB     =         2.4223  RESTRAINT  =         0.5772
 ESURF=         0.0418
 EAMBER (non-restraint)  =         3.1988
 ------------------------------------------------------------------------------


 NMR restraints on final step:


--------------------------------------------------------------------------------
   5.  TIMINGS
--------------------------------------------------------------------------------

|>>>>>>>>PROFILE of Average TIMES>>>>>>>>> 
|                Calc gb radii             27.65 ( 7.91% of Gen B)
|                Communicate gb radii     221.29 (63.27% of Gen B)
|                Calc gb diag              39.30 (11.24% of Gen B)
|                Calc gb off-diag          25.30 ( 7.23% of Gen B)
|                Surface area energy       35.55 (10.16% of Gen B)
|                Other                      0.65 ( 0.19% of Gen B)
|             Gen Born time            349.74 (100.0% of Nonbo)
|             IPS excludes               0.09 ( 0.03% of Nonbo)
|          Nonbond force            349.83 (29.22% of Force)
|          Bond/Angle/Dihedral       12.23 ( 1.02% of Force)
|          FRC Collect time         604.20 (50.47% of Force)
|          Other                    230.94 (19.29% of Force)
|       Force time              1197.20 (78.32% of Runmd)
|       Shake time                 1.60 ( 0.10% of Runmd)
|       Verlet update time       259.52 (16.98% of Runmd)
|       CRD distribute time       69.25 ( 4.53% of Runmd)
|       Other                      1.12 ( 0.07% of Runmd)
|    Runmd Time              1528.69 (100.0% of Total)
|    Other                      0.16 ( 0.01% of Total)
| Total time              1528.85 (100.0% of ALL  )

| Number of list builds   :          0

| Highest rstack allocated:          0
| Highest istack allocated:          0

| Final Performance Info:
| -----------------------------------------------------
| Average timings for all steps:
|     Elapsed(s) =    1528.69 Per Step(ms) =       3.06
|         ns/day =      56.52   seconds/ns =    1528.69
| -----------------------------------------------------

|           Job began  at 20:31:41.691  on 04/27/2013
|           Setup done at 20:31:41.852  on 04/27/2013
|           Run   done at 20:57:10.539  on 04/27/2013
|     wallclock() was called18500113 times
