
          -------------------------------------------------------
          Amber 12 SANDER                              2012
          -------------------------------------------------------

| Run on 04/27/2013 at 20:31:41
  [-O]verwriting output

File Assignments:
|  MDIN: run_3.in                                                              
| MDOUT: run_3.out                                                             
|INPCRD: ../eq2/run_3.rst                                                      
|  PARM: parm                                                                  
|RESTRT: run_3.rst                                                             
|  REFC: refc                                                                  
| MDVEL: mdvel                                                                 
|  MDEN: mden                                                                  
| MDCRD: run_3.nc                                                              
|MDINFO: mdinfo                                                                
|  MTMD: mtmd                                                                  
|INPDIP: inpdip                                                                
|RSTDIP: rstdip                                                                

|INPTRA: inptraj                                                               
|
 
 Here is the input file:
 
equilibration with restraint                                                   
 &cntrl                                                                        
   ig=594482,                                                                  
   irest=1, ntx=5,                                                             
   igb=8, gbsa=1,                                                              
   cut=9999.0, rgbmax=9998.0,                                                  
   ntc=2, ntf=1, tol=0.000001,                                                 
   ntt=3, gamma_ln=2.0, tempi=0.1,                                             
   ntb=0, nscm=10000,                                                          
   ioutfm=1,                                                                   
   nstlim=500000, dt=0.002,                                                    
   ntpr=5000, ntwx=5000, ntwv=0, ntwr=500000,                                  
   nmropt=1,                                                                   
 /                                                                             
 &wt                                                                           
  type='DUMPFREQ', istep1=5000,                                                
 /                                                                             
 &wt                                                                           
  type='END',                                                                  
 /                                                                             
DISANG=run_3.disang                                                            
DUMPAVE=run_3.dat                                                              
                                                                               

--------------------------------------------------------------------------------
   1.  RESOURCE   USE: 
--------------------------------------------------------------------------------

| Flags: MPI                                                                    
| New format PARM file being parsed.
| Version =    1.000 Date = 04/27/13 Time = 01:42:54
 NATOM  =      32 NTYPES =       7 NBONH =      17 MBONA  =      14
 NTHETH =      36 MTHETA =      18 NPHIH =      64 MPHIA  =      45
 NHPARM =       0 NPARM  =       0 NNB   =     152 NRES   =       4
 NBONA  =      14 NTHETA =      18 NPHIA =      45 NUMBND =      11
 NUMANG =      21 NPTRA  =      20 NATYP =       8 NPHB   =       0
 IFBOX  =       0 NMXRS  =      10 IFCAP =       0 NEXTRA =       0
 NCOPY  =       0

 Implicit solvent radii are ArgH and AspGluO modified Bondi2 radii (mbondi3)                                
 Replacing prmtop screening parameters with GBn2 (igb=8) values

|     Memory Use     Allocated
|     Real                2310
|     Hollerith            102
|     Integer            23012
|     Max Pairs              1
|     nblistReal             0
|     nblist Int             0
|       Total              108 kbytes

| Note: 1-4 EEL scale factors are being read from the topology file.

| Note: 1-4 VDW scale factors are being read from the topology file.
| Duplicated    0 dihedrals
| Duplicated    0 dihedrals

--------------------------------------------------------------------------------
   2.  CONTROL  DATA  FOR  THE  RUN
--------------------------------------------------------------------------------

ACE                                                                             

General flags:
     imin    =       0, nmropt  =       1

Nature and format of input:
     ntx     =       5, irest   =       1, ntrx    =       1

Nature and format of output:
     ntxo    =       1, ntpr    =    5000, ntrx    =       1, ntwr    =  500000
     iwrap   =       0, ntwx    =    5000, ntwv    =       0, ntwe    =       0
     ioutfm  =       1, ntwprt  =       0, idecomp =       0, rbornstat=      0

Potential function:
     ntf     =       1, ntb     =       0, igb     =       8, nsnb    =      25
     ipol    =       0, gbsa    =       1, iesp    =       0
     dielc   =   1.00000, cut     =9999.00000, intdiel =   1.00000
     saltcon =   0.00000, offset  =   0.19514, surften =   0.00500
     rdt     =   0.00000, rgbmax  =9998.00000  extdiel =  78.50000
     alpb  =        0
     gbalphaH  =   0.78844, gbbetaH   =   0.79870,  gbgammaH  =    0.43733
     gbalphaC  =   0.73376, gbbetaC   =   0.50638,  gbgammaC  =    0.20584
     gbalphaN  =   0.50336, gbbetaN   =   0.31683,  gbgammaN  =    0.19292
     gbalphaOS =   0.86781, gbbetaOS  =   0.87664,  gbgammaOS =    0.38788
     gbalphaP  =   1.00000, gbbetaP   =   0.80000,  gbgammaP  =    4.85100

Frozen or restrained atoms:
     ibelly  =       0, ntr     =       0

Molecular dynamics:
     nstlim  =    500000, nscm    =     10000, nrespa  =         1
     t       =   0.00000, dt      =   0.00200, vlimit  =  20.00000

Langevin dynamics temperature regulation:
     ig      =  594482
     temp0   = 300.00000, tempi   =   0.10000, gamma_ln=   2.00000

SHAKE:
     ntc     =       2, jfastw  =       0
     tol     =   0.00000

NMR refinement options:
     iscale  =       0, noeskp  =       1, ipnlty  =       1, mxsub   =       1
     scalm   = 100.00000, pencut  =   0.10000, tausw   =   0.10000

| MPI Timing options:
|      profile_mpi =        0
|  INFO: Old style inpcrd file read


--------------------------------------------------------------------------------
   3.  ATOMIC COORDINATES AND VELOCITIES
--------------------------------------------------------------------------------

ACE                                                                             
 begin time read from input coords =  2000.000 ps



           Begin reading energy term weight changes/NMR restraints
 WEIGHT CHANGES:
 DUMPFREQ   5000      0    0.000000    0.000000      0      0
                         ** No weight changes given **

 RESTRAINTS:
 Requested file redirections:
  DISANG    = run_3.disang
  DUMPAVE   = run_3.dat
 Restraints will be read from file: run_3.disang
Here are comments from the DISANG input file:

                       Number of restraints read =     1

                  Done reading weight changes/NMR restraints


 Number of triangulated 3-point waters found:        0
|  Atom division among processors:
|         0      16      32
|  Running AMBER/MPI version on    2 nodes


--------------------------------------------------------------------------------
   4.  RESULTS
--------------------------------------------------------------------------------

|  # of SOLUTE  degrees of freedom (RNDFP):      79.
|  # of SOLVENT degrees of freedom (RNDFS):       0.
|  NDFMIN =      79.     NUM_NOSHAKE =      0     CORRECTED RNDFP =      79.
|  TOTAL # of degrees of freedom (RNDF) =      79.

 NSTEP =     5000   TIME(PS) =    2010.000  TEMP(K) =   319.40  PRESS =     0.0
 Etot   =        14.7029  EKtot   =        25.0709  EPtot      =       -10.3680
 BOND   =         4.6737  ANGLE   =        16.3159  DIHED      =        22.5066
 1-4 NB =         4.3187  1-4 EEL =       111.4333  VDWAALS    =        -4.0186
 EELEC  =      -146.7706  EGB     =       -20.7152  RESTRAINT  =         0.0177
 ESURF=         1.8705
 EAMBER (non-restraint)  =       -10.3857
 ------------------------------------------------------------------------------

 NMR restraints: Bond =    0.000   Angle =     0.000   Torsion =     0.018
===============================================================================
| RE_POSITION Moving by   2.607967 -4.777296 12.344905

 NSTEP =    10000   TIME(PS) =    2020.000  TEMP(K) =   312.35  PRESS =     0.0
 Etot   =        15.3619  EKtot   =        24.5178  EPtot      =        -9.1559
 BOND   =         2.8507  ANGLE   =        13.4491  DIHED      =        23.1583
 1-4 NB =         5.7273  1-4 EEL =       110.7503  VDWAALS    =        -2.4685
 EELEC  =      -142.3274  EGB     =       -22.3254  RESTRAINT  =         0.0528
 ESURF=         1.9769
 EAMBER (non-restraint)  =        -9.2087
 ------------------------------------------------------------------------------

 NMR restraints: Bond =    0.000   Angle =     0.000   Torsion =     0.053
===============================================================================

 NSTEP =    15000   TIME(PS) =    2030.000  TEMP(K) =   288.07  PRESS =     0.0
 Etot   =        13.1498  EKtot   =        22.6115  EPtot      =        -9.4617
 BOND   =         2.3149  ANGLE   =        15.2155  DIHED      =        24.3909
 1-4 NB =         4.4326  1-4 EEL =       109.1024  VDWAALS    =        -3.8620
 EELEC  =      -138.1985  EGB     =       -24.7962  RESTRAINT  =         0.0289
 ESURF=         1.9098
 EAMBER (non-restraint)  =        -9.4906
 ------------------------------------------------------------------------------

 NMR restraints: Bond =    0.000   Angle =     0.000   Torsion =     0.029
===============================================================================
| RE_POSITION Moving by  -9.042214 -0.387472  2.049663

 NSTEP =    20000   TIME(PS) =    2040.000  TEMP(K) =   258.38  PRESS =     0.0
 Etot   =        16.1821  EKtot   =        20.2810  EPtot      =        -4.0990
 BOND   =         6.2712  ANGLE   =        17.5505  DIHED      =        23.4950
 1-4 NB =         4.4759  1-4 EEL =       110.5755  VDWAALS    =        -2.5959
 EELEC  =      -143.3395  EGB     =       -22.5347  RESTRAINT  =         0.0626
 ESURF=         1.9405
 EAMBER (non-restraint)  =        -4.1616
 ------------------------------------------------------------------------------

 NMR restraints: Bond =    0.000   Angle =     0.000   Torsion =     0.063
===============================================================================

 NSTEP =    25000   TIME(PS) =    2050.000  TEMP(K) =   298.71  PRESS =     0.0
 Etot   =        16.0072  EKtot   =        23.4472  EPtot      =        -7.4400
 BOND   =         5.2528  ANGLE   =        14.8082  DIHED      =        21.6997
 1-4 NB =         6.0761  1-4 EEL =       112.3023  VDWAALS    =        -3.7842
 EELEC  =      -142.5071  EGB     =       -23.2795  RESTRAINT  =         0.0677
 ESURF=         1.9239
 EAMBER (non-restraint)  =        -7.5077
 ------------------------------------------------------------------------------

 NMR restraints: Bond =    0.000   Angle =     0.000   Torsion =     0.068
===============================================================================
| RE_POSITION Moving by   1.237103 -7.135197 10.273663

 NSTEP =    30000   TIME(PS) =    2060.000  TEMP(K) =   295.22  PRESS =     0.0
 Etot   =        13.6353  EKtot   =        23.1729  EPtot      =        -9.5376
 BOND   =         2.0135  ANGLE   =        16.0468  DIHED      =        24.5231
 1-4 NB =         5.4587  1-4 EEL =       109.9867  VDWAALS    =        -3.2371
 EELEC  =      -146.4206  EGB     =       -19.8375  RESTRAINT  =         0.0096
 ESURF=         1.9192
 EAMBER (non-restraint)  =        -9.5472
 ------------------------------------------------------------------------------

 NMR restraints: Bond =    0.000   Angle =     0.000   Torsion =     0.010
===============================================================================

 NSTEP =    35000   TIME(PS) =    2070.000  TEMP(K) =   298.22  PRESS =     0.0
 Etot   =        21.6843  EKtot   =        23.4088  EPtot      =        -1.7245
 BOND   =         7.2950  ANGLE   =        17.9406  DIHED      =        25.8685
 1-4 NB =         5.2734  1-4 EEL =       112.9718  VDWAALS    =        -3.7920
 EELEC  =      -146.2651  EGB     =       -22.9830  RESTRAINT  =         0.0016
 ESURF=         1.9646
 EAMBER (non-restraint)  =        -1.7261
 ------------------------------------------------------------------------------

 NMR restraints: Bond =    0.000   Angle =     0.000   Torsion =     0.002
===============================================================================
| RE_POSITION Moving by  -1.451187 -7.779777 -4.956860

 NSTEP =    40000   TIME(PS) =    2080.000  TEMP(K) =   270.94  PRESS =     0.0
 Etot   =        12.2333  EKtot   =        21.2668  EPtot      =        -9.0335
 BOND   =         4.0224  ANGLE   =        18.2649  DIHED      =        22.3625
 1-4 NB =         4.1801  1-4 EEL =       109.9417  VDWAALS    =        -3.1263
 EELEC  =      -143.5627  EGB     =       -23.0543  RESTRAINT  =         0.0032
 ESURF=         1.9350
 EAMBER (non-restraint)  =        -9.0367
 ------------------------------------------------------------------------------

 NMR restraints: Bond =    0.000   Angle =     0.000   Torsion =     0.003
===============================================================================

 NSTEP =    45000   TIME(PS) =    2090.000  TEMP(K) =   356.99  PRESS =     0.0
 Etot   =        19.6426  EKtot   =        28.0214  EPtot      =        -8.3788
 BOND   =         4.7096  ANGLE   =        12.6718  DIHED      =        23.5296
 1-4 NB =         5.7583  1-4 EEL =       114.6718  VDWAALS    =        -3.4394
 EELEC  =      -144.1441  EGB     =       -25.0941  RESTRAINT  =         1.0463
 ESURF=         1.9113
 EAMBER (non-restraint)  =        -9.4252
 ------------------------------------------------------------------------------

 NMR restraints: Bond =    0.000   Angle =     0.000   Torsion =     1.046
===============================================================================
| RE_POSITION Moving by  -8.374296 -4.832098 -0.008856

 NSTEP =    50000   TIME(PS) =    2100.000  TEMP(K) =   221.39  PRESS =     0.0
 Etot   =        10.4962  EKtot   =        17.3777  EPtot      =        -6.8816
 BOND   =         5.2066  ANGLE   =        14.7877  DIHED      =        24.6890
 1-4 NB =         4.2544  1-4 EEL =       116.5754  VDWAALS    =        -3.9647
 EELEC  =      -148.8366  EGB     =       -21.4943  RESTRAINT  =         0.0059
 ESURF=         1.8951
 EAMBER (non-restraint)  =        -6.8874
 ------------------------------------------------------------------------------

 NMR restraints: Bond =    0.000   Angle =     0.000   Torsion =     0.006
===============================================================================

 NSTEP =    55000   TIME(PS) =    2110.000  TEMP(K) =   272.21  PRESS =     0.0
 Etot   =        16.8603  EKtot   =        21.3667  EPtot      =        -4.5063
 BOND   =         5.6702  ANGLE   =        11.0580  DIHED      =        24.9628
 1-4 NB =         4.9876  1-4 EEL =       115.0584  VDWAALS    =         1.0635
 EELEC  =      -146.0177  EGB     =       -23.2413  RESTRAINT  =         0.0514
 ESURF=         1.9008
 EAMBER (non-restraint)  =        -4.5577
 ------------------------------------------------------------------------------

 NMR restraints: Bond =    0.000   Angle =     0.000   Torsion =     0.051
===============================================================================
| RE_POSITION Moving by   2.078151  0.764512  2.360230

 NSTEP =    60000   TIME(PS) =    2120.000  TEMP(K) =   315.64  PRESS =     0.0
 Etot   =        12.4436  EKtot   =        24.7758  EPtot      =       -12.3322
 BOND   =         5.7156  ANGLE   =        10.7089  DIHED      =        23.5287
 1-4 NB =         4.6963  1-4 EEL =       111.9891  VDWAALS    =        -4.0077
 EELEC  =      -146.0853  EGB     =       -21.1293  RESTRAINT  =         0.3488
 ESURF=         1.9026
 EAMBER (non-restraint)  =       -12.6811
 ------------------------------------------------------------------------------

 NMR restraints: Bond =    0.000   Angle =     0.000   Torsion =     0.349
===============================================================================

 NSTEP =    65000   TIME(PS) =    2130.000  TEMP(K) =   331.84  PRESS =     0.0
 Etot   =        16.2983  EKtot   =        26.0475  EPtot      =        -9.7492
 BOND   =         5.5295  ANGLE   =        15.3377  DIHED      =        23.5076
 1-4 NB =         4.7299  1-4 EEL =       109.8086  VDWAALS    =        -3.2424
 EELEC  =      -145.5559  EGB     =       -21.7692  RESTRAINT  =         0.0130
 ESURF=         1.8921
 EAMBER (non-restraint)  =        -9.7622
 ------------------------------------------------------------------------------

 NMR restraints: Bond =    0.000   Angle =     0.000   Torsion =     0.013
===============================================================================
| RE_POSITION Moving by   0.145664  2.392717 -5.541887

 NSTEP =    70000   TIME(PS) =    2140.000  TEMP(K) =   287.21  PRESS =     0.0
 Etot   =        15.9893  EKtot   =        22.5446  EPtot      =        -6.5553
 BOND   =         4.3170  ANGLE   =        18.8737  DIHED      =        23.6628
 1-4 NB =         3.1873  1-4 EEL =       109.7874  VDWAALS    =        -4.2089
 EELEC  =      -142.0066  EGB     =       -22.1705  RESTRAINT  =         0.1030
 ESURF=         1.8994
 EAMBER (non-restraint)  =        -6.6584
 ------------------------------------------------------------------------------

 NMR restraints: Bond =    0.000   Angle =     0.000   Torsion =     0.103
===============================================================================

 NSTEP =    75000   TIME(PS) =    2150.000  TEMP(K) =   245.60  PRESS =     0.0
 Etot   =        16.2554  EKtot   =        19.2785  EPtot      =        -3.0231
 BOND   =         6.3686  ANGLE   =        17.5535  DIHED      =        23.2420
 1-4 NB =         5.7370  1-4 EEL =       117.4899  VDWAALS    =        -4.2415
 EELEC  =      -148.9584  EGB     =       -22.3293  RESTRAINT  =         0.1703
 ESURF=         1.9449
 EAMBER (non-restraint)  =        -3.1934
 ------------------------------------------------------------------------------

 NMR restraints: Bond =    0.000   Angle =     0.000   Torsion =     0.170
===============================================================================
| RE_POSITION Moving by   6.360401  6.575285 -3.600489

 NSTEP =    80000   TIME(PS) =    2160.000  TEMP(K) =   236.57  PRESS =     0.0
 Etot   =        15.2850  EKtot   =        18.5692  EPtot      =        -3.2842
 BOND   =         4.9714  ANGLE   =        16.1408  DIHED      =        26.2855
 1-4 NB =         5.1258  1-4 EEL =       113.0491  VDWAALS    =        -3.7326
 EELEC  =      -145.3231  EGB     =       -22.9213  RESTRAINT  =         1.1562
 ESURF=         1.9639
 EAMBER (non-restraint)  =        -4.4404
 ------------------------------------------------------------------------------

 NMR restraints: Bond =    0.000   Angle =     0.000   Torsion =     1.156
===============================================================================

 NSTEP =    85000   TIME(PS) =    2170.000  TEMP(K) =   374.40  PRESS =     0.0
 Etot   =        23.7020  EKtot   =        29.3883  EPtot      =        -5.6863
 BOND   =         5.7342  ANGLE   =        12.0051  DIHED      =        26.0082
 1-4 NB =         4.9758  1-4 EEL =       118.3172  VDWAALS    =        -3.8002
 EELEC  =      -142.3025  EGB     =       -28.6196  RESTRAINT  =         0.1065
 ESURF=         1.8889
 EAMBER (non-restraint)  =        -5.7928
 ------------------------------------------------------------------------------

 NMR restraints: Bond =    0.000   Angle =     0.000   Torsion =     0.107
===============================================================================
| RE_POSITION Moving by   2.924546 -0.986763  2.122665

 NSTEP =    90000   TIME(PS) =    2180.000  TEMP(K) =   191.76  PRESS =     0.0
 Etot   =        11.4111  EKtot   =        15.0517  EPtot      =        -3.6406
 BOND   =         5.5422  ANGLE   =        21.3593  DIHED      =        22.1937
 1-4 NB =         3.8352  1-4 EEL =       112.0802  VDWAALS    =        -2.9731
 EELEC  =      -143.3950  EGB     =       -24.4406  RESTRAINT  =         0.2171
 ESURF=         1.9405
 EAMBER (non-restraint)  =        -3.8577
 ------------------------------------------------------------------------------

 NMR restraints: Bond =    0.000   Angle =     0.000   Torsion =     0.217
===============================================================================

 NSTEP =    95000   TIME(PS) =    2190.000  TEMP(K) =   312.36  PRESS =     0.0
 Etot   =        18.9815  EKtot   =        24.5185  EPtot      =        -5.5370
 BOND   =         5.0598  ANGLE   =        17.1637  DIHED      =        23.3388
 1-4 NB =         5.1141  1-4 EEL =       112.4212  VDWAALS    =        -4.1168
 EELEC  =      -137.7126  EGB     =       -28.8424  RESTRAINT  =         0.1297
 ESURF=         1.9075
 EAMBER (non-restraint)  =        -5.6666
 ------------------------------------------------------------------------------

 NMR restraints: Bond =    0.000   Angle =     0.000   Torsion =     0.130
===============================================================================
| RE_POSITION Moving by   9.859946  6.537766 -7.842370

 NSTEP =   100000   TIME(PS) =    2200.000  TEMP(K) =   308.80  PRESS =     0.0
 Etot   =        11.7118  EKtot   =        24.2390  EPtot      =       -12.5272
 BOND   =         3.5241  ANGLE   =        12.1864  DIHED      =        22.6920
 1-4 NB =         4.3964  1-4 EEL =       115.2621  VDWAALS    =        -3.8519
 EELEC  =      -143.1387  EGB     =       -25.8806  RESTRAINT  =         0.3654
 ESURF=         1.9177
 EAMBER (non-restraint)  =       -12.8926
 ------------------------------------------------------------------------------

 NMR restraints: Bond =    0.000   Angle =     0.000   Torsion =     0.365
===============================================================================

 NSTEP =   105000   TIME(PS) =    2210.000  TEMP(K) =   325.20  PRESS =     0.0
 Etot   =        24.0125  EKtot   =        25.5265  EPtot      =        -1.5140
 BOND   =         9.8972  ANGLE   =        16.9631  DIHED      =        22.7922
 1-4 NB =         4.4155  1-4 EEL =       108.8401  VDWAALS    =        -2.5466
 EELEC  =      -141.2100  EGB     =       -24.0434  RESTRAINT  =         1.4225
 ESURF=         1.9552
 EAMBER (non-restraint)  =        -2.9365
 ------------------------------------------------------------------------------

 NMR restraints: Bond =    0.000   Angle =     0.000   Torsion =     1.423
===============================================================================
| RE_POSITION Moving by  -0.482566  3.449788  1.106955

 NSTEP =   110000   TIME(PS) =    2220.000  TEMP(K) =   282.46  PRESS =     0.0
 Etot   =        14.2420  EKtot   =        22.1716  EPtot      =        -7.9296
 BOND   =         4.2355  ANGLE   =        14.6199  DIHED      =        24.7659
 1-4 NB =         4.0437  1-4 EEL =       114.0785  VDWAALS    =        -3.5841
 EELEC  =      -143.0893  EGB     =       -24.9808  RESTRAINT  =         0.0011
 ESURF=         1.9799
 EAMBER (non-restraint)  =        -7.9307
 ------------------------------------------------------------------------------

 NMR restraints: Bond =    0.000   Angle =     0.000   Torsion =     0.001
===============================================================================

 NSTEP =   115000   TIME(PS) =    2230.000  TEMP(K) =   290.37  PRESS =     0.0
 Etot   =        23.1325  EKtot   =        22.7925  EPtot      =         0.3400
 BOND   =         3.3200  ANGLE   =        22.2017  DIHED      =        24.5591
 1-4 NB =         5.5659  1-4 EEL =       116.8580  VDWAALS    =        -4.2283
 EELEC  =      -145.8101  EGB     =       -24.0512  RESTRAINT  =         0.0087
 ESURF=         1.9162
 EAMBER (non-restraint)  =         0.3313
 ------------------------------------------------------------------------------

 NMR restraints: Bond =    0.000   Angle =     0.000   Torsion =     0.009
===============================================================================
| RE_POSITION Moving by   2.051323  4.431005  4.157064

 NSTEP =   120000   TIME(PS) =    2240.000  TEMP(K) =   246.45  PRESS =     0.0
 Etot   =        14.5582  EKtot   =        19.3449  EPtot      =        -4.7866
 BOND   =         4.8220  ANGLE   =        21.2239  DIHED      =        23.9424
 1-4 NB =         3.8245  1-4 EEL =       109.0964  VDWAALS    =        -3.6950
 EELEC  =      -143.1058  EGB     =       -22.9307  RESTRAINT  =         0.0821
 ESURF=         1.9537
 EAMBER (non-restraint)  =        -4.8687
 ------------------------------------------------------------------------------

 NMR restraints: Bond =    0.000   Angle =     0.000   Torsion =     0.082
===============================================================================

 NSTEP =   125000   TIME(PS) =    2250.000  TEMP(K) =   296.14  PRESS =     0.0
 Etot   =        18.2257  EKtot   =        23.2453  EPtot      =        -5.0197
 BOND   =         3.8711  ANGLE   =        21.3583  DIHED      =        22.0906
 1-4 NB =         4.8846  1-4 EEL =       112.0855  VDWAALS    =        -3.4234
 EELEC  =      -139.8177  EGB     =       -28.1140  RESTRAINT  =         0.0519
 ESURF=         1.9933
 EAMBER (non-restraint)  =        -5.0716
 ------------------------------------------------------------------------------

 NMR restraints: Bond =    0.000   Angle =     0.000   Torsion =     0.052
===============================================================================
| RE_POSITION Moving by  -1.846591  3.182766  2.202584

 NSTEP =   130000   TIME(PS) =    2260.000  TEMP(K) =   362.16  PRESS =     0.0
 Etot   =        21.3278  EKtot   =        28.4273  EPtot      =        -7.0995
 BOND   =         4.9678  ANGLE   =        15.2056  DIHED      =        23.4352
 1-4 NB =         3.6303  1-4 EEL =       113.4750  VDWAALS    =        -3.1662
 EELEC  =      -136.7263  EGB     =       -30.0908  RESTRAINT  =         0.2418
 ESURF=         1.9280
 EAMBER (non-restraint)  =        -7.3414
 ------------------------------------------------------------------------------

 NMR restraints: Bond =    0.000   Angle =     0.000   Torsion =     0.242
===============================================================================

 NSTEP =   135000   TIME(PS) =    2270.000  TEMP(K) =   350.68  PRESS =     0.0
 Etot   =        23.1885  EKtot   =        27.5261  EPtot      =        -4.3376
 BOND   =         4.2529  ANGLE   =        18.9375  DIHED      =        24.4131
 1-4 NB =         3.4072  1-4 EEL =       111.0951  VDWAALS    =        -3.0814
 EELEC  =      -140.6745  EGB     =       -25.5092  RESTRAINT  =         0.8002
 ESURF=         2.0214
 EAMBER (non-restraint)  =        -5.1378
 ------------------------------------------------------------------------------

 NMR restraints: Bond =    0.000   Angle =     0.000   Torsion =     0.800
===============================================================================
| RE_POSITION Moving by  -6.018778 -3.299039  3.013227

 NSTEP =   140000   TIME(PS) =    2280.000  TEMP(K) =   310.78  PRESS =     0.0
 Etot   =        18.0252  EKtot   =        24.3941  EPtot      =        -6.3690
 BOND   =         5.9722  ANGLE   =        14.9953  DIHED      =        22.7647
 1-4 NB =         4.1280  1-4 EEL =       116.2431  VDWAALS    =        -3.8468
 EELEC  =      -145.8038  EGB     =       -23.7439  RESTRAINT  =         0.9709
 ESURF=         1.9513
 EAMBER (non-restraint)  =        -7.3399
 ------------------------------------------------------------------------------

 NMR restraints: Bond =    0.000   Angle =     0.000   Torsion =     0.971
===============================================================================

 NSTEP =   145000   TIME(PS) =    2290.000  TEMP(K) =   226.86  PRESS =     0.0
 Etot   =         6.2303  EKtot   =        17.8070  EPtot      =       -11.5767
 BOND   =         5.5209  ANGLE   =         8.1202  DIHED      =        23.8219
 1-4 NB =         3.5847  1-4 EEL =       114.8541  VDWAALS    =        -3.3149
 EELEC  =      -138.1432  EGB     =       -29.1701  RESTRAINT  =         1.2462
 ESURF=         1.9035
 EAMBER (non-restraint)  =       -12.8229
 ------------------------------------------------------------------------------

 NMR restraints: Bond =    0.000   Angle =     0.000   Torsion =     1.246
===============================================================================
| RE_POSITION Moving by  -4.539020 -2.525738 -5.930796

 NSTEP =   150000   TIME(PS) =    2300.000  TEMP(K) =   292.46  PRESS =     0.0
 Etot   =         8.0599  EKtot   =        22.9562  EPtot      =       -14.8963
 BOND   =         2.7491  ANGLE   =         9.8999  DIHED      =        22.5846
 1-4 NB =         4.8186  1-4 EEL =       114.4792  VDWAALS    =        -3.0710
 EELEC  =      -145.3280  EGB     =       -23.0718  RESTRAINT  =         0.0543
 ESURF=         1.9888
 EAMBER (non-restraint)  =       -14.9506
 ------------------------------------------------------------------------------

 NMR restraints: Bond =    0.000   Angle =     0.000   Torsion =     0.054
===============================================================================

 NSTEP =   155000   TIME(PS) =    2310.000  TEMP(K) =   290.33  PRESS =     0.0
 Etot   =        16.3133  EKtot   =        22.7894  EPtot      =        -6.4761
 BOND   =         2.9702  ANGLE   =        16.3226  DIHED      =        23.6587
 1-4 NB =         5.3285  1-4 EEL =       114.5544  VDWAALS    =        -2.9873
 EELEC  =      -143.3361  EGB     =       -25.1336  RESTRAINT  =         0.1956
 ESURF=         1.9508
 EAMBER (non-restraint)  =        -6.6717
 ------------------------------------------------------------------------------

 NMR restraints: Bond =    0.000   Angle =     0.000   Torsion =     0.196
===============================================================================
| RE_POSITION Moving by   3.745262  4.450587 -2.630000

 NSTEP =   160000   TIME(PS) =    2320.000  TEMP(K) =   302.42  PRESS =     0.0
 Etot   =        16.7734  EKtot   =        23.7384  EPtot      =        -6.9650
 BOND   =         5.4528  ANGLE   =        15.7044  DIHED      =        23.3979
 1-4 NB =         3.5013  1-4 EEL =       112.0911  VDWAALS    =        -2.9930
 EELEC  =      -141.2397  EGB     =       -24.8738  RESTRAINT  =         0.0189
 ESURF=         1.9751
 EAMBER (non-restraint)  =        -6.9839
 ------------------------------------------------------------------------------

 NMR restraints: Bond =    0.000   Angle =     0.000   Torsion =     0.019
===============================================================================

 NSTEP =   165000   TIME(PS) =    2330.000  TEMP(K) =   364.43  PRESS =     0.0
 Etot   =        20.1806  EKtot   =        28.6055  EPtot      =        -8.4249
 BOND   =         2.8026  ANGLE   =        14.6228  DIHED      =        24.2540
 1-4 NB =         4.2453  1-4 EEL =       115.4530  VDWAALS    =        -4.0450
 EELEC  =      -139.8505  EGB     =       -27.8343  RESTRAINT  =         0.0360
 ESURF=         1.8913
 EAMBER (non-restraint)  =        -8.4608
 ------------------------------------------------------------------------------

 NMR restraints: Bond =    0.000   Angle =     0.000   Torsion =     0.036
===============================================================================
| RE_POSITION Moving by   1.826662 -3.738051  1.582410

 NSTEP =   170000   TIME(PS) =    2340.000  TEMP(K) =   305.79  PRESS =     0.0
 Etot   =        15.7459  EKtot   =        24.0031  EPtot      =        -8.2571
 BOND   =         7.5489  ANGLE   =        13.0486  DIHED      =        21.5942
 1-4 NB =         4.7651  1-4 EEL =       111.9216  VDWAALS    =        -3.3675
 EELEC  =      -142.4780  EGB     =       -24.2903  RESTRAINT  =         1.0736
 ESURF=         1.9267
 EAMBER (non-restraint)  =        -9.3307
 ------------------------------------------------------------------------------

 NMR restraints: Bond =    0.000   Angle =     0.000   Torsion =     1.074
===============================================================================

 NSTEP =   175000   TIME(PS) =    2350.000  TEMP(K) =   241.97  PRESS =     0.0
 Etot   =        20.2221  EKtot   =        18.9930  EPtot      =         1.2290
 BOND   =         5.0245  ANGLE   =        20.1430  DIHED      =        23.8330
 1-4 NB =         7.0734  1-4 EEL =       115.2712  VDWAALS    =        -3.5125
 EELEC  =      -146.5946  EGB     =       -22.1706  RESTRAINT  =         0.2512
 ESURF=         1.9104
 EAMBER (non-restraint)  =         0.9778
 ------------------------------------------------------------------------------

 NMR restraints: Bond =    0.000   Angle =     0.000   Torsion =     0.251
===============================================================================
| RE_POSITION Moving by  -3.570775 -3.305274 -4.271964

 NSTEP =   180000   TIME(PS) =    2360.000  TEMP(K) =   204.33  PRESS =     0.0
 Etot   =         4.3747  EKtot   =        16.0383  EPtot      =       -11.6636
 BOND   =         1.5292  ANGLE   =        16.8019  DIHED      =        22.0421
 1-4 NB =         4.5388  1-4 EEL =       109.2685  VDWAALS    =        -3.4663
 EELEC  =      -140.0802  EGB     =       -24.5710  RESTRAINT  =         0.2977
 ESURF=         1.9757
 EAMBER (non-restraint)  =       -11.9613
 ------------------------------------------------------------------------------

 NMR restraints: Bond =    0.000   Angle =     0.000   Torsion =     0.298
===============================================================================

 NSTEP =   185000   TIME(PS) =    2370.000  TEMP(K) =   256.82  PRESS =     0.0
 Etot   =         7.2819  EKtot   =        20.1591  EPtot      =       -12.8772
 BOND   =         4.4780  ANGLE   =        11.6351  DIHED      =        22.4406
 1-4 NB =         4.9668  1-4 EEL =       112.3900  VDWAALS    =        -4.2581
 EELEC  =      -140.7044  EGB     =       -25.7427  RESTRAINT  =         0.0336
 ESURF=         1.8838
 EAMBER (non-restraint)  =       -12.9108
 ------------------------------------------------------------------------------

 NMR restraints: Bond =    0.000   Angle =     0.000   Torsion =     0.034
===============================================================================
| RE_POSITION Moving by   2.989652-11.757212  0.744407

 NSTEP =   190000   TIME(PS) =    2380.000  TEMP(K) =   269.37  PRESS =     0.0
 Etot   =        25.7598  EKtot   =        21.1442  EPtot      =         4.6156
 BOND   =         9.4017  ANGLE   =        16.9795  DIHED      =        26.8039
 1-4 NB =         8.2837  1-4 EEL =       111.7551  VDWAALS    =        -4.3480
 EELEC  =      -143.7809  EGB     =       -22.4247  RESTRAINT  =         0.0349
 ESURF=         1.9104
 EAMBER (non-restraint)  =         4.5806
 ------------------------------------------------------------------------------

 NMR restraints: Bond =    0.000   Angle =     0.000   Torsion =     0.035
===============================================================================

 NSTEP =   195000   TIME(PS) =    2390.000  TEMP(K) =   291.43  PRESS =     0.0
 Etot   =        15.9288  EKtot   =        22.8752  EPtot      =        -6.9464
 BOND   =         4.8534  ANGLE   =        14.5509  DIHED      =        22.8255
 1-4 NB =         5.5055  1-4 EEL =       114.6982  VDWAALS    =        -3.1412
 EELEC  =      -149.0524  EGB     =       -20.6901  RESTRAINT  =         1.5935
 ESURF=         1.9103
 EAMBER (non-restraint)  =        -8.5399
 ------------------------------------------------------------------------------

 NMR restraints: Bond =    0.000   Angle =     0.000   Torsion =     1.593
===============================================================================
| RE_POSITION Moving by  -4.818115 -1.058216 -5.175334

 NSTEP =   200000   TIME(PS) =    2400.000  TEMP(K) =   246.18  PRESS =     0.0
 Etot   =        13.9284  EKtot   =        19.3234  EPtot      =        -5.3951
 BOND   =         3.4820  ANGLE   =        17.8909  DIHED      =        21.6619
 1-4 NB =         6.9812  1-4 EEL =       116.8051  VDWAALS    =        -3.2672
 EELEC  =      -151.0236  EGB     =       -19.9243  RESTRAINT  =         0.1120
 ESURF=         1.8869
 EAMBER (non-restraint)  =        -5.5071
 ------------------------------------------------------------------------------

 NMR restraints: Bond =    0.000   Angle =     0.000   Torsion =     0.112
===============================================================================

 NSTEP =   205000   TIME(PS) =    2410.000  TEMP(K) =   256.35  PRESS =     0.0
 Etot   =        10.9710  EKtot   =        20.1221  EPtot      =        -9.1511
 BOND   =         7.3682  ANGLE   =        15.3606  DIHED      =        23.1845
 1-4 NB =         4.2336  1-4 EEL =       108.9816  VDWAALS    =        -4.3076
 EELEC  =      -145.1353  EGB     =       -21.3703  RESTRAINT  =         0.6065
 ESURF=         1.9272
 EAMBER (non-restraint)  =        -9.7576
 ------------------------------------------------------------------------------

 NMR restraints: Bond =    0.000   Angle =     0.000   Torsion =     0.607
===============================================================================
| RE_POSITION Moving by   0.556714 -3.383961 -0.839432

 NSTEP =   210000   TIME(PS) =    2420.000  TEMP(K) =   301.03  PRESS =     0.0
 Etot   =        17.5552  EKtot   =        23.6291  EPtot      =        -6.0740
 BOND   =         4.7191  ANGLE   =        18.0503  DIHED      =        24.4707
 1-4 NB =         4.6628  1-4 EEL =       111.5908  VDWAALS    =        -3.4138
 EELEC  =      -144.4641  EGB     =       -23.7432  RESTRAINT  =         0.0196
 ESURF=         2.0338
 EAMBER (non-restraint)  =        -6.0936
 ------------------------------------------------------------------------------

 NMR restraints: Bond =    0.000   Angle =     0.000   Torsion =     0.020
===============================================================================

 NSTEP =   215000   TIME(PS) =    2430.000  TEMP(K) =   242.05  PRESS =     0.0
 Etot   =         9.2770  EKtot   =        18.9996  EPtot      =        -9.7227
 BOND   =         5.2773  ANGLE   =        13.5988  DIHED      =        23.0689
 1-4 NB =         5.1885  1-4 EEL =       114.1797  VDWAALS    =        -2.8951
 EELEC  =      -144.5358  EGB     =       -25.5901  RESTRAINT  =         0.0046
 ESURF=         1.9807
 EAMBER (non-restraint)  =        -9.7272
 ------------------------------------------------------------------------------

 NMR restraints: Bond =    0.000   Angle =     0.000   Torsion =     0.005
===============================================================================
| RE_POSITION Moving by   4.053307  3.784187  4.792890

 NSTEP =   220000   TIME(PS) =    2440.000  TEMP(K) =   355.22  PRESS =     0.0
 Etot   =        24.4528  EKtot   =        27.8829  EPtot      =        -3.4301
 BOND   =         4.4511  ANGLE   =        13.8701  DIHED      =        24.7295
 1-4 NB =         5.8084  1-4 EEL =       118.9391  VDWAALS    =        -3.1373
 EELEC  =      -147.1328  EGB     =       -23.4048  RESTRAINT  =         0.4903
 ESURF=         1.9562
 EAMBER (non-restraint)  =        -3.9204
 ------------------------------------------------------------------------------

 NMR restraints: Bond =    0.000   Angle =     0.000   Torsion =     0.490
===============================================================================

 NSTEP =   225000   TIME(PS) =    2450.000  TEMP(K) =   274.25  PRESS =     0.0
 Etot   =        16.3122  EKtot   =        21.5272  EPtot      =        -5.2150
 BOND   =         7.1361  ANGLE   =        18.9479  DIHED      =        22.4080
 1-4 NB =         3.6245  1-4 EEL =       112.0133  VDWAALS    =        -2.5466
 EELEC  =      -143.9052  EGB     =       -25.1907  RESTRAINT  =         0.3157
 ESURF=         1.9820
 EAMBER (non-restraint)  =        -5.5307
 ------------------------------------------------------------------------------

 NMR restraints: Bond =    0.000   Angle =     0.000   Torsion =     0.316
===============================================================================
| RE_POSITION Moving by   6.664438  1.903603 -0.797771

 NSTEP =   230000   TIME(PS) =    2460.000  TEMP(K) =   322.79  PRESS =     0.0
 Etot   =        20.4919  EKtot   =        25.3370  EPtot      =        -4.8451
 BOND   =         4.0218  ANGLE   =        16.5875  DIHED      =        25.2528
 1-4 NB =         3.6249  1-4 EEL =       109.6368  VDWAALS    =        -1.9542
 EELEC  =      -140.1947  EGB     =       -24.2023  RESTRAINT  =         0.4467
 ESURF=         1.9356
 EAMBER (non-restraint)  =        -5.2918
 ------------------------------------------------------------------------------

 NMR restraints: Bond =    0.000   Angle =     0.000   Torsion =     0.447
===============================================================================

 NSTEP =   235000   TIME(PS) =    2470.000  TEMP(K) =   280.52  PRESS =     0.0
 Etot   =        16.0019  EKtot   =        22.0192  EPtot      =        -6.0173
 BOND   =         5.1660  ANGLE   =        16.3091  DIHED      =        22.5551
 1-4 NB =         4.9146  1-4 EEL =       107.6251  VDWAALS    =        -3.1223
 EELEC  =      -141.0226  EGB     =       -22.4333  RESTRAINT  =         2.0296
 ESURF=         1.9613
 EAMBER (non-restraint)  =        -8.0469
 ------------------------------------------------------------------------------

 NMR restraints: Bond =    0.000   Angle =     0.000   Torsion =     2.030
===============================================================================
| RE_POSITION Moving by   6.371459  0.208368  5.341380

 NSTEP =   240000   TIME(PS) =    2480.000  TEMP(K) =   269.01  PRESS =     0.0
 Etot   =        20.0364  EKtot   =        21.1153  EPtot      =        -1.0789
 BOND   =         4.9419  ANGLE   =        15.5780  DIHED      =        25.8557
 1-4 NB =         6.1127  1-4 EEL =       112.5824  VDWAALS    =        -1.9071
 EELEC  =      -143.4264  EGB     =       -23.7213  RESTRAINT  =         0.8920
 ESURF=         2.0132
 EAMBER (non-restraint)  =        -1.9709
 ------------------------------------------------------------------------------

 NMR restraints: Bond =    0.000   Angle =     0.000   Torsion =     0.892
===============================================================================

 NSTEP =   245000   TIME(PS) =    2490.000  TEMP(K) =   300.93  PRESS =     0.0
 Etot   =        20.2904  EKtot   =        23.6214  EPtot      =        -3.3310
 BOND   =         6.4508  ANGLE   =        14.7515  DIHED      =        26.3718
 1-4 NB =         5.2077  1-4 EEL =       112.9382  VDWAALS    =        -3.6148
 EELEC  =      -146.2496  EGB     =       -22.0168  RESTRAINT  =         0.9523
 ESURF=         1.8779
 EAMBER (non-restraint)  =        -4.2833
 ------------------------------------------------------------------------------

 NMR restraints: Bond =    0.000   Angle =     0.000   Torsion =     0.952
===============================================================================
| RE_POSITION Moving by   0.658876 -1.574296 -3.999195

 NSTEP =   250000   TIME(PS) =    2500.000  TEMP(K) =   291.01  PRESS =     0.0
 Etot   =        22.5542  EKtot   =        22.8424  EPtot      =        -0.2882
 BOND   =         9.6733  ANGLE   =        15.7903  DIHED      =        23.7325
 1-4 NB =         5.1843  1-4 EEL =       114.5238  VDWAALS    =        -4.4936
 EELEC  =      -142.8409  EGB     =       -23.7160  RESTRAINT  =         0.0159
 ESURF=         1.8422
 EAMBER (non-restraint)  =        -0.3041
 ------------------------------------------------------------------------------

 NMR restraints: Bond =    0.000   Angle =     0.000   Torsion =     0.016
===============================================================================

 NSTEP =   255000   TIME(PS) =    2510.000  TEMP(K) =   298.94  PRESS =     0.0
 Etot   =        16.0067  EKtot   =        23.4654  EPtot      =        -7.4587
 BOND   =         4.7341  ANGLE   =        19.2444  DIHED      =        22.4812
 1-4 NB =         4.0445  1-4 EEL =       105.8425  VDWAALS    =        -3.3910
 EELEC  =      -139.1449  EGB     =       -23.4360  RESTRAINT  =         0.2036
 ESURF=         1.9630
 EAMBER (non-restraint)  =        -7.6623
 ------------------------------------------------------------------------------

 NMR restraints: Bond =    0.000   Angle =     0.000   Torsion =     0.204
===============================================================================
| RE_POSITION Moving by   6.085123 -1.262598  2.679967

 NSTEP =   260000   TIME(PS) =    2520.000  TEMP(K) =   398.14  PRESS =     0.0
 Etot   =        25.7311  EKtot   =        31.2515  EPtot      =        -5.5204
 BOND   =         2.0219  ANGLE   =        20.2870  DIHED      =        24.2504
 1-4 NB =         4.6250  1-4 EEL =       108.2305  VDWAALS    =        -3.5849
 EELEC  =      -141.4084  EGB     =       -23.3682  RESTRAINT  =         1.5246
 ESURF=         1.9017
 EAMBER (non-restraint)  =        -7.0451
 ------------------------------------------------------------------------------

 NMR restraints: Bond =    0.000   Angle =     0.000   Torsion =     1.525
===============================================================================

 NSTEP =   265000   TIME(PS) =    2530.000  TEMP(K) =   347.61  PRESS =     0.0
 Etot   =        20.8348  EKtot   =        27.2857  EPtot      =        -6.4509
 BOND   =         7.2404  ANGLE   =        16.3134  DIHED      =        21.8654
 1-4 NB =         5.5994  1-4 EEL =       115.0353  VDWAALS    =        -4.1728
 EELEC  =      -148.2638  EGB     =       -22.3336  RESTRAINT  =         0.3773
 ESURF=         1.8881
 EAMBER (non-restraint)  =        -6.8282
 ------------------------------------------------------------------------------

 NMR restraints: Bond =    0.000   Angle =     0.000   Torsion =     0.377
===============================================================================
| RE_POSITION Moving by   1.326017  4.697254 12.475913

 NSTEP =   270000   TIME(PS) =    2540.000  TEMP(K) =   316.27  PRESS =     0.0
 Etot   =        21.4723  EKtot   =        24.8253  EPtot      =        -3.3530
 BOND   =         1.9887  ANGLE   =        19.5491  DIHED      =        25.0206
 1-4 NB =         5.8052  1-4 EEL =       114.9065  VDWAALS    =        -1.9580
 EELEC  =      -151.4567  EGB     =       -19.1662  RESTRAINT  =         0.0409
 ESURF=         1.9169
 EAMBER (non-restraint)  =        -3.3939
 ------------------------------------------------------------------------------

 NMR restraints: Bond =    0.000   Angle =     0.000   Torsion =     0.041
===============================================================================

 NSTEP =   275000   TIME(PS) =    2550.000  TEMP(K) =   334.89  PRESS =     0.0
 Etot   =        22.0378  EKtot   =        26.2868  EPtot      =        -4.2490
 BOND   =         3.1676  ANGLE   =        18.4432  DIHED      =        24.1561
 1-4 NB =         4.8304  1-4 EEL =       115.4898  VDWAALS    =        -2.3769
 EELEC  =      -144.6895  EGB     =       -25.3031  RESTRAINT  =         0.0404
 ESURF=         1.9931
 EAMBER (non-restraint)  =        -4.2893
 ------------------------------------------------------------------------------

 NMR restraints: Bond =    0.000   Angle =     0.000   Torsion =     0.040
===============================================================================
| RE_POSITION Moving by   0.483161 -1.935469  3.602150

 NSTEP =   280000   TIME(PS) =    2560.000  TEMP(K) =   378.59  PRESS =     0.0
 Etot   =        27.7735  EKtot   =        29.7172  EPtot      =        -1.9437
 BOND   =         3.4031  ANGLE   =        21.4046  DIHED      =        22.5653
 1-4 NB =         4.6500  1-4 EEL =       111.5666  VDWAALS    =        -2.4721
 EELEC  =      -141.1918  EGB     =       -24.1089  RESTRAINT  =         0.2064
 ESURF=         2.0332
 EAMBER (non-restraint)  =        -2.1502
 ------------------------------------------------------------------------------

 NMR restraints: Bond =    0.000   Angle =     0.000   Torsion =     0.206
===============================================================================

 NSTEP =   285000   TIME(PS) =    2570.000  TEMP(K) =   363.23  PRESS =     0.0
 Etot   =        17.9425  EKtot   =        28.5118  EPtot      =       -10.5692
 BOND   =         2.6341  ANGLE   =        16.6636  DIHED      =        21.3924
 1-4 NB =         5.2002  1-4 EEL =       110.9769  VDWAALS    =        -2.9876
 EELEC  =      -142.3761  EGB     =       -24.2608  RESTRAINT  =         0.2293
 ESURF=         1.9588
 EAMBER (non-restraint)  =       -10.7985
 ------------------------------------------------------------------------------

 NMR restraints: Bond =    0.000   Angle =     0.000   Torsion =     0.229
===============================================================================
| RE_POSITION Moving by  -4.535281  2.645524  1.881974

 NSTEP =   290000   TIME(PS) =    2580.000  TEMP(K) =   268.16  PRESS =     0.0
 Etot   =        15.1838  EKtot   =        21.0487  EPtot      =        -5.8650
 BOND   =         3.2218  ANGLE   =        17.6638  DIHED      =        27.1496
 1-4 NB =         4.1656  1-4 EEL =       111.3840  VDWAALS    =        -3.2352
 EELEC  =      -145.0722  EGB     =       -23.1730  RESTRAINT  =         0.0006
 ESURF=         2.0301
 EAMBER (non-restraint)  =        -5.8656
 ------------------------------------------------------------------------------

 NMR restraints: Bond =    0.000   Angle =     0.000   Torsion =     0.001
===============================================================================

 NSTEP =   295000   TIME(PS) =    2590.000  TEMP(K) =   311.05  PRESS =     0.0
 Etot   =        10.9514  EKtot   =        24.4157  EPtot      =       -13.4643
 BOND   =         3.6511  ANGLE   =        11.0124  DIHED      =        23.1020
 1-4 NB =         4.6909  1-4 EEL =       112.9091  VDWAALS    =        -2.8795
 EELEC  =      -138.9727  EGB     =       -29.0621  RESTRAINT  =         0.1381
 ESURF=         1.9464
 EAMBER (non-restraint)  =       -13.6024
 ------------------------------------------------------------------------------

 NMR restraints: Bond =    0.000   Angle =     0.000   Torsion =     0.138
===============================================================================
| RE_POSITION Moving by  -0.534345  0.316570  1.876776

 NSTEP =   300000   TIME(PS) =    2600.000  TEMP(K) =   282.93  PRESS =     0.0
 Etot   =        10.5253  EKtot   =        22.2087  EPtot      =       -11.6833
 BOND   =         2.4041  ANGLE   =        13.1521  DIHED      =        23.4171
 1-4 NB =         5.2158  1-4 EEL =       114.4121  VDWAALS    =        -3.7793
 EELEC  =      -146.9180  EGB     =       -21.4830  RESTRAINT  =         0.0159
 ESURF=         1.8798
 EAMBER (non-restraint)  =       -11.6993
 ------------------------------------------------------------------------------

 NMR restraints: Bond =    0.000   Angle =     0.000   Torsion =     0.016
===============================================================================

 NSTEP =   305000   TIME(PS) =    2610.000  TEMP(K) =   324.04  PRESS =     0.0
 Etot   =        17.5208  EKtot   =        25.4356  EPtot      =        -7.9148
 BOND   =         4.9637  ANGLE   =        15.3818  DIHED      =        25.4884
 1-4 NB =         4.1541  1-4 EEL =       111.2462  VDWAALS    =        -4.4080
 EELEC  =      -145.2202  EGB     =       -21.6004  RESTRAINT  =         0.2102
 ESURF=         1.8693
 EAMBER (non-restraint)  =        -8.1251
 ------------------------------------------------------------------------------

 NMR restraints: Bond =    0.000   Angle =     0.000   Torsion =     0.210
===============================================================================
| RE_POSITION Moving by   1.439512  2.019759  2.288394

 NSTEP =   310000   TIME(PS) =    2620.000  TEMP(K) =   274.46  PRESS =     0.0
 Etot   =        21.4773  EKtot   =        21.5437  EPtot      =        -0.0665
 BOND   =         4.5378  ANGLE   =        17.7004  DIHED      =        24.6927
 1-4 NB =         6.0860  1-4 EEL =       111.0283  VDWAALS    =        -1.8994
 EELEC  =      -143.1623  EGB     =       -21.5261  RESTRAINT  =         0.5577
 ESURF=         1.9184
 EAMBER (non-restraint)  =        -0.6242
 ------------------------------------------------------------------------------

 NMR restraints: Bond =    0.000   Angle =     0.000   Torsion =     0.558
===============================================================================

 NSTEP =   315000   TIME(PS) =    2630.000  TEMP(K) =   357.22  PRESS =     0.0
 Etot   =        22.9574  EKtot   =        28.0395  EPtot      =        -5.0821
 BOND   =         4.6460  ANGLE   =        15.7915  DIHED      =        24.6642
 1-4 NB =         4.5267  1-4 EEL =       107.2221  VDWAALS    =        -2.4956
 EELEC  =      -137.2164  EGB     =       -24.1976  RESTRAINT  =         0.0031
 ESURF=         1.9740
 EAMBER (non-restraint)  =        -5.0852
 ------------------------------------------------------------------------------

 NMR restraints: Bond =    0.000   Angle =     0.000   Torsion =     0.003
===============================================================================
| RE_POSITION Moving by  -9.212264  3.500836  0.460284

 NSTEP =   320000   TIME(PS) =    2640.000  TEMP(K) =   295.24  PRESS =     0.0
 Etot   =        18.5416  EKtot   =        23.1743  EPtot      =        -4.6327
 BOND   =         5.4987  ANGLE   =        18.0666  DIHED      =        22.6252
 1-4 NB =         5.3382  1-4 EEL =       114.4708  VDWAALS    =        -3.5040
 EELEC  =      -146.7179  EGB     =       -23.1292  RESTRAINT  =         0.7886
 ESURF=         1.9302
 EAMBER (non-restraint)  =        -5.4213
 ------------------------------------------------------------------------------

 NMR restraints: Bond =    0.000   Angle =     0.000   Torsion =     0.789
===============================================================================

 NSTEP =   325000   TIME(PS) =    2650.000  TEMP(K) =   383.65  PRESS =     0.0
 Etot   =        26.0009  EKtot   =        30.1142  EPtot      =        -4.1133
 BOND   =         5.2631  ANGLE   =        15.6127  DIHED      =        25.1478
 1-4 NB =         6.9059  1-4 EEL =       113.2292  VDWAALS    =        -3.5430
 EELEC  =      -146.1943  EGB     =       -22.8088  RESTRAINT  =         0.3494
 ESURF=         1.9247
 EAMBER (non-restraint)  =        -4.4627
 ------------------------------------------------------------------------------

 NMR restraints: Bond =    0.000   Angle =     0.000   Torsion =     0.349
===============================================================================
| RE_POSITION Moving by   0.493586  1.586194  1.352408

 NSTEP =   330000   TIME(PS) =    2660.000  TEMP(K) =   277.94  PRESS =     0.0
 Etot   =        18.5608  EKtot   =        21.8168  EPtot      =        -3.2559
 BOND   =        10.6329  ANGLE   =        13.7782  DIHED      =        24.6221
 1-4 NB =         5.0790  1-4 EEL =       110.6790  VDWAALS    =        -4.2867
 EELEC  =      -144.0080  EGB     =       -21.7263  RESTRAINT  =         0.0791
 ESURF=         1.8947
 EAMBER (non-restraint)  =        -3.3351
 ------------------------------------------------------------------------------

 NMR restraints: Bond =    0.000   Angle =     0.000   Torsion =     0.079
===============================================================================

 NSTEP =   335000   TIME(PS) =    2670.000  TEMP(K) =   307.42  PRESS =     0.0
 Etot   =        26.8269  EKtot   =        24.1308  EPtot      =         2.6961
 BOND   =         6.3995  ANGLE   =        26.3115  DIHED      =        23.0977
 1-4 NB =         3.2835  1-4 EEL =       112.2626  VDWAALS    =        -3.7651
 EELEC  =      -143.5804  EGB     =       -24.3716  RESTRAINT  =         1.0796
 ESURF=         1.9788
 EAMBER (non-restraint)  =         1.6165
 ------------------------------------------------------------------------------

 NMR restraints: Bond =    0.000   Angle =     0.000   Torsion =     1.080
===============================================================================
| RE_POSITION Moving by  -2.244843 -3.075828  3.547205

 NSTEP =   340000   TIME(PS) =    2680.000  TEMP(K) =   302.37  PRESS =     0.0
 Etot   =        14.5807  EKtot   =        23.7344  EPtot      =        -9.1537
 BOND   =         5.8159  ANGLE   =        14.7615  DIHED      =        22.8727
 1-4 NB =         4.6396  1-4 EEL =       113.7722  VDWAALS    =        -3.8842
 EELEC  =      -143.3645  EGB     =       -25.6853  RESTRAINT  =         0.0004
 ESURF=         1.9179
 EAMBER (non-restraint)  =        -9.1541
 ------------------------------------------------------------------------------

 NMR restraints: Bond =    0.000   Angle =     0.000   Torsion =     0.000
===============================================================================

 NSTEP =   345000   TIME(PS) =    2690.000  TEMP(K) =   260.02  PRESS =     0.0
 Etot   =        10.5274  EKtot   =        20.4098  EPtot      =        -9.8824
 BOND   =         4.4706  ANGLE   =        17.6499  DIHED      =        22.8564
 1-4 NB =         4.1692  1-4 EEL =       107.7518  VDWAALS    =        -4.4423
 EELEC  =      -141.7721  EGB     =       -22.6031  RESTRAINT  =         0.1168
 ESURF=         1.9204
 EAMBER (non-restraint)  =        -9.9992
 ------------------------------------------------------------------------------

 NMR restraints: Bond =    0.000   Angle =     0.000   Torsion =     0.117
===============================================================================
| RE_POSITION Moving by  -2.424701 -2.876625 -2.047726

 NSTEP =   350000   TIME(PS) =    2700.000  TEMP(K) =   300.28  PRESS =     0.0
 Etot   =        14.2368  EKtot   =        23.5699  EPtot      =        -9.3331
 BOND   =         5.7994  ANGLE   =        16.2951  DIHED      =        21.6634
 1-4 NB =         4.2228  1-4 EEL =       110.9921  VDWAALS    =        -4.2604
 EELEC  =      -143.5353  EGB     =       -22.6072  RESTRAINT  =         0.2112
 ESURF=         1.8858
 EAMBER (non-restraint)  =        -9.5443
 ------------------------------------------------------------------------------

 NMR restraints: Bond =    0.000   Angle =     0.000   Torsion =     0.211
===============================================================================

 NSTEP =   355000   TIME(PS) =    2710.000  TEMP(K) =   396.89  PRESS =     0.0
 Etot   =        21.6589  EKtot   =        31.1533  EPtot      =        -9.4944
 BOND   =         2.3190  ANGLE   =        15.4461  DIHED      =        22.5435
 1-4 NB =         5.6866  1-4 EEL =       112.6610  VDWAALS    =        -3.0044
 EELEC  =      -142.9536  EGB     =       -24.2146  RESTRAINT  =         0.0393
 ESURF=         1.9828
 EAMBER (non-restraint)  =        -9.5337
 ------------------------------------------------------------------------------

 NMR restraints: Bond =    0.000   Angle =     0.000   Torsion =     0.039
===============================================================================
| RE_POSITION Moving by   6.025720  0.938156 -2.042292

 NSTEP =   360000   TIME(PS) =    2720.000  TEMP(K) =   231.80  PRESS =     0.0
 Etot   =        11.2095  EKtot   =        18.1952  EPtot      =        -6.9856
 BOND   =         4.9727  ANGLE   =        15.8491  DIHED      =        23.4885
 1-4 NB =         4.6529  1-4 EEL =       111.1165  VDWAALS    =        -3.4239
 EELEC  =      -140.4119  EGB     =       -25.6206  RESTRAINT  =         0.4482
 ESURF=         1.9428
 EAMBER (non-restraint)  =        -7.4339
 ------------------------------------------------------------------------------

 NMR restraints: Bond =    0.000   Angle =     0.000   Torsion =     0.448
===============================================================================

 NSTEP =   365000   TIME(PS) =    2730.000  TEMP(K) =   274.27  PRESS =     0.0
 Etot   =        15.6408  EKtot   =        21.5289  EPtot      =        -5.8881
 BOND   =         4.4350  ANGLE   =        15.9036  DIHED      =        26.5601
 1-4 NB =         4.4976  1-4 EEL =       112.0653  VDWAALS    =        -4.6297
 EELEC  =      -142.1677  EGB     =       -24.7847  RESTRAINT  =         0.3217
 ESURF=         1.9106
 EAMBER (non-restraint)  =        -6.2098
 ------------------------------------------------------------------------------

 NMR restraints: Bond =    0.000   Angle =     0.000   Torsion =     0.322
===============================================================================
| RE_POSITION Moving by  -4.321973  4.323204 -0.456201

 NSTEP =   370000   TIME(PS) =    2740.000  TEMP(K) =   285.77  PRESS =     0.0
 Etot   =        13.2564  EKtot   =        22.4312  EPtot      =        -9.1748
 BOND   =         4.2140  ANGLE   =        13.6260  DIHED      =        24.6393
 1-4 NB =         5.6354  1-4 EEL =       112.3499  VDWAALS    =        -3.9190
 EELEC  =      -145.7903  EGB     =       -22.0552  RESTRAINT  =         0.2198
 ESURF=         1.9053
 EAMBER (non-restraint)  =        -9.3946
 ------------------------------------------------------------------------------

 NMR restraints: Bond =    0.000   Angle =     0.000   Torsion =     0.220
===============================================================================

 NSTEP =   375000   TIME(PS) =    2750.000  TEMP(K) =   392.77  PRESS =     0.0
 Etot   =        28.2385  EKtot   =        30.8297  EPtot      =        -2.5912
 BOND   =         2.1424  ANGLE   =        19.1325  DIHED      =        25.8897
 1-4 NB =         5.6764  1-4 EEL =       113.4671  VDWAALS    =        -4.0992
 EELEC  =      -146.4674  EGB     =       -20.2254  RESTRAINT  =         0.0017
 ESURF=         1.8910
 EAMBER (non-restraint)  =        -2.5929
 ------------------------------------------------------------------------------

 NMR restraints: Bond =    0.000   Angle =     0.000   Torsion =     0.002
===============================================================================
| RE_POSITION Moving by   1.411925  1.825293  2.744103

 NSTEP =   380000   TIME(PS) =    2760.000  TEMP(K) =   291.25  PRESS =     0.0
 Etot   =        16.7267  EKtot   =        22.8614  EPtot      =        -6.1347
 BOND   =         4.1342  ANGLE   =        18.2551  DIHED      =        23.4991
 1-4 NB =         4.2942  1-4 EEL =       108.4521  VDWAALS    =        -3.3237
 EELEC  =      -141.1704  EGB     =       -22.1651  RESTRAINT  =         0.0049
 ESURF=         1.8849
 EAMBER (non-restraint)  =        -6.1396
 ------------------------------------------------------------------------------

 NMR restraints: Bond =    0.000   Angle =     0.000   Torsion =     0.005
===============================================================================

 NSTEP =   385000   TIME(PS) =    2770.000  TEMP(K) =   372.49  PRESS =     0.0
 Etot   =        23.0560  EKtot   =        29.2380  EPtot      =        -6.1820
 BOND   =         5.7017  ANGLE   =        19.9004  DIHED      =        22.0716
 1-4 NB =         4.1276  1-4 EEL =       105.8075  VDWAALS    =        -1.6153
 EELEC  =      -140.5587  EGB     =       -23.6785  RESTRAINT  =         0.1345
 ESURF=         1.9272
 EAMBER (non-restraint)  =        -6.3165
 ------------------------------------------------------------------------------

 NMR restraints: Bond =    0.000   Angle =     0.000   Torsion =     0.135
===============================================================================
| RE_POSITION Moving by  -1.320894  4.252250  1.739523

 NSTEP =   390000   TIME(PS) =    2780.000  TEMP(K) =   328.77  PRESS =     0.0
 Etot   =        17.6727  EKtot   =        25.8067  EPtot      =        -8.1340
 BOND   =         6.8998  ANGLE   =        14.5944  DIHED      =        23.3142
 1-4 NB =         4.2235  1-4 EEL =       112.2520  VDWAALS    =        -3.7052
 EELEC  =      -146.8020  EGB     =       -21.3995  RESTRAINT  =         0.5802
 ESURF=         1.9086
 EAMBER (non-restraint)  =        -8.7142
 ------------------------------------------------------------------------------

 NMR restraints: Bond =    0.000   Angle =     0.000   Torsion =     0.580
===============================================================================

 NSTEP =   395000   TIME(PS) =    2790.000  TEMP(K) =   255.49  PRESS =     0.0
 Etot   =        15.5816  EKtot   =        20.0545  EPtot      =        -4.4729
 BOND   =         6.5503  ANGLE   =        16.7500  DIHED      =        22.3008
 1-4 NB =         5.6930  1-4 EEL =       110.8982  VDWAALS    =        -3.0183
 EELEC  =      -142.5313  EGB     =       -23.2467  RESTRAINT  =         0.1406
 ESURF=         1.9905
 EAMBER (non-restraint)  =        -4.6134
 ------------------------------------------------------------------------------

 NMR restraints: Bond =    0.000   Angle =     0.000   Torsion =     0.141
===============================================================================
| RE_POSITION Moving by  -5.702570  4.492101 -0.426137

 NSTEP =   400000   TIME(PS) =    2800.000  TEMP(K) =   250.88  PRESS =     0.0
 Etot   =         8.3417  EKtot   =        19.6925  EPtot      =       -11.3508
 BOND   =         6.8010  ANGLE   =        13.6910  DIHED      =        21.7500
 1-4 NB =         4.5146  1-4 EEL =       109.2775  VDWAALS    =        -3.7479
 EELEC  =      -142.8503  EGB     =       -23.1614  RESTRAINT  =         0.4755
 ESURF=         1.8992
 EAMBER (non-restraint)  =       -11.8264
 ------------------------------------------------------------------------------

 NMR restraints: Bond =    0.000   Angle =     0.000   Torsion =     0.476
===============================================================================

 NSTEP =   405000   TIME(PS) =    2810.000  TEMP(K) =   326.41  PRESS =     0.0
 Etot   =        13.3689  EKtot   =        25.6212  EPtot      =       -12.2524
 BOND   =         3.1648  ANGLE   =        13.8534  DIHED      =        22.6175
 1-4 NB =         5.6933  1-4 EEL =       113.4083  VDWAALS    =        -4.3500
 EELEC  =      -148.1619  EGB     =       -20.3774  RESTRAINT  =         0.0068
 ESURF=         1.8928
 EAMBER (non-restraint)  =       -12.2592
 ------------------------------------------------------------------------------

 NMR restraints: Bond =    0.000   Angle =     0.000   Torsion =     0.007
===============================================================================
| RE_POSITION Moving by   2.003504 -3.893933 -0.317684

 NSTEP =   410000   TIME(PS) =    2820.000  TEMP(K) =   390.70  PRESS =     0.0
 Etot   =        26.2026  EKtot   =        30.6680  EPtot      =        -4.4654
 BOND   =         5.6963  ANGLE   =        16.0150  DIHED      =        24.0323
 1-4 NB =         4.7763  1-4 EEL =       111.4804  VDWAALS    =        -3.4578
 EELEC  =      -143.6587  EGB     =       -22.4723  RESTRAINT  =         1.1868
 ESURF=         1.9364
 EAMBER (non-restraint)  =        -5.6522
 ------------------------------------------------------------------------------

 NMR restraints: Bond =    0.000   Angle =     0.000   Torsion =     1.187
===============================================================================

 NSTEP =   415000   TIME(PS) =    2830.000  TEMP(K) =   307.20  PRESS =     0.0
 Etot   =        26.6160  EKtot   =        24.1132  EPtot      =         2.5028
 BOND   =         5.4785  ANGLE   =        17.8356  DIHED      =        25.0582
 1-4 NB =         6.9942  1-4 EEL =       116.1812  VDWAALS    =        -1.1961
 EELEC  =      -145.6275  EGB     =       -24.9044  RESTRAINT  =         0.7611
 ESURF=         1.9219
 EAMBER (non-restraint)  =         1.7417
 ------------------------------------------------------------------------------

 NMR restraints: Bond =    0.000   Angle =     0.000   Torsion =     0.761
===============================================================================
| RE_POSITION Moving by  -0.871114 -3.666715 -6.090680

 NSTEP =   420000   TIME(PS) =    2840.000  TEMP(K) =   238.89  PRESS =     0.0
 Etot   =         6.8598  EKtot   =        18.7515  EPtot      =       -11.8916
 BOND   =         2.7538  ANGLE   =        15.2905  DIHED      =        22.5151
 1-4 NB =         4.7099  1-4 EEL =       109.9006  VDWAALS    =        -3.6926
 EELEC  =      -143.4051  EGB     =       -22.1901  RESTRAINT  =         0.2924
 ESURF=         1.9340
 EAMBER (non-restraint)  =       -12.1840
 ------------------------------------------------------------------------------

 NMR restraints: Bond =    0.000   Angle =     0.000   Torsion =     0.292
===============================================================================

 NSTEP =   425000   TIME(PS) =    2850.000  TEMP(K) =   322.54  PRESS =     0.0
 Etot   =        24.7229  EKtot   =        25.3179  EPtot      =        -0.5950
 BOND   =        11.3226  ANGLE   =        17.7527  DIHED      =        22.7897
 1-4 NB =         4.6784  1-4 EEL =       109.1760  VDWAALS    =        -2.8119
 EELEC  =      -144.6117  EGB     =       -20.8831  RESTRAINT  =         0.0955
 ESURF=         1.8968
 EAMBER (non-restraint)  =        -0.6905
 ------------------------------------------------------------------------------

 NMR restraints: Bond =    0.000   Angle =     0.000   Torsion =     0.095
===============================================================================
| RE_POSITION Moving by   5.279003 -7.686190  2.346550

 NSTEP =   430000   TIME(PS) =    2860.000  TEMP(K) =   263.28  PRESS =     0.0
 Etot   =        13.5515  EKtot   =        20.6660  EPtot      =        -7.1146
 BOND   =         6.4382  ANGLE   =        13.1166  DIHED      =        22.9885
 1-4 NB =         5.3980  1-4 EEL =       117.7529  VDWAALS    =        -3.8221
 EELEC  =      -149.0027  EGB     =       -22.0021  RESTRAINT  =         0.1242
 ESURF=         1.8938
 EAMBER (non-restraint)  =        -7.2388
 ------------------------------------------------------------------------------

 NMR restraints: Bond =    0.000   Angle =     0.000   Torsion =     0.124
===============================================================================

 NSTEP =   435000   TIME(PS) =    2870.000  TEMP(K) =   288.10  PRESS =     0.0
 Etot   =        20.8298  EKtot   =        22.6145  EPtot      =        -1.7847
 BOND   =         4.7303  ANGLE   =        20.9501  DIHED      =        25.6542
 1-4 NB =         4.2318  1-4 EEL =       109.9100  VDWAALS    =        -2.9543
 EELEC  =      -145.0420  EGB     =       -21.4150  RESTRAINT  =         0.1952
 ESURF=         1.9548
 EAMBER (non-restraint)  =        -1.9799
 ------------------------------------------------------------------------------

 NMR restraints: Bond =    0.000   Angle =     0.000   Torsion =     0.195
===============================================================================
| RE_POSITION Moving by  -3.101132 -0.041364  2.234612

 NSTEP =   440000   TIME(PS) =    2880.000  TEMP(K) =   307.39  PRESS =     0.0
 Etot   =        17.8567  EKtot   =        24.1279  EPtot      =        -6.2712
 BOND   =         3.1737  ANGLE   =        18.8295  DIHED      =        22.9028
 1-4 NB =         4.3413  1-4 EEL =       114.3772  VDWAALS    =        -3.5654
 EELEC  =      -140.5092  EGB     =       -27.8557  RESTRAINT  =         0.1456
 ESURF=         1.8891
 EAMBER (non-restraint)  =        -6.4168
 ------------------------------------------------------------------------------

 NMR restraints: Bond =    0.000   Angle =     0.000   Torsion =     0.146
===============================================================================

 NSTEP =   445000   TIME(PS) =    2890.000  TEMP(K) =   391.14  PRESS =     0.0
 Etot   =        19.0224  EKtot   =        30.7022  EPtot      =       -11.6798
 BOND   =         6.5723  ANGLE   =        11.6831  DIHED      =        22.5932
 1-4 NB =         4.3984  1-4 EEL =       115.3098  VDWAALS    =        -2.6361
 EELEC  =      -149.7124  EGB     =       -21.8484  RESTRAINT  =         0.0014
 ESURF=         1.9588
 EAMBER (non-restraint)  =       -11.6812
 ------------------------------------------------------------------------------

 NMR restraints: Bond =    0.000   Angle =     0.000   Torsion =     0.001
===============================================================================
| RE_POSITION Moving by  -0.395675  2.052333 -2.104997

 NSTEP =   450000   TIME(PS) =    2900.000  TEMP(K) =   286.54  PRESS =     0.0
 Etot   =        14.9638  EKtot   =        22.4916  EPtot      =        -7.5278
 BOND   =         5.6283  ANGLE   =        13.0269  DIHED      =        25.8390
 1-4 NB =         4.7715  1-4 EEL =       117.6448  VDWAALS    =        -3.0509
 EELEC  =      -150.8905  EGB     =       -22.7760  RESTRAINT  =         0.3325
 ESURF=         1.9467
 EAMBER (non-restraint)  =        -7.8603
 ------------------------------------------------------------------------------

 NMR restraints: Bond =    0.000   Angle =     0.000   Torsion =     0.333
===============================================================================

 NSTEP =   455000   TIME(PS) =    2910.000  TEMP(K) =   267.75  PRESS =     0.0
 Etot   =        16.1099  EKtot   =        21.0165  EPtot      =        -4.9066
 BOND   =         7.8381  ANGLE   =        15.5527  DIHED      =        24.0692
 1-4 NB =         3.7474  1-4 EEL =       112.2488  VDWAALS    =        -2.6177
 EELEC  =      -143.1656  EGB     =       -24.6022  RESTRAINT  =         0.0109
 ESURF=         2.0119
 EAMBER (non-restraint)  =        -4.9175
 ------------------------------------------------------------------------------

 NMR restraints: Bond =    0.000   Angle =     0.000   Torsion =     0.011
===============================================================================
| RE_POSITION Moving by   6.836852 -9.785272 -5.812219

 NSTEP =   460000   TIME(PS) =    2920.000  TEMP(K) =   354.67  PRESS =     0.0
 Etot   =        23.1968  EKtot   =        27.8396  EPtot      =        -4.6428
 BOND   =         6.8659  ANGLE   =        18.5466  DIHED      =        22.8871
 1-4 NB =         3.1141  1-4 EEL =       110.7602  VDWAALS    =        -3.3657
 EELEC  =      -132.6109  EGB     =       -32.7943  RESTRAINT  =         0.0018
 ESURF=         1.9524
 EAMBER (non-restraint)  =        -4.6445
 ------------------------------------------------------------------------------

 NMR restraints: Bond =    0.000   Angle =     0.000   Torsion =     0.002
===============================================================================

 NSTEP =   465000   TIME(PS) =    2930.000  TEMP(K) =   328.45  PRESS =     0.0
 Etot   =        16.2471  EKtot   =        25.7814  EPtot      =        -9.5344
 BOND   =         3.5957  ANGLE   =        15.7851  DIHED      =        23.0316
 1-4 NB =         3.8235  1-4 EEL =       113.3765  VDWAALS    =        -3.9037
 EELEC  =      -137.8816  EGB     =       -29.6896  RESTRAINT  =         0.3854
 ESURF=         1.9427
 EAMBER (non-restraint)  =        -9.9198
 ------------------------------------------------------------------------------

 NMR restraints: Bond =    0.000   Angle =     0.000   Torsion =     0.385
===============================================================================
| RE_POSITION Moving by   4.771717 -1.007917 -7.185822

 NSTEP =   470000   TIME(PS) =    2940.000  TEMP(K) =   243.64  PRESS =     0.0
 Etot   =        12.2981  EKtot   =        19.1244  EPtot      =        -6.8263
 BOND   =         3.5867  ANGLE   =        17.2630  DIHED      =        22.0112
 1-4 NB =         4.5692  1-4 EEL =       114.6548  VDWAALS    =        -2.1426
 EELEC  =      -140.1716  EGB     =       -28.6049  RESTRAINT  =         0.0517
 ESURF=         1.9564
 EAMBER (non-restraint)  =        -6.8780
 ------------------------------------------------------------------------------

 NMR restraints: Bond =    0.000   Angle =     0.000   Torsion =     0.052
===============================================================================

 NSTEP =   475000   TIME(PS) =    2950.000  TEMP(K) =   282.74  PRESS =     0.0
 Etot   =        16.8912  EKtot   =        22.1937  EPtot      =        -5.3025
 BOND   =         4.0754  ANGLE   =        17.1132  DIHED      =        23.8772
 1-4 NB =         5.5058  1-4 EEL =       111.7774  VDWAALS    =        -3.8278
 EELEC  =      -138.1296  EGB     =       -27.7324  RESTRAINT  =         0.1122
 ESURF=         1.9261
 EAMBER (non-restraint)  =        -5.4146
 ------------------------------------------------------------------------------

 NMR restraints: Bond =    0.000   Angle =     0.000   Torsion =     0.112
===============================================================================
| RE_POSITION Moving by   5.180877 -6.127724  5.845577

 NSTEP =   480000   TIME(PS) =    2960.000  TEMP(K) =   259.43  PRESS =     0.0
 Etot   =        10.1901  EKtot   =        20.3635  EPtot      =       -10.1734
 BOND   =         1.6792  ANGLE   =        16.2570  DIHED      =        23.4106
 1-4 NB =         5.0338  1-4 EEL =       114.4612  VDWAALS    =        -3.1117
 EELEC  =      -146.9431  EGB     =       -22.9483  RESTRAINT  =         0.0084
 ESURF=         1.9796
 EAMBER (non-restraint)  =       -10.1818
 ------------------------------------------------------------------------------

 NMR restraints: Bond =    0.000   Angle =     0.000   Torsion =     0.008
===============================================================================

 NSTEP =   485000   TIME(PS) =    2970.000  TEMP(K) =   304.02  PRESS =     0.0
 Etot   =        11.7475  EKtot   =        23.8640  EPtot      =       -12.1165
 BOND   =         5.0425  ANGLE   =         9.9256  DIHED      =        23.1024
 1-4 NB =         4.7844  1-4 EEL =       113.2750  VDWAALS    =        -2.5083
 EELEC  =      -138.9544  EGB     =       -29.3185  RESTRAINT  =         0.5915
 ESURF=         1.9434
 EAMBER (non-restraint)  =       -12.7080
 ------------------------------------------------------------------------------

 NMR restraints: Bond =    0.000   Angle =     0.000   Torsion =     0.591
===============================================================================
| RE_POSITION Moving by   1.458147 -4.475223 -1.990373

 NSTEP =   490000   TIME(PS) =    2980.000  TEMP(K) =   209.13  PRESS =     0.0
 Etot   =         9.4211  EKtot   =        16.4155  EPtot      =        -6.9944
 BOND   =         4.0843  ANGLE   =        13.9710  DIHED      =        26.2242
 1-4 NB =         5.3084  1-4 EEL =       114.9699  VDWAALS    =        -3.5815
 EELEC  =      -143.7014  EGB     =       -26.3681  RESTRAINT  =         0.1207
 ESURF=         1.9781
 EAMBER (non-restraint)  =        -7.1151
 ------------------------------------------------------------------------------

 NMR restraints: Bond =    0.000   Angle =     0.000   Torsion =     0.121
===============================================================================

 NSTEP =   495000   TIME(PS) =    2990.000  TEMP(K) =   305.52  PRESS =     0.0
 Etot   =        17.2093  EKtot   =        23.9816  EPtot      =        -6.7722
 BOND   =         5.8900  ANGLE   =        19.6942  DIHED      =        22.6110
 1-4 NB =         3.0623  1-4 EEL =       110.5922  VDWAALS    =        -4.3377
 EELEC  =      -137.8286  EGB     =       -28.5193  RESTRAINT  =         0.1269
 ESURF=         1.9368
 EAMBER (non-restraint)  =        -6.8991
 ------------------------------------------------------------------------------

 NMR restraints: Bond =    0.000   Angle =     0.000   Torsion =     0.127
===============================================================================
| RE_POSITION Moving by   8.586913  0.657907 -0.760690

 NSTEP =   500000   TIME(PS) =    3000.000  TEMP(K) =   299.61  PRESS =     0.0
 Etot   =        17.8552  EKtot   =        23.5174  EPtot      =        -5.6622
 BOND   =         2.8877  ANGLE   =        18.1494  DIHED      =        24.8917
 1-4 NB =         4.0695  1-4 EEL =       114.7459  VDWAALS    =        -1.4401
 EELEC  =      -149.0193  EGB     =       -21.8748  RESTRAINT  =         0.0001
 ESURF=         1.9278
 EAMBER (non-restraint)  =        -5.6622
 ------------------------------------------------------------------------------

 NMR restraints: Bond =    0.000   Angle =     0.000   Torsion =     0.000
===============================================================================

      A V E R A G E S   O V E R  500000 S T E P S


 NSTEP =   500000   TIME(PS) =    3000.000  TEMP(K) =   300.22  PRESS =     0.0
 Etot   =        17.1624  EKtot   =        23.5658  EPtot      =        -6.4033
 BOND   =         5.4864  ANGLE   =        15.9119  DIHED      =        23.6965
 1-4 NB =         4.7051  1-4 EEL =       112.1360  VDWAALS    =        -3.3369
 EELEC  =      -143.1615  EGB     =       -24.0988  RESTRAINT  =         0.3223
 ESURF=         1.9356
 EAMBER (non-restraint)  =        -6.7257
 ------------------------------------------------------------------------------

 NMR restraints: Bond =    0.000   Angle =     0.000   Torsion =     0.000
===============================================================================

      R M S  F L U C T U A T I O N S


 NSTEP =   500000   TIME(PS) =    3000.000  TEMP(K) =    47.38  PRESS =     0.0
 Etot   =         5.2260  EKtot   =         3.7191  EPtot      =         3.7456
 BOND   =         1.9992  ANGLE   =         3.2004  DIHED      =         1.5338
 1-4 NB =         0.9605  1-4 EEL =         2.9702  VDWAALS    =         0.8641
 EELEC  =         3.4242  EGB     =         2.5839  RESTRAINT  =         0.4561
 ESURF=         0.0398
 EAMBER (non-restraint)  =         3.2895
 ------------------------------------------------------------------------------


 NMR restraints on final step:


--------------------------------------------------------------------------------
   5.  TIMINGS
--------------------------------------------------------------------------------

|>>>>>>>>PROFILE of Average TIMES>>>>>>>>> 
|                Calc gb radii             27.66 ( 7.87% of Gen B)
|                Communicate gb radii     221.87 (63.10% of Gen B)
|                Calc gb diag              39.25 (11.16% of Gen B)
|                Calc gb off-diag          25.41 ( 7.23% of Gen B)
|                Surface area energy       36.76 (10.46% of Gen B)
|                Other                      0.64 ( 0.18% of Gen B)
|             Gen Born time            351.59 (100.0% of Nonbo)
|             IPS excludes               0.08 ( 0.02% of Nonbo)
|          Nonbond force            351.67 (29.33% of Force)
|          Bond/Angle/Dihedral       12.37 ( 1.03% of Force)
|          FRC Collect time         603.75 (50.36% of Force)
|          Other                    231.12 (19.28% of Force)
|       Force time              1198.91 (78.26% of Runmd)
|       Shake time                 1.67 ( 0.11% of Runmd)
|       Verlet update time       261.05 (17.04% of Runmd)
|       CRD distribute time       69.32 ( 4.52% of Runmd)
|       Other                      1.10 ( 0.07% of Runmd)
|    Runmd Time              1532.05 (100.0% of Total)
|    Other                      0.22 ( 0.01% of Total)
| Total time              1532.27 (100.0% of ALL  )

| Number of list builds   :          0

| Highest rstack allocated:          0
| Highest istack allocated:          0

| Final Performance Info:
| -----------------------------------------------------
| Average timings for all steps:
|     Elapsed(s) =    1532.05 Per Step(ms) =       3.06
|         ns/day =      56.40   seconds/ns =    1532.05
| -----------------------------------------------------

|           Job began  at 20:31:41.671  on 04/27/2013
|           Setup done at 20:31:41.899  on 04/27/2013
|           Run   done at 20:57:13.949  on 04/27/2013
|     wallclock() was called18500113 times
