
          -------------------------------------------------------
          Amber 12 SANDER                              2012
          -------------------------------------------------------

| Run on 04/27/2013 at 20:31:41
  [-O]verwriting output

File Assignments:
|  MDIN: run_144.in                                                            
| MDOUT: run_144.out                                                           
|INPCRD: ../eq2/run_144.rst                                                    
|  PARM: parm                                                                  
|RESTRT: run_144.rst                                                           
|  REFC: refc                                                                  
| MDVEL: mdvel                                                                 
|  MDEN: mden                                                                  
| MDCRD: run_144.nc                                                            
|MDINFO: mdinfo                                                                
|  MTMD: mtmd                                                                  
|INPDIP: inpdip                                                                
|RSTDIP: rstdip                                                                

|INPTRA: inptraj                                                               
|
 
 Here is the input file:
 
equilibration with restraint                                                   
 &cntrl                                                                        
   ig=969609,                                                                  
   irest=1, ntx=5,                                                             
   igb=8, gbsa=1,                                                              
   cut=9999.0, rgbmax=9998.0,                                                  
   ntc=2, ntf=1, tol=0.000001,                                                 
   ntt=3, gamma_ln=2.0, tempi=0.1,                                             
   ntb=0, nscm=10000,                                                          
   ioutfm=1,                                                                   
   nstlim=500000, dt=0.002,                                                    
   ntpr=5000, ntwx=5000, ntwv=0, ntwr=500000,                                  
   nmropt=1,                                                                   
 /                                                                             
 &wt                                                                           
  type='DUMPFREQ', istep1=5000,                                                
 /                                                                             
 &wt                                                                           
  type='END',                                                                  
 /                                                                             
DISANG=run_144.disang                                                          
DUMPAVE=run_144.dat                                                            
                                                                               

--------------------------------------------------------------------------------
   1.  RESOURCE   USE: 
--------------------------------------------------------------------------------

| Flags: MPI                                                                    
| New format PARM file being parsed.
| Version =    1.000 Date = 04/27/13 Time = 01:42:54
 NATOM  =      32 NTYPES =       7 NBONH =      17 MBONA  =      14
 NTHETH =      36 MTHETA =      18 NPHIH =      64 MPHIA  =      45
 NHPARM =       0 NPARM  =       0 NNB   =     152 NRES   =       4
 NBONA  =      14 NTHETA =      18 NPHIA =      45 NUMBND =      11
 NUMANG =      21 NPTRA  =      20 NATYP =       8 NPHB   =       0
 IFBOX  =       0 NMXRS  =      10 IFCAP =       0 NEXTRA =       0
 NCOPY  =       0

 Implicit solvent radii are ArgH and AspGluO modified Bondi2 radii (mbondi3)                                
 Replacing prmtop screening parameters with GBn2 (igb=8) values

|     Memory Use     Allocated
|     Real                2310
|     Hollerith            102
|     Integer            23012
|     Max Pairs              1
|     nblistReal             0
|     nblist Int             0
|       Total              108 kbytes

| Note: 1-4 EEL scale factors are being read from the topology file.

| Note: 1-4 VDW scale factors are being read from the topology file.
| Duplicated    0 dihedrals
| Duplicated    0 dihedrals

--------------------------------------------------------------------------------
   2.  CONTROL  DATA  FOR  THE  RUN
--------------------------------------------------------------------------------

ACE                                                                             

General flags:
     imin    =       0, nmropt  =       1

Nature and format of input:
     ntx     =       5, irest   =       1, ntrx    =       1

Nature and format of output:
     ntxo    =       1, ntpr    =    5000, ntrx    =       1, ntwr    =  500000
     iwrap   =       0, ntwx    =    5000, ntwv    =       0, ntwe    =       0
     ioutfm  =       1, ntwprt  =       0, idecomp =       0, rbornstat=      0

Potential function:
     ntf     =       1, ntb     =       0, igb     =       8, nsnb    =      25
     ipol    =       0, gbsa    =       1, iesp    =       0
     dielc   =   1.00000, cut     =9999.00000, intdiel =   1.00000
     saltcon =   0.00000, offset  =   0.19514, surften =   0.00500
     rdt     =   0.00000, rgbmax  =9998.00000  extdiel =  78.50000
     alpb  =        0
     gbalphaH  =   0.78844, gbbetaH   =   0.79870,  gbgammaH  =    0.43733
     gbalphaC  =   0.73376, gbbetaC   =   0.50638,  gbgammaC  =    0.20584
     gbalphaN  =   0.50336, gbbetaN   =   0.31683,  gbgammaN  =    0.19292
     gbalphaOS =   0.86781, gbbetaOS  =   0.87664,  gbgammaOS =    0.38788
     gbalphaP  =   1.00000, gbbetaP   =   0.80000,  gbgammaP  =    4.85100

Frozen or restrained atoms:
     ibelly  =       0, ntr     =       0

Molecular dynamics:
     nstlim  =    500000, nscm    =     10000, nrespa  =         1
     t       =   0.00000, dt      =   0.00200, vlimit  =  20.00000

Langevin dynamics temperature regulation:
     ig      =  969609
     temp0   = 300.00000, tempi   =   0.10000, gamma_ln=   2.00000

SHAKE:
     ntc     =       2, jfastw  =       0
     tol     =   0.00000

NMR refinement options:
     iscale  =       0, noeskp  =       1, ipnlty  =       1, mxsub   =       1
     scalm   = 100.00000, pencut  =   0.10000, tausw   =   0.10000

| MPI Timing options:
|      profile_mpi =        0
|  INFO: Old style inpcrd file read


--------------------------------------------------------------------------------
   3.  ATOMIC COORDINATES AND VELOCITIES
--------------------------------------------------------------------------------

ACE                                                                             
 begin time read from input coords =  2000.000 ps



           Begin reading energy term weight changes/NMR restraints
 WEIGHT CHANGES:
 DUMPFREQ   5000      0    0.000000    0.000000      0      0
                         ** No weight changes given **

 RESTRAINTS:
 Requested file redirections:
  DISANG    = run_144.disang
  DUMPAVE   = run_144.dat
 Restraints will be read from file: run_144.disang
Here are comments from the DISANG input file:

                       Number of restraints read =     1

                  Done reading weight changes/NMR restraints


 Number of triangulated 3-point waters found:        0
|  Atom division among processors:
|         0      16      32
|  Running AMBER/MPI version on    2 nodes


--------------------------------------------------------------------------------
   4.  RESULTS
--------------------------------------------------------------------------------

|  # of SOLUTE  degrees of freedom (RNDFP):      79.
|  # of SOLVENT degrees of freedom (RNDFS):       0.
|  NDFMIN =      79.     NUM_NOSHAKE =      0     CORRECTED RNDFP =      79.
|  TOTAL # of degrees of freedom (RNDF) =      79.

 NSTEP =     5000   TIME(PS) =    2010.000  TEMP(K) =   314.58  PRESS =     0.0
 Etot   =        12.8817  EKtot   =        24.6925  EPtot      =       -11.8108
 BOND   =         3.8421  ANGLE   =        12.2783  DIHED      =        22.5595
 1-4 NB =         6.3926  1-4 EEL =       118.7540  VDWAALS    =        -3.6209
 EELEC  =      -148.7706  EGB     =       -25.3407  RESTRAINT  =         0.1069
 ESURF=         1.9880
 EAMBER (non-restraint)  =       -11.9177
 ------------------------------------------------------------------------------

 NMR restraints: Bond =    0.000   Angle =     0.000   Torsion =     0.107
===============================================================================
| RE_POSITION Moving by   0.917866  0.937457  1.196397

 NSTEP =    10000   TIME(PS) =    2020.000  TEMP(K) =   312.38  PRESS =     0.0
 Etot   =        21.8584  EKtot   =        24.5202  EPtot      =        -2.6618
 BOND   =         5.3557  ANGLE   =        19.3269  DIHED      =        24.7924
 1-4 NB =         5.1040  1-4 EEL =       119.6947  VDWAALS    =        -3.1591
 EELEC  =      -153.5113  EGB     =       -22.2826  RESTRAINT  =         0.0881
 ESURF=         1.9294
 EAMBER (non-restraint)  =        -2.7499
 ------------------------------------------------------------------------------

 NMR restraints: Bond =    0.000   Angle =     0.000   Torsion =     0.088
===============================================================================

 NSTEP =    15000   TIME(PS) =    2030.000  TEMP(K) =   391.27  PRESS =     0.0
 Etot   =        25.7623  EKtot   =        30.7124  EPtot      =        -4.9501
 BOND   =         4.1589  ANGLE   =        15.9308  DIHED      =        26.0967
 1-4 NB =         5.2283  1-4 EEL =       112.0909  VDWAALS    =        -2.4767
 EELEC  =      -144.6115  EGB     =       -23.3932  RESTRAINT  =         0.0186
 ESURF=         2.0072
 EAMBER (non-restraint)  =        -4.9687
 ------------------------------------------------------------------------------

 NMR restraints: Bond =    0.000   Angle =     0.000   Torsion =     0.019
===============================================================================
| RE_POSITION Moving by   1.315254 -7.630047 -1.230750

 NSTEP =    20000   TIME(PS) =    2040.000  TEMP(K) =   261.72  PRESS =     0.0
 Etot   =        13.4889  EKtot   =        20.5438  EPtot      =        -7.0549
 BOND   =         7.5718  ANGLE   =        10.9652  DIHED      =        25.0863
 1-4 NB =         4.5960  1-4 EEL =       120.9305  VDWAALS    =        -2.6176
 EELEC  =      -151.0266  EGB     =       -24.7168  RESTRAINT  =         0.1338
 ESURF=         2.0227
 EAMBER (non-restraint)  =        -7.1887
 ------------------------------------------------------------------------------

 NMR restraints: Bond =    0.000   Angle =     0.000   Torsion =     0.134
===============================================================================

 NSTEP =    25000   TIME(PS) =    2050.000  TEMP(K) =   283.89  PRESS =     0.0
 Etot   =        13.0042  EKtot   =        22.2836  EPtot      =        -9.2794
 BOND   =         6.5734  ANGLE   =        11.8680  DIHED      =        23.3672
 1-4 NB =         6.0212  1-4 EEL =       121.2774  VDWAALS    =        -3.2158
 EELEC  =      -155.4122  EGB     =       -22.1020  RESTRAINT  =         0.4017
 ESURF=         1.9416
 EAMBER (non-restraint)  =        -9.6811
 ------------------------------------------------------------------------------

 NMR restraints: Bond =    0.000   Angle =     0.000   Torsion =     0.402
===============================================================================
| RE_POSITION Moving by  -0.341680  3.576684 -5.266549

 NSTEP =    30000   TIME(PS) =    2060.000  TEMP(K) =   232.99  PRESS =     0.0
 Etot   =        13.8745  EKtot   =        18.2880  EPtot      =        -4.4135
 BOND   =         6.8165  ANGLE   =        15.3533  DIHED      =        24.2961
 1-4 NB =         5.0056  1-4 EEL =       118.4321  VDWAALS    =        -3.5959
 EELEC  =      -152.7271  EGB     =       -20.7444  RESTRAINT  =         0.7860
 ESURF=         1.9643
 EAMBER (non-restraint)  =        -5.1995
 ------------------------------------------------------------------------------

 NMR restraints: Bond =    0.000   Angle =     0.000   Torsion =     0.786
===============================================================================

 NSTEP =    35000   TIME(PS) =    2070.000  TEMP(K) =   280.00  PRESS =     0.0
 Etot   =         6.6601  EKtot   =        21.9787  EPtot      =       -15.3186
 BOND   =         2.7981  ANGLE   =         8.7429  DIHED      =        22.8093
 1-4 NB =         6.2801  1-4 EEL =       121.5383  VDWAALS    =        -2.8117
 EELEC  =      -152.0563  EGB     =       -24.6392  RESTRAINT  =         0.0628
 ESURF=         1.9570
 EAMBER (non-restraint)  =       -15.3814
 ------------------------------------------------------------------------------

 NMR restraints: Bond =    0.000   Angle =     0.000   Torsion =     0.063
===============================================================================
| RE_POSITION Moving by  -5.127988  8.194908  1.426781

 NSTEP =    40000   TIME(PS) =    2080.000  TEMP(K) =   238.12  PRESS =     0.0
 Etot   =         5.4861  EKtot   =        18.6910  EPtot      =       -13.2048
 BOND   =         4.1976  ANGLE   =        11.8442  DIHED      =        22.8637
 1-4 NB =         4.9043  1-4 EEL =       119.7555  VDWAALS    =        -3.2966
 EELEC  =      -149.7453  EGB     =       -26.0342  RESTRAINT  =         0.3183
 ESURF=         1.9876
 EAMBER (non-restraint)  =       -13.5232
 ------------------------------------------------------------------------------

 NMR restraints: Bond =    0.000   Angle =     0.000   Torsion =     0.318
===============================================================================

 NSTEP =    45000   TIME(PS) =    2090.000  TEMP(K) =   264.55  PRESS =     0.0
 Etot   =        11.7249  EKtot   =        20.7652  EPtot      =        -9.0404
 BOND   =         4.7781  ANGLE   =        13.9986  DIHED      =        22.1544
 1-4 NB =         6.4922  1-4 EEL =       121.4713  VDWAALS    =        -3.2469
 EELEC  =      -153.5614  EGB     =       -23.2188  RESTRAINT  =         0.1240
 ESURF=         1.9680
 EAMBER (non-restraint)  =        -9.1644
 ------------------------------------------------------------------------------

 NMR restraints: Bond =    0.000   Angle =     0.000   Torsion =     0.124
===============================================================================
| RE_POSITION Moving by  -0.234672 -1.083772 -0.329214

 NSTEP =    50000   TIME(PS) =    2100.000  TEMP(K) =   270.41  PRESS =     0.0
 Etot   =         7.8110  EKtot   =        21.2258  EPtot      =       -13.4148
 BOND   =         3.9987  ANGLE   =        11.9301  DIHED      =        21.6152
 1-4 NB =         4.7212  1-4 EEL =       119.8554  VDWAALS    =        -3.8018
 EELEC  =      -152.7324  EGB     =       -21.4360  RESTRAINT  =         0.4470
 ESURF=         1.9878
 EAMBER (non-restraint)  =       -13.8619
 ------------------------------------------------------------------------------

 NMR restraints: Bond =    0.000   Angle =     0.000   Torsion =     0.447
===============================================================================

 NSTEP =    55000   TIME(PS) =    2110.000  TEMP(K) =   325.65  PRESS =     0.0
 Etot   =        13.6379  EKtot   =        25.5615  EPtot      =       -11.9236
 BOND   =         3.1666  ANGLE   =        11.8921  DIHED      =        22.6277
 1-4 NB =         4.9094  1-4 EEL =       116.5093  VDWAALS    =        -3.8246
 EELEC  =      -148.5197  EGB     =       -23.0508  RESTRAINT  =         2.3845
 ESURF=         1.9817
 EAMBER (non-restraint)  =       -14.3081
 ------------------------------------------------------------------------------

 NMR restraints: Bond =    0.000   Angle =     0.000   Torsion =     2.385
===============================================================================
| RE_POSITION Moving by  -4.213404 -6.048332 -1.076117

 NSTEP =    60000   TIME(PS) =    2120.000  TEMP(K) =   334.89  PRESS =     0.0
 Etot   =        16.9375  EKtot   =        26.2866  EPtot      =        -9.3490
 BOND   =         8.8790  ANGLE   =        12.6420  DIHED      =        22.9342
 1-4 NB =         4.7058  1-4 EEL =       117.4231  VDWAALS    =        -3.2178
 EELEC  =      -150.2961  EGB     =       -24.3920  RESTRAINT  =         0.0029
 ESURF=         1.9700
 EAMBER (non-restraint)  =        -9.3519
 ------------------------------------------------------------------------------

 NMR restraints: Bond =    0.000   Angle =     0.000   Torsion =     0.003
===============================================================================

 NSTEP =    65000   TIME(PS) =    2130.000  TEMP(K) =   259.87  PRESS =     0.0
 Etot   =        15.9673  EKtot   =        20.3982  EPtot      =        -4.4309
 BOND   =         7.0746  ANGLE   =        15.1410  DIHED      =        24.5054
 1-4 NB =         5.2442  1-4 EEL =       122.9631  VDWAALS    =        -4.1144
 EELEC  =      -156.4024  EGB     =       -20.8290  RESTRAINT  =         0.0344
 ESURF=         1.9522
 EAMBER (non-restraint)  =        -4.4653
 ------------------------------------------------------------------------------

 NMR restraints: Bond =    0.000   Angle =     0.000   Torsion =     0.034
===============================================================================
| RE_POSITION Moving by   7.274888 -4.042274 -6.554013

 NSTEP =    70000   TIME(PS) =    2140.000  TEMP(K) =   303.68  PRESS =     0.0
 Etot   =        11.0619  EKtot   =        23.8373  EPtot      =       -12.7754
 BOND   =         4.5698  ANGLE   =        10.9897  DIHED      =        23.6966
 1-4 NB =         4.0427  1-4 EEL =       119.3889  VDWAALS    =        -3.4801
 EELEC  =      -151.8109  EGB     =       -22.2318  RESTRAINT  =         0.0459
 ESURF=         2.0137
 EAMBER (non-restraint)  =       -12.8214
 ------------------------------------------------------------------------------

 NMR restraints: Bond =    0.000   Angle =     0.000   Torsion =     0.046
===============================================================================

 NSTEP =    75000   TIME(PS) =    2150.000  TEMP(K) =   249.16  PRESS =     0.0
 Etot   =        11.8326  EKtot   =        19.5578  EPtot      =        -7.7252
 BOND   =         6.3538  ANGLE   =        13.2960  DIHED      =        24.0434
 1-4 NB =         5.3260  1-4 EEL =       122.5549  VDWAALS    =        -3.6849
 EELEC  =      -154.1349  EGB     =       -24.1459  RESTRAINT  =         0.7195
 ESURF=         1.9469
 EAMBER (non-restraint)  =        -8.4447
 ------------------------------------------------------------------------------

 NMR restraints: Bond =    0.000   Angle =     0.000   Torsion =     0.720
===============================================================================
| RE_POSITION Moving by   4.334185 -5.327943 -3.621625

 NSTEP =    80000   TIME(PS) =    2160.000  TEMP(K) =   239.77  PRESS =     0.0
 Etot   =         8.0904  EKtot   =        18.8204  EPtot      =       -10.7300
 BOND   =         4.4001  ANGLE   =         9.3265  DIHED      =        26.1518
 1-4 NB =         3.8423  1-4 EEL =       122.7305  VDWAALS    =        -3.7086
 EELEC  =      -152.1050  EGB     =       -23.5695  RESTRAINT  =         0.2355
 ESURF=         1.9666
 EAMBER (non-restraint)  =       -10.9655
 ------------------------------------------------------------------------------

 NMR restraints: Bond =    0.000   Angle =     0.000   Torsion =     0.235
===============================================================================

 NSTEP =    85000   TIME(PS) =    2170.000  TEMP(K) =   250.19  PRESS =     0.0
 Etot   =        10.5863  EKtot   =        19.6381  EPtot      =        -9.0518
 BOND   =         5.4425  ANGLE   =        14.0260  DIHED      =        21.2035
 1-4 NB =         5.7798  1-4 EEL =       120.4543  VDWAALS    =        -3.3290
 EELEC  =      -152.8721  EGB     =       -22.6924  RESTRAINT  =         0.9599
 ESURF=         1.9756
 EAMBER (non-restraint)  =       -10.0117
 ------------------------------------------------------------------------------

 NMR restraints: Bond =    0.000   Angle =     0.000   Torsion =     0.960
===============================================================================
| RE_POSITION Moving by   5.339377 -1.036181  0.992169

 NSTEP =    90000   TIME(PS) =    2180.000  TEMP(K) =   252.13  PRESS =     0.0
 Etot   =         5.7240  EKtot   =        19.7909  EPtot      =       -14.0670
 BOND   =         4.7229  ANGLE   =        11.0874  DIHED      =        21.5342
 1-4 NB =         4.6586  1-4 EEL =       122.9734  VDWAALS    =        -3.3383
 EELEC  =      -153.9676  EGB     =       -23.7789  RESTRAINT  =         0.0458
 ESURF=         1.9955
 EAMBER (non-restraint)  =       -14.1127
 ------------------------------------------------------------------------------

 NMR restraints: Bond =    0.000   Angle =     0.000   Torsion =     0.046
===============================================================================

 NSTEP =    95000   TIME(PS) =    2190.000  TEMP(K) =   274.66  PRESS =     0.0
 Etot   =        18.9582  EKtot   =        21.5596  EPtot      =        -2.6014
 BOND   =         5.6030  ANGLE   =        18.1097  DIHED      =        22.6575
 1-4 NB =         5.9002  1-4 EEL =       120.8360  VDWAALS    =        -1.9644
 EELEC  =      -150.4814  EGB     =       -25.6794  RESTRAINT  =         0.4417
 ESURF=         1.9757
 EAMBER (non-restraint)  =        -3.0431
 ------------------------------------------------------------------------------

 NMR restraints: Bond =    0.000   Angle =     0.000   Torsion =     0.442
===============================================================================
| RE_POSITION Moving by   1.697566  0.712767  4.006778

 NSTEP =   100000   TIME(PS) =    2200.000  TEMP(K) =   287.81  PRESS =     0.0
 Etot   =        13.6153  EKtot   =        22.5915  EPtot      =        -8.9762
 BOND   =         4.2182  ANGLE   =        18.9651  DIHED      =        22.0842
 1-4 NB =         4.1197  1-4 EEL =       111.7758  VDWAALS    =        -3.1402
 EELEC  =      -143.6188  EGB     =       -25.7170  RESTRAINT  =         0.3223
 ESURF=         2.0146
 EAMBER (non-restraint)  =        -9.2985
 ------------------------------------------------------------------------------

 NMR restraints: Bond =    0.000   Angle =     0.000   Torsion =     0.322
===============================================================================

 NSTEP =   105000   TIME(PS) =    2210.000  TEMP(K) =   239.87  PRESS =     0.0
 Etot   =         9.3791  EKtot   =        18.8287  EPtot      =        -9.4495
 BOND   =         6.9460  ANGLE   =        10.0023  DIHED      =        23.0085
 1-4 NB =         5.4155  1-4 EEL =       122.1215  VDWAALS    =        -2.7094
 EELEC  =      -154.6268  EGB     =       -22.6294  RESTRAINT  =         1.0588
 ESURF=         1.9633
 EAMBER (non-restraint)  =       -10.5083
 ------------------------------------------------------------------------------

 NMR restraints: Bond =    0.000   Angle =     0.000   Torsion =     1.059
===============================================================================
| RE_POSITION Moving by  13.624304 -5.513361  4.259793

 NSTEP =   110000   TIME(PS) =    2220.000  TEMP(K) =   264.81  PRESS =     0.0
 Etot   =        12.2090  EKtot   =        20.7858  EPtot      =        -8.5767
 BOND   =         3.8333  ANGLE   =        16.2243  DIHED      =        21.2962
 1-4 NB =         5.6760  1-4 EEL =       117.5856  VDWAALS    =        -2.7796
 EELEC  =      -149.6724  EGB     =       -23.1934  RESTRAINT  =         0.4646
 ESURF=         1.9886
 EAMBER (non-restraint)  =        -9.0413
 ------------------------------------------------------------------------------

 NMR restraints: Bond =    0.000   Angle =     0.000   Torsion =     0.465
===============================================================================

 NSTEP =   115000   TIME(PS) =    2230.000  TEMP(K) =   306.37  PRESS =     0.0
 Etot   =        16.5062  EKtot   =        24.0484  EPtot      =        -7.5422
 BOND   =         3.5633  ANGLE   =        13.6850  DIHED      =        25.3078
 1-4 NB =         5.2147  1-4 EEL =       120.5010  VDWAALS    =        -3.1725
 EELEC  =      -153.0895  EGB     =       -21.9748  RESTRAINT  =         0.4369
 ESURF=         1.9859
 EAMBER (non-restraint)  =        -7.9791
 ------------------------------------------------------------------------------

 NMR restraints: Bond =    0.000   Angle =     0.000   Torsion =     0.437
===============================================================================
| RE_POSITION Moving by  -4.596379 -0.041604  2.266223

 NSTEP =   120000   TIME(PS) =    2240.000  TEMP(K) =   310.74  PRESS =     0.0
 Etot   =        12.6565  EKtot   =        24.3909  EPtot      =       -11.7343
 BOND   =         5.3976  ANGLE   =        11.8886  DIHED      =        23.4089
 1-4 NB =         4.1229  1-4 EEL =       122.4494  VDWAALS    =        -3.5160
 EELEC  =      -154.4608  EGB     =       -23.0684  RESTRAINT  =         0.0575
 ESURF=         1.9859
 EAMBER (non-restraint)  =       -11.7919
 ------------------------------------------------------------------------------

 NMR restraints: Bond =    0.000   Angle =     0.000   Torsion =     0.058
===============================================================================

 NSTEP =   125000   TIME(PS) =    2250.000  TEMP(K) =   407.61  PRESS =     0.0
 Etot   =        23.7230  EKtot   =        31.9947  EPtot      =        -8.2717
 BOND   =         4.3813  ANGLE   =        13.8379  DIHED      =        25.9116
 1-4 NB =         3.9391  1-4 EEL =       117.6044  VDWAALS    =        -3.3926
 EELEC  =      -149.9291  EGB     =       -23.8145  RESTRAINT  =         1.1781
 ESURF=         2.0120
 EAMBER (non-restraint)  =        -9.4498
 ------------------------------------------------------------------------------

 NMR restraints: Bond =    0.000   Angle =     0.000   Torsion =     1.178
===============================================================================
| RE_POSITION Moving by   0.982961  0.752945 -2.689079

 NSTEP =   130000   TIME(PS) =    2260.000  TEMP(K) =   339.13  PRESS =     0.0
 Etot   =        16.6303  EKtot   =        26.6193  EPtot      =        -9.9891
 BOND   =         5.8119  ANGLE   =        11.7956  DIHED      =        24.7348
 1-4 NB =         5.8553  1-4 EEL =       122.7144  VDWAALS    =        -3.7387
 EELEC  =      -154.9183  EGB     =       -24.1868  RESTRAINT  =         0.0165
 ESURF=         1.9262
 EAMBER (non-restraint)  =       -10.0056
 ------------------------------------------------------------------------------

 NMR restraints: Bond =    0.000   Angle =     0.000   Torsion =     0.017
===============================================================================

 NSTEP =   135000   TIME(PS) =    2270.000  TEMP(K) =   302.55  PRESS =     0.0
 Etot   =        15.0551  EKtot   =        23.7486  EPtot      =        -8.6936
 BOND   =         5.3757  ANGLE   =        14.6843  DIHED      =        24.3410
 1-4 NB =         3.7848  1-4 EEL =       118.7063  VDWAALS    =        -3.7982
 EELEC  =      -149.7238  EGB     =       -24.0326  RESTRAINT  =         0.0153
 ESURF=         1.9537
 EAMBER (non-restraint)  =        -8.7088
 ------------------------------------------------------------------------------

 NMR restraints: Bond =    0.000   Angle =     0.000   Torsion =     0.015
===============================================================================
| RE_POSITION Moving by   8.656456 -1.018371  3.911992

 NSTEP =   140000   TIME(PS) =    2280.000  TEMP(K) =   358.10  PRESS =     0.0
 Etot   =        18.5899  EKtot   =        28.1087  EPtot      =        -9.5188
 BOND   =         7.7512  ANGLE   =        13.1473  DIHED      =        20.9400
 1-4 NB =         3.9530  1-4 EEL =       120.8266  VDWAALS    =        -2.1143
 EELEC  =      -150.6749  EGB     =       -25.4673  RESTRAINT  =         0.1603
 ESURF=         1.9592
 EAMBER (non-restraint)  =        -9.6791
 ------------------------------------------------------------------------------

 NMR restraints: Bond =    0.000   Angle =     0.000   Torsion =     0.160
===============================================================================

 NSTEP =   145000   TIME(PS) =    2290.000  TEMP(K) =   270.20  PRESS =     0.0
 Etot   =         8.5955  EKtot   =        21.2092  EPtot      =       -12.6137
 BOND   =         4.0232  ANGLE   =        13.7664  DIHED      =        23.4276
 1-4 NB =         4.0188  1-4 EEL =       118.8618  VDWAALS    =        -3.6136
 EELEC  =      -151.6459  EGB     =       -23.4545  RESTRAINT  =         0.0006
 ESURF=         2.0020
 EAMBER (non-restraint)  =       -12.6143
 ------------------------------------------------------------------------------

 NMR restraints: Bond =    0.000   Angle =     0.000   Torsion =     0.001
===============================================================================
| RE_POSITION Moving by  -2.238334 -3.461194  0.024714

 NSTEP =   150000   TIME(PS) =    2300.000  TEMP(K) =   220.39  PRESS =     0.0
 Etot   =        11.0107  EKtot   =        17.2991  EPtot      =        -6.2884
 BOND   =         3.4944  ANGLE   =        18.2379  DIHED      =        22.4153
 1-4 NB =         4.4056  1-4 EEL =       116.3716  VDWAALS    =        -2.4100
 EELEC  =      -147.7642  EGB     =       -23.0576  RESTRAINT  =         0.0047
 ESURF=         2.0140
 EAMBER (non-restraint)  =        -6.2931
 ------------------------------------------------------------------------------

 NMR restraints: Bond =    0.000   Angle =     0.000   Torsion =     0.005
===============================================================================

 NSTEP =   155000   TIME(PS) =    2310.000  TEMP(K) =   316.58  PRESS =     0.0
 Etot   =        20.3301  EKtot   =        24.8496  EPtot      =        -4.5195
 BOND   =         6.4786  ANGLE   =        14.7768  DIHED      =        24.2459
 1-4 NB =         4.9414  1-4 EEL =       118.6692  VDWAALS    =        -0.5668
 EELEC  =      -149.3496  EGB     =       -25.7976  RESTRAINT  =         0.1627
 ESURF=         1.9199
 EAMBER (non-restraint)  =        -4.6822
 ------------------------------------------------------------------------------

 NMR restraints: Bond =    0.000   Angle =     0.000   Torsion =     0.163
===============================================================================
| RE_POSITION Moving by  -0.224800  6.126339 -0.546485

 NSTEP =   160000   TIME(PS) =    2320.000  TEMP(K) =   291.24  PRESS =     0.0
 Etot   =        15.6302  EKtot   =        22.8609  EPtot      =        -7.2308
 BOND   =         7.4464  ANGLE   =        16.5114  DIHED      =        21.8060
 1-4 NB =         4.5777  1-4 EEL =       117.4192  VDWAALS    =        -4.0796
 EELEC  =      -146.7033  EGB     =       -26.2697  RESTRAINT  =         0.1130
 ESURF=         1.9483
 EAMBER (non-restraint)  =        -7.3437
 ------------------------------------------------------------------------------

 NMR restraints: Bond =    0.000   Angle =     0.000   Torsion =     0.113
===============================================================================

 NSTEP =   165000   TIME(PS) =    2330.000  TEMP(K) =   320.42  PRESS =     0.0
 Etot   =        23.9319  EKtot   =        25.1507  EPtot      =        -1.2188
 BOND   =         4.4030  ANGLE   =        16.4654  DIHED      =        26.7967
 1-4 NB =         5.4893  1-4 EEL =       118.6652  VDWAALS    =        -2.9599
 EELEC  =      -145.7770  EGB     =       -26.3066  RESTRAINT  =         0.0010
 ESURF=         2.0040
 EAMBER (non-restraint)  =        -1.2198
 ------------------------------------------------------------------------------

 NMR restraints: Bond =    0.000   Angle =     0.000   Torsion =     0.001
===============================================================================
| RE_POSITION Moving by   6.681031 -6.273145 -1.350219

 NSTEP =   170000   TIME(PS) =    2340.000  TEMP(K) =   310.06  PRESS =     0.0
 Etot   =        22.3735  EKtot   =        24.3377  EPtot      =        -1.9642
 BOND   =         4.4503  ANGLE   =        20.1442  DIHED      =        24.4211
 1-4 NB =         5.3654  1-4 EEL =       117.3246  VDWAALS    =        -3.1264
 EELEC  =      -151.0696  EGB     =       -22.0655  RESTRAINT  =         0.5480
 ESURF=         2.0437
 EAMBER (non-restraint)  =        -2.5122
 ------------------------------------------------------------------------------

 NMR restraints: Bond =    0.000   Angle =     0.000   Torsion =     0.548
===============================================================================

 NSTEP =   175000   TIME(PS) =    2350.000  TEMP(K) =   276.43  PRESS =     0.0
 Etot   =        11.3541  EKtot   =        21.6981  EPtot      =       -10.3440
 BOND   =         1.9902  ANGLE   =        18.2743  DIHED      =        22.8860
 1-4 NB =         5.3785  1-4 EEL =       113.7273  VDWAALS    =        -1.2667
 EELEC  =      -152.4445  EGB     =       -20.8679  RESTRAINT  =         0.1088
 ESURF=         1.8699
 EAMBER (non-restraint)  =       -10.4528
 ------------------------------------------------------------------------------

 NMR restraints: Bond =    0.000   Angle =     0.000   Torsion =     0.109
===============================================================================
| RE_POSITION Moving by  -0.932660 -0.773334  2.740656

 NSTEP =   180000   TIME(PS) =    2360.000  TEMP(K) =   277.57  PRESS =     0.0
 Etot   =        15.7248  EKtot   =        21.7874  EPtot      =        -6.0626
 BOND   =         3.9806  ANGLE   =        17.6544  DIHED      =        21.5413
 1-4 NB =         5.9414  1-4 EEL =       114.8994  VDWAALS    =        -2.7886
 EELEC  =      -149.4534  EGB     =       -21.2961  RESTRAINT  =         1.5507
 ESURF=         1.9078
 EAMBER (non-restraint)  =        -7.6133
 ------------------------------------------------------------------------------

 NMR restraints: Bond =    0.000   Angle =     0.000   Torsion =     1.551
===============================================================================

 NSTEP =   185000   TIME(PS) =    2370.000  TEMP(K) =   274.72  PRESS =     0.0
 Etot   =        18.2259  EKtot   =        21.5638  EPtot      =        -3.3378
 BOND   =         4.9384  ANGLE   =        24.7413  DIHED      =        18.5740
 1-4 NB =         3.0697  1-4 EEL =       112.0865  VDWAALS    =        -4.6385
 EELEC  =      -144.7550  EGB     =       -23.1506  RESTRAINT  =         3.8815
 ESURF=         1.9149
 EAMBER (non-restraint)  =        -7.2193
 ------------------------------------------------------------------------------

 NMR restraints: Bond =    0.000   Angle =     0.000   Torsion =     3.882
===============================================================================
| RE_POSITION Moving by   3.110450 -5.664789  1.194267

 NSTEP =   190000   TIME(PS) =    2380.000  TEMP(K) =   321.20  PRESS =     0.0
 Etot   =        15.6036  EKtot   =        25.2127  EPtot      =        -9.6090
 BOND   =         1.7656  ANGLE   =        14.0436  DIHED      =        25.9671
 1-4 NB =         5.2213  1-4 EEL =       115.2840  VDWAALS    =        -4.4722
 EELEC  =      -147.0842  EGB     =       -22.8706  RESTRAINT  =         0.6081
 ESURF=         1.9283
 EAMBER (non-restraint)  =       -10.2171
 ------------------------------------------------------------------------------

 NMR restraints: Bond =    0.000   Angle =     0.000   Torsion =     0.608
===============================================================================

 NSTEP =   195000   TIME(PS) =    2390.000  TEMP(K) =   303.28  PRESS =     0.0
 Etot   =        22.7956  EKtot   =        23.8054  EPtot      =        -1.0098
 BOND   =        12.8144  ANGLE   =        15.1918  DIHED      =        21.3114
 1-4 NB =         6.2744  1-4 EEL =       115.0392  VDWAALS    =        -3.2124
 EELEC  =      -146.3004  EGB     =       -24.3945  RESTRAINT  =         0.2609
 ESURF=         2.0052
 EAMBER (non-restraint)  =        -1.2708
 ------------------------------------------------------------------------------

 NMR restraints: Bond =    0.000   Angle =     0.000   Torsion =     0.261
===============================================================================
| RE_POSITION Moving by   0.102080  0.718649  3.208139

 NSTEP =   200000   TIME(PS) =    2400.000  TEMP(K) =   247.82  PRESS =     0.0
 Etot   =        12.7742  EKtot   =        19.4526  EPtot      =        -6.6783
 BOND   =         5.8491  ANGLE   =        15.4081  DIHED      =        22.8733
 1-4 NB =         6.0004  1-4 EEL =       121.0218  VDWAALS    =        -3.8085
 EELEC  =      -153.2830  EGB     =       -22.7586  RESTRAINT  =         0.1348
 ESURF=         1.8845
 EAMBER (non-restraint)  =        -6.8131
 ------------------------------------------------------------------------------

 NMR restraints: Bond =    0.000   Angle =     0.000   Torsion =     0.135
===============================================================================

 NSTEP =   205000   TIME(PS) =    2410.000  TEMP(K) =   306.00  PRESS =     0.0
 Etot   =        16.2022  EKtot   =        24.0195  EPtot      =        -7.8172
 BOND   =         5.3978  ANGLE   =        15.2478  DIHED      =        23.7424
 1-4 NB =         4.1544  1-4 EEL =       112.7598  VDWAALS    =        -3.8131
 EELEC  =      -140.4643  EGB     =       -27.2793  RESTRAINT  =         0.4951
 ESURF=         1.9422
 EAMBER (non-restraint)  =        -8.3123
 ------------------------------------------------------------------------------

 NMR restraints: Bond =    0.000   Angle =     0.000   Torsion =     0.495
===============================================================================
| RE_POSITION Moving by   7.968827  7.342920 -1.408917

 NSTEP =   210000   TIME(PS) =    2420.000  TEMP(K) =   285.08  PRESS =     0.0
 Etot   =         6.2382  EKtot   =        22.3774  EPtot      =       -16.1392
 BOND   =         3.9649  ANGLE   =         7.4623  DIHED      =        24.0223
 1-4 NB =         5.9062  1-4 EEL =       116.6924  VDWAALS    =        -4.2160
 EELEC  =      -149.3095  EGB     =       -22.5760  RESTRAINT  =         0.0063
 ESURF=         1.9080
 EAMBER (non-restraint)  =       -16.1455
 ------------------------------------------------------------------------------

 NMR restraints: Bond =    0.000   Angle =     0.000   Torsion =     0.006
===============================================================================

 NSTEP =   215000   TIME(PS) =    2430.000  TEMP(K) =   322.75  PRESS =     0.0
 Etot   =        16.6546  EKtot   =        25.3343  EPtot      =        -8.6797
 BOND   =         5.9158  ANGLE   =        15.5114  DIHED      =        22.9380
 1-4 NB =         4.4515  1-4 EEL =       116.1510  VDWAALS    =        -3.4024
 EELEC  =      -149.0661  EGB     =       -23.4181  RESTRAINT  =         0.3132
 ESURF=         1.9260
 EAMBER (non-restraint)  =        -8.9929
 ------------------------------------------------------------------------------

 NMR restraints: Bond =    0.000   Angle =     0.000   Torsion =     0.313
===============================================================================
| RE_POSITION Moving by   0.000168 -4.403067 -4.839293

 NSTEP =   220000   TIME(PS) =    2440.000  TEMP(K) =   339.20  PRESS =     0.0
 Etot   =        16.2167  EKtot   =        26.6254  EPtot      =       -10.4086
 BOND   =         4.1650  ANGLE   =        11.3666  DIHED      =        23.6393
 1-4 NB =         6.6129  1-4 EEL =       118.7703  VDWAALS    =        -4.2100
 EELEC  =      -149.2627  EGB     =       -23.4454  RESTRAINT  =         0.0424
 ESURF=         1.9131
 EAMBER (non-restraint)  =       -10.4510
 ------------------------------------------------------------------------------

 NMR restraints: Bond =    0.000   Angle =     0.000   Torsion =     0.042
===============================================================================

 NSTEP =   225000   TIME(PS) =    2450.000  TEMP(K) =   268.67  PRESS =     0.0
 Etot   =        17.7120  EKtot   =        21.0890  EPtot      =        -3.3769
 BOND   =         3.0915  ANGLE   =        15.0449  DIHED      =        26.3323
 1-4 NB =         7.1553  1-4 EEL =       117.7897  VDWAALS    =        -3.6295
 EELEC  =      -145.4820  EGB     =       -26.8900  RESTRAINT  =         1.2720
 ESURF=         1.9388
 EAMBER (non-restraint)  =        -4.6489
 ------------------------------------------------------------------------------

 NMR restraints: Bond =    0.000   Angle =     0.000   Torsion =     1.272
===============================================================================
| RE_POSITION Moving by   5.439539 -6.906350 -8.859192

 NSTEP =   230000   TIME(PS) =    2460.000  TEMP(K) =   327.02  PRESS =     0.0
 Etot   =        21.6302  EKtot   =        25.6690  EPtot      =        -4.0388
 BOND   =         6.4119  ANGLE   =        12.8597  DIHED      =        22.1535
 1-4 NB =         5.2367  1-4 EEL =       114.2136  VDWAALS    =        -2.1432
 EELEC  =      -143.0763  EGB     =       -24.7492  RESTRAINT  =         3.0383
 ESURF=         2.0162
 EAMBER (non-restraint)  =        -7.0771
 ------------------------------------------------------------------------------

 NMR restraints: Bond =    0.000   Angle =     0.000   Torsion =     3.038
===============================================================================

 NSTEP =   235000   TIME(PS) =    2470.000  TEMP(K) =   343.99  PRESS =     0.0
 Etot   =        25.8851  EKtot   =        27.0014  EPtot      =        -1.1163
 BOND   =         0.9948  ANGLE   =        21.8015  DIHED      =        22.6679
 1-4 NB =         7.8010  1-4 EEL =       120.4808  VDWAALS    =        -0.7082
 EELEC  =      -156.2770  EGB     =       -19.8767  RESTRAINT  =         0.1104
 ESURF=         1.8891
 EAMBER (non-restraint)  =        -1.2267
 ------------------------------------------------------------------------------

 NMR restraints: Bond =    0.000   Angle =     0.000   Torsion =     0.110
===============================================================================
| RE_POSITION Moving by  -9.466018  6.121319 -3.979845

 NSTEP =   240000   TIME(PS) =    2480.000  TEMP(K) =   232.41  PRESS =     0.0
 Etot   =        11.9385  EKtot   =        18.2430  EPtot      =        -6.3046
 BOND   =         7.7347  ANGLE   =        14.8734  DIHED      =        25.2607
 1-4 NB =         4.2143  1-4 EEL =       117.4200  VDWAALS    =        -4.0518
 EELEC  =      -149.7100  EGB     =       -24.0227  RESTRAINT  =         0.0101
 ESURF=         1.9668
 EAMBER (non-restraint)  =        -6.3146
 ------------------------------------------------------------------------------

 NMR restraints: Bond =    0.000   Angle =     0.000   Torsion =     0.010
===============================================================================

 NSTEP =   245000   TIME(PS) =    2490.000  TEMP(K) =   323.95  PRESS =     0.0
 Etot   =        18.1297  EKtot   =        25.4281  EPtot      =        -7.2984
 BOND   =         4.0071  ANGLE   =        15.6274  DIHED      =        23.3268
 1-4 NB =         5.0818  1-4 EEL =       117.0614  VDWAALS    =        -3.4034
 EELEC  =      -147.4224  EGB     =       -23.8963  RESTRAINT  =         0.3143
 ESURF=         2.0048
 EAMBER (non-restraint)  =        -7.6127
 ------------------------------------------------------------------------------

 NMR restraints: Bond =    0.000   Angle =     0.000   Torsion =     0.314
===============================================================================
| RE_POSITION Moving by -15.057387 -9.688216 -4.286576

 NSTEP =   250000   TIME(PS) =    2500.000  TEMP(K) =   339.18  PRESS =     0.0
 Etot   =        18.1701  EKtot   =        26.6240  EPtot      =        -8.4539
 BOND   =         4.1280  ANGLE   =        13.7399  DIHED      =        22.2197
 1-4 NB =         5.9489  1-4 EEL =       121.6537  VDWAALS    =        -3.3467
 EELEC  =      -151.4005  EGB     =       -23.3928  RESTRAINT  =         0.0369
 ESURF=         1.9591
 EAMBER (non-restraint)  =        -8.4908
 ------------------------------------------------------------------------------

 NMR restraints: Bond =    0.000   Angle =     0.000   Torsion =     0.037
===============================================================================

 NSTEP =   255000   TIME(PS) =    2510.000  TEMP(K) =   343.86  PRESS =     0.0
 Etot   =        23.6582  EKtot   =        26.9912  EPtot      =        -3.3330
 BOND   =         9.8676  ANGLE   =        13.0474  DIHED      =        24.8248
 1-4 NB =         4.8884  1-4 EEL =       120.7513  VDWAALS    =        -2.4728
 EELEC  =      -154.0746  EGB     =       -22.2734  RESTRAINT  =         0.1135
 ESURF=         1.9948
 EAMBER (non-restraint)  =        -3.4465
 ------------------------------------------------------------------------------

 NMR restraints: Bond =    0.000   Angle =     0.000   Torsion =     0.114
===============================================================================
| RE_POSITION Moving by  -3.658762  1.050425 -3.602669

 NSTEP =   260000   TIME(PS) =    2520.000  TEMP(K) =   325.29  PRESS =     0.0
 Etot   =        19.0496  EKtot   =        25.5337  EPtot      =        -6.4841
 BOND   =         4.8806  ANGLE   =        17.1823  DIHED      =        22.4355
 1-4 NB =         4.8663  1-4 EEL =       122.2227  VDWAALS    =        -3.9189
 EELEC  =      -153.0631  EGB     =       -23.0916  RESTRAINT  =         0.0363
 ESURF=         1.9659
 EAMBER (non-restraint)  =        -6.5204
 ------------------------------------------------------------------------------

 NMR restraints: Bond =    0.000   Angle =     0.000   Torsion =     0.036
===============================================================================

 NSTEP =   265000   TIME(PS) =    2530.000  TEMP(K) =   274.10  PRESS =     0.0
 Etot   =        14.2911  EKtot   =        21.5152  EPtot      =        -7.2240
 BOND   =         3.0577  ANGLE   =        15.5393  DIHED      =        24.3190
 1-4 NB =         5.6592  1-4 EEL =       119.3631  VDWAALS    =        -3.1121
 EELEC  =      -152.0243  EGB     =       -22.7496  RESTRAINT  =         0.7610
 ESURF=         1.9628
 EAMBER (non-restraint)  =        -7.9850
 ------------------------------------------------------------------------------

 NMR restraints: Bond =    0.000   Angle =     0.000   Torsion =     0.761
===============================================================================
| RE_POSITION Moving by  -0.788261-10.582815 -3.686173

 NSTEP =   270000   TIME(PS) =    2540.000  TEMP(K) =   401.74  PRESS =     0.0
 Etot   =        22.2116  EKtot   =        31.5340  EPtot      =        -9.3224
 BOND   =         5.9645  ANGLE   =        11.7443  DIHED      =        23.9057
 1-4 NB =         5.1175  1-4 EEL =       116.7552  VDWAALS    =        -2.9460
 EELEC  =      -149.2736  EGB     =       -23.7346  RESTRAINT  =         1.1601
 ESURF=         1.9846
 EAMBER (non-restraint)  =       -10.4825
 ------------------------------------------------------------------------------

 NMR restraints: Bond =    0.000   Angle =     0.000   Torsion =     1.160
===============================================================================

 NSTEP =   275000   TIME(PS) =    2550.000  TEMP(K) =   318.60  PRESS =     0.0
 Etot   =        14.4054  EKtot   =        25.0078  EPtot      =       -10.6025
 BOND   =         5.8665  ANGLE   =        10.4434  DIHED      =        24.3388
 1-4 NB =         5.1547  1-4 EEL =       119.2200  VDWAALS    =        -3.9497
 EELEC  =      -150.7790  EGB     =       -23.2980  RESTRAINT  =         0.4282
 ESURF=         1.9725
 EAMBER (non-restraint)  =       -11.0306
 ------------------------------------------------------------------------------

 NMR restraints: Bond =    0.000   Angle =     0.000   Torsion =     0.428
===============================================================================
| RE_POSITION Moving by  -1.801459  1.790823 -6.653173

 NSTEP =   280000   TIME(PS) =    2560.000  TEMP(K) =   262.82  PRESS =     0.0
 Etot   =        15.1263  EKtot   =        20.6295  EPtot      =        -5.5032
 BOND   =         3.0362  ANGLE   =        20.4590  DIHED      =        24.6420
 1-4 NB =         4.0329  1-4 EEL =       117.1598  VDWAALS    =        -4.1350
 EELEC  =      -147.6226  EGB     =       -25.1099  RESTRAINT  =         0.0567
 ESURF=         1.9778
 EAMBER (non-restraint)  =        -5.5599
 ------------------------------------------------------------------------------

 NMR restraints: Bond =    0.000   Angle =     0.000   Torsion =     0.057
===============================================================================

 NSTEP =   285000   TIME(PS) =    2570.000  TEMP(K) =   278.14  PRESS =     0.0
 Etot   =        16.9679  EKtot   =        21.8320  EPtot      =        -4.8641
 BOND   =         5.1934  ANGLE   =        16.7300  DIHED      =        24.0652
 1-4 NB =         4.5228  1-4 EEL =       115.3528  VDWAALS    =        -3.5000
 EELEC  =      -145.7282  EGB     =       -24.5079  RESTRAINT  =         1.0340
 ESURF=         1.9739
 EAMBER (non-restraint)  =        -5.8980
 ------------------------------------------------------------------------------

 NMR restraints: Bond =    0.000   Angle =     0.000   Torsion =     1.034
===============================================================================
| RE_POSITION Moving by   0.760212  5.501892 -0.707171

 NSTEP =   290000   TIME(PS) =    2580.000  TEMP(K) =   307.82  PRESS =     0.0
 Etot   =        10.3740  EKtot   =        24.1623  EPtot      =       -13.7883
 BOND   =         2.2279  ANGLE   =        10.0060  DIHED      =        22.5512
 1-4 NB =         6.2358  1-4 EEL =       121.2954  VDWAALS    =        -3.6419
 EELEC  =      -152.7264  EGB     =       -22.3184  RESTRAINT  =         0.6283
 ESURF=         1.9538
 EAMBER (non-restraint)  =       -14.4166
 ------------------------------------------------------------------------------

 NMR restraints: Bond =    0.000   Angle =     0.000   Torsion =     0.628
===============================================================================

 NSTEP =   295000   TIME(PS) =    2590.000  TEMP(K) =   257.10  PRESS =     0.0
 Etot   =         8.3096  EKtot   =        20.1805  EPtot      =       -11.8709
 BOND   =         3.9618  ANGLE   =         9.5212  DIHED      =        24.5772
 1-4 NB =         4.0015  1-4 EEL =       118.4638  VDWAALS    =        -2.4099
 EELEC  =      -146.1646  EGB     =       -26.2536  RESTRAINT  =         0.4163
 ESURF=         2.0154
 EAMBER (non-restraint)  =       -12.2872
 ------------------------------------------------------------------------------

 NMR restraints: Bond =    0.000   Angle =     0.000   Torsion =     0.416
===============================================================================
| RE_POSITION Moving by   3.581253  6.091569 -6.754179

 NSTEP =   300000   TIME(PS) =    2600.000  TEMP(K) =   214.51  PRESS =     0.0
 Etot   =         4.4655  EKtot   =        16.8374  EPtot      =       -12.3719
 BOND   =         4.1000  ANGLE   =        11.8887  DIHED      =        23.4573
 1-4 NB =         4.5653  1-4 EEL =       118.0824  VDWAALS    =        -3.4099
 EELEC  =      -150.7736  EGB     =       -22.4202  RESTRAINT  =         0.1654
 ESURF=         1.9726
 EAMBER (non-restraint)  =       -12.5374
 ------------------------------------------------------------------------------

 NMR restraints: Bond =    0.000   Angle =     0.000   Torsion =     0.165
===============================================================================

 NSTEP =   305000   TIME(PS) =    2610.000  TEMP(K) =   303.67  PRESS =     0.0
 Etot   =        15.3717  EKtot   =        23.8361  EPtot      =        -8.4644
 BOND   =         5.7307  ANGLE   =        15.6238  DIHED      =        22.5660
 1-4 NB =         5.2800  1-4 EEL =       120.7774  VDWAALS    =        -3.1769
 EELEC  =      -153.8300  EGB     =       -23.8649  RESTRAINT  =         0.4400
 ESURF=         1.9894
 EAMBER (non-restraint)  =        -8.9044
 ------------------------------------------------------------------------------

 NMR restraints: Bond =    0.000   Angle =     0.000   Torsion =     0.440
===============================================================================
| RE_POSITION Moving by  -7.327648  3.880131 -4.466122

 NSTEP =   310000   TIME(PS) =    2620.000  TEMP(K) =   267.64  PRESS =     0.0
 Etot   =         9.0462  EKtot   =        21.0083  EPtot      =       -11.9621
 BOND   =         3.4006  ANGLE   =        13.4850  DIHED      =        21.4663
 1-4 NB =         5.4541  1-4 EEL =       121.2928  VDWAALS    =        -3.3930
 EELEC  =      -151.7980  EGB     =       -23.9359  RESTRAINT  =         0.1003
 ESURF=         1.9656
 EAMBER (non-restraint)  =       -12.0624
 ------------------------------------------------------------------------------

 NMR restraints: Bond =    0.000   Angle =     0.000   Torsion =     0.100
===============================================================================

 NSTEP =   315000   TIME(PS) =    2630.000  TEMP(K) =   244.45  PRESS =     0.0
 Etot   =        10.3382  EKtot   =        19.1880  EPtot      =        -8.8498
 BOND   =         3.8771  ANGLE   =        10.7002  DIHED      =        24.3047
 1-4 NB =         6.6485  1-4 EEL =       120.7101  VDWAALS    =        -2.2326
 EELEC  =      -151.9107  EGB     =       -23.0641  RESTRAINT  =         0.1461
 ESURF=         1.9711
 EAMBER (non-restraint)  =        -8.9958
 ------------------------------------------------------------------------------

 NMR restraints: Bond =    0.000   Angle =     0.000   Torsion =     0.146
===============================================================================
| RE_POSITION Moving by  -9.769974 -1.734635  1.760675

 NSTEP =   320000   TIME(PS) =    2640.000  TEMP(K) =   269.23  PRESS =     0.0
 Etot   =         8.0984  EKtot   =        21.1329  EPtot      =       -13.0345
 BOND   =         6.0292  ANGLE   =        12.8569  DIHED      =        21.0210
 1-4 NB =         4.2661  1-4 EEL =       118.5725  VDWAALS    =        -3.9154
 EELEC  =      -148.7528  EGB     =       -25.9569  RESTRAINT  =         0.8965
 ESURF=         1.9484
 EAMBER (non-restraint)  =       -13.9310
 ------------------------------------------------------------------------------

 NMR restraints: Bond =    0.000   Angle =     0.000   Torsion =     0.896
===============================================================================

 NSTEP =   325000   TIME(PS) =    2650.000  TEMP(K) =   272.10  PRESS =     0.0
 Etot   =        21.9040  EKtot   =        21.3580  EPtot      =         0.5460
 BOND   =         8.2140  ANGLE   =        19.8058  DIHED      =        26.4368
 1-4 NB =         4.1927  1-4 EEL =       110.9872  VDWAALS    =        -3.7805
 EELEC  =      -145.0186  EGB     =       -22.6279  RESTRAINT  =         0.3360
 ESURF=         2.0005
 EAMBER (non-restraint)  =         0.2100
 ------------------------------------------------------------------------------

 NMR restraints: Bond =    0.000   Angle =     0.000   Torsion =     0.336
===============================================================================
| RE_POSITION Moving by  -4.500017 -3.737544  3.563875

 NSTEP =   330000   TIME(PS) =    2660.000  TEMP(K) =   284.82  PRESS =     0.0
 Etot   =        20.2325  EKtot   =        22.3566  EPtot      =        -2.1241
 BOND   =         9.8068  ANGLE   =        18.8778  DIHED      =        21.8747
 1-4 NB =         4.2260  1-4 EEL =       119.4923  VDWAALS    =        -3.9790
 EELEC  =      -146.0039  EGB     =       -28.3753  RESTRAINT  =         0.0126
 ESURF=         1.9439
 EAMBER (non-restraint)  =        -2.1367
 ------------------------------------------------------------------------------

 NMR restraints: Bond =    0.000   Angle =     0.000   Torsion =     0.013
===============================================================================

 NSTEP =   335000   TIME(PS) =    2670.000  TEMP(K) =   271.70  PRESS =     0.0
 Etot   =         5.8598  EKtot   =        21.3266  EPtot      =       -15.4668
 BOND   =         3.1081  ANGLE   =        10.0657  DIHED      =        22.7503
 1-4 NB =         5.8029  1-4 EEL =       120.8144  VDWAALS    =        -3.8939
 EELEC  =      -152.6329  EGB     =       -23.4003  RESTRAINT  =         0.0125
 ESURF=         1.9064
 EAMBER (non-restraint)  =       -15.4793
 ------------------------------------------------------------------------------

 NMR restraints: Bond =    0.000   Angle =     0.000   Torsion =     0.012
===============================================================================
| RE_POSITION Moving by  -2.707863 -0.156765 -0.575593

 NSTEP =   340000   TIME(PS) =    2680.000  TEMP(K) =   283.27  PRESS =     0.0
 Etot   =        10.7050  EKtot   =        22.2348  EPtot      =       -11.5298
 BOND   =         5.9106  ANGLE   =        11.2160  DIHED      =        23.3931
 1-4 NB =         5.7616  1-4 EEL =       119.5511  VDWAALS    =        -3.8459
 EELEC  =      -152.9674  EGB     =       -22.5082  RESTRAINT  =         0.0029
 ESURF=         1.9565
 EAMBER (non-restraint)  =       -11.5327
 ------------------------------------------------------------------------------

 NMR restraints: Bond =    0.000   Angle =     0.000   Torsion =     0.003
===============================================================================

 NSTEP =   345000   TIME(PS) =    2690.000  TEMP(K) =   294.07  PRESS =     0.0
 Etot   =        15.0527  EKtot   =        23.0829  EPtot      =        -8.0301
 BOND   =         7.9684  ANGLE   =        12.8640  DIHED      =        22.8769
 1-4 NB =         3.3431  1-4 EEL =       121.7892  VDWAALS    =        -3.5473
 EELEC  =      -152.5561  EGB     =       -23.9569  RESTRAINT  =         1.2242
 ESURF=         1.9643
 EAMBER (non-restraint)  =        -9.2543
 ------------------------------------------------------------------------------

 NMR restraints: Bond =    0.000   Angle =     0.000   Torsion =     1.224
===============================================================================
| RE_POSITION Moving by   2.700229 -3.466607  5.553203

 NSTEP =   350000   TIME(PS) =    2700.000  TEMP(K) =   341.10  PRESS =     0.0
 Etot   =        18.6290  EKtot   =        26.7741  EPtot      =        -8.1450
 BOND   =         7.0502  ANGLE   =        10.6052  DIHED      =        23.4490
 1-4 NB =         5.6658  1-4 EEL =       126.0729  VDWAALS    =        -3.9370
 EELEC  =      -157.3486  EGB     =       -21.7171  RESTRAINT  =         0.0930
 ESURF=         1.9216
 EAMBER (non-restraint)  =        -8.2381
 ------------------------------------------------------------------------------

 NMR restraints: Bond =    0.000   Angle =     0.000   Torsion =     0.093
===============================================================================

 NSTEP =   355000   TIME(PS) =    2710.000  TEMP(K) =   362.23  PRESS =     0.0
 Etot   =        17.2507  EKtot   =        28.4328  EPtot      =       -11.1822
 BOND   =         4.9330  ANGLE   =        12.0469  DIHED      =        23.0634
 1-4 NB =         5.0734  1-4 EEL =       120.3470  VDWAALS    =        -2.9125
 EELEC  =      -151.9846  EGB     =       -23.8931  RESTRAINT  =         0.1714
 ESURF=         1.9728
 EAMBER (non-restraint)  =       -11.3536
 ------------------------------------------------------------------------------

 NMR restraints: Bond =    0.000   Angle =     0.000   Torsion =     0.171
===============================================================================
| RE_POSITION Moving by   0.148982 -4.616570  1.436216

 NSTEP =   360000   TIME(PS) =    2720.000  TEMP(K) =   303.69  PRESS =     0.0
 Etot   =        10.4191  EKtot   =        23.8375  EPtot      =       -13.4184
 BOND   =         7.5232  ANGLE   =         8.3238  DIHED      =        23.3514
 1-4 NB =         4.4148  1-4 EEL =       120.8316  VDWAALS    =        -3.7826
 EELEC  =      -153.8616  EGB     =       -23.5246  RESTRAINT  =         1.3673
 ESURF=         1.9382
 EAMBER (non-restraint)  =       -14.7857
 ------------------------------------------------------------------------------

 NMR restraints: Bond =    0.000   Angle =     0.000   Torsion =     1.367
===============================================================================

 NSTEP =   365000   TIME(PS) =    2730.000  TEMP(K) =   313.05  PRESS =     0.0
 Etot   =        24.1223  EKtot   =        24.5725  EPtot      =        -0.4502
 BOND   =        11.6593  ANGLE   =        17.1534  DIHED      =        23.9407
 1-4 NB =         3.6884  1-4 EEL =       117.6524  VDWAALS    =        -3.6786
 EELEC  =      -149.6288  EGB     =       -23.2107  RESTRAINT  =         0.0008
 ESURF=         1.9729
 EAMBER (non-restraint)  =        -0.4510
 ------------------------------------------------------------------------------

 NMR restraints: Bond =    0.000   Angle =     0.000   Torsion =     0.001
===============================================================================
| RE_POSITION Moving by  -0.909361  3.394897  6.380178

 NSTEP =   370000   TIME(PS) =    2740.000  TEMP(K) =   263.78  PRESS =     0.0
 Etot   =        18.4270  EKtot   =        20.7048  EPtot      =        -2.2778
 BOND   =         3.5447  ANGLE   =        22.8180  DIHED      =        24.3118
 1-4 NB =         3.9970  1-4 EEL =       121.6920  VDWAALS    =        -3.6452
 EELEC  =      -154.5616  EGB     =       -22.5218  RESTRAINT  =         0.0977
 ESURF=         1.9895
 EAMBER (non-restraint)  =        -2.3756
 ------------------------------------------------------------------------------

 NMR restraints: Bond =    0.000   Angle =     0.000   Torsion =     0.098
===============================================================================

 NSTEP =   375000   TIME(PS) =    2750.000  TEMP(K) =   262.13  PRESS =     0.0
 Etot   =         8.8132  EKtot   =        20.5759  EPtot      =       -11.7627
 BOND   =         4.1588  ANGLE   =        12.0174  DIHED      =        22.8896
 1-4 NB =         4.7467  1-4 EEL =       122.7360  VDWAALS    =        -3.9315
 EELEC  =      -147.4901  EGB     =       -29.1159  RESTRAINT  =         0.3161
 ESURF=         1.9101
 EAMBER (non-restraint)  =       -12.0788
 ------------------------------------------------------------------------------

 NMR restraints: Bond =    0.000   Angle =     0.000   Torsion =     0.316
===============================================================================
| RE_POSITION Moving by  -2.012661 -1.080973 -4.225533

 NSTEP =   380000   TIME(PS) =    2760.000  TEMP(K) =   307.52  PRESS =     0.0
 Etot   =        16.2885  EKtot   =        24.1384  EPtot      =        -7.8498
 BOND   =         7.4761  ANGLE   =        12.6579  DIHED      =        22.8133
 1-4 NB =         5.2233  1-4 EEL =       120.1691  VDWAALS    =        -3.7265
 EELEC  =      -150.7013  EGB     =       -24.0001  RESTRAINT  =         0.3017
 ESURF=         1.9365
 EAMBER (non-restraint)  =        -8.1516
 ------------------------------------------------------------------------------

 NMR restraints: Bond =    0.000   Angle =     0.000   Torsion =     0.302
===============================================================================

 NSTEP =   385000   TIME(PS) =    2770.000  TEMP(K) =   330.64  PRESS =     0.0
 Etot   =        15.2318  EKtot   =        25.9536  EPtot      =       -10.7218
 BOND   =         4.5885  ANGLE   =        14.7757  DIHED      =        22.9592
 1-4 NB =         4.8639  1-4 EEL =       121.8766  VDWAALS    =        -3.9164
 EELEC  =      -154.7706  EGB     =       -23.0371  RESTRAINT  =         0.0003
 ESURF=         1.9380
 EAMBER (non-restraint)  =       -10.7221
 ------------------------------------------------------------------------------

 NMR restraints: Bond =    0.000   Angle =     0.000   Torsion =     0.000
===============================================================================
| RE_POSITION Moving by  -8.924502  4.848259  1.342079

 NSTEP =   390000   TIME(PS) =    2780.000  TEMP(K) =   259.44  PRESS =     0.0
 Etot   =        10.5470  EKtot   =        20.3644  EPtot      =        -9.8174
 BOND   =         2.6872  ANGLE   =        14.4634  DIHED      =        23.3685
 1-4 NB =         6.5070  1-4 EEL =       127.5174  VDWAALS    =        -3.6634
 EELEC  =      -159.4298  EGB     =       -23.3667  RESTRAINT  =         0.1220
 ESURF=         1.9768
 EAMBER (non-restraint)  =        -9.9394
 ------------------------------------------------------------------------------

 NMR restraints: Bond =    0.000   Angle =     0.000   Torsion =     0.122
===============================================================================

 NSTEP =   395000   TIME(PS) =    2790.000  TEMP(K) =   260.97  PRESS =     0.0
 Etot   =        14.4607  EKtot   =        20.4848  EPtot      =        -6.0241
 BOND   =         3.1714  ANGLE   =        18.1749  DIHED      =        21.0069
 1-4 NB =         6.2776  1-4 EEL =       121.6348  VDWAALS    =        -3.2696
 EELEC  =      -152.5410  EGB     =       -22.6408  RESTRAINT  =         0.1292
 ESURF=         2.0326
 EAMBER (non-restraint)  =        -6.1533
 ------------------------------------------------------------------------------

 NMR restraints: Bond =    0.000   Angle =     0.000   Torsion =     0.129
===============================================================================
| RE_POSITION Moving by   8.049764 -0.728392 -2.220730

 NSTEP =   400000   TIME(PS) =    2800.000  TEMP(K) =   329.95  PRESS =     0.0
 Etot   =        20.0804  EKtot   =        25.8989  EPtot      =        -5.8186
 BOND   =         8.1725  ANGLE   =        14.3201  DIHED      =        26.3970
 1-4 NB =         3.5358  1-4 EEL =       118.7662  VDWAALS    =        -4.0098
 EELEC  =      -153.0187  EGB     =       -22.0370  RESTRAINT  =         0.0883
 ESURF=         1.9669
 EAMBER (non-restraint)  =        -5.9069
 ------------------------------------------------------------------------------

 NMR restraints: Bond =    0.000   Angle =     0.000   Torsion =     0.088
===============================================================================

 NSTEP =   405000   TIME(PS) =    2810.000  TEMP(K) =   238.11  PRESS =     0.0
 Etot   =         3.0595  EKtot   =        18.6904  EPtot      =       -15.6309
 BOND   =         3.3633  ANGLE   =        11.2059  DIHED      =        20.6882
 1-4 NB =         5.2693  1-4 EEL =       119.2131  VDWAALS    =        -3.5664
 EELEC  =      -151.1521  EGB     =       -23.3160  RESTRAINT  =         0.6762
 ESURF=         1.9875
 EAMBER (non-restraint)  =       -16.3071
 ------------------------------------------------------------------------------

 NMR restraints: Bond =    0.000   Angle =     0.000   Torsion =     0.676
===============================================================================
| RE_POSITION Moving by  -2.031416  2.920448  5.409741

 NSTEP =   410000   TIME(PS) =    2820.000  TEMP(K) =   344.76  PRESS =     0.0
 Etot   =        21.7084  EKtot   =        27.0612  EPtot      =        -5.3529
 BOND   =         5.3828  ANGLE   =        17.0317  DIHED      =        21.9219
 1-4 NB =         4.5652  1-4 EEL =       120.5768  VDWAALS    =        -3.6879
 EELEC  =      -149.4923  EGB     =       -25.3011  RESTRAINT  =         1.7073
 ESURF=         1.9428
 EAMBER (non-restraint)  =        -7.0601
 ------------------------------------------------------------------------------

 NMR restraints: Bond =    0.000   Angle =     0.000   Torsion =     1.707
===============================================================================

 NSTEP =   415000   TIME(PS) =    2830.000  TEMP(K) =   346.23  PRESS =     0.0
 Etot   =        17.5052  EKtot   =        27.1768  EPtot      =        -9.6716
 BOND   =         7.8366  ANGLE   =        11.0868  DIHED      =        23.8102
 1-4 NB =         4.9481  1-4 EEL =       117.0727  VDWAALS    =        -3.1518
 EELEC  =      -148.9754  EGB     =       -24.3094  RESTRAINT  =         0.0067
 ESURF=         2.0038
 EAMBER (non-restraint)  =        -9.6784
 ------------------------------------------------------------------------------

 NMR restraints: Bond =    0.000   Angle =     0.000   Torsion =     0.007
===============================================================================
| RE_POSITION Moving by  -1.198341  1.024785 -0.203959

 NSTEP =   420000   TIME(PS) =    2840.000  TEMP(K) =   190.33  PRESS =     0.0
 Etot   =         2.9240  EKtot   =        14.9395  EPtot      =       -12.0155
 BOND   =         5.7062  ANGLE   =        10.3797  DIHED      =        24.2463
 1-4 NB =         3.8789  1-4 EEL =       121.6059  VDWAALS    =        -4.0934
 EELEC  =      -153.6498  EGB     =       -22.0914  RESTRAINT  =         0.0263
 ESURF=         1.9758
 EAMBER (non-restraint)  =       -12.0419
 ------------------------------------------------------------------------------

 NMR restraints: Bond =    0.000   Angle =     0.000   Torsion =     0.026
===============================================================================

 NSTEP =   425000   TIME(PS) =    2850.000  TEMP(K) =   215.11  PRESS =     0.0
 Etot   =         9.3623  EKtot   =        16.8846  EPtot      =        -7.5223
 BOND   =         6.5593  ANGLE   =        14.9964  DIHED      =        23.5396
 1-4 NB =         5.0512  1-4 EEL =       120.2518  VDWAALS    =        -3.4355
 EELEC  =      -153.1063  EGB     =       -23.4264  RESTRAINT  =         0.0797
 ESURF=         1.9679
 EAMBER (non-restraint)  =        -7.6021
 ------------------------------------------------------------------------------

 NMR restraints: Bond =    0.000   Angle =     0.000   Torsion =     0.080
===============================================================================
| RE_POSITION Moving by  -4.327150  2.949094 -1.903816

 NSTEP =   430000   TIME(PS) =    2860.000  TEMP(K) =   228.18  PRESS =     0.0
 Etot   =        13.3486  EKtot   =        17.9111  EPtot      =        -4.5625
 BOND   =         4.2691  ANGLE   =        16.8715  DIHED      =        24.9298
 1-4 NB =         4.4045  1-4 EEL =       121.5572  VDWAALS    =        -3.1327
 EELEC  =      -153.0069  EGB     =       -22.4386  RESTRAINT  =         0.0002
 ESURF=         1.9833
 EAMBER (non-restraint)  =        -4.5627
 ------------------------------------------------------------------------------

 NMR restraints: Bond =    0.000   Angle =     0.000   Torsion =     0.000
===============================================================================

 NSTEP =   435000   TIME(PS) =    2870.000  TEMP(K) =   339.83  PRESS =     0.0
 Etot   =        15.6695  EKtot   =        26.6749  EPtot      =       -11.0054
 BOND   =         4.7376  ANGLE   =        11.7011  DIHED      =        26.1245
 1-4 NB =         4.8614  1-4 EEL =       117.4606  VDWAALS    =        -3.7904
 EELEC  =      -150.3679  EGB     =       -24.0422  RESTRAINT  =         0.3615
 ESURF=         1.9483
 EAMBER (non-restraint)  =       -11.3669
 ------------------------------------------------------------------------------

 NMR restraints: Bond =    0.000   Angle =     0.000   Torsion =     0.362
===============================================================================
| RE_POSITION Moving by   1.667740  2.401723 -5.867430

 NSTEP =   440000   TIME(PS) =    2880.000  TEMP(K) =   297.23  PRESS =     0.0
 Etot   =        12.3370  EKtot   =        23.3305  EPtot      =       -10.9936
 BOND   =         3.8597  ANGLE   =        15.6596  DIHED      =        21.5469
 1-4 NB =         5.6305  1-4 EEL =       118.0793  VDWAALS    =        -4.0255
 EELEC  =      -147.8843  EGB     =       -25.8290  RESTRAINT  =         0.0361
 ESURF=         1.9332
 EAMBER (non-restraint)  =       -11.0297
 ------------------------------------------------------------------------------

 NMR restraints: Bond =    0.000   Angle =     0.000   Torsion =     0.036
===============================================================================

 NSTEP =   445000   TIME(PS) =    2890.000  TEMP(K) =   286.53  PRESS =     0.0
 Etot   =         9.4729  EKtot   =        22.4907  EPtot      =       -13.0178
 BOND   =         4.4306  ANGLE   =         7.7353  DIHED      =        25.9393
 1-4 NB =         5.1955  1-4 EEL =       120.2451  VDWAALS    =        -3.2536
 EELEC  =      -151.0843  EGB     =       -24.3178  RESTRAINT  =         0.0976
 ESURF=         1.9945
 EAMBER (non-restraint)  =       -13.1154
 ------------------------------------------------------------------------------

 NMR restraints: Bond =    0.000   Angle =     0.000   Torsion =     0.098
===============================================================================
| RE_POSITION Moving by  -4.214703 -0.371206 -2.125280

 NSTEP =   450000   TIME(PS) =    2900.000  TEMP(K) =   308.99  PRESS =     0.0
 Etot   =        14.9205  EKtot   =        24.2535  EPtot      =        -9.3330
 BOND   =         3.5355  ANGLE   =        15.2226  DIHED      =        25.4874
 1-4 NB =         3.9554  1-4 EEL =       122.0561  VDWAALS    =        -4.2827
 EELEC  =      -155.0485  EGB     =       -22.3753  RESTRAINT  =         0.1647
 ESURF=         1.9519
 EAMBER (non-restraint)  =        -9.4977
 ------------------------------------------------------------------------------

 NMR restraints: Bond =    0.000   Angle =     0.000   Torsion =     0.165
===============================================================================

 NSTEP =   455000   TIME(PS) =    2910.000  TEMP(K) =   298.87  PRESS =     0.0
 Etot   =        13.1756  EKtot   =        23.4593  EPtot      =       -10.2837
 BOND   =         5.5988  ANGLE   =        11.8026  DIHED      =        24.0549
 1-4 NB =         4.3233  1-4 EEL =       120.3289  VDWAALS    =        -3.4948
 EELEC  =      -152.4370  EGB     =       -22.8089  RESTRAINT  =         0.3635
 ESURF=         1.9849
 EAMBER (non-restraint)  =       -10.6472
 ------------------------------------------------------------------------------

 NMR restraints: Bond =    0.000   Angle =     0.000   Torsion =     0.364
===============================================================================
| RE_POSITION Moving by  -1.944458  3.815035 -1.201756

 NSTEP =   460000   TIME(PS) =    2920.000  TEMP(K) =   285.37  PRESS =     0.0
 Etot   =         8.5627  EKtot   =        22.3999  EPtot      =       -13.8372
 BOND   =         4.7542  ANGLE   =        10.3864  DIHED      =        20.1620
 1-4 NB =         6.0064  1-4 EEL =       123.1279  VDWAALS    =        -2.6488
 EELEC  =      -154.5840  EGB     =       -23.1888  RESTRAINT  =         0.1840
 ESURF=         1.9635
 EAMBER (non-restraint)  =       -14.0212
 ------------------------------------------------------------------------------

 NMR restraints: Bond =    0.000   Angle =     0.000   Torsion =     0.184
===============================================================================

 NSTEP =   465000   TIME(PS) =    2930.000  TEMP(K) =   266.00  PRESS =     0.0
 Etot   =         9.2870  EKtot   =        20.8792  EPtot      =       -11.5922
 BOND   =         8.1789  ANGLE   =        12.0271  DIHED      =        20.4703
 1-4 NB =         3.8104  1-4 EEL =       120.4739  VDWAALS    =        -3.4285
 EELEC  =      -152.2540  EGB     =       -23.7499  RESTRAINT  =         0.8475
 ESURF=         2.0323
 EAMBER (non-restraint)  =       -12.4397
 ------------------------------------------------------------------------------

 NMR restraints: Bond =    0.000   Angle =     0.000   Torsion =     0.847
===============================================================================
| RE_POSITION Moving by  -5.687618 -2.618456  5.076192

 NSTEP =   470000   TIME(PS) =    2940.000  TEMP(K) =   277.08  PRESS =     0.0
 Etot   =         8.0653  EKtot   =        21.7494  EPtot      =       -13.6841
 BOND   =         5.4302  ANGLE   =        11.4584  DIHED      =        23.0232
 1-4 NB =         4.2674  1-4 EEL =       118.2353  VDWAALS    =        -4.1114
 EELEC  =      -150.4292  EGB     =       -23.5436  RESTRAINT  =         0.0160
 ESURF=         1.9698
 EAMBER (non-restraint)  =       -13.7001
 ------------------------------------------------------------------------------

 NMR restraints: Bond =    0.000   Angle =     0.000   Torsion =     0.016
===============================================================================

 NSTEP =   475000   TIME(PS) =    2950.000  TEMP(K) =   347.70  PRESS =     0.0
 Etot   =        14.1968  EKtot   =        27.2926  EPtot      =       -13.0958
 BOND   =         5.7916  ANGLE   =        11.2197  DIHED      =        20.9224
 1-4 NB =         4.9309  1-4 EEL =       123.0872  VDWAALS    =        -3.3325
 EELEC  =      -153.8902  EGB     =       -23.9599  RESTRAINT  =         0.1607
 ESURF=         1.9743
 EAMBER (non-restraint)  =       -13.2565
 ------------------------------------------------------------------------------

 NMR restraints: Bond =    0.000   Angle =     0.000   Torsion =     0.161
===============================================================================
| RE_POSITION Moving by   0.665368 -2.481819  2.074594

 NSTEP =   480000   TIME(PS) =    2960.000  TEMP(K) =   234.09  PRESS =     0.0
 Etot   =        10.4099  EKtot   =        18.3745  EPtot      =        -7.9646
 BOND   =         4.4764  ANGLE   =        15.4969  DIHED      =        24.0690
 1-4 NB =         5.6831  1-4 EEL =       117.1700  VDWAALS    =        -3.1091
 EELEC  =      -151.5945  EGB     =       -22.6239  RESTRAINT  =         0.5001
 ESURF=         1.9674
 EAMBER (non-restraint)  =        -8.4646
 ------------------------------------------------------------------------------

 NMR restraints: Bond =    0.000   Angle =     0.000   Torsion =     0.500
===============================================================================

 NSTEP =   485000   TIME(PS) =    2970.000  TEMP(K) =   295.75  PRESS =     0.0
 Etot   =        13.6480  EKtot   =        23.2143  EPtot      =        -9.5663
 BOND   =         3.0513  ANGLE   =        15.1009  DIHED      =        21.9061
 1-4 NB =         6.4414  1-4 EEL =       120.6458  VDWAALS    =        -3.2688
 EELEC  =      -151.1433  EGB     =       -25.3488  RESTRAINT  =         1.0896
 ESURF=         1.9593
 EAMBER (non-restraint)  =       -10.6559
 ------------------------------------------------------------------------------

 NMR restraints: Bond =    0.000   Angle =     0.000   Torsion =     1.090
===============================================================================
| RE_POSITION Moving by   9.559094  5.101175  4.906632

 NSTEP =   490000   TIME(PS) =    2980.000  TEMP(K) =   348.09  PRESS =     0.0
 Etot   =        15.1344  EKtot   =        27.3230  EPtot      =       -12.1886
 BOND   =         3.9251  ANGLE   =        15.2159  DIHED      =        22.4772
 1-4 NB =         2.7675  1-4 EEL =       117.1088  VDWAALS    =        -3.2214
 EELEC  =      -148.8761  EGB     =       -24.0094  RESTRAINT  =         0.4231
 ESURF=         2.0006
 EAMBER (non-restraint)  =       -12.6117
 ------------------------------------------------------------------------------

 NMR restraints: Bond =    0.000   Angle =     0.000   Torsion =     0.423
===============================================================================

 NSTEP =   495000   TIME(PS) =    2990.000  TEMP(K) =   317.63  PRESS =     0.0
 Etot   =        15.2691  EKtot   =        24.9318  EPtot      =        -9.6627
 BOND   =         7.9601  ANGLE   =         9.4431  DIHED      =        22.1387
 1-4 NB =         6.0634  1-4 EEL =       121.8619  VDWAALS    =        -3.2402
 EELEC  =      -153.7603  EGB     =       -22.1277  RESTRAINT  =         0.0232
 ESURF=         1.9751
 EAMBER (non-restraint)  =        -9.6859
 ------------------------------------------------------------------------------

 NMR restraints: Bond =    0.000   Angle =     0.000   Torsion =     0.023
===============================================================================
| RE_POSITION Moving by   3.214539  8.761304 -4.437133

 NSTEP =   500000   TIME(PS) =    3000.000  TEMP(K) =   379.18  PRESS =     0.0
 Etot   =        16.7436  EKtot   =        29.7634  EPtot      =       -13.0198
 BOND   =         3.8863  ANGLE   =        14.0512  DIHED      =        21.9682
 1-4 NB =         3.9826  1-4 EEL =       122.0903  VDWAALS    =        -4.1212
 EELEC  =      -152.8851  EGB     =       -24.6275  RESTRAINT  =         0.6786
 ESURF=         1.9567
 EAMBER (non-restraint)  =       -13.6984
 ------------------------------------------------------------------------------

 NMR restraints: Bond =    0.000   Angle =     0.000   Torsion =     0.679
===============================================================================

      A V E R A G E S   O V E R  500000 S T E P S


 NSTEP =   500000   TIME(PS) =    3000.000  TEMP(K) =   301.03  PRESS =     0.0
 Etot   =        14.9789  EKtot   =        23.6290  EPtot      =        -8.6501
 BOND   =         5.3432  ANGLE   =        14.1205  DIHED      =        23.0668
 1-4 NB =         4.9963  1-4 EEL =       119.0825  VDWAALS    =        -3.3937
 EELEC  =      -150.5918  EGB     =       -23.6978  RESTRAINT  =         0.4603
 ESURF=         1.9637
 EAMBER (non-restraint)  =        -9.1104
 ------------------------------------------------------------------------------

 NMR restraints: Bond =    0.000   Angle =     0.000   Torsion =     0.679
===============================================================================

      R M S  F L U C T U A T I O N S


 NSTEP =   500000   TIME(PS) =    3000.000  TEMP(K) =    47.95  PRESS =     0.0
 Etot   =         5.3318  EKtot   =         3.7634  EPtot      =         3.7843
 BOND   =         1.9637  ANGLE   =         3.0268  DIHED      =         1.6237
 1-4 NB =         0.9595  1-4 EEL =         3.1323  VDWAALS    =         0.6409
 EELEC  =         3.3660  EGB     =         1.5941  RESTRAINT  =         0.6091
 ESURF=         0.0360
 EAMBER (non-restraint)  =         3.1752
 ------------------------------------------------------------------------------


 NMR restraints on final step:


--------------------------------------------------------------------------------
   5.  TIMINGS
--------------------------------------------------------------------------------

|>>>>>>>>PROFILE of Average TIMES>>>>>>>>> 
|                Calc gb radii             27.35 ( 7.94% of Gen B)
|                Communicate gb radii     220.45 (64.01% of Gen B)
|                Calc gb diag              39.11 (11.36% of Gen B)
|                Calc gb off-diag          25.54 ( 7.42% of Gen B)
|                Surface area energy       31.26 ( 9.08% of Gen B)
|                Other                      0.68 ( 0.20% of Gen B)
|             Gen Born time            344.40 (100.0% of Nonbo)
|             IPS excludes               0.08 ( 0.02% of Nonbo)
|          Nonbond force            344.48 (29.31% of Force)
|          Bond/Angle/Dihedral       12.21 ( 1.04% of Force)
|          FRC Collect time         592.06 (50.37% of Force)
|          Other                    226.68 (19.28% of Force)
|       Force time              1175.43 (78.18% of Runmd)
|       Shake time                 1.62 ( 0.11% of Runmd)
|       Verlet update time       257.00 (17.09% of Runmd)
|       CRD distribute time       68.29 ( 4.54% of Runmd)
|       Other                      1.10 ( 0.07% of Runmd)
|    Runmd Time              1503.44 (100.0% of Total)
|    Other                      0.27 ( 0.02% of Total)
| Total time              1503.71 (100.0% of ALL  )

| Number of list builds   :          0

| Highest rstack allocated:          0
| Highest istack allocated:          0

| Final Performance Info:
| -----------------------------------------------------
| Average timings for all steps:
|     Elapsed(s) =    1503.45 Per Step(ms) =       3.01
|         ns/day =      57.47   seconds/ns =    1503.45
| -----------------------------------------------------

|           Job began  at 20:31:41.619  on 04/27/2013
|           Setup done at 20:31:41.906  on 04/27/2013
|           Run   done at 20:56:45.354  on 04/27/2013
|     wallclock() was called18500113 times
