
          -------------------------------------------------------
          Amber 12 SANDER                              2012
          -------------------------------------------------------

| Run on 04/27/2013 at 20:31:41
  [-O]verwriting output

File Assignments:
|  MDIN: run_81.in                                                             
| MDOUT: run_81.out                                                            
|INPCRD: ../eq2/run_81.rst                                                     
|  PARM: parm                                                                  
|RESTRT: run_81.rst                                                            
|  REFC: refc                                                                  
| MDVEL: mdvel                                                                 
|  MDEN: mden                                                                  
| MDCRD: run_81.nc                                                             
|MDINFO: mdinfo                                                                
|  MTMD: mtmd                                                                  
|INPDIP: inpdip                                                                
|RSTDIP: rstdip                                                                

|INPTRA: inptraj                                                               
|
 
 Here is the input file:
 
equilibration with restraint                                                   
 &cntrl                                                                        
   ig=484024,                                                                  
   irest=1, ntx=5,                                                             
   igb=8, gbsa=1,                                                              
   cut=9999.0, rgbmax=9998.0,                                                  
   ntc=2, ntf=1, tol=0.000001,                                                 
   ntt=3, gamma_ln=2.0, tempi=0.1,                                             
   ntb=0, nscm=10000,                                                          
   ioutfm=1,                                                                   
   nstlim=500000, dt=0.002,                                                    
   ntpr=5000, ntwx=5000, ntwv=0, ntwr=500000,                                  
   nmropt=1,                                                                   
 /                                                                             
 &wt                                                                           
  type='DUMPFREQ', istep1=5000,                                                
 /                                                                             
 &wt                                                                           
  type='END',                                                                  
 /                                                                             
DISANG=run_81.disang                                                           
DUMPAVE=run_81.dat                                                             
                                                                               

--------------------------------------------------------------------------------
   1.  RESOURCE   USE: 
--------------------------------------------------------------------------------

| Flags: MPI                                                                    
| New format PARM file being parsed.
| Version =    1.000 Date = 04/27/13 Time = 01:42:54
 NATOM  =      32 NTYPES =       7 NBONH =      17 MBONA  =      14
 NTHETH =      36 MTHETA =      18 NPHIH =      64 MPHIA  =      45
 NHPARM =       0 NPARM  =       0 NNB   =     152 NRES   =       4
 NBONA  =      14 NTHETA =      18 NPHIA =      45 NUMBND =      11
 NUMANG =      21 NPTRA  =      20 NATYP =       8 NPHB   =       0
 IFBOX  =       0 NMXRS  =      10 IFCAP =       0 NEXTRA =       0
 NCOPY  =       0

 Implicit solvent radii are ArgH and AspGluO modified Bondi2 radii (mbondi3)                                
 Replacing prmtop screening parameters with GBn2 (igb=8) values

|     Memory Use     Allocated
|     Real                2310
|     Hollerith            102
|     Integer            23012
|     Max Pairs              1
|     nblistReal             0
|     nblist Int             0
|       Total              108 kbytes

| Note: 1-4 EEL scale factors are being read from the topology file.

| Note: 1-4 VDW scale factors are being read from the topology file.
| Duplicated    0 dihedrals
| Duplicated    0 dihedrals

--------------------------------------------------------------------------------
   2.  CONTROL  DATA  FOR  THE  RUN
--------------------------------------------------------------------------------

ACE                                                                             

General flags:
     imin    =       0, nmropt  =       1

Nature and format of input:
     ntx     =       5, irest   =       1, ntrx    =       1

Nature and format of output:
     ntxo    =       1, ntpr    =    5000, ntrx    =       1, ntwr    =  500000
     iwrap   =       0, ntwx    =    5000, ntwv    =       0, ntwe    =       0
     ioutfm  =       1, ntwprt  =       0, idecomp =       0, rbornstat=      0

Potential function:
     ntf     =       1, ntb     =       0, igb     =       8, nsnb    =      25
     ipol    =       0, gbsa    =       1, iesp    =       0
     dielc   =   1.00000, cut     =9999.00000, intdiel =   1.00000
     saltcon =   0.00000, offset  =   0.19514, surften =   0.00500
     rdt     =   0.00000, rgbmax  =9998.00000  extdiel =  78.50000
     alpb  =        0
     gbalphaH  =   0.78844, gbbetaH   =   0.79870,  gbgammaH  =    0.43733
     gbalphaC  =   0.73376, gbbetaC   =   0.50638,  gbgammaC  =    0.20584
     gbalphaN  =   0.50336, gbbetaN   =   0.31683,  gbgammaN  =    0.19292
     gbalphaOS =   0.86781, gbbetaOS  =   0.87664,  gbgammaOS =    0.38788
     gbalphaP  =   1.00000, gbbetaP   =   0.80000,  gbgammaP  =    4.85100

Frozen or restrained atoms:
     ibelly  =       0, ntr     =       0

Molecular dynamics:
     nstlim  =    500000, nscm    =     10000, nrespa  =         1
     t       =   0.00000, dt      =   0.00200, vlimit  =  20.00000

Langevin dynamics temperature regulation:
     ig      =  484024
     temp0   = 300.00000, tempi   =   0.10000, gamma_ln=   2.00000

SHAKE:
     ntc     =       2, jfastw  =       0
     tol     =   0.00000

NMR refinement options:
     iscale  =       0, noeskp  =       1, ipnlty  =       1, mxsub   =       1
     scalm   = 100.00000, pencut  =   0.10000, tausw   =   0.10000

| MPI Timing options:
|      profile_mpi =        0
|  INFO: Old style inpcrd file read


--------------------------------------------------------------------------------
   3.  ATOMIC COORDINATES AND VELOCITIES
--------------------------------------------------------------------------------

ACE                                                                             
 begin time read from input coords =  2000.000 ps



           Begin reading energy term weight changes/NMR restraints
 WEIGHT CHANGES:
 DUMPFREQ   5000      0    0.000000    0.000000      0      0
                         ** No weight changes given **

 RESTRAINTS:
 Requested file redirections:
  DISANG    = run_81.disang
  DUMPAVE   = run_81.dat
 Restraints will be read from file: run_81.disang
Here are comments from the DISANG input file:

                       Number of restraints read =     1

                  Done reading weight changes/NMR restraints


 Number of triangulated 3-point waters found:        0
|  Atom division among processors:
|         0      16      32
|  Running AMBER/MPI version on    2 nodes


--------------------------------------------------------------------------------
   4.  RESULTS
--------------------------------------------------------------------------------

|  # of SOLUTE  degrees of freedom (RNDFP):      79.
|  # of SOLVENT degrees of freedom (RNDFS):       0.
|  NDFMIN =      79.     NUM_NOSHAKE =      0     CORRECTED RNDFP =      79.
|  TOTAL # of degrees of freedom (RNDF) =      79.

 NSTEP =     5000   TIME(PS) =    2010.000  TEMP(K) =   317.21  PRESS =     0.0
 Etot   =        34.2630  EKtot   =        24.8995  EPtot      =         9.3636
 BOND   =         6.7327  ANGLE   =        16.6698  DIHED      =        37.8048
 1-4 NB =         3.8881  1-4 EEL =       111.5156  VDWAALS    =        -3.7008
 EELEC  =      -139.8537  EGB     =       -26.1223  RESTRAINT  =         0.4260
 ESURF=         2.0032
 EAMBER (non-restraint)  =         8.9375
 ------------------------------------------------------------------------------

 NMR restraints: Bond =    0.000   Angle =     0.000   Torsion =     0.426
===============================================================================
| RE_POSITION Moving by   0.237498 -2.193563  2.986779

 NSTEP =    10000   TIME(PS) =    2020.000  TEMP(K) =   276.14  PRESS =     0.0
 Etot   =        32.9532  EKtot   =        21.6754  EPtot      =        11.2778
 BOND   =         4.3927  ANGLE   =        16.3723  DIHED      =        38.1583
 1-4 NB =         6.4466  1-4 EEL =       116.8662  VDWAALS    =        -2.7330
 EELEC  =      -145.6558  EGB     =       -24.5445  RESTRAINT  =         0.0053
 ESURF=         1.9697
 EAMBER (non-restraint)  =        11.2725
 ------------------------------------------------------------------------------

 NMR restraints: Bond =    0.000   Angle =     0.000   Torsion =     0.005
===============================================================================

 NSTEP =    15000   TIME(PS) =    2030.000  TEMP(K) =   416.80  PRESS =     0.0
 Etot   =        40.8809  EKtot   =        32.7162  EPtot      =         8.1647
 BOND   =         4.3354  ANGLE   =        14.9286  DIHED      =        40.1099
 1-4 NB =         4.1647  1-4 EEL =       115.7185  VDWAALS    =        -3.7051
 EELEC  =      -144.9815  EGB     =       -24.5577  RESTRAINT  =         0.1935
 ESURF=         1.9585
 EAMBER (non-restraint)  =         7.9712
 ------------------------------------------------------------------------------

 NMR restraints: Bond =    0.000   Angle =     0.000   Torsion =     0.193
===============================================================================
| RE_POSITION Moving by   0.065376  1.897011-10.143356

 NSTEP =    20000   TIME(PS) =    2040.000  TEMP(K) =   409.21  PRESS =     0.0
 Etot   =        40.2996  EKtot   =        32.1204  EPtot      =         8.1792
 BOND   =         8.4986  ANGLE   =        13.9625  DIHED      =        37.0238
 1-4 NB =         5.5810  1-4 EEL =       112.0240  VDWAALS    =        -4.0581
 EELEC  =      -139.9657  EGB     =       -27.2315  RESTRAINT  =         0.3826
 ESURF=         1.9618
 EAMBER (non-restraint)  =         7.7966
 ------------------------------------------------------------------------------

 NMR restraints: Bond =    0.000   Angle =     0.000   Torsion =     0.383
===============================================================================

 NSTEP =    25000   TIME(PS) =    2050.000  TEMP(K) =   254.95  PRESS =     0.0
 Etot   =        32.1815  EKtot   =        20.0123  EPtot      =        12.1691
 BOND   =         7.9457  ANGLE   =        17.3139  DIHED      =        38.3142
 1-4 NB =         5.2030  1-4 EEL =       121.9098  VDWAALS    =        -3.6733
 EELEC  =      -152.5061  EGB     =       -24.7280  RESTRAINT  =         0.4043
 ESURF=         1.9858
 EAMBER (non-restraint)  =        11.7649
 ------------------------------------------------------------------------------

 NMR restraints: Bond =    0.000   Angle =     0.000   Torsion =     0.404
===============================================================================
| RE_POSITION Moving by  -3.898903 -1.335670 -3.978193

 NSTEP =    30000   TIME(PS) =    2060.000  TEMP(K) =   265.11  PRESS =     0.0
 Etot   =        22.4491  EKtot   =        20.8098  EPtot      =         1.6393
 BOND   =         4.7242  ANGLE   =        11.5480  DIHED      =        35.9757
 1-4 NB =         4.9552  1-4 EEL =       122.8172  VDWAALS    =        -3.7940
 EELEC  =      -154.8234  EGB     =       -23.1683  RESTRAINT  =         1.4719
 ESURF=         1.9327
 EAMBER (non-restraint)  =         0.1673
 ------------------------------------------------------------------------------

 NMR restraints: Bond =    0.000   Angle =     0.000   Torsion =     1.472
===============================================================================

 NSTEP =    35000   TIME(PS) =    2070.000  TEMP(K) =   256.54  PRESS =     0.0
 Etot   =        24.1374  EKtot   =        20.1367  EPtot      =         4.0007
 BOND   =         2.9762  ANGLE   =        15.6156  DIHED      =        36.4039
 1-4 NB =         4.4883  1-4 EEL =       112.0626  VDWAALS    =        -3.3969
 EELEC  =      -139.2723  EGB     =       -27.3464  RESTRAINT  =         0.4973
 ESURF=         1.9723
 EAMBER (non-restraint)  =         3.5033
 ------------------------------------------------------------------------------

 NMR restraints: Bond =    0.000   Angle =     0.000   Torsion =     0.497
===============================================================================
| RE_POSITION Moving by  -4.733372 -0.292671  0.361812

 NSTEP =    40000   TIME(PS) =    2080.000  TEMP(K) =   322.49  PRESS =     0.0
 Etot   =        29.5332  EKtot   =        25.3136  EPtot      =         4.2196
 BOND   =         6.1920  ANGLE   =        13.6230  DIHED      =        35.9950
 1-4 NB =         5.8270  1-4 EEL =       108.3158  VDWAALS    =        -3.4407
 EELEC  =      -143.1554  EGB     =       -21.2595  RESTRAINT  =         0.2320
 ESURF=         1.8903
 EAMBER (non-restraint)  =         3.9875
 ------------------------------------------------------------------------------

 NMR restraints: Bond =    0.000   Angle =     0.000   Torsion =     0.232
===============================================================================

 NSTEP =    45000   TIME(PS) =    2090.000  TEMP(K) =   344.99  PRESS =     0.0
 Etot   =        35.3582  EKtot   =        27.0795  EPtot      =         8.2788
 BOND   =         6.3568  ANGLE   =        16.2043  DIHED      =        37.3955
 1-4 NB =         4.7202  1-4 EEL =       107.9811  VDWAALS    =        -3.4213
 EELEC  =      -142.1114  EGB     =       -20.7934  RESTRAINT  =         0.0557
 ESURF=         1.8913
 EAMBER (non-restraint)  =         8.2231
 ------------------------------------------------------------------------------

 NMR restraints: Bond =    0.000   Angle =     0.000   Torsion =     0.056
===============================================================================
| RE_POSITION Moving by  -2.451115 -3.579652  3.739288

 NSTEP =    50000   TIME(PS) =    2100.000  TEMP(K) =   327.89  PRESS =     0.0
 Etot   =        40.4389  EKtot   =        25.7372  EPtot      =        14.7017
 BOND   =        11.5352  ANGLE   =        16.7517  DIHED      =        37.6710
 1-4 NB =         6.0469  1-4 EEL =       109.8454  VDWAALS    =        -4.7656
 EELEC  =      -139.7588  EGB     =       -25.5165  RESTRAINT  =         0.9768
 ESURF=         1.9157
 EAMBER (non-restraint)  =        13.7249
 ------------------------------------------------------------------------------

 NMR restraints: Bond =    0.000   Angle =     0.000   Torsion =     0.977
===============================================================================

 NSTEP =    55000   TIME(PS) =    2110.000  TEMP(K) =   305.76  PRESS =     0.0
 Etot   =        29.7405  EKtot   =        24.0005  EPtot      =         5.7400
 BOND   =         4.4914  ANGLE   =        14.8698  DIHED      =        36.9150
 1-4 NB =         5.5417  1-4 EEL =       117.7821  VDWAALS    =        -4.0941
 EELEC  =      -150.5692  EGB     =       -21.0509  RESTRAINT  =         0.0000
 ESURF=         1.8541
 EAMBER (non-restraint)  =         5.7400
 ------------------------------------------------------------------------------

 NMR restraints: Bond =    0.000   Angle =     0.000   Torsion =     0.000
===============================================================================
| RE_POSITION Moving by  -4.991059 -1.234117  2.195898

 NSTEP =    60000   TIME(PS) =    2120.000  TEMP(K) =   251.94  PRESS =     0.0
 Etot   =        28.6109  EKtot   =        19.7762  EPtot      =         8.8347
 BOND   =         7.6906  ANGLE   =        15.8971  DIHED      =        37.1441
 1-4 NB =         4.1019  1-4 EEL =       109.6550  VDWAALS    =        -2.5642
 EELEC  =      -141.3100  EGB     =       -23.7370  RESTRAINT  =         0.0001
 ESURF=         1.9571
 EAMBER (non-restraint)  =         8.8347
 ------------------------------------------------------------------------------

 NMR restraints: Bond =    0.000   Angle =     0.000   Torsion =     0.000
===============================================================================

 NSTEP =    65000   TIME(PS) =    2130.000  TEMP(K) =   317.68  PRESS =     0.0
 Etot   =        32.1797  EKtot   =        24.9364  EPtot      =         7.2434
 BOND   =         4.0978  ANGLE   =        16.6465  DIHED      =        37.4284
 1-4 NB =         3.3520  1-4 EEL =       113.1898  VDWAALS    =        -4.9564
 EELEC  =      -141.6695  EGB     =       -22.8459  RESTRAINT  =         0.1027
 ESURF=         1.8980
 EAMBER (non-restraint)  =         7.1407
 ------------------------------------------------------------------------------

 NMR restraints: Bond =    0.000   Angle =     0.000   Torsion =     0.103
===============================================================================
| RE_POSITION Moving by  -6.081855  2.099037 -8.969302

 NSTEP =    70000   TIME(PS) =    2140.000  TEMP(K) =   380.17  PRESS =     0.0
 Etot   =        28.0403  EKtot   =        29.8410  EPtot      =        -1.8008
 BOND   =         3.2658  ANGLE   =        11.8449  DIHED      =        36.1918
 1-4 NB =         5.0339  1-4 EEL =       117.3818  VDWAALS    =        -4.3458
 EELEC  =      -150.9618  EGB     =       -22.2335  RESTRAINT  =         0.1704
 ESURF=         1.8517
 EAMBER (non-restraint)  =        -1.9712
 ------------------------------------------------------------------------------

 NMR restraints: Bond =    0.000   Angle =     0.000   Torsion =     0.170
===============================================================================

 NSTEP =    75000   TIME(PS) =    2150.000  TEMP(K) =   255.20  PRESS =     0.0
 Etot   =        28.8724  EKtot   =        20.0318  EPtot      =         8.8405
 BOND   =         5.4999  ANGLE   =        16.5015  DIHED      =        39.7538
 1-4 NB =         4.6755  1-4 EEL =       114.0379  VDWAALS    =        -4.8539
 EELEC  =      -145.3328  EGB     =       -23.4197  RESTRAINT  =         0.1169
 ESURF=         1.8614
 EAMBER (non-restraint)  =         8.7236
 ------------------------------------------------------------------------------

 NMR restraints: Bond =    0.000   Angle =     0.000   Torsion =     0.117
===============================================================================
| RE_POSITION Moving by  -3.415488 -1.498202 -3.202728

 NSTEP =    80000   TIME(PS) =    2160.000  TEMP(K) =   363.02  PRESS =     0.0
 Etot   =        35.6533  EKtot   =        28.4951  EPtot      =         7.1582
 BOND   =         3.9028  ANGLE   =        19.9988  DIHED      =        37.5578
 1-4 NB =         3.2696  1-4 EEL =       115.0709  VDWAALS    =        -4.5105
 EELEC  =      -144.2799  EGB     =       -25.7856  RESTRAINT  =         0.0079
 ESURF=         1.9264
 EAMBER (non-restraint)  =         7.1503
 ------------------------------------------------------------------------------

 NMR restraints: Bond =    0.000   Angle =     0.000   Torsion =     0.008
===============================================================================

 NSTEP =    85000   TIME(PS) =    2170.000  TEMP(K) =   247.96  PRESS =     0.0
 Etot   =        26.8036  EKtot   =        19.4636  EPtot      =         7.3400
 BOND   =         5.0727  ANGLE   =        15.8646  DIHED      =        37.5051
 1-4 NB =         6.6977  1-4 EEL =       116.9437  VDWAALS    =        -5.1345
 EELEC  =      -149.0345  EGB     =       -22.5565  RESTRAINT  =         0.0843
 ESURF=         1.8974
 EAMBER (non-restraint)  =         7.2557
 ------------------------------------------------------------------------------

 NMR restraints: Bond =    0.000   Angle =     0.000   Torsion =     0.084
===============================================================================
| RE_POSITION Moving by   0.761868  4.560782 -1.008784

 NSTEP =    90000   TIME(PS) =    2180.000  TEMP(K) =   318.11  PRESS =     0.0
 Etot   =        28.7139  EKtot   =        24.9695  EPtot      =         3.7445
 BOND   =         4.6704  ANGLE   =        13.6022  DIHED      =        37.2404
 1-4 NB =         4.2994  1-4 EEL =       113.9722  VDWAALS    =        -3.7644
 EELEC  =      -141.4688  EGB     =       -27.4374  RESTRAINT  =         0.7073
 ESURF=         1.9231
 EAMBER (non-restraint)  =         3.0372
 ------------------------------------------------------------------------------

 NMR restraints: Bond =    0.000   Angle =     0.000   Torsion =     0.707
===============================================================================

 NSTEP =    95000   TIME(PS) =    2190.000  TEMP(K) =   355.94  PRESS =     0.0
 Etot   =        31.5701  EKtot   =        27.9394  EPtot      =         3.6307
 BOND   =         4.0869  ANGLE   =        11.2303  DIHED      =        38.2992
 1-4 NB =         4.7032  1-4 EEL =       114.2779  VDWAALS    =        -3.9901
 EELEC  =      -140.9015  EGB     =       -27.3842  RESTRAINT  =         1.3700
 ESURF=         1.9390
 EAMBER (non-restraint)  =         2.2607
 ------------------------------------------------------------------------------

 NMR restraints: Bond =    0.000   Angle =     0.000   Torsion =     1.370
===============================================================================
| RE_POSITION Moving by   1.688383  6.780374  1.486250

 NSTEP =   100000   TIME(PS) =    2200.000  TEMP(K) =   323.67  PRESS =     0.0
 Etot   =        30.2010  EKtot   =        25.4060  EPtot      =         4.7950
 BOND   =         5.3273  ANGLE   =        13.6567  DIHED      =        38.2785
 1-4 NB =         3.8528  1-4 EEL =       114.1023  VDWAALS    =        -3.9610
 EELEC  =      -142.4348  EGB     =       -26.0428  RESTRAINT  =         0.0140
 ESURF=         2.0021
 EAMBER (non-restraint)  =         4.7810
 ------------------------------------------------------------------------------

 NMR restraints: Bond =    0.000   Angle =     0.000   Torsion =     0.014
===============================================================================

 NSTEP =   105000   TIME(PS) =    2210.000  TEMP(K) =   319.27  PRESS =     0.0
 Etot   =        27.5886  EKtot   =        25.0611  EPtot      =         2.5275
 BOND   =         7.4897  ANGLE   =        11.8680  DIHED      =        35.8012
 1-4 NB =         3.0434  1-4 EEL =       111.4574  VDWAALS    =        -3.8850
 EELEC  =      -140.3604  EGB     =       -25.5591  RESTRAINT  =         0.6864
 ESURF=         1.9860
 EAMBER (non-restraint)  =         1.8411
 ------------------------------------------------------------------------------

 NMR restraints: Bond =    0.000   Angle =     0.000   Torsion =     0.686
===============================================================================
| RE_POSITION Moving by  -9.365876  3.642000 -0.974178

 NSTEP =   110000   TIME(PS) =    2220.000  TEMP(K) =   277.35  PRESS =     0.0
 Etot   =        33.1405  EKtot   =        21.7702  EPtot      =        11.3703
 BOND   =         7.2899  ANGLE   =        17.8168  DIHED      =        39.7053
 1-4 NB =         2.6606  1-4 EEL =       111.6541  VDWAALS    =        -4.0642
 EELEC  =      -140.6037  EGB     =       -25.1546  RESTRAINT  =         0.0699
 ESURF=         1.9961
 EAMBER (non-restraint)  =        11.3004
 ------------------------------------------------------------------------------

 NMR restraints: Bond =    0.000   Angle =     0.000   Torsion =     0.070
===============================================================================

 NSTEP =   115000   TIME(PS) =    2230.000  TEMP(K) =   290.90  PRESS =     0.0
 Etot   =        27.5044  EKtot   =        22.8340  EPtot      =         4.6703
 BOND   =         2.9919  ANGLE   =        17.6933  DIHED      =        36.2289
 1-4 NB =         4.5447  1-4 EEL =       110.4402  VDWAALS    =        -3.2870
 EELEC  =      -139.0670  EGB     =       -26.9331  RESTRAINT  =         0.0718
 ESURF=         1.9866
 EAMBER (non-restraint)  =         4.5985
 ------------------------------------------------------------------------------

 NMR restraints: Bond =    0.000   Angle =     0.000   Torsion =     0.072
===============================================================================
| RE_POSITION Moving by   1.189325 -3.944791  2.685832

 NSTEP =   120000   TIME(PS) =    2240.000  TEMP(K) =   292.38  PRESS =     0.0
 Etot   =        33.0822  EKtot   =        22.9505  EPtot      =        10.1317
 BOND   =         8.0172  ANGLE   =        15.4608  DIHED      =        36.3655
 1-4 NB =         4.5326  1-4 EEL =       116.8943  VDWAALS    =        -1.5109
 EELEC  =      -146.8042  EGB     =       -25.2008  RESTRAINT  =         0.4649
 ESURF=         1.9124
 EAMBER (non-restraint)  =         9.6668
 ------------------------------------------------------------------------------

 NMR restraints: Bond =    0.000   Angle =     0.000   Torsion =     0.465
===============================================================================

 NSTEP =   125000   TIME(PS) =    2250.000  TEMP(K) =   280.27  PRESS =     0.0
 Etot   =        28.9758  EKtot   =        21.9994  EPtot      =         6.9764
 BOND   =         4.3477  ANGLE   =        14.8338  DIHED      =        36.4641
 1-4 NB =         5.2300  1-4 EEL =       119.8024  VDWAALS    =        -2.7880
 EELEC  =      -148.4084  EGB     =       -24.5926  RESTRAINT  =         0.0779
 ESURF=         2.0095
 EAMBER (non-restraint)  =         6.8985
 ------------------------------------------------------------------------------

 NMR restraints: Bond =    0.000   Angle =     0.000   Torsion =     0.078
===============================================================================
| RE_POSITION Moving by  -5.612481 -9.188443 -2.382253

 NSTEP =   130000   TIME(PS) =    2260.000  TEMP(K) =   336.85  PRESS =     0.0
 Etot   =        35.4698  EKtot   =        26.4408  EPtot      =         9.0289
 BOND   =         3.0102  ANGLE   =        16.5883  DIHED      =        37.1310
 1-4 NB =         6.2685  1-4 EEL =       125.2110  VDWAALS    =        -3.5577
 EELEC  =      -154.1844  EGB     =       -23.6377  RESTRAINT  =         0.2411
 ESURF=         1.9586
 EAMBER (non-restraint)  =         8.7878
 ------------------------------------------------------------------------------

 NMR restraints: Bond =    0.000   Angle =     0.000   Torsion =     0.241
===============================================================================

 NSTEP =   135000   TIME(PS) =    2270.000  TEMP(K) =   378.42  PRESS =     0.0
 Etot   =        32.2050  EKtot   =        29.7037  EPtot      =         2.5013
 BOND   =         2.2210  ANGLE   =        13.6127  DIHED      =        36.8248
 1-4 NB =         5.1434  1-4 EEL =       121.6492  VDWAALS    =        -3.8940
 EELEC  =      -147.8876  EGB     =       -27.1494  RESTRAINT  =         0.0015
 ESURF=         1.9797
 EAMBER (non-restraint)  =         2.4999
 ------------------------------------------------------------------------------

 NMR restraints: Bond =    0.000   Angle =     0.000   Torsion =     0.001
===============================================================================
| RE_POSITION Moving by  -0.958960  0.899394 -6.994728

 NSTEP =   140000   TIME(PS) =    2280.000  TEMP(K) =   322.98  PRESS =     0.0
 Etot   =        30.8712  EKtot   =        25.3520  EPtot      =         5.5192
 BOND   =         7.3852  ANGLE   =        10.7396  DIHED      =        37.6971
 1-4 NB =         4.7164  1-4 EEL =       114.7696  VDWAALS    =        -4.0462
 EELEC  =      -141.7697  EGB     =       -25.9077  RESTRAINT  =         0.0001
 ESURF=         1.9349
 EAMBER (non-restraint)  =         5.5191
 ------------------------------------------------------------------------------

 NMR restraints: Bond =    0.000   Angle =     0.000   Torsion =     0.000
===============================================================================

 NSTEP =   145000   TIME(PS) =    2290.000  TEMP(K) =   256.12  PRESS =     0.0
 Etot   =        25.0405  EKtot   =        20.1035  EPtot      =         4.9369
 BOND   =         5.0799  ANGLE   =        16.3389  DIHED      =        33.3481
 1-4 NB =         3.7128  1-4 EEL =       111.0119  VDWAALS    =        -2.6267
 EELEC  =      -135.5444  EGB     =       -29.1096  RESTRAINT  =         0.7539
 ESURF=         1.9721
 EAMBER (non-restraint)  =         4.1831
 ------------------------------------------------------------------------------

 NMR restraints: Bond =    0.000   Angle =     0.000   Torsion =     0.754
===============================================================================
| RE_POSITION Moving by  -2.069089  1.426481  7.074121

 NSTEP =   150000   TIME(PS) =    2300.000  TEMP(K) =   312.00  PRESS =     0.0
 Etot   =        29.8168  EKtot   =        24.4899  EPtot      =         5.3268
 BOND   =         5.7525  ANGLE   =         8.6618  DIHED      =        39.4757
 1-4 NB =         4.9318  1-4 EEL =       118.3434  VDWAALS    =        -1.5439
 EELEC  =      -144.3211  EGB     =       -27.9116  RESTRAINT  =         0.0005
 ESURF=         1.9378
 EAMBER (non-restraint)  =         5.3263
 ------------------------------------------------------------------------------

 NMR restraints: Bond =    0.000   Angle =     0.000   Torsion =     0.000
===============================================================================

 NSTEP =   155000   TIME(PS) =    2310.000  TEMP(K) =   277.83  PRESS =     0.0
 Etot   =        32.6566  EKtot   =        21.8076  EPtot      =        10.8489
 BOND   =         6.7065  ANGLE   =        14.7627  DIHED      =        37.2016
 1-4 NB =         4.3345  1-4 EEL =       121.2931  VDWAALS    =        -3.5954
 EELEC  =      -149.5358  EGB     =       -24.2774  RESTRAINT  =         1.9502
 ESURF=         2.0091
 EAMBER (non-restraint)  =         8.8988
 ------------------------------------------------------------------------------

 NMR restraints: Bond =    0.000   Angle =     0.000   Torsion =     1.950
===============================================================================
| RE_POSITION Moving by   2.394565  9.034424 -1.866396

 NSTEP =   160000   TIME(PS) =    2320.000  TEMP(K) =   285.64  PRESS =     0.0
 Etot   =        28.1363  EKtot   =        22.4207  EPtot      =         5.7156
 BOND   =         7.0991  ANGLE   =        13.9926  DIHED      =        38.6652
 1-4 NB =         3.5516  1-4 EEL =       120.4441  VDWAALS    =        -4.0035
 EELEC  =      -152.2168  EGB     =       -23.9514  RESTRAINT  =         0.1872
 ESURF=         1.9474
 EAMBER (non-restraint)  =         5.5284
 ------------------------------------------------------------------------------

 NMR restraints: Bond =    0.000   Angle =     0.000   Torsion =     0.187
===============================================================================

 NSTEP =   165000   TIME(PS) =    2330.000  TEMP(K) =   289.22  PRESS =     0.0
 Etot   =        27.1293  EKtot   =        22.7020  EPtot      =         4.4273
 BOND   =         5.7830  ANGLE   =        18.4341  DIHED      =        34.0938
 1-4 NB =         3.7723  1-4 EEL =       124.9079  VDWAALS    =        -4.6885
 EELEC  =      -154.3510  EGB     =       -25.4918  RESTRAINT  =         0.0469
 ESURF=         1.9206
 EAMBER (non-restraint)  =         4.3804
 ------------------------------------------------------------------------------

 NMR restraints: Bond =    0.000   Angle =     0.000   Torsion =     0.047
===============================================================================
| RE_POSITION Moving by   2.032004 -3.710051  8.808894

 NSTEP =   170000   TIME(PS) =    2340.000  TEMP(K) =   324.34  PRESS =     0.0
 Etot   =        25.5738  EKtot   =        25.4587  EPtot      =         0.1152
 BOND   =         3.2141  ANGLE   =         8.0546  DIHED      =        37.4667
 1-4 NB =         6.5551  1-4 EEL =       126.8040  VDWAALS    =        -4.1329
 EELEC  =      -154.0599  EGB     =       -25.7247  RESTRAINT  =         0.0059
 ESURF=         1.9322
 EAMBER (non-restraint)  =         0.1092
 ------------------------------------------------------------------------------

 NMR restraints: Bond =    0.000   Angle =     0.000   Torsion =     0.006
===============================================================================

 NSTEP =   175000   TIME(PS) =    2350.000  TEMP(K) =   319.11  PRESS =     0.0
 Etot   =        29.5867  EKtot   =        25.0481  EPtot      =         4.5386
 BOND   =         5.2517  ANGLE   =        17.1501  DIHED      =        36.2659
 1-4 NB =         3.9362  1-4 EEL =       117.4384  VDWAALS    =        -3.9613
 EELEC  =      -148.3127  EGB     =       -25.1702  RESTRAINT  =         0.0011
 ESURF=         1.9394
 EAMBER (non-restraint)  =         4.5375
 ------------------------------------------------------------------------------

 NMR restraints: Bond =    0.000   Angle =     0.000   Torsion =     0.001
===============================================================================
| RE_POSITION Moving by   2.245985 -5.324032 -8.284487

 NSTEP =   180000   TIME(PS) =    2360.000  TEMP(K) =   299.98  PRESS =     0.0
 Etot   =        34.8332  EKtot   =        23.5464  EPtot      =        11.2868
 BOND   =         1.9610  ANGLE   =        17.0906  DIHED      =        43.0317
 1-4 NB =         5.6218  1-4 EEL =       112.1055  VDWAALS    =        -3.7101
 EELEC  =      -140.7271  EGB     =       -26.0793  RESTRAINT  =         0.0066
 ESURF=         1.9862
 EAMBER (non-restraint)  =        11.2802
 ------------------------------------------------------------------------------

 NMR restraints: Bond =    0.000   Angle =     0.000   Torsion =     0.007
===============================================================================

 NSTEP =   185000   TIME(PS) =    2370.000  TEMP(K) =   318.89  PRESS =     0.0
 Etot   =        34.9231  EKtot   =        25.0312  EPtot      =         9.8919
 BOND   =         7.2127  ANGLE   =        12.2581  DIHED      =        40.3068
 1-4 NB =         5.8709  1-4 EEL =       112.6291  VDWAALS    =        -3.5340
 EELEC  =      -140.6805  EGB     =       -26.2771  RESTRAINT  =         0.1323
 ESURF=         1.9737
 EAMBER (non-restraint)  =         9.7596
 ------------------------------------------------------------------------------

 NMR restraints: Bond =    0.000   Angle =     0.000   Torsion =     0.132
===============================================================================
| RE_POSITION Moving by   5.686791  1.163764 -2.521517

 NSTEP =   190000   TIME(PS) =    2380.000  TEMP(K) =   305.36  PRESS =     0.0
 Etot   =        26.3237  EKtot   =        23.9689  EPtot      =         2.3548
 BOND   =         6.2151  ANGLE   =        13.4477  DIHED      =        35.5648
 1-4 NB =         3.4385  1-4 EEL =       113.2649  VDWAALS    =        -3.8973
 EELEC  =      -143.6584  EGB     =       -24.7141  RESTRAINT  =         0.7470
 ESURF=         1.9468
 EAMBER (non-restraint)  =         1.6078
 ------------------------------------------------------------------------------

 NMR restraints: Bond =    0.000   Angle =     0.000   Torsion =     0.747
===============================================================================

 NSTEP =   195000   TIME(PS) =    2390.000  TEMP(K) =   264.40  PRESS =     0.0
 Etot   =        33.9381  EKtot   =        20.7540  EPtot      =        13.1841
 BOND   =         5.8362  ANGLE   =        20.9676  DIHED      =        38.3568
 1-4 NB =         5.3157  1-4 EEL =       121.3241  VDWAALS    =        -3.7461
 EELEC  =      -153.5879  EGB     =       -23.7546  RESTRAINT  =         0.5052
 ESURF=         1.9671
 EAMBER (non-restraint)  =        12.6790
 ------------------------------------------------------------------------------

 NMR restraints: Bond =    0.000   Angle =     0.000   Torsion =     0.505
===============================================================================
| RE_POSITION Moving by   2.578516 -3.627703  2.661517

 NSTEP =   200000   TIME(PS) =    2400.000  TEMP(K) =   372.79  PRESS =     0.0
 Etot   =        34.6790  EKtot   =        29.2622  EPtot      =         5.4168
 BOND   =         5.3299  ANGLE   =        14.4564  DIHED      =        35.9807
 1-4 NB =         4.1465  1-4 EEL =       114.3118  VDWAALS    =        -3.6976
 EELEC  =      -141.4443  EGB     =       -25.6696  RESTRAINT  =         0.0339
 ESURF=         1.9691
 EAMBER (non-restraint)  =         5.3829
 ------------------------------------------------------------------------------

 NMR restraints: Bond =    0.000   Angle =     0.000   Torsion =     0.034
===============================================================================

 NSTEP =   205000   TIME(PS) =    2410.000  TEMP(K) =   326.74  PRESS =     0.0
 Etot   =        34.4451  EKtot   =        25.6472  EPtot      =         8.7979
 BOND   =         5.8409  ANGLE   =        15.0929  DIHED      =        38.0452
 1-4 NB =         4.7735  1-4 EEL =       117.6078  VDWAALS    =        -2.2693
 EELEC  =      -148.7434  EGB     =       -23.7983  RESTRAINT  =         0.3122
 ESURF=         1.9362
 EAMBER (non-restraint)  =         8.4856
 ------------------------------------------------------------------------------

 NMR restraints: Bond =    0.000   Angle =     0.000   Torsion =     0.312
===============================================================================
| RE_POSITION Moving by  -8.944056  2.067484 10.987801

 NSTEP =   210000   TIME(PS) =    2420.000  TEMP(K) =   285.68  PRESS =     0.0
 Etot   =        31.0207  EKtot   =        22.4240  EPtot      =         8.5968
 BOND   =         8.5615  ANGLE   =        15.7673  DIHED      =        35.9439
 1-4 NB =         3.9189  1-4 EEL =       111.7456  VDWAALS    =        -2.9358
 EELEC  =      -143.5479  EGB     =       -22.8946  RESTRAINT  =         0.0168
 ESURF=         2.0212
 EAMBER (non-restraint)  =         8.5800
 ------------------------------------------------------------------------------

 NMR restraints: Bond =    0.000   Angle =     0.000   Torsion =     0.017
===============================================================================

 NSTEP =   215000   TIME(PS) =    2430.000  TEMP(K) =   277.04  PRESS =     0.0
 Etot   =        20.1346  EKtot   =        21.7460  EPtot      =        -1.6114
 BOND   =         3.5883  ANGLE   =         7.4875  DIHED      =        36.9796
 1-4 NB =         5.5920  1-4 EEL =       115.2710  VDWAALS    =        -3.5958
 EELEC  =      -143.2494  EGB     =       -25.6332  RESTRAINT  =         0.0101
 ESURF=         1.9385
 EAMBER (non-restraint)  =        -1.6215
 ------------------------------------------------------------------------------

 NMR restraints: Bond =    0.000   Angle =     0.000   Torsion =     0.010
===============================================================================
| RE_POSITION Moving by   0.803052 -3.287065  0.013764

 NSTEP =   220000   TIME(PS) =    2440.000  TEMP(K) =   279.33  PRESS =     0.0
 Etot   =        27.5265  EKtot   =        21.9255  EPtot      =         5.6010
 BOND   =         5.6687  ANGLE   =        13.3462  DIHED      =        38.2261
 1-4 NB =         4.4043  1-4 EEL =       113.1735  VDWAALS    =        -3.3042
 EELEC  =      -142.8835  EGB     =       -25.0298  RESTRAINT  =         0.0134
 ESURF=         1.9863
 EAMBER (non-restraint)  =         5.5876
 ------------------------------------------------------------------------------

 NMR restraints: Bond =    0.000   Angle =     0.000   Torsion =     0.013
===============================================================================

 NSTEP =   225000   TIME(PS) =    2450.000  TEMP(K) =   355.40  PRESS =     0.0
 Etot   =        33.7169  EKtot   =        27.8970  EPtot      =         5.8199
 BOND   =         8.0700  ANGLE   =        14.8203  DIHED      =        36.3612
 1-4 NB =         3.0659  1-4 EEL =       110.3758  VDWAALS    =        -3.5319
 EELEC  =      -138.9278  EGB     =       -26.4295  RESTRAINT  =         0.0066
 ESURF=         2.0092
 EAMBER (non-restraint)  =         5.8133
 ------------------------------------------------------------------------------

 NMR restraints: Bond =    0.000   Angle =     0.000   Torsion =     0.007
===============================================================================
| RE_POSITION Moving by   1.125442  5.757233 -0.491376

 NSTEP =   230000   TIME(PS) =    2460.000  TEMP(K) =   326.67  PRESS =     0.0
 Etot   =        31.9059  EKtot   =        25.6420  EPtot      =         6.2640
 BOND   =         3.6624  ANGLE   =        18.4869  DIHED      =        36.6743
 1-4 NB =         4.7945  1-4 EEL =       121.5732  VDWAALS    =        -3.8495
 EELEC  =      -153.0557  EGB     =       -24.1322  RESTRAINT  =         0.1657
 ESURF=         1.9444
 EAMBER (non-restraint)  =         6.0983
 ------------------------------------------------------------------------------

 NMR restraints: Bond =    0.000   Angle =     0.000   Torsion =     0.166
===============================================================================

 NSTEP =   235000   TIME(PS) =    2470.000  TEMP(K) =   339.63  PRESS =     0.0
 Etot   =        30.7424  EKtot   =        26.6591  EPtot      =         4.0833
 BOND   =         8.7546  ANGLE   =        11.7021  DIHED      =        38.7682
 1-4 NB =         3.5696  1-4 EEL =       111.8038  VDWAALS    =        -4.0271
 EELEC  =      -142.6072  EGB     =       -25.9463  RESTRAINT  =         0.0963
 ESURF=         1.9693
 EAMBER (non-restraint)  =         3.9870
 ------------------------------------------------------------------------------

 NMR restraints: Bond =    0.000   Angle =     0.000   Torsion =     0.096
===============================================================================
| RE_POSITION Moving by  -0.652725 -4.579812  4.244360

 NSTEP =   240000   TIME(PS) =    2480.000  TEMP(K) =   369.00  PRESS =     0.0
 Etot   =        35.1188  EKtot   =        28.9645  EPtot      =         6.1543
 BOND   =         4.6877  ANGLE   =        13.4524  DIHED      =        39.8016
 1-4 NB =         3.0215  1-4 EEL =       110.2000  VDWAALS    =        -4.0328
 EELEC  =      -138.8839  EGB     =       -24.1860  RESTRAINT  =         0.1267
 ESURF=         1.9671
 EAMBER (non-restraint)  =         6.0276
 ------------------------------------------------------------------------------

 NMR restraints: Bond =    0.000   Angle =     0.000   Torsion =     0.127
===============================================================================

 NSTEP =   245000   TIME(PS) =    2490.000  TEMP(K) =   295.48  PRESS =     0.0
 Etot   =        28.0314  EKtot   =        23.1933  EPtot      =         4.8381
 BOND   =         6.3700  ANGLE   =        13.6110  DIHED      =        38.3832
 1-4 NB =         3.4934  1-4 EEL =       119.0066  VDWAALS    =        -2.8094
 EELEC  =      -151.0118  EGB     =       -24.6100  RESTRAINT  =         0.4538
 ESURF=         1.9513
 EAMBER (non-restraint)  =         4.3843
 ------------------------------------------------------------------------------

 NMR restraints: Bond =    0.000   Angle =     0.000   Torsion =     0.454
===============================================================================
| RE_POSITION Moving by   8.778535  1.684806-11.528159

 NSTEP =   250000   TIME(PS) =    2500.000  TEMP(K) =   292.07  PRESS =     0.0
 Etot   =        33.2277  EKtot   =        22.9261  EPtot      =        10.3016
 BOND   =         7.7223  ANGLE   =        17.2807  DIHED      =        39.0078
 1-4 NB =         3.3373  1-4 EEL =       108.4163  VDWAALS    =        -4.0646
 EELEC  =      -140.5639  EGB     =       -24.2559  RESTRAINT  =         1.4665
 ESURF=         1.9551
 EAMBER (non-restraint)  =         8.8350
 ------------------------------------------------------------------------------

 NMR restraints: Bond =    0.000   Angle =     0.000   Torsion =     1.467
===============================================================================

 NSTEP =   255000   TIME(PS) =    2510.000  TEMP(K) =   256.13  PRESS =     0.0
 Etot   =        27.0194  EKtot   =        20.1051  EPtot      =         6.9144
 BOND   =         5.7465  ANGLE   =        12.5965  DIHED      =        39.0742
 1-4 NB =         4.6704  1-4 EEL =       110.6355  VDWAALS    =        -3.5175
 EELEC  =      -139.7319  EGB     =       -25.3887  RESTRAINT  =         0.8374
 ESURF=         1.9919
 EAMBER (non-restraint)  =         6.0770
 ------------------------------------------------------------------------------

 NMR restraints: Bond =    0.000   Angle =     0.000   Torsion =     0.837
===============================================================================
| RE_POSITION Moving by   0.618330 11.977303  3.502505

 NSTEP =   260000   TIME(PS) =    2520.000  TEMP(K) =   302.77  PRESS =     0.0
 Etot   =        29.3688  EKtot   =        23.7660  EPtot      =         5.6028
 BOND   =         7.9793  ANGLE   =        14.5806  DIHED      =        37.3180
 1-4 NB =         4.1150  1-4 EEL =       120.5462  VDWAALS    =        -4.3796
 EELEC  =      -152.0124  EGB     =       -24.8491  RESTRAINT  =         0.3647
 ESURF=         1.9402
 EAMBER (non-restraint)  =         5.2381
 ------------------------------------------------------------------------------

 NMR restraints: Bond =    0.000   Angle =     0.000   Torsion =     0.365
===============================================================================

 NSTEP =   265000   TIME(PS) =    2530.000  TEMP(K) =   342.22  PRESS =     0.0
 Etot   =        26.0398  EKtot   =        26.8621  EPtot      =        -0.8224
 BOND   =         4.8319  ANGLE   =        11.1247  DIHED      =        35.0537
 1-4 NB =         5.1627  1-4 EEL =       123.0198  VDWAALS    =        -3.6899
 EELEC  =      -154.9771  EGB     =       -23.3990  RESTRAINT  =         0.1105
 ESURF=         1.9404
 EAMBER (non-restraint)  =        -0.9328
 ------------------------------------------------------------------------------

 NMR restraints: Bond =    0.000   Angle =     0.000   Torsion =     0.110
===============================================================================
| RE_POSITION Moving by  -9.126309  4.027372  3.555270

 NSTEP =   270000   TIME(PS) =    2540.000  TEMP(K) =   245.23  PRESS =     0.0
 Etot   =        32.1969  EKtot   =        19.2493  EPtot      =        12.9476
 BOND   =         7.4851  ANGLE   =        22.4435  DIHED      =        37.0127
 1-4 NB =         4.6038  1-4 EEL =       118.6046  VDWAALS    =        -4.5315
 EELEC  =      -150.6192  EGB     =       -24.0481  RESTRAINT  =         0.0622
 ESURF=         1.9344
 EAMBER (non-restraint)  =        12.8854
 ------------------------------------------------------------------------------

 NMR restraints: Bond =    0.000   Angle =     0.000   Torsion =     0.062
===============================================================================

 NSTEP =   275000   TIME(PS) =    2550.000  TEMP(K) =   286.87  PRESS =     0.0
 Etot   =        26.7780  EKtot   =        22.5175  EPtot      =         4.2605
 BOND   =         6.7933  ANGLE   =        14.2618  DIHED      =        36.5177
 1-4 NB =         4.9391  1-4 EEL =       122.5453  VDWAALS    =        -4.4272
 EELEC  =      -152.8785  EGB     =       -25.5155  RESTRAINT  =         0.1056
 ESURF=         1.9188
 EAMBER (non-restraint)  =         4.1549
 ------------------------------------------------------------------------------

 NMR restraints: Bond =    0.000   Angle =     0.000   Torsion =     0.106
===============================================================================
| RE_POSITION Moving by  -0.515415 -1.529160  1.981780

 NSTEP =   280000   TIME(PS) =    2560.000  TEMP(K) =   377.97  PRESS =     0.0
 Etot   =        42.4390  EKtot   =        29.6687  EPtot      =        12.7703
 BOND   =         6.0782  ANGLE   =        21.5900  DIHED      =        36.2279
 1-4 NB =         4.6130  1-4 EEL =       119.6071  VDWAALS    =        -3.5755
 EELEC  =      -150.6610  EGB     =       -23.5728  RESTRAINT  =         0.4649
 ESURF=         1.9985
 EAMBER (non-restraint)  =        12.3054
 ------------------------------------------------------------------------------

 NMR restraints: Bond =    0.000   Angle =     0.000   Torsion =     0.465
===============================================================================

 NSTEP =   285000   TIME(PS) =    2570.000  TEMP(K) =   250.48  PRESS =     0.0
 Etot   =        24.0500  EKtot   =        19.6612  EPtot      =         4.3887
 BOND   =         7.3030  ANGLE   =        13.1269  DIHED      =        37.6142
 1-4 NB =         3.9946  1-4 EEL =       110.2053  VDWAALS    =        -4.6023
 EELEC  =      -136.2652  EGB     =       -28.9338  RESTRAINT  =         0.0055
 ESURF=         1.9406
 EAMBER (non-restraint)  =         4.3832
 ------------------------------------------------------------------------------

 NMR restraints: Bond =    0.000   Angle =     0.000   Torsion =     0.006
===============================================================================
| RE_POSITION Moving by   0.254057 10.594413 -4.396905

 NSTEP =   290000   TIME(PS) =    2580.000  TEMP(K) =   315.78  PRESS =     0.0
 Etot   =        31.7896  EKtot   =        24.7871  EPtot      =         7.0025
 BOND   =         4.1474  ANGLE   =        18.5787  DIHED      =        36.7785
 1-4 NB =         4.9015  1-4 EEL =       113.1187  VDWAALS    =        -4.0326
 EELEC  =      -142.9710  EGB     =       -25.5270  RESTRAINT  =         0.0627
 ESURF=         1.9456
 EAMBER (non-restraint)  =         6.9398
 ------------------------------------------------------------------------------

 NMR restraints: Bond =    0.000   Angle =     0.000   Torsion =     0.063
===============================================================================

 NSTEP =   295000   TIME(PS) =    2590.000  TEMP(K) =   224.64  PRESS =     0.0
 Etot   =        23.3837  EKtot   =        17.6330  EPtot      =         5.7507
 BOND   =         4.9466  ANGLE   =        18.9301  DIHED      =        34.7879
 1-4 NB =         4.9117  1-4 EEL =       122.5321  VDWAALS    =        -4.0213
 EELEC  =      -154.3686  EGB     =       -24.0245  RESTRAINT  =         0.1286
 ESURF=         1.9282
 EAMBER (non-restraint)  =         5.6221
 ------------------------------------------------------------------------------

 NMR restraints: Bond =    0.000   Angle =     0.000   Torsion =     0.129
===============================================================================
| RE_POSITION Moving by  -3.150250 -0.451521-15.874842

 NSTEP =   300000   TIME(PS) =    2600.000  TEMP(K) =   329.11  PRESS =     0.0
 Etot   =        32.2036  EKtot   =        25.8331  EPtot      =         6.3705
 BOND   =         6.1616  ANGLE   =        17.8478  DIHED      =        35.3151
 1-4 NB =         3.0843  1-4 EEL =       117.8802  VDWAALS    =        -3.9143
 EELEC  =      -144.5244  EGB     =       -27.5677  RESTRAINT  =         0.0740
 ESURF=         2.0140
 EAMBER (non-restraint)  =         6.2965
 ------------------------------------------------------------------------------

 NMR restraints: Bond =    0.000   Angle =     0.000   Torsion =     0.074
===============================================================================

 NSTEP =   305000   TIME(PS) =    2610.000  TEMP(K) =   289.62  PRESS =     0.0
 Etot   =        32.0558  EKtot   =        22.7331  EPtot      =         9.3227
 BOND   =         5.2357  ANGLE   =        18.8596  DIHED      =        35.2583
 1-4 NB =         5.1295  1-4 EEL =       120.9141  VDWAALS    =        -3.8027
 EELEC  =      -148.5403  EGB     =       -26.9523  RESTRAINT  =         1.1982
 ESURF=         2.0225
 EAMBER (non-restraint)  =         8.1246
 ------------------------------------------------------------------------------

 NMR restraints: Bond =    0.000   Angle =     0.000   Torsion =     1.198
===============================================================================
| RE_POSITION Moving by  -4.004717 -0.846790  6.321366

 NSTEP =   310000   TIME(PS) =    2620.000  TEMP(K) =   328.50  PRESS =     0.0
 Etot   =        27.4383  EKtot   =        25.7854  EPtot      =         1.6529
 BOND   =         5.8901  ANGLE   =        11.8690  DIHED      =        36.7135
 1-4 NB =         4.4119  1-4 EEL =       110.8051  VDWAALS    =        -3.7779
 EELEC  =      -139.1351  EGB     =       -27.0758  RESTRAINT  =         0.0101
 ESURF=         1.9419
 EAMBER (non-restraint)  =         1.6427
 ------------------------------------------------------------------------------

 NMR restraints: Bond =    0.000   Angle =     0.000   Torsion =     0.010
===============================================================================

 NSTEP =   315000   TIME(PS) =    2630.000  TEMP(K) =   298.94  PRESS =     0.0
 Etot   =        29.2510  EKtot   =        23.4651  EPtot      =         5.7859
 BOND   =         6.6045  ANGLE   =        14.8558  DIHED      =        35.2029
 1-4 NB =         5.1749  1-4 EEL =       109.7897  VDWAALS    =        -3.6010
 EELEC  =      -141.0122  EGB     =       -23.3818  RESTRAINT  =         0.1522
 ESURF=         2.0009
 EAMBER (non-restraint)  =         5.6337
 ------------------------------------------------------------------------------

 NMR restraints: Bond =    0.000   Angle =     0.000   Torsion =     0.152
===============================================================================
| RE_POSITION Moving by  -8.134363 -3.926292 -3.382238

 NSTEP =   320000   TIME(PS) =    2640.000  TEMP(K) =   214.99  PRESS =     0.0
 Etot   =        22.4777  EKtot   =        16.8755  EPtot      =         5.6022
 BOND   =         9.1207  ANGLE   =        11.5985  DIHED      =        35.9397
 1-4 NB =         5.0917  1-4 EEL =       110.1127  VDWAALS    =        -2.5391
 EELEC  =      -140.1810  EGB     =       -25.5622  RESTRAINT  =         0.0118
 ESURF=         2.0094
 EAMBER (non-restraint)  =         5.5904
 ------------------------------------------------------------------------------

 NMR restraints: Bond =    0.000   Angle =     0.000   Torsion =     0.012
===============================================================================

 NSTEP =   325000   TIME(PS) =    2650.000  TEMP(K) =   237.58  PRESS =     0.0
 Etot   =        18.7541  EKtot   =        18.6487  EPtot      =         0.1054
 BOND   =         2.7446  ANGLE   =        10.7154  DIHED      =        37.4844
 1-4 NB =         5.9875  1-4 EEL =       124.2605  VDWAALS    =        -4.2552
 EELEC  =      -155.9917  EGB     =       -22.7357  RESTRAINT  =         0.0080
 ESURF=         1.8875
 EAMBER (non-restraint)  =         0.0974
 ------------------------------------------------------------------------------

 NMR restraints: Bond =    0.000   Angle =     0.000   Torsion =     0.008
===============================================================================
| RE_POSITION Moving by   1.757173  6.038163 -6.330816

 NSTEP =   330000   TIME(PS) =    2660.000  TEMP(K) =   241.95  PRESS =     0.0
 Etot   =        22.5561  EKtot   =        18.9918  EPtot      =         3.5642
 BOND   =         5.0642  ANGLE   =        13.7052  DIHED      =        36.2686
 1-4 NB =         5.6855  1-4 EEL =       123.3801  VDWAALS    =        -4.3206
 EELEC  =      -154.8240  EGB     =       -23.9500  RESTRAINT  =         0.6220
 ESURF=         1.9332
 EAMBER (non-restraint)  =         2.9422
 ------------------------------------------------------------------------------

 NMR restraints: Bond =    0.000   Angle =     0.000   Torsion =     0.622
===============================================================================

 NSTEP =   335000   TIME(PS) =    2670.000  TEMP(K) =   300.32  PRESS =     0.0
 Etot   =        31.3024  EKtot   =        23.5731  EPtot      =         7.7293
 BOND   =         3.3064  ANGLE   =        15.3780  DIHED      =        35.6495
 1-4 NB =         6.1110  1-4 EEL =       125.9333  VDWAALS    =        -1.8676
 EELEC  =      -156.1645  EGB     =       -22.7800  RESTRAINT  =         0.2629
 ESURF=         1.9003
 EAMBER (non-restraint)  =         7.4664
 ------------------------------------------------------------------------------

 NMR restraints: Bond =    0.000   Angle =     0.000   Torsion =     0.263
===============================================================================
| RE_POSITION Moving by   1.431081 13.128506 -0.902162

 NSTEP =   340000   TIME(PS) =    2680.000  TEMP(K) =   302.30  PRESS =     0.0
 Etot   =        32.2005  EKtot   =        23.7284  EPtot      =         8.4721
 BOND   =         8.2073  ANGLE   =        14.8789  DIHED      =        38.5475
 1-4 NB =         4.8420  1-4 EEL =       112.8072  VDWAALS    =        -3.6052
 EELEC  =      -145.0656  EGB     =       -24.6594  RESTRAINT  =         0.6271
 ESURF=         1.8924
 EAMBER (non-restraint)  =         7.8450
 ------------------------------------------------------------------------------

 NMR restraints: Bond =    0.000   Angle =     0.000   Torsion =     0.627
===============================================================================

 NSTEP =   345000   TIME(PS) =    2690.000  TEMP(K) =   420.39  PRESS =     0.0
 Etot   =        33.3348  EKtot   =        32.9978  EPtot      =         0.3369
 BOND   =         5.5141  ANGLE   =         9.8349  DIHED      =        36.6215
 1-4 NB =         4.3972  1-4 EEL =       123.1782  VDWAALS    =        -3.2770
 EELEC  =      -152.6742  EGB     =       -25.3960  RESTRAINT  =         0.1485
 ESURF=         1.9897
 EAMBER (non-restraint)  =         0.1885
 ------------------------------------------------------------------------------

 NMR restraints: Bond =    0.000   Angle =     0.000   Torsion =     0.148
===============================================================================
| RE_POSITION Moving by  -4.548319 -0.695698 -5.359729

 NSTEP =   350000   TIME(PS) =    2700.000  TEMP(K) =   226.78  PRESS =     0.0
 Etot   =        22.4458  EKtot   =        17.8011  EPtot      =         4.6447
 BOND   =         6.0953  ANGLE   =        12.8612  DIHED      =        35.0277
 1-4 NB =         5.4607  1-4 EEL =       121.6192  VDWAALS    =        -2.9389
 EELEC  =      -153.5895  EGB     =       -22.9595  RESTRAINT  =         1.1320
 ESURF=         1.9366
 EAMBER (non-restraint)  =         3.5127
 ------------------------------------------------------------------------------

 NMR restraints: Bond =    0.000   Angle =     0.000   Torsion =     1.132
===============================================================================

 NSTEP =   355000   TIME(PS) =    2710.000  TEMP(K) =   324.03  PRESS =     0.0
 Etot   =        29.3656  EKtot   =        25.4348  EPtot      =         3.9309
 BOND   =         7.3242  ANGLE   =        16.6498  DIHED      =        33.9214
 1-4 NB =         5.1765  1-4 EEL =       116.7140  VDWAALS    =        -4.5735
 EELEC  =      -152.0856  EGB     =       -21.2820  RESTRAINT  =         0.2021
 ESURF=         1.8840
 EAMBER (non-restraint)  =         3.7288
 ------------------------------------------------------------------------------

 NMR restraints: Bond =    0.000   Angle =     0.000   Torsion =     0.202
===============================================================================
| RE_POSITION Moving by   7.553519  1.750627  6.490673

 NSTEP =   360000   TIME(PS) =    2720.000  TEMP(K) =   428.94  PRESS =     0.0
 Etot   =        39.8762  EKtot   =        33.6694  EPtot      =         6.2068
 BOND   =         4.8433  ANGLE   =        16.8344  DIHED      =        35.9733
 1-4 NB =         4.4666  1-4 EEL =       118.2065  VDWAALS    =        -4.1628
 EELEC  =      -148.8396  EGB     =       -23.1828  RESTRAINT  =         0.1593
 ESURF=         1.9088
 EAMBER (non-restraint)  =         6.0475
 ------------------------------------------------------------------------------

 NMR restraints: Bond =    0.000   Angle =     0.000   Torsion =     0.159
===============================================================================

 NSTEP =   365000   TIME(PS) =    2730.000  TEMP(K) =   364.40  PRESS =     0.0
 Etot   =        36.0429  EKtot   =        28.6035  EPtot      =         7.4394
 BOND   =         4.0640  ANGLE   =        20.6983  DIHED      =        34.2352
 1-4 NB =         4.0298  1-4 EEL =       117.0742  VDWAALS    =        -3.9561
 EELEC  =      -147.7044  EGB     =       -23.2481  RESTRAINT  =         0.3404
 ESURF=         1.9060
 EAMBER (non-restraint)  =         7.0990
 ------------------------------------------------------------------------------

 NMR restraints: Bond =    0.000   Angle =     0.000   Torsion =     0.340
===============================================================================
| RE_POSITION Moving by  -1.752287  4.049641  6.398983

 NSTEP =   370000   TIME(PS) =    2740.000  TEMP(K) =   267.77  PRESS =     0.0
 Etot   =        24.9150  EKtot   =        21.0182  EPtot      =         3.8968
 BOND   =         5.2975  ANGLE   =        13.2544  DIHED      =        36.1378
 1-4 NB =         5.1925  1-4 EEL =       107.1511  VDWAALS    =        -4.1580
 EELEC  =      -138.6435  EGB     =       -22.4881  RESTRAINT  =         0.2441
 ESURF=         1.9091
 EAMBER (non-restraint)  =         3.6527
 ------------------------------------------------------------------------------

 NMR restraints: Bond =    0.000   Angle =     0.000   Torsion =     0.244
===============================================================================

 NSTEP =   375000   TIME(PS) =    2750.000  TEMP(K) =   249.98  PRESS =     0.0
 Etot   =        35.4504  EKtot   =        19.6218  EPtot      =        15.8287
 BOND   =         7.0814  ANGLE   =        17.9114  DIHED      =        41.5905
 1-4 NB =         5.5464  1-4 EEL =       112.3054  VDWAALS    =        -5.5361
 EELEC  =      -145.7200  EGB     =       -20.2929  RESTRAINT  =         1.0834
 ESURF=         1.8591
 EAMBER (non-restraint)  =        14.7452
 ------------------------------------------------------------------------------

 NMR restraints: Bond =    0.000   Angle =     0.000   Torsion =     1.083
===============================================================================
| RE_POSITION Moving by   0.507023 -2.212245  3.054128

 NSTEP =   380000   TIME(PS) =    2760.000  TEMP(K) =   273.79  PRESS =     0.0
 Etot   =        28.9866  EKtot   =        21.4907  EPtot      =         7.4958
 BOND   =         8.5397  ANGLE   =        15.8928  DIHED      =        35.5927
 1-4 NB =         4.1943  1-4 EEL =       108.7538  VDWAALS    =        -4.7352
 EELEC  =      -141.7266  EGB     =       -21.5001  RESTRAINT  =         0.6258
 ESURF=         1.8586
 EAMBER (non-restraint)  =         6.8700
 ------------------------------------------------------------------------------

 NMR restraints: Bond =    0.000   Angle =     0.000   Torsion =     0.626
===============================================================================

 NSTEP =   385000   TIME(PS) =    2770.000  TEMP(K) =   313.52  PRESS =     0.0
 Etot   =        25.2415  EKtot   =        24.6098  EPtot      =         0.6317
 BOND   =         2.4927  ANGLE   =        15.2034  DIHED      =        34.3947
 1-4 NB =         5.8444  1-4 EEL =       106.7388  VDWAALS    =        -4.9260
 EELEC  =      -138.5792  EGB     =       -22.8171  RESTRAINT  =         0.3548
 ESURF=         1.9252
 EAMBER (non-restraint)  =         0.2769
 ------------------------------------------------------------------------------

 NMR restraints: Bond =    0.000   Angle =     0.000   Torsion =     0.355
===============================================================================
| RE_POSITION Moving by  -2.139230 -2.902567 -3.981556

 NSTEP =   390000   TIME(PS) =    2780.000  TEMP(K) =   286.47  PRESS =     0.0
 Etot   =        30.8962  EKtot   =        22.4860  EPtot      =         8.4103
 BOND   =         6.4642  ANGLE   =        16.1870  DIHED      =        35.1630
 1-4 NB =         5.7733  1-4 EEL =       111.2377  VDWAALS    =        -4.4269
 EELEC  =      -145.1254  EGB     =       -19.1255  RESTRAINT  =         0.4395
 ESURF=         1.8235
 EAMBER (non-restraint)  =         7.9708
 ------------------------------------------------------------------------------

 NMR restraints: Bond =    0.000   Angle =     0.000   Torsion =     0.439
===============================================================================

 NSTEP =   395000   TIME(PS) =    2790.000  TEMP(K) =   432.19  PRESS =     0.0
 Etot   =        40.0073  EKtot   =        33.9243  EPtot      =         6.0830
 BOND   =         3.4120  ANGLE   =        15.5123  DIHED      =        37.7112
 1-4 NB =         5.3892  1-4 EEL =       107.3419  VDWAALS    =        -3.1249
 EELEC  =      -138.4830  EGB     =       -23.7555  RESTRAINT  =         0.0821
 ESURF=         1.9978
 EAMBER (non-restraint)  =         6.0009
 ------------------------------------------------------------------------------

 NMR restraints: Bond =    0.000   Angle =     0.000   Torsion =     0.082
===============================================================================
| RE_POSITION Moving by  -7.030539  5.664155  0.518150

 NSTEP =   400000   TIME(PS) =    2800.000  TEMP(K) =   320.60  PRESS =     0.0
 Etot   =        34.0629  EKtot   =        25.1648  EPtot      =         8.8980
 BOND   =         7.8311  ANGLE   =        19.5989  DIHED      =        37.0413
 1-4 NB =         3.8764  1-4 EEL =       114.5731  VDWAALS    =        -5.4078
 EELEC  =      -149.3209  EGB     =       -21.3136  RESTRAINT  =         0.1805
 ESURF=         1.8389
 EAMBER (non-restraint)  =         8.7175
 ------------------------------------------------------------------------------

 NMR restraints: Bond =    0.000   Angle =     0.000   Torsion =     0.181
===============================================================================

 NSTEP =   405000   TIME(PS) =    2810.000  TEMP(K) =   345.63  PRESS =     0.0
 Etot   =        27.6669  EKtot   =        27.1302  EPtot      =         0.5367
 BOND   =         3.0315  ANGLE   =        13.6191  DIHED      =        34.7948
 1-4 NB =         5.6731  1-4 EEL =       116.3716  VDWAALS    =        -4.3600
 EELEC  =      -149.2327  EGB     =       -21.2596  RESTRAINT  =         0.0469
 ESURF=         1.8520
 EAMBER (non-restraint)  =         0.4897
 ------------------------------------------------------------------------------

 NMR restraints: Bond =    0.000   Angle =     0.000   Torsion =     0.047
===============================================================================
| RE_POSITION Moving by   2.857779  1.015483  0.816669

 NSTEP =   410000   TIME(PS) =    2820.000  TEMP(K) =   270.39  PRESS =     0.0
 Etot   =        33.5896  EKtot   =        21.2242  EPtot      =        12.3654
 BOND   =         8.0164  ANGLE   =        16.3191  DIHED      =        39.6892
 1-4 NB =         4.5098  1-4 EEL =       112.0325  VDWAALS    =        -3.9979
 EELEC  =      -142.8867  EGB     =       -23.2793  RESTRAINT  =         0.0004
 ESURF=         1.9620
 EAMBER (non-restraint)  =        12.3650
 ------------------------------------------------------------------------------

 NMR restraints: Bond =    0.000   Angle =     0.000   Torsion =     0.000
===============================================================================

 NSTEP =   415000   TIME(PS) =    2830.000  TEMP(K) =   253.62  PRESS =     0.0
 Etot   =        26.4675  EKtot   =        19.9077  EPtot      =         6.5598
 BOND   =         4.6947  ANGLE   =        16.5305  DIHED      =        35.6131
 1-4 NB =         3.2933  1-4 EEL =       104.8742  VDWAALS    =        -3.9985
 EELEC  =      -135.3717  EGB     =       -24.5159  RESTRAINT  =         3.4797
 ESURF=         1.9605
 EAMBER (non-restraint)  =         3.0801
 ------------------------------------------------------------------------------

 NMR restraints: Bond =    0.000   Angle =     0.000   Torsion =     3.480
===============================================================================
| RE_POSITION Moving by  -6.016652 -0.324232  5.466801

 NSTEP =   420000   TIME(PS) =    2840.000  TEMP(K) =   237.50  PRESS =     0.0
 Etot   =        25.6561  EKtot   =        18.6422  EPtot      =         7.0139
 BOND   =         4.8054  ANGLE   =        12.9279  DIHED      =        36.5560
 1-4 NB =         7.1380  1-4 EEL =       109.8299  VDWAALS    =        -2.8285
 EELEC  =      -141.4388  EGB     =       -22.3518  RESTRAINT  =         0.4481
 ESURF=         1.9276
 EAMBER (non-restraint)  =         6.5658
 ------------------------------------------------------------------------------

 NMR restraints: Bond =    0.000   Angle =     0.000   Torsion =     0.448
===============================================================================

 NSTEP =   425000   TIME(PS) =    2850.000  TEMP(K) =   269.26  PRESS =     0.0
 Etot   =        24.4214  EKtot   =        21.1356  EPtot      =         3.2859
 BOND   =         7.3790  ANGLE   =        11.8148  DIHED      =        36.9267
 1-4 NB =         4.2495  1-4 EEL =       114.3181  VDWAALS    =        -4.6419
 EELEC  =      -147.4744  EGB     =       -22.8430  RESTRAINT  =         1.6799
 ESURF=         1.8772
 EAMBER (non-restraint)  =         1.6059
 ------------------------------------------------------------------------------

 NMR restraints: Bond =    0.000   Angle =     0.000   Torsion =     1.680
===============================================================================
| RE_POSITION Moving by  -7.154951 -0.882911 -4.672382

 NSTEP =   430000   TIME(PS) =    2860.000  TEMP(K) =   356.65  PRESS =     0.0
 Etot   =        33.4824  EKtot   =        27.9949  EPtot      =         5.4875
 BOND   =         2.0982  ANGLE   =        17.8182  DIHED      =        38.6101
 1-4 NB =         4.4690  1-4 EEL =       113.5990  VDWAALS    =        -4.1225
 EELEC  =      -148.0426  EGB     =       -20.8969  RESTRAINT  =         0.1196
 ESURF=         1.8353
 EAMBER (non-restraint)  =         5.3679
 ------------------------------------------------------------------------------

 NMR restraints: Bond =    0.000   Angle =     0.000   Torsion =     0.120
===============================================================================

 NSTEP =   435000   TIME(PS) =    2870.000  TEMP(K) =   268.75  PRESS =     0.0
 Etot   =        26.2800  EKtot   =        21.0955  EPtot      =         5.1845
 BOND   =         8.0268  ANGLE   =        11.4056  DIHED      =        36.7152
 1-4 NB =         5.5518  1-4 EEL =       111.5494  VDWAALS    =        -4.2950
 EELEC  =      -144.4508  EGB     =       -21.5592  RESTRAINT  =         0.2934
 ESURF=         1.9474
 EAMBER (non-restraint)  =         4.8911
 ------------------------------------------------------------------------------

 NMR restraints: Bond =    0.000   Angle =     0.000   Torsion =     0.293
===============================================================================
| RE_POSITION Moving by  -3.404085  0.873061  1.409723

 NSTEP =   440000   TIME(PS) =    2880.000  TEMP(K) =   323.77  PRESS =     0.0
 Etot   =        36.9939  EKtot   =        25.4140  EPtot      =        11.5798
 BOND   =         4.8528  ANGLE   =        22.1199  DIHED      =        34.3769
 1-4 NB =         5.6579  1-4 EEL =       120.4421  VDWAALS    =        -4.9669
 EELEC  =      -150.8999  EGB     =       -22.0503  RESTRAINT  =         0.1566
 ESURF=         1.8906
 EAMBER (non-restraint)  =        11.4232
 ------------------------------------------------------------------------------

 NMR restraints: Bond =    0.000   Angle =     0.000   Torsion =     0.157
===============================================================================

 NSTEP =   445000   TIME(PS) =    2890.000  TEMP(K) =   322.03  PRESS =     0.0
 Etot   =        31.9778  EKtot   =        25.2778  EPtot      =         6.7001
 BOND   =         3.6740  ANGLE   =        16.5209  DIHED      =        39.2270
 1-4 NB =         3.5650  1-4 EEL =       106.6049  VDWAALS    =        -4.4366
 EELEC  =      -136.4982  EGB     =       -24.6710  RESTRAINT  =         0.7523
 ESURF=         1.9615
 EAMBER (non-restraint)  =         5.9477
 ------------------------------------------------------------------------------

 NMR restraints: Bond =    0.000   Angle =     0.000   Torsion =     0.752
===============================================================================
| RE_POSITION Moving by  -0.324521 -1.152503  4.194392

 NSTEP =   450000   TIME(PS) =    2900.000  TEMP(K) =   330.51  PRESS =     0.0
 Etot   =        30.5281  EKtot   =        25.9434  EPtot      =         4.5847
 BOND   =         6.0816  ANGLE   =        14.4647  DIHED      =        35.9312
 1-4 NB =         5.1907  1-4 EEL =       108.5334  VDWAALS    =        -4.4189
 EELEC  =      -142.9066  EGB     =       -20.3276  RESTRAINT  =         0.1576
 ESURF=         1.8785
 EAMBER (non-restraint)  =         4.4271
 ------------------------------------------------------------------------------

 NMR restraints: Bond =    0.000   Angle =     0.000   Torsion =     0.158
===============================================================================

 NSTEP =   455000   TIME(PS) =    2910.000  TEMP(K) =   262.10  PRESS =     0.0
 Etot   =        25.7813  EKtot   =        20.5733  EPtot      =         5.2080
 BOND   =         7.1876  ANGLE   =        16.3421  DIHED      =        34.6523
 1-4 NB =         4.3228  1-4 EEL =       117.4138  VDWAALS    =        -4.8973
 EELEC  =      -150.5685  EGB     =       -21.4136  RESTRAINT  =         0.2701
 ESURF=         1.8989
 EAMBER (non-restraint)  =         4.9380
 ------------------------------------------------------------------------------

 NMR restraints: Bond =    0.000   Angle =     0.000   Torsion =     0.270
===============================================================================
| RE_POSITION Moving by   2.954709 -3.996665 -0.779997

 NSTEP =   460000   TIME(PS) =    2920.000  TEMP(K) =   203.99  PRESS =     0.0
 Etot   =        25.3254  EKtot   =        16.0119  EPtot      =         9.3135
 BOND   =         5.1057  ANGLE   =        19.0971  DIHED      =        37.9083
 1-4 NB =         3.7828  1-4 EEL =       109.1793  VDWAALS    =        -4.2661
 EELEC  =      -140.8413  EGB     =       -22.6242  RESTRAINT  =         0.0031
 ESURF=         1.9687
 EAMBER (non-restraint)  =         9.3104
 ------------------------------------------------------------------------------

 NMR restraints: Bond =    0.000   Angle =     0.000   Torsion =     0.003
===============================================================================

 NSTEP =   465000   TIME(PS) =    2930.000  TEMP(K) =   327.06  PRESS =     0.0
 Etot   =        31.4162  EKtot   =        25.6724  EPtot      =         5.7438
 BOND   =         7.3020  ANGLE   =        11.7736  DIHED      =        39.2966
 1-4 NB =         3.3538  1-4 EEL =       115.5521  VDWAALS    =        -4.8861
 EELEC  =      -145.2495  EGB     =       -23.4978  RESTRAINT  =         0.1800
 ESURF=         1.9191
 EAMBER (non-restraint)  =         5.5638
 ------------------------------------------------------------------------------

 NMR restraints: Bond =    0.000   Angle =     0.000   Torsion =     0.180
===============================================================================
| RE_POSITION Moving by   3.175225 -1.318213 -9.607494

 NSTEP =   470000   TIME(PS) =    2940.000  TEMP(K) =   367.52  PRESS =     0.0
 Etot   =        35.8054  EKtot   =        28.8480  EPtot      =         6.9574
 BOND   =         4.1978  ANGLE   =        19.9218  DIHED      =        36.5345
 1-4 NB =         5.6613  1-4 EEL =       116.9839  VDWAALS    =        -4.7386
 EELEC  =      -151.2999  EGB     =       -22.2314  RESTRAINT  =         0.0465
 ESURF=         1.8813
 EAMBER (non-restraint)  =         6.9109
 ------------------------------------------------------------------------------

 NMR restraints: Bond =    0.000   Angle =     0.000   Torsion =     0.046
===============================================================================

 NSTEP =   475000   TIME(PS) =    2950.000  TEMP(K) =   292.21  PRESS =     0.0
 Etot   =        28.4635  EKtot   =        22.9364  EPtot      =         5.5271
 BOND   =         4.8142  ANGLE   =        13.8277  DIHED      =        37.3439
 1-4 NB =         4.9178  1-4 EEL =       115.4411  VDWAALS    =        -4.0536
 EELEC  =      -149.5393  EGB     =       -19.5538  RESTRAINT  =         0.4575
 ESURF=         1.8716
 EAMBER (non-restraint)  =         5.0696
 ------------------------------------------------------------------------------

 NMR restraints: Bond =    0.000   Angle =     0.000   Torsion =     0.457
===============================================================================
| RE_POSITION Moving by  -0.586097  7.923382  1.139877

 NSTEP =   480000   TIME(PS) =    2960.000  TEMP(K) =   325.99  PRESS =     0.0
 Etot   =        32.5049  EKtot   =        25.5884  EPtot      =         6.9165
 BOND   =         6.4341  ANGLE   =        15.2151  DIHED      =        36.5914
 1-4 NB =         4.6193  1-4 EEL =       109.0968  VDWAALS    =        -3.9325
 EELEC  =      -142.6516  EGB     =       -20.6459  RESTRAINT  =         0.2941
 ESURF=         1.8958
 EAMBER (non-restraint)  =         6.6225
 ------------------------------------------------------------------------------

 NMR restraints: Bond =    0.000   Angle =     0.000   Torsion =     0.294
===============================================================================

 NSTEP =   485000   TIME(PS) =    2970.000  TEMP(K) =   303.40  PRESS =     0.0
 Etot   =        28.9182  EKtot   =        23.8149  EPtot      =         5.1033
 BOND   =         6.3738  ANGLE   =        14.3404  DIHED      =        38.4615
 1-4 NB =         4.1630  1-4 EEL =       114.2213  VDWAALS    =        -4.6335
 EELEC  =      -145.6740  EGB     =       -24.0354  RESTRAINT  =         0.0027
 ESURF=         1.8836
 EAMBER (non-restraint)  =         5.1006
 ------------------------------------------------------------------------------

 NMR restraints: Bond =    0.000   Angle =     0.000   Torsion =     0.003
===============================================================================
| RE_POSITION Moving by  -2.705671 -3.089748 -3.481591

 NSTEP =   490000   TIME(PS) =    2980.000  TEMP(K) =   274.55  PRESS =     0.0
 Etot   =        30.3383  EKtot   =        21.5504  EPtot      =         8.7879
 BOND   =         4.0045  ANGLE   =        18.6271  DIHED      =        37.5487
 1-4 NB =         5.8982  1-4 EEL =       107.3761  VDWAALS    =        -3.6328
 EELEC  =      -136.2126  EGB     =       -26.7978  RESTRAINT  =         0.0000
 ESURF=         1.9764
 EAMBER (non-restraint)  =         8.7879
 ------------------------------------------------------------------------------

 NMR restraints: Bond =    0.000   Angle =     0.000   Torsion =     0.000
===============================================================================

 NSTEP =   495000   TIME(PS) =    2990.000  TEMP(K) =   326.23  PRESS =     0.0
 Etot   =        28.1312  EKtot   =        25.6070  EPtot      =         2.5242
 BOND   =         7.0116  ANGLE   =        11.6171  DIHED      =        38.1574
 1-4 NB =         3.2168  1-4 EEL =       119.6656  VDWAALS    =        -4.1227
 EELEC  =      -149.4981  EGB     =       -25.4775  RESTRAINT  =         0.0250
 ESURF=         1.9291
 EAMBER (non-restraint)  =         2.4993
 ------------------------------------------------------------------------------

 NMR restraints: Bond =    0.000   Angle =     0.000   Torsion =     0.025
===============================================================================
| RE_POSITION Moving by  -5.950725  2.639861  3.673223

 NSTEP =   500000   TIME(PS) =    3000.000  TEMP(K) =   230.34  PRESS =     0.0
 Etot   =        26.5532  EKtot   =        18.0806  EPtot      =         8.4726
 BOND   =         4.5215  ANGLE   =        19.2141  DIHED      =        38.5002
 1-4 NB =         3.5171  1-4 EEL =       108.5860  VDWAALS    =        -3.8759
 EELEC  =      -139.1123  EGB     =       -24.9657  RESTRAINT  =         0.0550
 ESURF=         2.0326
 EAMBER (non-restraint)  =         8.4176
 ------------------------------------------------------------------------------

 NMR restraints: Bond =    0.000   Angle =     0.000   Torsion =     0.055
===============================================================================

      A V E R A G E S   O V E R  500000 S T E P S


 NSTEP =   500000   TIME(PS) =    3000.000  TEMP(K) =   300.78  PRESS =     0.0
 Etot   =        30.1184  EKtot   =        23.6095  EPtot      =         6.5089
 BOND   =         5.3679  ANGLE   =        15.7397  DIHED      =        37.0014
 1-4 NB =         4.7071  1-4 EEL =       115.0115  VDWAALS    =        -3.8870
 EELEC  =      -145.7894  EGB     =       -24.0547  RESTRAINT  =         0.4739
 ESURF=         1.9384
 EAMBER (non-restraint)  =         6.0350
 ------------------------------------------------------------------------------

 NMR restraints: Bond =    0.000   Angle =     0.000   Torsion =     0.055
===============================================================================

      R M S  F L U C T U A T I O N S


 NSTEP =   500000   TIME(PS) =    3000.000  TEMP(K) =    48.07  PRESS =     0.0
 Etot   =         5.3974  EKtot   =         3.7736  EPtot      =         3.7995
 BOND   =         1.9694  ANGLE   =         3.2869  DIHED      =         1.9322
 1-4 NB =         0.9717  1-4 EEL =         5.4598  VDWAALS    =         0.7973
 EELEC  =         5.6216  EGB     =         2.0188  RESTRAINT  =         0.6381
 ESURF=         0.0473
 EAMBER (non-restraint)  =         3.1614
 ------------------------------------------------------------------------------


 NMR restraints on final step:


--------------------------------------------------------------------------------
   5.  TIMINGS
--------------------------------------------------------------------------------

|>>>>>>>>PROFILE of Average TIMES>>>>>>>>> 
|                Calc gb radii             27.79 ( 7.97% of Gen B)
|                Communicate gb radii     220.21 (63.16% of Gen B)
|                Calc gb diag              39.52 (11.34% of Gen B)
|                Calc gb off-diag          25.53 ( 7.32% of Gen B)
|                Surface area energy       34.89 (10.01% of Gen B)
|                Other                      0.70 ( 0.20% of Gen B)
|             Gen Born time            348.64 (100.0% of Nonbo)
|             IPS excludes               0.08 ( 0.02% of Nonbo)
|          Nonbond force            348.72 (29.18% of Force)
|          Bond/Angle/Dihedral       12.33 ( 1.03% of Force)
|          FRC Collect time         603.74 (50.52% of Force)
|          Other                    230.22 (19.27% of Force)
|       Force time              1195.02 (78.27% of Runmd)
|       Shake time                 1.65 ( 0.11% of Runmd)
|       Verlet update time       260.01 (17.03% of Runmd)
|       CRD distribute time       69.01 ( 4.52% of Runmd)
|       Other                      1.11 ( 0.07% of Runmd)
|    Runmd Time              1526.79 (100.0% of Total)
|    Other                      0.22 ( 0.01% of Total)
| Total time              1527.01 (100.0% of ALL  )

| Number of list builds   :          0

| Highest rstack allocated:          0
| Highest istack allocated:          0

| Final Performance Info:
| -----------------------------------------------------
| Average timings for all steps:
|     Elapsed(s) =    1526.79 Per Step(ms) =       3.05
|         ns/day =      56.59   seconds/ns =    1526.79
| -----------------------------------------------------

|           Job began  at 20:31:41.691  on 04/27/2013
|           Setup done at 20:31:41.910  on 04/27/2013
|           Run   done at 20:57:08.702  on 04/27/2013
|     wallclock() was called18500113 times
