
          -------------------------------------------------------
          Amber 12 SANDER                              2012
          -------------------------------------------------------

| Run on 04/27/2013 at 20:31:41
  [-O]verwriting output

File Assignments:
|  MDIN: run_72.in                                                             
| MDOUT: run_72.out                                                            
|INPCRD: ../eq2/run_72.rst                                                     
|  PARM: parm                                                                  
|RESTRT: run_72.rst                                                            
|  REFC: refc                                                                  
| MDVEL: mdvel                                                                 
|  MDEN: mden                                                                  
| MDCRD: run_72.nc                                                             
|MDINFO: mdinfo                                                                
|  MTMD: mtmd                                                                  
|INPDIP: inpdip                                                                
|RSTDIP: rstdip                                                                

|INPTRA: inptraj                                                               
|
 
 Here is the input file:
 
equilibration with restraint                                                   
 &cntrl                                                                        
   ig=535659,                                                                  
   irest=1, ntx=5,                                                             
   igb=8, gbsa=1,                                                              
   cut=9999.0, rgbmax=9998.0,                                                  
   ntc=2, ntf=1, tol=0.000001,                                                 
   ntt=3, gamma_ln=2.0, tempi=0.1,                                             
   ntb=0, nscm=10000,                                                          
   ioutfm=1,                                                                   
   nstlim=500000, dt=0.002,                                                    
   ntpr=5000, ntwx=5000, ntwv=0, ntwr=500000,                                  
   nmropt=1,                                                                   
 /                                                                             
 &wt                                                                           
  type='DUMPFREQ', istep1=5000,                                                
 /                                                                             
 &wt                                                                           
  type='END',                                                                  
 /                                                                             
DISANG=run_72.disang                                                           
DUMPAVE=run_72.dat                                                             
                                                                               

--------------------------------------------------------------------------------
   1.  RESOURCE   USE: 
--------------------------------------------------------------------------------

| Flags: MPI                                                                    
| New format PARM file being parsed.
| Version =    1.000 Date = 04/27/13 Time = 01:42:54
 NATOM  =      32 NTYPES =       7 NBONH =      17 MBONA  =      14
 NTHETH =      36 MTHETA =      18 NPHIH =      64 MPHIA  =      45
 NHPARM =       0 NPARM  =       0 NNB   =     152 NRES   =       4
 NBONA  =      14 NTHETA =      18 NPHIA =      45 NUMBND =      11
 NUMANG =      21 NPTRA  =      20 NATYP =       8 NPHB   =       0
 IFBOX  =       0 NMXRS  =      10 IFCAP =       0 NEXTRA =       0
 NCOPY  =       0

 Implicit solvent radii are ArgH and AspGluO modified Bondi2 radii (mbondi3)                                
 Replacing prmtop screening parameters with GBn2 (igb=8) values

|     Memory Use     Allocated
|     Real                2310
|     Hollerith            102
|     Integer            23012
|     Max Pairs              1
|     nblistReal             0
|     nblist Int             0
|       Total              108 kbytes

| Note: 1-4 EEL scale factors are being read from the topology file.

| Note: 1-4 VDW scale factors are being read from the topology file.
| Duplicated    0 dihedrals
| Duplicated    0 dihedrals

--------------------------------------------------------------------------------
   2.  CONTROL  DATA  FOR  THE  RUN
--------------------------------------------------------------------------------

ACE                                                                             

General flags:
     imin    =       0, nmropt  =       1

Nature and format of input:
     ntx     =       5, irest   =       1, ntrx    =       1

Nature and format of output:
     ntxo    =       1, ntpr    =    5000, ntrx    =       1, ntwr    =  500000
     iwrap   =       0, ntwx    =    5000, ntwv    =       0, ntwe    =       0
     ioutfm  =       1, ntwprt  =       0, idecomp =       0, rbornstat=      0

Potential function:
     ntf     =       1, ntb     =       0, igb     =       8, nsnb    =      25
     ipol    =       0, gbsa    =       1, iesp    =       0
     dielc   =   1.00000, cut     =9999.00000, intdiel =   1.00000
     saltcon =   0.00000, offset  =   0.19514, surften =   0.00500
     rdt     =   0.00000, rgbmax  =9998.00000  extdiel =  78.50000
     alpb  =        0
     gbalphaH  =   0.78844, gbbetaH   =   0.79870,  gbgammaH  =    0.43733
     gbalphaC  =   0.73376, gbbetaC   =   0.50638,  gbgammaC  =    0.20584
     gbalphaN  =   0.50336, gbbetaN   =   0.31683,  gbgammaN  =    0.19292
     gbalphaOS =   0.86781, gbbetaOS  =   0.87664,  gbgammaOS =    0.38788
     gbalphaP  =   1.00000, gbbetaP   =   0.80000,  gbgammaP  =    4.85100

Frozen or restrained atoms:
     ibelly  =       0, ntr     =       0

Molecular dynamics:
     nstlim  =    500000, nscm    =     10000, nrespa  =         1
     t       =   0.00000, dt      =   0.00200, vlimit  =  20.00000

Langevin dynamics temperature regulation:
     ig      =  535659
     temp0   = 300.00000, tempi   =   0.10000, gamma_ln=   2.00000

SHAKE:
     ntc     =       2, jfastw  =       0
     tol     =   0.00000

NMR refinement options:
     iscale  =       0, noeskp  =       1, ipnlty  =       1, mxsub   =       1
     scalm   = 100.00000, pencut  =   0.10000, tausw   =   0.10000

| MPI Timing options:
|      profile_mpi =        0
|  INFO: Old style inpcrd file read


--------------------------------------------------------------------------------
   3.  ATOMIC COORDINATES AND VELOCITIES
--------------------------------------------------------------------------------

ACE                                                                             
 begin time read from input coords =  2000.000 ps



           Begin reading energy term weight changes/NMR restraints
 WEIGHT CHANGES:
 DUMPFREQ   5000      0    0.000000    0.000000      0      0
                         ** No weight changes given **

 RESTRAINTS:
 Requested file redirections:
  DISANG    = run_72.disang
  DUMPAVE   = run_72.dat
 Restraints will be read from file: run_72.disang
Here are comments from the DISANG input file:

                       Number of restraints read =     1

                  Done reading weight changes/NMR restraints


 Number of triangulated 3-point waters found:        0
|  Atom division among processors:
|         0      16      32
|  Running AMBER/MPI version on    2 nodes


--------------------------------------------------------------------------------
   4.  RESULTS
--------------------------------------------------------------------------------

|  # of SOLUTE  degrees of freedom (RNDFP):      79.
|  # of SOLVENT degrees of freedom (RNDFS):       0.
|  NDFMIN =      79.     NUM_NOSHAKE =      0     CORRECTED RNDFP =      79.
|  TOTAL # of degrees of freedom (RNDF) =      79.

 NSTEP =     5000   TIME(PS) =    2010.000  TEMP(K) =   312.51  PRESS =     0.0
 Etot   =        30.4797  EKtot   =        24.5303  EPtot      =         5.9494
 BOND   =         4.6187  ANGLE   =        19.5756  DIHED      =        35.6270
 1-4 NB =         4.6083  1-4 EEL =       109.7306  VDWAALS    =        -4.2435
 EELEC  =      -146.1972  EGB     =       -19.7051  RESTRAINT  =         0.0049
 ESURF=         1.9300
 EAMBER (non-restraint)  =         5.9445
 ------------------------------------------------------------------------------

 NMR restraints: Bond =    0.000   Angle =     0.000   Torsion =     0.005
===============================================================================
| RE_POSITION Moving by  -0.484681 -4.460931  1.941078

 NSTEP =    10000   TIME(PS) =    2020.000  TEMP(K) =   315.40  PRESS =     0.0
 Etot   =        29.0149  EKtot   =        24.7567  EPtot      =         4.2583
 BOND   =         7.0449  ANGLE   =        13.9602  DIHED      =        36.9680
 1-4 NB =         4.3777  1-4 EEL =       107.6237  VDWAALS    =        -5.0551
 EELEC  =      -138.5572  EGB     =       -24.1733  RESTRAINT  =         0.1821
 ESURF=         1.8873
 EAMBER (non-restraint)  =         4.0762
 ------------------------------------------------------------------------------

 NMR restraints: Bond =    0.000   Angle =     0.000   Torsion =     0.182
===============================================================================

 NSTEP =    15000   TIME(PS) =    2030.000  TEMP(K) =   226.08  PRESS =     0.0
 Etot   =        29.5030  EKtot   =        17.7456  EPtot      =        11.7574
 BOND   =         4.1681  ANGLE   =        22.9096  DIHED      =        34.1211
 1-4 NB =         5.8452  1-4 EEL =       107.5155  VDWAALS    =        -3.2619
 EELEC  =      -137.9272  EGB     =       -23.6190  RESTRAINT  =         0.0969
 ESURF=         1.9090
 EAMBER (non-restraint)  =        11.6605
 ------------------------------------------------------------------------------

 NMR restraints: Bond =    0.000   Angle =     0.000   Torsion =     0.097
===============================================================================
| RE_POSITION Moving by  -3.098089  2.359631  1.900444

 NSTEP =    20000   TIME(PS) =    2040.000  TEMP(K) =   285.92  PRESS =     0.0
 Etot   =        24.5815  EKtot   =        22.4430  EPtot      =         2.1386
 BOND   =         5.0256  ANGLE   =        14.2315  DIHED      =        31.4329
 1-4 NB =         7.3956  1-4 EEL =       109.3053  VDWAALS    =        -3.3330
 EELEC  =      -139.1109  EGB     =       -24.7088  RESTRAINT  =         0.0043
 ESURF=         1.8961
 EAMBER (non-restraint)  =         2.1343
 ------------------------------------------------------------------------------

 NMR restraints: Bond =    0.000   Angle =     0.000   Torsion =     0.004
===============================================================================

 NSTEP =    25000   TIME(PS) =    2050.000  TEMP(K) =   271.31  PRESS =     0.0
 Etot   =        23.2322  EKtot   =        21.2959  EPtot      =         1.9364
 BOND   =         5.4862  ANGLE   =         9.9582  DIHED      =        35.8649
 1-4 NB =         6.7378  1-4 EEL =       112.7805  VDWAALS    =        -5.3895
 EELEC  =      -141.3511  EGB     =       -24.0989  RESTRAINT  =         0.0961
 ESURF=         1.8521
 EAMBER (non-restraint)  =         1.8403
 ------------------------------------------------------------------------------

 NMR restraints: Bond =    0.000   Angle =     0.000   Torsion =     0.096
===============================================================================
| RE_POSITION Moving by   0.755035  1.259754 -1.585310

 NSTEP =    30000   TIME(PS) =    2060.000  TEMP(K) =   310.98  PRESS =     0.0
 Etot   =        34.8074  EKtot   =        24.4102  EPtot      =        10.3973
 BOND   =         9.6076  ANGLE   =        20.7865  DIHED      =        34.0224
 1-4 NB =         4.3687  1-4 EEL =       107.5864  VDWAALS    =        -4.4052
 EELEC  =      -139.2701  EGB     =       -24.2261  RESTRAINT  =         0.0137
 ESURF=         1.9134
 EAMBER (non-restraint)  =        10.3836
 ------------------------------------------------------------------------------

 NMR restraints: Bond =    0.000   Angle =     0.000   Torsion =     0.014
===============================================================================

 NSTEP =    35000   TIME(PS) =    2070.000  TEMP(K) =   318.94  PRESS =     0.0
 Etot   =        28.8326  EKtot   =        25.0346  EPtot      =         3.7979
 BOND   =         7.8828  ANGLE   =        11.3411  DIHED      =        36.0665
 1-4 NB =         5.3991  1-4 EEL =       113.9782  VDWAALS    =        -3.4681
 EELEC  =      -148.8862  EGB     =       -21.3433  RESTRAINT  =         0.9275
 ESURF=         1.9003
 EAMBER (non-restraint)  =         2.8704
 ------------------------------------------------------------------------------

 NMR restraints: Bond =    0.000   Angle =     0.000   Torsion =     0.928
===============================================================================
| RE_POSITION Moving by   0.627670  1.875556 -0.810950

 NSTEP =    40000   TIME(PS) =    2080.000  TEMP(K) =   314.60  PRESS =     0.0
 Etot   =        27.8355  EKtot   =        24.6941  EPtot      =         3.1414
 BOND   =         3.9386  ANGLE   =        13.4841  DIHED      =        36.6886
 1-4 NB =         6.3427  1-4 EEL =       110.3977  VDWAALS    =        -4.6373
 EELEC  =      -144.1113  EGB     =       -20.9665  RESTRAINT  =         0.0800
 ESURF=         1.9249
 EAMBER (non-restraint)  =         3.0614
 ------------------------------------------------------------------------------

 NMR restraints: Bond =    0.000   Angle =     0.000   Torsion =     0.080
===============================================================================

 NSTEP =    45000   TIME(PS) =    2090.000  TEMP(K) =   267.42  PRESS =     0.0
 Etot   =        27.9032  EKtot   =        20.9910  EPtot      =         6.9122
 BOND   =         8.3491  ANGLE   =        14.3966  DIHED      =        35.6866
 1-4 NB =         4.7074  1-4 EEL =       110.5887  VDWAALS    =        -3.4245
 EELEC  =      -140.5291  EGB     =       -24.9027  RESTRAINT  =         0.0437
 ESURF=         1.9965
 EAMBER (non-restraint)  =         6.8685
 ------------------------------------------------------------------------------

 NMR restraints: Bond =    0.000   Angle =     0.000   Torsion =     0.044
===============================================================================
| RE_POSITION Moving by   4.897000 -4.147771 -0.329254

 NSTEP =    50000   TIME(PS) =    2100.000  TEMP(K) =   312.00  PRESS =     0.0
 Etot   =        34.3872  EKtot   =        24.4903  EPtot      =         9.8969
 BOND   =         2.9904  ANGLE   =        19.5576  DIHED      =        36.0095
 1-4 NB =         6.8626  1-4 EEL =       118.2174  VDWAALS    =        -2.2890
 EELEC  =      -151.5139  EGB     =       -21.8620  RESTRAINT  =         0.0226
 ESURF=         1.9017
 EAMBER (non-restraint)  =         9.8743
 ------------------------------------------------------------------------------

 NMR restraints: Bond =    0.000   Angle =     0.000   Torsion =     0.023
===============================================================================

 NSTEP =    55000   TIME(PS) =    2110.000  TEMP(K) =   291.94  PRESS =     0.0
 Etot   =        23.2155  EKtot   =        22.9157  EPtot      =         0.2998
 BOND   =         2.1458  ANGLE   =        16.2104  DIHED      =        35.9436
 1-4 NB =         4.3373  1-4 EEL =       110.6988  VDWAALS    =        -3.4524
 EELEC  =      -144.8606  EGB     =       -22.6894  RESTRAINT  =         0.0000
 ESURF=         1.9663
 EAMBER (non-restraint)  =         0.2998
 ------------------------------------------------------------------------------

 NMR restraints: Bond =    0.000   Angle =     0.000   Torsion =     0.000
===============================================================================
| RE_POSITION Moving by   2.545312 -9.288394 -8.013887

 NSTEP =    60000   TIME(PS) =    2120.000  TEMP(K) =   303.96  PRESS =     0.0
 Etot   =        25.2181  EKtot   =        23.8594  EPtot      =         1.3587
 BOND   =         2.5148  ANGLE   =        18.8853  DIHED      =        33.9053
 1-4 NB =         4.5092  1-4 EEL =       108.1172  VDWAALS    =        -3.9964
 EELEC  =      -139.5117  EGB     =       -25.0539  RESTRAINT  =         0.0134
 ESURF=         1.9756
 EAMBER (non-restraint)  =         1.3454
 ------------------------------------------------------------------------------

 NMR restraints: Bond =    0.000   Angle =     0.000   Torsion =     0.013
===============================================================================

 NSTEP =    65000   TIME(PS) =    2130.000  TEMP(K) =   244.86  PRESS =     0.0
 Etot   =        20.6412  EKtot   =        19.2197  EPtot      =         1.4215
 BOND   =         5.4258  ANGLE   =        13.3783  DIHED      =        33.5179
 1-4 NB =         4.8546  1-4 EEL =       109.4890  VDWAALS    =        -3.6274
 EELEC  =      -138.9088  EGB     =       -24.8560  RESTRAINT  =         0.1480
 ESURF=         2.0002
 EAMBER (non-restraint)  =         1.2736
 ------------------------------------------------------------------------------

 NMR restraints: Bond =    0.000   Angle =     0.000   Torsion =     0.148
===============================================================================
| RE_POSITION Moving by   1.194138 -2.504249 -0.905515

 NSTEP =    70000   TIME(PS) =    2140.000  TEMP(K) =   229.92  PRESS =     0.0
 Etot   =        14.2997  EKtot   =        18.0477  EPtot      =        -3.7479
 BOND   =         3.9766  ANGLE   =         9.4610  DIHED      =        35.9056
 1-4 NB =         4.9630  1-4 EEL =       112.7965  VDWAALS    =        -4.2483
 EELEC  =      -145.8049  EGB     =       -23.0466  RESTRAINT  =         0.3356
 ESURF=         1.9136
 EAMBER (non-restraint)  =        -4.0835
 ------------------------------------------------------------------------------

 NMR restraints: Bond =    0.000   Angle =     0.000   Torsion =     0.336
===============================================================================

 NSTEP =    75000   TIME(PS) =    2150.000  TEMP(K) =   362.11  PRESS =     0.0
 Etot   =        35.2125  EKtot   =        28.4233  EPtot      =         6.7893
 BOND   =         6.7442  ANGLE   =        17.4883  DIHED      =        36.2958
 1-4 NB =         4.3196  1-4 EEL =       109.9800  VDWAALS    =        -4.3165
 EELEC  =      -144.8497  EGB     =       -21.0807  RESTRAINT  =         0.2318
 ESURF=         1.9766
 EAMBER (non-restraint)  =         6.5575
 ------------------------------------------------------------------------------

 NMR restraints: Bond =    0.000   Angle =     0.000   Torsion =     0.232
===============================================================================
| RE_POSITION Moving by  14.089442 -0.749862-10.540567

 NSTEP =    80000   TIME(PS) =    2160.000  TEMP(K) =   258.77  PRESS =     0.0
 Etot   =        24.7135  EKtot   =        20.3118  EPtot      =         4.4017
 BOND   =         4.1427  ANGLE   =        17.7898  DIHED      =        31.4896
 1-4 NB =         6.3096  1-4 EEL =       108.9244  VDWAALS    =        -2.7035
 EELEC  =      -141.3755  EGB     =       -23.1397  RESTRAINT  =         0.9651
 ESURF=         1.9992
 EAMBER (non-restraint)  =         3.4366
 ------------------------------------------------------------------------------

 NMR restraints: Bond =    0.000   Angle =     0.000   Torsion =     0.965
===============================================================================

 NSTEP =    85000   TIME(PS) =    2170.000  TEMP(K) =   271.46  PRESS =     0.0
 Etot   =        27.5139  EKtot   =        21.3083  EPtot      =         6.2056
 BOND   =         7.5663  ANGLE   =        16.1617  DIHED      =        35.5977
 1-4 NB =         4.4049  1-4 EEL =       111.8797  VDWAALS    =        -3.9734
 EELEC  =      -145.9612  EGB     =       -21.7257  RESTRAINT  =         0.2820
 ESURF=         1.9736
 EAMBER (non-restraint)  =         5.9235
 ------------------------------------------------------------------------------

 NMR restraints: Bond =    0.000   Angle =     0.000   Torsion =     0.282
===============================================================================
| RE_POSITION Moving by  -0.357922  1.394131  2.597953

 NSTEP =    90000   TIME(PS) =    2180.000  TEMP(K) =   308.55  PRESS =     0.0
 Etot   =        26.9112  EKtot   =        24.2193  EPtot      =         2.6919
 BOND   =         2.8037  ANGLE   =        14.8755  DIHED      =        37.8067
 1-4 NB =         4.9719  1-4 EEL =       109.8404  VDWAALS    =        -4.4433
 EELEC  =      -143.8924  EGB     =       -21.2124  RESTRAINT  =         0.0007
 ESURF=         1.9412
 EAMBER (non-restraint)  =         2.6913
 ------------------------------------------------------------------------------

 NMR restraints: Bond =    0.000   Angle =     0.000   Torsion =     0.001
===============================================================================

 NSTEP =    95000   TIME(PS) =    2190.000  TEMP(K) =   332.67  PRESS =     0.0
 Etot   =        28.1031  EKtot   =        26.1123  EPtot      =         1.9908
 BOND   =         4.0124  ANGLE   =        19.1700  DIHED      =        34.1918
 1-4 NB =         4.3564  1-4 EEL =       104.7414  VDWAALS    =        -4.9767
 EELEC  =      -137.2397  EGB     =       -24.1854  RESTRAINT  =         0.0636
 ESURF=         1.8570
 EAMBER (non-restraint)  =         1.9271
 ------------------------------------------------------------------------------

 NMR restraints: Bond =    0.000   Angle =     0.000   Torsion =     0.064
===============================================================================
| RE_POSITION Moving by   6.223298 -0.422374 -2.281628

 NSTEP =   100000   TIME(PS) =    2200.000  TEMP(K) =   232.18  PRESS =     0.0
 Etot   =        23.9784  EKtot   =        18.2251  EPtot      =         5.7532
 BOND   =         5.5908  ANGLE   =        16.9987  DIHED      =        36.5751
 1-4 NB =         3.8210  1-4 EEL =       109.9154  VDWAALS    =        -3.5957
 EELEC  =      -138.1539  EGB     =       -27.8633  RESTRAINT  =         0.4590
 ESURF=         2.0062
 EAMBER (non-restraint)  =         5.2942
 ------------------------------------------------------------------------------

 NMR restraints: Bond =    0.000   Angle =     0.000   Torsion =     0.459
===============================================================================

 NSTEP =   105000   TIME(PS) =    2210.000  TEMP(K) =   324.39  PRESS =     0.0
 Etot   =        26.4504  EKtot   =        25.4627  EPtot      =         0.9877
 BOND   =         5.3107  ANGLE   =        10.9404  DIHED      =        36.2559
 1-4 NB =         3.7834  1-4 EEL =       115.4519  VDWAALS    =        -3.7159
 EELEC  =      -142.2904  EGB     =       -27.4247  RESTRAINT  =         0.7242
 ESURF=         1.9523
 EAMBER (non-restraint)  =         0.2635
 ------------------------------------------------------------------------------

 NMR restraints: Bond =    0.000   Angle =     0.000   Torsion =     0.724
===============================================================================
| RE_POSITION Moving by   4.278065  3.529567 -0.088004

 NSTEP =   110000   TIME(PS) =    2220.000  TEMP(K) =   242.79  PRESS =     0.0
 Etot   =        21.4869  EKtot   =        19.0572  EPtot      =         2.4297
 BOND   =         3.3790  ANGLE   =        16.6579  DIHED      =        35.4144
 1-4 NB =         3.1537  1-4 EEL =       109.0191  VDWAALS    =        -3.6138
 EELEC  =      -140.2507  EGB     =       -23.9397  RESTRAINT  =         0.5858
 ESURF=         2.0240
 EAMBER (non-restraint)  =         1.8439
 ------------------------------------------------------------------------------

 NMR restraints: Bond =    0.000   Angle =     0.000   Torsion =     0.586
===============================================================================

 NSTEP =   115000   TIME(PS) =    2230.000  TEMP(K) =   288.54  PRESS =     0.0
 Etot   =        30.4017  EKtot   =        22.6487  EPtot      =         7.7530
 BOND   =         7.6156  ANGLE   =        16.8878  DIHED      =        35.4336
 1-4 NB =         4.5830  1-4 EEL =       113.3744  VDWAALS    =        -4.0031
 EELEC  =      -143.0779  EGB     =       -26.1090  RESTRAINT  =         1.1467
 ESURF=         1.9019
 EAMBER (non-restraint)  =         6.6063
 ------------------------------------------------------------------------------

 NMR restraints: Bond =    0.000   Angle =     0.000   Torsion =     1.147
===============================================================================
| RE_POSITION Moving by  -0.134121 -1.803266 -0.177255

 NSTEP =   120000   TIME(PS) =    2240.000  TEMP(K) =   270.49  PRESS =     0.0
 Etot   =        26.4736  EKtot   =        21.2320  EPtot      =         5.2416
 BOND   =         6.3876  ANGLE   =        16.3047  DIHED      =        34.2590
 1-4 NB =         4.8987  1-4 EEL =       108.2979  VDWAALS    =        -2.7261
 EELEC  =      -138.0555  EGB     =       -26.9920  RESTRAINT  =         0.8845
 ESURF=         1.9827
 EAMBER (non-restraint)  =         4.3570
 ------------------------------------------------------------------------------

 NMR restraints: Bond =    0.000   Angle =     0.000   Torsion =     0.885
===============================================================================

 NSTEP =   125000   TIME(PS) =    2250.000  TEMP(K) =   299.73  PRESS =     0.0
 Etot   =        21.9679  EKtot   =        23.5272  EPtot      =        -1.5594
 BOND   =         4.7737  ANGLE   =         9.0695  DIHED      =        36.6132
 1-4 NB =         4.0667  1-4 EEL =       112.9016  VDWAALS    =        -3.9389
 EELEC  =      -140.9960  EGB     =       -26.0373  RESTRAINT  =         0.0038
 ESURF=         1.9844
 EAMBER (non-restraint)  =        -1.5632
 ------------------------------------------------------------------------------

 NMR restraints: Bond =    0.000   Angle =     0.000   Torsion =     0.004
===============================================================================
| RE_POSITION Moving by   1.324307  8.882542 -1.240253

 NSTEP =   130000   TIME(PS) =    2260.000  TEMP(K) =   355.60  PRESS =     0.0
 Etot   =        29.1707  EKtot   =        27.9127  EPtot      =         1.2580
 BOND   =         6.1107  ANGLE   =        11.6437  DIHED      =        36.5319
 1-4 NB =         3.3447  1-4 EEL =       108.6725  VDWAALS    =        -3.9493
 EELEC  =      -135.8459  EGB     =       -27.4624  RESTRAINT  =         0.2402
 ESURF=         1.9720
 EAMBER (non-restraint)  =         1.0178
 ------------------------------------------------------------------------------

 NMR restraints: Bond =    0.000   Angle =     0.000   Torsion =     0.240
===============================================================================

 NSTEP =   135000   TIME(PS) =    2270.000  TEMP(K) =   271.28  PRESS =     0.0
 Etot   =        17.0926  EKtot   =        21.2936  EPtot      =        -4.2010
 BOND   =         3.0199  ANGLE   =         9.2451  DIHED      =        34.8481
 1-4 NB =         4.4796  1-4 EEL =       112.3716  VDWAALS    =        -3.5650
 EELEC  =      -145.8750  EGB     =       -20.6382  RESTRAINT  =         0.0096
 ESURF=         1.9033
 EAMBER (non-restraint)  =        -4.2107
 ------------------------------------------------------------------------------

 NMR restraints: Bond =    0.000   Angle =     0.000   Torsion =     0.010
===============================================================================
| RE_POSITION Moving by  -4.585196 -3.002134 -5.204933

 NSTEP =   140000   TIME(PS) =    2280.000  TEMP(K) =   204.58  PRESS =     0.0
 Etot   =        20.1431  EKtot   =        16.0587  EPtot      =         4.0844
 BOND   =         6.5403  ANGLE   =        16.5309  DIHED      =        33.4857
 1-4 NB =         3.7944  1-4 EEL =       104.6747  VDWAALS    =        -3.6621
 EELEC  =      -140.9266  EGB     =       -19.7577  RESTRAINT  =         1.5385
 ESURF=         1.8663
 EAMBER (non-restraint)  =         2.5459
 ------------------------------------------------------------------------------

 NMR restraints: Bond =    0.000   Angle =     0.000   Torsion =     1.538
===============================================================================

 NSTEP =   145000   TIME(PS) =    2290.000  TEMP(K) =   280.37  PRESS =     0.0
 Etot   =        31.5601  EKtot   =        22.0074  EPtot      =         9.5527
 BOND   =         8.2330  ANGLE   =        13.5954  DIHED      =        35.2592
 1-4 NB =         5.6241  1-4 EEL =       114.6952  VDWAALS    =        -3.4843
 EELEC  =      -146.9447  EGB     =       -21.6024  RESTRAINT  =         2.2291
 ESURF=         1.9480
 EAMBER (non-restraint)  =         7.3236
 ------------------------------------------------------------------------------

 NMR restraints: Bond =    0.000   Angle =     0.000   Torsion =     2.229
===============================================================================
| RE_POSITION Moving by   0.357235 -3.630029  8.599519

 NSTEP =   150000   TIME(PS) =    2300.000  TEMP(K) =   366.29  PRESS =     0.0
 Etot   =        34.1327  EKtot   =        28.7515  EPtot      =         5.3812
 BOND   =         4.0790  ANGLE   =        20.5917  DIHED      =        35.4125
 1-4 NB =         3.3332  1-4 EEL =       106.7529  VDWAALS    =        -5.8920
 EELEC  =      -135.7142  EGB     =       -25.4207  RESTRAINT  =         0.3736
 ESURF=         1.8651
 EAMBER (non-restraint)  =         5.0076
 ------------------------------------------------------------------------------

 NMR restraints: Bond =    0.000   Angle =     0.000   Torsion =     0.374
===============================================================================

 NSTEP =   155000   TIME(PS) =    2310.000  TEMP(K) =   375.17  PRESS =     0.0
 Etot   =        32.1552  EKtot   =        29.4486  EPtot      =         2.7065
 BOND   =         4.9785  ANGLE   =        15.3766  DIHED      =        33.1510
 1-4 NB =         6.0787  1-4 EEL =       105.8727  VDWAALS    =        -3.4550
 EELEC  =      -139.4738  EGB     =       -21.8254  RESTRAINT  =         0.0849
 ESURF=         1.9184
 EAMBER (non-restraint)  =         2.6217
 ------------------------------------------------------------------------------

 NMR restraints: Bond =    0.000   Angle =     0.000   Torsion =     0.085
===============================================================================
| RE_POSITION Moving by  10.131857  7.910383 -7.625894

 NSTEP =   160000   TIME(PS) =    2320.000  TEMP(K) =   230.60  PRESS =     0.0
 Etot   =        17.8925  EKtot   =        18.1007  EPtot      =        -0.2082
 BOND   =         5.3037  ANGLE   =        12.2986  DIHED      =        34.9301
 1-4 NB =         3.7034  1-4 EEL =       110.7438  VDWAALS    =        -4.9342
 EELEC  =      -143.4845  EGB     =       -20.8392  RESTRAINT  =         0.2124
 ESURF=         1.8577
 EAMBER (non-restraint)  =        -0.4206
 ------------------------------------------------------------------------------

 NMR restraints: Bond =    0.000   Angle =     0.000   Torsion =     0.212
===============================================================================

 NSTEP =   165000   TIME(PS) =    2330.000  TEMP(K) =   352.48  PRESS =     0.0
 Etot   =        27.8311  EKtot   =        27.6673  EPtot      =         0.1638
 BOND   =         4.0448  ANGLE   =        17.3923  DIHED      =        32.4709
 1-4 NB =         4.1740  1-4 EEL =       105.6262  VDWAALS    =        -4.8820
 EELEC  =      -138.6819  EGB     =       -21.8888  RESTRAINT  =         0.0252
 ESURF=         1.8830
 EAMBER (non-restraint)  =         0.1385
 ------------------------------------------------------------------------------

 NMR restraints: Bond =    0.000   Angle =     0.000   Torsion =     0.025
===============================================================================
| RE_POSITION Moving by  -2.436383 -1.243921 -0.696740

 NSTEP =   170000   TIME(PS) =    2340.000  TEMP(K) =   315.17  PRESS =     0.0
 Etot   =        36.4347  EKtot   =        24.7390  EPtot      =        11.6957
 BOND   =         7.3460  ANGLE   =        20.1567  DIHED      =        34.9252
 1-4 NB =         5.8913  1-4 EEL =       108.2423  VDWAALS    =        -4.4784
 EELEC  =      -140.6536  EGB     =       -22.2550  RESTRAINT  =         0.6246
 ESURF=         1.8966
 EAMBER (non-restraint)  =        11.0711
 ------------------------------------------------------------------------------

 NMR restraints: Bond =    0.000   Angle =     0.000   Torsion =     0.625
===============================================================================

 NSTEP =   175000   TIME(PS) =    2350.000  TEMP(K) =   274.75  PRESS =     0.0
 Etot   =        26.8694  EKtot   =        21.5662  EPtot      =         5.3031
 BOND   =         4.1959  ANGLE   =        14.9345  DIHED      =        35.5731
 1-4 NB =         5.6327  1-4 EEL =       110.6168  VDWAALS    =        -3.4190
 EELEC  =      -142.6393  EGB     =       -21.8150  RESTRAINT  =         0.3277
 ESURF=         1.8957
 EAMBER (non-restraint)  =         4.9754
 ------------------------------------------------------------------------------

 NMR restraints: Bond =    0.000   Angle =     0.000   Torsion =     0.328
===============================================================================
| RE_POSITION Moving by  -2.685103  3.080070 -0.590154

 NSTEP =   180000   TIME(PS) =    2360.000  TEMP(K) =   240.53  PRESS =     0.0
 Etot   =        28.1770  EKtot   =        18.8799  EPtot      =         9.2971
 BOND   =         3.9877  ANGLE   =        22.4335  DIHED      =        36.7373
 1-4 NB =         5.2912  1-4 EEL =       100.0114  VDWAALS    =        -3.5952
 EELEC  =      -134.2937  EGB     =       -23.2068  RESTRAINT  =         0.0117
 ESURF=         1.9201
 EAMBER (non-restraint)  =         9.2854
 ------------------------------------------------------------------------------

 NMR restraints: Bond =    0.000   Angle =     0.000   Torsion =     0.012
===============================================================================

 NSTEP =   185000   TIME(PS) =    2370.000  TEMP(K) =   318.51  PRESS =     0.0
 Etot   =        24.2881  EKtot   =        25.0011  EPtot      =        -0.7130
 BOND   =         3.1671  ANGLE   =        12.4211  DIHED      =        33.1828
 1-4 NB =         4.9108  1-4 EEL =       107.9268  VDWAALS    =        -4.1087
 EELEC  =      -142.4183  EGB     =       -20.7862  RESTRAINT  =         3.1090
 ESURF=         1.8827
 EAMBER (non-restraint)  =        -3.8220
 ------------------------------------------------------------------------------

 NMR restraints: Bond =    0.000   Angle =     0.000   Torsion =     3.109
===============================================================================
| RE_POSITION Moving by   4.315251 -0.499390 -6.820921

 NSTEP =   190000   TIME(PS) =    2380.000  TEMP(K) =   247.83  PRESS =     0.0
 Etot   =        31.7634  EKtot   =        19.4533  EPtot      =        12.3102
 BOND   =         4.9184  ANGLE   =        21.2815  DIHED      =        39.1657
 1-4 NB =         3.4475  1-4 EEL =       108.8131  VDWAALS    =        -4.1976
 EELEC  =      -136.3939  EGB     =       -27.5186  RESTRAINT  =         0.7996
 ESURF=         1.9944
 EAMBER (non-restraint)  =        11.5106
 ------------------------------------------------------------------------------

 NMR restraints: Bond =    0.000   Angle =     0.000   Torsion =     0.800
===============================================================================

 NSTEP =   195000   TIME(PS) =    2390.000  TEMP(K) =   257.16  PRESS =     0.0
 Etot   =        21.0736  EKtot   =        20.1858  EPtot      =         0.8878
 BOND   =         4.1803  ANGLE   =        13.8010  DIHED      =        36.0531
 1-4 NB =         2.9796  1-4 EEL =       109.9378  VDWAALS    =        -3.8816
 EELEC  =      -137.9486  EGB     =       -27.0820  RESTRAINT  =         0.8476
 ESURF=         2.0005
 EAMBER (non-restraint)  =         0.0402
 ------------------------------------------------------------------------------

 NMR restraints: Bond =    0.000   Angle =     0.000   Torsion =     0.848
===============================================================================
| RE_POSITION Moving by   5.983708 -4.261493 -9.530928

 NSTEP =   200000   TIME(PS) =    2400.000  TEMP(K) =   292.48  PRESS =     0.0
 Etot   =        25.9397  EKtot   =        22.9583  EPtot      =         2.9814
 BOND   =         7.5484  ANGLE   =        12.3843  DIHED      =        34.4710
 1-4 NB =         4.4760  1-4 EEL =       112.2091  VDWAALS    =        -4.0652
 EELEC  =      -139.5220  EGB     =       -27.1180  RESTRAINT  =         0.6713
 ESURF=         1.9265
 EAMBER (non-restraint)  =         2.3101
 ------------------------------------------------------------------------------

 NMR restraints: Bond =    0.000   Angle =     0.000   Torsion =     0.671
===============================================================================

 NSTEP =   205000   TIME(PS) =    2410.000  TEMP(K) =   382.28  PRESS =     0.0
 Etot   =        41.1678  EKtot   =        30.0065  EPtot      =        11.1613
 BOND   =        10.9101  ANGLE   =        13.8380  DIHED      =        35.4691
 1-4 NB =         5.0036  1-4 EEL =       107.0209  VDWAALS    =        -2.0747
 EELEC  =      -139.0906  EGB     =       -22.9756  RESTRAINT  =         1.0566
 ESURF=         2.0039
 EAMBER (non-restraint)  =        10.1046
 ------------------------------------------------------------------------------

 NMR restraints: Bond =    0.000   Angle =     0.000   Torsion =     1.057
===============================================================================
| RE_POSITION Moving by   1.478768 -0.693430 -1.702944

 NSTEP =   210000   TIME(PS) =    2420.000  TEMP(K) =   276.79  PRESS =     0.0
 Etot   =        27.5528  EKtot   =        21.7260  EPtot      =         5.8267
 BOND   =         5.9394  ANGLE   =        17.5219  DIHED      =        33.7569
 1-4 NB =         3.5416  1-4 EEL =       111.3583  VDWAALS    =        -3.5842
 EELEC  =      -140.0703  EGB     =       -25.0739  RESTRAINT  =         0.4020
 ESURF=         2.0349
 EAMBER (non-restraint)  =         5.4247
 ------------------------------------------------------------------------------

 NMR restraints: Bond =    0.000   Angle =     0.000   Torsion =     0.402
===============================================================================

 NSTEP =   215000   TIME(PS) =    2430.000  TEMP(K) =   248.14  PRESS =     0.0
 Etot   =        27.4604  EKtot   =        19.4775  EPtot      =         7.9829
 BOND   =         5.0635  ANGLE   =        18.5825  DIHED      =        35.6879
 1-4 NB =         5.0570  1-4 EEL =       114.2920  VDWAALS    =        -4.3969
 EELEC  =      -147.3725  EGB     =       -21.1858  RESTRAINT  =         0.3183
 ESURF=         1.9370
 EAMBER (non-restraint)  =         7.6646
 ------------------------------------------------------------------------------

 NMR restraints: Bond =    0.000   Angle =     0.000   Torsion =     0.318
===============================================================================
| RE_POSITION Moving by  -2.527546  2.331886 10.846265

 NSTEP =   220000   TIME(PS) =    2440.000  TEMP(K) =   285.97  PRESS =     0.0
 Etot   =        22.2344  EKtot   =        22.4472  EPtot      =        -0.2129
 BOND   =         3.2703  ANGLE   =        11.5864  DIHED      =        37.3855
 1-4 NB =         4.8325  1-4 EEL =       111.2847  VDWAALS    =        -4.0801
 EELEC  =      -138.9651  EGB     =       -27.5136  RESTRAINT  =         0.0222
 ESURF=         1.9643
 EAMBER (non-restraint)  =        -0.2351
 ------------------------------------------------------------------------------

 NMR restraints: Bond =    0.000   Angle =     0.000   Torsion =     0.022
===============================================================================

 NSTEP =   225000   TIME(PS) =    2450.000  TEMP(K) =   314.98  PRESS =     0.0
 Etot   =        33.7778  EKtot   =        24.7238  EPtot      =         9.0540
 BOND   =         8.1162  ANGLE   =        14.2117  DIHED      =        37.0371
 1-4 NB =         4.2075  1-4 EEL =       114.0983  VDWAALS    =        -3.7781
 EELEC  =      -142.3263  EGB     =       -24.5943  RESTRAINT  =         0.0885
 ESURF=         1.9934
 EAMBER (non-restraint)  =         8.9655
 ------------------------------------------------------------------------------

 NMR restraints: Bond =    0.000   Angle =     0.000   Torsion =     0.089
===============================================================================
| RE_POSITION Moving by  -7.741165 -4.909967 -3.025445

 NSTEP =   230000   TIME(PS) =    2460.000  TEMP(K) =   345.33  PRESS =     0.0
 Etot   =        30.3802  EKtot   =        27.1061  EPtot      =         3.2742
 BOND   =         9.3967  ANGLE   =        13.0014  DIHED      =        36.3635
 1-4 NB =         2.8718  1-4 EEL =       110.8826  VDWAALS    =        -3.8115
 EELEC  =      -142.2795  EGB     =       -25.3194  RESTRAINT  =         0.1733
 ESURF=         1.9953
 EAMBER (non-restraint)  =         3.1009
 ------------------------------------------------------------------------------

 NMR restraints: Bond =    0.000   Angle =     0.000   Torsion =     0.173
===============================================================================

 NSTEP =   235000   TIME(PS) =    2470.000  TEMP(K) =   330.71  PRESS =     0.0
 Etot   =        30.9359  EKtot   =        25.9589  EPtot      =         4.9771
 BOND   =         8.6031  ANGLE   =        14.0378  DIHED      =        35.9523
 1-4 NB =         3.0930  1-4 EEL =       108.7028  VDWAALS    =        -2.9314
 EELEC  =      -139.5356  EGB     =       -25.0425  RESTRAINT  =         0.0860
 ESURF=         2.0116
 EAMBER (non-restraint)  =         4.8911
 ------------------------------------------------------------------------------

 NMR restraints: Bond =    0.000   Angle =     0.000   Torsion =     0.086
===============================================================================
| RE_POSITION Moving by   5.938722 -4.668426 -2.881752

 NSTEP =   240000   TIME(PS) =    2480.000  TEMP(K) =   286.38  PRESS =     0.0
 Etot   =        32.0727  EKtot   =        22.4788  EPtot      =         9.5939
 BOND   =         6.7734  ANGLE   =        18.1135  DIHED      =        33.6011
 1-4 NB =         5.1522  1-4 EEL =       111.5637  VDWAALS    =        -0.1920
 EELEC  =      -141.4644  EGB     =       -26.2176  RESTRAINT  =         0.3612
 ESURF=         1.9029
 EAMBER (non-restraint)  =         9.2327
 ------------------------------------------------------------------------------

 NMR restraints: Bond =    0.000   Angle =     0.000   Torsion =     0.361
===============================================================================

 NSTEP =   245000   TIME(PS) =    2490.000  TEMP(K) =   278.62  PRESS =     0.0
 Etot   =        28.3727  EKtot   =        21.8699  EPtot      =         6.5027
 BOND   =         9.9351  ANGLE   =        12.4219  DIHED      =        38.3208
 1-4 NB =         3.6319  1-4 EEL =       106.2828  VDWAALS    =        -3.7866
 EELEC  =      -141.9535  EGB     =       -21.0429  RESTRAINT  =         0.8007
 ESURF=         1.8925
 EAMBER (non-restraint)  =         5.7021
 ------------------------------------------------------------------------------

 NMR restraints: Bond =    0.000   Angle =     0.000   Torsion =     0.801
===============================================================================
| RE_POSITION Moving by   0.098645  1.218655  0.723702

 NSTEP =   250000   TIME(PS) =    2500.000  TEMP(K) =   282.95  PRESS =     0.0
 Etot   =        27.3395  EKtot   =        22.2100  EPtot      =         5.1295
 BOND   =         4.9980  ANGLE   =        17.2551  DIHED      =        34.8398
 1-4 NB =         5.2178  1-4 EEL =       106.9679  VDWAALS    =        -4.4032
 EELEC  =      -138.7214  EGB     =       -22.9602  RESTRAINT  =         0.0239
 ESURF=         1.9116
 EAMBER (non-restraint)  =         5.1055
 ------------------------------------------------------------------------------

 NMR restraints: Bond =    0.000   Angle =     0.000   Torsion =     0.024
===============================================================================

 NSTEP =   255000   TIME(PS) =    2510.000  TEMP(K) =   326.86  PRESS =     0.0
 Etot   =        30.0559  EKtot   =        25.6567  EPtot      =         4.3992
 BOND   =         6.0495  ANGLE   =        15.4774  DIHED      =        35.6013
 1-4 NB =         4.4639  1-4 EEL =       107.4921  VDWAALS    =        -4.6405
 EELEC  =      -142.4858  EGB     =       -20.2578  RESTRAINT  =         0.8270
 ESURF=         1.8720
 EAMBER (non-restraint)  =         3.5722
 ------------------------------------------------------------------------------

 NMR restraints: Bond =    0.000   Angle =     0.000   Torsion =     0.827
===============================================================================
| RE_POSITION Moving by  -2.821327 -3.745502 -1.602327

 NSTEP =   260000   TIME(PS) =    2520.000  TEMP(K) =   280.08  PRESS =     0.0
 Etot   =        31.7073  EKtot   =        21.9846  EPtot      =         9.7226
 BOND   =         6.5961  ANGLE   =        15.6692  DIHED      =        33.8563
 1-4 NB =         5.8166  1-4 EEL =       110.5381  VDWAALS    =        -3.3888
 EELEC  =      -139.7564  EGB     =       -24.1202  RESTRAINT  =         2.4974
 ESURF=         2.0143
 EAMBER (non-restraint)  =         7.2253
 ------------------------------------------------------------------------------

 NMR restraints: Bond =    0.000   Angle =     0.000   Torsion =     2.497
===============================================================================

 NSTEP =   265000   TIME(PS) =    2530.000  TEMP(K) =   338.86  PRESS =     0.0
 Etot   =        27.8534  EKtot   =        26.5982  EPtot      =         1.2552
 BOND   =         5.4710  ANGLE   =        15.0932  DIHED      =        34.2438
 1-4 NB =         4.1623  1-4 EEL =       107.2205  VDWAALS    =        -5.2530
 EELEC  =      -137.7322  EGB     =       -23.8585  RESTRAINT  =         0.0192
 ESURF=         1.8888
 EAMBER (non-restraint)  =         1.2360
 ------------------------------------------------------------------------------

 NMR restraints: Bond =    0.000   Angle =     0.000   Torsion =     0.019
===============================================================================
| RE_POSITION Moving by  -0.712341  2.249374 -1.391658

 NSTEP =   270000   TIME(PS) =    2540.000  TEMP(K) =   250.80  PRESS =     0.0
 Etot   =        36.0923  EKtot   =        19.6863  EPtot      =        16.4060
 BOND   =         5.3077  ANGLE   =        27.0922  DIHED      =        33.2198
 1-4 NB =         5.7704  1-4 EEL =       106.7223  VDWAALS    =        -3.6513
 EELEC  =      -139.9477  EGB     =       -22.7986  RESTRAINT  =         2.7834
 ESURF=         1.9077
 EAMBER (non-restraint)  =        13.6226
 ------------------------------------------------------------------------------

 NMR restraints: Bond =    0.000   Angle =     0.000   Torsion =     2.783
===============================================================================

 NSTEP =   275000   TIME(PS) =    2550.000  TEMP(K) =   309.80  PRESS =     0.0
 Etot   =        28.2958  EKtot   =        24.3178  EPtot      =         3.9780
 BOND   =         3.2858  ANGLE   =        14.7477  DIHED      =        34.2990
 1-4 NB =         5.4085  1-4 EEL =       111.0781  VDWAALS    =        -2.4341
 EELEC  =      -141.1233  EGB     =       -23.2871  RESTRAINT  =         0.0580
 ESURF=         1.9454
 EAMBER (non-restraint)  =         3.9201
 ------------------------------------------------------------------------------

 NMR restraints: Bond =    0.000   Angle =     0.000   Torsion =     0.058
===============================================================================
| RE_POSITION Moving by   3.144207  0.741202  3.289720

 NSTEP =   280000   TIME(PS) =    2560.000  TEMP(K) =   307.56  PRESS =     0.0
 Etot   =        28.5775  EKtot   =        24.1415  EPtot      =         4.4360
 BOND   =         6.3369  ANGLE   =        16.3210  DIHED      =        34.4164
 1-4 NB =         3.7744  1-4 EEL =       113.4682  VDWAALS    =        -3.9004
 EELEC  =      -140.4735  EGB     =       -28.1285  RESTRAINT  =         0.6581
 ESURF=         1.9635
 EAMBER (non-restraint)  =         3.7779
 ------------------------------------------------------------------------------

 NMR restraints: Bond =    0.000   Angle =     0.000   Torsion =     0.658
===============================================================================

 NSTEP =   285000   TIME(PS) =    2570.000  TEMP(K) =   245.41  PRESS =     0.0
 Etot   =        24.5914  EKtot   =        19.2635  EPtot      =         5.3279
 BOND   =         6.0205  ANGLE   =        18.2192  DIHED      =        35.0987
 1-4 NB =         3.6278  1-4 EEL =       108.1905  VDWAALS    =        -3.5783
 EELEC  =      -137.9073  EGB     =       -26.3670  RESTRAINT  =         0.0084
 ESURF=         2.0152
 EAMBER (non-restraint)  =         5.3194
 ------------------------------------------------------------------------------

 NMR restraints: Bond =    0.000   Angle =     0.000   Torsion =     0.008
===============================================================================
| RE_POSITION Moving by   2.814555  2.689790  4.354799

 NSTEP =   290000   TIME(PS) =    2580.000  TEMP(K) =   286.50  PRESS =     0.0
 Etot   =        22.1102  EKtot   =        22.4886  EPtot      =        -0.3784
 BOND   =         4.7483  ANGLE   =        12.3793  DIHED      =        34.9249
 1-4 NB =         4.2489  1-4 EEL =       108.0137  VDWAALS    =        -3.5403
 EELEC  =      -137.9143  EGB     =       -25.2888  RESTRAINT  =         0.0694
 ESURF=         1.9806
 EAMBER (non-restraint)  =        -0.4478
 ------------------------------------------------------------------------------

 NMR restraints: Bond =    0.000   Angle =     0.000   Torsion =     0.069
===============================================================================

 NSTEP =   295000   TIME(PS) =    2590.000  TEMP(K) =   295.88  PRESS =     0.0
 Etot   =        29.5045  EKtot   =        23.2248  EPtot      =         6.2797
 BOND   =         7.0056  ANGLE   =        16.9515  DIHED      =        35.7271
 1-4 NB =         3.3315  1-4 EEL =       108.9693  VDWAALS    =        -3.5627
 EELEC  =      -140.3866  EGB     =       -25.0401  RESTRAINT  =         1.2713
 ESURF=         2.0127
 EAMBER (non-restraint)  =         5.0084
 ------------------------------------------------------------------------------

 NMR restraints: Bond =    0.000   Angle =     0.000   Torsion =     1.271
===============================================================================
| RE_POSITION Moving by  -4.331550  2.562189 -1.817064

 NSTEP =   300000   TIME(PS) =    2600.000  TEMP(K) =   332.55  PRESS =     0.0
 Etot   =        29.2094  EKtot   =        26.1033  EPtot      =         3.1061
 BOND   =         4.0013  ANGLE   =        11.0015  DIHED      =        36.3673
 1-4 NB =         5.0417  1-4 EEL =       115.5730  VDWAALS    =        -3.1104
 EELEC  =      -144.1377  EGB     =       -23.8867  RESTRAINT  =         0.2519
 ESURF=         2.0042
 EAMBER (non-restraint)  =         2.8542
 ------------------------------------------------------------------------------

 NMR restraints: Bond =    0.000   Angle =     0.000   Torsion =     0.252
===============================================================================

 NSTEP =   305000   TIME(PS) =    2610.000  TEMP(K) =   307.84  PRESS =     0.0
 Etot   =        27.5620  EKtot   =        24.1640  EPtot      =         3.3981
 BOND   =         4.4454  ANGLE   =        14.5950  DIHED      =        35.3558
 1-4 NB =         3.3212  1-4 EEL =       112.9805  VDWAALS    =        -3.8211
 EELEC  =      -136.1015  EGB     =       -29.8364  RESTRAINT  =         0.4648
 ESURF=         1.9943
 EAMBER (non-restraint)  =         2.9332
 ------------------------------------------------------------------------------

 NMR restraints: Bond =    0.000   Angle =     0.000   Torsion =     0.465
===============================================================================
| RE_POSITION Moving by  -2.064252  4.060603 -3.563132

 NSTEP =   310000   TIME(PS) =    2620.000  TEMP(K) =   371.95  PRESS =     0.0
 Etot   =        33.4403  EKtot   =        29.1957  EPtot      =         4.2447
 BOND   =         6.2588  ANGLE   =        14.9445  DIHED      =        34.9498
 1-4 NB =         4.9561  1-4 EEL =       111.9636  VDWAALS    =        -3.3231
 EELEC  =      -140.1991  EGB     =       -27.2968  RESTRAINT  =         0.0017
 ESURF=         1.9892
 EAMBER (non-restraint)  =         4.2430
 ------------------------------------------------------------------------------

 NMR restraints: Bond =    0.000   Angle =     0.000   Torsion =     0.002
===============================================================================

 NSTEP =   315000   TIME(PS) =    2630.000  TEMP(K) =   326.19  PRESS =     0.0
 Etot   =        33.6250  EKtot   =        25.6041  EPtot      =         8.0209
 BOND   =         3.8045  ANGLE   =        15.0159  DIHED      =        38.4807
 1-4 NB =         5.6801  1-4 EEL =       116.7304  VDWAALS    =        -2.5177
 EELEC  =      -147.0089  EGB     =       -24.6531  RESTRAINT  =         0.5424
 ESURF=         1.9465
 EAMBER (non-restraint)  =         7.4785
 ------------------------------------------------------------------------------

 NMR restraints: Bond =    0.000   Angle =     0.000   Torsion =     0.542
===============================================================================
| RE_POSITION Moving by  -9.975375 -7.993055 -3.274762

 NSTEP =   320000   TIME(PS) =    2640.000  TEMP(K) =   358.04  PRESS =     0.0
 Etot   =        35.2797  EKtot   =        28.1040  EPtot      =         7.1757
 BOND   =         6.5467  ANGLE   =        13.4837  DIHED      =        36.1088
 1-4 NB =         4.4277  1-4 EEL =       112.8692  VDWAALS    =        -2.8421
 EELEC  =      -141.2361  EGB     =       -25.1790  RESTRAINT  =         0.9830
 ESURF=         2.0138
 EAMBER (non-restraint)  =         6.1928
 ------------------------------------------------------------------------------

 NMR restraints: Bond =    0.000   Angle =     0.000   Torsion =     0.983
===============================================================================

 NSTEP =   325000   TIME(PS) =    2650.000  TEMP(K) =   331.63  PRESS =     0.0
 Etot   =        40.7540  EKtot   =        26.0309  EPtot      =        14.7232
 BOND   =         4.0392  ANGLE   =        21.8958  DIHED      =        38.4864
 1-4 NB =         5.6023  1-4 EEL =       111.1295  VDWAALS    =        -3.7088
 EELEC  =      -140.9127  EGB     =       -24.1231  RESTRAINT  =         0.3362
 ESURF=         1.9785
 EAMBER (non-restraint)  =        14.3870
 ------------------------------------------------------------------------------

 NMR restraints: Bond =    0.000   Angle =     0.000   Torsion =     0.336
===============================================================================
| RE_POSITION Moving by   6.287408 -2.825769  7.405878

 NSTEP =   330000   TIME(PS) =    2660.000  TEMP(K) =   270.37  PRESS =     0.0
 Etot   =        28.1603  EKtot   =        21.2222  EPtot      =         6.9381
 BOND   =         3.6760  ANGLE   =        19.9881  DIHED      =        35.5528
 1-4 NB =         3.3395  1-4 EEL =       105.9676  VDWAALS    =        -3.1206
 EELEC  =      -136.6683  EGB     =       -26.1216  RESTRAINT  =         2.3465
 ESURF=         1.9780
 EAMBER (non-restraint)  =         4.5917
 ------------------------------------------------------------------------------

 NMR restraints: Bond =    0.000   Angle =     0.000   Torsion =     2.346
===============================================================================

 NSTEP =   335000   TIME(PS) =    2670.000  TEMP(K) =   302.30  PRESS =     0.0
 Etot   =        25.4222  EKtot   =        23.7285  EPtot      =         1.6937
 BOND   =         5.7549  ANGLE   =        13.9232  DIHED      =        34.5081
 1-4 NB =         4.9078  1-4 EEL =       108.6830  VDWAALS    =        -3.0175
 EELEC  =      -138.5567  EGB     =       -26.5429  RESTRAINT  =         0.0255
 ESURF=         2.0082
 EAMBER (non-restraint)  =         1.6682
 ------------------------------------------------------------------------------

 NMR restraints: Bond =    0.000   Angle =     0.000   Torsion =     0.025
===============================================================================
| RE_POSITION Moving by   1.527213  0.150176  1.585648

 NSTEP =   340000   TIME(PS) =    2680.000  TEMP(K) =   227.45  PRESS =     0.0
 Etot   =        23.7915  EKtot   =        17.8538  EPtot      =         5.9377
 BOND   =         6.6162  ANGLE   =        16.9534  DIHED      =        31.6241
 1-4 NB =         5.1776  1-4 EEL =       108.9166  VDWAALS    =        -2.9708
 EELEC  =      -137.2152  EGB     =       -27.4495  RESTRAINT  =         2.2944
 ESURF=         1.9909
 EAMBER (non-restraint)  =         3.6433
 ------------------------------------------------------------------------------

 NMR restraints: Bond =    0.000   Angle =     0.000   Torsion =     2.294
===============================================================================

 NSTEP =   345000   TIME(PS) =    2690.000  TEMP(K) =   306.25  PRESS =     0.0
 Etot   =        25.9930  EKtot   =        24.0389  EPtot      =         1.9541
 BOND   =         3.7947  ANGLE   =        12.0308  DIHED      =        35.5358
 1-4 NB =         5.4369  1-4 EEL =       112.1782  VDWAALS    =        -3.1761
 EELEC  =      -139.7473  EGB     =       -26.3308  RESTRAINT  =         0.2606
 ESURF=         1.9713
 EAMBER (non-restraint)  =         1.6935
 ------------------------------------------------------------------------------

 NMR restraints: Bond =    0.000   Angle =     0.000   Torsion =     0.261
===============================================================================
| RE_POSITION Moving by  -0.638854  2.171753 -8.619991

 NSTEP =   350000   TIME(PS) =    2700.000  TEMP(K) =   286.08  PRESS =     0.0
 Etot   =        24.9874  EKtot   =        22.4554  EPtot      =         2.5319
 BOND   =         3.7278  ANGLE   =        16.9311  DIHED      =        33.3436
 1-4 NB =         6.1490  1-4 EEL =       106.7193  VDWAALS    =        -2.3624
 EELEC  =      -138.7388  EGB     =       -25.2881  RESTRAINT  =         0.0535
 ESURF=         1.9970
 EAMBER (non-restraint)  =         2.4785
 ------------------------------------------------------------------------------

 NMR restraints: Bond =    0.000   Angle =     0.000   Torsion =     0.053
===============================================================================

 NSTEP =   355000   TIME(PS) =    2710.000  TEMP(K) =   323.08  PRESS =     0.0
 Etot   =        30.1711  EKtot   =        25.3597  EPtot      =         4.8113
 BOND   =         7.5011  ANGLE   =        10.3278  DIHED      =        38.6889
 1-4 NB =         3.4560  1-4 EEL =       110.3443  VDWAALS    =        -3.4186
 EELEC  =      -137.5170  EGB     =       -26.6397  RESTRAINT  =         0.0684
 ESURF=         2.0001
 EAMBER (non-restraint)  =         4.7430
 ------------------------------------------------------------------------------

 NMR restraints: Bond =    0.000   Angle =     0.000   Torsion =     0.068
===============================================================================
| RE_POSITION Moving by   2.005313 -2.633079  8.026197

 NSTEP =   360000   TIME(PS) =    2720.000  TEMP(K) =   328.52  PRESS =     0.0
 Etot   =        36.5020  EKtot   =        25.7865  EPtot      =        10.7155
 BOND   =         6.5813  ANGLE   =        17.4550  DIHED      =        39.1770
 1-4 NB =         3.7061  1-4 EEL =       110.1327  VDWAALS    =        -4.1753
 EELEC  =      -136.6683  EGB     =       -28.4029  RESTRAINT  =         0.9362
 ESURF=         1.9738
 EAMBER (non-restraint)  =         9.7794
 ------------------------------------------------------------------------------

 NMR restraints: Bond =    0.000   Angle =     0.000   Torsion =     0.936
===============================================================================

 NSTEP =   365000   TIME(PS) =    2730.000  TEMP(K) =   319.61  PRESS =     0.0
 Etot   =        28.7840  EKtot   =        25.0876  EPtot      =         3.6964
 BOND   =         2.7083  ANGLE   =        17.8538  DIHED      =        34.8228
 1-4 NB =         5.2358  1-4 EEL =       112.1811  VDWAALS    =        -3.9518
 EELEC  =      -142.6287  EGB     =       -24.5157  RESTRAINT  =         0.0574
 ESURF=         1.9334
 EAMBER (non-restraint)  =         3.6390
 ------------------------------------------------------------------------------

 NMR restraints: Bond =    0.000   Angle =     0.000   Torsion =     0.057
===============================================================================
| RE_POSITION Moving by   1.439644  1.915658  2.016991

 NSTEP =   370000   TIME(PS) =    2740.000  TEMP(K) =   308.37  PRESS =     0.0
 Etot   =        28.7668  EKtot   =        24.2053  EPtot      =         4.5615
 BOND   =         2.5798  ANGLE   =        16.6003  DIHED      =        36.0223
 1-4 NB =         4.3426  1-4 EEL =       110.3785  VDWAALS    =        -3.2145
 EELEC  =      -140.0017  EGB     =       -24.6522  RESTRAINT  =         0.4847
 ESURF=         2.0218
 EAMBER (non-restraint)  =         4.0768
 ------------------------------------------------------------------------------

 NMR restraints: Bond =    0.000   Angle =     0.000   Torsion =     0.485
===============================================================================

 NSTEP =   375000   TIME(PS) =    2750.000  TEMP(K) =   316.65  PRESS =     0.0
 Etot   =        28.9225  EKtot   =        24.8548  EPtot      =         4.0676
 BOND   =         3.3622  ANGLE   =        15.6284  DIHED      =        34.4821
 1-4 NB =         4.9697  1-4 EEL =       110.2395  VDWAALS    =        -3.1269
 EELEC  =      -137.8400  EGB     =       -26.7553  RESTRAINT  =         1.1261
 ESURF=         1.9819
 EAMBER (non-restraint)  =         2.9416
 ------------------------------------------------------------------------------

 NMR restraints: Bond =    0.000   Angle =     0.000   Torsion =     1.126
===============================================================================
| RE_POSITION Moving by  -4.027113 -0.714259 -2.062067

 NSTEP =   380000   TIME(PS) =    2760.000  TEMP(K) =   300.67  PRESS =     0.0
 Etot   =        32.7770  EKtot   =        23.6010  EPtot      =         9.1760
 BOND   =         5.1401  ANGLE   =        17.2767  DIHED      =        36.2439
 1-4 NB =         4.1636  1-4 EEL =       114.7363  VDWAALS    =        -3.5270
 EELEC  =      -140.5981  EGB     =       -27.5943  RESTRAINT  =         1.3567
 ESURF=         1.9782
 EAMBER (non-restraint)  =         7.8193
 ------------------------------------------------------------------------------

 NMR restraints: Bond =    0.000   Angle =     0.000   Torsion =     1.357
===============================================================================

 NSTEP =   385000   TIME(PS) =    2770.000  TEMP(K) =   383.35  PRESS =     0.0
 Etot   =        33.9826  EKtot   =        30.0904  EPtot      =         3.8922
 BOND   =         7.2539  ANGLE   =        10.7412  DIHED      =        35.8223
 1-4 NB =         5.6622  1-4 EEL =       113.6737  VDWAALS    =        -2.5100
 EELEC  =      -143.8075  EGB     =       -24.9769  RESTRAINT  =         0.0532
 ESURF=         1.9802
 EAMBER (non-restraint)  =         3.8390
 ------------------------------------------------------------------------------

 NMR restraints: Bond =    0.000   Angle =     0.000   Torsion =     0.053
===============================================================================
| RE_POSITION Moving by   3.092563 -1.109201  0.113470

 NSTEP =   390000   TIME(PS) =    2780.000  TEMP(K) =   294.01  PRESS =     0.0
 Etot   =        18.4551  EKtot   =        23.0778  EPtot      =        -4.6227
 BOND   =         2.5961  ANGLE   =        11.4509  DIHED      =        34.6789
 1-4 NB =         3.5609  1-4 EEL =       112.2372  VDWAALS    =        -4.5033
 EELEC  =      -140.7552  EGB     =       -25.9126  RESTRAINT  =         0.0855
 ESURF=         1.9389
 EAMBER (non-restraint)  =        -4.7082
 ------------------------------------------------------------------------------

 NMR restraints: Bond =    0.000   Angle =     0.000   Torsion =     0.085
===============================================================================

 NSTEP =   395000   TIME(PS) =    2790.000  TEMP(K) =   308.22  PRESS =     0.0
 Etot   =        18.5095  EKtot   =        24.1934  EPtot      =        -5.6839
 BOND   =         2.1623  ANGLE   =         8.5747  DIHED      =        32.6884
 1-4 NB =         5.7057  1-4 EEL =       115.9847  VDWAALS    =        -3.7212
 EELEC  =      -143.2094  EGB     =       -27.0844  RESTRAINT  =         1.2367
 ESURF=         1.9787
 EAMBER (non-restraint)  =        -6.9206
 ------------------------------------------------------------------------------

 NMR restraints: Bond =    0.000   Angle =     0.000   Torsion =     1.237
===============================================================================
| RE_POSITION Moving by   5.152371  7.683596 -4.942748

 NSTEP =   400000   TIME(PS) =    2800.000  TEMP(K) =   297.86  PRESS =     0.0
 Etot   =        25.2623  EKtot   =        23.3804  EPtot      =         1.8819
 BOND   =         4.8153  ANGLE   =        11.3175  DIHED      =        32.6283
 1-4 NB =         5.6881  1-4 EEL =       111.1902  VDWAALS    =        -3.1080
 EELEC  =      -140.6099  EGB     =       -23.2448  RESTRAINT  =         1.2852
 ESURF=         1.9200
 EAMBER (non-restraint)  =         0.5968
 ------------------------------------------------------------------------------

 NMR restraints: Bond =    0.000   Angle =     0.000   Torsion =     1.285
===============================================================================

 NSTEP =   405000   TIME(PS) =    2810.000  TEMP(K) =   333.67  PRESS =     0.0
 Etot   =        32.7907  EKtot   =        26.1911  EPtot      =         6.5996
 BOND   =         6.3224  ANGLE   =        17.5400  DIHED      =        33.7049
 1-4 NB =         3.8806  1-4 EEL =       106.7635  VDWAALS    =        -3.4674
 EELEC  =      -135.3227  EGB     =       -24.8092  RESTRAINT  =         0.0311
 ESURF=         1.9565
 EAMBER (non-restraint)  =         6.5686
 ------------------------------------------------------------------------------

 NMR restraints: Bond =    0.000   Angle =     0.000   Torsion =     0.031
===============================================================================
| RE_POSITION Moving by   6.859961 -1.058200  8.343548

 NSTEP =   410000   TIME(PS) =    2820.000  TEMP(K) =   306.33  PRESS =     0.0
 Etot   =        30.1197  EKtot   =        24.0453  EPtot      =         6.0745
 BOND   =         1.7491  ANGLE   =        15.7244  DIHED      =        40.1340
 1-4 NB =         4.0943  1-4 EEL =       112.3238  VDWAALS    =        -4.3493
 EELEC  =      -145.0451  EGB     =       -21.6054  RESTRAINT  =         1.1701
 ESURF=         1.8785
 EAMBER (non-restraint)  =         4.9043
 ------------------------------------------------------------------------------

 NMR restraints: Bond =    0.000   Angle =     0.000   Torsion =     1.170
===============================================================================

 NSTEP =   415000   TIME(PS) =    2830.000  TEMP(K) =   244.44  PRESS =     0.0
 Etot   =        22.7907  EKtot   =        19.1873  EPtot      =         3.6034
 BOND   =         4.8467  ANGLE   =        17.0220  DIHED      =        35.5088
 1-4 NB =         4.7329  1-4 EEL =       108.4336  VDWAALS    =        -4.0747
 EELEC  =      -137.7043  EGB     =       -27.2437  RESTRAINT  =         0.1261
 ESURF=         1.9560
 EAMBER (non-restraint)  =         3.4773
 ------------------------------------------------------------------------------

 NMR restraints: Bond =    0.000   Angle =     0.000   Torsion =     0.126
===============================================================================
| RE_POSITION Moving by  -2.465530 -3.657490  6.606842

 NSTEP =   420000   TIME(PS) =    2840.000  TEMP(K) =   269.59  PRESS =     0.0
 Etot   =        28.2598  EKtot   =        21.1610  EPtot      =         7.0988
 BOND   =         6.3441  ANGLE   =        10.7159  DIHED      =        38.0096
 1-4 NB =         4.9529  1-4 EEL =       119.4364  VDWAALS    =        -3.1130
 EELEC  =      -146.3994  EGB     =       -25.4461  RESTRAINT  =         0.6815
 ESURF=         1.9169
 EAMBER (non-restraint)  =         6.4174
 ------------------------------------------------------------------------------

 NMR restraints: Bond =    0.000   Angle =     0.000   Torsion =     0.681
===============================================================================

 NSTEP =   425000   TIME(PS) =    2850.000  TEMP(K) =   307.05  PRESS =     0.0
 Etot   =        30.7249  EKtot   =        24.1012  EPtot      =         6.6237
 BOND   =         5.4428  ANGLE   =        12.5174  DIHED      =        39.6317
 1-4 NB =         5.1698  1-4 EEL =       112.1909  VDWAALS    =        -3.2986
 EELEC  =      -141.7127  EGB     =       -25.3238  RESTRAINT  =         0.0359
 ESURF=         1.9703
 EAMBER (non-restraint)  =         6.5878
 ------------------------------------------------------------------------------

 NMR restraints: Bond =    0.000   Angle =     0.000   Torsion =     0.036
===============================================================================
| RE_POSITION Moving by   4.031580 -0.320387  5.549818

 NSTEP =   430000   TIME(PS) =    2860.000  TEMP(K) =   336.36  PRESS =     0.0
 Etot   =        41.5315  EKtot   =        26.4025  EPtot      =        15.1290
 BOND   =         7.0469  ANGLE   =        21.8549  DIHED      =        38.3313
 1-4 NB =         3.9197  1-4 EEL =       111.2764  VDWAALS    =        -4.3550
 EELEC  =      -141.8256  EGB     =       -23.0783  RESTRAINT  =         0.0212
 ESURF=         1.9375
 EAMBER (non-restraint)  =        15.1077
 ------------------------------------------------------------------------------

 NMR restraints: Bond =    0.000   Angle =     0.000   Torsion =     0.021
===============================================================================

 NSTEP =   435000   TIME(PS) =    2870.000  TEMP(K) =   188.96  PRESS =     0.0
 Etot   =        20.2794  EKtot   =        14.8324  EPtot      =         5.4471
 BOND   =         6.0148  ANGLE   =        16.3987  DIHED      =        34.7581
 1-4 NB =         6.2806  1-4 EEL =       110.7844  VDWAALS    =        -4.3901
 EELEC  =      -142.7954  EGB     =       -23.7209  RESTRAINT  =         0.1938
 ESURF=         1.9232
 EAMBER (non-restraint)  =         5.2533
 ------------------------------------------------------------------------------

 NMR restraints: Bond =    0.000   Angle =     0.000   Torsion =     0.194
===============================================================================
| RE_POSITION Moving by  -3.034962  3.844775 -3.412946

 NSTEP =   440000   TIME(PS) =    2880.000  TEMP(K) =   318.14  PRESS =     0.0
 Etot   =        31.1411  EKtot   =        24.9719  EPtot      =         6.1692
 BOND   =         5.9674  ANGLE   =        18.3093  DIHED      =        34.6675
 1-4 NB =         5.8929  1-4 EEL =       111.0005  VDWAALS    =        -4.0443
 EELEC  =      -147.0833  EGB     =       -20.8108  RESTRAINT  =         0.3189
 ESURF=         1.9512
 EAMBER (non-restraint)  =         5.8503
 ------------------------------------------------------------------------------

 NMR restraints: Bond =    0.000   Angle =     0.000   Torsion =     0.319
===============================================================================

 NSTEP =   445000   TIME(PS) =    2890.000  TEMP(K) =   248.70  PRESS =     0.0
 Etot   =        25.8105  EKtot   =        19.5212  EPtot      =         6.2893
 BOND   =         5.2929  ANGLE   =        16.9300  DIHED      =        36.3919
 1-4 NB =         5.4418  1-4 EEL =       108.8012  VDWAALS    =        -3.9122
 EELEC  =      -140.3442  EGB     =       -24.6255  RESTRAINT  =         0.3307
 ESURF=         1.9828
 EAMBER (non-restraint)  =         5.9586
 ------------------------------------------------------------------------------

 NMR restraints: Bond =    0.000   Angle =     0.000   Torsion =     0.331
===============================================================================
| RE_POSITION Moving by   6.728743  3.419372 -2.263249

 NSTEP =   450000   TIME(PS) =    2900.000  TEMP(K) =   300.18  PRESS =     0.0
 Etot   =        26.2948  EKtot   =        23.5625  EPtot      =         2.7324
 BOND   =         4.5074  ANGLE   =        13.0258  DIHED      =        39.3739
 1-4 NB =         4.6323  1-4 EEL =       109.4785  VDWAALS    =        -3.3392
 EELEC  =      -146.1353  EGB     =       -20.7639  RESTRAINT  =         0.0003
 ESURF=         1.9526
 EAMBER (non-restraint)  =         2.7321
 ------------------------------------------------------------------------------

 NMR restraints: Bond =    0.000   Angle =     0.000   Torsion =     0.000
===============================================================================

 NSTEP =   455000   TIME(PS) =    2910.000  TEMP(K) =   387.19  PRESS =     0.0
 Etot   =        32.3146  EKtot   =        30.3921  EPtot      =         1.9225
 BOND   =         4.8055  ANGLE   =        12.2972  DIHED      =        33.0475
 1-4 NB =         4.9899  1-4 EEL =       110.0061  VDWAALS    =        -2.4492
 EELEC  =      -139.5998  EGB     =       -24.4156  RESTRAINT  =         1.2086
 ESURF=         2.0323
 EAMBER (non-restraint)  =         0.7139
 ------------------------------------------------------------------------------

 NMR restraints: Bond =    0.000   Angle =     0.000   Torsion =     1.209
===============================================================================
| RE_POSITION Moving by  -8.079720 -3.982885 -4.450799

 NSTEP =   460000   TIME(PS) =    2920.000  TEMP(K) =   371.58  PRESS =     0.0
 Etot   =        32.1524  EKtot   =        29.1669  EPtot      =         2.9855
 BOND   =         6.2417  ANGLE   =        12.1344  DIHED      =        37.2253
 1-4 NB =         4.9036  1-4 EEL =       112.2909  VDWAALS    =        -4.4578
 EELEC  =      -146.6899  EGB     =       -20.7215  RESTRAINT  =         0.0949
 ESURF=         1.9638
 EAMBER (non-restraint)  =         2.8906
 ------------------------------------------------------------------------------

 NMR restraints: Bond =    0.000   Angle =     0.000   Torsion =     0.095
===============================================================================

 NSTEP =   465000   TIME(PS) =    2930.000  TEMP(K) =   387.54  PRESS =     0.0
 Etot   =        29.9396  EKtot   =        30.4197  EPtot      =        -0.4801
 BOND   =         4.5372  ANGLE   =        11.7358  DIHED      =        32.9346
 1-4 NB =         6.6391  1-4 EEL =       116.2077  VDWAALS    =        -4.5491
 EELEC  =      -147.1304  EGB     =       -23.0105  RESTRAINT  =         0.2531
 ESURF=         1.9025
 EAMBER (non-restraint)  =        -0.7331
 ------------------------------------------------------------------------------

 NMR restraints: Bond =    0.000   Angle =     0.000   Torsion =     0.253
===============================================================================
| RE_POSITION Moving by  -6.792227 -5.917131  8.142020

 NSTEP =   470000   TIME(PS) =    2940.000  TEMP(K) =   239.35  PRESS =     0.0
 Etot   =        23.9909  EKtot   =        18.7875  EPtot      =         5.2034
 BOND   =         3.9684  ANGLE   =        11.0845  DIHED      =        42.1571
 1-4 NB =         4.2013  1-4 EEL =       107.8895  VDWAALS    =        -3.7129
 EELEC  =      -138.5892  EGB     =       -23.8410  RESTRAINT  =         0.0370
 ESURF=         2.0088
 EAMBER (non-restraint)  =         5.1665
 ------------------------------------------------------------------------------

 NMR restraints: Bond =    0.000   Angle =     0.000   Torsion =     0.037
===============================================================================

 NSTEP =   475000   TIME(PS) =    2950.000  TEMP(K) =   344.51  PRESS =     0.0
 Etot   =        28.7398  EKtot   =        27.0422  EPtot      =         1.6976
 BOND   =         5.5081  ANGLE   =        13.1870  DIHED      =        34.6330
 1-4 NB =         4.4816  1-4 EEL =       112.7572  VDWAALS    =        -3.7568
 EELEC  =      -145.3660  EGB     =       -22.5309  RESTRAINT  =         0.8251
 ESURF=         1.9593
 EAMBER (non-restraint)  =         0.8725
 ------------------------------------------------------------------------------

 NMR restraints: Bond =    0.000   Angle =     0.000   Torsion =     0.825
===============================================================================
| RE_POSITION Moving by  -1.644805  3.491090  6.099847

 NSTEP =   480000   TIME(PS) =    2960.000  TEMP(K) =   307.53  PRESS =     0.0
 Etot   =        32.2173  EKtot   =        24.1396  EPtot      =         8.0777
 BOND   =         8.7730  ANGLE   =        16.3627  DIHED      =        37.0397
 1-4 NB =         4.9113  1-4 EEL =       110.9468  VDWAALS    =        -3.8851
 EELEC  =      -148.0767  EGB     =       -20.2419  RESTRAINT  =         0.3260
 ESURF=         1.9219
 EAMBER (non-restraint)  =         7.7517
 ------------------------------------------------------------------------------

 NMR restraints: Bond =    0.000   Angle =     0.000   Torsion =     0.326
===============================================================================

 NSTEP =   485000   TIME(PS) =    2970.000  TEMP(K) =   281.33  PRESS =     0.0
 Etot   =        34.0925  EKtot   =        22.0827  EPtot      =        12.0097
 BOND   =         6.7568  ANGLE   =        19.8895  DIHED      =        36.0836
 1-4 NB =         5.0219  1-4 EEL =       114.9194  VDWAALS    =        -3.8267
 EELEC  =      -145.0873  EGB     =       -24.2239  RESTRAINT  =         0.5351
 ESURF=         1.9415
 EAMBER (non-restraint)  =        11.4747
 ------------------------------------------------------------------------------

 NMR restraints: Bond =    0.000   Angle =     0.000   Torsion =     0.535
===============================================================================
| RE_POSITION Moving by  -5.050579 -6.526750 -1.009793

 NSTEP =   490000   TIME(PS) =    2980.000  TEMP(K) =   367.17  PRESS =     0.0
 Etot   =        28.1696  EKtot   =        28.8203  EPtot      =        -0.6508
 BOND   =         5.9421  ANGLE   =        14.4937  DIHED      =        33.7332
 1-4 NB =         4.1195  1-4 EEL =       107.9447  VDWAALS    =        -4.2960
 EELEC  =      -143.0374  EGB     =       -21.9561  RESTRAINT  =         0.4813
 ESURF=         1.9242
 EAMBER (non-restraint)  =        -1.1320
 ------------------------------------------------------------------------------

 NMR restraints: Bond =    0.000   Angle =     0.000   Torsion =     0.481
===============================================================================

 NSTEP =   495000   TIME(PS) =    2990.000  TEMP(K) =   251.38  PRESS =     0.0
 Etot   =        17.9339  EKtot   =        19.7318  EPtot      =        -1.7979
 BOND   =         2.8614  ANGLE   =        10.4463  DIHED      =        37.4829
 1-4 NB =         5.2135  1-4 EEL =       112.9959  VDWAALS    =        -4.4775
 EELEC  =      -146.2434  EGB     =       -22.0800  RESTRAINT  =         0.0883
 ESURF=         1.9145
 EAMBER (non-restraint)  =        -1.8862
 ------------------------------------------------------------------------------

 NMR restraints: Bond =    0.000   Angle =     0.000   Torsion =     0.088
===============================================================================
| RE_POSITION Moving by  -7.460849  5.202177  1.929118

 NSTEP =   500000   TIME(PS) =    3000.000  TEMP(K) =   329.31  PRESS =     0.0
 Etot   =        32.2011  EKtot   =        25.8491  EPtot      =         6.3520
 BOND   =         3.0945  ANGLE   =        19.1017  DIHED      =        35.5598
 1-4 NB =         6.4001  1-4 EEL =       107.3334  VDWAALS    =        -3.7305
 EELEC  =      -142.7359  EGB     =       -22.2506  RESTRAINT  =         1.6219
 ESURF=         1.9575
 EAMBER (non-restraint)  =         4.7301
 ------------------------------------------------------------------------------

 NMR restraints: Bond =    0.000   Angle =     0.000   Torsion =     1.622
===============================================================================

      A V E R A G E S   O V E R  500000 S T E P S


 NSTEP =   500000   TIME(PS) =    3000.000  TEMP(K) =   300.13  PRESS =     0.0
 Etot   =        28.2741  EKtot   =        23.5586  EPtot      =         4.7154
 BOND   =         5.4348  ANGLE   =        15.5280  DIHED      =        35.3370
 1-4 NB =         4.7572  1-4 EEL =       110.5263  VDWAALS    =        -3.7663
 EELEC  =      -141.4966  EGB     =       -24.0419  RESTRAINT  =         0.4916
 ESURF=         1.9453
 EAMBER (non-restraint)  =         4.2238
 ------------------------------------------------------------------------------

 NMR restraints: Bond =    0.000   Angle =     0.000   Torsion =     1.622
===============================================================================

      R M S  F L U C T U A T I O N S


 NSTEP =   500000   TIME(PS) =    3000.000  TEMP(K) =    47.69  PRESS =     0.0
 Etot   =         5.2658  EKtot   =         3.7431  EPtot      =         3.7276
 BOND   =         1.9851  ANGLE   =         3.2352  DIHED      =         1.8315
 1-4 NB =         1.0002  1-4 EEL =         3.2962  VDWAALS    =         0.7296
 EELEC  =         3.3310  EGB     =         2.2928  RESTRAINT  =         0.6574
 ESURF=         0.0439
 EAMBER (non-restraint)  =         3.0703
 ------------------------------------------------------------------------------


 NMR restraints on final step:


--------------------------------------------------------------------------------
   5.  TIMINGS
--------------------------------------------------------------------------------

|>>>>>>>>PROFILE of Average TIMES>>>>>>>>> 
|                Calc gb radii             27.80 ( 7.92% of Gen B)
|                Communicate gb radii     222.16 (63.31% of Gen B)
|                Calc gb diag              39.53 (11.27% of Gen B)
|                Calc gb off-diag          25.55 ( 7.28% of Gen B)
|                Surface area energy       35.21 (10.03% of Gen B)
|                Other                      0.66 ( 0.19% of Gen B)
|             Gen Born time            350.92 (100.0% of Nonbo)
|             IPS excludes               0.09 ( 0.02% of Nonbo)
|          Nonbond force            351.01 (29.34% of Force)
|          Bond/Angle/Dihedral       12.37 ( 1.03% of Force)
|          FRC Collect time         602.04 (50.32% of Force)
|          Other                    231.01 (19.31% of Force)
|       Force time              1196.43 (78.27% of Runmd)
|       Shake time                 1.65 ( 0.11% of Runmd)
|       Verlet update time       260.27 (17.03% of Runmd)
|       CRD distribute time       69.07 ( 4.52% of Runmd)
|       Other                      1.12 ( 0.07% of Runmd)
|    Runmd Time              1528.54 (100.0% of Total)
|    Other                      0.20 ( 0.01% of Total)
| Total time              1528.74 (100.0% of ALL  )

| Number of list builds   :          0

| Highest rstack allocated:          0
| Highest istack allocated:          0

| Final Performance Info:
| -----------------------------------------------------
| Average timings for all steps:
|     Elapsed(s) =    1528.54 Per Step(ms) =       3.06
|         ns/day =      56.52   seconds/ns =    1528.54
| -----------------------------------------------------

|           Job began  at 20:31:41.690  on 04/27/2013
|           Setup done at 20:31:41.894  on 04/27/2013
|           Run   done at 20:57:10.432  on 04/27/2013
|     wallclock() was called18500113 times
