
          -------------------------------------------------------
          Amber 12 SANDER                              2012
          -------------------------------------------------------

| Run on 04/27/2013 at 19:47:06
  [-O]verwriting output

File Assignments:
|  MDIN: run_84.in                                                             
| MDOUT: run_84.out                                                            
|INPCRD: ../eq1/run.rst                                                        
|  PARM: parm                                                                  
|RESTRT: run_84.rst                                                            
|  REFC: refc                                                                  
| MDVEL: mdvel                                                                 
|  MDEN: mden                                                                  
| MDCRD: run_84.nc                                                             
|MDINFO: mdinfo                                                                
|  MTMD: mtmd                                                                  
|INPDIP: inpdip                                                                
|RSTDIP: rstdip                                                                

|INPTRA: inptraj                                                               
|
 
 Here is the input file:
 
equilibration with restraint                                                   
 &cntrl                                                                        
   ig=85347,                                                                   
   irest=1, ntx=5,                                                             
   igb=8, gbsa=1,                                                              
   cut=9999.0, rgbmax=9998.0,                                                  
   ntc=2, ntf=1, tol=0.000001,                                                 
   ntt=3, gamma_ln=2.0, tempi=0.1,                                             
   ntb=0, nscm=10000,                                                          
   ioutfm=1,                                                                   
   nstlim=500000, dt=0.002,                                                    
   ntpr=50000, ntwx=50000, ntwv=0, ntwr=500000,                                
   nmropt=1,                                                                   
 /                                                                             
 &wt                                                                           
  type='END',                                                                  
 /                                                                             
DISANG=run_84.disang                                                           
                                                                               

--------------------------------------------------------------------------------
   1.  RESOURCE   USE: 
--------------------------------------------------------------------------------

| Flags: MPI                                                                    
| New format PARM file being parsed.
| Version =    1.000 Date = 04/27/13 Time = 01:42:54
 NATOM  =      32 NTYPES =       7 NBONH =      17 MBONA  =      14
 NTHETH =      36 MTHETA =      18 NPHIH =      64 MPHIA  =      45
 NHPARM =       0 NPARM  =       0 NNB   =     152 NRES   =       4
 NBONA  =      14 NTHETA =      18 NPHIA =      45 NUMBND =      11
 NUMANG =      21 NPTRA  =      20 NATYP =       8 NPHB   =       0
 IFBOX  =       0 NMXRS  =      10 IFCAP =       0 NEXTRA =       0
 NCOPY  =       0

 Implicit solvent radii are ArgH and AspGluO modified Bondi2 radii (mbondi3)                                
 Replacing prmtop screening parameters with GBn2 (igb=8) values

|     Memory Use     Allocated
|     Real                2330
|     Hollerith            102
|     Integer            23034
|     Max Pairs              1
|     nblistReal             0
|     nblist Int             0
|       Total              108 kbytes

| Note: 1-4 EEL scale factors are being read from the topology file.

| Note: 1-4 VDW scale factors are being read from the topology file.
| Duplicated    0 dihedrals
| Duplicated    0 dihedrals

--------------------------------------------------------------------------------
   2.  CONTROL  DATA  FOR  THE  RUN
--------------------------------------------------------------------------------

ACE                                                                             

General flags:
     imin    =       0, nmropt  =       1

Nature and format of input:
     ntx     =       5, irest   =       1, ntrx    =       1

Nature and format of output:
     ntxo    =       1, ntpr    =   50000, ntrx    =       1, ntwr    =  500000
     iwrap   =       0, ntwx    =   50000, ntwv    =       0, ntwe    =       0
     ioutfm  =       1, ntwprt  =       0, idecomp =       0, rbornstat=      0

Potential function:
     ntf     =       1, ntb     =       0, igb     =       8, nsnb    =      25
     ipol    =       0, gbsa    =       1, iesp    =       0
     dielc   =   1.00000, cut     =9999.00000, intdiel =   1.00000
     saltcon =   0.00000, offset  =   0.19514, surften =   0.00500
     rdt     =   0.00000, rgbmax  =9998.00000  extdiel =  78.50000
     alpb  =        0
     gbalphaH  =   0.78844, gbbetaH   =   0.79870,  gbgammaH  =    0.43733
     gbalphaC  =   0.73376, gbbetaC   =   0.50638,  gbgammaC  =    0.20584
     gbalphaN  =   0.50336, gbbetaN   =   0.31683,  gbgammaN  =    0.19292
     gbalphaOS =   0.86781, gbbetaOS  =   0.87664,  gbgammaOS =    0.38788
     gbalphaP  =   1.00000, gbbetaP   =   0.80000,  gbgammaP  =    4.85100

Frozen or restrained atoms:
     ibelly  =       0, ntr     =       0

Molecular dynamics:
     nstlim  =    500000, nscm    =     10000, nrespa  =         1
     t       =   0.00000, dt      =   0.00200, vlimit  =  20.00000

Langevin dynamics temperature regulation:
     ig      =   85347
     temp0   = 300.00000, tempi   =   0.10000, gamma_ln=   2.00000

SHAKE:
     ntc     =       2, jfastw  =       0
     tol     =   0.00000

NMR refinement options:
     iscale  =       0, noeskp  =       1, ipnlty  =       1, mxsub   =       1
     scalm   = 100.00000, pencut  =   0.10000, tausw   =   0.10000

| MPI Timing options:
|      profile_mpi =        0
|  INFO: Old style inpcrd file read


--------------------------------------------------------------------------------
   3.  ATOMIC COORDINATES AND VELOCITIES
--------------------------------------------------------------------------------

ACE                                                                             
 begin time read from input coords =  1000.000 ps



           Begin reading energy term weight changes/NMR restraints
 WEIGHT CHANGES:
                         ** No weight changes given **

 RESTRAINTS:
 Requested file redirections:
  DISANG    = run_84.disang
 Restraints will be read from file: run_84.disang
Here are comments from the DISANG input file:

                       Number of restraints read =     2

                  Done reading weight changes/NMR restraints


 Number of triangulated 3-point waters found:        0
|  Atom division among processors:
|         0      16      32
|  Running AMBER/MPI version on    2 nodes


--------------------------------------------------------------------------------
   4.  RESULTS
--------------------------------------------------------------------------------

|  # of SOLUTE  degrees of freedom (RNDFP):      79.
|  # of SOLVENT degrees of freedom (RNDFS):       0.
|  NDFMIN =      79.     NUM_NOSHAKE =      0     CORRECTED RNDFP =      79.
|  TOTAL # of degrees of freedom (RNDF) =      79.
| RE_POSITION Moving by  -1.032197 -8.873545  5.996945
| RE_POSITION Moving by   4.228803  7.349567  7.439969
| RE_POSITION Moving by  -1.050493  0.198842 -3.647859
| RE_POSITION Moving by   6.783365  0.304541 -4.847249
| RE_POSITION Moving by   9.453046 -2.669298 -3.070698

 NSTEP =    50000   TIME(PS) =    1100.000  TEMP(K) =   307.26  PRESS =     0.0
 Etot   =        25.7703  EKtot   =        24.1183  EPtot      =         1.6520
 BOND   =         3.0179  ANGLE   =        13.9319  DIHED      =        36.3042
 1-4 NB =         5.5919  1-4 EEL =       116.5947  VDWAALS    =        -4.8624
 EELEC  =      -151.7871  EGB     =       -20.7676  RESTRAINT  =         1.7628
 ESURF=         1.8657
 EAMBER (non-restraint)  =        -0.1108
 ------------------------------------------------------------------------------

 NMR restraints: Bond =    0.000   Angle =     0.000   Torsion =     1.763
===============================================================================
| RE_POSITION Moving by  -0.282492  1.080847 -1.070621
| RE_POSITION Moving by  -3.451783 -1.804353  1.436759
| RE_POSITION Moving by  -0.534610  0.015189 -3.745748
| RE_POSITION Moving by  -7.031855  4.875484 -2.087985
| RE_POSITION Moving by  -8.835423  2.374918  1.557256

 NSTEP =   100000   TIME(PS) =    1200.000  TEMP(K) =   277.77  PRESS =     0.0
 Etot   =        22.3739  EKtot   =        21.8034  EPtot      =         0.5705
 BOND   =         3.7102  ANGLE   =        15.1726  DIHED      =        35.5892
 1-4 NB =         4.0406  1-4 EEL =       116.5000  VDWAALS    =        -4.9021
 EELEC  =      -147.9989  EGB     =       -23.5783  RESTRAINT  =         0.1525
 ESURF=         1.8846
 EAMBER (non-restraint)  =         0.4180
 ------------------------------------------------------------------------------

 NMR restraints: Bond =    0.000   Angle =     0.000   Torsion =     0.152
===============================================================================
| RE_POSITION Moving by   4.130436  1.812798 -1.988955
| RE_POSITION Moving by  -0.501535 -0.987228  5.655738
| RE_POSITION Moving by   8.397517  0.508987 -8.340532
| RE_POSITION Moving by  -0.238138  2.678479  4.103059
| RE_POSITION Moving by  -0.719933  1.668345 -1.715852

 NSTEP =   150000   TIME(PS) =    1300.000  TEMP(K) =   250.55  PRESS =     0.0
 Etot   =        23.3479  EKtot   =        19.6663  EPtot      =         3.6816
 BOND   =         2.6412  ANGLE   =        16.6973  DIHED      =        33.4358
 1-4 NB =         6.1775  1-4 EEL =       115.9769  VDWAALS    =        -2.8162
 EELEC  =      -149.5367  EGB     =       -21.2667  RESTRAINT  =         0.5381
 ESURF=         1.8345
 EAMBER (non-restraint)  =         3.1436
 ------------------------------------------------------------------------------

 NMR restraints: Bond =    0.000   Angle =     0.000   Torsion =     0.538
===============================================================================
| RE_POSITION Moving by  -7.506686 -9.243103 -1.347505
| RE_POSITION Moving by   2.929672  2.895608  1.566793
| RE_POSITION Moving by  -1.689962  5.840043 -4.192483
| RE_POSITION Moving by   3.004007  5.136775 -1.710892
| RE_POSITION Moving by  -1.582852 -6.114624  5.456937

 NSTEP =   200000   TIME(PS) =    1400.000  TEMP(K) =   256.85  PRESS =     0.0
 Etot   =        28.8027  EKtot   =        20.1613  EPtot      =         8.6414
 BOND   =        11.5491  ANGLE   =        15.2390  DIHED      =        32.3069
 1-4 NB =         5.1531  1-4 EEL =       116.5434  VDWAALS    =        -5.0552
 EELEC  =      -152.3152  EGB     =       -19.9919  RESTRAINT  =         3.3779
 ESURF=         1.8343
 EAMBER (non-restraint)  =         5.2635
 ------------------------------------------------------------------------------

 NMR restraints: Bond =    0.000   Angle =     0.000   Torsion =     3.378
===============================================================================
| RE_POSITION Moving by  -4.474377 -8.887409 -1.607559
| RE_POSITION Moving by  -3.609136 -4.289798  8.791745
| RE_POSITION Moving by  -1.308044 -1.907414  5.830902
| RE_POSITION Moving by  -1.317787 -5.850235  5.460325
| RE_POSITION Moving by  -3.286149 -1.284982 -5.139410

 NSTEP =   250000   TIME(PS) =    1500.000  TEMP(K) =   276.68  PRESS =     0.0
 Etot   =        28.4669  EKtot   =        21.7176  EPtot      =         6.7494
 BOND   =         6.2921  ANGLE   =        17.7388  DIHED      =        36.0240
 1-4 NB =         5.3772  1-4 EEL =       115.6511  VDWAALS    =        -4.6587
 EELEC  =      -150.9174  EGB     =       -20.5952  RESTRAINT  =         0.0046
 ESURF=         1.8329
 EAMBER (non-restraint)  =         6.7448
 ------------------------------------------------------------------------------

 NMR restraints: Bond =    0.000   Angle =     0.000   Torsion =     0.005
===============================================================================
| RE_POSITION Moving by   5.436427  4.073490 -2.318992
| RE_POSITION Moving by  -0.764127 -4.037714 -4.255559
| RE_POSITION Moving by   5.001011 -1.266059 -2.859380
| RE_POSITION Moving by  -0.383884  9.839700 -8.230529
| RE_POSITION Moving by  -1.454326-10.319738  0.174699

 NSTEP =   300000   TIME(PS) =    1600.000  TEMP(K) =   235.45  PRESS =     0.0
 Etot   =        25.7527  EKtot   =        18.4811  EPtot      =         7.2716
 BOND   =         3.5102  ANGLE   =        16.8598  DIHED      =        37.5231
 1-4 NB =         4.9571  1-4 EEL =       118.4467  VDWAALS    =        -3.0050
 EELEC  =      -147.2976  EGB     =       -25.8242  RESTRAINT  =         0.1293
 ESURF=         1.9722
 EAMBER (non-restraint)  =         7.1423
 ------------------------------------------------------------------------------

 NMR restraints: Bond =    0.000   Angle =     0.000   Torsion =     0.129
===============================================================================
| RE_POSITION Moving by   1.304054  0.249874 -4.493978
| RE_POSITION Moving by  -1.529166  2.487947 -7.776294
| RE_POSITION Moving by  -1.960498  4.982043 -1.208535
| RE_POSITION Moving by   2.130228 -2.076106 -2.310850
| RE_POSITION Moving by  -1.386341 -7.930522 -7.389979

 NSTEP =   350000   TIME(PS) =    1700.000  TEMP(K) =   293.64  PRESS =     0.0
 Etot   =        28.1992  EKtot   =        23.0492  EPtot      =         5.1500
 BOND   =         2.6191  ANGLE   =        14.1212  DIHED      =        37.5981
 1-4 NB =         5.9894  1-4 EEL =       123.1558  VDWAALS    =        -3.5485
 EELEC  =      -152.5226  EGB     =       -24.2189  RESTRAINT  =         0.0410
 ESURF=         1.9155
 EAMBER (non-restraint)  =         5.1090
 ------------------------------------------------------------------------------

 NMR restraints: Bond =    0.000   Angle =     0.000   Torsion =     0.041
===============================================================================
| RE_POSITION Moving by  -4.821338 -3.752562 -2.724952
| RE_POSITION Moving by   0.738115 -0.934638  8.021972
| RE_POSITION Moving by   4.837582  7.686513 -4.634642
| RE_POSITION Moving by  -3.370821 -8.476555 -1.942635
| RE_POSITION Moving by   1.027372 -2.523035  8.970405

 NSTEP =   400000   TIME(PS) =    1800.000  TEMP(K) =   201.39  PRESS =     0.0
 Etot   =        23.6920  EKtot   =        15.8080  EPtot      =         7.8840
 BOND   =         8.6855  ANGLE   =        18.8775  DIHED      =        36.0840
 1-4 NB =         2.1625  1-4 EEL =       115.8764  VDWAALS    =        -3.5343
 EELEC  =      -144.7165  EGB     =       -27.5398  RESTRAINT  =         0.0117
 ESURF=         1.9772
 EAMBER (non-restraint)  =         7.8724
 ------------------------------------------------------------------------------

 NMR restraints: Bond =    0.000   Angle =     0.000   Torsion =     0.012
===============================================================================
| RE_POSITION Moving by   4.785216 -5.672979  3.402753
| RE_POSITION Moving by   7.790189 -3.763506 -3.871407
| RE_POSITION Moving by  -2.534843 -3.478714 -5.324483
| RE_POSITION Moving by  -2.050616  2.382586 -7.487290
| RE_POSITION Moving by   3.920321  1.897296  8.779733

 NSTEP =   450000   TIME(PS) =    1900.000  TEMP(K) =   283.80  PRESS =     0.0
 Etot   =        24.1840  EKtot   =        22.2764  EPtot      =         1.9076
 BOND   =         5.4669  ANGLE   =        11.6276  DIHED      =        37.9162
 1-4 NB =         4.3960  1-4 EEL =       118.2777  VDWAALS    =        -3.9160
 EELEC  =      -150.3849  EGB     =       -23.5283  RESTRAINT  =         0.0732
 ESURF=         1.9794
 EAMBER (non-restraint)  =         1.8345
 ------------------------------------------------------------------------------

 NMR restraints: Bond =    0.000   Angle =     0.000   Torsion =     0.073
===============================================================================
| RE_POSITION Moving by   7.347115  6.295896  6.121709
| RE_POSITION Moving by   2.881561 -5.426141 -4.325116
| RE_POSITION Moving by   7.001672  3.095823  0.339361
| RE_POSITION Moving by   6.564897  6.591221 10.767172
| RE_POSITION Moving by   2.530538  0.861316 -4.896712

 NSTEP =   500000   TIME(PS) =    2000.000  TEMP(K) =   251.03  PRESS =     0.0
 Etot   =        30.5073  EKtot   =        19.7043  EPtot      =        10.8030
 BOND   =         5.3019  ANGLE   =        18.0665  DIHED      =        37.9306
 1-4 NB =         5.7160  1-4 EEL =       114.7666  VDWAALS    =        -3.6859
 EELEC  =      -147.8619  EGB     =       -21.9378  RESTRAINT  =         0.5803
 ESURF=         1.9268
 EAMBER (non-restraint)  =        10.2227
 ------------------------------------------------------------------------------

 NMR restraints: Bond =    0.000   Angle =     0.000   Torsion =     0.580
===============================================================================

      A V E R A G E S   O V E R  500000 S T E P S


 NSTEP =   500000   TIME(PS) =    2000.000  TEMP(K) =   300.11  PRESS =     0.0
 Etot   =        28.8487  EKtot   =        23.5569  EPtot      =         5.2918
 BOND   =         5.3653  ANGLE   =        15.9258  DIHED      =        35.5468
 1-4 NB =         4.8963  1-4 EEL =       117.4709  VDWAALS    =        -4.2640
 EELEC  =      -149.3383  EGB     =       -23.1350  RESTRAINT  =         0.9098
 ESURF=         1.9142
 EAMBER (non-restraint)  =         4.3820
 ------------------------------------------------------------------------------

 NMR restraints: Bond =    0.000   Angle =     0.000   Torsion =     0.580
===============================================================================

      R M S  F L U C T U A T I O N S


 NSTEP =   500000   TIME(PS) =    2000.000  TEMP(K) =    47.69  PRESS =     0.0
 Etot   =         5.5760  EKtot   =         3.7431  EPtot      =         4.1353
 BOND   =         1.9735  ANGLE   =         3.2421  DIHED      =         3.1468
 1-4 NB =         0.9850  1-4 EEL =         4.4316  VDWAALS    =         0.8738
 EELEC  =         4.5711  EGB     =         1.8900  RESTRAINT  =         1.3449
 ESURF=         0.0497
 EAMBER (non-restraint)  =         2.7904
 ------------------------------------------------------------------------------


 NMR restraints on final step:


--------------------------------------------------------------------------------
   5.  TIMINGS
--------------------------------------------------------------------------------

|>>>>>>>>PROFILE of Average TIMES>>>>>>>>> 
|                Calc gb radii             27.91 ( 8.16% of Gen B)
|                Communicate gb radii     211.88 (61.94% of Gen B)
|                Calc gb diag              39.45 (11.53% of Gen B)
|                Calc gb off-diag          25.59 ( 7.48% of Gen B)
|                Surface area energy       36.58 (10.69% of Gen B)
|                Other                      0.68 ( 0.20% of Gen B)
|             Gen Born time            342.08 (100.0% of Nonbo)
|             IPS excludes               0.09 ( 0.03% of Nonbo)
|          Nonbond force            342.17 (29.45% of Force)
|          Bond/Angle/Dihedral       12.28 ( 1.06% of Force)
|          FRC Collect time         584.07 (50.26% of Force)
|          Other                    223.54 (19.24% of Force)
|       Force time              1162.06 (78.41% of Runmd)
|       Shake time                 1.64 ( 0.11% of Runmd)
|       Verlet update time       250.89 (16.93% of Runmd)
|       CRD distribute time       66.32 ( 4.47% of Runmd)
|       Other                      1.11 ( 0.07% of Runmd)
|    Runmd Time              1482.02 (100.0% of Total)
| Total time              1482.10 (100.0% of ALL  )

| Number of list builds   :          0

| Highest rstack allocated:          0
| Highest istack allocated:          0

| Final Performance Info:
| -----------------------------------------------------
| Average timings for all steps:
|     Elapsed(s) =    1482.02 Per Step(ms) =       2.96
|         ns/day =      58.30   seconds/ns =    1482.02
| -----------------------------------------------------

|           Job began  at 19:47:06.244  on 04/27/2013
|           Setup done at 19:47:06.353  on 04/27/2013
|           Run   done at 20:11:48.375  on 04/27/2013
|     wallclock() was called18500023 times
