
          -------------------------------------------------------
          Amber 12 SANDER                              2012
          -------------------------------------------------------

| Run on 04/27/2013 at 19:47:06
  [-O]verwriting output

File Assignments:
|  MDIN: run_132.in                                                            
| MDOUT: run_132.out                                                           
|INPCRD: ../eq1/run.rst                                                        
|  PARM: parm                                                                  
|RESTRT: run_132.rst                                                           
|  REFC: refc                                                                  
| MDVEL: mdvel                                                                 
|  MDEN: mden                                                                  
| MDCRD: run_132.nc                                                            
|MDINFO: mdinfo                                                                
|  MTMD: mtmd                                                                  
|INPDIP: inpdip                                                                
|RSTDIP: rstdip                                                                

|INPTRA: inptraj                                                               
|
 
 Here is the input file:
 
equilibration with restraint                                                   
 &cntrl                                                                        
   ig=528295,                                                                  
   irest=1, ntx=5,                                                             
   igb=8, gbsa=1,                                                              
   cut=9999.0, rgbmax=9998.0,                                                  
   ntc=2, ntf=1, tol=0.000001,                                                 
   ntt=3, gamma_ln=2.0, tempi=0.1,                                             
   ntb=0, nscm=10000,                                                          
   ioutfm=1,                                                                   
   nstlim=500000, dt=0.002,                                                    
   ntpr=50000, ntwx=50000, ntwv=0, ntwr=500000,                                
   nmropt=1,                                                                   
 /                                                                             
 &wt                                                                           
  type='END',                                                                  
 /                                                                             
DISANG=run_132.disang                                                          
                                                                               

--------------------------------------------------------------------------------
   1.  RESOURCE   USE: 
--------------------------------------------------------------------------------

| Flags: MPI                                                                    
| New format PARM file being parsed.
| Version =    1.000 Date = 04/27/13 Time = 01:42:54
 NATOM  =      32 NTYPES =       7 NBONH =      17 MBONA  =      14
 NTHETH =      36 MTHETA =      18 NPHIH =      64 MPHIA  =      45
 NHPARM =       0 NPARM  =       0 NNB   =     152 NRES   =       4
 NBONA  =      14 NTHETA =      18 NPHIA =      45 NUMBND =      11
 NUMANG =      21 NPTRA  =      20 NATYP =       8 NPHB   =       0
 IFBOX  =       0 NMXRS  =      10 IFCAP =       0 NEXTRA =       0
 NCOPY  =       0

 Implicit solvent radii are ArgH and AspGluO modified Bondi2 radii (mbondi3)                                
 Replacing prmtop screening parameters with GBn2 (igb=8) values

|     Memory Use     Allocated
|     Real                2330
|     Hollerith            102
|     Integer            23034
|     Max Pairs              1
|     nblistReal             0
|     nblist Int             0
|       Total              108 kbytes

| Note: 1-4 EEL scale factors are being read from the topology file.

| Note: 1-4 VDW scale factors are being read from the topology file.
| Duplicated    0 dihedrals
| Duplicated    0 dihedrals

--------------------------------------------------------------------------------
   2.  CONTROL  DATA  FOR  THE  RUN
--------------------------------------------------------------------------------

ACE                                                                             

General flags:
     imin    =       0, nmropt  =       1

Nature and format of input:
     ntx     =       5, irest   =       1, ntrx    =       1

Nature and format of output:
     ntxo    =       1, ntpr    =   50000, ntrx    =       1, ntwr    =  500000
     iwrap   =       0, ntwx    =   50000, ntwv    =       0, ntwe    =       0
     ioutfm  =       1, ntwprt  =       0, idecomp =       0, rbornstat=      0

Potential function:
     ntf     =       1, ntb     =       0, igb     =       8, nsnb    =      25
     ipol    =       0, gbsa    =       1, iesp    =       0
     dielc   =   1.00000, cut     =9999.00000, intdiel =   1.00000
     saltcon =   0.00000, offset  =   0.19514, surften =   0.00500
     rdt     =   0.00000, rgbmax  =9998.00000  extdiel =  78.50000
     alpb  =        0
     gbalphaH  =   0.78844, gbbetaH   =   0.79870,  gbgammaH  =    0.43733
     gbalphaC  =   0.73376, gbbetaC   =   0.50638,  gbgammaC  =    0.20584
     gbalphaN  =   0.50336, gbbetaN   =   0.31683,  gbgammaN  =    0.19292
     gbalphaOS =   0.86781, gbbetaOS  =   0.87664,  gbgammaOS =    0.38788
     gbalphaP  =   1.00000, gbbetaP   =   0.80000,  gbgammaP  =    4.85100

Frozen or restrained atoms:
     ibelly  =       0, ntr     =       0

Molecular dynamics:
     nstlim  =    500000, nscm    =     10000, nrespa  =         1
     t       =   0.00000, dt      =   0.00200, vlimit  =  20.00000

Langevin dynamics temperature regulation:
     ig      =  528295
     temp0   = 300.00000, tempi   =   0.10000, gamma_ln=   2.00000

SHAKE:
     ntc     =       2, jfastw  =       0
     tol     =   0.00000

NMR refinement options:
     iscale  =       0, noeskp  =       1, ipnlty  =       1, mxsub   =       1
     scalm   = 100.00000, pencut  =   0.10000, tausw   =   0.10000

| MPI Timing options:
|      profile_mpi =        0
|  INFO: Old style inpcrd file read


--------------------------------------------------------------------------------
   3.  ATOMIC COORDINATES AND VELOCITIES
--------------------------------------------------------------------------------

ACE                                                                             
 begin time read from input coords =  1000.000 ps



           Begin reading energy term weight changes/NMR restraints
 WEIGHT CHANGES:
                         ** No weight changes given **

 RESTRAINTS:
 Requested file redirections:
  DISANG    = run_132.disang
 Restraints will be read from file: run_132.disang
Here are comments from the DISANG input file:

                       Number of restraints read =     2

                  Done reading weight changes/NMR restraints


 Number of triangulated 3-point waters found:        0
|  Atom division among processors:
|         0      16      32
|  Running AMBER/MPI version on    2 nodes


--------------------------------------------------------------------------------
   4.  RESULTS
--------------------------------------------------------------------------------

|  # of SOLUTE  degrees of freedom (RNDFP):      79.
|  # of SOLVENT degrees of freedom (RNDFS):       0.
|  NDFMIN =      79.     NUM_NOSHAKE =      0     CORRECTED RNDFP =      79.
|  TOTAL # of degrees of freedom (RNDF) =      79.
| RE_POSITION Moving by  -1.168887 -2.088042 -5.293977
| RE_POSITION Moving by  -2.596324 -2.674269  3.777566
| RE_POSITION Moving by  -1.812870  4.102786  3.519786
| RE_POSITION Moving by  -3.436346 -5.593501  0.580902
| RE_POSITION Moving by  -4.570119 -6.154009 -5.209554

 NSTEP =    50000   TIME(PS) =    1100.000  TEMP(K) =   283.10  PRESS =     0.0
 Etot   =        20.4938  EKtot   =        22.2216  EPtot      =        -1.7278
 BOND   =         7.0514  ANGLE   =        13.3389  DIHED      =        25.4608
 1-4 NB =         6.3759  1-4 EEL =       118.4254  VDWAALS    =         0.1378
 EELEC  =      -154.6556  EGB     =       -20.7938  RESTRAINT  =         1.0017
 ESURF=         1.9296
 EAMBER (non-restraint)  =        -2.7295
 ------------------------------------------------------------------------------

 NMR restraints: Bond =    0.000   Angle =     0.000   Torsion =     1.002
===============================================================================
| RE_POSITION Moving by  -2.255675  2.304400 -5.018854
| RE_POSITION Moving by  -2.281113 -1.669931 -7.415103
| RE_POSITION Moving by   6.594247  6.070919  0.844575
| RE_POSITION Moving by   5.518957  1.878214 -2.890087
| RE_POSITION Moving by  -1.794476  5.987611 -8.409397

 NSTEP =   100000   TIME(PS) =    1200.000  TEMP(K) =   291.10  PRESS =     0.0
 Etot   =        20.5341  EKtot   =        22.8494  EPtot      =        -2.3153
 BOND   =         6.2835  ANGLE   =        19.5206  DIHED      =        24.6571
 1-4 NB =         3.0854  1-4 EEL =       115.7774  VDWAALS    =        -3.2736
 EELEC  =      -143.9793  EGB     =       -27.1555  RESTRAINT  =         0.7884
 ESURF=         1.9807
 EAMBER (non-restraint)  =        -3.1037
 ------------------------------------------------------------------------------

 NMR restraints: Bond =    0.000   Angle =     0.000   Torsion =     0.788
===============================================================================
| RE_POSITION Moving by   2.361032 -5.416658  6.079588
| RE_POSITION Moving by  -6.777131 -3.686328 -7.219792
| RE_POSITION Moving by   1.032264 -2.639546  3.521837
| RE_POSITION Moving by  -8.432381  2.146902  3.471453
| RE_POSITION Moving by  -0.924877 -5.301472 -2.475336

 NSTEP =   150000   TIME(PS) =    1300.000  TEMP(K) =   321.38  PRESS =     0.0
 Etot   =        21.7734  EKtot   =        25.2267  EPtot      =        -3.4534
 BOND   =         2.4030  ANGLE   =        19.6707  DIHED      =        26.2092
 1-4 NB =         3.9918  1-4 EEL =       117.3890  VDWAALS    =        -3.1704
 EELEC  =      -149.6040  EGB     =       -22.5365  RESTRAINT  =         0.2092
 ESURF=         1.9847
 EAMBER (non-restraint)  =        -3.6626
 ------------------------------------------------------------------------------

 NMR restraints: Bond =    0.000   Angle =     0.000   Torsion =     0.209
===============================================================================
| RE_POSITION Moving by   0.835848  1.961922  1.743247
| RE_POSITION Moving by   5.723431  3.523373  6.008648
| RE_POSITION Moving by  -2.747467 -1.376958 -0.239465
| RE_POSITION Moving by   5.534947 -2.064720  1.155811
| RE_POSITION Moving by   0.196968 -1.630158 -3.777274

 NSTEP =   200000   TIME(PS) =    1400.000  TEMP(K) =   314.76  PRESS =     0.0
 Etot   =        25.7551  EKtot   =        24.7064  EPtot      =         1.0487
 BOND   =         5.4225  ANGLE   =        16.1107  DIHED      =        26.1361
 1-4 NB =         4.7519  1-4 EEL =       117.2031  VDWAALS    =        -2.2427
 EELEC  =      -142.9875  EGB     =       -25.4060  RESTRAINT  =         0.0658
 ESURF=         1.9948
 EAMBER (non-restraint)  =         0.9830
 ------------------------------------------------------------------------------

 NMR restraints: Bond =    0.000   Angle =     0.000   Torsion =     0.066
===============================================================================
| RE_POSITION Moving by   6.240567 -5.645940 -3.593824
| RE_POSITION Moving by   0.156492 -4.529133  5.321308
| RE_POSITION Moving by  -4.858536  6.091017  3.126875
| RE_POSITION Moving by   4.333476  5.063636  4.523398
| RE_POSITION Moving by  -3.366478  1.091004 -0.104043

 NSTEP =   250000   TIME(PS) =    1500.000  TEMP(K) =   329.01  PRESS =     0.0
 Etot   =        14.1556  EKtot   =        25.8256  EPtot      =       -11.6700
 BOND   =         4.3507  ANGLE   =        13.5225  DIHED      =        23.5997
 1-4 NB =         4.0201  1-4 EEL =       117.2454  VDWAALS    =        -3.9751
 EELEC  =      -148.5935  EGB     =       -24.3842  RESTRAINT  =         0.5925
 ESURF=         1.9519
 EAMBER (non-restraint)  =       -12.2625
 ------------------------------------------------------------------------------

 NMR restraints: Bond =    0.000   Angle =     0.000   Torsion =     0.592
===============================================================================
| RE_POSITION Moving by  -9.180262  0.469475 -4.596768
| RE_POSITION Moving by  -2.395947  4.745955 -2.020374
| RE_POSITION Moving by  -4.757204  6.130192  2.402530
| RE_POSITION Moving by  -4.856542 -4.847581 -5.643921
| RE_POSITION Moving by  -2.152243 -0.589066 -4.134883

 NSTEP =   300000   TIME(PS) =    1600.000  TEMP(K) =   308.01  PRESS =     0.0
 Etot   =        22.3037  EKtot   =        24.1771  EPtot      =        -1.8734
 BOND   =         3.8310  ANGLE   =        13.2317  DIHED      =        32.1880
 1-4 NB =         4.8389  1-4 EEL =       120.1510  VDWAALS    =        -3.6305
 EELEC  =      -153.1536  EGB     =       -21.5542  RESTRAINT  =         0.2775
 ESURF=         1.9468
 EAMBER (non-restraint)  =        -2.1509
 ------------------------------------------------------------------------------

 NMR restraints: Bond =    0.000   Angle =     0.000   Torsion =     0.277
===============================================================================
| RE_POSITION Moving by   0.524013  1.510893  3.090695
| RE_POSITION Moving by   3.207203  7.503688 -3.719485
| RE_POSITION Moving by   3.509395  2.082584 -3.541603
| RE_POSITION Moving by   0.754413  2.419989 -5.099845
| RE_POSITION Moving by   3.242041 -0.308850 -1.730872

 NSTEP =   350000   TIME(PS) =    1700.000  TEMP(K) =   258.40  PRESS =     0.0
 Etot   =        18.3177  EKtot   =        20.2831  EPtot      =        -1.9654
 BOND   =         2.0139  ANGLE   =        17.3374  DIHED      =        28.2024
 1-4 NB =         4.4168  1-4 EEL =       117.4664  VDWAALS    =        -2.7124
 EELEC  =      -147.4429  EGB     =       -24.1032  RESTRAINT  =         0.8402
 ESURF=         2.0161
 EAMBER (non-restraint)  =        -2.8056
 ------------------------------------------------------------------------------

 NMR restraints: Bond =    0.000   Angle =     0.000   Torsion =     0.840
===============================================================================
| RE_POSITION Moving by   1.097348 -3.630498 -1.299845
| RE_POSITION Moving by  -4.217677 -4.754864 -0.149153
| RE_POSITION Moving by   0.785050 -3.394830  2.684108
| RE_POSITION Moving by  -1.653904 -0.091098 -2.117995
| RE_POSITION Moving by   2.042896 -8.906671  1.338046

 NSTEP =   400000   TIME(PS) =    1800.000  TEMP(K) =   202.10  PRESS =     0.0
 Etot   =         9.7889  EKtot   =        15.8638  EPtot      =        -6.0749
 BOND   =         3.7860  ANGLE   =        13.9239  DIHED      =        27.7754
 1-4 NB =         4.7764  1-4 EEL =       122.6376  VDWAALS    =        -3.6419
 EELEC  =      -154.2167  EGB     =       -23.6500  RESTRAINT  =         0.5669
 ESURF=         1.9674
 EAMBER (non-restraint)  =        -6.6418
 ------------------------------------------------------------------------------

 NMR restraints: Bond =    0.000   Angle =     0.000   Torsion =     0.567
===============================================================================
| RE_POSITION Moving by  -3.776988 -3.280363 -2.199233
| RE_POSITION Moving by   7.119226 -4.999416  3.769030
| RE_POSITION Moving by   9.023608 -6.143020 -1.319188
| RE_POSITION Moving by  -3.808655  1.393270  1.087089
| RE_POSITION Moving by  -0.682624 -0.211481 -1.157226

 NSTEP =   450000   TIME(PS) =    1900.000  TEMP(K) =   325.32  PRESS =     0.0
 Etot   =        21.6924  EKtot   =        25.5357  EPtot      =        -3.8434
 BOND   =         4.5725  ANGLE   =        17.6093  DIHED      =        26.9052
 1-4 NB =         5.6776  1-4 EEL =       117.6058  VDWAALS    =        -5.0063
 EELEC  =      -150.1137  EGB     =       -23.0114  RESTRAINT  =         0.0336
 ESURF=         1.8840
 EAMBER (non-restraint)  =        -3.8770
 ------------------------------------------------------------------------------

 NMR restraints: Bond =    0.000   Angle =     0.000   Torsion =     0.034
===============================================================================
| RE_POSITION Moving by   0.862108 -0.723244  7.939078
| RE_POSITION Moving by   1.420377 -9.470996 -7.402420
| RE_POSITION Moving by  -4.871407  3.330662  3.698660
| RE_POSITION Moving by  -9.016408  1.085286  2.901042
| RE_POSITION Moving by   1.867294 -5.360611 -1.213733

 NSTEP =   500000   TIME(PS) =    2000.000  TEMP(K) =   235.85  PRESS =     0.0
 Etot   =         8.7289  EKtot   =        18.5129  EPtot      =        -9.7840
 BOND   =         4.4961  ANGLE   =        13.1277  DIHED      =        25.6177
 1-4 NB =         3.9136  1-4 EEL =       119.6741  VDWAALS    =        -4.2883
 EELEC  =      -152.4736  EGB     =       -22.2088  RESTRAINT  =         0.4027
 ESURF=         1.9547
 EAMBER (non-restraint)  =       -10.1867
 ------------------------------------------------------------------------------

 NMR restraints: Bond =    0.000   Angle =     0.000   Torsion =     0.403
===============================================================================

      A V E R A G E S   O V E R  500000 S T E P S


 NSTEP =   500000   TIME(PS) =    2000.000  TEMP(K) =   298.67  PRESS =     0.0
 Etot   =        17.2300  EKtot   =        23.4439  EPtot      =        -6.2139
 BOND   =         5.2882  ANGLE   =        14.2634  DIHED      =        25.2292
 1-4 NB =         4.9964  1-4 EEL =       118.9472  VDWAALS    =        -3.5622
 EELEC  =      -150.5295  EGB     =       -23.5233  RESTRAINT  =         0.7218
 ESURF=         1.9550
 EAMBER (non-restraint)  =        -6.9356
 ------------------------------------------------------------------------------

 NMR restraints: Bond =    0.000   Angle =     0.000   Torsion =     0.403
===============================================================================

      R M S  F L U C T U A T I O N S


 NSTEP =   500000   TIME(PS) =    2000.000  TEMP(K) =    47.40  PRESS =     0.0
 Etot   =         5.3587  EKtot   =         3.7209  EPtot      =         3.8388
 BOND   =         1.9473  ANGLE   =         3.0234  DIHED      =         2.0108
 1-4 NB =         0.9818  1-4 EEL =         3.0788  VDWAALS    =         0.7524
 EELEC  =         3.7469  EGB     =         1.7764  RESTRAINT  =         0.8574
 ESURF=         0.0408
 EAMBER (non-restraint)  =         2.9814
 ------------------------------------------------------------------------------


 NMR restraints on final step:


--------------------------------------------------------------------------------
   5.  TIMINGS
--------------------------------------------------------------------------------

|>>>>>>>>PROFILE of Average TIMES>>>>>>>>> 
|                Calc gb radii             27.42 ( 8.13% of Gen B)
|                Communicate gb radii     212.09 (62.86% of Gen B)
|                Calc gb diag              39.06 (11.58% of Gen B)
|                Calc gb off-diag          25.23 ( 7.48% of Gen B)
|                Surface area energy       32.93 ( 9.76% of Gen B)
|                Other                      0.68 ( 0.20% of Gen B)
|             Gen Born time            337.41 (100.0% of Nonbo)
|             IPS excludes               0.10 ( 0.03% of Nonbo)
|          Nonbond force            337.51 (29.46% of Force)
|          Bond/Angle/Dihedral       12.25 ( 1.07% of Force)
|          FRC Collect time         573.75 (50.09% of Force)
|          Other                    222.01 (19.38% of Force)
|       Force time              1145.52 (78.18% of Runmd)
|       Shake time                 1.58 ( 0.11% of Runmd)
|       Verlet update time       249.99 (17.06% of Runmd)
|       CRD distribute time       67.07 ( 4.58% of Runmd)
|       Other                      1.11 ( 0.08% of Runmd)
|    Runmd Time              1465.27 (100.0% of Total)
| Total time              1465.31 (100.0% of ALL  )

| Number of list builds   :          0

| Highest rstack allocated:          0
| Highest istack allocated:          0

| Final Performance Info:
| -----------------------------------------------------
| Average timings for all steps:
|     Elapsed(s) =    1465.27 Per Step(ms) =       2.93
|         ns/day =      58.97   seconds/ns =    1465.27
| -----------------------------------------------------

|           Job began  at 19:47:06.222  on 04/27/2013
|           Setup done at 19:47:06.284  on 04/27/2013
|           Run   done at 20:11:31.553  on 04/27/2013
|     wallclock() was called18500023 times
