
          -------------------------------------------------------
          Amber 12 SANDER                              2012
          -------------------------------------------------------

| Run on 04/27/2013 at 19:47:06
  [-O]verwriting output

File Assignments:
|  MDIN: run_102.in                                                            
| MDOUT: run_102.out                                                           
|INPCRD: ../eq1/run.rst                                                        
|  PARM: parm                                                                  
|RESTRT: run_102.rst                                                           
|  REFC: refc                                                                  
| MDVEL: mdvel                                                                 
|  MDEN: mden                                                                  
| MDCRD: run_102.nc                                                            
|MDINFO: mdinfo                                                                
|  MTMD: mtmd                                                                  
|INPDIP: inpdip                                                                
|RSTDIP: rstdip                                                                

|INPTRA: inptraj                                                               
|
 
 Here is the input file:
 
equilibration with restraint                                                   
 &cntrl                                                                        
   ig=251407,                                                                  
   irest=1, ntx=5,                                                             
   igb=8, gbsa=1,                                                              
   cut=9999.0, rgbmax=9998.0,                                                  
   ntc=2, ntf=1, tol=0.000001,                                                 
   ntt=3, gamma_ln=2.0, tempi=0.1,                                             
   ntb=0, nscm=10000,                                                          
   ioutfm=1,                                                                   
   nstlim=500000, dt=0.002,                                                    
   ntpr=50000, ntwx=50000, ntwv=0, ntwr=500000,                                
   nmropt=1,                                                                   
 /                                                                             
 &wt                                                                           
  type='END',                                                                  
 /                                                                             
DISANG=run_102.disang                                                          
                                                                               

--------------------------------------------------------------------------------
   1.  RESOURCE   USE: 
--------------------------------------------------------------------------------

| Flags: MPI                                                                    
| New format PARM file being parsed.
| Version =    1.000 Date = 04/27/13 Time = 01:42:54
 NATOM  =      32 NTYPES =       7 NBONH =      17 MBONA  =      14
 NTHETH =      36 MTHETA =      18 NPHIH =      64 MPHIA  =      45
 NHPARM =       0 NPARM  =       0 NNB   =     152 NRES   =       4
 NBONA  =      14 NTHETA =      18 NPHIA =      45 NUMBND =      11
 NUMANG =      21 NPTRA  =      20 NATYP =       8 NPHB   =       0
 IFBOX  =       0 NMXRS  =      10 IFCAP =       0 NEXTRA =       0
 NCOPY  =       0

 Implicit solvent radii are ArgH and AspGluO modified Bondi2 radii (mbondi3)                                
 Replacing prmtop screening parameters with GBn2 (igb=8) values

|     Memory Use     Allocated
|     Real                2330
|     Hollerith            102
|     Integer            23034
|     Max Pairs              1
|     nblistReal             0
|     nblist Int             0
|       Total              108 kbytes

| Note: 1-4 EEL scale factors are being read from the topology file.

| Note: 1-4 VDW scale factors are being read from the topology file.
| Duplicated    0 dihedrals
| Duplicated    0 dihedrals

--------------------------------------------------------------------------------
   2.  CONTROL  DATA  FOR  THE  RUN
--------------------------------------------------------------------------------

ACE                                                                             

General flags:
     imin    =       0, nmropt  =       1

Nature and format of input:
     ntx     =       5, irest   =       1, ntrx    =       1

Nature and format of output:
     ntxo    =       1, ntpr    =   50000, ntrx    =       1, ntwr    =  500000
     iwrap   =       0, ntwx    =   50000, ntwv    =       0, ntwe    =       0
     ioutfm  =       1, ntwprt  =       0, idecomp =       0, rbornstat=      0

Potential function:
     ntf     =       1, ntb     =       0, igb     =       8, nsnb    =      25
     ipol    =       0, gbsa    =       1, iesp    =       0
     dielc   =   1.00000, cut     =9999.00000, intdiel =   1.00000
     saltcon =   0.00000, offset  =   0.19514, surften =   0.00500
     rdt     =   0.00000, rgbmax  =9998.00000  extdiel =  78.50000
     alpb  =        0
     gbalphaH  =   0.78844, gbbetaH   =   0.79870,  gbgammaH  =    0.43733
     gbalphaC  =   0.73376, gbbetaC   =   0.50638,  gbgammaC  =    0.20584
     gbalphaN  =   0.50336, gbbetaN   =   0.31683,  gbgammaN  =    0.19292
     gbalphaOS =   0.86781, gbbetaOS  =   0.87664,  gbgammaOS =    0.38788
     gbalphaP  =   1.00000, gbbetaP   =   0.80000,  gbgammaP  =    4.85100

Frozen or restrained atoms:
     ibelly  =       0, ntr     =       0

Molecular dynamics:
     nstlim  =    500000, nscm    =     10000, nrespa  =         1
     t       =   0.00000, dt      =   0.00200, vlimit  =  20.00000

Langevin dynamics temperature regulation:
     ig      =  251407
     temp0   = 300.00000, tempi   =   0.10000, gamma_ln=   2.00000

SHAKE:
     ntc     =       2, jfastw  =       0
     tol     =   0.00000

NMR refinement options:
     iscale  =       0, noeskp  =       1, ipnlty  =       1, mxsub   =       1
     scalm   = 100.00000, pencut  =   0.10000, tausw   =   0.10000

| MPI Timing options:
|      profile_mpi =        0
|  INFO: Old style inpcrd file read


--------------------------------------------------------------------------------
   3.  ATOMIC COORDINATES AND VELOCITIES
--------------------------------------------------------------------------------

ACE                                                                             
 begin time read from input coords =  1000.000 ps



           Begin reading energy term weight changes/NMR restraints
 WEIGHT CHANGES:
                         ** No weight changes given **

 RESTRAINTS:
 Requested file redirections:
  DISANG    = run_102.disang
 Restraints will be read from file: run_102.disang
Here are comments from the DISANG input file:

                       Number of restraints read =     2

                  Done reading weight changes/NMR restraints


 Number of triangulated 3-point waters found:        0
|  Atom division among processors:
|         0      16      32
|  Running AMBER/MPI version on    2 nodes


--------------------------------------------------------------------------------
   4.  RESULTS
--------------------------------------------------------------------------------

|  # of SOLUTE  degrees of freedom (RNDFP):      79.
|  # of SOLVENT degrees of freedom (RNDFS):       0.
|  NDFMIN =      79.     NUM_NOSHAKE =      0     CORRECTED RNDFP =      79.
|  TOTAL # of degrees of freedom (RNDF) =      79.
| RE_POSITION Moving by   0.699161 -2.345039 -2.680807
| RE_POSITION Moving by   4.881707  1.175689 -1.840787
| RE_POSITION Moving by  -4.334325 -7.105643 -3.290683
| RE_POSITION Moving by   2.701740 -0.324568  1.936125
| RE_POSITION Moving by   1.038483 -3.844649 -2.593865

 NSTEP =    50000   TIME(PS) =    1100.000  TEMP(K) =   289.44  PRESS =     0.0
 Etot   =        21.8508  EKtot   =        22.7193  EPtot      =        -0.8685
 BOND   =         3.7409  ANGLE   =        15.7640  DIHED      =        31.4068
 1-4 NB =         4.8389  1-4 EEL =       121.5086  VDWAALS    =        -3.8426
 EELEC  =      -149.9433  EGB     =       -26.3241  RESTRAINT  =         0.0198
 ESURF=         1.9626
 EAMBER (non-restraint)  =        -0.8883
 ------------------------------------------------------------------------------

 NMR restraints: Bond =    0.000   Angle =     0.000   Torsion =     0.020
===============================================================================
| RE_POSITION Moving by  12.565309 -4.412659  0.394578
| RE_POSITION Moving by   0.830475  3.714306  1.146167
| RE_POSITION Moving by   1.432887  3.696987 -3.943895
| RE_POSITION Moving by  -6.753894  9.465223  0.330563
| RE_POSITION Moving by  -4.581346 -4.206659 10.559379

 NSTEP =   100000   TIME(PS) =    1200.000  TEMP(K) =   370.19  PRESS =     0.0
 Etot   =        40.6602  EKtot   =        29.0576  EPtot      =        11.6026
 BOND   =         5.7746  ANGLE   =        24.3025  DIHED      =        29.7707
 1-4 NB =         5.8980  1-4 EEL =       115.0194  VDWAALS    =        -2.5091
 EELEC  =      -146.3783  EGB     =       -23.7877  RESTRAINT  =         1.5128
 ESURF=         1.9998
 EAMBER (non-restraint)  =        10.0899
 ------------------------------------------------------------------------------

 NMR restraints: Bond =    0.000   Angle =     0.000   Torsion =     1.513
===============================================================================
| RE_POSITION Moving by   2.907309 -0.212007  6.494033
| RE_POSITION Moving by   4.778375 -2.559008 -0.232418
| RE_POSITION Moving by   0.107649 -0.179322 -6.643406
| RE_POSITION Moving by   0.113539 -3.654606  4.709674
| RE_POSITION Moving by   4.134039 -5.427960 -7.033410

 NSTEP =   150000   TIME(PS) =    1300.000  TEMP(K) =   209.68  PRESS =     0.0
 Etot   =        17.5268  EKtot   =        16.4585  EPtot      =         1.0684
 BOND   =         4.9426  ANGLE   =        13.6090  DIHED      =        34.7255
 1-4 NB =         4.0619  1-4 EEL =       123.2158  VDWAALS    =        -4.3888
 EELEC  =      -151.8597  EGB     =       -25.2240  RESTRAINT  =         0.0193
 ESURF=         1.9668
 EAMBER (non-restraint)  =         1.0490
 ------------------------------------------------------------------------------

 NMR restraints: Bond =    0.000   Angle =     0.000   Torsion =     0.019
===============================================================================
| RE_POSITION Moving by  -2.725283 -3.695472 -0.356935
| RE_POSITION Moving by   2.676019 -6.245059  2.910418
| RE_POSITION Moving by   0.905108  1.590460  4.391513
| RE_POSITION Moving by  -2.266065 -8.044093 -5.645912
| RE_POSITION Moving by  -3.501149  6.010557 -1.206268

 NSTEP =   200000   TIME(PS) =    1400.000  TEMP(K) =   318.48  PRESS =     0.0
 Etot   =        26.4776  EKtot   =        24.9990  EPtot      =         1.4786
 BOND   =         5.7438  ANGLE   =        14.1726  DIHED      =        33.2479
 1-4 NB =         4.9221  1-4 EEL =       123.2651  VDWAALS    =        -3.7456
 EELEC  =      -156.4936  EGB     =       -21.6575  RESTRAINT  =         0.0946
 ESURF=         1.9292
 EAMBER (non-restraint)  =         1.3840
 ------------------------------------------------------------------------------

 NMR restraints: Bond =    0.000   Angle =     0.000   Torsion =     0.095
===============================================================================
| RE_POSITION Moving by   7.039635  5.207973 -7.267689
| RE_POSITION Moving by   7.244140  5.678693  0.303054
| RE_POSITION Moving by   2.129810  4.579230 -6.376566
| RE_POSITION Moving by  -7.219797  1.115424  0.579745
| RE_POSITION Moving by   1.696074 -7.986400  1.283253

 NSTEP =   250000   TIME(PS) =    1500.000  TEMP(K) =   209.75  PRESS =     0.0
 Etot   =        21.8090  EKtot   =        16.4637  EPtot      =         5.3452
 BOND   =        10.0728  ANGLE   =        12.2446  DIHED      =        34.4959
 1-4 NB =         4.6452  1-4 EEL =       119.8941  VDWAALS    =        -4.1504
 EELEC  =      -151.2426  EGB     =       -23.4011  RESTRAINT  =         0.8726
 ESURF=         1.9141
 EAMBER (non-restraint)  =         4.4726
 ------------------------------------------------------------------------------

 NMR restraints: Bond =    0.000   Angle =     0.000   Torsion =     0.873
===============================================================================
| RE_POSITION Moving by  -0.598708  5.496210  0.731320
| RE_POSITION Moving by  -5.182112 -3.563760  0.973728
| RE_POSITION Moving by  -4.493432  5.691936  2.150435
| RE_POSITION Moving by  -5.750167 -2.578872 -4.594416
| RE_POSITION Moving by   3.617743  0.254378 -4.324566

 NSTEP =   300000   TIME(PS) =    1600.000  TEMP(K) =   341.25  PRESS =     0.0
 Etot   =        31.4282  EKtot   =        26.7863  EPtot      =         4.6420
 BOND   =         6.2536  ANGLE   =        22.5013  DIHED      =        30.6827
 1-4 NB =         4.4454  1-4 EEL =       122.8071  VDWAALS    =        -3.6208
 EELEC  =      -155.4191  EGB     =       -25.1250  RESTRAINT  =         0.1582
 ESURF=         1.9584
 EAMBER (non-restraint)  =         4.4837
 ------------------------------------------------------------------------------

 NMR restraints: Bond =    0.000   Angle =     0.000   Torsion =     0.158
===============================================================================
| RE_POSITION Moving by  -1.109426 -3.247327  2.166621
| RE_POSITION Moving by   6.578587 -0.558376 -0.303608
| RE_POSITION Moving by   3.094292  2.618500 -1.869046
| RE_POSITION Moving by   1.910208 -4.173790 -1.371916
| RE_POSITION Moving by  -3.126914  6.277018 -4.620060

 NSTEP =   350000   TIME(PS) =    1700.000  TEMP(K) =   370.49  PRESS =     0.0
 Etot   =        24.2085  EKtot   =        29.0809  EPtot      =        -4.8725
 BOND   =         5.4737  ANGLE   =        11.4372  DIHED      =        32.5534
 1-4 NB =         3.9757  1-4 EEL =       120.2039  VDWAALS    =        -4.6861
 EELEC  =      -152.5833  EGB     =       -23.3854  RESTRAINT  =         0.1936
 ESURF=         1.9448
 EAMBER (non-restraint)  =        -5.0661
 ------------------------------------------------------------------------------

 NMR restraints: Bond =    0.000   Angle =     0.000   Torsion =     0.194
===============================================================================
| RE_POSITION Moving by  -0.758635 -0.876645 -5.399921
| RE_POSITION Moving by  -4.575838  2.116676  3.583536
| RE_POSITION Moving by  -1.381795  3.912998 -8.390111
| RE_POSITION Moving by  -9.548789  4.938962 -2.102112
| RE_POSITION Moving by   6.553201 -8.483908  6.354504

 NSTEP =   400000   TIME(PS) =    1800.000  TEMP(K) =   297.13  PRESS =     0.0
 Etot   =        26.4502  EKtot   =        23.3229  EPtot      =         3.1274
 BOND   =         6.8374  ANGLE   =        16.5992  DIHED      =        30.9979
 1-4 NB =         4.4554  1-4 EEL =       121.3697  VDWAALS    =        -3.5829
 EELEC  =      -155.2740  EGB     =       -21.4861  RESTRAINT  =         1.2543
 ESURF=         1.9565
 EAMBER (non-restraint)  =         1.8731
 ------------------------------------------------------------------------------

 NMR restraints: Bond =    0.000   Angle =     0.000   Torsion =     1.254
===============================================================================
| RE_POSITION Moving by   0.768740 12.355517 -0.801639
| RE_POSITION Moving by   1.108234  1.476228  8.948079
| RE_POSITION Moving by  13.146065  6.637354  0.818106
| RE_POSITION Moving by   1.682698 -4.963141  0.251525
| RE_POSITION Moving by  -8.806340 -0.362225 -4.493188

 NSTEP =   450000   TIME(PS) =    1900.000  TEMP(K) =   300.33  PRESS =     0.0
 Etot   =        29.2024  EKtot   =        23.5743  EPtot      =         5.6281
 BOND   =         5.4596  ANGLE   =        19.0182  DIHED      =        29.6612
 1-4 NB =         7.6646  1-4 EEL =       117.5017  VDWAALS    =        -5.0895
 EELEC  =      -151.8724  EGB     =       -19.8566  RESTRAINT  =         1.2818
 ESURF=         1.8595
 EAMBER (non-restraint)  =         4.3463
 ------------------------------------------------------------------------------

 NMR restraints: Bond =    0.000   Angle =     0.000   Torsion =     1.282
===============================================================================
| RE_POSITION Moving by  -2.595988 -0.262727 -2.038811
| RE_POSITION Moving by   2.551237  3.609752  3.582899
| RE_POSITION Moving by  -3.262689  3.473919  4.539879
| RE_POSITION Moving by   1.162842  0.442373 -5.571944
| RE_POSITION Moving by  -0.516140 -4.036415 -3.327490

 NSTEP =   500000   TIME(PS) =    2000.000  TEMP(K) =   360.83  PRESS =     0.0
 Etot   =        25.2264  EKtot   =        28.3228  EPtot      =        -3.0964
 BOND   =         5.7766  ANGLE   =        15.0735  DIHED      =        29.9367
 1-4 NB =         4.0302  1-4 EEL =       118.6418  VDWAALS    =        -4.2144
 EELEC  =      -152.6225  EGB     =       -21.6178  RESTRAINT  =         0.0005
 ESURF=         1.8990
 EAMBER (non-restraint)  =        -3.0969
 ------------------------------------------------------------------------------

 NMR restraints: Bond =    0.000   Angle =     0.000   Torsion =     0.001
===============================================================================

      A V E R A G E S   O V E R  500000 S T E P S


 NSTEP =   500000   TIME(PS) =    2000.000  TEMP(K) =   300.45  PRESS =     0.0
 Etot   =        24.4568  EKtot   =        23.5838  EPtot      =         0.8731
 BOND   =         5.3119  ANGLE   =        15.1033  DIHED      =        31.6946
 1-4 NB =         4.8584  1-4 EEL =       119.9633  VDWAALS    =        -3.8612
 EELEC  =      -151.7089  EGB     =       -23.3466  RESTRAINT  =         0.9117
 ESURF=         1.9465
 EAMBER (non-restraint)  =        -0.0386
 ------------------------------------------------------------------------------

 NMR restraints: Bond =    0.000   Angle =     0.000   Torsion =     0.001
===============================================================================

      R M S  F L U C T U A T I O N S


 NSTEP =   500000   TIME(PS) =    2000.000  TEMP(K) =    47.75  PRESS =     0.0
 Etot   =         5.5445  EKtot   =         3.7483  EPtot      =         4.0593
 BOND   =         1.9503  ANGLE   =         3.1267  DIHED      =         2.7117
 1-4 NB =         0.9673  1-4 EEL =         3.2489  VDWAALS    =         0.8151
 EELEC  =         3.5357  EGB     =         1.7108  RESTRAINT  =         1.1947
 ESURF=         0.0469
 EAMBER (non-restraint)  =         2.8647
 ------------------------------------------------------------------------------


 NMR restraints on final step:


--------------------------------------------------------------------------------
   5.  TIMINGS
--------------------------------------------------------------------------------

|>>>>>>>>PROFILE of Average TIMES>>>>>>>>> 
|                Calc gb radii             27.76 ( 8.14% of Gen B)
|                Communicate gb radii     214.56 (62.94% of Gen B)
|                Calc gb diag              39.23 (11.51% of Gen B)
|                Calc gb off-diag          25.54 ( 7.49% of Gen B)
|                Surface area energy       33.14 ( 9.72% of Gen B)
|                Other                      0.68 ( 0.20% of Gen B)
|             Gen Born time            340.91 (100.0% of Nonbo)
|             IPS excludes               0.08 ( 0.02% of Nonbo)
|          Nonbond force            340.99 (29.65% of Force)
|          Bond/Angle/Dihedral       12.25 ( 1.07% of Force)
|          FRC Collect time         574.81 (49.99% of Force)
|          Other                    221.86 (19.29% of Force)
|       Force time              1149.91 (78.33% of Runmd)
|       Shake time                 1.62 ( 0.11% of Runmd)
|       Verlet update time       249.48 (16.99% of Runmd)
|       CRD distribute time       65.85 ( 4.49% of Runmd)
|       Other                      1.15 ( 0.08% of Runmd)
|    Runmd Time              1468.00 (100.0% of Total)
| Total time              1468.03 (100.0% of ALL  )

| Number of list builds   :          0

| Highest rstack allocated:          0
| Highest istack allocated:          0

| Final Performance Info:
| -----------------------------------------------------
| Average timings for all steps:
|     Elapsed(s) =    1468.00 Per Step(ms) =       2.94
|         ns/day =      58.86   seconds/ns =    1468.00
| -----------------------------------------------------

|           Job began  at 19:47:06.192  on 04/27/2013
|           Setup done at 19:47:06.224  on 04/27/2013
|           Run   done at 20:11:34.220  on 04/27/2013
|     wallclock() was called18500023 times
