
          -------------------------------------------------------
          Amber 12 SANDER                              2012
          -------------------------------------------------------

| Run on 04/27/2013 at 19:47:06
  [-O]verwriting output

File Assignments:
|  MDIN: run_48.in                                                             
| MDOUT: run_48.out                                                            
|INPCRD: ../eq1/run.rst                                                        
|  PARM: parm                                                                  
|RESTRT: run_48.rst                                                            
|  REFC: refc                                                                  
| MDVEL: mdvel                                                                 
|  MDEN: mden                                                                  
| MDCRD: run_48.nc                                                             
|MDINFO: mdinfo                                                                
|  MTMD: mtmd                                                                  
|INPDIP: inpdip                                                                
|RSTDIP: rstdip                                                                

|INPTRA: inptraj                                                               
|
 
 Here is the input file:
 
equilibration with restraint                                                   
 &cntrl                                                                        
   ig=945006,                                                                  
   irest=1, ntx=5,                                                             
   igb=8, gbsa=1,                                                              
   cut=9999.0, rgbmax=9998.0,                                                  
   ntc=2, ntf=1, tol=0.000001,                                                 
   ntt=3, gamma_ln=2.0, tempi=0.1,                                             
   ntb=0, nscm=10000,                                                          
   ioutfm=1,                                                                   
   nstlim=500000, dt=0.002,                                                    
   ntpr=50000, ntwx=50000, ntwv=0, ntwr=500000,                                
   nmropt=1,                                                                   
 /                                                                             
 &wt                                                                           
  type='END',                                                                  
 /                                                                             
DISANG=run_48.disang                                                           
                                                                               

--------------------------------------------------------------------------------
   1.  RESOURCE   USE: 
--------------------------------------------------------------------------------

| Flags: MPI                                                                    
| New format PARM file being parsed.
| Version =    1.000 Date = 04/27/13 Time = 01:42:54
 NATOM  =      32 NTYPES =       7 NBONH =      17 MBONA  =      14
 NTHETH =      36 MTHETA =      18 NPHIH =      64 MPHIA  =      45
 NHPARM =       0 NPARM  =       0 NNB   =     152 NRES   =       4
 NBONA  =      14 NTHETA =      18 NPHIA =      45 NUMBND =      11
 NUMANG =      21 NPTRA  =      20 NATYP =       8 NPHB   =       0
 IFBOX  =       0 NMXRS  =      10 IFCAP =       0 NEXTRA =       0
 NCOPY  =       0

 Implicit solvent radii are ArgH and AspGluO modified Bondi2 radii (mbondi3)                                
 Replacing prmtop screening parameters with GBn2 (igb=8) values

|     Memory Use     Allocated
|     Real                2330
|     Hollerith            102
|     Integer            23034
|     Max Pairs              1
|     nblistReal             0
|     nblist Int             0
|       Total              108 kbytes

| Note: 1-4 EEL scale factors are being read from the topology file.

| Note: 1-4 VDW scale factors are being read from the topology file.
| Duplicated    0 dihedrals
| Duplicated    0 dihedrals

--------------------------------------------------------------------------------
   2.  CONTROL  DATA  FOR  THE  RUN
--------------------------------------------------------------------------------

ACE                                                                             

General flags:
     imin    =       0, nmropt  =       1

Nature and format of input:
     ntx     =       5, irest   =       1, ntrx    =       1

Nature and format of output:
     ntxo    =       1, ntpr    =   50000, ntrx    =       1, ntwr    =  500000
     iwrap   =       0, ntwx    =   50000, ntwv    =       0, ntwe    =       0
     ioutfm  =       1, ntwprt  =       0, idecomp =       0, rbornstat=      0

Potential function:
     ntf     =       1, ntb     =       0, igb     =       8, nsnb    =      25
     ipol    =       0, gbsa    =       1, iesp    =       0
     dielc   =   1.00000, cut     =9999.00000, intdiel =   1.00000
     saltcon =   0.00000, offset  =   0.19514, surften =   0.00500
     rdt     =   0.00000, rgbmax  =9998.00000  extdiel =  78.50000
     alpb  =        0
     gbalphaH  =   0.78844, gbbetaH   =   0.79870,  gbgammaH  =    0.43733
     gbalphaC  =   0.73376, gbbetaC   =   0.50638,  gbgammaC  =    0.20584
     gbalphaN  =   0.50336, gbbetaN   =   0.31683,  gbgammaN  =    0.19292
     gbalphaOS =   0.86781, gbbetaOS  =   0.87664,  gbgammaOS =    0.38788
     gbalphaP  =   1.00000, gbbetaP   =   0.80000,  gbgammaP  =    4.85100

Frozen or restrained atoms:
     ibelly  =       0, ntr     =       0

Molecular dynamics:
     nstlim  =    500000, nscm    =     10000, nrespa  =         1
     t       =   0.00000, dt      =   0.00200, vlimit  =  20.00000

Langevin dynamics temperature regulation:
     ig      =  945006
     temp0   = 300.00000, tempi   =   0.10000, gamma_ln=   2.00000

SHAKE:
     ntc     =       2, jfastw  =       0
     tol     =   0.00000

NMR refinement options:
     iscale  =       0, noeskp  =       1, ipnlty  =       1, mxsub   =       1
     scalm   = 100.00000, pencut  =   0.10000, tausw   =   0.10000

| MPI Timing options:
|      profile_mpi =        0
|  INFO: Old style inpcrd file read


--------------------------------------------------------------------------------
   3.  ATOMIC COORDINATES AND VELOCITIES
--------------------------------------------------------------------------------

ACE                                                                             
 begin time read from input coords =  1000.000 ps



           Begin reading energy term weight changes/NMR restraints
 WEIGHT CHANGES:
                         ** No weight changes given **

 RESTRAINTS:
 Requested file redirections:
  DISANG    = run_48.disang
 Restraints will be read from file: run_48.disang
Here are comments from the DISANG input file:

                       Number of restraints read =     2

                  Done reading weight changes/NMR restraints


 Number of triangulated 3-point waters found:        0
|  Atom division among processors:
|         0      16      32
|  Running AMBER/MPI version on    2 nodes


--------------------------------------------------------------------------------
   4.  RESULTS
--------------------------------------------------------------------------------

|  # of SOLUTE  degrees of freedom (RNDFP):      79.
|  # of SOLVENT degrees of freedom (RNDFS):       0.
|  NDFMIN =      79.     NUM_NOSHAKE =      0     CORRECTED RNDFP =      79.
|  TOTAL # of degrees of freedom (RNDF) =      79.
| RE_POSITION Moving by   0.289322 -4.797372  5.707016
| RE_POSITION Moving by   5.812271 -3.767881 -1.345790
| RE_POSITION Moving by  -6.386392  1.181606 -1.599184
| RE_POSITION Moving by  -2.654828  1.447792 -2.632332
| RE_POSITION Moving by   3.641550  0.582301 -2.821134

 NSTEP =    50000   TIME(PS) =    1100.000  TEMP(K) =   348.70  PRESS =     0.0
 Etot   =        28.3635  EKtot   =        27.3707  EPtot      =         0.9927
 BOND   =         3.0046  ANGLE   =        19.2389  DIHED      =        28.3813
 1-4 NB =         5.8123  1-4 EEL =       109.9671  VDWAALS    =        -2.7027
 EELEC  =      -141.9968  EGB     =       -23.2353  RESTRAINT  =         0.5575
 ESURF=         1.9656
 EAMBER (non-restraint)  =         0.4352
 ------------------------------------------------------------------------------

 NMR restraints: Bond =    0.000   Angle =     0.000   Torsion =     0.558
===============================================================================
| RE_POSITION Moving by  -9.930004  6.355130  7.537268
| RE_POSITION Moving by  -4.458539  9.856028 -5.696312
| RE_POSITION Moving by   6.276917  4.293260 -1.565886
| RE_POSITION Moving by   3.944623-10.650605  4.963464
| RE_POSITION Moving by   5.069996  2.449728 -1.325170

 NSTEP =   100000   TIME(PS) =    1200.000  TEMP(K) =   247.76  PRESS =     0.0
 Etot   =        15.1413  EKtot   =        19.4478  EPtot      =        -4.3066
 BOND   =         4.2955  ANGLE   =         9.8217  DIHED      =        29.4975
 1-4 NB =         5.4831  1-4 EEL =       112.3366  VDWAALS    =        -3.7243
 EELEC  =      -142.8414  EGB     =       -23.0518  RESTRAINT  =         1.9513
 ESURF=         1.9254
 EAMBER (non-restraint)  =        -6.2578
 ------------------------------------------------------------------------------

 NMR restraints: Bond =    0.000   Angle =     0.000   Torsion =     1.951
===============================================================================
| RE_POSITION Moving by  -1.647758  2.895262  3.635892
| RE_POSITION Moving by  -2.438575 -4.524219  0.243282
| RE_POSITION Moving by   3.721304 -2.907027 -7.162629
| RE_POSITION Moving by   0.899173 -5.159536  3.089866
| RE_POSITION Moving by   3.335662 13.267378  6.728448

 NSTEP =   150000   TIME(PS) =    1300.000  TEMP(K) =   380.13  PRESS =     0.0
 Etot   =        39.2934  EKtot   =        29.8380  EPtot      =         9.4554
 BOND   =         5.7505  ANGLE   =        23.1766  DIHED      =        32.3094
 1-4 NB =         6.7949  1-4 EEL =       111.7287  VDWAALS    =        -4.5585
 EELEC  =      -146.8896  EGB     =       -20.7686  RESTRAINT  =         0.0061
 ESURF=         1.9058
 EAMBER (non-restraint)  =         9.4493
 ------------------------------------------------------------------------------

 NMR restraints: Bond =    0.000   Angle =     0.000   Torsion =     0.006
===============================================================================
| RE_POSITION Moving by   4.586462  1.022903  3.227555
| RE_POSITION Moving by   0.349508  4.737924 -7.792086
| RE_POSITION Moving by   0.314278 -1.503130  2.469990
| RE_POSITION Moving by   5.977549  4.023445 -2.545413
| RE_POSITION Moving by  -7.514912 -2.321073 -3.544209

 NSTEP =   200000   TIME(PS) =    1400.000  TEMP(K) =   221.40  PRESS =     0.0
 Etot   =        20.7755  EKtot   =        17.3788  EPtot      =         3.3966
 BOND   =         7.4233  ANGLE   =        18.0456  DIHED      =        29.8409
 1-4 NB =         4.9416  1-4 EEL =       108.2634  VDWAALS    =        -3.9524
 EELEC  =      -142.6789  EGB     =       -20.9325  RESTRAINT  =         0.5616
 ESURF=         1.8841
 EAMBER (non-restraint)  =         2.8350
 ------------------------------------------------------------------------------

 NMR restraints: Bond =    0.000   Angle =     0.000   Torsion =     0.562
===============================================================================
| RE_POSITION Moving by  -0.039611 -3.308372 -0.183440
| RE_POSITION Moving by   0.238822 -6.524976 -4.701651
| RE_POSITION Moving by  -9.125115  5.019291  4.720421
| RE_POSITION Moving by  -3.721357 -2.016574 -0.219666
| RE_POSITION Moving by   0.455131  4.137709  3.346523

 NSTEP =   250000   TIME(PS) =    1500.000  TEMP(K) =   269.98  PRESS =     0.0
 Etot   =        17.3384  EKtot   =        21.1919  EPtot      =        -3.8534
 BOND   =         3.7232  ANGLE   =         9.1741  DIHED      =        33.4657
 1-4 NB =         5.1087  1-4 EEL =       116.0891  VDWAALS    =        -3.1293
 EELEC  =      -147.5633  EGB     =       -22.6705  RESTRAINT  =         0.0067
 ESURF=         1.9423
 EAMBER (non-restraint)  =        -3.8601
 ------------------------------------------------------------------------------

 NMR restraints: Bond =    0.000   Angle =     0.000   Torsion =     0.007
===============================================================================
| RE_POSITION Moving by  11.036954  8.054253 -2.897143
| RE_POSITION Moving by  -1.481579  1.590000  2.829884
| RE_POSITION Moving by   6.077935 -2.671307 -4.125423
| RE_POSITION Moving by  -0.009652  5.674216 16.059036
| RE_POSITION Moving by   5.960310  7.234077  4.724246

 NSTEP =   300000   TIME(PS) =    1600.000  TEMP(K) =   396.24  PRESS =     0.0
 Etot   =        36.4678  EKtot   =        31.1026  EPtot      =         5.3652
 BOND   =         6.0366  ANGLE   =        22.0764  DIHED      =        31.4511
 1-4 NB =         4.1813  1-4 EEL =       108.1098  VDWAALS    =        -3.2431
 EELEC  =      -143.6117  EGB     =       -21.5359  RESTRAINT  =         0.0082
 ESURF=         1.8924
 EAMBER (non-restraint)  =         5.3569
 ------------------------------------------------------------------------------

 NMR restraints: Bond =    0.000   Angle =     0.000   Torsion =     0.008
===============================================================================
| RE_POSITION Moving by  -6.630189 -6.727042 -3.968427
| RE_POSITION Moving by  -3.526780  4.658526 -2.323515
| RE_POSITION Moving by   1.063865 -1.086095  1.294491
| RE_POSITION Moving by   3.660164 -3.540424  1.680579
| RE_POSITION Moving by   2.033249 -1.459673 -4.528837

 NSTEP =   350000   TIME(PS) =    1700.000  TEMP(K) =   357.42  PRESS =     0.0
 Etot   =        30.4464  EKtot   =        28.0557  EPtot      =         2.3907
 BOND   =         7.8511  ANGLE   =        15.8837  DIHED      =        30.6961
 1-4 NB =         5.0095  1-4 EEL =       109.7881  VDWAALS    =        -3.3391
 EELEC  =      -142.3814  EGB     =       -23.1198  RESTRAINT  =         0.0128
 ESURF=         1.9896
 EAMBER (non-restraint)  =         2.3778
 ------------------------------------------------------------------------------

 NMR restraints: Bond =    0.000   Angle =     0.000   Torsion =     0.013
===============================================================================
| RE_POSITION Moving by   3.296999 -1.163273  4.566515
| RE_POSITION Moving by  -0.213893 -4.443495  7.195419
| RE_POSITION Moving by  -0.182613  3.284737 10.931885
| RE_POSITION Moving by   3.700513 -3.326930  0.866029
| RE_POSITION Moving by   3.779020 -8.250524  0.383542

 NSTEP =   400000   TIME(PS) =    1800.000  TEMP(K) =   322.76  PRESS =     0.0
 Etot   =        23.6178  EKtot   =        25.3349  EPtot      =        -1.7172
 BOND   =         4.0768  ANGLE   =        20.3540  DIHED      =        29.1616
 1-4 NB =         3.9197  1-4 EEL =       110.2292  VDWAALS    =        -4.5497
 EELEC  =      -145.5716  EGB     =       -21.6095  RESTRAINT  =         0.3523
 ESURF=         1.9201
 EAMBER (non-restraint)  =        -2.0695
 ------------------------------------------------------------------------------

 NMR restraints: Bond =    0.000   Angle =     0.000   Torsion =     0.352
===============================================================================
| RE_POSITION Moving by   2.349916  2.434812 -7.917622
| RE_POSITION Moving by  -0.529828  2.219946 -0.867675
| RE_POSITION Moving by   3.765476  1.387386 -3.103856
| RE_POSITION Moving by   4.449676  1.552370 -2.388938
| RE_POSITION Moving by   2.347842 -0.138974  2.975949

 NSTEP =   450000   TIME(PS) =    1900.000  TEMP(K) =   297.42  PRESS =     0.0
 Etot   =        20.6352  EKtot   =        23.3456  EPtot      =        -2.7104
 BOND   =         3.2867  ANGLE   =        13.3795  DIHED      =        29.8041
 1-4 NB =         5.5329  1-4 EEL =       122.9038  VDWAALS    =        -3.4214
 EELEC  =      -150.8346  EGB     =       -25.4298  RESTRAINT  =         0.1118
 ESURF=         1.9567
 EAMBER (non-restraint)  =        -2.8222
 ------------------------------------------------------------------------------

 NMR restraints: Bond =    0.000   Angle =     0.000   Torsion =     0.112
===============================================================================
| RE_POSITION Moving by   1.521799 -0.139237  5.509223
| RE_POSITION Moving by  -9.785680 -1.452278  1.925855
| RE_POSITION Moving by  -1.021110 -6.186927  4.866034
| RE_POSITION Moving by  -2.867705 -9.083716 -1.560978
| RE_POSITION Moving by   3.971539 -4.191095 -2.266599

 NSTEP =   500000   TIME(PS) =    2000.000  TEMP(K) =   367.40  PRESS =     0.0
 Etot   =        34.8777  EKtot   =        28.8384  EPtot      =         6.0393
 BOND   =        12.0935  ANGLE   =        17.9516  DIHED      =        29.8134
 1-4 NB =         3.7145  1-4 EEL =       108.7695  VDWAALS    =        -3.0885
 EELEC  =      -141.7111  EGB     =       -23.7899  RESTRAINT  =         0.2647
 ESURF=         2.0216
 EAMBER (non-restraint)  =         5.7746
 ------------------------------------------------------------------------------

 NMR restraints: Bond =    0.000   Angle =     0.000   Torsion =     0.265
===============================================================================

      A V E R A G E S   O V E R  500000 S T E P S


 NSTEP =   500000   TIME(PS) =    2000.000  TEMP(K) =   299.39  PRESS =     0.0
 Etot   =        22.4970  EKtot   =        23.5006  EPtot      =        -1.0037
 BOND   =         5.4405  ANGLE   =        15.3983  DIHED      =        29.6617
 1-4 NB =         4.8507  1-4 EEL =       110.8833  VDWAALS    =        -3.5026
 EELEC  =      -143.2014  EGB     =       -23.2085  RESTRAINT  =         0.7262
 ESURF=         1.9482
 EAMBER (non-restraint)  =        -1.7299
 ------------------------------------------------------------------------------

 NMR restraints: Bond =    0.000   Angle =     0.000   Torsion =     0.265
===============================================================================

      R M S  F L U C T U A T I O N S


 NSTEP =   500000   TIME(PS) =    2000.000  TEMP(K) =    47.72  PRESS =     0.0
 Etot   =         5.4335  EKtot   =         3.7456  EPtot      =         3.9375
 BOND   =         1.9943  ANGLE   =         3.2092  DIHED      =         2.0300
 1-4 NB =         0.9895  1-4 EEL =         3.0682  VDWAALS    =         0.7869
 EELEC  =         3.5478  EGB     =         2.3241  RESTRAINT  =         1.4070
 ESURF=         0.0393
 EAMBER (non-restraint)  =         2.5305
 ------------------------------------------------------------------------------


 NMR restraints on final step:


--------------------------------------------------------------------------------
   5.  TIMINGS
--------------------------------------------------------------------------------

|>>>>>>>>PROFILE of Average TIMES>>>>>>>>> 
|                Calc gb radii             27.46 ( 8.05% of Gen B)
|                Communicate gb radii     213.49 (62.54% of Gen B)
|                Calc gb diag              39.44 (11.55% of Gen B)
|                Calc gb off-diag          25.13 ( 7.36% of Gen B)
|                Surface area energy       35.17 (10.30% of Gen B)
|                Other                      0.69 ( 0.20% of Gen B)
|             Gen Born time            341.38 (100.0% of Nonbo)
|             IPS excludes               0.08 ( 0.02% of Nonbo)
|          Nonbond force            341.46 (29.44% of Force)
|          Bond/Angle/Dihedral       12.16 ( 1.05% of Force)
|          FRC Collect time         581.34 (50.12% of Force)
|          Other                    224.92 (19.39% of Force)
|       Force time              1159.88 (78.23% of Runmd)
|       Shake time                 1.64 ( 0.11% of Runmd)
|       Verlet update time       253.16 (17.07% of Runmd)
|       CRD distribute time       66.95 ( 4.52% of Runmd)
|       Other                      1.10 ( 0.07% of Runmd)
|    Runmd Time              1482.72 (100.0% of Total)
| Total time              1482.74 (100.0% of ALL  )

| Number of list builds   :          0

| Highest rstack allocated:          0
| Highest istack allocated:          0

| Final Performance Info:
| -----------------------------------------------------
| Average timings for all steps:
|     Elapsed(s) =    1482.72 Per Step(ms) =       2.97
|         ns/day =      58.27   seconds/ns =    1482.72
| -----------------------------------------------------

|           Job began  at 19:47:06.208  on 04/27/2013
|           Setup done at 19:47:06.234  on 04/27/2013
|           Run   done at 20:11:48.954  on 04/27/2013
|     wallclock() was called18500023 times
