
          -------------------------------------------------------
          Amber 12 SANDER                              2012
          -------------------------------------------------------

| Run on 04/27/2013 at 19:47:06
  [-O]verwriting output

File Assignments:
|  MDIN: run_51.in                                                             
| MDOUT: run_51.out                                                            
|INPCRD: ../eq1/run.rst                                                        
|  PARM: parm                                                                  
|RESTRT: run_51.rst                                                            
|  REFC: refc                                                                  
| MDVEL: mdvel                                                                 
|  MDEN: mden                                                                  
| MDCRD: run_51.nc                                                             
|MDINFO: mdinfo                                                                
|  MTMD: mtmd                                                                  
|INPDIP: inpdip                                                                
|RSTDIP: rstdip                                                                

|INPTRA: inptraj                                                               
|
 
 Here is the input file:
 
equilibration with restraint                                                   
 &cntrl                                                                        
   ig=178569,                                                                  
   irest=1, ntx=5,                                                             
   igb=8, gbsa=1,                                                              
   cut=9999.0, rgbmax=9998.0,                                                  
   ntc=2, ntf=1, tol=0.000001,                                                 
   ntt=3, gamma_ln=2.0, tempi=0.1,                                             
   ntb=0, nscm=10000,                                                          
   ioutfm=1,                                                                   
   nstlim=500000, dt=0.002,                                                    
   ntpr=50000, ntwx=50000, ntwv=0, ntwr=500000,                                
   nmropt=1,                                                                   
 /                                                                             
 &wt                                                                           
  type='END',                                                                  
 /                                                                             
DISANG=run_51.disang                                                           
                                                                               

--------------------------------------------------------------------------------
   1.  RESOURCE   USE: 
--------------------------------------------------------------------------------

| Flags: MPI                                                                    
| New format PARM file being parsed.
| Version =    1.000 Date = 04/27/13 Time = 01:42:54
 NATOM  =      32 NTYPES =       7 NBONH =      17 MBONA  =      14
 NTHETH =      36 MTHETA =      18 NPHIH =      64 MPHIA  =      45
 NHPARM =       0 NPARM  =       0 NNB   =     152 NRES   =       4
 NBONA  =      14 NTHETA =      18 NPHIA =      45 NUMBND =      11
 NUMANG =      21 NPTRA  =      20 NATYP =       8 NPHB   =       0
 IFBOX  =       0 NMXRS  =      10 IFCAP =       0 NEXTRA =       0
 NCOPY  =       0

 Implicit solvent radii are ArgH and AspGluO modified Bondi2 radii (mbondi3)                                
 Replacing prmtop screening parameters with GBn2 (igb=8) values

|     Memory Use     Allocated
|     Real                2330
|     Hollerith            102
|     Integer            23034
|     Max Pairs              1
|     nblistReal             0
|     nblist Int             0
|       Total              108 kbytes

| Note: 1-4 EEL scale factors are being read from the topology file.

| Note: 1-4 VDW scale factors are being read from the topology file.
| Duplicated    0 dihedrals
| Duplicated    0 dihedrals

--------------------------------------------------------------------------------
   2.  CONTROL  DATA  FOR  THE  RUN
--------------------------------------------------------------------------------

ACE                                                                             

General flags:
     imin    =       0, nmropt  =       1

Nature and format of input:
     ntx     =       5, irest   =       1, ntrx    =       1

Nature and format of output:
     ntxo    =       1, ntpr    =   50000, ntrx    =       1, ntwr    =  500000
     iwrap   =       0, ntwx    =   50000, ntwv    =       0, ntwe    =       0
     ioutfm  =       1, ntwprt  =       0, idecomp =       0, rbornstat=      0

Potential function:
     ntf     =       1, ntb     =       0, igb     =       8, nsnb    =      25
     ipol    =       0, gbsa    =       1, iesp    =       0
     dielc   =   1.00000, cut     =9999.00000, intdiel =   1.00000
     saltcon =   0.00000, offset  =   0.19514, surften =   0.00500
     rdt     =   0.00000, rgbmax  =9998.00000  extdiel =  78.50000
     alpb  =        0
     gbalphaH  =   0.78844, gbbetaH   =   0.79870,  gbgammaH  =    0.43733
     gbalphaC  =   0.73376, gbbetaC   =   0.50638,  gbgammaC  =    0.20584
     gbalphaN  =   0.50336, gbbetaN   =   0.31683,  gbgammaN  =    0.19292
     gbalphaOS =   0.86781, gbbetaOS  =   0.87664,  gbgammaOS =    0.38788
     gbalphaP  =   1.00000, gbbetaP   =   0.80000,  gbgammaP  =    4.85100

Frozen or restrained atoms:
     ibelly  =       0, ntr     =       0

Molecular dynamics:
     nstlim  =    500000, nscm    =     10000, nrespa  =         1
     t       =   0.00000, dt      =   0.00200, vlimit  =  20.00000

Langevin dynamics temperature regulation:
     ig      =  178569
     temp0   = 300.00000, tempi   =   0.10000, gamma_ln=   2.00000

SHAKE:
     ntc     =       2, jfastw  =       0
     tol     =   0.00000

NMR refinement options:
     iscale  =       0, noeskp  =       1, ipnlty  =       1, mxsub   =       1
     scalm   = 100.00000, pencut  =   0.10000, tausw   =   0.10000

| MPI Timing options:
|      profile_mpi =        0
|  INFO: Old style inpcrd file read


--------------------------------------------------------------------------------
   3.  ATOMIC COORDINATES AND VELOCITIES
--------------------------------------------------------------------------------

ACE                                                                             
 begin time read from input coords =  1000.000 ps



           Begin reading energy term weight changes/NMR restraints
 WEIGHT CHANGES:
                         ** No weight changes given **

 RESTRAINTS:
 Requested file redirections:
  DISANG    = run_51.disang
 Restraints will be read from file: run_51.disang
Here are comments from the DISANG input file:

                       Number of restraints read =     2

                  Done reading weight changes/NMR restraints


 Number of triangulated 3-point waters found:        0
|  Atom division among processors:
|         0      16      32
|  Running AMBER/MPI version on    2 nodes


--------------------------------------------------------------------------------
   4.  RESULTS
--------------------------------------------------------------------------------

|  # of SOLUTE  degrees of freedom (RNDFP):      79.
|  # of SOLVENT degrees of freedom (RNDFS):       0.
|  NDFMIN =      79.     NUM_NOSHAKE =      0     CORRECTED RNDFP =      79.
|  TOTAL # of degrees of freedom (RNDF) =      79.
| RE_POSITION Moving by   6.785756 -1.239229  1.314326
| RE_POSITION Moving by   4.459906  5.040038 -1.912488
| RE_POSITION Moving by  -0.289900 -0.880270-11.181857
| RE_POSITION Moving by  -9.938019-11.381442-13.255158
| RE_POSITION Moving by  -5.122846  4.259666 -5.299515

 NSTEP =    50000   TIME(PS) =    1100.000  TEMP(K) =   291.79  PRESS =     0.0
 Etot   =        21.3039  EKtot   =        22.9035  EPtot      =        -1.5996
 BOND   =         6.3095  ANGLE   =        14.1090  DIHED      =        28.7435
 1-4 NB =         4.8088  1-4 EEL =       117.5462  VDWAALS    =        -2.5489
 EELEC  =      -145.4052  EGB     =       -27.1930  RESTRAINT  =         0.0531
 ESURF=         1.9773
 EAMBER (non-restraint)  =        -1.6527
 ------------------------------------------------------------------------------

 NMR restraints: Bond =    0.000   Angle =     0.000   Torsion =     0.053
===============================================================================
| RE_POSITION Moving by   0.182277  6.598954  1.889747
| RE_POSITION Moving by  -1.016068 -5.596138  2.292556
| RE_POSITION Moving by   1.469297 -1.307332  6.628189
| RE_POSITION Moving by   0.366482 -7.394342  2.002003
| RE_POSITION Moving by   9.206861 -8.806848  9.144625

 NSTEP =   100000   TIME(PS) =    1200.000  TEMP(K) =   358.47  PRESS =     0.0
 Etot   =        20.2783  EKtot   =        28.1379  EPtot      =        -7.8596
 BOND   =         2.9312  ANGLE   =        12.5222  DIHED      =        30.5438
 1-4 NB =         3.3193  1-4 EEL =       112.0672  VDWAALS    =        -4.7880
 EELEC  =      -146.0384  EGB     =       -21.0666  RESTRAINT  =         0.7216
 ESURF=         1.9280
 EAMBER (non-restraint)  =        -8.5812
 ------------------------------------------------------------------------------

 NMR restraints: Bond =    0.000   Angle =     0.000   Torsion =     0.722
===============================================================================
| RE_POSITION Moving by  -8.999989  6.118583 -3.985121
| RE_POSITION Moving by  -5.125041  4.594403  7.410122
| RE_POSITION Moving by   2.684263 -1.716216 -4.530713
| RE_POSITION Moving by  -5.721066  7.856878  1.149477
| RE_POSITION Moving by   0.045327  1.247140 -3.851908

 NSTEP =   150000   TIME(PS) =    1300.000  TEMP(K) =   282.40  PRESS =     0.0
 Etot   =        18.3555  EKtot   =        22.1665  EPtot      =        -3.8109
 BOND   =         3.9445  ANGLE   =        11.7458  DIHED      =        31.6975
 1-4 NB =         3.9122  1-4 EEL =       115.3158  VDWAALS    =        -3.4518
 EELEC  =      -142.9579  EGB     =       -26.0006  RESTRAINT  =         0.0000
 ESURF=         1.9836
 EAMBER (non-restraint)  =        -3.8109
 ------------------------------------------------------------------------------

 NMR restraints: Bond =    0.000   Angle =     0.000   Torsion =     0.000
===============================================================================
| RE_POSITION Moving by   3.781988  9.531854 -5.319277
| RE_POSITION Moving by  -3.609755 -0.165238  1.831692
| RE_POSITION Moving by   2.109840 -4.153769  6.363468
| RE_POSITION Moving by   0.789242 10.296801  3.604872
| RE_POSITION Moving by  -1.244042  8.255396  0.220620

 NSTEP =   200000   TIME(PS) =    1400.000  TEMP(K) =   287.14  PRESS =     0.0
 Etot   =        18.5504  EKtot   =        22.5391  EPtot      =        -3.9887
 BOND   =         3.5989  ANGLE   =        16.1452  DIHED      =        28.0400
 1-4 NB =         3.9331  1-4 EEL =       110.0727  VDWAALS    =        -3.2355
 EELEC  =      -141.6754  EGB     =       -24.0535  RESTRAINT  =         1.1680
 ESURF=         2.0180
 EAMBER (non-restraint)  =        -5.1567
 ------------------------------------------------------------------------------

 NMR restraints: Bond =    0.000   Angle =     0.000   Torsion =     1.168
===============================================================================
| RE_POSITION Moving by  -5.542590 -4.532358 -2.171291
| RE_POSITION Moving by   5.291279 -5.592551 -1.086690
| RE_POSITION Moving by  -0.636071 -3.445599  7.748989
| RE_POSITION Moving by  -8.393012 12.099574 -1.377415
| RE_POSITION Moving by  -5.979950 -4.017083  6.651614

 NSTEP =   250000   TIME(PS) =    1500.000  TEMP(K) =   326.04  PRESS =     0.0
 Etot   =        23.1558  EKtot   =        25.5920  EPtot      =        -2.4362
 BOND   =         3.7947  ANGLE   =        13.1119  DIHED      =        31.3590
 1-4 NB =         3.8428  1-4 EEL =       111.6485  VDWAALS    =        -2.4550
 EELEC  =      -136.2405  EGB     =       -30.2484  RESTRAINT  =         0.7749
 ESURF=         1.9759
 EAMBER (non-restraint)  =        -3.2111
 ------------------------------------------------------------------------------

 NMR restraints: Bond =    0.000   Angle =     0.000   Torsion =     0.775
===============================================================================
| RE_POSITION Moving by  -2.825884  2.913063  1.528128
| RE_POSITION Moving by  -2.576591  0.413607 -7.021401
| RE_POSITION Moving by   0.319240 -1.113912  3.806487
| RE_POSITION Moving by  -5.918080  0.528546 -1.213953
| RE_POSITION Moving by   7.856586  1.855961  5.404924

 NSTEP =   300000   TIME(PS) =    1600.000  TEMP(K) =   303.03  PRESS =     0.0
 Etot   =        26.3660  EKtot   =        23.7861  EPtot      =         2.5798
 BOND   =         4.3959  ANGLE   =        16.2146  DIHED      =        32.6300
 1-4 NB =         5.8035  1-4 EEL =       111.6674  VDWAALS    =        -3.6471
 EELEC  =      -138.4693  EGB     =       -27.9857  RESTRAINT  =         0.0008
 ESURF=         1.9696
 EAMBER (non-restraint)  =         2.5790
 ------------------------------------------------------------------------------

 NMR restraints: Bond =    0.000   Angle =     0.000   Torsion =     0.001
===============================================================================
| RE_POSITION Moving by  -2.467883 -1.609598 11.243867
| RE_POSITION Moving by   3.267926 -3.003895  2.980064
| RE_POSITION Moving by -10.677186  3.290879 -1.872358
| RE_POSITION Moving by  -5.337501 -0.607432 -4.283871
| RE_POSITION Moving by  -7.310599  3.569094  6.343527

 NSTEP =   350000   TIME(PS) =    1700.000  TEMP(K) =   266.59  PRESS =     0.0
 Etot   =        21.1311  EKtot   =        20.9254  EPtot      =         0.2057
 BOND   =         5.3439  ANGLE   =        14.4044  DIHED      =        31.4938
 1-4 NB =         3.3191  1-4 EEL =       110.0721  VDWAALS    =        -2.9810
 EELEC  =      -138.0874  EGB     =       -25.7492  RESTRAINT  =         0.3695
 ESURF=         2.0205
 EAMBER (non-restraint)  =        -0.1638
 ------------------------------------------------------------------------------

 NMR restraints: Bond =    0.000   Angle =     0.000   Torsion =     0.369
===============================================================================
| RE_POSITION Moving by  -6.336455 -3.073135  5.003905
| RE_POSITION Moving by  -2.414550 -2.486500  5.586545
| RE_POSITION Moving by  10.110552  1.456964  5.355993
| RE_POSITION Moving by   0.241947 -1.789162 -0.719444
| RE_POSITION Moving by   0.176318 -1.776048 -3.727786

 NSTEP =   400000   TIME(PS) =    1800.000  TEMP(K) =   324.85  PRESS =     0.0
 Etot   =        26.6494  EKtot   =        25.4992  EPtot      =         1.1503
 BOND   =         4.6920  ANGLE   =        20.1385  DIHED      =        29.3041
 1-4 NB =         3.9838  1-4 EEL =       109.7480  VDWAALS    =        -3.9331
 EELEC  =      -138.8218  EGB     =       -25.9255  RESTRAINT  =         0.0265
 ESURF=         1.9378
 EAMBER (non-restraint)  =         1.1238
 ------------------------------------------------------------------------------

 NMR restraints: Bond =    0.000   Angle =     0.000   Torsion =     0.026
===============================================================================
| RE_POSITION Moving by   7.592698  3.118146 -1.788066
| RE_POSITION Moving by  -1.067010 -1.280470 -0.265801
| RE_POSITION Moving by  10.497529 -8.783023 -9.687243
| RE_POSITION Moving by   8.472393 -0.584688  0.004843
| RE_POSITION Moving by   2.945221 -0.083987-11.856241

 NSTEP =   450000   TIME(PS) =    1900.000  TEMP(K) =   361.59  PRESS =     0.0
 Etot   =        25.7531  EKtot   =        28.3828  EPtot      =        -2.6297
 BOND   =         4.6075  ANGLE   =        13.1149  DIHED      =        30.8084
 1-4 NB =         3.6799  1-4 EEL =       110.6640  VDWAALS    =        -3.8681
 EELEC  =      -137.7583  EGB     =       -26.6211  RESTRAINT  =         0.7764
 ESURF=         1.9666
 EAMBER (non-restraint)  =        -3.4061
 ------------------------------------------------------------------------------

 NMR restraints: Bond =    0.000   Angle =     0.000   Torsion =     0.776
===============================================================================
| RE_POSITION Moving by  -3.634230 -4.046397 -1.759207
| RE_POSITION Moving by  -5.760360 -3.969565 -1.360843
| RE_POSITION Moving by  -3.425128 -2.119533  4.141489
| RE_POSITION Moving by   1.692569 -5.329067 -0.180851
| RE_POSITION Moving by  -0.887984 -3.306960-10.694251

 NSTEP =   500000   TIME(PS) =    2000.000  TEMP(K) =   236.30  PRESS =     0.0
 Etot   =        22.3668  EKtot   =        18.5482  EPtot      =         3.8186
 BOND   =         6.8037  ANGLE   =        14.6831  DIHED      =        31.8935
 1-4 NB =         4.6724  1-4 EEL =       115.0740  VDWAALS    =        -3.8672
 EELEC  =      -140.7088  EGB     =       -26.9923  RESTRAINT  =         0.3009
 ESURF=         1.9592
 EAMBER (non-restraint)  =         3.5177
 ------------------------------------------------------------------------------

 NMR restraints: Bond =    0.000   Angle =     0.000   Torsion =     0.301
===============================================================================

      A V E R A G E S   O V E R  500000 S T E P S


 NSTEP =   500000   TIME(PS) =    2000.000  TEMP(K) =   303.58  PRESS =     0.0
 Etot   =        23.9018  EKtot   =        23.8296  EPtot      =         0.0722
 BOND   =         5.4745  ANGLE   =        15.3108  DIHED      =        30.2993
 1-4 NB =         4.6439  1-4 EEL =       111.4745  VDWAALS    =        -3.3078
 EELEC  =      -141.7583  EGB     =       -24.7933  RESTRAINT  =         0.7655
 ESURF=         1.9632
 EAMBER (non-restraint)  =        -0.6933
 ------------------------------------------------------------------------------

 NMR restraints: Bond =    0.000   Angle =     0.000   Torsion =     0.301
===============================================================================

      R M S  F L U C T U A T I O N S


 NSTEP =   500000   TIME(PS) =    2000.000  TEMP(K) =    48.09  PRESS =     0.0
 Etot   =         5.4827  EKtot   =         3.7749  EPtot      =         3.9686
 BOND   =         2.0017  ANGLE   =         3.1880  DIHED      =         2.1700
 1-4 NB =         0.9774  1-4 EEL =         3.1398  VDWAALS    =         0.7574
 EELEC  =         3.5118  EGB     =         2.4517  RESTRAINT  =         1.4757
 ESURF=         0.0396
 EAMBER (non-restraint)  =         2.4929
 ------------------------------------------------------------------------------


 NMR restraints on final step:


--------------------------------------------------------------------------------
   5.  TIMINGS
--------------------------------------------------------------------------------

|>>>>>>>>PROFILE of Average TIMES>>>>>>>>> 
|                Calc gb radii             27.58 ( 8.13% of Gen B)
|                Communicate gb radii     212.84 (62.72% of Gen B)
|                Calc gb diag              39.10 (11.52% of Gen B)
|                Calc gb off-diag          25.38 ( 7.48% of Gen B)
|                Surface area energy       33.77 ( 9.95% of Gen B)
|                Other                      0.70 ( 0.21% of Gen B)
|             Gen Born time            339.36 (100.0% of Nonbo)
|             IPS excludes               0.09 ( 0.03% of Nonbo)
|          Nonbond force            339.45 (29.41% of Force)
|          Bond/Angle/Dihedral       12.23 ( 1.06% of Force)
|          FRC Collect time         579.50 (50.21% of Force)
|          Other                    223.05 (19.32% of Force)
|       Force time              1154.24 (78.31% of Runmd)
|       Shake time                 1.66 ( 0.11% of Runmd)
|       Verlet update time       250.30 (16.98% of Runmd)
|       CRD distribute time       66.65 ( 4.52% of Runmd)
|       Other                      1.11 ( 0.08% of Runmd)
|    Runmd Time              1473.96 (100.0% of Total)
| Total time              1474.02 (100.0% of ALL  )

| Number of list builds   :          0

| Highest rstack allocated:          0
| Highest istack allocated:          0

| Final Performance Info:
| -----------------------------------------------------
| Average timings for all steps:
|     Elapsed(s) =    1473.96 Per Step(ms) =       2.95
|         ns/day =      58.62   seconds/ns =    1473.96
| -----------------------------------------------------

|           Job began  at 19:47:06.210  on 04/27/2013
|           Setup done at 19:47:06.277  on 04/27/2013
|           Run   done at 20:11:40.238  on 04/27/2013
|     wallclock() was called18500023 times
