
          -------------------------------------------------------
          Amber 12 SANDER                              2012
          -------------------------------------------------------

| Run on 04/27/2013 at 19:47:06
  [-O]verwriting output

File Assignments:
|  MDIN: run_66.in                                                             
| MDOUT: run_66.out                                                            
|INPCRD: ../eq1/run.rst                                                        
|  PARM: parm                                                                  
|RESTRT: run_66.rst                                                            
|  REFC: refc                                                                  
| MDVEL: mdvel                                                                 
|  MDEN: mden                                                                  
| MDCRD: run_66.nc                                                             
|MDINFO: mdinfo                                                                
|  MTMD: mtmd                                                                  
|INPDIP: inpdip                                                                
|RSTDIP: rstdip                                                                

|INPTRA: inptraj                                                               
|
 
 Here is the input file:
 
equilibration with restraint                                                   
 &cntrl                                                                        
   ig=838511,                                                                  
   irest=1, ntx=5,                                                             
   igb=8, gbsa=1,                                                              
   cut=9999.0, rgbmax=9998.0,                                                  
   ntc=2, ntf=1, tol=0.000001,                                                 
   ntt=3, gamma_ln=2.0, tempi=0.1,                                             
   ntb=0, nscm=10000,                                                          
   ioutfm=1,                                                                   
   nstlim=500000, dt=0.002,                                                    
   ntpr=50000, ntwx=50000, ntwv=0, ntwr=500000,                                
   nmropt=1,                                                                   
 /                                                                             
 &wt                                                                           
  type='END',                                                                  
 /                                                                             
DISANG=run_66.disang                                                           
                                                                               

--------------------------------------------------------------------------------
   1.  RESOURCE   USE: 
--------------------------------------------------------------------------------

| Flags: MPI                                                                    
| New format PARM file being parsed.
| Version =    1.000 Date = 04/27/13 Time = 01:42:54
 NATOM  =      32 NTYPES =       7 NBONH =      17 MBONA  =      14
 NTHETH =      36 MTHETA =      18 NPHIH =      64 MPHIA  =      45
 NHPARM =       0 NPARM  =       0 NNB   =     152 NRES   =       4
 NBONA  =      14 NTHETA =      18 NPHIA =      45 NUMBND =      11
 NUMANG =      21 NPTRA  =      20 NATYP =       8 NPHB   =       0
 IFBOX  =       0 NMXRS  =      10 IFCAP =       0 NEXTRA =       0
 NCOPY  =       0

 Implicit solvent radii are ArgH and AspGluO modified Bondi2 radii (mbondi3)                                
 Replacing prmtop screening parameters with GBn2 (igb=8) values

|     Memory Use     Allocated
|     Real                2330
|     Hollerith            102
|     Integer            23034
|     Max Pairs              1
|     nblistReal             0
|     nblist Int             0
|       Total              108 kbytes

| Note: 1-4 EEL scale factors are being read from the topology file.

| Note: 1-4 VDW scale factors are being read from the topology file.
| Duplicated    0 dihedrals
| Duplicated    0 dihedrals

--------------------------------------------------------------------------------
   2.  CONTROL  DATA  FOR  THE  RUN
--------------------------------------------------------------------------------

ACE                                                                             

General flags:
     imin    =       0, nmropt  =       1

Nature and format of input:
     ntx     =       5, irest   =       1, ntrx    =       1

Nature and format of output:
     ntxo    =       1, ntpr    =   50000, ntrx    =       1, ntwr    =  500000
     iwrap   =       0, ntwx    =   50000, ntwv    =       0, ntwe    =       0
     ioutfm  =       1, ntwprt  =       0, idecomp =       0, rbornstat=      0

Potential function:
     ntf     =       1, ntb     =       0, igb     =       8, nsnb    =      25
     ipol    =       0, gbsa    =       1, iesp    =       0
     dielc   =   1.00000, cut     =9999.00000, intdiel =   1.00000
     saltcon =   0.00000, offset  =   0.19514, surften =   0.00500
     rdt     =   0.00000, rgbmax  =9998.00000  extdiel =  78.50000
     alpb  =        0
     gbalphaH  =   0.78844, gbbetaH   =   0.79870,  gbgammaH  =    0.43733
     gbalphaC  =   0.73376, gbbetaC   =   0.50638,  gbgammaC  =    0.20584
     gbalphaN  =   0.50336, gbbetaN   =   0.31683,  gbgammaN  =    0.19292
     gbalphaOS =   0.86781, gbbetaOS  =   0.87664,  gbgammaOS =    0.38788
     gbalphaP  =   1.00000, gbbetaP   =   0.80000,  gbgammaP  =    4.85100

Frozen or restrained atoms:
     ibelly  =       0, ntr     =       0

Molecular dynamics:
     nstlim  =    500000, nscm    =     10000, nrespa  =         1
     t       =   0.00000, dt      =   0.00200, vlimit  =  20.00000

Langevin dynamics temperature regulation:
     ig      =  838511
     temp0   = 300.00000, tempi   =   0.10000, gamma_ln=   2.00000

SHAKE:
     ntc     =       2, jfastw  =       0
     tol     =   0.00000

NMR refinement options:
     iscale  =       0, noeskp  =       1, ipnlty  =       1, mxsub   =       1
     scalm   = 100.00000, pencut  =   0.10000, tausw   =   0.10000

| MPI Timing options:
|      profile_mpi =        0
|  INFO: Old style inpcrd file read


--------------------------------------------------------------------------------
   3.  ATOMIC COORDINATES AND VELOCITIES
--------------------------------------------------------------------------------

ACE                                                                             
 begin time read from input coords =  1000.000 ps



           Begin reading energy term weight changes/NMR restraints
 WEIGHT CHANGES:
                         ** No weight changes given **

 RESTRAINTS:
 Requested file redirections:
  DISANG    = run_66.disang
 Restraints will be read from file: run_66.disang
Here are comments from the DISANG input file:

                       Number of restraints read =     2

                  Done reading weight changes/NMR restraints


 Number of triangulated 3-point waters found:        0
|  Atom division among processors:
|         0      16      32
|  Running AMBER/MPI version on    2 nodes


--------------------------------------------------------------------------------
   4.  RESULTS
--------------------------------------------------------------------------------

|  # of SOLUTE  degrees of freedom (RNDFP):      79.
|  # of SOLVENT degrees of freedom (RNDFS):       0.
|  NDFMIN =      79.     NUM_NOSHAKE =      0     CORRECTED RNDFP =      79.
|  TOTAL # of degrees of freedom (RNDF) =      79.
| RE_POSITION Moving by  -3.668076 -4.114337  3.301678
| RE_POSITION Moving by  -2.880422  3.396759-13.560882
| RE_POSITION Moving by  -3.292005 -3.977478  3.269177
| RE_POSITION Moving by  -2.748288 -2.744878 -3.651079
| RE_POSITION Moving by  -1.184563 -2.428211  0.881875

 NSTEP =    50000   TIME(PS) =    1100.000  TEMP(K) =   322.51  PRESS =     0.0
 Etot   =        26.7922  EKtot   =        25.3153  EPtot      =         1.4769
 BOND   =         7.6995  ANGLE   =        14.8361  DIHED      =        30.0860
 1-4 NB =         3.0989  1-4 EEL =       113.2871  VDWAALS    =        -3.9230
 EELEC  =      -142.5379  EGB     =       -26.0688  RESTRAINT  =         2.9984
 ESURF=         2.0007
 EAMBER (non-restraint)  =        -1.5215
 ------------------------------------------------------------------------------

 NMR restraints: Bond =    0.000   Angle =     0.000   Torsion =     2.998
===============================================================================
| RE_POSITION Moving by  -0.122135 -6.773641 -3.298164
| RE_POSITION Moving by   6.173868 -7.009122  2.301815
| RE_POSITION Moving by  -0.729992 -0.574284 -1.230447
| RE_POSITION Moving by  -0.662810  4.447052 -4.097417
| RE_POSITION Moving by   2.075311 -6.725958  5.544514

 NSTEP =   100000   TIME(PS) =    1200.000  TEMP(K) =   285.30  PRESS =     0.0
 Etot   =        25.7889  EKtot   =        22.3943  EPtot      =         3.3947
 BOND   =         6.0384  ANGLE   =        12.2914  DIHED      =        35.3535
 1-4 NB =         4.9229  1-4 EEL =       109.6107  VDWAALS    =        -2.8145
 EELEC  =      -142.0975  EGB     =       -22.0440  RESTRAINT  =         0.1826
 ESURF=         1.9511
 EAMBER (non-restraint)  =         3.2120
 ------------------------------------------------------------------------------

 NMR restraints: Bond =    0.000   Angle =     0.000   Torsion =     0.183
===============================================================================
| RE_POSITION Moving by   3.537080 -0.408906 -3.667647
| RE_POSITION Moving by   2.072996 -8.102898  4.030470
| RE_POSITION Moving by   1.896161-14.213529 -4.678625
| RE_POSITION Moving by   2.504635 -0.363279 -9.987416
| RE_POSITION Moving by  -3.602396  6.317026  7.386263

 NSTEP =   150000   TIME(PS) =    1300.000  TEMP(K) =   304.28  PRESS =     0.0
 Etot   =        36.3854  EKtot   =        23.8842  EPtot      =        12.5012
 BOND   =         9.8900  ANGLE   =        20.0364  DIHED      =        31.8998
 1-4 NB =         4.6055  1-4 EEL =       110.3877  VDWAALS    =        -2.3995
 EELEC  =      -141.7885  EGB     =       -22.8732  RESTRAINT  =         0.7529
 ESURF=         1.9901
 EAMBER (non-restraint)  =        11.7483
 ------------------------------------------------------------------------------

 NMR restraints: Bond =    0.000   Angle =     0.000   Torsion =     0.753
===============================================================================
| RE_POSITION Moving by  -0.438677  2.624024 -0.450182
| RE_POSITION Moving by -10.498072 -0.527279 -7.223226
| RE_POSITION Moving by  -3.688549 -0.664094 -7.300406
| RE_POSITION Moving by   1.760605  2.072321  2.075207
| RE_POSITION Moving by  -0.703243 -5.736879  6.257087

 NSTEP =   200000   TIME(PS) =    1400.000  TEMP(K) =   296.86  PRESS =     0.0
 Etot   =        28.8910  EKtot   =        23.3015  EPtot      =         5.5895
 BOND   =         4.0412  ANGLE   =        13.2715  DIHED      =        36.5041
 1-4 NB =         6.0304  1-4 EEL =       115.9843  VDWAALS    =        -3.3813
 EELEC  =      -142.6639  EGB     =       -26.8114  RESTRAINT  =         0.6400
 ESURF=         1.9746
 EAMBER (non-restraint)  =         4.9494
 ------------------------------------------------------------------------------

 NMR restraints: Bond =    0.000   Angle =     0.000   Torsion =     0.640
===============================================================================
| RE_POSITION Moving by   8.871150  3.626321  5.392871
| RE_POSITION Moving by  -2.741623 -2.127601 -5.515690
| RE_POSITION Moving by   5.835493  3.288922 -9.004528
| RE_POSITION Moving by -10.040508 -8.910229 11.367102
| RE_POSITION Moving by  -2.364031 -6.100404 -4.119440

 NSTEP =   250000   TIME(PS) =    1500.000  TEMP(K) =   333.65  PRESS =     0.0
 Etot   =        27.0904  EKtot   =        26.1893  EPtot      =         0.9011
 BOND   =         3.3338  ANGLE   =        14.2714  DIHED      =        34.5968
 1-4 NB =         4.3589  1-4 EEL =       112.2021  VDWAALS    =        -3.5901
 EELEC  =      -139.0140  EGB     =       -27.5444  RESTRAINT  =         0.3662
 ESURF=         1.9204
 EAMBER (non-restraint)  =         0.5349
 ------------------------------------------------------------------------------

 NMR restraints: Bond =    0.000   Angle =     0.000   Torsion =     0.366
===============================================================================
| RE_POSITION Moving by   3.679385  6.056768  4.967321
| RE_POSITION Moving by   0.999817  0.505310 -7.734480
| RE_POSITION Moving by  -2.845430  7.253064-12.397157
| RE_POSITION Moving by   3.301748 -5.429256  4.103525
| RE_POSITION Moving by   0.723329  1.188146  2.359366

 NSTEP =   300000   TIME(PS) =    1600.000  TEMP(K) =   397.83  PRESS =     0.0
 Etot   =        35.7527  EKtot   =        31.2272  EPtot      =         4.5255
 BOND   =         7.6314  ANGLE   =        13.3814  DIHED      =        32.7551
 1-4 NB =         5.2291  1-4 EEL =       112.3511  VDWAALS    =        -2.6818
 EELEC  =      -143.4798  EGB     =       -23.6425  RESTRAINT  =         0.9909
 ESURF=         1.9906
 EAMBER (non-restraint)  =         3.5346
 ------------------------------------------------------------------------------

 NMR restraints: Bond =    0.000   Angle =     0.000   Torsion =     0.991
===============================================================================
| RE_POSITION Moving by   0.635907  2.239442  6.013504
| RE_POSITION Moving by  -0.844632  4.539620 -7.225068
| RE_POSITION Moving by   4.099825  1.952621 -0.433877
| RE_POSITION Moving by   9.920125  0.435836 -3.878644
| RE_POSITION Moving by  -3.883146 -0.445180 -4.884431

 NSTEP =   350000   TIME(PS) =    1700.000  TEMP(K) =   329.15  PRESS =     0.0
 Etot   =        31.9978  EKtot   =        25.8365  EPtot      =         6.1613
 BOND   =         4.8629  ANGLE   =        19.3206  DIHED      =        32.1126
 1-4 NB =         5.3702  1-4 EEL =       111.8709  VDWAALS    =        -3.9797
 EELEC  =      -142.3531  EGB     =       -23.4491  RESTRAINT  =         0.4933
 ESURF=         1.9127
 EAMBER (non-restraint)  =         5.6680
 ------------------------------------------------------------------------------

 NMR restraints: Bond =    0.000   Angle =     0.000   Torsion =     0.493
===============================================================================
| RE_POSITION Moving by -10.459533  8.130614 -6.491907
| RE_POSITION Moving by  -5.649957  3.305914-16.009110
| RE_POSITION Moving by -10.346188  2.857851  3.028999
| RE_POSITION Moving by  -9.189263-10.391459 12.394788
| RE_POSITION Moving by   4.491160 -6.844888 -4.052991

 NSTEP =   400000   TIME(PS) =    1800.000  TEMP(K) =   282.05  PRESS =     0.0
 Etot   =        25.4175  EKtot   =        22.1389  EPtot      =         3.2786
 BOND   =         3.7925  ANGLE   =        15.1961  DIHED      =        32.7000
 1-4 NB =         5.4689  1-4 EEL =       109.5108  VDWAALS    =        -3.3724
 EELEC  =      -136.1803  EGB     =       -26.2040  RESTRAINT  =         0.4074
 ESURF=         1.9596
 EAMBER (non-restraint)  =         2.8712
 ------------------------------------------------------------------------------

 NMR restraints: Bond =    0.000   Angle =     0.000   Torsion =     0.407
===============================================================================
| RE_POSITION Moving by  -5.863446 -1.858869 -4.648005
| RE_POSITION Moving by  -2.694062 -4.257460 -3.956985
| RE_POSITION Moving by   4.476930 -4.012472 -3.964713
| RE_POSITION Moving by   1.744803  2.551881  1.347412
| RE_POSITION Moving by  -4.426101 -3.079425 -3.047350

 NSTEP =   450000   TIME(PS) =    1900.000  TEMP(K) =   345.28  PRESS =     0.0
 Etot   =        34.7699  EKtot   =        27.1027  EPtot      =         7.6672
 BOND   =         7.4052  ANGLE   =        21.0624  DIHED      =        32.4420
 1-4 NB =         5.1376  1-4 EEL =       110.2887  VDWAALS    =        -4.2779
 EELEC  =      -145.7487  EGB     =       -21.0822  RESTRAINT  =         0.4866
 ESURF=         1.9536
 EAMBER (non-restraint)  =         7.1806
 ------------------------------------------------------------------------------

 NMR restraints: Bond =    0.000   Angle =     0.000   Torsion =     0.487
===============================================================================
| RE_POSITION Moving by   0.929855 -7.169142  1.837193
| RE_POSITION Moving by   5.899124  1.317072 -4.610584
| RE_POSITION Moving by  -2.588687 -2.118410  0.934671
| RE_POSITION Moving by  -2.339065  4.781328 -3.534351
| RE_POSITION Moving by  -4.953632 -1.627856 -1.731644

 NSTEP =   500000   TIME(PS) =    2000.000  TEMP(K) =   320.59  PRESS =     0.0
 Etot   =        25.0709  EKtot   =        25.1643  EPtot      =        -0.0934
 BOND   =         3.9909  ANGLE   =        15.0667  DIHED      =        32.0634
 1-4 NB =         5.2268  1-4 EEL =       109.9602  VDWAALS    =        -3.8762
 EELEC  =      -144.1504  EGB     =       -20.2488  RESTRAINT  =         0.0080
 ESURF=         1.8660
 EAMBER (non-restraint)  =        -0.1014
 ------------------------------------------------------------------------------

 NMR restraints: Bond =    0.000   Angle =     0.000   Torsion =     0.008
===============================================================================

      A V E R A G E S   O V E R  500000 S T E P S


 NSTEP =   500000   TIME(PS) =    2000.000  TEMP(K) =   301.56  PRESS =     0.0
 Etot   =        26.9186  EKtot   =        23.6708  EPtot      =         3.2478
 BOND   =         5.4553  ANGLE   =        15.5448  DIHED      =        33.3680
 1-4 NB =         4.8653  1-4 EEL =       110.1540  VDWAALS    =        -3.7335
 EELEC  =      -141.6363  EGB     =       -23.4952  RESTRAINT  =         0.7862
 ESURF=         1.9393
 EAMBER (non-restraint)  =         2.4617
 ------------------------------------------------------------------------------

 NMR restraints: Bond =    0.000   Angle =     0.000   Torsion =     0.008
===============================================================================

      R M S  F L U C T U A T I O N S


 NSTEP =   500000   TIME(PS) =    2000.000  TEMP(K) =    48.32  PRESS =     0.0
 Etot   =         5.5094  EKtot   =         3.7927  EPtot      =         3.9455
 BOND   =         1.9890  ANGLE   =         3.2426  DIHED      =         2.5032
 1-4 NB =         1.0034  1-4 EEL =         3.4870  VDWAALS    =         0.7947
 EELEC  =         3.7174  EGB     =         2.2348  RESTRAINT  =         1.2817
 ESURF=         0.0472
 EAMBER (non-restraint)  =         2.6638
 ------------------------------------------------------------------------------


 NMR restraints on final step:


--------------------------------------------------------------------------------
   5.  TIMINGS
--------------------------------------------------------------------------------

|>>>>>>>>PROFILE of Average TIMES>>>>>>>>> 
|                Calc gb radii             28.00 ( 8.16% of Gen B)
|                Communicate gb radii     212.98 (62.09% of Gen B)
|                Calc gb diag              39.65 (11.56% of Gen B)
|                Calc gb off-diag          25.54 ( 7.45% of Gen B)
|                Surface area energy       36.13 (10.53% of Gen B)
|                Other                      0.69 ( 0.20% of Gen B)
|             Gen Born time            343.00 (100.0% of Nonbo)
|             IPS excludes               0.08 ( 0.02% of Nonbo)
|          Nonbond force            343.09 (29.56% of Force)
|          Bond/Angle/Dihedral       12.36 ( 1.06% of Force)
|          FRC Collect time         581.60 (50.10% of Force)
|          Other                    223.72 (19.27% of Force)
|       Force time              1160.77 (78.32% of Runmd)
|       Shake time                 1.63 ( 0.11% of Runmd)
|       Verlet update time       251.75 (16.99% of Runmd)
|       CRD distribute time       66.72 ( 4.50% of Runmd)
|       Other                      1.12 ( 0.08% of Runmd)
|    Runmd Time              1482.00 (100.0% of Total)
|    Other                      0.08 ( 0.01% of Total)
| Total time              1482.07 (100.0% of ALL  )

| Number of list builds   :          0

| Highest rstack allocated:          0
| Highest istack allocated:          0

| Final Performance Info:
| -----------------------------------------------------
| Average timings for all steps:
|     Elapsed(s) =    1482.00 Per Step(ms) =       2.96
|         ns/day =      58.30   seconds/ns =    1482.00
| -----------------------------------------------------

|           Job began  at 19:47:06.264  on 04/27/2013
|           Setup done at 19:47:06.367  on 04/27/2013
|           Run   done at 20:11:48.365  on 04/27/2013
|     wallclock() was called18500023 times
