
          -------------------------------------------------------
          Amber 12 SANDER                              2012
          -------------------------------------------------------

| Run on 04/27/2013 at 19:47:06
  [-O]verwriting output

File Assignments:
|  MDIN: run_141.in                                                            
| MDOUT: run_141.out                                                           
|INPCRD: ../eq1/run.rst                                                        
|  PARM: parm                                                                  
|RESTRT: run_141.rst                                                           
|  REFC: refc                                                                  
| MDVEL: mdvel                                                                 
|  MDEN: mden                                                                  
| MDCRD: run_141.nc                                                            
|MDINFO: mdinfo                                                                
|  MTMD: mtmd                                                                  
|INPDIP: inpdip                                                                
|RSTDIP: rstdip                                                                

|INPTRA: inptraj                                                               
|
 
 Here is the input file:
 
equilibration with restraint                                                   
 &cntrl                                                                        
   ig=27192,                                                                   
   irest=1, ntx=5,                                                             
   igb=8, gbsa=1,                                                              
   cut=9999.0, rgbmax=9998.0,                                                  
   ntc=2, ntf=1, tol=0.000001,                                                 
   ntt=3, gamma_ln=2.0, tempi=0.1,                                             
   ntb=0, nscm=10000,                                                          
   ioutfm=1,                                                                   
   nstlim=500000, dt=0.002,                                                    
   ntpr=50000, ntwx=50000, ntwv=0, ntwr=500000,                                
   nmropt=1,                                                                   
 /                                                                             
 &wt                                                                           
  type='END',                                                                  
 /                                                                             
DISANG=run_141.disang                                                          
                                                                               

--------------------------------------------------------------------------------
   1.  RESOURCE   USE: 
--------------------------------------------------------------------------------

| Flags: MPI                                                                    
| New format PARM file being parsed.
| Version =    1.000 Date = 04/27/13 Time = 01:42:54
 NATOM  =      32 NTYPES =       7 NBONH =      17 MBONA  =      14
 NTHETH =      36 MTHETA =      18 NPHIH =      64 MPHIA  =      45
 NHPARM =       0 NPARM  =       0 NNB   =     152 NRES   =       4
 NBONA  =      14 NTHETA =      18 NPHIA =      45 NUMBND =      11
 NUMANG =      21 NPTRA  =      20 NATYP =       8 NPHB   =       0
 IFBOX  =       0 NMXRS  =      10 IFCAP =       0 NEXTRA =       0
 NCOPY  =       0

 Implicit solvent radii are ArgH and AspGluO modified Bondi2 radii (mbondi3)                                
 Replacing prmtop screening parameters with GBn2 (igb=8) values

|     Memory Use     Allocated
|     Real                2330
|     Hollerith            102
|     Integer            23034
|     Max Pairs              1
|     nblistReal             0
|     nblist Int             0
|       Total              108 kbytes

| Note: 1-4 EEL scale factors are being read from the topology file.

| Note: 1-4 VDW scale factors are being read from the topology file.
| Duplicated    0 dihedrals
| Duplicated    0 dihedrals

--------------------------------------------------------------------------------
   2.  CONTROL  DATA  FOR  THE  RUN
--------------------------------------------------------------------------------

ACE                                                                             

General flags:
     imin    =       0, nmropt  =       1

Nature and format of input:
     ntx     =       5, irest   =       1, ntrx    =       1

Nature and format of output:
     ntxo    =       1, ntpr    =   50000, ntrx    =       1, ntwr    =  500000
     iwrap   =       0, ntwx    =   50000, ntwv    =       0, ntwe    =       0
     ioutfm  =       1, ntwprt  =       0, idecomp =       0, rbornstat=      0

Potential function:
     ntf     =       1, ntb     =       0, igb     =       8, nsnb    =      25
     ipol    =       0, gbsa    =       1, iesp    =       0
     dielc   =   1.00000, cut     =9999.00000, intdiel =   1.00000
     saltcon =   0.00000, offset  =   0.19514, surften =   0.00500
     rdt     =   0.00000, rgbmax  =9998.00000  extdiel =  78.50000
     alpb  =        0
     gbalphaH  =   0.78844, gbbetaH   =   0.79870,  gbgammaH  =    0.43733
     gbalphaC  =   0.73376, gbbetaC   =   0.50638,  gbgammaC  =    0.20584
     gbalphaN  =   0.50336, gbbetaN   =   0.31683,  gbgammaN  =    0.19292
     gbalphaOS =   0.86781, gbbetaOS  =   0.87664,  gbgammaOS =    0.38788
     gbalphaP  =   1.00000, gbbetaP   =   0.80000,  gbgammaP  =    4.85100

Frozen or restrained atoms:
     ibelly  =       0, ntr     =       0

Molecular dynamics:
     nstlim  =    500000, nscm    =     10000, nrespa  =         1
     t       =   0.00000, dt      =   0.00200, vlimit  =  20.00000

Langevin dynamics temperature regulation:
     ig      =   27192
     temp0   = 300.00000, tempi   =   0.10000, gamma_ln=   2.00000

SHAKE:
     ntc     =       2, jfastw  =       0
     tol     =   0.00000

NMR refinement options:
     iscale  =       0, noeskp  =       1, ipnlty  =       1, mxsub   =       1
     scalm   = 100.00000, pencut  =   0.10000, tausw   =   0.10000

| MPI Timing options:
|      profile_mpi =        0
|  INFO: Old style inpcrd file read


--------------------------------------------------------------------------------
   3.  ATOMIC COORDINATES AND VELOCITIES
--------------------------------------------------------------------------------

ACE                                                                             
 begin time read from input coords =  1000.000 ps



           Begin reading energy term weight changes/NMR restraints
 WEIGHT CHANGES:
                         ** No weight changes given **

 RESTRAINTS:
 Requested file redirections:
  DISANG    = run_141.disang
 Restraints will be read from file: run_141.disang
Here are comments from the DISANG input file:

                       Number of restraints read =     2

                  Done reading weight changes/NMR restraints


 Number of triangulated 3-point waters found:        0
|  Atom division among processors:
|         0      16      32
|  Running AMBER/MPI version on    2 nodes


--------------------------------------------------------------------------------
   4.  RESULTS
--------------------------------------------------------------------------------

|  # of SOLUTE  degrees of freedom (RNDFP):      79.
|  # of SOLVENT degrees of freedom (RNDFS):       0.
|  NDFMIN =      79.     NUM_NOSHAKE =      0     CORRECTED RNDFP =      79.
|  TOTAL # of degrees of freedom (RNDF) =      79.
| RE_POSITION Moving by  -1.684980 -0.859618 -1.195358
| RE_POSITION Moving by  -3.091603  0.204364  5.022402
| RE_POSITION Moving by  -0.927980 -2.668972  4.911172
| RE_POSITION Moving by   3.457239 -0.941898  7.938095
| RE_POSITION Moving by  -6.335176 -8.786202 -4.994332

 NSTEP =    50000   TIME(PS) =    1100.000  TEMP(K) =   279.43  PRESS =     0.0
 Etot   =        19.0137  EKtot   =        21.9334  EPtot      =        -2.9197
 BOND   =         9.3869  ANGLE   =        11.5078  DIHED      =        22.2018
 1-4 NB =         6.0307  1-4 EEL =       122.6515  VDWAALS    =        -3.4302
 EELEC  =      -154.0423  EGB     =       -23.9757  RESTRAINT  =         4.8052
 ESURF=         1.9447
 EAMBER (non-restraint)  =        -7.7249
 ------------------------------------------------------------------------------

 NMR restraints: Bond =    0.000   Angle =     0.000   Torsion =     4.805
===============================================================================
| RE_POSITION Moving by  -7.387961  2.842248  7.145410
| RE_POSITION Moving by   3.038350 -3.204564  5.660861
| RE_POSITION Moving by  -5.468456 -1.056850 -1.258479
| RE_POSITION Moving by   0.534678  2.148012 -1.879247
| RE_POSITION Moving by   1.568272  1.949950  2.952730

 NSTEP =   100000   TIME(PS) =    1200.000  TEMP(K) =   307.49  PRESS =     0.0
 Etot   =        19.5517  EKtot   =        24.1363  EPtot      =        -4.5846
 BOND   =         9.4396  ANGLE   =        13.4103  DIHED      =        23.5144
 1-4 NB =         3.8293  1-4 EEL =       117.5521  VDWAALS    =        -3.1843
 EELEC  =      -147.3425  EGB     =       -24.9312  RESTRAINT  =         1.1419
 ESURF=         1.9857
 EAMBER (non-restraint)  =        -5.7265
 ------------------------------------------------------------------------------

 NMR restraints: Bond =    0.000   Angle =     0.000   Torsion =     1.142
===============================================================================
| RE_POSITION Moving by  -4.599107  0.409953-10.574121
| RE_POSITION Moving by   9.998018  3.065173  0.726568
| RE_POSITION Moving by  -3.396564 11.667594  0.037523
| RE_POSITION Moving by  -0.607480 13.016923  0.487407
| RE_POSITION Moving by   3.515831  4.337909  0.458361

 NSTEP =   150000   TIME(PS) =    1300.000  TEMP(K) =   348.12  PRESS =     0.0
 Etot   =        18.5074  EKtot   =        27.3251  EPtot      =        -8.8177
 BOND   =         4.1513  ANGLE   =        14.8943  DIHED      =        21.0992
 1-4 NB =         6.2289  1-4 EEL =       118.7622  VDWAALS    =        -3.2243
 EELEC  =      -149.1090  EGB     =       -23.6139  RESTRAINT  =         0.0916
 ESURF=         1.9020
 EAMBER (non-restraint)  =        -8.9093
 ------------------------------------------------------------------------------

 NMR restraints: Bond =    0.000   Angle =     0.000   Torsion =     0.092
===============================================================================
| RE_POSITION Moving by  -5.518843 -3.333395 -1.264726
| RE_POSITION Moving by   0.511645  6.315682 -0.736302
| RE_POSITION Moving by   1.267458  6.248292  1.971958
| RE_POSITION Moving by   4.383991  5.565793 -4.931141
| RE_POSITION Moving by  11.792087 -1.359286 -4.312505

 NSTEP =   200000   TIME(PS) =    1400.000  TEMP(K) =   369.27  PRESS =     0.0
 Etot   =        13.1207  EKtot   =        28.9856  EPtot      =       -15.8649
 BOND   =         5.1334  ANGLE   =        11.3364  DIHED      =        21.5523
 1-4 NB =         3.3177  1-4 EEL =       119.2900  VDWAALS    =        -3.6182
 EELEC  =      -150.6139  EGB     =       -25.5541  RESTRAINT  =         1.3371
 ESURF=         1.9544
 EAMBER (non-restraint)  =       -17.2020
 ------------------------------------------------------------------------------

 NMR restraints: Bond =    0.000   Angle =     0.000   Torsion =     1.337
===============================================================================
| RE_POSITION Moving by  -2.233408  1.623535 -2.350825
| RE_POSITION Moving by   0.862887  3.861268  8.772557
| RE_POSITION Moving by   1.065697  4.145055  7.211764
| RE_POSITION Moving by   2.541659 -5.079741 -2.789067
| RE_POSITION Moving by  -3.019712 -3.877197 -1.277646

 NSTEP =   250000   TIME(PS) =    1500.000  TEMP(K) =   328.96  PRESS =     0.0
 Etot   =        14.2469  EKtot   =        25.8216  EPtot      =       -11.5747
 BOND   =         5.5921  ANGLE   =        13.5602  DIHED      =        22.4613
 1-4 NB =         3.5350  1-4 EEL =       116.5678  VDWAALS    =        -3.1357
 EELEC  =      -146.0150  EGB     =       -26.2176  RESTRAINT  =         0.0614
 ESURF=         2.0156
 EAMBER (non-restraint)  =       -11.6362
 ------------------------------------------------------------------------------

 NMR restraints: Bond =    0.000   Angle =     0.000   Torsion =     0.061
===============================================================================
| RE_POSITION Moving by   1.613755 -6.064900  0.578389
| RE_POSITION Moving by  -7.613981 -5.800653  0.234960
| RE_POSITION Moving by  -5.391411  2.168162 -3.097037
| RE_POSITION Moving by   5.106240 -3.355373 -1.108917
| RE_POSITION Moving by  -3.382768 -5.244347 -0.192370

 NSTEP =   300000   TIME(PS) =    1600.000  TEMP(K) =   371.88  PRESS =     0.0
 Etot   =        26.0531  EKtot   =        29.1906  EPtot      =        -3.1375
 BOND   =         7.0552  ANGLE   =        12.0178  DIHED      =        28.1724
 1-4 NB =         6.4315  1-4 EEL =       119.5940  VDWAALS    =        -3.6814
 EELEC  =      -153.0846  EGB     =       -22.1694  RESTRAINT  =         0.5608
 ESURF=         1.9661
 EAMBER (non-restraint)  =        -3.6982
 ------------------------------------------------------------------------------

 NMR restraints: Bond =    0.000   Angle =     0.000   Torsion =     0.561
===============================================================================
| RE_POSITION Moving by  -2.776408  2.168219 -0.838660
| RE_POSITION Moving by  -0.202057  4.624716 -4.629829
| RE_POSITION Moving by  -3.048453  6.294186  1.953391
| RE_POSITION Moving by   6.831647  4.441374  6.403374
| RE_POSITION Moving by   0.503929  5.318818 -3.549229

 NSTEP =   350000   TIME(PS) =    1700.000  TEMP(K) =   311.51  PRESS =     0.0
 Etot   =        17.7394  EKtot   =        24.4515  EPtot      =        -6.7121
 BOND   =         3.1908  ANGLE   =        13.8607  DIHED      =        24.1923
 1-4 NB =         6.2888  1-4 EEL =       120.4932  VDWAALS    =        -2.6138
 EELEC  =      -152.0254  EGB     =       -22.4669  RESTRAINT  =         0.4204
 ESURF=         1.9476
 EAMBER (non-restraint)  =        -7.1325
 ------------------------------------------------------------------------------

 NMR restraints: Bond =    0.000   Angle =     0.000   Torsion =     0.420
===============================================================================
| RE_POSITION Moving by   4.797874 15.187691 -0.930271
| RE_POSITION Moving by   8.594157 10.893351  0.094132
| RE_POSITION Moving by   5.356857  1.789282 -0.502967
| RE_POSITION Moving by   1.503940 -2.736804 -2.215411
| RE_POSITION Moving by   6.994244 -1.911104  0.256204

 NSTEP =   400000   TIME(PS) =    1800.000  TEMP(K) =   232.16  PRESS =     0.0
 Etot   =         7.2045  EKtot   =        18.2228  EPtot      =       -11.0183
 BOND   =         3.0193  ANGLE   =        17.2345  DIHED      =        20.9160
 1-4 NB =         3.9936  1-4 EEL =       121.8061  VDWAALS    =        -3.5802
 EELEC  =      -151.6656  EGB     =       -25.2116  RESTRAINT  =         0.5299
 ESURF=         1.9398
 EAMBER (non-restraint)  =       -11.5482
 ------------------------------------------------------------------------------

 NMR restraints: Bond =    0.000   Angle =     0.000   Torsion =     0.530
===============================================================================
| RE_POSITION Moving by  -4.668419 -9.193631 -0.184586
| RE_POSITION Moving by  -0.722440 -0.764675 -5.933987
| RE_POSITION Moving by  -7.172195 -8.196295  0.629743
| RE_POSITION Moving by  -2.195804 -5.116132 -5.618943
| RE_POSITION Moving by  -1.231763  1.657833 -2.191997

 NSTEP =   450000   TIME(PS) =    1900.000  TEMP(K) =   334.36  PRESS =     0.0
 Etot   =        16.4845  EKtot   =        26.2452  EPtot      =        -9.7606
 BOND   =         3.7421  ANGLE   =        15.8575  DIHED      =        22.6305
 1-4 NB =         5.3285  1-4 EEL =       120.0206  VDWAALS    =        -3.6913
 EELEC  =      -149.9032  EGB     =       -25.8485  RESTRAINT  =         0.1730
 ESURF=         1.9301
 EAMBER (non-restraint)  =        -9.9336
 ------------------------------------------------------------------------------

 NMR restraints: Bond =    0.000   Angle =     0.000   Torsion =     0.173
===============================================================================
| RE_POSITION Moving by   0.968444 -4.561862 -3.293293
| RE_POSITION Moving by  -5.303365 -0.313775  0.757349
| RE_POSITION Moving by  -5.269000 -1.434575  3.731541
| RE_POSITION Moving by  -1.870373 -4.086598  1.986271
| RE_POSITION Moving by   0.447146 -0.710592  5.738405

 NSTEP =   500000   TIME(PS) =    2000.000  TEMP(K) =   269.58  PRESS =     0.0
 Etot   =        16.6291  EKtot   =        21.1603  EPtot      =        -4.5312
 BOND   =         8.8455  ANGLE   =        15.5701  DIHED      =        23.6024
 1-4 NB =         5.7583  1-4 EEL =       118.1833  VDWAALS    =        -3.5099
 EELEC  =      -151.5213  EGB     =       -23.4191  RESTRAINT  =         0.0012
 ESURF=         1.9582
 EAMBER (non-restraint)  =        -4.5325
 ------------------------------------------------------------------------------

 NMR restraints: Bond =    0.000   Angle =     0.000   Torsion =     0.001
===============================================================================

      A V E R A G E S   O V E R  500000 S T E P S


 NSTEP =   500000   TIME(PS) =    2000.000  TEMP(K) =   300.10  PRESS =     0.0
 Etot   =        15.3390  EKtot   =        23.5558  EPtot      =        -8.2168
 BOND   =         5.3475  ANGLE   =        14.1084  DIHED      =        23.2817
 1-4 NB =         4.9912  1-4 EEL =       119.1104  VDWAALS    =        -3.3539
 EELEC  =      -150.5918  EGB     =       -23.6682  RESTRAINT  =         0.5902
 ESURF=         1.9677
 EAMBER (non-restraint)  =        -8.8071
 ------------------------------------------------------------------------------

 NMR restraints: Bond =    0.000   Angle =     0.000   Torsion =     0.001
===============================================================================

      R M S  F L U C T U A T I O N S


 NSTEP =   500000   TIME(PS) =    2000.000  TEMP(K) =    47.50  PRESS =     0.0
 Etot   =         5.2921  EKtot   =         3.7281  EPtot      =         3.7863
 BOND   =         1.9536  ANGLE   =         3.0010  DIHED      =         1.7676
 1-4 NB =         0.9536  1-4 EEL =         3.0855  VDWAALS    =         0.6311
 EELEC  =         3.4655  EGB     =         1.6526  RESTRAINT  =         0.7180
 ESURF=         0.0344
 EAMBER (non-restraint)  =         3.0683
 ------------------------------------------------------------------------------


 NMR restraints on final step:


--------------------------------------------------------------------------------
   5.  TIMINGS
--------------------------------------------------------------------------------

|>>>>>>>>PROFILE of Average TIMES>>>>>>>>> 
|                Calc gb radii             27.13 ( 8.15% of Gen B)
|                Communicate gb radii     210.02 (63.12% of Gen B)
|                Calc gb diag              38.38 (11.54% of Gen B)
|                Calc gb off-diag          25.41 ( 7.64% of Gen B)
|                Surface area energy       31.09 ( 9.34% of Gen B)
|                Other                      0.71 ( 0.21% of Gen B)
|             Gen Born time            332.75 (100.0% of Nonbo)
|             IPS excludes               0.07 ( 0.02% of Nonbo)
|          Nonbond force            332.82 (29.37% of Force)
|          Bond/Angle/Dihedral       12.41 ( 1.10% of Force)
|          FRC Collect time         568.72 (50.19% of Force)
|          Other                    219.08 (19.34% of Force)
|       Force time              1133.03 (78.35% of Runmd)
|       Shake time                 1.64 ( 0.11% of Runmd)
|       Verlet update time       246.13 (17.02% of Runmd)
|       CRD distribute time       64.19 ( 4.44% of Runmd)
|       Other                      1.14 ( 0.08% of Runmd)
|    Runmd Time              1446.13 (100.0% of Total)
|    Other                      0.07 ( 0.01% of Total)
| Total time              1446.20 (100.0% of ALL  )

| Number of list builds   :          0

| Highest rstack allocated:          0
| Highest istack allocated:          0

| Final Performance Info:
| -----------------------------------------------------
| Average timings for all steps:
|     Elapsed(s) =    1446.13 Per Step(ms) =       2.89
|         ns/day =      59.75   seconds/ns =    1446.13
| -----------------------------------------------------

|           Job began  at 19:47:06.217  on 04/27/2013
|           Setup done at 19:47:06.300  on 04/27/2013
|           Run   done at 20:11:12.432  on 04/27/2013
|     wallclock() was called18500023 times
