
          -------------------------------------------------------
          Amber 12 SANDER                              2012
          -------------------------------------------------------

| Run on 04/27/2013 at 19:47:06
  [-O]verwriting output

File Assignments:
|  MDIN: run_18.in                                                             
| MDOUT: run_18.out                                                            
|INPCRD: ../eq1/run.rst                                                        
|  PARM: parm                                                                  
|RESTRT: run_18.rst                                                            
|  REFC: refc                                                                  
| MDVEL: mdvel                                                                 
|  MDEN: mden                                                                  
| MDCRD: run_18.nc                                                             
|MDINFO: mdinfo                                                                
|  MTMD: mtmd                                                                  
|INPDIP: inpdip                                                                
|RSTDIP: rstdip                                                                

|INPTRA: inptraj                                                               
|
 
 Here is the input file:
 
equilibration with restraint                                                   
 &cntrl                                                                        
   ig=168173,                                                                  
   irest=1, ntx=5,                                                             
   igb=8, gbsa=1,                                                              
   cut=9999.0, rgbmax=9998.0,                                                  
   ntc=2, ntf=1, tol=0.000001,                                                 
   ntt=3, gamma_ln=2.0, tempi=0.1,                                             
   ntb=0, nscm=10000,                                                          
   ioutfm=1,                                                                   
   nstlim=500000, dt=0.002,                                                    
   ntpr=50000, ntwx=50000, ntwv=0, ntwr=500000,                                
   nmropt=1,                                                                   
 /                                                                             
 &wt                                                                           
  type='END',                                                                  
 /                                                                             
DISANG=run_18.disang                                                           
                                                                               

--------------------------------------------------------------------------------
   1.  RESOURCE   USE: 
--------------------------------------------------------------------------------

| Flags: MPI                                                                    
| New format PARM file being parsed.
| Version =    1.000 Date = 04/27/13 Time = 01:42:54
 NATOM  =      32 NTYPES =       7 NBONH =      17 MBONA  =      14
 NTHETH =      36 MTHETA =      18 NPHIH =      64 MPHIA  =      45
 NHPARM =       0 NPARM  =       0 NNB   =     152 NRES   =       4
 NBONA  =      14 NTHETA =      18 NPHIA =      45 NUMBND =      11
 NUMANG =      21 NPTRA  =      20 NATYP =       8 NPHB   =       0
 IFBOX  =       0 NMXRS  =      10 IFCAP =       0 NEXTRA =       0
 NCOPY  =       0

 Implicit solvent radii are ArgH and AspGluO modified Bondi2 radii (mbondi3)                                
 Replacing prmtop screening parameters with GBn2 (igb=8) values

|     Memory Use     Allocated
|     Real                2330
|     Hollerith            102
|     Integer            23034
|     Max Pairs              1
|     nblistReal             0
|     nblist Int             0
|       Total              108 kbytes

| Note: 1-4 EEL scale factors are being read from the topology file.

| Note: 1-4 VDW scale factors are being read from the topology file.
| Duplicated    0 dihedrals
| Duplicated    0 dihedrals

--------------------------------------------------------------------------------
   2.  CONTROL  DATA  FOR  THE  RUN
--------------------------------------------------------------------------------

ACE                                                                             

General flags:
     imin    =       0, nmropt  =       1

Nature and format of input:
     ntx     =       5, irest   =       1, ntrx    =       1

Nature and format of output:
     ntxo    =       1, ntpr    =   50000, ntrx    =       1, ntwr    =  500000
     iwrap   =       0, ntwx    =   50000, ntwv    =       0, ntwe    =       0
     ioutfm  =       1, ntwprt  =       0, idecomp =       0, rbornstat=      0

Potential function:
     ntf     =       1, ntb     =       0, igb     =       8, nsnb    =      25
     ipol    =       0, gbsa    =       1, iesp    =       0
     dielc   =   1.00000, cut     =9999.00000, intdiel =   1.00000
     saltcon =   0.00000, offset  =   0.19514, surften =   0.00500
     rdt     =   0.00000, rgbmax  =9998.00000  extdiel =  78.50000
     alpb  =        0
     gbalphaH  =   0.78844, gbbetaH   =   0.79870,  gbgammaH  =    0.43733
     gbalphaC  =   0.73376, gbbetaC   =   0.50638,  gbgammaC  =    0.20584
     gbalphaN  =   0.50336, gbbetaN   =   0.31683,  gbgammaN  =    0.19292
     gbalphaOS =   0.86781, gbbetaOS  =   0.87664,  gbgammaOS =    0.38788
     gbalphaP  =   1.00000, gbbetaP   =   0.80000,  gbgammaP  =    4.85100

Frozen or restrained atoms:
     ibelly  =       0, ntr     =       0

Molecular dynamics:
     nstlim  =    500000, nscm    =     10000, nrespa  =         1
     t       =   0.00000, dt      =   0.00200, vlimit  =  20.00000

Langevin dynamics temperature regulation:
     ig      =  168173
     temp0   = 300.00000, tempi   =   0.10000, gamma_ln=   2.00000

SHAKE:
     ntc     =       2, jfastw  =       0
     tol     =   0.00000

NMR refinement options:
     iscale  =       0, noeskp  =       1, ipnlty  =       1, mxsub   =       1
     scalm   = 100.00000, pencut  =   0.10000, tausw   =   0.10000

| MPI Timing options:
|      profile_mpi =        0
|  INFO: Old style inpcrd file read


--------------------------------------------------------------------------------
   3.  ATOMIC COORDINATES AND VELOCITIES
--------------------------------------------------------------------------------

ACE                                                                             
 begin time read from input coords =  1000.000 ps



           Begin reading energy term weight changes/NMR restraints
 WEIGHT CHANGES:
                         ** No weight changes given **

 RESTRAINTS:
 Requested file redirections:
  DISANG    = run_18.disang
 Restraints will be read from file: run_18.disang
Here are comments from the DISANG input file:

                       Number of restraints read =     2

                  Done reading weight changes/NMR restraints


 Number of triangulated 3-point waters found:        0
|  Atom division among processors:
|         0      16      32
|  Running AMBER/MPI version on    2 nodes


--------------------------------------------------------------------------------
   4.  RESULTS
--------------------------------------------------------------------------------

|  # of SOLUTE  degrees of freedom (RNDFP):      79.
|  # of SOLVENT degrees of freedom (RNDFS):       0.
|  NDFMIN =      79.     NUM_NOSHAKE =      0     CORRECTED RNDFP =      79.
|  TOTAL # of degrees of freedom (RNDF) =      79.
| RE_POSITION Moving by  -4.854623 -4.065436 -3.855167
| RE_POSITION Moving by  -0.410198  0.209362 -0.377415
| RE_POSITION Moving by  -2.433037 -0.770148  2.304275
| RE_POSITION Moving by  -3.445341 -5.343388  6.517228
| RE_POSITION Moving by  -0.387291 11.035443  2.896308

 NSTEP =    50000   TIME(PS) =    1100.000  TEMP(K) =   259.61  PRESS =     0.0
 Etot   =        18.4976  EKtot   =        20.3781  EPtot      =        -1.8805
 BOND   =         8.0361  ANGLE   =        11.8812  DIHED      =        27.4374
 1-4 NB =         4.8524  1-4 EEL =       112.9722  VDWAALS    =        -2.5588
 EELEC  =      -136.8252  EGB     =       -29.9439  RESTRAINT  =         0.3310
 ESURF=         1.9370
 EAMBER (non-restraint)  =        -2.2115
 ------------------------------------------------------------------------------

 NMR restraints: Bond =    0.000   Angle =     0.000   Torsion =     0.331
===============================================================================
| RE_POSITION Moving by   5.518494 -3.938613 -6.423720
| RE_POSITION Moving by   7.014715  4.551967  0.805993
| RE_POSITION Moving by   5.251010 -4.594984 -2.459808
| RE_POSITION Moving by   1.434010  3.380039  1.581173
| RE_POSITION Moving by   4.232958  2.353759  1.077955

 NSTEP =   100000   TIME(PS) =    1200.000  TEMP(K) =   371.87  PRESS =     0.0
 Etot   =        19.2155  EKtot   =        29.1896  EPtot      =        -9.9741
 BOND   =         2.8843  ANGLE   =        15.7771  DIHED      =        23.1918
 1-4 NB =         4.4747  1-4 EEL =       111.9686  VDWAALS    =        -2.9802
 EELEC  =      -142.6144  EGB     =       -24.6813  RESTRAINT  =         0.0041
 ESURF=         2.0013
 EAMBER (non-restraint)  =        -9.9782
 ------------------------------------------------------------------------------

 NMR restraints: Bond =    0.000   Angle =     0.000   Torsion =     0.004
===============================================================================
| RE_POSITION Moving by   6.976643  6.581264 -9.324659
| RE_POSITION Moving by  -2.225227 -0.490869  7.219060
| RE_POSITION Moving by   4.853744  6.215307 -0.304293
| RE_POSITION Moving by   8.867965  1.301318  2.564500
| RE_POSITION Moving by  -1.395357 -1.503301 -2.514497

 NSTEP =   150000   TIME(PS) =    1300.000  TEMP(K) =   245.90  PRESS =     0.0
 Etot   =        12.4810  EKtot   =        19.3014  EPtot      =        -6.8204
 BOND   =         5.4442  ANGLE   =        14.9199  DIHED      =        24.8585
 1-4 NB =         4.5824  1-4 EEL =       110.8045  VDWAALS    =        -3.7983
 EELEC  =      -141.1226  EGB     =       -24.5914  RESTRAINT  =         0.1362
 ESURF=         1.9461
 EAMBER (non-restraint)  =        -6.9566
 ------------------------------------------------------------------------------

 NMR restraints: Bond =    0.000   Angle =     0.000   Torsion =     0.136
===============================================================================
| RE_POSITION Moving by   7.497127  0.135383  4.790302
| RE_POSITION Moving by  -4.516581 -0.568412  9.743679
| RE_POSITION Moving by   5.341237 -5.913756 -6.019481
| RE_POSITION Moving by  -0.760098 -0.362991 -3.729800
| RE_POSITION Moving by   1.005405  1.515140  4.606897

 NSTEP =   200000   TIME(PS) =    1400.000  TEMP(K) =   334.96  PRESS =     0.0
 Etot   =        23.8108  EKtot   =        26.2923  EPtot      =        -2.4815
 BOND   =         9.5802  ANGLE   =        15.3878  DIHED      =        22.4134
 1-4 NB =         5.9399  1-4 EEL =       113.3410  VDWAALS    =        -1.8277
 EELEC  =      -144.0416  EGB     =       -26.0112  RESTRAINT  =         0.7577
 ESURF=         1.9790
 EAMBER (non-restraint)  =        -3.2392
 ------------------------------------------------------------------------------

 NMR restraints: Bond =    0.000   Angle =     0.000   Torsion =     0.758
===============================================================================
| RE_POSITION Moving by  -3.981250 -2.442042  4.314509
| RE_POSITION Moving by   0.247968 -0.578220 -3.183138
| RE_POSITION Moving by  -3.802953 -1.433274 -0.768039
| RE_POSITION Moving by -10.881537  7.448027 -8.932213
| RE_POSITION Moving by  -2.369172  2.733491  4.354696

 NSTEP =   250000   TIME(PS) =    1500.000  TEMP(K) =   245.27  PRESS =     0.0
 Etot   =        11.7056  EKtot   =        19.2521  EPtot      =        -7.5465
 BOND   =         7.3403  ANGLE   =        11.6955  DIHED      =        25.2518
 1-4 NB =         4.4343  1-4 EEL =       111.3085  VDWAALS    =        -4.2730
 EELEC  =      -142.2918  EGB     =       -22.9962  RESTRAINT  =         0.1008
 ESURF=         1.8834
 EAMBER (non-restraint)  =        -7.6473
 ------------------------------------------------------------------------------

 NMR restraints: Bond =    0.000   Angle =     0.000   Torsion =     0.101
===============================================================================
| RE_POSITION Moving by  -3.479682 -2.313415 -0.905425
| RE_POSITION Moving by   1.259881 -0.711735 -1.578034
| RE_POSITION Moving by   2.256708 -7.447162  2.309417
| RE_POSITION Moving by   3.697361 -1.614014 -0.404262
| RE_POSITION Moving by  -2.415690  1.076444  1.628924

 NSTEP =   300000   TIME(PS) =    1600.000  TEMP(K) =   313.18  PRESS =     0.0
 Etot   =        15.1611  EKtot   =        24.5827  EPtot      =        -9.4216
 BOND   =         3.1658  ANGLE   =        13.3957  DIHED      =        25.1852
 1-4 NB =         3.9371  1-4 EEL =       110.8859  VDWAALS    =        -3.3000
 EELEC  =      -140.3060  EGB     =       -24.3281  RESTRAINT  =         0.0051
 ESURF=         1.9378
 EAMBER (non-restraint)  =        -9.4267
 ------------------------------------------------------------------------------

 NMR restraints: Bond =    0.000   Angle =     0.000   Torsion =     0.005
===============================================================================
| RE_POSITION Moving by  -1.065485 -2.460107  0.620830
| RE_POSITION Moving by   3.943158  2.552900  1.234144
| RE_POSITION Moving by  -4.865009 10.449430  1.102196
| RE_POSITION Moving by   5.231540 -1.820463  1.072337
| RE_POSITION Moving by  -3.986289 -0.688501  0.797985

 NSTEP =   350000   TIME(PS) =    1700.000  TEMP(K) =   351.62  PRESS =     0.0
 Etot   =        20.0113  EKtot   =        27.6001  EPtot      =        -7.5888
 BOND   =         6.4187  ANGLE   =        14.3285  DIHED      =        23.7495
 1-4 NB =         3.2686  1-4 EEL =       111.5593  VDWAALS    =        -2.9861
 EELEC  =      -138.4229  EGB     =       -28.4661  RESTRAINT  =         0.9777
 ESURF=         1.9840
 EAMBER (non-restraint)  =        -8.5665
 ------------------------------------------------------------------------------

 NMR restraints: Bond =    0.000   Angle =     0.000   Torsion =     0.978
===============================================================================
| RE_POSITION Moving by -17.725630  5.432909 -1.824505
| RE_POSITION Moving by   3.585869  7.105822 -8.082790
| RE_POSITION Moving by  -3.072983  5.472216  3.506162
| RE_POSITION Moving by   4.645118  0.163184 -2.820597
| RE_POSITION Moving by  -0.989028 10.696013  3.791470

 NSTEP =   400000   TIME(PS) =    1800.000  TEMP(K) =   261.75  PRESS =     0.0
 Etot   =         6.2453  EKtot   =        20.5462  EPtot      =       -14.3008
 BOND   =         2.1232  ANGLE   =        14.8868  DIHED      =        21.8240
 1-4 NB =         5.0402  1-4 EEL =       112.3659  VDWAALS    =        -2.9440
 EELEC  =      -144.4205  EGB     =       -25.1742  RESTRAINT  =         0.0117
 ESURF=         1.9860
 EAMBER (non-restraint)  =       -14.3125
 ------------------------------------------------------------------------------

 NMR restraints: Bond =    0.000   Angle =     0.000   Torsion =     0.012
===============================================================================
| RE_POSITION Moving by  10.744000 -6.073227 -5.102479
| RE_POSITION Moving by  -7.815105 -4.568495  0.017041
| RE_POSITION Moving by  -6.650509  4.196532 -1.680436
| RE_POSITION Moving by   0.856332 -0.926355  0.973591
| RE_POSITION Moving by   6.875322  4.128886 -0.783229

 NSTEP =   450000   TIME(PS) =    1900.000  TEMP(K) =   311.91  PRESS =     0.0
 Etot   =        21.5177  EKtot   =        24.4830  EPtot      =        -2.9653
 BOND   =         2.6247  ANGLE   =        22.4825  DIHED      =        24.4092
 1-4 NB =         3.4132  1-4 EEL =       112.4620  VDWAALS    =        -2.9909
 EELEC  =      -143.3929  EGB     =       -24.3498  RESTRAINT  =         0.3463
 ESURF=         2.0305
 EAMBER (non-restraint)  =        -3.3117
 ------------------------------------------------------------------------------

 NMR restraints: Bond =    0.000   Angle =     0.000   Torsion =     0.346
===============================================================================
| RE_POSITION Moving by   2.973893 -7.773305-14.733759
| RE_POSITION Moving by   4.622595  3.710578  3.122966
| RE_POSITION Moving by   0.765105 -3.973220 -0.314549
| RE_POSITION Moving by  -9.517692 -7.132188 -0.020225
| RE_POSITION Moving by   2.110835  7.160670 -9.880758

 NSTEP =   500000   TIME(PS) =    2000.000  TEMP(K) =   451.03  PRESS =     0.0
 Etot   =        26.5637  EKtot   =        35.4030  EPtot      =        -8.8393
 BOND   =         3.4211  ANGLE   =        17.0940  DIHED      =        24.1351
 1-4 NB =         4.3285  1-4 EEL =       112.8740  VDWAALS    =        -3.8205
 EELEC  =      -144.8140  EGB     =       -24.0500  RESTRAINT  =         0.0141
 ESURF=         1.9783
 EAMBER (non-restraint)  =        -8.8534
 ------------------------------------------------------------------------------

 NMR restraints: Bond =    0.000   Angle =     0.000   Torsion =     0.014
===============================================================================

      A V E R A G E S   O V E R  500000 S T E P S


 NSTEP =   500000   TIME(PS) =    2000.000  TEMP(K) =   299.73  PRESS =     0.0
 Etot   =        18.2299  EKtot   =        23.5267  EPtot      =        -5.2968
 BOND   =         5.4992  ANGLE   =        15.7617  DIHED      =        24.7182
 1-4 NB =         4.6826  1-4 EEL =       111.9443  VDWAALS    =        -3.2239
 EELEC  =      -142.9625  EGB     =       -24.1921  RESTRAINT  =         0.5287
 ESURF=         1.9472
 EAMBER (non-restraint)  =        -5.8255
 ------------------------------------------------------------------------------

 NMR restraints: Bond =    0.000   Angle =     0.000   Torsion =     0.014
===============================================================================

      R M S  F L U C T U A T I O N S


 NSTEP =   500000   TIME(PS) =    2000.000  TEMP(K) =    47.86  PRESS =     0.0
 Etot   =         5.5501  EKtot   =         3.7571  EPtot      =         4.0533
 BOND   =         2.0081  ANGLE   =         3.1836  DIHED      =         1.6731
 1-4 NB =         0.9706  1-4 EEL =         2.9934  VDWAALS    =         0.8777
 EELEC  =         3.5892  EGB     =         2.6115  RESTRAINT  =         1.5769
 ESURF=         0.0416
 EAMBER (non-restraint)  =         2.4764
 ------------------------------------------------------------------------------


 NMR restraints on final step:


--------------------------------------------------------------------------------
   5.  TIMINGS
--------------------------------------------------------------------------------

|>>>>>>>>PROFILE of Average TIMES>>>>>>>>> 
|                Calc gb radii             27.71 ( 8.09% of Gen B)
|                Communicate gb radii     213.47 (62.33% of Gen B)
|                Calc gb diag              39.50 (11.53% of Gen B)
|                Calc gb off-diag          25.47 ( 7.44% of Gen B)
|                Surface area energy       35.65 (10.41% of Gen B)
|                Other                      0.69 ( 0.20% of Gen B)
|             Gen Born time            342.48 (100.0% of Nonbo)
|             IPS excludes               0.11 ( 0.03% of Nonbo)
|          Nonbond force            342.59 (29.51% of Force)
|          Bond/Angle/Dihedral       12.33 ( 1.06% of Force)
|          FRC Collect time         581.38 (50.07% of Force)
|          Other                    224.82 (19.36% of Force)
|       Force time              1161.12 (78.31% of Runmd)
|       Shake time                 1.59 ( 0.11% of Runmd)
|       Verlet update time       251.87 (16.99% of Runmd)
|       CRD distribute time       67.10 ( 4.53% of Runmd)
|       Other                      1.12 ( 0.08% of Runmd)
|    Runmd Time              1482.80 (100.0% of Total)
|    Other                      0.08 ( 0.01% of Total)
| Total time              1482.88 (100.0% of ALL  )

| Number of list builds   :          0

| Highest rstack allocated:          0
| Highest istack allocated:          0

| Final Performance Info:
| -----------------------------------------------------
| Average timings for all steps:
|     Elapsed(s) =    1482.81 Per Step(ms) =       2.97
|         ns/day =      58.27   seconds/ns =    1482.81
| -----------------------------------------------------

|           Job began  at 19:47:06.208  on 04/27/2013
|           Setup done at 19:47:06.291  on 04/27/2013
|           Run   done at 20:11:49.100  on 04/27/2013
|     wallclock() was called18500023 times
