
          -------------------------------------------------------
          Amber 12 SANDER                              2012
          -------------------------------------------------------

| Run on 04/27/2013 at 19:47:06
  [-O]verwriting output

File Assignments:
|  MDIN: run_111.in                                                            
| MDOUT: run_111.out                                                           
|INPCRD: ../eq1/run.rst                                                        
|  PARM: parm                                                                  
|RESTRT: run_111.rst                                                           
|  REFC: refc                                                                  
| MDVEL: mdvel                                                                 
|  MDEN: mden                                                                  
| MDCRD: run_111.nc                                                            
|MDINFO: mdinfo                                                                
|  MTMD: mtmd                                                                  
|INPDIP: inpdip                                                                
|RSTDIP: rstdip                                                                

|INPTRA: inptraj                                                               
|
 
 Here is the input file:
 
equilibration with restraint                                                   
 &cntrl                                                                        
   ig=240025,                                                                  
   irest=1, ntx=5,                                                             
   igb=8, gbsa=1,                                                              
   cut=9999.0, rgbmax=9998.0,                                                  
   ntc=2, ntf=1, tol=0.000001,                                                 
   ntt=3, gamma_ln=2.0, tempi=0.1,                                             
   ntb=0, nscm=10000,                                                          
   ioutfm=1,                                                                   
   nstlim=500000, dt=0.002,                                                    
   ntpr=50000, ntwx=50000, ntwv=0, ntwr=500000,                                
   nmropt=1,                                                                   
 /                                                                             
 &wt                                                                           
  type='END',                                                                  
 /                                                                             
DISANG=run_111.disang                                                          
                                                                               

--------------------------------------------------------------------------------
   1.  RESOURCE   USE: 
--------------------------------------------------------------------------------

| Flags: MPI                                                                    
| New format PARM file being parsed.
| Version =    1.000 Date = 04/27/13 Time = 01:42:54
 NATOM  =      32 NTYPES =       7 NBONH =      17 MBONA  =      14
 NTHETH =      36 MTHETA =      18 NPHIH =      64 MPHIA  =      45
 NHPARM =       0 NPARM  =       0 NNB   =     152 NRES   =       4
 NBONA  =      14 NTHETA =      18 NPHIA =      45 NUMBND =      11
 NUMANG =      21 NPTRA  =      20 NATYP =       8 NPHB   =       0
 IFBOX  =       0 NMXRS  =      10 IFCAP =       0 NEXTRA =       0
 NCOPY  =       0

 Implicit solvent radii are ArgH and AspGluO modified Bondi2 radii (mbondi3)                                
 Replacing prmtop screening parameters with GBn2 (igb=8) values

|     Memory Use     Allocated
|     Real                2330
|     Hollerith            102
|     Integer            23034
|     Max Pairs              1
|     nblistReal             0
|     nblist Int             0
|       Total              108 kbytes

| Note: 1-4 EEL scale factors are being read from the topology file.

| Note: 1-4 VDW scale factors are being read from the topology file.
| Duplicated    0 dihedrals
| Duplicated    0 dihedrals

--------------------------------------------------------------------------------
   2.  CONTROL  DATA  FOR  THE  RUN
--------------------------------------------------------------------------------

ACE                                                                             

General flags:
     imin    =       0, nmropt  =       1

Nature and format of input:
     ntx     =       5, irest   =       1, ntrx    =       1

Nature and format of output:
     ntxo    =       1, ntpr    =   50000, ntrx    =       1, ntwr    =  500000
     iwrap   =       0, ntwx    =   50000, ntwv    =       0, ntwe    =       0
     ioutfm  =       1, ntwprt  =       0, idecomp =       0, rbornstat=      0

Potential function:
     ntf     =       1, ntb     =       0, igb     =       8, nsnb    =      25
     ipol    =       0, gbsa    =       1, iesp    =       0
     dielc   =   1.00000, cut     =9999.00000, intdiel =   1.00000
     saltcon =   0.00000, offset  =   0.19514, surften =   0.00500
     rdt     =   0.00000, rgbmax  =9998.00000  extdiel =  78.50000
     alpb  =        0
     gbalphaH  =   0.78844, gbbetaH   =   0.79870,  gbgammaH  =    0.43733
     gbalphaC  =   0.73376, gbbetaC   =   0.50638,  gbgammaC  =    0.20584
     gbalphaN  =   0.50336, gbbetaN   =   0.31683,  gbgammaN  =    0.19292
     gbalphaOS =   0.86781, gbbetaOS  =   0.87664,  gbgammaOS =    0.38788
     gbalphaP  =   1.00000, gbbetaP   =   0.80000,  gbgammaP  =    4.85100

Frozen or restrained atoms:
     ibelly  =       0, ntr     =       0

Molecular dynamics:
     nstlim  =    500000, nscm    =     10000, nrespa  =         1
     t       =   0.00000, dt      =   0.00200, vlimit  =  20.00000

Langevin dynamics temperature regulation:
     ig      =  240025
     temp0   = 300.00000, tempi   =   0.10000, gamma_ln=   2.00000

SHAKE:
     ntc     =       2, jfastw  =       0
     tol     =   0.00000

NMR refinement options:
     iscale  =       0, noeskp  =       1, ipnlty  =       1, mxsub   =       1
     scalm   = 100.00000, pencut  =   0.10000, tausw   =   0.10000

| MPI Timing options:
|      profile_mpi =        0
|  INFO: Old style inpcrd file read


--------------------------------------------------------------------------------
   3.  ATOMIC COORDINATES AND VELOCITIES
--------------------------------------------------------------------------------

ACE                                                                             
 begin time read from input coords =  1000.000 ps



           Begin reading energy term weight changes/NMR restraints
 WEIGHT CHANGES:
                         ** No weight changes given **

 RESTRAINTS:
 Requested file redirections:
  DISANG    = run_111.disang
 Restraints will be read from file: run_111.disang
Here are comments from the DISANG input file:

                       Number of restraints read =     2

                  Done reading weight changes/NMR restraints


 Number of triangulated 3-point waters found:        0
|  Atom division among processors:
|         0      16      32
|  Running AMBER/MPI version on    2 nodes


--------------------------------------------------------------------------------
   4.  RESULTS
--------------------------------------------------------------------------------

|  # of SOLUTE  degrees of freedom (RNDFP):      79.
|  # of SOLVENT degrees of freedom (RNDFS):       0.
|  NDFMIN =      79.     NUM_NOSHAKE =      0     CORRECTED RNDFP =      79.
|  TOTAL # of degrees of freedom (RNDF) =      79.
| RE_POSITION Moving by  -7.736070  0.104994  5.760071
| RE_POSITION Moving by  -2.374455 -1.708077 -4.393706
| RE_POSITION Moving by   6.690294  3.896098 -2.213443
| RE_POSITION Moving by  -0.212564 -8.424685  0.191073
| RE_POSITION Moving by  -1.454502 -3.822747 -2.771417

 NSTEP =    50000   TIME(PS) =    1100.000  TEMP(K) =   325.14  PRESS =     0.0
 Etot   =        17.4940  EKtot   =        25.5218  EPtot      =        -8.0278
 BOND   =         3.2682  ANGLE   =        14.2803  DIHED      =        26.1086
 1-4 NB =         3.7729  1-4 EEL =       121.6988  VDWAALS    =        -3.5379
 EELEC  =      -151.8509  EGB     =       -24.6786  RESTRAINT  =         0.9095
 ESURF=         2.0014
 EAMBER (non-restraint)  =        -8.9372
 ------------------------------------------------------------------------------

 NMR restraints: Bond =    0.000   Angle =     0.000   Torsion =     0.909
===============================================================================
| RE_POSITION Moving by   8.698460  9.883873 -3.174646
| RE_POSITION Moving by  -0.337842 -8.069956  3.068068
| RE_POSITION Moving by  -9.165484  3.161201 -4.756575
| RE_POSITION Moving by  -2.107388  0.327822  3.099078
| RE_POSITION Moving by  -5.674902 -3.200928  1.986799

 NSTEP =   100000   TIME(PS) =    1200.000  TEMP(K) =   277.28  PRESS =     0.0
 Etot   =        19.4012  EKtot   =        21.7651  EPtot      =        -2.3639
 BOND   =         5.6512  ANGLE   =        10.3157  DIHED      =        30.6660
 1-4 NB =         3.6040  1-4 EEL =       121.9386  VDWAALS    =        -3.7159
 EELEC  =      -153.2278  EGB     =       -23.4698  RESTRAINT  =         3.8750
 ESURF=         1.9992
 EAMBER (non-restraint)  =        -6.2389
 ------------------------------------------------------------------------------

 NMR restraints: Bond =    0.000   Angle =     0.000   Torsion =     3.875
===============================================================================
| RE_POSITION Moving by   1.782436 -5.325335  6.536081
| RE_POSITION Moving by  -4.164423  3.370634  2.518902
| RE_POSITION Moving by  -7.199302 -8.930970 -0.495658
| RE_POSITION Moving by  -2.700713  1.617843 -6.359148
| RE_POSITION Moving by  -6.061394  2.323042  2.369088

 NSTEP =   150000   TIME(PS) =    1300.000  TEMP(K) =   370.99  PRESS =     0.0
 Etot   =        23.7607  EKtot   =        29.1204  EPtot      =        -5.3597
 BOND   =         5.9937  ANGLE   =        10.0517  DIHED      =        26.5353
 1-4 NB =         5.3365  1-4 EEL =       125.8471  VDWAALS    =        -3.5140
 EELEC  =      -152.8903  EGB     =       -25.9797  RESTRAINT  =         1.2912
 ESURF=         1.9688
 EAMBER (non-restraint)  =        -6.6509
 ------------------------------------------------------------------------------

 NMR restraints: Bond =    0.000   Angle =     0.000   Torsion =     1.291
===============================================================================
| RE_POSITION Moving by   2.110752  6.759670 -3.062613
| RE_POSITION Moving by   2.315529 -1.012323 -6.715084
| RE_POSITION Moving by  -2.964458 -0.042147 -3.370200
| RE_POSITION Moving by  -8.168567 -8.337258 -2.529211
| RE_POSITION Moving by  -3.651672 -9.329224 -0.413707

 NSTEP =   200000   TIME(PS) =    1400.000  TEMP(K) =   353.17  PRESS =     0.0
 Etot   =        27.8082  EKtot   =        27.7214  EPtot      =         0.0868
 BOND   =         6.0867  ANGLE   =        15.1138  DIHED      =        28.0233
 1-4 NB =         5.6258  1-4 EEL =       118.1663  VDWAALS    =        -3.2607
 EELEC  =      -145.9814  EGB     =       -25.8723  RESTRAINT  =         0.2046
 ESURF=         1.9808
 EAMBER (non-restraint)  =        -0.1178
 ------------------------------------------------------------------------------

 NMR restraints: Bond =    0.000   Angle =     0.000   Torsion =     0.205
===============================================================================
| RE_POSITION Moving by   1.702463 -4.331357 -2.408707
| RE_POSITION Moving by   1.552643 -0.641297 -1.654134
| RE_POSITION Moving by   1.448633  2.975233  2.058101
| RE_POSITION Moving by  -4.663269  1.464922  2.261163
| RE_POSITION Moving by   0.412303 -1.217242  1.440750

 NSTEP =   250000   TIME(PS) =    1500.000  TEMP(K) =   299.80  PRESS =     0.0
 Etot   =        16.1688  EKtot   =        23.5328  EPtot      =        -7.3640
 BOND   =         4.2997  ANGLE   =         7.8879  DIHED      =        30.0306
 1-4 NB =         6.2727  1-4 EEL =       126.1133  VDWAALS    =        -3.7904
 EELEC  =      -155.6115  EGB     =       -24.5501  RESTRAINT  =         0.0084
 ESURF=         1.9753
 EAMBER (non-restraint)  =        -7.3724
 ------------------------------------------------------------------------------

 NMR restraints: Bond =    0.000   Angle =     0.000   Torsion =     0.008
===============================================================================
| RE_POSITION Moving by   1.443827  1.199772 -4.239419
| RE_POSITION Moving by  -3.641485  7.386318 -4.955754
| RE_POSITION Moving by   8.509664 -3.671317 -6.001371
| RE_POSITION Moving by   3.637531  5.045192  8.830191
| RE_POSITION Moving by   3.872471 -1.227228 -2.397938

 NSTEP =   300000   TIME(PS) =    1600.000  TEMP(K) =   342.06  PRESS =     0.0
 Etot   =        27.3788  EKtot   =        26.8500  EPtot      =         0.5287
 BOND   =         6.7690  ANGLE   =        17.8811  DIHED      =        32.1121
 1-4 NB =         2.4177  1-4 EEL =       109.9621  VDWAALS    =        -4.3263
 EELEC  =      -141.0920  EGB     =       -26.0858  RESTRAINT  =         0.9158
 ESURF=         1.9750
 EAMBER (non-restraint)  =        -0.3871
 ------------------------------------------------------------------------------

 NMR restraints: Bond =    0.000   Angle =     0.000   Torsion =     0.916
===============================================================================
| RE_POSITION Moving by  -1.140193  4.236709  5.679170
| RE_POSITION Moving by -13.952361 -8.018656 -0.618884
| RE_POSITION Moving by  -6.430781 -1.230651 -7.371159
| RE_POSITION Moving by   8.491597 -0.583481 -3.368251
| RE_POSITION Moving by   5.388703  6.312779-10.458766

 NSTEP =   350000   TIME(PS) =    1700.000  TEMP(K) =   382.98  PRESS =     0.0
 Etot   =        29.2465  EKtot   =        30.0616  EPtot      =        -0.8151
 BOND   =         7.4184  ANGLE   =        13.8604  DIHED      =        29.3406
 1-4 NB =         4.7571  1-4 EEL =       123.2586  VDWAALS    =        -4.0636
 EELEC  =      -155.2909  EGB     =       -22.0620  RESTRAINT  =         0.0090
 ESURF=         1.9573
 EAMBER (non-restraint)  =        -0.8241
 ------------------------------------------------------------------------------

 NMR restraints: Bond =    0.000   Angle =     0.000   Torsion =     0.009
===============================================================================
| RE_POSITION Moving by   3.137045 -2.818243  8.341023
| RE_POSITION Moving by   1.877554 -1.506674  0.888435
| RE_POSITION Moving by  -2.917866 -1.730471  2.214964
| RE_POSITION Moving by   1.935648 -2.777436  3.877347
| RE_POSITION Moving by   4.317908  2.627700  1.160046

 NSTEP =   400000   TIME(PS) =    1800.000  TEMP(K) =   260.08  PRESS =     0.0
 Etot   =        23.4603  EKtot   =        20.4149  EPtot      =         3.0455
 BOND   =         3.8685  ANGLE   =        18.1263  DIHED      =        32.4887
 1-4 NB =         5.0756  1-4 EEL =       118.9445  VDWAALS    =        -5.2205
 EELEC  =      -150.2857  EGB     =       -21.8615  RESTRAINT  =         0.0512
 ESURF=         1.8584
 EAMBER (non-restraint)  =         2.9943
 ------------------------------------------------------------------------------

 NMR restraints: Bond =    0.000   Angle =     0.000   Torsion =     0.051
===============================================================================
| RE_POSITION Moving by  -1.668874  2.034919  4.712407
| RE_POSITION Moving by   2.948570  0.691906 -9.583488
| RE_POSITION Moving by  -0.256625 -3.169388 -1.969718
| RE_POSITION Moving by   1.804296 -3.626252  1.019710
| RE_POSITION Moving by  -9.520506  7.718511 -0.073537

 NSTEP =   450000   TIME(PS) =    1900.000  TEMP(K) =   192.95  PRESS =     0.0
 Etot   =        24.1667  EKtot   =        15.1456  EPtot      =         9.0211
 BOND   =         4.7665  ANGLE   =        18.9262  DIHED      =        32.7855
 1-4 NB =         7.0541  1-4 EEL =       125.0861  VDWAALS    =        -2.9739
 EELEC  =      -156.7394  EGB     =       -22.4450  RESTRAINT  =         0.5899
 ESURF=         1.9712
 EAMBER (non-restraint)  =         8.4312
 ------------------------------------------------------------------------------

 NMR restraints: Bond =    0.000   Angle =     0.000   Torsion =     0.590
===============================================================================
| RE_POSITION Moving by   2.825689  6.166163 -1.713448
| RE_POSITION Moving by   4.272815 -0.620068 -4.846454
| RE_POSITION Moving by  -4.562727  3.406367  0.027540
| RE_POSITION Moving by  -6.565220 10.492090  9.154803
| RE_POSITION Moving by -11.821363 -5.180173 -0.228366

 NSTEP =   500000   TIME(PS) =    2000.000  TEMP(K) =   295.16  PRESS =     0.0
 Etot   =        21.6440  EKtot   =        23.1686  EPtot      =        -1.5246
 BOND   =         5.6511  ANGLE   =        13.4282  DIHED      =        29.9969
 1-4 NB =         5.0226  1-4 EEL =       111.6013  VDWAALS    =        -3.1116
 EELEC  =      -136.8550  EGB     =       -29.8763  RESTRAINT  =         0.7494
 ESURF=         1.8689
 EAMBER (non-restraint)  =        -2.2739
 ------------------------------------------------------------------------------

 NMR restraints: Bond =    0.000   Angle =     0.000   Torsion =     0.749
===============================================================================

      A V E R A G E S   O V E R  500000 S T E P S


 NSTEP =   500000   TIME(PS) =    2000.000  TEMP(K) =   300.02  PRESS =     0.0
 Etot   =        22.4654  EKtot   =        23.5499  EPtot      =        -1.0845
 BOND   =         5.3170  ANGLE   =        14.8175  DIHED      =        29.8538
 1-4 NB =         4.8448  1-4 EEL =       119.7341  VDWAALS    =        -3.5598
 EELEC  =      -151.5232  EGB     =       -23.4095  RESTRAINT  =         0.8813
 ESURF=         1.9594
 EAMBER (non-restraint)  =        -1.9658
 ------------------------------------------------------------------------------

 NMR restraints: Bond =    0.000   Angle =     0.000   Torsion =     0.749
===============================================================================

      R M S  F L U C T U A T I O N S


 NSTEP =   500000   TIME(PS) =    2000.000  TEMP(K) =    47.86  PRESS =     0.0
 Etot   =         5.5993  EKtot   =         3.7565  EPtot      =         4.0608
 BOND   =         1.9632  ANGLE   =         3.1437  DIHED      =         2.5437
 1-4 NB =         0.9565  1-4 EEL =         3.4168  VDWAALS    =         0.7730
 EELEC  =         3.8436  EGB     =         1.7631  RESTRAINT  =         1.0825
 ESURF=         0.0389
 EAMBER (non-restraint)  =         2.9783
 ------------------------------------------------------------------------------


 NMR restraints on final step:


--------------------------------------------------------------------------------
   5.  TIMINGS
--------------------------------------------------------------------------------

|>>>>>>>>PROFILE of Average TIMES>>>>>>>>> 
|                Calc gb radii             27.21 ( 8.11% of Gen B)
|                Communicate gb radii     211.57 (63.08% of Gen B)
|                Calc gb diag              38.92 (11.60% of Gen B)
|                Calc gb off-diag          25.33 ( 7.55% of Gen B)
|                Surface area energy       31.72 ( 9.46% of Gen B)
|                Other                      0.65 ( 0.19% of Gen B)
|             Gen Born time            335.40 (100.0% of Nonbo)
|             IPS excludes               0.08 ( 0.02% of Nonbo)
|          Nonbond force            335.48 (29.47% of Force)
|          Bond/Angle/Dihedral       12.16 ( 1.07% of Force)
|          FRC Collect time         570.54 (50.11% of Force)
|          Other                    220.33 (19.35% of Force)
|       Force time              1138.51 (78.38% of Runmd)
|       Shake time                 1.61 ( 0.11% of Runmd)
|       Verlet update time       245.95 (16.93% of Runmd)
|       CRD distribute time       65.26 ( 4.49% of Runmd)
|       Other                      1.14 ( 0.08% of Runmd)
|    Runmd Time              1452.47 (100.0% of Total)
| Total time              1452.48 (100.0% of ALL  )

| Number of list builds   :          0

| Highest rstack allocated:          0
| Highest istack allocated:          0

| Final Performance Info:
| -----------------------------------------------------
| Average timings for all steps:
|     Elapsed(s) =    1452.47 Per Step(ms) =       2.90
|         ns/day =      59.48   seconds/ns =    1452.47
| -----------------------------------------------------

|           Job began  at 19:47:06.192  on 04/27/2013
|           Setup done at 19:47:06.209  on 04/27/2013
|           Run   done at 20:11:18.678  on 04/27/2013
|     wallclock() was called18500023 times
