
          -------------------------------------------------------
          Amber 12 SANDER                              2012
          -------------------------------------------------------

| Run on 04/27/2013 at 19:47:06
  [-O]verwriting output

File Assignments:
|  MDIN: run_36.in                                                             
| MDOUT: run_36.out                                                            
|INPCRD: ../eq1/run.rst                                                        
|  PARM: parm                                                                  
|RESTRT: run_36.rst                                                            
|  REFC: refc                                                                  
| MDVEL: mdvel                                                                 
|  MDEN: mden                                                                  
| MDCRD: run_36.nc                                                             
|MDINFO: mdinfo                                                                
|  MTMD: mtmd                                                                  
|INPDIP: inpdip                                                                
|RSTDIP: rstdip                                                                

|INPTRA: inptraj                                                               
|
 
 Here is the input file:
 
equilibration with restraint                                                   
 &cntrl                                                                        
   ig=856101,                                                                  
   irest=1, ntx=5,                                                             
   igb=8, gbsa=1,                                                              
   cut=9999.0, rgbmax=9998.0,                                                  
   ntc=2, ntf=1, tol=0.000001,                                                 
   ntt=3, gamma_ln=2.0, tempi=0.1,                                             
   ntb=0, nscm=10000,                                                          
   ioutfm=1,                                                                   
   nstlim=500000, dt=0.002,                                                    
   ntpr=50000, ntwx=50000, ntwv=0, ntwr=500000,                                
   nmropt=1,                                                                   
 /                                                                             
 &wt                                                                           
  type='END',                                                                  
 /                                                                             
DISANG=run_36.disang                                                           
                                                                               

--------------------------------------------------------------------------------
   1.  RESOURCE   USE: 
--------------------------------------------------------------------------------

| Flags: MPI                                                                    
| New format PARM file being parsed.
| Version =    1.000 Date = 04/27/13 Time = 01:42:54
 NATOM  =      32 NTYPES =       7 NBONH =      17 MBONA  =      14
 NTHETH =      36 MTHETA =      18 NPHIH =      64 MPHIA  =      45
 NHPARM =       0 NPARM  =       0 NNB   =     152 NRES   =       4
 NBONA  =      14 NTHETA =      18 NPHIA =      45 NUMBND =      11
 NUMANG =      21 NPTRA  =      20 NATYP =       8 NPHB   =       0
 IFBOX  =       0 NMXRS  =      10 IFCAP =       0 NEXTRA =       0
 NCOPY  =       0

 Implicit solvent radii are ArgH and AspGluO modified Bondi2 radii (mbondi3)                                
 Replacing prmtop screening parameters with GBn2 (igb=8) values

|     Memory Use     Allocated
|     Real                2330
|     Hollerith            102
|     Integer            23034
|     Max Pairs              1
|     nblistReal             0
|     nblist Int             0
|       Total              108 kbytes

| Note: 1-4 EEL scale factors are being read from the topology file.

| Note: 1-4 VDW scale factors are being read from the topology file.
| Duplicated    0 dihedrals
| Duplicated    0 dihedrals

--------------------------------------------------------------------------------
   2.  CONTROL  DATA  FOR  THE  RUN
--------------------------------------------------------------------------------

ACE                                                                             

General flags:
     imin    =       0, nmropt  =       1

Nature and format of input:
     ntx     =       5, irest   =       1, ntrx    =       1

Nature and format of output:
     ntxo    =       1, ntpr    =   50000, ntrx    =       1, ntwr    =  500000
     iwrap   =       0, ntwx    =   50000, ntwv    =       0, ntwe    =       0
     ioutfm  =       1, ntwprt  =       0, idecomp =       0, rbornstat=      0

Potential function:
     ntf     =       1, ntb     =       0, igb     =       8, nsnb    =      25
     ipol    =       0, gbsa    =       1, iesp    =       0
     dielc   =   1.00000, cut     =9999.00000, intdiel =   1.00000
     saltcon =   0.00000, offset  =   0.19514, surften =   0.00500
     rdt     =   0.00000, rgbmax  =9998.00000  extdiel =  78.50000
     alpb  =        0
     gbalphaH  =   0.78844, gbbetaH   =   0.79870,  gbgammaH  =    0.43733
     gbalphaC  =   0.73376, gbbetaC   =   0.50638,  gbgammaC  =    0.20584
     gbalphaN  =   0.50336, gbbetaN   =   0.31683,  gbgammaN  =    0.19292
     gbalphaOS =   0.86781, gbbetaOS  =   0.87664,  gbgammaOS =    0.38788
     gbalphaP  =   1.00000, gbbetaP   =   0.80000,  gbgammaP  =    4.85100

Frozen or restrained atoms:
     ibelly  =       0, ntr     =       0

Molecular dynamics:
     nstlim  =    500000, nscm    =     10000, nrespa  =         1
     t       =   0.00000, dt      =   0.00200, vlimit  =  20.00000

Langevin dynamics temperature regulation:
     ig      =  856101
     temp0   = 300.00000, tempi   =   0.10000, gamma_ln=   2.00000

SHAKE:
     ntc     =       2, jfastw  =       0
     tol     =   0.00000

NMR refinement options:
     iscale  =       0, noeskp  =       1, ipnlty  =       1, mxsub   =       1
     scalm   = 100.00000, pencut  =   0.10000, tausw   =   0.10000

| MPI Timing options:
|      profile_mpi =        0
|  INFO: Old style inpcrd file read


--------------------------------------------------------------------------------
   3.  ATOMIC COORDINATES AND VELOCITIES
--------------------------------------------------------------------------------

ACE                                                                             
 begin time read from input coords =  1000.000 ps



           Begin reading energy term weight changes/NMR restraints
 WEIGHT CHANGES:
                         ** No weight changes given **

 RESTRAINTS:
 Requested file redirections:
  DISANG    = run_36.disang
 Restraints will be read from file: run_36.disang
Here are comments from the DISANG input file:

                       Number of restraints read =     2

                  Done reading weight changes/NMR restraints


 Number of triangulated 3-point waters found:        0
|  Atom division among processors:
|         0      16      32
|  Running AMBER/MPI version on    2 nodes


--------------------------------------------------------------------------------
   4.  RESULTS
--------------------------------------------------------------------------------

|  # of SOLUTE  degrees of freedom (RNDFP):      79.
|  # of SOLVENT degrees of freedom (RNDFS):       0.
|  NDFMIN =      79.     NUM_NOSHAKE =      0     CORRECTED RNDFP =      79.
|  TOTAL # of degrees of freedom (RNDF) =      79.
| RE_POSITION Moving by  -0.105425 -5.029750  2.656327
| RE_POSITION Moving by   3.557287 -2.017936  6.388345
| RE_POSITION Moving by  -5.194458  2.586744  0.892143
| RE_POSITION Moving by   5.334170  2.210108  1.839735
| RE_POSITION Moving by  10.353319 -4.029359  1.306408

 NSTEP =    50000   TIME(PS) =    1100.000  TEMP(K) =   405.63  PRESS =     0.0
 Etot   =        30.9200  EKtot   =        31.8398  EPtot      =        -0.9198
 BOND   =         8.6977  ANGLE   =        16.2573  DIHED      =        26.6545
 1-4 NB =         5.8384  1-4 EEL =       107.0292  VDWAALS    =        -3.7392
 EELEC  =      -141.1707  EGB     =       -23.0710  RESTRAINT  =         0.6218
 ESURF=         1.9622
 EAMBER (non-restraint)  =        -1.5416
 ------------------------------------------------------------------------------

 NMR restraints: Bond =    0.000   Angle =     0.000   Torsion =     0.622
===============================================================================
| RE_POSITION Moving by   4.262681 -2.954646 -0.390546
| RE_POSITION Moving by   2.522300  3.042557 -2.612569
| RE_POSITION Moving by  -9.752607  6.541376 -1.975941
| RE_POSITION Moving by   0.142283  2.320364  5.113028
| RE_POSITION Moving by   6.224622  6.975018  4.831665

 NSTEP =   100000   TIME(PS) =    1200.000  TEMP(K) =   286.52  PRESS =     0.0
 Etot   =        26.0922  EKtot   =        22.4902  EPtot      =         3.6020
 BOND   =         7.1249  ANGLE   =        18.8148  DIHED      =        29.0869
 1-4 NB =         3.7080  1-4 EEL =       109.3771  VDWAALS    =        -2.9182
 EELEC  =      -140.6265  EGB     =       -23.1843  RESTRAINT  =         0.1908
 ESURF=         2.0284
 EAMBER (non-restraint)  =         3.4112
 ------------------------------------------------------------------------------

 NMR restraints: Bond =    0.000   Angle =     0.000   Torsion =     0.191
===============================================================================
| RE_POSITION Moving by   5.203072 -0.881905  2.859897
| RE_POSITION Moving by -15.112240 -1.400443  4.939416
| RE_POSITION Moving by  -8.155266  0.957010 -1.720642
| RE_POSITION Moving by   2.133586 -4.044619 -4.039676
| RE_POSITION Moving by   9.067595  3.589428 12.376964

 NSTEP =   150000   TIME(PS) =    1300.000  TEMP(K) =   417.61  PRESS =     0.0
 Etot   =        34.0304  EKtot   =        32.7799  EPtot      =         1.2504
 BOND   =         4.9542  ANGLE   =        16.8585  DIHED      =        27.7467
 1-4 NB =         6.3848  1-4 EEL =       113.6124  VDWAALS    =        -2.4834
 EELEC  =      -145.2980  EGB     =       -22.6409  RESTRAINT  =         0.1947
 ESURF=         1.9215
 EAMBER (non-restraint)  =         1.0558
 ------------------------------------------------------------------------------

 NMR restraints: Bond =    0.000   Angle =     0.000   Torsion =     0.195
===============================================================================
| RE_POSITION Moving by   0.341610 -4.021606 -6.398359
| RE_POSITION Moving by  -2.766521 -1.740931 -0.236792
| RE_POSITION Moving by   1.501439 -3.226965 -5.438226
| RE_POSITION Moving by   0.546386  4.447903 13.491277
| RE_POSITION Moving by   0.924504 11.240357 -7.783478

 NSTEP =   200000   TIME(PS) =    1400.000  TEMP(K) =   299.34  PRESS =     0.0
 Etot   =        20.9987  EKtot   =        23.4968  EPtot      =        -2.4981
 BOND   =         7.1057  ANGLE   =        13.6517  DIHED      =        26.5759
 1-4 NB =         6.8429  1-4 EEL =       113.9068  VDWAALS    =        -3.3511
 EELEC  =      -149.8568  EGB     =       -19.4915  RESTRAINT  =         0.2134
 ESURF=         1.9050
 EAMBER (non-restraint)  =        -2.7114
 ------------------------------------------------------------------------------

 NMR restraints: Bond =    0.000   Angle =     0.000   Torsion =     0.213
===============================================================================
| RE_POSITION Moving by   4.203021 -4.423843 -5.915752
| RE_POSITION Moving by  10.676666  8.812891  1.907797
| RE_POSITION Moving by  -3.900716 -0.038991 -6.154312
| RE_POSITION Moving by   6.100950  1.847018 -5.158715
| RE_POSITION Moving by   6.987487  2.392394  2.013628

 NSTEP =   250000   TIME(PS) =    1500.000  TEMP(K) =   292.89  PRESS =     0.0
 Etot   =        21.6580  EKtot   =        22.9903  EPtot      =        -1.3323
 BOND   =         3.8478  ANGLE   =        14.3089  DIHED      =        27.3913
 1-4 NB =         6.3888  1-4 EEL =       113.1476  VDWAALS    =        -2.3543
 EELEC  =      -141.4303  EGB     =       -26.0262  RESTRAINT  =         1.4094
 ESURF=         1.9848
 EAMBER (non-restraint)  =        -2.7418
 ------------------------------------------------------------------------------

 NMR restraints: Bond =    0.000   Angle =     0.000   Torsion =     1.409
===============================================================================
| RE_POSITION Moving by   1.051560 -1.924257 -1.119798
| RE_POSITION Moving by  -3.149146 -2.526690 -0.491809
| RE_POSITION Moving by  -0.530385 -5.172292-12.022405
| RE_POSITION Moving by  -2.095995 -0.638168  2.474618
| RE_POSITION Moving by  -0.263104  1.742067 -4.857563

 NSTEP =   300000   TIME(PS) =    1600.000  TEMP(K) =   278.52  PRESS =     0.0
 Etot   =        13.8385  EKtot   =        21.8622  EPtot      =        -8.0237
 BOND   =         3.0418  ANGLE   =        13.7654  DIHED      =        25.8174
 1-4 NB =         5.8960  1-4 EEL =       112.9774  VDWAALS    =        -4.0834
 EELEC  =      -147.2242  EGB     =       -21.0671  RESTRAINT  =         0.9754
 ESURF=         1.8776
 EAMBER (non-restraint)  =        -8.9991
 ------------------------------------------------------------------------------

 NMR restraints: Bond =    0.000   Angle =     0.000   Torsion =     0.975
===============================================================================
| RE_POSITION Moving by  -3.535687  1.499582 -1.865233
| RE_POSITION Moving by  -2.563503  0.993900 -5.763582
| RE_POSITION Moving by  -4.533136  0.818118  2.666474
| RE_POSITION Moving by   0.320270  8.282064 -4.756977
| RE_POSITION Moving by  -2.553593 11.482044 -8.245447

 NSTEP =   350000   TIME(PS) =    1700.000  TEMP(K) =   322.73  PRESS =     0.0
 Etot   =        20.6442  EKtot   =        25.3322  EPtot      =        -4.6880
 BOND   =         1.1813  ANGLE   =        15.6873  DIHED      =        28.6954
 1-4 NB =         5.9493  1-4 EEL =       113.2462  VDWAALS    =        -4.2306
 EELEC  =      -147.1893  EGB     =       -19.9919  RESTRAINT  =         0.1126
 ESURF=         1.8517
 EAMBER (non-restraint)  =        -4.8006
 ------------------------------------------------------------------------------

 NMR restraints: Bond =    0.000   Angle =     0.000   Torsion =     0.113
===============================================================================
| RE_POSITION Moving by  -0.689660 -8.995018 -4.457346
| RE_POSITION Moving by  -1.590486-10.996377 -1.387056
| RE_POSITION Moving by   0.833340 -0.243790 -1.806179
| RE_POSITION Moving by   2.830675 -4.498897  1.822961
| RE_POSITION Moving by   4.521115 -1.704080 -1.026808

 NSTEP =   400000   TIME(PS) =    1800.000  TEMP(K) =   280.48  PRESS =     0.0
 Etot   =        25.1782  EKtot   =        22.0160  EPtot      =         3.1622
 BOND   =         6.4331  ANGLE   =        20.3821  DIHED      =        28.8170
 1-4 NB =         4.1407  1-4 EEL =       109.4095  VDWAALS    =        -1.2091
 EELEC  =      -135.7784  EGB     =       -30.9607  RESTRAINT  =         0.0001
 ESURF=         1.9278
 EAMBER (non-restraint)  =         3.1621
 ------------------------------------------------------------------------------

 NMR restraints: Bond =    0.000   Angle =     0.000   Torsion =     0.000
===============================================================================
| RE_POSITION Moving by   1.153884 -0.544933  3.753485
| RE_POSITION Moving by   2.528461  7.824564  2.521333
| RE_POSITION Moving by  -3.981118-11.917351 11.986833
| RE_POSITION Moving by  -5.380694 -1.922573 -7.489152
| RE_POSITION Moving by   4.433366 -2.412908  0.785181

 NSTEP =   450000   TIME(PS) =    1900.000  TEMP(K) =   391.81  PRESS =     0.0
 Etot   =        28.9293  EKtot   =        30.7547  EPtot      =        -1.8254
 BOND   =         6.4772  ANGLE   =        13.9142  DIHED      =        25.3123
 1-4 NB =         4.8033  1-4 EEL =       114.1258  VDWAALS    =        -2.8589
 EELEC  =      -149.0804  EGB     =       -20.1672  RESTRAINT  =         3.7295
 ESURF=         1.9188
 EAMBER (non-restraint)  =        -5.5549
 ------------------------------------------------------------------------------

 NMR restraints: Bond =    0.000   Angle =     0.000   Torsion =     3.730
===============================================================================
| RE_POSITION Moving by   2.711123 -2.947869  3.333784
| RE_POSITION Moving by  -1.818978  4.976884 -3.640498
| RE_POSITION Moving by   1.941414 14.020736 -2.131156
| RE_POSITION Moving by   0.026271  0.967233  2.321979
| RE_POSITION Moving by  -4.388200  2.813303  1.332415

 NSTEP =   500000   TIME(PS) =    2000.000  TEMP(K) =   243.62  PRESS =     0.0
 Etot   =        17.2424  EKtot   =        19.1228  EPtot      =        -1.8804
 BOND   =         4.7393  ANGLE   =        18.8582  DIHED      =        27.7868
 1-4 NB =         4.7752  1-4 EEL =       111.3105  VDWAALS    =        -3.7628
 EELEC  =      -142.8862  EGB     =       -24.7602  RESTRAINT  =         0.0621
 ESURF=         1.9966
 EAMBER (non-restraint)  =        -1.9424
 ------------------------------------------------------------------------------

 NMR restraints: Bond =    0.000   Angle =     0.000   Torsion =     0.062
===============================================================================

      A V E R A G E S   O V E R  500000 S T E P S


 NSTEP =   500000   TIME(PS) =    2000.000  TEMP(K) =   300.21  PRESS =     0.0
 Etot   =        20.5902  EKtot   =        23.5645  EPtot      =        -2.9743
 BOND   =         5.4664  ANGLE   =        15.5123  DIHED      =        27.3480
 1-4 NB =         4.7426  1-4 EEL =       111.3659  VDWAALS    =        -3.3153
 EELEC  =      -142.9307  EGB     =       -23.7417  RESTRAINT  =         0.6270
 ESURF=         1.9513
 EAMBER (non-restraint)  =        -3.6013
 ------------------------------------------------------------------------------

 NMR restraints: Bond =    0.000   Angle =     0.000   Torsion =     0.062
===============================================================================

      R M S  F L U C T U A T I O N S


 NSTEP =   500000   TIME(PS) =    2000.000  TEMP(K) =    47.94  PRESS =     0.0
 Etot   =         5.5006  EKtot   =         3.7629  EPtot      =         3.9584
 BOND   =         1.9965  ANGLE   =         3.2171  DIHED      =         1.8137
 1-4 NB =         0.9781  1-4 EEL =         3.0702  VDWAALS    =         0.8452
 EELEC  =         3.6051  EGB     =         2.4256  RESTRAINT  =         1.2859
 ESURF=         0.0412
 EAMBER (non-restraint)  =         2.6726
 ------------------------------------------------------------------------------


 NMR restraints on final step:


--------------------------------------------------------------------------------
   5.  TIMINGS
--------------------------------------------------------------------------------

|>>>>>>>>PROFILE of Average TIMES>>>>>>>>> 
|                Calc gb radii             27.74 ( 8.10% of Gen B)
|                Communicate gb radii     214.05 (62.47% of Gen B)
|                Calc gb diag              39.38 (11.49% of Gen B)
|                Calc gb off-diag          25.43 ( 7.42% of Gen B)
|                Surface area energy       35.37 (10.32% of Gen B)
|                Other                      0.68 ( 0.20% of Gen B)
|             Gen Born time            342.65 (100.0% of Nonbo)
|             IPS excludes               0.08 ( 0.02% of Nonbo)
|          Nonbond force            342.72 (29.51% of Force)
|          Bond/Angle/Dihedral       12.27 ( 1.06% of Force)
|          FRC Collect time         580.80 (50.01% of Force)
|          Other                    225.50 (19.42% of Force)
|       Force time              1161.30 (78.37% of Runmd)
|       Shake time                 1.62 ( 0.11% of Runmd)
|       Verlet update time       251.11 (16.95% of Runmd)
|       CRD distribute time       66.61 ( 4.50% of Runmd)
|       Other                      1.11 ( 0.07% of Runmd)
|    Runmd Time              1481.75 (100.0% of Total)
| Total time              1481.79 (100.0% of ALL  )

| Number of list builds   :          0

| Highest rstack allocated:          0
| Highest istack allocated:          0

| Final Performance Info:
| -----------------------------------------------------
| Average timings for all steps:
|     Elapsed(s) =    1481.75 Per Step(ms) =       2.96
|         ns/day =      58.31   seconds/ns =    1481.75
| -----------------------------------------------------

|           Job began  at 19:47:06.214  on 04/27/2013
|           Setup done at 19:47:06.270  on 04/27/2013
|           Run   done at 20:11:48.024  on 04/27/2013
|     wallclock() was called18500023 times
