
          -------------------------------------------------------
          Amber 12 SANDER                              2012
          -------------------------------------------------------

| Run on 04/27/2013 at 19:47:06
  [-O]verwriting output

File Assignments:
|  MDIN: run_93.in                                                             
| MDOUT: run_93.out                                                            
|INPCRD: ../eq1/run.rst                                                        
|  PARM: parm                                                                  
|RESTRT: run_93.rst                                                            
|  REFC: refc                                                                  
| MDVEL: mdvel                                                                 
|  MDEN: mden                                                                  
| MDCRD: run_93.nc                                                             
|MDINFO: mdinfo                                                                
|  MTMD: mtmd                                                                  
|INPDIP: inpdip                                                                
|RSTDIP: rstdip                                                                

|INPTRA: inptraj                                                               
|
 
 Here is the input file:
 
equilibration with restraint                                                   
 &cntrl                                                                        
   ig=247590,                                                                  
   irest=1, ntx=5,                                                             
   igb=8, gbsa=1,                                                              
   cut=9999.0, rgbmax=9998.0,                                                  
   ntc=2, ntf=1, tol=0.000001,                                                 
   ntt=3, gamma_ln=2.0, tempi=0.1,                                             
   ntb=0, nscm=10000,                                                          
   ioutfm=1,                                                                   
   nstlim=500000, dt=0.002,                                                    
   ntpr=50000, ntwx=50000, ntwv=0, ntwr=500000,                                
   nmropt=1,                                                                   
 /                                                                             
 &wt                                                                           
  type='END',                                                                  
 /                                                                             
DISANG=run_93.disang                                                           
                                                                               

--------------------------------------------------------------------------------
   1.  RESOURCE   USE: 
--------------------------------------------------------------------------------

| Flags: MPI                                                                    
| New format PARM file being parsed.
| Version =    1.000 Date = 04/27/13 Time = 01:42:54
 NATOM  =      32 NTYPES =       7 NBONH =      17 MBONA  =      14
 NTHETH =      36 MTHETA =      18 NPHIH =      64 MPHIA  =      45
 NHPARM =       0 NPARM  =       0 NNB   =     152 NRES   =       4
 NBONA  =      14 NTHETA =      18 NPHIA =      45 NUMBND =      11
 NUMANG =      21 NPTRA  =      20 NATYP =       8 NPHB   =       0
 IFBOX  =       0 NMXRS  =      10 IFCAP =       0 NEXTRA =       0
 NCOPY  =       0

 Implicit solvent radii are ArgH and AspGluO modified Bondi2 radii (mbondi3)                                
 Replacing prmtop screening parameters with GBn2 (igb=8) values

|     Memory Use     Allocated
|     Real                2330
|     Hollerith            102
|     Integer            23034
|     Max Pairs              1
|     nblistReal             0
|     nblist Int             0
|       Total              108 kbytes

| Note: 1-4 EEL scale factors are being read from the topology file.

| Note: 1-4 VDW scale factors are being read from the topology file.
| Duplicated    0 dihedrals
| Duplicated    0 dihedrals

--------------------------------------------------------------------------------
   2.  CONTROL  DATA  FOR  THE  RUN
--------------------------------------------------------------------------------

ACE                                                                             

General flags:
     imin    =       0, nmropt  =       1

Nature and format of input:
     ntx     =       5, irest   =       1, ntrx    =       1

Nature and format of output:
     ntxo    =       1, ntpr    =   50000, ntrx    =       1, ntwr    =  500000
     iwrap   =       0, ntwx    =   50000, ntwv    =       0, ntwe    =       0
     ioutfm  =       1, ntwprt  =       0, idecomp =       0, rbornstat=      0

Potential function:
     ntf     =       1, ntb     =       0, igb     =       8, nsnb    =      25
     ipol    =       0, gbsa    =       1, iesp    =       0
     dielc   =   1.00000, cut     =9999.00000, intdiel =   1.00000
     saltcon =   0.00000, offset  =   0.19514, surften =   0.00500
     rdt     =   0.00000, rgbmax  =9998.00000  extdiel =  78.50000
     alpb  =        0
     gbalphaH  =   0.78844, gbbetaH   =   0.79870,  gbgammaH  =    0.43733
     gbalphaC  =   0.73376, gbbetaC   =   0.50638,  gbgammaC  =    0.20584
     gbalphaN  =   0.50336, gbbetaN   =   0.31683,  gbgammaN  =    0.19292
     gbalphaOS =   0.86781, gbbetaOS  =   0.87664,  gbgammaOS =    0.38788
     gbalphaP  =   1.00000, gbbetaP   =   0.80000,  gbgammaP  =    4.85100

Frozen or restrained atoms:
     ibelly  =       0, ntr     =       0

Molecular dynamics:
     nstlim  =    500000, nscm    =     10000, nrespa  =         1
     t       =   0.00000, dt      =   0.00200, vlimit  =  20.00000

Langevin dynamics temperature regulation:
     ig      =  247590
     temp0   = 300.00000, tempi   =   0.10000, gamma_ln=   2.00000

SHAKE:
     ntc     =       2, jfastw  =       0
     tol     =   0.00000

NMR refinement options:
     iscale  =       0, noeskp  =       1, ipnlty  =       1, mxsub   =       1
     scalm   = 100.00000, pencut  =   0.10000, tausw   =   0.10000

| MPI Timing options:
|      profile_mpi =        0
|  INFO: Old style inpcrd file read


--------------------------------------------------------------------------------
   3.  ATOMIC COORDINATES AND VELOCITIES
--------------------------------------------------------------------------------

ACE                                                                             
 begin time read from input coords =  1000.000 ps



           Begin reading energy term weight changes/NMR restraints
 WEIGHT CHANGES:
                         ** No weight changes given **

 RESTRAINTS:
 Requested file redirections:
  DISANG    = run_93.disang
 Restraints will be read from file: run_93.disang
Here are comments from the DISANG input file:

                       Number of restraints read =     2

                  Done reading weight changes/NMR restraints


 Number of triangulated 3-point waters found:        0
|  Atom division among processors:
|         0      16      32
|  Running AMBER/MPI version on    2 nodes


--------------------------------------------------------------------------------
   4.  RESULTS
--------------------------------------------------------------------------------

|  # of SOLUTE  degrees of freedom (RNDFP):      79.
|  # of SOLVENT degrees of freedom (RNDFS):       0.
|  NDFMIN =      79.     NUM_NOSHAKE =      0     CORRECTED RNDFP =      79.
|  TOTAL # of degrees of freedom (RNDF) =      79.
| RE_POSITION Moving by   0.719024  2.364505 -4.282473
| RE_POSITION Moving by   2.913051 -9.391238 -0.148937
| RE_POSITION Moving by  -3.377477  6.720109  6.565829
| RE_POSITION Moving by   1.121627 -5.908002  6.009666
| RE_POSITION Moving by   1.692620 -1.822324  4.640457

 NSTEP =    50000   TIME(PS) =    1100.000  TEMP(K) =   288.68  PRESS =     0.0
 Etot   =        23.7830  EKtot   =        22.6595  EPtot      =         1.1235
 BOND   =         4.1741  ANGLE   =        10.9020  DIHED      =        31.6358
 1-4 NB =         6.0538  1-4 EEL =       121.9712  VDWAALS    =        -2.9745
 EELEC  =      -150.6709  EGB     =       -24.9350  RESTRAINT  =         2.9688
 ESURF=         1.9980
 EAMBER (non-restraint)  =        -1.8453
 ------------------------------------------------------------------------------

 NMR restraints: Bond =    0.000   Angle =     0.000   Torsion =     2.969
===============================================================================
| RE_POSITION Moving by  -4.757954  3.931483 -8.102360
| RE_POSITION Moving by  -6.842266 -3.457981 -0.399633
| RE_POSITION Moving by  -7.797886  2.888997  3.059064
| RE_POSITION Moving by  12.888019 -0.743806 -4.072316
| RE_POSITION Moving by  -1.218053 -0.456984  3.470847

 NSTEP =   100000   TIME(PS) =    1200.000  TEMP(K) =   247.36  PRESS =     0.0
 Etot   =        27.3047  EKtot   =        19.4160  EPtot      =         7.8888
 BOND   =         5.9477  ANGLE   =        19.6189  DIHED      =        33.4344
 1-4 NB =         5.2727  1-4 EEL =       121.8478  VDWAALS    =        -3.5794
 EELEC  =      -151.9310  EGB     =       -24.9059  RESTRAINT  =         0.2029
 ESURF=         1.9807
 EAMBER (non-restraint)  =         7.6859
 ------------------------------------------------------------------------------

 NMR restraints: Bond =    0.000   Angle =     0.000   Torsion =     0.203
===============================================================================
| RE_POSITION Moving by  -7.473446  9.713244 -1.792013
| RE_POSITION Moving by   1.855210 -0.944407-10.974363
| RE_POSITION Moving by   2.544009  1.548357 -0.058143
| RE_POSITION Moving by   5.782317 -3.709619 -3.213019
| RE_POSITION Moving by   5.477827 -1.516481  6.816817

 NSTEP =   150000   TIME(PS) =    1300.000  TEMP(K) =   286.28  PRESS =     0.0
 Etot   =        22.3777  EKtot   =        22.4716  EPtot      =        -0.0939
 BOND   =         6.8718  ANGLE   =        15.3097  DIHED      =        32.8750
 1-4 NB =         3.2737  1-4 EEL =       117.3178  VDWAALS    =        -4.2024
 EELEC  =      -150.5859  EGB     =       -24.2856  RESTRAINT  =         1.3844
 ESURF=         1.9477
 EAMBER (non-restraint)  =        -1.4783
 ------------------------------------------------------------------------------

 NMR restraints: Bond =    0.000   Angle =     0.000   Torsion =     1.384
===============================================================================
| RE_POSITION Moving by   5.828615 -0.557072 -1.290044
| RE_POSITION Moving by   1.082477 -0.615730  8.938397
| RE_POSITION Moving by   5.397280  3.947968  2.297972
| RE_POSITION Moving by   4.245155 -0.862159 -0.333998
| RE_POSITION Moving by  -4.492449  3.591043 -7.657475

 NSTEP =   200000   TIME(PS) =    1400.000  TEMP(K) =   249.70  PRESS =     0.0
 Etot   =        28.3557  EKtot   =        19.6002  EPtot      =         8.7556
 BOND   =         3.3938  ANGLE   =        22.5846  DIHED      =        32.9187
 1-4 NB =         5.1052  1-4 EEL =       122.0456  VDWAALS    =        -3.4570
 EELEC  =      -152.7959  EGB     =       -23.0436  RESTRAINT  =         0.0321
 ESURF=         1.9720
 EAMBER (non-restraint)  =         8.7234
 ------------------------------------------------------------------------------

 NMR restraints: Bond =    0.000   Angle =     0.000   Torsion =     0.032
===============================================================================
| RE_POSITION Moving by  -0.034283 -2.474728 -5.976452
| RE_POSITION Moving by  -5.548338 -2.807129  9.226618
| RE_POSITION Moving by  -1.162571 10.115030  4.639986
| RE_POSITION Moving by   1.010831  3.849201  1.224190
| RE_POSITION Moving by  -1.396883 -5.630529  2.224474

 NSTEP =   250000   TIME(PS) =    1500.000  TEMP(K) =   257.24  PRESS =     0.0
 Etot   =        16.8168  EKtot   =        20.1919  EPtot      =        -3.3751
 BOND   =         2.6213  ANGLE   =        11.6465  DIHED      =        33.0155
 1-4 NB =         5.8567  1-4 EEL =       121.8860  VDWAALS    =        -3.5027
 EELEC  =      -152.4046  EGB     =       -24.7828  RESTRAINT  =         0.3477
 ESURF=         1.9413
 EAMBER (non-restraint)  =        -3.7228
 ------------------------------------------------------------------------------

 NMR restraints: Bond =    0.000   Angle =     0.000   Torsion =     0.348
===============================================================================
| RE_POSITION Moving by  -1.681790  6.110156 -3.328602
| RE_POSITION Moving by   5.148853  0.102387  9.219628
| RE_POSITION Moving by  -0.063664  3.356256  4.524462
| RE_POSITION Moving by   5.523722  4.730982  2.217331
| RE_POSITION Moving by  -0.989568  0.085865 -1.538991

 NSTEP =   300000   TIME(PS) =    1600.000  TEMP(K) =   255.62  PRESS =     0.0
 Etot   =        27.0445  EKtot   =        20.0647  EPtot      =         6.9798
 BOND   =         3.8162  ANGLE   =        15.5265  DIHED      =        37.0715
 1-4 NB =         6.6257  1-4 EEL =       123.1518  VDWAALS    =        -3.2050
 EELEC  =      -155.6454  EGB     =       -22.3141  RESTRAINT  =         0.0009
 ESURF=         1.9518
 EAMBER (non-restraint)  =         6.9790
 ------------------------------------------------------------------------------

 NMR restraints: Bond =    0.000   Angle =     0.000   Torsion =     0.001
===============================================================================
| RE_POSITION Moving by   3.102225 -4.286623 -4.643018
| RE_POSITION Moving by  11.007028  6.581362 -5.694294
| RE_POSITION Moving by  -0.805512 -6.030985  6.573318
| RE_POSITION Moving by  -7.132234 -0.426705 -3.287745
| RE_POSITION Moving by  -3.940923  0.891769  2.533721

 NSTEP =   350000   TIME(PS) =    1700.000  TEMP(K) =   306.96  PRESS =     0.0
 Etot   =        28.1144  EKtot   =        24.0944  EPtot      =         4.0200
 BOND   =         2.8149  ANGLE   =        18.7245  DIHED      =        35.2820
 1-4 NB =         5.8579  1-4 EEL =       118.6028  VDWAALS    =        -3.2326
 EELEC  =      -154.6135  EGB     =       -21.3514  RESTRAINT  =         0.0256
 ESURF=         1.9098
 EAMBER (non-restraint)  =         3.9944
 ------------------------------------------------------------------------------

 NMR restraints: Bond =    0.000   Angle =     0.000   Torsion =     0.026
===============================================================================
| RE_POSITION Moving by   0.179939 -1.856019  5.953833
| RE_POSITION Moving by  -0.675166 -5.258382 -2.094662
| RE_POSITION Moving by  -9.721015  3.780649 -0.432154
| RE_POSITION Moving by  -3.251690 -1.388966 -6.055405
| RE_POSITION Moving by   4.413120 -2.306431  4.245507

 NSTEP =   400000   TIME(PS) =    1800.000  TEMP(K) =   226.92  PRESS =     0.0
 Etot   =        19.9598  EKtot   =        17.8116  EPtot      =         2.1482
 BOND   =         4.2902  ANGLE   =        15.5455  DIHED      =        32.1703
 1-4 NB =         4.4677  1-4 EEL =       119.0765  VDWAALS    =        -2.9393
 EELEC  =      -146.6538  EGB     =       -27.0068  RESTRAINT  =         1.2246
 ESURF=         1.9732
 EAMBER (non-restraint)  =         0.9236
 ------------------------------------------------------------------------------

 NMR restraints: Bond =    0.000   Angle =     0.000   Torsion =     1.225
===============================================================================
| RE_POSITION Moving by   5.532269 -0.530490  3.238096
| RE_POSITION Moving by  -6.555815  2.200869  5.992922
| RE_POSITION Moving by  -3.473071 -5.720197 -3.578959
| RE_POSITION Moving by   5.932676  4.387231  2.102718
| RE_POSITION Moving by   3.686126 -8.125994 -1.853792

 NSTEP =   450000   TIME(PS) =    1900.000  TEMP(K) =   310.27  PRESS =     0.0
 Etot   =        32.8088  EKtot   =        24.3544  EPtot      =         8.4544
 BOND   =         6.7125  ANGLE   =        18.3506  DIHED      =        33.2587
 1-4 NB =         5.2124  1-4 EEL =       122.8807  VDWAALS    =        -3.4399
 EELEC  =      -152.7659  EGB     =       -24.8123  RESTRAINT  =         1.0929
 ESURF=         1.9646
 EAMBER (non-restraint)  =         7.3615
 ------------------------------------------------------------------------------

 NMR restraints: Bond =    0.000   Angle =     0.000   Torsion =     1.093
===============================================================================
| RE_POSITION Moving by   3.864955  2.791539 -2.382455
| RE_POSITION Moving by   1.217756  1.558782 -3.381983
| RE_POSITION Moving by  -6.572443 -2.855908  6.243433
| RE_POSITION Moving by  -2.869379  1.524635 -1.415483
| RE_POSITION Moving by  -0.933124 -7.921345 -5.432672

 NSTEP =   500000   TIME(PS) =    2000.000  TEMP(K) =   326.98  PRESS =     0.0
 Etot   =        32.3415  EKtot   =        25.6659  EPtot      =         6.6756
 BOND   =         3.3588  ANGLE   =        16.2784  DIHED      =        36.9033
 1-4 NB =         6.5412  1-4 EEL =       116.3577  VDWAALS    =        -5.6107
 EELEC  =      -147.9250  EGB     =       -21.0672  RESTRAINT  =         0.0080
 ESURF=         1.8311
 EAMBER (non-restraint)  =         6.6676
 ------------------------------------------------------------------------------

 NMR restraints: Bond =    0.000   Angle =     0.000   Torsion =     0.008
===============================================================================

      A V E R A G E S   O V E R  500000 S T E P S


 NSTEP =   500000   TIME(PS) =    2000.000  TEMP(K) =   299.65  PRESS =     0.0
 Etot   =        26.8530  EKtot   =        23.5206  EPtot      =         3.3323
 BOND   =         5.3411  ANGLE   =        15.4519  DIHED      =        33.8148
 1-4 NB =         4.7373  1-4 EEL =       119.9772  VDWAALS    =        -3.6678
 EELEC  =      -151.4732  EGB     =       -23.7053  RESTRAINT  =         0.9057
 ESURF=         1.9506
 EAMBER (non-restraint)  =         2.4266
 ------------------------------------------------------------------------------

 NMR restraints: Bond =    0.000   Angle =     0.000   Torsion =     0.008
===============================================================================

      R M S  F L U C T U A T I O N S


 NSTEP =   500000   TIME(PS) =    2000.000  TEMP(K) =    47.94  PRESS =     0.0
 Etot   =         5.6440  EKtot   =         3.7627  EPtot      =         4.1933
 BOND   =         1.9618  ANGLE   =         3.2302  DIHED      =         2.9070
 1-4 NB =         0.9570  1-4 EEL =         3.5335  VDWAALS    =         0.7734
 EELEC  =         3.7411  EGB     =         1.7413  RESTRAINT  =         1.2563
 ESURF=         0.0379
 EAMBER (non-restraint)  =         2.9369
 ------------------------------------------------------------------------------


 NMR restraints on final step:


--------------------------------------------------------------------------------
   5.  TIMINGS
--------------------------------------------------------------------------------

|>>>>>>>>PROFILE of Average TIMES>>>>>>>>> 
|                Calc gb radii             27.27 ( 8.09% of Gen B)
|                Communicate gb radii     212.59 (63.07% of Gen B)
|                Calc gb diag              38.78 (11.51% of Gen B)
|                Calc gb off-diag          25.15 ( 7.46% of Gen B)
|                Surface area energy       32.60 ( 9.67% of Gen B)
|                Other                      0.68 ( 0.20% of Gen B)
|             Gen Born time            337.07 (100.0% of Nonbo)
|             IPS excludes               0.09 ( 0.03% of Nonbo)
|          Nonbond force            337.16 (29.40% of Force)
|          Bond/Angle/Dihedral       12.13 ( 1.06% of Force)
|          FRC Collect time         576.17 (50.25% of Force)
|          Other                    221.25 (19.29% of Force)
|       Force time              1146.72 (78.16% of Runmd)
|       Shake time                 1.61 ( 0.11% of Runmd)
|       Verlet update time       251.37 (17.13% of Runmd)
|       CRD distribute time       66.39 ( 4.52% of Runmd)
|       Other                      1.10 ( 0.08% of Runmd)
|    Runmd Time              1467.19 (100.0% of Total)
| Total time              1467.24 (100.0% of ALL  )

| Number of list builds   :          0

| Highest rstack allocated:          0
| Highest istack allocated:          0

| Final Performance Info:
| -----------------------------------------------------
| Average timings for all steps:
|     Elapsed(s) =    1467.20 Per Step(ms) =       2.93
|         ns/day =      58.89   seconds/ns =    1467.20
| -----------------------------------------------------

|           Job began  at 19:47:06.224  on 04/27/2013
|           Setup done at 19:47:06.306  on 04/27/2013
|           Run   done at 20:11:33.500  on 04/27/2013
|     wallclock() was called18500023 times
