
          -------------------------------------------------------
          Amber 12 SANDER                              2012
          -------------------------------------------------------

| Run on 04/27/2013 at 19:47:06
  [-O]verwriting output

File Assignments:
|  MDIN: run_96.in                                                             
| MDOUT: run_96.out                                                            
|INPCRD: ../eq1/run.rst                                                        
|  PARM: parm                                                                  
|RESTRT: run_96.rst                                                            
|  REFC: refc                                                                  
| MDVEL: mdvel                                                                 
|  MDEN: mden                                                                  
| MDCRD: run_96.nc                                                             
|MDINFO: mdinfo                                                                
|  MTMD: mtmd                                                                  
|INPDIP: inpdip                                                                
|RSTDIP: rstdip                                                                

|INPTRA: inptraj                                                               
|
 
 Here is the input file:
 
equilibration with restraint                                                   
 &cntrl                                                                        
   ig=115446,                                                                  
   irest=1, ntx=5,                                                             
   igb=8, gbsa=1,                                                              
   cut=9999.0, rgbmax=9998.0,                                                  
   ntc=2, ntf=1, tol=0.000001,                                                 
   ntt=3, gamma_ln=2.0, tempi=0.1,                                             
   ntb=0, nscm=10000,                                                          
   ioutfm=1,                                                                   
   nstlim=500000, dt=0.002,                                                    
   ntpr=50000, ntwx=50000, ntwv=0, ntwr=500000,                                
   nmropt=1,                                                                   
 /                                                                             
 &wt                                                                           
  type='END',                                                                  
 /                                                                             
DISANG=run_96.disang                                                           
                                                                               

--------------------------------------------------------------------------------
   1.  RESOURCE   USE: 
--------------------------------------------------------------------------------

| Flags: MPI                                                                    
| New format PARM file being parsed.
| Version =    1.000 Date = 04/27/13 Time = 01:42:54
 NATOM  =      32 NTYPES =       7 NBONH =      17 MBONA  =      14
 NTHETH =      36 MTHETA =      18 NPHIH =      64 MPHIA  =      45
 NHPARM =       0 NPARM  =       0 NNB   =     152 NRES   =       4
 NBONA  =      14 NTHETA =      18 NPHIA =      45 NUMBND =      11
 NUMANG =      21 NPTRA  =      20 NATYP =       8 NPHB   =       0
 IFBOX  =       0 NMXRS  =      10 IFCAP =       0 NEXTRA =       0
 NCOPY  =       0

 Implicit solvent radii are ArgH and AspGluO modified Bondi2 radii (mbondi3)                                
 Replacing prmtop screening parameters with GBn2 (igb=8) values

|     Memory Use     Allocated
|     Real                2330
|     Hollerith            102
|     Integer            23034
|     Max Pairs              1
|     nblistReal             0
|     nblist Int             0
|       Total              108 kbytes

| Note: 1-4 EEL scale factors are being read from the topology file.

| Note: 1-4 VDW scale factors are being read from the topology file.
| Duplicated    0 dihedrals
| Duplicated    0 dihedrals

--------------------------------------------------------------------------------
   2.  CONTROL  DATA  FOR  THE  RUN
--------------------------------------------------------------------------------

ACE                                                                             

General flags:
     imin    =       0, nmropt  =       1

Nature and format of input:
     ntx     =       5, irest   =       1, ntrx    =       1

Nature and format of output:
     ntxo    =       1, ntpr    =   50000, ntrx    =       1, ntwr    =  500000
     iwrap   =       0, ntwx    =   50000, ntwv    =       0, ntwe    =       0
     ioutfm  =       1, ntwprt  =       0, idecomp =       0, rbornstat=      0

Potential function:
     ntf     =       1, ntb     =       0, igb     =       8, nsnb    =      25
     ipol    =       0, gbsa    =       1, iesp    =       0
     dielc   =   1.00000, cut     =9999.00000, intdiel =   1.00000
     saltcon =   0.00000, offset  =   0.19514, surften =   0.00500
     rdt     =   0.00000, rgbmax  =9998.00000  extdiel =  78.50000
     alpb  =        0
     gbalphaH  =   0.78844, gbbetaH   =   0.79870,  gbgammaH  =    0.43733
     gbalphaC  =   0.73376, gbbetaC   =   0.50638,  gbgammaC  =    0.20584
     gbalphaN  =   0.50336, gbbetaN   =   0.31683,  gbgammaN  =    0.19292
     gbalphaOS =   0.86781, gbbetaOS  =   0.87664,  gbgammaOS =    0.38788
     gbalphaP  =   1.00000, gbbetaP   =   0.80000,  gbgammaP  =    4.85100

Frozen or restrained atoms:
     ibelly  =       0, ntr     =       0

Molecular dynamics:
     nstlim  =    500000, nscm    =     10000, nrespa  =         1
     t       =   0.00000, dt      =   0.00200, vlimit  =  20.00000

Langevin dynamics temperature regulation:
     ig      =  115446
     temp0   = 300.00000, tempi   =   0.10000, gamma_ln=   2.00000

SHAKE:
     ntc     =       2, jfastw  =       0
     tol     =   0.00000

NMR refinement options:
     iscale  =       0, noeskp  =       1, ipnlty  =       1, mxsub   =       1
     scalm   = 100.00000, pencut  =   0.10000, tausw   =   0.10000

| MPI Timing options:
|      profile_mpi =        0
|  INFO: Old style inpcrd file read


--------------------------------------------------------------------------------
   3.  ATOMIC COORDINATES AND VELOCITIES
--------------------------------------------------------------------------------

ACE                                                                             
 begin time read from input coords =  1000.000 ps



           Begin reading energy term weight changes/NMR restraints
 WEIGHT CHANGES:
                         ** No weight changes given **

 RESTRAINTS:
 Requested file redirections:
  DISANG    = run_96.disang
 Restraints will be read from file: run_96.disang
Here are comments from the DISANG input file:

                       Number of restraints read =     2

                  Done reading weight changes/NMR restraints


 Number of triangulated 3-point waters found:        0
|  Atom division among processors:
|         0      16      32
|  Running AMBER/MPI version on    2 nodes


--------------------------------------------------------------------------------
   4.  RESULTS
--------------------------------------------------------------------------------

|  # of SOLUTE  degrees of freedom (RNDFP):      79.
|  # of SOLVENT degrees of freedom (RNDFS):       0.
|  NDFMIN =      79.     NUM_NOSHAKE =      0     CORRECTED RNDFP =      79.
|  TOTAL # of degrees of freedom (RNDF) =      79.
| RE_POSITION Moving by   2.741894 -8.078832  0.074856
| RE_POSITION Moving by   7.875229  1.695563  2.178621
| RE_POSITION Moving by  -4.486993 -5.305017  6.459579
| RE_POSITION Moving by   6.627712 -1.550167 -1.120843
| RE_POSITION Moving by   4.605280 -1.529973 -2.268189

 NSTEP =    50000   TIME(PS) =    1100.000  TEMP(K) =   328.07  PRESS =     0.0
 Etot   =        24.6952  EKtot   =        25.7517  EPtot      =        -1.0565
 BOND   =         3.1083  ANGLE   =        13.0801  DIHED      =        35.8188
 1-4 NB =         4.0356  1-4 EEL =       113.8108  VDWAALS    =        -3.9650
 EELEC  =      -142.7255  EGB     =       -26.8580  RESTRAINT  =         0.7030
 ESURF=         1.9354
 EAMBER (non-restraint)  =        -1.7595
 ------------------------------------------------------------------------------

 NMR restraints: Bond =    0.000   Angle =     0.000   Torsion =     0.703
===============================================================================
| RE_POSITION Moving by   0.403197 -2.813299 -4.495083
| RE_POSITION Moving by   5.974514  1.315161  5.821792
| RE_POSITION Moving by  -5.647121  8.349340 -0.565914
| RE_POSITION Moving by  -7.024785  3.878957  2.144735
| RE_POSITION Moving by   4.310369  3.804020 -7.085146

 NSTEP =   100000   TIME(PS) =    1200.000  TEMP(K) =   256.73  PRESS =     0.0
 Etot   =        19.9000  EKtot   =        20.1519  EPtot      =        -0.2520
 BOND   =         6.4341  ANGLE   =        12.4851  DIHED      =        33.5751
 1-4 NB =         3.6792  1-4 EEL =       118.6638  VDWAALS    =        -3.6345
 EELEC  =      -148.2739  EGB     =       -25.6820  RESTRAINT  =         0.5133
 ESURF=         1.9880
 EAMBER (non-restraint)  =        -0.7652
 ------------------------------------------------------------------------------

 NMR restraints: Bond =    0.000   Angle =     0.000   Torsion =     0.513
===============================================================================
| RE_POSITION Moving by  -0.034802  7.895366  3.069918
| RE_POSITION Moving by  12.375791  1.313451 -6.422905
| RE_POSITION Moving by   2.587012  1.162906 -3.229838
| RE_POSITION Moving by   5.989331 -1.172002 -6.487586
| RE_POSITION Moving by  -4.341223 -6.557829 -0.931481

 NSTEP =   150000   TIME(PS) =    1300.000  TEMP(K) =   239.96  PRESS =     0.0
 Etot   =        16.8782  EKtot   =        18.8357  EPtot      =        -1.9575
 BOND   =         3.0940  ANGLE   =        11.7722  DIHED      =        34.7360
 1-4 NB =         5.0249  1-4 EEL =       122.0328  VDWAALS    =        -4.3573
 EELEC  =      -153.8233  EGB     =       -22.5998  RESTRAINT  =         0.2297
 ESURF=         1.9333
 EAMBER (non-restraint)  =        -2.1872
 ------------------------------------------------------------------------------

 NMR restraints: Bond =    0.000   Angle =     0.000   Torsion =     0.230
===============================================================================
| RE_POSITION Moving by  -1.818608 -1.495883-11.015027
| RE_POSITION Moving by   0.517577  8.385708 -7.608826
| RE_POSITION Moving by  -5.055564 -4.972487  1.713122
| RE_POSITION Moving by  -7.734650 -2.133746  4.727659
| RE_POSITION Moving by   4.234141 -4.464034 -1.695481

 NSTEP =   200000   TIME(PS) =    1400.000  TEMP(K) =   261.11  PRESS =     0.0
 Etot   =        23.1404  EKtot   =        20.4952  EPtot      =         2.6451
 BOND   =         5.6451  ANGLE   =        13.4796  DIHED      =        32.8657
 1-4 NB =         5.5894  1-4 EEL =       126.8933  VDWAALS    =        -3.0441
 EELEC  =      -158.0810  EGB     =       -23.5941  RESTRAINT  =         0.9507
 ESURF=         1.9405
 EAMBER (non-restraint)  =         1.6945
 ------------------------------------------------------------------------------

 NMR restraints: Bond =    0.000   Angle =     0.000   Torsion =     0.951
===============================================================================
| RE_POSITION Moving by   3.506040 -2.097961  1.153530
| RE_POSITION Moving by   5.788630 -0.673659 -3.623148
| RE_POSITION Moving by  -5.465368 -6.733454  0.470986
| RE_POSITION Moving by  -0.985541 -0.465823  5.472823
| RE_POSITION Moving by   5.204751  6.766327  5.839369

 NSTEP =   250000   TIME(PS) =    1500.000  TEMP(K) =   288.08  PRESS =     0.0
 Etot   =        21.0632  EKtot   =        22.6127  EPtot      =        -1.5496
 BOND   =         7.0136  ANGLE   =         9.7298  DIHED      =        31.3532
 1-4 NB =         6.1666  1-4 EEL =       127.0575  VDWAALS    =        -3.3944
 EELEC  =      -158.7698  EGB     =       -22.6380  RESTRAINT  =         0.0141
 ESURF=         1.9180
 EAMBER (non-restraint)  =        -1.5637
 ------------------------------------------------------------------------------

 NMR restraints: Bond =    0.000   Angle =     0.000   Torsion =     0.014
===============================================================================
| RE_POSITION Moving by  -4.233442 -5.561367  1.077365
| RE_POSITION Moving by  -5.135105  0.405062 -4.224954
| RE_POSITION Moving by  -0.122158 -0.462749  2.262435
| RE_POSITION Moving by   3.371564 -4.701962 -5.322526
| RE_POSITION Moving by  -4.449419 -1.104407 -0.814436

 NSTEP =   300000   TIME(PS) =    1600.000  TEMP(K) =   274.11  PRESS =     0.0
 Etot   =        23.8027  EKtot   =        21.5163  EPtot      =         2.2863
 BOND   =         5.8073  ANGLE   =        14.4237  DIHED      =        35.7892
 1-4 NB =         4.3352  1-4 EEL =       119.5265  VDWAALS    =        -5.7135
 EELEC  =      -152.5253  EGB     =       -21.8550  RESTRAINT  =         0.6460
 ESURF=         1.8522
 EAMBER (non-restraint)  =         1.6403
 ------------------------------------------------------------------------------

 NMR restraints: Bond =    0.000   Angle =     0.000   Torsion =     0.646
===============================================================================
| RE_POSITION Moving by   2.562365  1.255533-11.266233
| RE_POSITION Moving by  -1.198808 -1.222565  1.921181
| RE_POSITION Moving by   0.309736 -5.840095 -7.629343
| RE_POSITION Moving by   5.287685  0.845979 -4.834530
| RE_POSITION Moving by   2.428238  0.602541  5.301037

 NSTEP =   350000   TIME(PS) =    1700.000  TEMP(K) =   304.90  PRESS =     0.0
 Etot   =        22.1405  EKtot   =        23.9325  EPtot      =        -1.7919
 BOND   =         7.0789  ANGLE   =         8.9132  DIHED      =        34.3779
 1-4 NB =         5.3446  1-4 EEL =       119.9380  VDWAALS    =        -5.0941
 EELEC  =      -154.5464  EGB     =       -20.3544  RESTRAINT  =         0.7193
 ESURF=         1.8311
 EAMBER (non-restraint)  =        -2.5113
 ------------------------------------------------------------------------------

 NMR restraints: Bond =    0.000   Angle =     0.000   Torsion =     0.719
===============================================================================
| RE_POSITION Moving by  -2.102857  4.996954 -4.950843
| RE_POSITION Moving by   5.830542 -8.210111 -5.331461
| RE_POSITION Moving by  -4.667087  9.311008  5.910035
| RE_POSITION Moving by  -9.156462  2.986076  1.062425
| RE_POSITION Moving by  -4.339451 -1.110152  1.219342

 NSTEP =   400000   TIME(PS) =    1800.000  TEMP(K) =   302.56  PRESS =     0.0
 Etot   =        27.4207  EKtot   =        23.7495  EPtot      =         3.6712
 BOND   =         5.8386  ANGLE   =        19.5021  DIHED      =        33.4203
 1-4 NB =         3.5017  1-4 EEL =       113.3471  VDWAALS    =        -5.4464
 EELEC  =      -147.1518  EGB     =       -22.9802  RESTRAINT  =         1.7528
 ESURF=         1.8871
 EAMBER (non-restraint)  =         1.9184
 ------------------------------------------------------------------------------

 NMR restraints: Bond =    0.000   Angle =     0.000   Torsion =     1.753
===============================================================================
| RE_POSITION Moving by  -4.646007 -2.474009  0.709081
| RE_POSITION Moving by  -7.916386  1.015693 -2.121502
| RE_POSITION Moving by   4.852910 -0.523064 -6.644964
| RE_POSITION Moving by   2.508721  4.628865  3.269772
| RE_POSITION Moving by  -8.317111  0.278321  1.354465

 NSTEP =   450000   TIME(PS) =    1900.000  TEMP(K) =   291.78  PRESS =     0.0
 Etot   =        22.3566  EKtot   =        22.9033  EPtot      =        -0.5467
 BOND   =         4.7443  ANGLE   =        15.4443  DIHED      =        32.5346
 1-4 NB =         4.3608  1-4 EEL =       122.0194  VDWAALS    =        -4.1676
 EELEC  =      -155.8733  EGB     =       -22.8235  RESTRAINT  =         1.2563
 ESURF=         1.9579
 EAMBER (non-restraint)  =        -1.8030
 ------------------------------------------------------------------------------

 NMR restraints: Bond =    0.000   Angle =     0.000   Torsion =     1.256
===============================================================================
| RE_POSITION Moving by  -1.314137 -1.746938  0.043421
| RE_POSITION Moving by  -9.073116 -1.798105 -4.900193
| RE_POSITION Moving by -11.979455 -2.786860 -1.992148
| RE_POSITION Moving by  -1.311364 -3.165580  2.299344
| RE_POSITION Moving by   1.878338 -0.215346 -0.275597

 NSTEP =   500000   TIME(PS) =    2000.000  TEMP(K) =   269.53  PRESS =     0.0
 Etot   =        33.2652  EKtot   =        21.1561  EPtot      =        12.1091
 BOND   =         8.4376  ANGLE   =        17.2267  DIHED      =        38.6477
 1-4 NB =         4.8908  1-4 EEL =       117.3903  VDWAALS    =        -3.3248
 EELEC  =      -149.5269  EGB     =       -24.0167  RESTRAINT  =         0.3697
 ESURF=         2.0147
 EAMBER (non-restraint)  =        11.7394
 ------------------------------------------------------------------------------

 NMR restraints: Bond =    0.000   Angle =     0.000   Torsion =     0.370
===============================================================================

      A V E R A G E S   O V E R  500000 S T E P S


 NSTEP =   500000   TIME(PS) =    2000.000  TEMP(K) =   299.26  PRESS =     0.0
 Etot   =        25.8542  EKtot   =        23.4904  EPtot      =         2.3638
 BOND   =         5.3344  ANGLE   =        15.3666  DIHED      =        33.0207
 1-4 NB =         4.8934  1-4 EEL =       119.0754  VDWAALS    =        -4.1204
 EELEC  =      -150.9669  EGB     =       -23.1417  RESTRAINT  =         0.9763
 ESURF=         1.9261
 EAMBER (non-restraint)  =         1.3875
 ------------------------------------------------------------------------------

 NMR restraints: Bond =    0.000   Angle =     0.000   Torsion =     0.370
===============================================================================

      R M S  F L U C T U A T I O N S


 NSTEP =   500000   TIME(PS) =    2000.000  TEMP(K) =    47.80  PRESS =     0.0
 Etot   =         5.7029  EKtot   =         3.7523  EPtot      =         4.1878
 BOND   =         1.9513  ANGLE   =         3.1775  DIHED      =         2.8685
 1-4 NB =         0.9779  1-4 EEL =         3.4341  VDWAALS    =         0.9223
 EELEC  =         3.8614  EGB     =         1.9559  RESTRAINT  =         1.3592
 ESURF=         0.0526
 EAMBER (non-restraint)  =         2.8286
 ------------------------------------------------------------------------------


 NMR restraints on final step:


--------------------------------------------------------------------------------
   5.  TIMINGS
--------------------------------------------------------------------------------

|>>>>>>>>PROFILE of Average TIMES>>>>>>>>> 
|                Calc gb radii             27.65 ( 8.11% of Gen B)
|                Communicate gb radii     212.25 (62.30% of Gen B)
|                Calc gb diag              39.67 (11.64% of Gen B)
|                Calc gb off-diag          25.51 ( 7.49% of Gen B)
|                Surface area energy       34.96 (10.26% of Gen B)
|                Other                      0.67 ( 0.20% of Gen B)
|             Gen Born time            340.70 (100.0% of Nonbo)
|             IPS excludes               0.09 ( 0.03% of Nonbo)
|          Nonbond force            340.79 (29.33% of Force)
|          Bond/Angle/Dihedral       12.18 ( 1.05% of Force)
|          FRC Collect time         585.13 (50.36% of Force)
|          Other                    223.85 (19.26% of Force)
|       Force time              1161.95 (78.45% of Runmd)
|       Shake time                 1.59 ( 0.11% of Runmd)
|       Verlet update time       250.38 (16.90% of Runmd)
|       CRD distribute time       66.15 ( 4.47% of Runmd)
|       Other                      1.08 ( 0.07% of Runmd)
|    Runmd Time              1481.15 (100.0% of Total)
|    Other                      0.09 ( 0.01% of Total)
| Total time              1481.24 (100.0% of ALL  )

| Number of list builds   :          0

| Highest rstack allocated:          0
| Highest istack allocated:          0

| Final Performance Info:
| -----------------------------------------------------
| Average timings for all steps:
|     Elapsed(s) =    1481.15 Per Step(ms) =       2.96
|         ns/day =      58.33   seconds/ns =    1481.15
| -----------------------------------------------------

|           Job began  at 19:47:06.234  on 04/27/2013
|           Setup done at 19:47:06.351  on 04/27/2013
|           Run   done at 20:11:47.504  on 04/27/2013
|     wallclock() was called18500023 times
