
          -------------------------------------------------------
          Amber 12 SANDER                              2012
          -------------------------------------------------------

| Run on 04/27/2013 at 19:47:06
  [-O]verwriting output

File Assignments:
|  MDIN: run_135.in                                                            
| MDOUT: run_135.out                                                           
|INPCRD: ../eq1/run.rst                                                        
|  PARM: parm                                                                  
|RESTRT: run_135.rst                                                           
|  REFC: refc                                                                  
| MDVEL: mdvel                                                                 
|  MDEN: mden                                                                  
| MDCRD: run_135.nc                                                            
|MDINFO: mdinfo                                                                
|  MTMD: mtmd                                                                  
|INPDIP: inpdip                                                                
|RSTDIP: rstdip                                                                

|INPTRA: inptraj                                                               
|
 
 Here is the input file:
 
equilibration with restraint                                                   
 &cntrl                                                                        
   ig=899623,                                                                  
   irest=1, ntx=5,                                                             
   igb=8, gbsa=1,                                                              
   cut=9999.0, rgbmax=9998.0,                                                  
   ntc=2, ntf=1, tol=0.000001,                                                 
   ntt=3, gamma_ln=2.0, tempi=0.1,                                             
   ntb=0, nscm=10000,                                                          
   ioutfm=1,                                                                   
   nstlim=500000, dt=0.002,                                                    
   ntpr=50000, ntwx=50000, ntwv=0, ntwr=500000,                                
   nmropt=1,                                                                   
 /                                                                             
 &wt                                                                           
  type='END',                                                                  
 /                                                                             
DISANG=run_135.disang                                                          
                                                                               

--------------------------------------------------------------------------------
   1.  RESOURCE   USE: 
--------------------------------------------------------------------------------

| Flags: MPI                                                                    
| New format PARM file being parsed.
| Version =    1.000 Date = 04/27/13 Time = 01:42:54
 NATOM  =      32 NTYPES =       7 NBONH =      17 MBONA  =      14
 NTHETH =      36 MTHETA =      18 NPHIH =      64 MPHIA  =      45
 NHPARM =       0 NPARM  =       0 NNB   =     152 NRES   =       4
 NBONA  =      14 NTHETA =      18 NPHIA =      45 NUMBND =      11
 NUMANG =      21 NPTRA  =      20 NATYP =       8 NPHB   =       0
 IFBOX  =       0 NMXRS  =      10 IFCAP =       0 NEXTRA =       0
 NCOPY  =       0

 Implicit solvent radii are ArgH and AspGluO modified Bondi2 radii (mbondi3)                                
 Replacing prmtop screening parameters with GBn2 (igb=8) values

|     Memory Use     Allocated
|     Real                2330
|     Hollerith            102
|     Integer            23034
|     Max Pairs              1
|     nblistReal             0
|     nblist Int             0
|       Total              108 kbytes

| Note: 1-4 EEL scale factors are being read from the topology file.

| Note: 1-4 VDW scale factors are being read from the topology file.
| Duplicated    0 dihedrals
| Duplicated    0 dihedrals

--------------------------------------------------------------------------------
   2.  CONTROL  DATA  FOR  THE  RUN
--------------------------------------------------------------------------------

ACE                                                                             

General flags:
     imin    =       0, nmropt  =       1

Nature and format of input:
     ntx     =       5, irest   =       1, ntrx    =       1

Nature and format of output:
     ntxo    =       1, ntpr    =   50000, ntrx    =       1, ntwr    =  500000
     iwrap   =       0, ntwx    =   50000, ntwv    =       0, ntwe    =       0
     ioutfm  =       1, ntwprt  =       0, idecomp =       0, rbornstat=      0

Potential function:
     ntf     =       1, ntb     =       0, igb     =       8, nsnb    =      25
     ipol    =       0, gbsa    =       1, iesp    =       0
     dielc   =   1.00000, cut     =9999.00000, intdiel =   1.00000
     saltcon =   0.00000, offset  =   0.19514, surften =   0.00500
     rdt     =   0.00000, rgbmax  =9998.00000  extdiel =  78.50000
     alpb  =        0
     gbalphaH  =   0.78844, gbbetaH   =   0.79870,  gbgammaH  =    0.43733
     gbalphaC  =   0.73376, gbbetaC   =   0.50638,  gbgammaC  =    0.20584
     gbalphaN  =   0.50336, gbbetaN   =   0.31683,  gbgammaN  =    0.19292
     gbalphaOS =   0.86781, gbbetaOS  =   0.87664,  gbgammaOS =    0.38788
     gbalphaP  =   1.00000, gbbetaP   =   0.80000,  gbgammaP  =    4.85100

Frozen or restrained atoms:
     ibelly  =       0, ntr     =       0

Molecular dynamics:
     nstlim  =    500000, nscm    =     10000, nrespa  =         1
     t       =   0.00000, dt      =   0.00200, vlimit  =  20.00000

Langevin dynamics temperature regulation:
     ig      =  899623
     temp0   = 300.00000, tempi   =   0.10000, gamma_ln=   2.00000

SHAKE:
     ntc     =       2, jfastw  =       0
     tol     =   0.00000

NMR refinement options:
     iscale  =       0, noeskp  =       1, ipnlty  =       1, mxsub   =       1
     scalm   = 100.00000, pencut  =   0.10000, tausw   =   0.10000

| MPI Timing options:
|      profile_mpi =        0
|  INFO: Old style inpcrd file read


--------------------------------------------------------------------------------
   3.  ATOMIC COORDINATES AND VELOCITIES
--------------------------------------------------------------------------------

ACE                                                                             
 begin time read from input coords =  1000.000 ps



           Begin reading energy term weight changes/NMR restraints
 WEIGHT CHANGES:
                         ** No weight changes given **

 RESTRAINTS:
 Requested file redirections:
  DISANG    = run_135.disang
 Restraints will be read from file: run_135.disang
Here are comments from the DISANG input file:

                       Number of restraints read =     2

                  Done reading weight changes/NMR restraints


 Number of triangulated 3-point waters found:        0
|  Atom division among processors:
|         0      16      32
|  Running AMBER/MPI version on    2 nodes


--------------------------------------------------------------------------------
   4.  RESULTS
--------------------------------------------------------------------------------

|  # of SOLUTE  degrees of freedom (RNDFP):      79.
|  # of SOLVENT degrees of freedom (RNDFS):       0.
|  NDFMIN =      79.     NUM_NOSHAKE =      0     CORRECTED RNDFP =      79.
|  TOTAL # of degrees of freedom (RNDF) =      79.
| RE_POSITION Moving by   0.504877-14.150044  3.747327
| RE_POSITION Moving by   1.353213-11.944547  2.904404
| RE_POSITION Moving by  -1.067978 -1.139644 -8.633682
| RE_POSITION Moving by   2.249920  2.413640  0.655071
| RE_POSITION Moving by   2.406096 -6.614197 -3.590464

 NSTEP =    50000   TIME(PS) =    1100.000  TEMP(K) =   304.21  PRESS =     0.0
 Etot   =        20.2173  EKtot   =        23.8787  EPtot      =        -3.6614
 BOND   =         4.8727  ANGLE   =        15.0424  DIHED      =        24.4774
 1-4 NB =         5.4729  1-4 EEL =       120.8718  VDWAALS    =        -1.8097
 EELEC  =      -152.8233  EGB     =       -23.4523  RESTRAINT  =         1.7690
 ESURF=         1.9178
 EAMBER (non-restraint)  =        -5.4304
 ------------------------------------------------------------------------------

 NMR restraints: Bond =    0.000   Angle =     0.000   Torsion =     1.769
===============================================================================
| RE_POSITION Moving by   7.907320 -0.539394 -7.344369
| RE_POSITION Moving by  -5.675734  2.036402  0.386007
| RE_POSITION Moving by   3.963189 -3.711057 -3.526676
| RE_POSITION Moving by   4.619820  4.349909  1.398183
| RE_POSITION Moving by  -5.079932 -2.611909  0.576812

 NSTEP =   100000   TIME(PS) =    1200.000  TEMP(K) =   309.61  PRESS =     0.0
 Etot   =        15.1493  EKtot   =        24.3023  EPtot      =        -9.1530
 BOND   =         2.3611  ANGLE   =        15.6869  DIHED      =        24.4293
 1-4 NB =         5.0830  1-4 EEL =       115.9303  VDWAALS    =        -2.8033
 EELEC  =      -148.0615  EGB     =       -23.7738  RESTRAINT  =         0.0278
 ESURF=         1.9673
 EAMBER (non-restraint)  =        -9.1808
 ------------------------------------------------------------------------------

 NMR restraints: Bond =    0.000   Angle =     0.000   Torsion =     0.028
===============================================================================
| RE_POSITION Moving by   6.955511 -3.003527  8.314627
| RE_POSITION Moving by   1.916497  6.277586  6.902762
| RE_POSITION Moving by   5.168011  2.990773 -1.594958
| RE_POSITION Moving by   2.455692 -1.031393  5.309603
| RE_POSITION Moving by   2.374952  0.431717  6.443659

 NSTEP =   150000   TIME(PS) =    1300.000  TEMP(K) =   325.47  PRESS =     0.0
 Etot   =        17.7895  EKtot   =        25.5478  EPtot      =        -7.7583
 BOND   =         6.5809  ANGLE   =        13.1419  DIHED      =        27.2068
 1-4 NB =         3.0523  1-4 EEL =       115.6979  VDWAALS    =        -3.4632
 EELEC  =      -146.5135  EGB     =       -25.4770  RESTRAINT  =         0.0168
 ESURF=         1.9989
 EAMBER (non-restraint)  =        -7.7751
 ------------------------------------------------------------------------------

 NMR restraints: Bond =    0.000   Angle =     0.000   Torsion =     0.017
===============================================================================
| RE_POSITION Moving by   0.699034  4.489188 -3.391580
| RE_POSITION Moving by  -4.176710  1.429913 -7.252744
| RE_POSITION Moving by  -5.163356 -2.892609 -2.236364
| RE_POSITION Moving by   1.028630  0.185143 -4.384022
| RE_POSITION Moving by   6.052494  1.088550 -4.992074

 NSTEP =   200000   TIME(PS) =    1400.000  TEMP(K) =   355.70  PRESS =     0.0
 Etot   =        19.9544  EKtot   =        27.9204  EPtot      =        -7.9660
 BOND   =         9.0799  ANGLE   =         9.6220  DIHED      =        23.2916
 1-4 NB =         5.3560  1-4 EEL =       124.5332  VDWAALS    =        -3.6179
 EELEC  =      -156.3421  EGB     =       -22.4324  RESTRAINT  =         0.6087
 ESURF=         1.9349
 EAMBER (non-restraint)  =        -8.5747
 ------------------------------------------------------------------------------

 NMR restraints: Bond =    0.000   Angle =     0.000   Torsion =     0.609
===============================================================================
| RE_POSITION Moving by   0.413869  2.089186 -4.529184
| RE_POSITION Moving by  -4.044021  0.337141  1.486213
| RE_POSITION Moving by  -2.106062  1.960888  1.275367
| RE_POSITION Moving by  -6.500221 -2.777740  0.208341
| RE_POSITION Moving by   2.252619  8.758972  4.166126

 NSTEP =   250000   TIME(PS) =    1500.000  TEMP(K) =   317.87  PRESS =     0.0
 Etot   =        14.9400  EKtot   =        24.9510  EPtot      =       -10.0110
 BOND   =         6.5076  ANGLE   =        12.3651  DIHED      =        24.8337
 1-4 NB =         5.2416  1-4 EEL =       117.9175  VDWAALS    =        -4.9363
 EELEC  =      -152.4171  EGB     =       -21.4261  RESTRAINT  =         0.0027
 ESURF=         1.9004
 EAMBER (non-restraint)  =       -10.0136
 ------------------------------------------------------------------------------

 NMR restraints: Bond =    0.000   Angle =     0.000   Torsion =     0.003
===============================================================================
| RE_POSITION Moving by  -5.448683 -3.685432  3.868995
| RE_POSITION Moving by  11.510737 -6.108707 -0.029213
| RE_POSITION Moving by  -4.927082 -4.732557 -8.363090
| RE_POSITION Moving by  -1.991586  5.056602 -9.334175
| RE_POSITION Moving by   9.617263  5.944254 -2.848297

 NSTEP =   300000   TIME(PS) =    1600.000  TEMP(K) =   282.96  PRESS =     0.0
 Etot   =        15.0068  EKtot   =        22.2108  EPtot      =        -7.2040
 BOND   =         6.3252  ANGLE   =        10.3684  DIHED      =        27.5205
 1-4 NB =         5.3290  1-4 EEL =       119.5555  VDWAALS    =        -0.5681
 EELEC  =      -157.4113  EGB     =       -20.2756  RESTRAINT  =         0.0330
 ESURF=         1.9192
 EAMBER (non-restraint)  =        -7.2371
 ------------------------------------------------------------------------------

 NMR restraints: Bond =    0.000   Angle =     0.000   Torsion =     0.033
===============================================================================
| RE_POSITION Moving by -10.924649  5.654836  3.638277
| RE_POSITION Moving by   8.794687  3.489433  3.198699
| RE_POSITION Moving by  -8.764386 -5.592124 -3.987745
| RE_POSITION Moving by  -0.357458 -5.265045  2.433172
| RE_POSITION Moving by  -3.154378 -7.548109-16.566995

 NSTEP =   350000   TIME(PS) =    1700.000  TEMP(K) =   318.40  PRESS =     0.0
 Etot   =        15.6263  EKtot   =        24.9924  EPtot      =        -9.3661
 BOND   =         2.0335  ANGLE   =        14.1506  DIHED      =        24.8837
 1-4 NB =         4.8712  1-4 EEL =       120.7753  VDWAALS    =        -3.9152
 EELEC  =      -153.7405  EGB     =       -22.0690  RESTRAINT  =         1.7079
 ESURF=         1.9364
 EAMBER (non-restraint)  =       -11.0740
 ------------------------------------------------------------------------------

 NMR restraints: Bond =    0.000   Angle =     0.000   Torsion =     1.708
===============================================================================
| RE_POSITION Moving by  -3.997972 -0.425850 -4.630327
| RE_POSITION Moving by  -3.933480 -8.942529  3.110490
| RE_POSITION Moving by   1.746346 10.656200  0.724376
| RE_POSITION Moving by   2.606882 -2.226956  2.991932
| RE_POSITION Moving by  -1.186580 -6.715720  6.078690

 NSTEP =   400000   TIME(PS) =    1800.000  TEMP(K) =   204.53  PRESS =     0.0
 Etot   =        20.9540  EKtot   =        16.0541  EPtot      =         4.8999
 BOND   =         9.2725  ANGLE   =        17.0410  DIHED      =        30.5271
 1-4 NB =         5.1094  1-4 EEL =       120.7887  VDWAALS    =        -4.1075
 EELEC  =      -152.5681  EGB     =       -23.2226  RESTRAINT  =         0.1177
 ESURF=         1.9415
 EAMBER (non-restraint)  =         4.7821
 ------------------------------------------------------------------------------

 NMR restraints: Bond =    0.000   Angle =     0.000   Torsion =     0.118
===============================================================================
| RE_POSITION Moving by  -2.768985  0.796404  5.668006
| RE_POSITION Moving by   2.608827 -2.090746 -5.597653
| RE_POSITION Moving by  -6.034854  0.903815  4.240905
| RE_POSITION Moving by  -4.477081  8.539873 -3.729237
| RE_POSITION Moving by  -2.552675 -5.551562 -4.136546

 NSTEP =   450000   TIME(PS) =    1900.000  TEMP(K) =   262.74  PRESS =     0.0
 Etot   =        13.6040  EKtot   =        20.6239  EPtot      =        -7.0198
 BOND   =         3.5289  ANGLE   =        14.9188  DIHED      =        26.7182
 1-4 NB =         4.3234  1-4 EEL =       117.9566  VDWAALS    =        -3.8184
 EELEC  =      -147.9839  EGB     =       -25.0363  RESTRAINT  =         0.4437
 ESURF=         1.9291
 EAMBER (non-restraint)  =        -7.4635
 ------------------------------------------------------------------------------

 NMR restraints: Bond =    0.000   Angle =     0.000   Torsion =     0.444
===============================================================================
| RE_POSITION Moving by   7.266007 -7.221530  0.486883
| RE_POSITION Moving by   1.162687  1.511234  4.105289
| RE_POSITION Moving by  -6.231795  6.355616  3.220158
| RE_POSITION Moving by  -2.860404  2.746956  3.529740
| RE_POSITION Moving by  -5.112096  4.442656  0.367482

 NSTEP =   500000   TIME(PS) =    2000.000  TEMP(K) =   283.01  PRESS =     0.0
 Etot   =        13.2082  EKtot   =        22.2148  EPtot      =        -9.0066
 BOND   =         5.2070  ANGLE   =        12.8087  DIHED      =        25.7945
 1-4 NB =         4.6310  1-4 EEL =       114.7515  VDWAALS    =        -4.5385
 EELEC  =      -148.6491  EGB     =       -22.2055  RESTRAINT  =         1.2719
 ESURF=         1.9221
 EAMBER (non-restraint)  =       -10.2785
 ------------------------------------------------------------------------------

 NMR restraints: Bond =    0.000   Angle =     0.000   Torsion =     1.272
===============================================================================

      A V E R A G E S   O V E R  500000 S T E P S


 NSTEP =   500000   TIME(PS) =    2000.000  TEMP(K) =   301.03  PRESS =     0.0
 Etot   =        16.8352  EKtot   =        23.6288  EPtot      =        -6.7936
 BOND   =         5.3658  ANGLE   =        14.4336  DIHED      =        24.5952
 1-4 NB =         5.1291  1-4 EEL =       118.0463  VDWAALS    =        -3.7362
 EELEC  =      -149.9016  EGB     =       -23.3530  RESTRAINT  =         0.6869
 ESURF=         1.9402
 EAMBER (non-restraint)  =        -7.4805
 ------------------------------------------------------------------------------

 NMR restraints: Bond =    0.000   Angle =     0.000   Torsion =     1.272
===============================================================================

      R M S  F L U C T U A T I O N S


 NSTEP =   500000   TIME(PS) =    2000.000  TEMP(K) =    47.77  PRESS =     0.0
 Etot   =         5.4514  EKtot   =         3.7497  EPtot      =         3.9204
 BOND   =         1.9628  ANGLE   =         3.0723  DIHED      =         2.0421
 1-4 NB =         0.9956  1-4 EEL =         3.1340  VDWAALS    =         0.8113
 EELEC  =         3.5687  EGB     =         1.7260  RESTRAINT  =         0.8282
 ESURF=         0.0454
 EAMBER (non-restraint)  =         3.0922
 ------------------------------------------------------------------------------


 NMR restraints on final step:


--------------------------------------------------------------------------------
   5.  TIMINGS
--------------------------------------------------------------------------------

|>>>>>>>>PROFILE of Average TIMES>>>>>>>>> 
|                Calc gb radii             28.09 ( 8.17% of Gen B)
|                Communicate gb radii     215.27 (62.58% of Gen B)
|                Calc gb diag              39.27 (11.42% of Gen B)
|                Calc gb off-diag          25.66 ( 7.46% of Gen B)
|                Surface area energy       35.02 (10.18% of Gen B)
|                Other                      0.66 ( 0.19% of Gen B)
|             Gen Born time            343.98 (100.0% of Nonbo)
|             IPS excludes               0.08 ( 0.02% of Nonbo)
|          Nonbond force            344.06 (29.76% of Force)
|          Bond/Angle/Dihedral       12.37 ( 1.07% of Force)
|          FRC Collect time         575.88 (49.82% of Force)
|          Other                    223.72 (19.35% of Force)
|       Force time              1156.03 (78.32% of Runmd)
|       Shake time                 1.64 ( 0.11% of Runmd)
|       Verlet update time       250.31 (16.96% of Runmd)
|       CRD distribute time       66.84 ( 4.53% of Runmd)
|       Other                      1.13 ( 0.08% of Runmd)
|    Runmd Time              1475.95 (100.0% of Total)
|    Other                      0.10 ( 0.01% of Total)
| Total time              1476.04 (100.0% of ALL  )

| Number of list builds   :          0

| Highest rstack allocated:          0
| Highest istack allocated:          0

| Final Performance Info:
| -----------------------------------------------------
| Average timings for all steps:
|     Elapsed(s) =    1475.95 Per Step(ms) =       2.95
|         ns/day =      58.54   seconds/ns =    1475.95
| -----------------------------------------------------

|           Job began  at 19:47:06.221  on 04/27/2013
|           Setup done at 19:47:06.332  on 04/27/2013
|           Run   done at 20:11:42.279  on 04/27/2013
|     wallclock() was called18500023 times
