
          -------------------------------------------------------
          Amber 12 SANDER                              2012
          -------------------------------------------------------

| Run on 04/27/2013 at 19:47:06
  [-O]verwriting output

File Assignments:
|  MDIN: run_3.in                                                              
| MDOUT: run_3.out                                                             
|INPCRD: ../eq1/run.rst                                                        
|  PARM: parm                                                                  
|RESTRT: run_3.rst                                                             
|  REFC: refc                                                                  
| MDVEL: mdvel                                                                 
|  MDEN: mden                                                                  
| MDCRD: run_3.nc                                                              
|MDINFO: mdinfo                                                                
|  MTMD: mtmd                                                                  
|INPDIP: inpdip                                                                
|RSTDIP: rstdip                                                                

|INPTRA: inptraj                                                               
|
 
 Here is the input file:
 
equilibration with restraint                                                   
 &cntrl                                                                        
   ig=117435,                                                                  
   irest=1, ntx=5,                                                             
   igb=8, gbsa=1,                                                              
   cut=9999.0, rgbmax=9998.0,                                                  
   ntc=2, ntf=1, tol=0.000001,                                                 
   ntt=3, gamma_ln=2.0, tempi=0.1,                                             
   ntb=0, nscm=10000,                                                          
   ioutfm=1,                                                                   
   nstlim=500000, dt=0.002,                                                    
   ntpr=50000, ntwx=50000, ntwv=0, ntwr=500000,                                
   nmropt=1,                                                                   
 /                                                                             
 &wt                                                                           
  type='END',                                                                  
 /                                                                             
DISANG=run_3.disang                                                            
                                                                               

--------------------------------------------------------------------------------
   1.  RESOURCE   USE: 
--------------------------------------------------------------------------------

| Flags: MPI                                                                    
| New format PARM file being parsed.
| Version =    1.000 Date = 04/27/13 Time = 01:42:54
 NATOM  =      32 NTYPES =       7 NBONH =      17 MBONA  =      14
 NTHETH =      36 MTHETA =      18 NPHIH =      64 MPHIA  =      45
 NHPARM =       0 NPARM  =       0 NNB   =     152 NRES   =       4
 NBONA  =      14 NTHETA =      18 NPHIA =      45 NUMBND =      11
 NUMANG =      21 NPTRA  =      20 NATYP =       8 NPHB   =       0
 IFBOX  =       0 NMXRS  =      10 IFCAP =       0 NEXTRA =       0
 NCOPY  =       0

 Implicit solvent radii are ArgH and AspGluO modified Bondi2 radii (mbondi3)                                
 Replacing prmtop screening parameters with GBn2 (igb=8) values

|     Memory Use     Allocated
|     Real                2330
|     Hollerith            102
|     Integer            23034
|     Max Pairs              1
|     nblistReal             0
|     nblist Int             0
|       Total              108 kbytes

| Note: 1-4 EEL scale factors are being read from the topology file.

| Note: 1-4 VDW scale factors are being read from the topology file.
| Duplicated    0 dihedrals
| Duplicated    0 dihedrals

--------------------------------------------------------------------------------
   2.  CONTROL  DATA  FOR  THE  RUN
--------------------------------------------------------------------------------

ACE                                                                             

General flags:
     imin    =       0, nmropt  =       1

Nature and format of input:
     ntx     =       5, irest   =       1, ntrx    =       1

Nature and format of output:
     ntxo    =       1, ntpr    =   50000, ntrx    =       1, ntwr    =  500000
     iwrap   =       0, ntwx    =   50000, ntwv    =       0, ntwe    =       0
     ioutfm  =       1, ntwprt  =       0, idecomp =       0, rbornstat=      0

Potential function:
     ntf     =       1, ntb     =       0, igb     =       8, nsnb    =      25
     ipol    =       0, gbsa    =       1, iesp    =       0
     dielc   =   1.00000, cut     =9999.00000, intdiel =   1.00000
     saltcon =   0.00000, offset  =   0.19514, surften =   0.00500
     rdt     =   0.00000, rgbmax  =9998.00000  extdiel =  78.50000
     alpb  =        0
     gbalphaH  =   0.78844, gbbetaH   =   0.79870,  gbgammaH  =    0.43733
     gbalphaC  =   0.73376, gbbetaC   =   0.50638,  gbgammaC  =    0.20584
     gbalphaN  =   0.50336, gbbetaN   =   0.31683,  gbgammaN  =    0.19292
     gbalphaOS =   0.86781, gbbetaOS  =   0.87664,  gbgammaOS =    0.38788
     gbalphaP  =   1.00000, gbbetaP   =   0.80000,  gbgammaP  =    4.85100

Frozen or restrained atoms:
     ibelly  =       0, ntr     =       0

Molecular dynamics:
     nstlim  =    500000, nscm    =     10000, nrespa  =         1
     t       =   0.00000, dt      =   0.00200, vlimit  =  20.00000

Langevin dynamics temperature regulation:
     ig      =  117435
     temp0   = 300.00000, tempi   =   0.10000, gamma_ln=   2.00000

SHAKE:
     ntc     =       2, jfastw  =       0
     tol     =   0.00000

NMR refinement options:
     iscale  =       0, noeskp  =       1, ipnlty  =       1, mxsub   =       1
     scalm   = 100.00000, pencut  =   0.10000, tausw   =   0.10000

| MPI Timing options:
|      profile_mpi =        0
|  INFO: Old style inpcrd file read


--------------------------------------------------------------------------------
   3.  ATOMIC COORDINATES AND VELOCITIES
--------------------------------------------------------------------------------

ACE                                                                             
 begin time read from input coords =  1000.000 ps



           Begin reading energy term weight changes/NMR restraints
 WEIGHT CHANGES:
                         ** No weight changes given **

 RESTRAINTS:
 Requested file redirections:
  DISANG    = run_3.disang
 Restraints will be read from file: run_3.disang
Here are comments from the DISANG input file:

                       Number of restraints read =     2

                  Done reading weight changes/NMR restraints


 Number of triangulated 3-point waters found:        0
|  Atom division among processors:
|         0      16      32
|  Running AMBER/MPI version on    2 nodes


--------------------------------------------------------------------------------
   4.  RESULTS
--------------------------------------------------------------------------------

|  # of SOLUTE  degrees of freedom (RNDFP):      79.
|  # of SOLVENT degrees of freedom (RNDFS):       0.
|  NDFMIN =      79.     NUM_NOSHAKE =      0     CORRECTED RNDFP =      79.
|  TOTAL # of degrees of freedom (RNDF) =      79.
| RE_POSITION Moving by   2.642789  1.449341 -3.021700
| RE_POSITION Moving by  -0.504703  5.235581 -0.493953
| RE_POSITION Moving by  -4.828998 -7.466134  0.153624
| RE_POSITION Moving by  -4.454576  1.369203 -7.766193
| RE_POSITION Moving by  -1.567630 -8.613844 -1.621205

 NSTEP =    50000   TIME(PS) =    1100.000  TEMP(K) =   314.41  PRESS =     0.0
 Etot   =        21.1175  EKtot   =        24.6791  EPtot      =        -3.5615
 BOND   =         6.6118  ANGLE   =        17.8991  DIHED      =        23.7172
 1-4 NB =         5.9883  1-4 EEL =       110.2755  VDWAALS    =        -3.0847
 EELEC  =      -143.8022  EGB     =       -23.1851  RESTRAINT  =         0.0663
 ESURF=         1.9522
 EAMBER (non-restraint)  =        -3.6279
 ------------------------------------------------------------------------------

 NMR restraints: Bond =    0.000   Angle =     0.000   Torsion =     0.066
===============================================================================
| RE_POSITION Moving by   0.506487  1.336672 -2.583327
| RE_POSITION Moving by   3.306847 -3.427723  3.944185
| RE_POSITION Moving by   2.116065 -1.880447 -5.118071
| RE_POSITION Moving by   0.947827 -1.043586  2.677175
| RE_POSITION Moving by  12.106784  2.013477 -2.245629

 NSTEP =   100000   TIME(PS) =    1200.000  TEMP(K) =   282.06  PRESS =     0.0
 Etot   =        26.8438  EKtot   =        22.1403  EPtot      =         4.7035
 BOND   =         4.2404  ANGLE   =        26.6673  DIHED      =        28.9318
 1-4 NB =         3.6805  1-4 EEL =       104.4431  VDWAALS    =        -3.9063
 EELEC  =      -137.1642  EGB     =       -24.1515  RESTRAINT  =         0.0045
 ESURF=         1.9581
 EAMBER (non-restraint)  =         4.6990
 ------------------------------------------------------------------------------

 NMR restraints: Bond =    0.000   Angle =     0.000   Torsion =     0.004
===============================================================================
| RE_POSITION Moving by   2.476464  7.455935  3.681144
| RE_POSITION Moving by  -1.557173 -0.838372 -2.629601
| RE_POSITION Moving by   0.141179 -1.970739 -3.823939
| RE_POSITION Moving by  -1.629799  7.628182  3.021799
| RE_POSITION Moving by   2.812722  1.607026  1.165671

 NSTEP =   150000   TIME(PS) =    1300.000  TEMP(K) =   262.60  PRESS =     0.0
 Etot   =        17.4646  EKtot   =        20.6123  EPtot      =        -3.1478
 BOND   =         7.4605  ANGLE   =        13.0043  DIHED      =        24.0124
 1-4 NB =         3.6558  1-4 EEL =       111.6345  VDWAALS    =        -0.1444
 EELEC  =      -140.7156  EGB     =       -24.4713  RESTRAINT  =         0.4086
 ESURF=         2.0075
 EAMBER (non-restraint)  =        -3.5564
 ------------------------------------------------------------------------------

 NMR restraints: Bond =    0.000   Angle =     0.000   Torsion =     0.409
===============================================================================
| RE_POSITION Moving by  -6.395559 -0.358007  2.833346
| RE_POSITION Moving by   6.024724  0.410439 -1.414946
| RE_POSITION Moving by  -1.152278  0.026931 -1.313626
| RE_POSITION Moving by   4.474995 -1.234762 -0.968135
| RE_POSITION Moving by   5.263043  6.061900 -1.353534

 NSTEP =   200000   TIME(PS) =    1400.000  TEMP(K) =   235.38  PRESS =     0.0
 Etot   =        11.8828  EKtot   =        18.4759  EPtot      =        -6.5931
 BOND   =         4.8848  ANGLE   =        16.3574  DIHED      =        23.0398
 1-4 NB =         3.8616  1-4 EEL =       112.7908  VDWAALS    =        -3.1367
 EELEC  =      -137.7213  EGB     =       -29.0743  RESTRAINT  =         0.4459
 ESURF=         1.9589
 EAMBER (non-restraint)  =        -7.0390
 ------------------------------------------------------------------------------

 NMR restraints: Bond =    0.000   Angle =     0.000   Torsion =     0.446
===============================================================================
| RE_POSITION Moving by  -2.300568  2.616506  3.016598
| RE_POSITION Moving by   0.480935  1.228278  5.717255
| RE_POSITION Moving by   1.080806  2.377722  0.495660
| RE_POSITION Moving by   2.825894  1.525759  1.763243
| RE_POSITION Moving by   3.368884  0.969175 -4.988804

 NSTEP =   250000   TIME(PS) =    1500.000  TEMP(K) =   230.38  PRESS =     0.0
 Etot   =         6.6374  EKtot   =        18.0832  EPtot      =       -11.4458
 BOND   =         4.6549  ANGLE   =        11.7861  DIHED      =        24.3844
 1-4 NB =         4.3580  1-4 EEL =       109.6254  VDWAALS    =        -2.6551
 EELEC  =      -139.9206  EGB     =       -25.8133  RESTRAINT  =         0.2104
 ESURF=         1.9240
 EAMBER (non-restraint)  =       -11.6562
 ------------------------------------------------------------------------------

 NMR restraints: Bond =    0.000   Angle =     0.000   Torsion =     0.210
===============================================================================
| RE_POSITION Moving by  -2.365866  6.165590 -5.067025
| RE_POSITION Moving by  -2.358738  5.366093  5.062679
| RE_POSITION Moving by   9.292033 -4.029146 -5.154025
| RE_POSITION Moving by  11.080906 -6.397075  1.131643
| RE_POSITION Moving by  -1.345365 -0.068987 -4.667181

 NSTEP =   300000   TIME(PS) =    1600.000  TEMP(K) =   307.80  PRESS =     0.0
 Etot   =        15.0055  EKtot   =        24.1607  EPtot      =        -9.1552
 BOND   =         3.9768  ANGLE   =        15.9389  DIHED      =        23.4979
 1-4 NB =         3.7039  1-4 EEL =       107.5153  VDWAALS    =        -4.5911
 EELEC  =      -138.5506  EGB     =       -23.1458  RESTRAINT  =         0.6166
 ESURF=         1.8828
 EAMBER (non-restraint)  =        -9.7719
 ------------------------------------------------------------------------------

 NMR restraints: Bond =    0.000   Angle =     0.000   Torsion =     0.617
===============================================================================
| RE_POSITION Moving by  -6.863863  3.699650  5.406707
| RE_POSITION Moving by   1.656964  1.289012 -2.219895
| RE_POSITION Moving by   1.014533  3.854898  3.751866
| RE_POSITION Moving by  -4.066869 -1.202805 -9.282919
| RE_POSITION Moving by  -5.523288  3.713058  5.440670

 NSTEP =   350000   TIME(PS) =    1700.000  TEMP(K) =   297.22  PRESS =     0.0
 Etot   =        19.6011  EKtot   =        23.3301  EPtot      =        -3.7290
 BOND   =         6.4697  ANGLE   =        18.8211  DIHED      =        23.5703
 1-4 NB =         3.8639  1-4 EEL =       110.1172  VDWAALS    =        -3.5332
 EELEC  =      -141.9996  EGB     =       -23.4940  RESTRAINT  =         0.5169
 ESURF=         1.9386
 EAMBER (non-restraint)  =        -4.2459
 ------------------------------------------------------------------------------

 NMR restraints: Bond =    0.000   Angle =     0.000   Torsion =     0.517
===============================================================================
| RE_POSITION Moving by   2.799554 -7.088422 -7.673389
| RE_POSITION Moving by  -0.410370 -3.062369 -1.803758
| RE_POSITION Moving by   3.853022 -6.624777  1.384180
| RE_POSITION Moving by   4.188905  4.541735 -0.574827
| RE_POSITION Moving by -10.663225 -0.935863 -8.612037

 NSTEP =   400000   TIME(PS) =    1800.000  TEMP(K) =   325.05  PRESS =     0.0
 Etot   =        26.7081  EKtot   =        25.5142  EPtot      =         1.1940
 BOND   =         7.0065  ANGLE   =        22.0474  DIHED      =        24.4472
 1-4 NB =         6.9350  1-4 EEL =       108.8929  VDWAALS    =        -4.0872
 EELEC  =      -144.8398  EGB     =       -21.2086  RESTRAINT  =         0.1313
 ESURF=         1.8695
 EAMBER (non-restraint)  =         1.0627
 ------------------------------------------------------------------------------

 NMR restraints: Bond =    0.000   Angle =     0.000   Torsion =     0.131
===============================================================================
| RE_POSITION Moving by  -2.257613 -1.214595 -7.280394
| RE_POSITION Moving by  -7.672220 -5.195826 -7.544587
| RE_POSITION Moving by  -0.396147 -0.920591  1.475111
| RE_POSITION Moving by   1.138964  4.268305 -9.242004
| RE_POSITION Moving by   0.934287  2.131355 -9.063049

 NSTEP =   450000   TIME(PS) =    1900.000  TEMP(K) =   309.88  PRESS =     0.0
 Etot   =        15.0659  EKtot   =        24.3239  EPtot      =        -9.2580
 BOND   =         6.0593  ANGLE   =        12.6457  DIHED      =        23.6948
 1-4 NB =         4.4902  1-4 EEL =       115.1401  VDWAALS    =        -4.2875
 EELEC  =      -139.4218  EGB     =       -29.8221  RESTRAINT  =         0.3095
 ESURF=         1.9338
 EAMBER (non-restraint)  =        -9.5675
 ------------------------------------------------------------------------------

 NMR restraints: Bond =    0.000   Angle =     0.000   Torsion =     0.310
===============================================================================
| RE_POSITION Moving by   9.857386 -2.106721  2.215496
| RE_POSITION Moving by -11.078417  2.013778 -0.592095
| RE_POSITION Moving by  -0.614746 12.291052  1.882271
| RE_POSITION Moving by   4.271626 -3.139968  0.164484
| RE_POSITION Moving by  -5.921943 -3.194224  1.911563

 NSTEP =   500000   TIME(PS) =    2000.000  TEMP(K) =   268.85  PRESS =     0.0
 Etot   =         9.6895  EKtot   =        21.1031  EPtot      =       -11.4136
 BOND   =         3.8718  ANGLE   =        13.5616  DIHED      =        23.0366
 1-4 NB =         4.7209  1-4 EEL =       113.5519  VDWAALS    =        -3.2628
 EELEC  =      -146.3301  EGB     =       -22.5641  RESTRAINT  =         0.0761
 ESURF=         1.9246
 EAMBER (non-restraint)  =       -11.4897
 ------------------------------------------------------------------------------

 NMR restraints: Bond =    0.000   Angle =     0.000   Torsion =     0.076
===============================================================================

      A V E R A G E S   O V E R  500000 S T E P S


 NSTEP =   500000   TIME(PS) =    2000.000  TEMP(K) =   300.80  PRESS =     0.0
 Etot   =        17.4547  EKtot   =        23.6111  EPtot      =        -6.1563
 BOND   =         5.5112  ANGLE   =        15.8547  DIHED      =        23.6777
 1-4 NB =         4.6215  1-4 EEL =       112.6204  VDWAALS    =        -3.2537
 EELEC  =      -142.5873  EGB     =       -25.0078  RESTRAINT  =         0.4642
 ESURF=         1.9428
 EAMBER (non-restraint)  =        -6.6206
 ------------------------------------------------------------------------------

 NMR restraints: Bond =    0.000   Angle =     0.000   Torsion =     0.076
===============================================================================

      R M S  F L U C T U A T I O N S


 NSTEP =   500000   TIME(PS) =    2000.000  TEMP(K) =    47.95  PRESS =     0.0
 Etot   =         5.6355  EKtot   =         3.7641  EPtot      =         4.1462
 BOND   =         2.0051  ANGLE   =         3.2069  DIHED      =         1.5937
 1-4 NB =         0.9526  1-4 EEL =         2.9771  VDWAALS    =         0.8554
 EELEC  =         3.6082  EGB     =         2.8156  RESTRAINT  =         1.6140
 ESURF=         0.0389
 EAMBER (non-restraint)  =         2.5322
 ------------------------------------------------------------------------------


 NMR restraints on final step:


--------------------------------------------------------------------------------
   5.  TIMINGS
--------------------------------------------------------------------------------

|>>>>>>>>PROFILE of Average TIMES>>>>>>>>> 
|                Calc gb radii             27.45 ( 8.03% of Gen B)
|                Communicate gb radii     213.09 (62.35% of Gen B)
|                Calc gb diag              39.03 (11.42% of Gen B)
|                Calc gb off-diag          25.47 ( 7.45% of Gen B)
|                Surface area energy       36.06 (10.55% of Gen B)
|                Other                      0.66 ( 0.19% of Gen B)
|             Gen Born time            341.77 (100.0% of Nonbo)
|             IPS excludes               0.08 ( 0.02% of Nonbo)
|          Nonbond force            341.85 (29.55% of Force)
|          Bond/Angle/Dihedral       12.20 ( 1.05% of Force)
|          FRC Collect time         580.86 (50.22% of Force)
|          Other                    221.74 (19.17% of Force)
|       Force time              1156.64 (78.27% of Runmd)
|       Shake time                 1.60 ( 0.11% of Runmd)
|       Verlet update time       251.76 (17.04% of Runmd)
|       CRD distribute time       66.65 ( 4.51% of Runmd)
|       Other                      1.16 ( 0.08% of Runmd)
|    Runmd Time              1477.80 (100.0% of Total)
| Total time              1477.85 (100.0% of ALL  )

| Number of list builds   :          0

| Highest rstack allocated:          0
| Highest istack allocated:          0

| Final Performance Info:
| -----------------------------------------------------
| Average timings for all steps:
|     Elapsed(s) =    1477.80 Per Step(ms) =       2.96
|         ns/day =      58.47   seconds/ns =    1477.80
| -----------------------------------------------------

|           Job began  at 19:47:06.221  on 04/27/2013
|           Setup done at 19:47:06.286  on 04/27/2013
|           Run   done at 20:11:44.088  on 04/27/2013
|     wallclock() was called18500023 times
