
          -------------------------------------------------------
          Amber 12 SANDER                              2012
          -------------------------------------------------------

| Run on 04/27/2013 at 19:47:06
  [-O]verwriting output

File Assignments:
|  MDIN: run_9.in                                                              
| MDOUT: run_9.out                                                             
|INPCRD: ../eq1/run.rst                                                        
|  PARM: parm                                                                  
|RESTRT: run_9.rst                                                             
|  REFC: refc                                                                  
| MDVEL: mdvel                                                                 
|  MDEN: mden                                                                  
| MDCRD: run_9.nc                                                              
|MDINFO: mdinfo                                                                
|  MTMD: mtmd                                                                  
|INPDIP: inpdip                                                                
|RSTDIP: rstdip                                                                

|INPTRA: inptraj                                                               
|
 
 Here is the input file:
 
equilibration with restraint                                                   
 &cntrl                                                                        
   ig=474731,                                                                  
   irest=1, ntx=5,                                                             
   igb=8, gbsa=1,                                                              
   cut=9999.0, rgbmax=9998.0,                                                  
   ntc=2, ntf=1, tol=0.000001,                                                 
   ntt=3, gamma_ln=2.0, tempi=0.1,                                             
   ntb=0, nscm=10000,                                                          
   ioutfm=1,                                                                   
   nstlim=500000, dt=0.002,                                                    
   ntpr=50000, ntwx=50000, ntwv=0, ntwr=500000,                                
   nmropt=1,                                                                   
 /                                                                             
 &wt                                                                           
  type='END',                                                                  
 /                                                                             
DISANG=run_9.disang                                                            
                                                                               

--------------------------------------------------------------------------------
   1.  RESOURCE   USE: 
--------------------------------------------------------------------------------

| Flags: MPI                                                                    
| New format PARM file being parsed.
| Version =    1.000 Date = 04/27/13 Time = 01:42:54
 NATOM  =      32 NTYPES =       7 NBONH =      17 MBONA  =      14
 NTHETH =      36 MTHETA =      18 NPHIH =      64 MPHIA  =      45
 NHPARM =       0 NPARM  =       0 NNB   =     152 NRES   =       4
 NBONA  =      14 NTHETA =      18 NPHIA =      45 NUMBND =      11
 NUMANG =      21 NPTRA  =      20 NATYP =       8 NPHB   =       0
 IFBOX  =       0 NMXRS  =      10 IFCAP =       0 NEXTRA =       0
 NCOPY  =       0

 Implicit solvent radii are ArgH and AspGluO modified Bondi2 radii (mbondi3)                                
 Replacing prmtop screening parameters with GBn2 (igb=8) values

|     Memory Use     Allocated
|     Real                2330
|     Hollerith            102
|     Integer            23034
|     Max Pairs              1
|     nblistReal             0
|     nblist Int             0
|       Total              108 kbytes

| Note: 1-4 EEL scale factors are being read from the topology file.

| Note: 1-4 VDW scale factors are being read from the topology file.
| Duplicated    0 dihedrals
| Duplicated    0 dihedrals

--------------------------------------------------------------------------------
   2.  CONTROL  DATA  FOR  THE  RUN
--------------------------------------------------------------------------------

ACE                                                                             

General flags:
     imin    =       0, nmropt  =       1

Nature and format of input:
     ntx     =       5, irest   =       1, ntrx    =       1

Nature and format of output:
     ntxo    =       1, ntpr    =   50000, ntrx    =       1, ntwr    =  500000
     iwrap   =       0, ntwx    =   50000, ntwv    =       0, ntwe    =       0
     ioutfm  =       1, ntwprt  =       0, idecomp =       0, rbornstat=      0

Potential function:
     ntf     =       1, ntb     =       0, igb     =       8, nsnb    =      25
     ipol    =       0, gbsa    =       1, iesp    =       0
     dielc   =   1.00000, cut     =9999.00000, intdiel =   1.00000
     saltcon =   0.00000, offset  =   0.19514, surften =   0.00500
     rdt     =   0.00000, rgbmax  =9998.00000  extdiel =  78.50000
     alpb  =        0
     gbalphaH  =   0.78844, gbbetaH   =   0.79870,  gbgammaH  =    0.43733
     gbalphaC  =   0.73376, gbbetaC   =   0.50638,  gbgammaC  =    0.20584
     gbalphaN  =   0.50336, gbbetaN   =   0.31683,  gbgammaN  =    0.19292
     gbalphaOS =   0.86781, gbbetaOS  =   0.87664,  gbgammaOS =    0.38788
     gbalphaP  =   1.00000, gbbetaP   =   0.80000,  gbgammaP  =    4.85100

Frozen or restrained atoms:
     ibelly  =       0, ntr     =       0

Molecular dynamics:
     nstlim  =    500000, nscm    =     10000, nrespa  =         1
     t       =   0.00000, dt      =   0.00200, vlimit  =  20.00000

Langevin dynamics temperature regulation:
     ig      =  474731
     temp0   = 300.00000, tempi   =   0.10000, gamma_ln=   2.00000

SHAKE:
     ntc     =       2, jfastw  =       0
     tol     =   0.00000

NMR refinement options:
     iscale  =       0, noeskp  =       1, ipnlty  =       1, mxsub   =       1
     scalm   = 100.00000, pencut  =   0.10000, tausw   =   0.10000

| MPI Timing options:
|      profile_mpi =        0
|  INFO: Old style inpcrd file read


--------------------------------------------------------------------------------
   3.  ATOMIC COORDINATES AND VELOCITIES
--------------------------------------------------------------------------------

ACE                                                                             
 begin time read from input coords =  1000.000 ps



           Begin reading energy term weight changes/NMR restraints
 WEIGHT CHANGES:
                         ** No weight changes given **

 RESTRAINTS:
 Requested file redirections:
  DISANG    = run_9.disang
 Restraints will be read from file: run_9.disang
Here are comments from the DISANG input file:

                       Number of restraints read =     2

                  Done reading weight changes/NMR restraints


 Number of triangulated 3-point waters found:        0
|  Atom division among processors:
|         0      16      32
|  Running AMBER/MPI version on    2 nodes


--------------------------------------------------------------------------------
   4.  RESULTS
--------------------------------------------------------------------------------

|  # of SOLUTE  degrees of freedom (RNDFP):      79.
|  # of SOLVENT degrees of freedom (RNDFS):       0.
|  NDFMIN =      79.     NUM_NOSHAKE =      0     CORRECTED RNDFP =      79.
|  TOTAL # of degrees of freedom (RNDF) =      79.
| RE_POSITION Moving by  -2.318670 -0.581195  3.401831
| RE_POSITION Moving by  -1.194147 -2.498968  0.846845
| RE_POSITION Moving by  -4.650272  3.871075  0.575358
| RE_POSITION Moving by  -0.037230 -5.670921  0.330333
| RE_POSITION Moving by   5.992012  7.120095 -0.890791

 NSTEP =    50000   TIME(PS) =    1100.000  TEMP(K) =   391.72  PRESS =     0.0
 Etot   =        20.4807  EKtot   =        30.7480  EPtot      =       -10.2673
 BOND   =         5.2134  ANGLE   =        11.6487  DIHED      =        23.6476
 1-4 NB =         5.1957  1-4 EEL =       114.5826  VDWAALS    =        -2.5262
 EELEC  =      -146.1885  EGB     =       -23.8502  RESTRAINT  =         0.0430
 ESURF=         1.9666
 EAMBER (non-restraint)  =       -10.3103
 ------------------------------------------------------------------------------

 NMR restraints: Bond =    0.000   Angle =     0.000   Torsion =     0.043
===============================================================================
| RE_POSITION Moving by   4.541080  1.557036 -2.708798
| RE_POSITION Moving by   2.083913 -5.558113  2.961412
| RE_POSITION Moving by  -5.635099  5.447419  9.680930
| RE_POSITION Moving by   4.148761  2.115297 -0.334679
| RE_POSITION Moving by   0.268168  6.514931  8.798990

 NSTEP =   100000   TIME(PS) =    1200.000  TEMP(K) =   292.65  PRESS =     0.0
 Etot   =        17.6143  EKtot   =        22.9715  EPtot      =        -5.3572
 BOND   =         4.7349  ANGLE   =        21.4893  DIHED      =        21.6035
 1-4 NB =         4.5950  1-4 EEL =       112.7356  VDWAALS    =        -4.1014
 EELEC  =      -146.5767  EGB     =       -21.9080  RESTRAINT  =         0.1665
 ESURF=         1.9042
 EAMBER (non-restraint)  =        -5.5236
 ------------------------------------------------------------------------------

 NMR restraints: Bond =    0.000   Angle =     0.000   Torsion =     0.166
===============================================================================
| RE_POSITION Moving by   6.622145 -1.153888  2.480844
| RE_POSITION Moving by   6.954439  0.463974  7.146398
| RE_POSITION Moving by  -1.857525 -3.016129  2.265332
| RE_POSITION Moving by   1.502911  0.916202 -7.113533
| RE_POSITION Moving by  -4.152883 -1.751113 16.190834

 NSTEP =   150000   TIME(PS) =    1300.000  TEMP(K) =   289.24  PRESS =     0.0
 Etot   =        11.5955  EKtot   =        22.7033  EPtot      =       -11.1078
 BOND   =         1.4155  ANGLE   =        14.9454  DIHED      =        22.7249
 1-4 NB =         5.1520  1-4 EEL =       117.1547  VDWAALS    =        -4.4992
 EELEC  =      -141.3881  EGB     =       -28.6550  RESTRAINT  =         0.1387
 ESURF=         1.9034
 EAMBER (non-restraint)  =       -11.2465
 ------------------------------------------------------------------------------

 NMR restraints: Bond =    0.000   Angle =     0.000   Torsion =     0.139
===============================================================================
| RE_POSITION Moving by  -0.371196 -0.634904  0.660576
| RE_POSITION Moving by   5.483744 -0.344843  7.673133
| RE_POSITION Moving by  -6.856119  4.479187  0.004416
| RE_POSITION Moving by   5.287445  2.108799 -3.791810
| RE_POSITION Moving by   1.511668  2.326439  8.187761

 NSTEP =   200000   TIME(PS) =    1400.000  TEMP(K) =   439.19  PRESS =     0.0
 Etot   =        32.7155  EKtot   =        34.4735  EPtot      =        -1.7581
 BOND   =         4.4152  ANGLE   =        16.8871  DIHED      =        25.5716
 1-4 NB =         5.7985  1-4 EEL =       113.0989  VDWAALS    =        -1.7353
 EELEC  =      -140.3633  EGB     =       -27.6348  RESTRAINT  =         0.2519
 ESURF=         1.9522
 EAMBER (non-restraint)  =        -2.0100
 ------------------------------------------------------------------------------

 NMR restraints: Bond =    0.000   Angle =     0.000   Torsion =     0.252
===============================================================================
| RE_POSITION Moving by   3.940978 -1.192266 -1.123338
| RE_POSITION Moving by   2.178712 -4.609777 -0.430944
| RE_POSITION Moving by  -6.604713 10.972019  2.835302
| RE_POSITION Moving by   1.488844  7.308782 -0.196317
| RE_POSITION Moving by   4.925006  8.057029 -0.676485

 NSTEP =   250000   TIME(PS) =    1500.000  TEMP(K) =   334.93  PRESS =     0.0
 Etot   =        27.2549  EKtot   =        26.2904  EPtot      =         0.9645
 BOND   =         6.0310  ANGLE   =        24.5486  DIHED      =        22.5447
 1-4 NB =         4.9489  1-4 EEL =       112.9777  VDWAALS    =        -3.6009
 EELEC  =      -138.0570  EGB     =       -30.5069  RESTRAINT  =         0.1224
 ESURF=         1.9560
 EAMBER (non-restraint)  =         0.8421
 ------------------------------------------------------------------------------

 NMR restraints: Bond =    0.000   Angle =     0.000   Torsion =     0.122
===============================================================================
| RE_POSITION Moving by   1.660504  1.129730  1.704571
| RE_POSITION Moving by   1.266014  4.617458 -6.588550
| RE_POSITION Moving by  -0.137560 -1.701679 -5.584724
| RE_POSITION Moving by   1.557422 -8.208005  0.886912
| RE_POSITION Moving by  -1.746365  6.411300 -2.743985

 NSTEP =   300000   TIME(PS) =    1600.000  TEMP(K) =   244.45  PRESS =     0.0
 Etot   =        16.6626  EKtot   =        19.1882  EPtot      =        -2.5256
 BOND   =         5.5145  ANGLE   =        17.0398  DIHED      =        27.0256
 1-4 NB =         4.3146  1-4 EEL =       114.4779  VDWAALS    =        -4.7708
 EELEC  =      -143.1570  EGB     =       -24.8971  RESTRAINT  =         0.0169
 ESURF=         1.9101
 EAMBER (non-restraint)  =        -2.5425
 ------------------------------------------------------------------------------

 NMR restraints: Bond =    0.000   Angle =     0.000   Torsion =     0.017
===============================================================================
| RE_POSITION Moving by  -6.204000  3.493590 -2.450265
| RE_POSITION Moving by  -0.087707 -7.738498 -5.591793
| RE_POSITION Moving by  -0.867629 -2.024266  2.541415
| RE_POSITION Moving by   5.322808  5.444037  4.917648
| RE_POSITION Moving by   1.223478  4.943890 -2.057723

 NSTEP =   350000   TIME(PS) =    1700.000  TEMP(K) =   265.89  PRESS =     0.0
 Etot   =        17.0739  EKtot   =        20.8708  EPtot      =        -3.7969
 BOND   =         4.0599  ANGLE   =        20.4667  DIHED      =        22.7618
 1-4 NB =         5.7199  1-4 EEL =       112.1844  VDWAALS    =        -3.9671
 EELEC  =      -142.9091  EGB     =       -24.1584  RESTRAINT  =         0.0568
 ESURF=         1.9884
 EAMBER (non-restraint)  =        -3.8537
 ------------------------------------------------------------------------------

 NMR restraints: Bond =    0.000   Angle =     0.000   Torsion =     0.057
===============================================================================
| RE_POSITION Moving by   1.766676  2.749086  4.122420
| RE_POSITION Moving by  -6.736537 -3.778948 -0.498130
| RE_POSITION Moving by   6.822506  0.998427 -6.548168
| RE_POSITION Moving by  -7.686259  2.598708  2.325137
| RE_POSITION Moving by   3.910756 -1.269020 -0.937788

 NSTEP =   400000   TIME(PS) =    1800.000  TEMP(K) =   290.69  PRESS =     0.0
 Etot   =        14.2383  EKtot   =        22.8174  EPtot      =        -8.5791
 BOND   =         3.4834  ANGLE   =        15.5275  DIHED      =        22.2881
 1-4 NB =         4.6120  1-4 EEL =       109.7690  VDWAALS    =        -3.7138
 EELEC  =      -140.2985  EGB     =       -22.6954  RESTRAINT  =         0.5605
 ESURF=         1.8880
 EAMBER (non-restraint)  =        -9.1396
 ------------------------------------------------------------------------------

 NMR restraints: Bond =    0.000   Angle =     0.000   Torsion =     0.561
===============================================================================
| RE_POSITION Moving by  -9.477856  0.048150  0.627844
| RE_POSITION Moving by  -1.031374 -2.136683 -0.023432
| RE_POSITION Moving by -10.070465 -2.767791  3.139124
| RE_POSITION Moving by  -3.377129-11.118407  6.870919
| RE_POSITION Moving by   5.938606 -7.054031 -5.923363

 NSTEP =   450000   TIME(PS) =    1900.000  TEMP(K) =   341.56  PRESS =     0.0
 Etot   =        18.7028  EKtot   =        26.8103  EPtot      =        -8.1076
 BOND   =         5.3453  ANGLE   =        13.2319  DIHED      =        24.4695
 1-4 NB =         4.4047  1-4 EEL =       110.0422  VDWAALS    =        -2.0966
 EELEC  =      -139.9363  EGB     =       -26.0395  RESTRAINT  =         0.4576
 ESURF=         2.0136
 EAMBER (non-restraint)  =        -8.5652
 ------------------------------------------------------------------------------

 NMR restraints: Bond =    0.000   Angle =     0.000   Torsion =     0.458
===============================================================================
| RE_POSITION Moving by  -0.138609-11.298207 -9.403672
| RE_POSITION Moving by  -4.986456 -2.243823  5.630926
| RE_POSITION Moving by  -1.355072 11.894689  9.509904
| RE_POSITION Moving by   1.077524 -1.681527  5.109588
| RE_POSITION Moving by  -2.215387 -3.063640  0.168348

 NSTEP =   500000   TIME(PS) =    2000.000  TEMP(K) =   293.45  PRESS =     0.0
 Etot   =        16.7916  EKtot   =        23.0345  EPtot      =        -6.2429
 BOND   =         6.4958  ANGLE   =        17.3178  DIHED      =        25.8854
 1-4 NB =         3.4205  1-4 EEL =       108.2771  VDWAALS    =        -4.6833
 EELEC  =      -142.8247  EGB     =       -22.2263  RESTRAINT  =         0.1922
 ESURF=         1.9025
 EAMBER (non-restraint)  =        -6.4351
 ------------------------------------------------------------------------------

 NMR restraints: Bond =    0.000   Angle =     0.000   Torsion =     0.192
===============================================================================

      A V E R A G E S   O V E R  500000 S T E P S


 NSTEP =   500000   TIME(PS) =    2000.000  TEMP(K) =   298.98  PRESS =     0.0
 Etot   =        17.3512  EKtot   =        23.4684  EPtot      =        -6.1173
 BOND   =         5.4903  ANGLE   =        15.7663  DIHED      =        23.9842
 1-4 NB =         4.6940  1-4 EEL =       112.1619  VDWAALS    =        -3.3059
 EELEC  =      -143.1241  EGB     =       -24.1992  RESTRAINT  =         0.4763
 ESURF=         1.9388
 EAMBER (non-restraint)  =        -6.5936
 ------------------------------------------------------------------------------

 NMR restraints: Bond =    0.000   Angle =     0.000   Torsion =     0.192
===============================================================================

      R M S  F L U C T U A T I O N S


 NSTEP =   500000   TIME(PS) =    2000.000  TEMP(K) =    47.56  PRESS =     0.0
 Etot   =         5.4623  EKtot   =         3.7329  EPtot      =         4.0073
 BOND   =         2.0130  ANGLE   =         3.1560  DIHED      =         1.6153
 1-4 NB =         0.9697  1-4 EEL =         2.9846  VDWAALS    =         0.8678
 EELEC  =         3.5757  EGB     =         2.6427  RESTRAINT  =         1.5547
 ESURF=         0.0393
 EAMBER (non-restraint)  =         2.4526
 ------------------------------------------------------------------------------


 NMR restraints on final step:


--------------------------------------------------------------------------------
   5.  TIMINGS
--------------------------------------------------------------------------------

|>>>>>>>>PROFILE of Average TIMES>>>>>>>>> 
|                Calc gb radii             27.74 ( 8.13% of Gen B)
|                Communicate gb radii     212.03 (62.15% of Gen B)
|                Calc gb diag              39.16 (11.48% of Gen B)
|                Calc gb off-diag          25.18 ( 7.38% of Gen B)
|                Surface area energy       36.37 (10.66% of Gen B)
|                Other                      0.67 ( 0.20% of Gen B)
|             Gen Born time            341.15 (100.0% of Nonbo)
|             IPS excludes               0.08 ( 0.02% of Nonbo)
|          Nonbond force            341.22 (29.41% of Force)
|          Bond/Angle/Dihedral       12.33 ( 1.06% of Force)
|          FRC Collect time         582.36 (50.20% of Force)
|          Other                    224.25 (19.33% of Force)
|       Force time              1160.17 (78.30% of Runmd)
|       Shake time                 1.65 ( 0.11% of Runmd)
|       Verlet update time       252.20 (17.02% of Runmd)
|       CRD distribute time       66.65 ( 4.50% of Runmd)
|       Other                      1.11 ( 0.07% of Runmd)
|    Runmd Time              1481.78 (100.0% of Total)
| Total time              1481.85 (100.0% of ALL  )

| Number of list builds   :          0

| Highest rstack allocated:          0
| Highest istack allocated:          0

| Final Performance Info:
| -----------------------------------------------------
| Average timings for all steps:
|     Elapsed(s) =    1481.78 Per Step(ms) =       2.96
|         ns/day =      58.31   seconds/ns =    1481.78
| -----------------------------------------------------

|           Job began  at 19:47:06.244  on 04/27/2013
|           Setup done at 19:47:06.357  on 04/27/2013
|           Run   done at 20:11:48.139  on 04/27/2013
|     wallclock() was called18500023 times
