
          -------------------------------------------------------
          Amber 12 SANDER                              2012
          -------------------------------------------------------

| Run on 04/27/2013 at 19:47:06
  [-O]verwriting output

File Assignments:
|  MDIN: run_165.in                                                            
| MDOUT: run_165.out                                                           
|INPCRD: ../eq1/run.rst                                                        
|  PARM: parm                                                                  
|RESTRT: run_165.rst                                                           
|  REFC: refc                                                                  
| MDVEL: mdvel                                                                 
|  MDEN: mden                                                                  
| MDCRD: run_165.nc                                                            
|MDINFO: mdinfo                                                                
|  MTMD: mtmd                                                                  
|INPDIP: inpdip                                                                
|RSTDIP: rstdip                                                                

|INPTRA: inptraj                                                               
|
 
 Here is the input file:
 
equilibration with restraint                                                   
 &cntrl                                                                        
   ig=358450,                                                                  
   irest=1, ntx=5,                                                             
   igb=8, gbsa=1,                                                              
   cut=9999.0, rgbmax=9998.0,                                                  
   ntc=2, ntf=1, tol=0.000001,                                                 
   ntt=3, gamma_ln=2.0, tempi=0.1,                                             
   ntb=0, nscm=10000,                                                          
   ioutfm=1,                                                                   
   nstlim=500000, dt=0.002,                                                    
   ntpr=50000, ntwx=50000, ntwv=0, ntwr=500000,                                
   nmropt=1,                                                                   
 /                                                                             
 &wt                                                                           
  type='END',                                                                  
 /                                                                             
DISANG=run_165.disang                                                          
                                                                               

--------------------------------------------------------------------------------
   1.  RESOURCE   USE: 
--------------------------------------------------------------------------------

| Flags: MPI                                                                    
| New format PARM file being parsed.
| Version =    1.000 Date = 04/27/13 Time = 01:42:54
 NATOM  =      32 NTYPES =       7 NBONH =      17 MBONA  =      14
 NTHETH =      36 MTHETA =      18 NPHIH =      64 MPHIA  =      45
 NHPARM =       0 NPARM  =       0 NNB   =     152 NRES   =       4
 NBONA  =      14 NTHETA =      18 NPHIA =      45 NUMBND =      11
 NUMANG =      21 NPTRA  =      20 NATYP =       8 NPHB   =       0
 IFBOX  =       0 NMXRS  =      10 IFCAP =       0 NEXTRA =       0
 NCOPY  =       0

 Implicit solvent radii are ArgH and AspGluO modified Bondi2 radii (mbondi3)                                
 Replacing prmtop screening parameters with GBn2 (igb=8) values

|     Memory Use     Allocated
|     Real                2330
|     Hollerith            102
|     Integer            23034
|     Max Pairs              1
|     nblistReal             0
|     nblist Int             0
|       Total              108 kbytes

| Note: 1-4 EEL scale factors are being read from the topology file.

| Note: 1-4 VDW scale factors are being read from the topology file.
| Duplicated    0 dihedrals
| Duplicated    0 dihedrals

--------------------------------------------------------------------------------
   2.  CONTROL  DATA  FOR  THE  RUN
--------------------------------------------------------------------------------

ACE                                                                             

General flags:
     imin    =       0, nmropt  =       1

Nature and format of input:
     ntx     =       5, irest   =       1, ntrx    =       1

Nature and format of output:
     ntxo    =       1, ntpr    =   50000, ntrx    =       1, ntwr    =  500000
     iwrap   =       0, ntwx    =   50000, ntwv    =       0, ntwe    =       0
     ioutfm  =       1, ntwprt  =       0, idecomp =       0, rbornstat=      0

Potential function:
     ntf     =       1, ntb     =       0, igb     =       8, nsnb    =      25
     ipol    =       0, gbsa    =       1, iesp    =       0
     dielc   =   1.00000, cut     =9999.00000, intdiel =   1.00000
     saltcon =   0.00000, offset  =   0.19514, surften =   0.00500
     rdt     =   0.00000, rgbmax  =9998.00000  extdiel =  78.50000
     alpb  =        0
     gbalphaH  =   0.78844, gbbetaH   =   0.79870,  gbgammaH  =    0.43733
     gbalphaC  =   0.73376, gbbetaC   =   0.50638,  gbgammaC  =    0.20584
     gbalphaN  =   0.50336, gbbetaN   =   0.31683,  gbgammaN  =    0.19292
     gbalphaOS =   0.86781, gbbetaOS  =   0.87664,  gbgammaOS =    0.38788
     gbalphaP  =   1.00000, gbbetaP   =   0.80000,  gbgammaP  =    4.85100

Frozen or restrained atoms:
     ibelly  =       0, ntr     =       0

Molecular dynamics:
     nstlim  =    500000, nscm    =     10000, nrespa  =         1
     t       =   0.00000, dt      =   0.00200, vlimit  =  20.00000

Langevin dynamics temperature regulation:
     ig      =  358450
     temp0   = 300.00000, tempi   =   0.10000, gamma_ln=   2.00000

SHAKE:
     ntc     =       2, jfastw  =       0
     tol     =   0.00000

NMR refinement options:
     iscale  =       0, noeskp  =       1, ipnlty  =       1, mxsub   =       1
     scalm   = 100.00000, pencut  =   0.10000, tausw   =   0.10000

| MPI Timing options:
|      profile_mpi =        0
|  INFO: Old style inpcrd file read


--------------------------------------------------------------------------------
   3.  ATOMIC COORDINATES AND VELOCITIES
--------------------------------------------------------------------------------

ACE                                                                             
 begin time read from input coords =  1000.000 ps



           Begin reading energy term weight changes/NMR restraints
 WEIGHT CHANGES:
                         ** No weight changes given **

 RESTRAINTS:
 Requested file redirections:
  DISANG    = run_165.disang
 Restraints will be read from file: run_165.disang
Here are comments from the DISANG input file:

                       Number of restraints read =     2

                  Done reading weight changes/NMR restraints


 Number of triangulated 3-point waters found:        0
|  Atom division among processors:
|         0      16      32
|  Running AMBER/MPI version on    2 nodes


--------------------------------------------------------------------------------
   4.  RESULTS
--------------------------------------------------------------------------------

|  # of SOLUTE  degrees of freedom (RNDFP):      79.
|  # of SOLVENT degrees of freedom (RNDFS):       0.
|  NDFMIN =      79.     NUM_NOSHAKE =      0     CORRECTED RNDFP =      79.
|  TOTAL # of degrees of freedom (RNDF) =      79.
| RE_POSITION Moving by   0.301377 -2.213193  7.985283
| RE_POSITION Moving by   0.370691  1.531530  4.797886
| RE_POSITION Moving by  -6.836727  8.225650 -6.165591
| RE_POSITION Moving by   6.999974  1.053147 -4.357941
| RE_POSITION Moving by   3.946244 -1.502799 -0.367762

 NSTEP =    50000   TIME(PS) =    1100.000  TEMP(K) =   308.92  PRESS =     0.0
 Etot   =        11.1933  EKtot   =        24.2487  EPtot      =       -13.0554
 BOND   =         6.6529  ANGLE   =        12.1308  DIHED      =        20.0097
 1-4 NB =         4.5589  1-4 EEL =       117.5041  VDWAALS    =        -3.7332
 EELEC  =      -148.7474  EGB     =       -23.6447  RESTRAINT  =         0.2681
 ESURF=         1.9452
 EAMBER (non-restraint)  =       -13.3235
 ------------------------------------------------------------------------------

 NMR restraints: Bond =    0.000   Angle =     0.000   Torsion =     0.268
===============================================================================
| RE_POSITION Moving by  -0.159910 -1.316882  7.302972
| RE_POSITION Moving by  -1.895920  0.577225  6.384723
| RE_POSITION Moving by  -0.908041  0.401952 -5.360692
| RE_POSITION Moving by  -5.495738  8.295107  2.483126
| RE_POSITION Moving by   0.304182 11.398467  6.516744

 NSTEP =   100000   TIME(PS) =    1200.000  TEMP(K) =   401.97  PRESS =     0.0
 Etot   =        21.6647  EKtot   =        31.5519  EPtot      =        -9.8872
 BOND   =         4.4123  ANGLE   =        14.5372  DIHED      =        20.8982
 1-4 NB =         5.8813  1-4 EEL =       114.7935  VDWAALS    =        -3.0044
 EELEC  =      -141.3859  EGB     =       -29.0904  RESTRAINT  =         1.1227
 ESURF=         1.9484
 EAMBER (non-restraint)  =       -11.0099
 ------------------------------------------------------------------------------

 NMR restraints: Bond =    0.000   Angle =     0.000   Torsion =     1.123
===============================================================================
| RE_POSITION Moving by   8.729209 -3.962236 -9.246644
| RE_POSITION Moving by  -0.519951 -7.083114 -3.864293
| RE_POSITION Moving by  -2.106615  3.978968  5.034683
| RE_POSITION Moving by   5.943278  2.155290 -0.003969
| RE_POSITION Moving by  -2.637171 -7.474021  0.184646

 NSTEP =   150000   TIME(PS) =    1300.000  TEMP(K) =   279.94  PRESS =     0.0
 Etot   =        14.9159  EKtot   =        21.9739  EPtot      =        -7.0580
 BOND   =         3.6700  ANGLE   =        20.4570  DIHED      =        20.7470
 1-4 NB =         3.6885  1-4 EEL =       120.0402  VDWAALS    =        -3.9384
 EELEC  =      -148.9824  EGB     =       -24.7225  RESTRAINT  =         0.0017
 ESURF=         1.9808
 EAMBER (non-restraint)  =        -7.0597
 ------------------------------------------------------------------------------

 NMR restraints: Bond =    0.000   Angle =     0.000   Torsion =     0.002
===============================================================================
| RE_POSITION Moving by  -0.158550  2.793834  8.792746
| RE_POSITION Moving by  -0.615388  0.044163  1.744635
| RE_POSITION Moving by  -5.675699  3.341683  2.164359
| RE_POSITION Moving by   7.566487  2.478647  0.860176
| RE_POSITION Moving by   0.247066 -0.082190 -7.550534

 NSTEP =   200000   TIME(PS) =    1400.000  TEMP(K) =   281.89  PRESS =     0.0
 Etot   =        13.1835  EKtot   =        22.1263  EPtot      =        -8.9429
 BOND   =         7.5054  ANGLE   =        15.7281  DIHED      =        22.1277
 1-4 NB =         4.8485  1-4 EEL =       114.3729  VDWAALS    =        -3.3164
 EELEC  =      -148.7130  EGB     =       -23.7227  RESTRAINT  =         0.3453
 ESURF=         1.8813
 EAMBER (non-restraint)  =        -9.2882
 ------------------------------------------------------------------------------

 NMR restraints: Bond =    0.000   Angle =     0.000   Torsion =     0.345
===============================================================================
| RE_POSITION Moving by   1.956788 -4.144126 -4.855771
| RE_POSITION Moving by  -5.509896 -7.844916 -0.278315
| RE_POSITION Moving by   0.562482  3.475052  3.322900
| RE_POSITION Moving by  -3.557214 -4.167203  3.050440
| RE_POSITION Moving by   0.569151  0.360683 -7.027253

 NSTEP =   250000   TIME(PS) =    1500.000  TEMP(K) =   356.01  PRESS =     0.0
 Etot   =        16.0586  EKtot   =        27.9449  EPtot      =       -11.8863
 BOND   =         3.9203  ANGLE   =        16.1644  DIHED      =        18.5323
 1-4 NB =         6.7599  1-4 EEL =       115.6835  VDWAALS    =        -3.4908
 EELEC  =      -149.8388  EGB     =       -21.8602  RESTRAINT  =         0.3491
 ESURF=         1.8940
 EAMBER (non-restraint)  =       -12.2355
 ------------------------------------------------------------------------------

 NMR restraints: Bond =    0.000   Angle =     0.000   Torsion =     0.349
===============================================================================
| RE_POSITION Moving by  -2.309919  5.519205 -3.274702
| RE_POSITION Moving by  -0.818038  0.326030 -2.793764
| RE_POSITION Moving by  -4.820904 -1.827379 -1.623114
| RE_POSITION Moving by  -1.274209  0.438001  0.026021
| RE_POSITION Moving by  -7.615403 -3.246928 -2.574775

 NSTEP =   300000   TIME(PS) =    1600.000  TEMP(K) =   301.59  PRESS =     0.0
 Etot   =        14.5111  EKtot   =        23.6733  EPtot      =        -9.1622
 BOND   =         5.2972  ANGLE   =        14.9744  DIHED      =        20.6933
 1-4 NB =         5.3417  1-4 EEL =       118.0994  VDWAALS    =        -3.5553
 EELEC  =      -146.6211  EGB     =       -25.4003  RESTRAINT  =         0.0137
 ESURF=         1.9949
 EAMBER (non-restraint)  =        -9.1759
 ------------------------------------------------------------------------------

 NMR restraints: Bond =    0.000   Angle =     0.000   Torsion =     0.014
===============================================================================
| RE_POSITION Moving by   3.916184 13.491133 -8.432231
| RE_POSITION Moving by   0.333871 -5.979974 -5.014589
| RE_POSITION Moving by   1.949653 -1.383259  1.137212
| RE_POSITION Moving by  -8.564740 -6.027937  0.954391
| RE_POSITION Moving by   1.687767  1.483584 -3.867226

 NSTEP =   350000   TIME(PS) =    1700.000  TEMP(K) =   287.61  PRESS =     0.0
 Etot   =         4.7378  EKtot   =        22.5753  EPtot      =       -17.8375
 BOND   =         3.3224  ANGLE   =        10.5667  DIHED      =        19.9663
 1-4 NB =         4.6399  1-4 EEL =       122.3725  VDWAALS    =        -3.6685
 EELEC  =      -153.1705  EGB     =       -23.8762  RESTRAINT  =         0.0547
 ESURF=         1.9554
 EAMBER (non-restraint)  =       -17.8921
 ------------------------------------------------------------------------------

 NMR restraints: Bond =    0.000   Angle =     0.000   Torsion =     0.055
===============================================================================
| RE_POSITION Moving by   3.437219  5.463903 -4.136683
| RE_POSITION Moving by   3.168267 -1.993472 -7.749716
| RE_POSITION Moving by   1.921744 -2.905821 -6.749581
| RE_POSITION Moving by   1.360105  2.547653 -2.716571
| RE_POSITION Moving by   1.126123 -0.812418 -2.070470

 NSTEP =   400000   TIME(PS) =    1800.000  TEMP(K) =   396.34  PRESS =     0.0
 Etot   =        15.5103  EKtot   =        31.1103  EPtot      =       -15.6000
 BOND   =         4.6203  ANGLE   =        12.9691  DIHED      =        18.2230
 1-4 NB =         6.0221  1-4 EEL =       116.4022  VDWAALS    =        -2.7814
 EELEC  =      -147.7450  EGB     =       -25.3228  RESTRAINT  =         0.0288
 ESURF=         1.9836
 EAMBER (non-restraint)  =       -15.6288
 ------------------------------------------------------------------------------

 NMR restraints: Bond =    0.000   Angle =     0.000   Torsion =     0.029
===============================================================================
| RE_POSITION Moving by  -0.568233  4.723929 -2.794646
| RE_POSITION Moving by   2.326737  4.602905 -0.548395
| RE_POSITION Moving by   3.036200  1.148067 -6.714623
| RE_POSITION Moving by  -0.298887  4.232053 -9.255306
| RE_POSITION Moving by  -2.181470  1.709152  1.213287

 NSTEP =   450000   TIME(PS) =    1900.000  TEMP(K) =   329.91  PRESS =     0.0
 Etot   =        13.3007  EKtot   =        25.8960  EPtot      =       -12.5953
 BOND   =         5.1078  ANGLE   =        12.3062  DIHED      =        20.1120
 1-4 NB =         4.6322  1-4 EEL =       116.8867  VDWAALS    =        -3.4156
 EELEC  =      -147.0619  EGB     =       -24.3688  RESTRAINT  =         1.1953
 ESURF=         2.0109
 EAMBER (non-restraint)  =       -13.7906
 ------------------------------------------------------------------------------

 NMR restraints: Bond =    0.000   Angle =     0.000   Torsion =     1.195
===============================================================================
| RE_POSITION Moving by  -4.919714 -0.268612 -5.936572
| RE_POSITION Moving by  -6.542017  4.836842 -1.284517
| RE_POSITION Moving by   7.353069 -2.413472  4.420696
| RE_POSITION Moving by  -2.987818-10.632765 -3.799247
| RE_POSITION Moving by   2.004434  5.205034  4.239911

 NSTEP =   500000   TIME(PS) =    2000.000  TEMP(K) =   322.58  PRESS =     0.0
 Etot   =        14.8880  EKtot   =        25.3210  EPtot      =       -10.4330
 BOND   =         4.3335  ANGLE   =        17.2732  DIHED      =        20.7748
 1-4 NB =         4.0849  1-4 EEL =       119.3863  VDWAALS    =        -4.7400
 EELEC  =      -147.9512  EGB     =       -25.5547  RESTRAINT  =         0.0348
 ESURF=         1.9256
 EAMBER (non-restraint)  =       -10.4678
 ------------------------------------------------------------------------------

 NMR restraints: Bond =    0.000   Angle =     0.000   Torsion =     0.035
===============================================================================

      A V E R A G E S   O V E R  500000 S T E P S


 NSTEP =   500000   TIME(PS) =    2000.000  TEMP(K) =   299.00  PRESS =     0.0
 Etot   =        11.8366  EKtot   =        23.4696  EPtot      =       -11.6330
 BOND   =         5.3279  ANGLE   =        14.0155  DIHED      =        20.1074
 1-4 NB =         5.1738  1-4 EEL =       117.8695  VDWAALS    =        -3.2789
 EELEC  =      -148.6322  EGB     =       -24.5027  RESTRAINT  =         0.3179
 ESURF=         1.9690
 EAMBER (non-restraint)  =       -11.9509
 ------------------------------------------------------------------------------

 NMR restraints: Bond =    0.000   Angle =     0.000   Torsion =     0.035
===============================================================================

      R M S  F L U C T U A T I O N S


 NSTEP =   500000   TIME(PS) =    2000.000  TEMP(K) =    48.36  PRESS =     0.0
 Etot   =         5.4608  EKtot   =         3.7959  EPtot      =         3.8236
 BOND   =         1.9634  ANGLE   =         3.0398  DIHED      =         1.5607
 1-4 NB =         0.9945  1-4 EEL =         3.1492  VDWAALS    =         0.6728
 EELEC  =         3.4376  EGB     =         1.9228  RESTRAINT  =         0.4460
 ESURF=         0.0401
 EAMBER (non-restraint)  =         3.3776
 ------------------------------------------------------------------------------


 NMR restraints on final step:


--------------------------------------------------------------------------------
   5.  TIMINGS
--------------------------------------------------------------------------------

|>>>>>>>>PROFILE of Average TIMES>>>>>>>>> 
|                Calc gb radii             27.36 ( 8.21% of Gen B)
|                Communicate gb radii     209.44 (62.83% of Gen B)
|                Calc gb diag              39.08 (11.72% of Gen B)
|                Calc gb off-diag          25.14 ( 7.54% of Gen B)
|                Surface area energy       31.67 ( 9.50% of Gen B)
|                Other                      0.66 ( 0.20% of Gen B)
|             Gen Born time            333.35 (100.0% of Nonbo)
|             IPS excludes               0.08 ( 0.02% of Nonbo)
|          Nonbond force            333.43 (29.48% of Force)
|          Bond/Angle/Dihedral       12.28 ( 1.09% of Force)
|          FRC Collect time         565.35 (49.98% of Force)
|          Other                    220.00 (19.45% of Force)
|       Force time              1131.06 (78.25% of Runmd)
|       Shake time                 1.69 ( 0.12% of Runmd)
|       Verlet update time       245.24 (16.97% of Runmd)
|       CRD distribute time       66.27 ( 4.58% of Runmd)
|       Other                      1.10 ( 0.08% of Runmd)
|    Runmd Time              1445.36 (100.0% of Total)
| Total time              1445.41 (100.0% of ALL  )

| Number of list builds   :          0

| Highest rstack allocated:          0
| Highest istack allocated:          0

| Final Performance Info:
| -----------------------------------------------------
| Average timings for all steps:
|     Elapsed(s) =    1445.36 Per Step(ms) =       2.89
|         ns/day =      59.78   seconds/ns =    1445.36
| -----------------------------------------------------

|           Job began  at 19:47:06.210  on 04/27/2013
|           Setup done at 19:47:06.268  on 04/27/2013
|           Run   done at 20:11:11.626  on 04/27/2013
|     wallclock() was called18500023 times
