
          -------------------------------------------------------
          Amber 12 SANDER                              2012
          -------------------------------------------------------

| Run on 04/27/2013 at 19:47:06
  [-O]verwriting output

File Assignments:
|  MDIN: run_69.in                                                             
| MDOUT: run_69.out                                                            
|INPCRD: ../eq1/run.rst                                                        
|  PARM: parm                                                                  
|RESTRT: run_69.rst                                                            
|  REFC: refc                                                                  
| MDVEL: mdvel                                                                 
|  MDEN: mden                                                                  
| MDCRD: run_69.nc                                                             
|MDINFO: mdinfo                                                                
|  MTMD: mtmd                                                                  
|INPDIP: inpdip                                                                
|RSTDIP: rstdip                                                                

|INPTRA: inptraj                                                               
|
 
 Here is the input file:
 
equilibration with restraint                                                   
 &cntrl                                                                        
   ig=234344,                                                                  
   irest=1, ntx=5,                                                             
   igb=8, gbsa=1,                                                              
   cut=9999.0, rgbmax=9998.0,                                                  
   ntc=2, ntf=1, tol=0.000001,                                                 
   ntt=3, gamma_ln=2.0, tempi=0.1,                                             
   ntb=0, nscm=10000,                                                          
   ioutfm=1,                                                                   
   nstlim=500000, dt=0.002,                                                    
   ntpr=50000, ntwx=50000, ntwv=0, ntwr=500000,                                
   nmropt=1,                                                                   
 /                                                                             
 &wt                                                                           
  type='END',                                                                  
 /                                                                             
DISANG=run_69.disang                                                           
                                                                               

--------------------------------------------------------------------------------
   1.  RESOURCE   USE: 
--------------------------------------------------------------------------------

| Flags: MPI                                                                    
| New format PARM file being parsed.
| Version =    1.000 Date = 04/27/13 Time = 01:42:54
 NATOM  =      32 NTYPES =       7 NBONH =      17 MBONA  =      14
 NTHETH =      36 MTHETA =      18 NPHIH =      64 MPHIA  =      45
 NHPARM =       0 NPARM  =       0 NNB   =     152 NRES   =       4
 NBONA  =      14 NTHETA =      18 NPHIA =      45 NUMBND =      11
 NUMANG =      21 NPTRA  =      20 NATYP =       8 NPHB   =       0
 IFBOX  =       0 NMXRS  =      10 IFCAP =       0 NEXTRA =       0
 NCOPY  =       0

 Implicit solvent radii are ArgH and AspGluO modified Bondi2 radii (mbondi3)                                
 Replacing prmtop screening parameters with GBn2 (igb=8) values

|     Memory Use     Allocated
|     Real                2330
|     Hollerith            102
|     Integer            23034
|     Max Pairs              1
|     nblistReal             0
|     nblist Int             0
|       Total              108 kbytes

| Note: 1-4 EEL scale factors are being read from the topology file.

| Note: 1-4 VDW scale factors are being read from the topology file.
| Duplicated    0 dihedrals
| Duplicated    0 dihedrals

--------------------------------------------------------------------------------
   2.  CONTROL  DATA  FOR  THE  RUN
--------------------------------------------------------------------------------

ACE                                                                             

General flags:
     imin    =       0, nmropt  =       1

Nature and format of input:
     ntx     =       5, irest   =       1, ntrx    =       1

Nature and format of output:
     ntxo    =       1, ntpr    =   50000, ntrx    =       1, ntwr    =  500000
     iwrap   =       0, ntwx    =   50000, ntwv    =       0, ntwe    =       0
     ioutfm  =       1, ntwprt  =       0, idecomp =       0, rbornstat=      0

Potential function:
     ntf     =       1, ntb     =       0, igb     =       8, nsnb    =      25
     ipol    =       0, gbsa    =       1, iesp    =       0
     dielc   =   1.00000, cut     =9999.00000, intdiel =   1.00000
     saltcon =   0.00000, offset  =   0.19514, surften =   0.00500
     rdt     =   0.00000, rgbmax  =9998.00000  extdiel =  78.50000
     alpb  =        0
     gbalphaH  =   0.78844, gbbetaH   =   0.79870,  gbgammaH  =    0.43733
     gbalphaC  =   0.73376, gbbetaC   =   0.50638,  gbgammaC  =    0.20584
     gbalphaN  =   0.50336, gbbetaN   =   0.31683,  gbgammaN  =    0.19292
     gbalphaOS =   0.86781, gbbetaOS  =   0.87664,  gbgammaOS =    0.38788
     gbalphaP  =   1.00000, gbbetaP   =   0.80000,  gbgammaP  =    4.85100

Frozen or restrained atoms:
     ibelly  =       0, ntr     =       0

Molecular dynamics:
     nstlim  =    500000, nscm    =     10000, nrespa  =         1
     t       =   0.00000, dt      =   0.00200, vlimit  =  20.00000

Langevin dynamics temperature regulation:
     ig      =  234344
     temp0   = 300.00000, tempi   =   0.10000, gamma_ln=   2.00000

SHAKE:
     ntc     =       2, jfastw  =       0
     tol     =   0.00000

NMR refinement options:
     iscale  =       0, noeskp  =       1, ipnlty  =       1, mxsub   =       1
     scalm   = 100.00000, pencut  =   0.10000, tausw   =   0.10000

| MPI Timing options:
|      profile_mpi =        0
|  INFO: Old style inpcrd file read


--------------------------------------------------------------------------------
   3.  ATOMIC COORDINATES AND VELOCITIES
--------------------------------------------------------------------------------

ACE                                                                             
 begin time read from input coords =  1000.000 ps



           Begin reading energy term weight changes/NMR restraints
 WEIGHT CHANGES:
                         ** No weight changes given **

 RESTRAINTS:
 Requested file redirections:
  DISANG    = run_69.disang
 Restraints will be read from file: run_69.disang
Here are comments from the DISANG input file:

                       Number of restraints read =     2

                  Done reading weight changes/NMR restraints


 Number of triangulated 3-point waters found:        0
|  Atom division among processors:
|         0      16      32
|  Running AMBER/MPI version on    2 nodes


--------------------------------------------------------------------------------
   4.  RESULTS
--------------------------------------------------------------------------------

|  # of SOLUTE  degrees of freedom (RNDFP):      79.
|  # of SOLVENT degrees of freedom (RNDFS):       0.
|  NDFMIN =      79.     NUM_NOSHAKE =      0     CORRECTED RNDFP =      79.
|  TOTAL # of degrees of freedom (RNDF) =      79.
| RE_POSITION Moving by   1.170633 12.434817  5.610694
| RE_POSITION Moving by  -0.109742 -0.070938 -2.702212
| RE_POSITION Moving by   9.581099 -3.389487  2.528300
| RE_POSITION Moving by   1.357924  3.767944  9.720979
| RE_POSITION Moving by   4.597782  4.521623 -3.343825

 NSTEP =    50000   TIME(PS) =    1100.000  TEMP(K) =   295.40  PRESS =     0.0
 Etot   =        19.6393  EKtot   =        23.1870  EPtot      =        -3.5477
 BOND   =         3.7359  ANGLE   =        12.6531  DIHED      =        34.6103
 1-4 NB =         3.5510  1-4 EEL =       106.2613  VDWAALS    =        -4.4482
 EELEC  =      -140.2744  EGB     =       -23.0229  RESTRAINT  =         1.4532
 ESURF=         1.9328
 EAMBER (non-restraint)  =        -5.0009
 ------------------------------------------------------------------------------

 NMR restraints: Bond =    0.000   Angle =     0.000   Torsion =     1.453
===============================================================================
| RE_POSITION Moving by   6.120541 -2.377936 -0.533580
| RE_POSITION Moving by  -5.031025 -2.648223  0.264089
| RE_POSITION Moving by  -0.177824 -4.531392 -4.146379
| RE_POSITION Moving by  -5.038655 -6.719262 -1.929887
| RE_POSITION Moving by   5.426585  2.611283  1.704863

 NSTEP =   100000   TIME(PS) =    1200.000  TEMP(K) =   300.54  PRESS =     0.0
 Etot   =        25.0663  EKtot   =        23.5910  EPtot      =         1.4753
 BOND   =         6.7582  ANGLE   =        13.6402  DIHED      =        35.2391
 1-4 NB =         5.6697  1-4 EEL =       107.8842  VDWAALS    =        -3.8527
 EELEC  =      -144.4454  EGB     =       -21.3750  RESTRAINT  =         0.0195
 ESURF=         1.9374
 EAMBER (non-restraint)  =         1.4558
 ------------------------------------------------------------------------------

 NMR restraints: Bond =    0.000   Angle =     0.000   Torsion =     0.020
===============================================================================
| RE_POSITION Moving by   3.178661 -3.408596  6.245542
| RE_POSITION Moving by   1.955313 -2.853919  5.647204
| RE_POSITION Moving by  -2.863119  3.244421  6.225731
| RE_POSITION Moving by   2.432274 -6.053497  0.038748
| RE_POSITION Moving by  -0.822166 -0.615700 -5.501841

 NSTEP =   150000   TIME(PS) =    1300.000  TEMP(K) =   267.90  PRESS =     0.0
 Etot   =        21.9316  EKtot   =        21.0283  EPtot      =         0.9032
 BOND   =         3.2293  ANGLE   =        16.1513  DIHED      =        33.8212
 1-4 NB =         3.4507  1-4 EEL =       105.7656  VDWAALS    =        -3.0082
 EELEC  =      -135.0969  EGB     =       -26.0134  RESTRAINT  =         0.5980
 ESURF=         2.0056
 EAMBER (non-restraint)  =         0.3053
 ------------------------------------------------------------------------------

 NMR restraints: Bond =    0.000   Angle =     0.000   Torsion =     0.598
===============================================================================
| RE_POSITION Moving by  -2.282102  0.280790 -0.923016
| RE_POSITION Moving by   5.938825  5.128352  2.631213
| RE_POSITION Moving by  -4.849633 -0.112676  4.005312
| RE_POSITION Moving by   9.121051  1.779440 -6.900002
| RE_POSITION Moving by   8.067045 -6.998388  6.623073

 NSTEP =   200000   TIME(PS) =    1400.000  TEMP(K) =   263.52  PRESS =     0.0
 Etot   =        25.8548  EKtot   =        20.6850  EPtot      =         5.1698
 BOND   =         3.1980  ANGLE   =        18.9141  DIHED      =        34.7945
 1-4 NB =         5.6602  1-4 EEL =       110.1466  VDWAALS    =        -3.2998
 EELEC  =      -140.2370  EGB     =       -25.9894  RESTRAINT  =         0.0057
 ESURF=         1.9770
 EAMBER (non-restraint)  =         5.1642
 ------------------------------------------------------------------------------

 NMR restraints: Bond =    0.000   Angle =     0.000   Torsion =     0.006
===============================================================================
| RE_POSITION Moving by  10.195919  6.152570  2.337865
| RE_POSITION Moving by  -4.728554 -1.877757  5.706874
| RE_POSITION Moving by   0.565904  0.549197 -6.285194
| RE_POSITION Moving by  -8.665311 -0.274176  3.406797
| RE_POSITION Moving by   1.610529  5.361978  4.971050

 NSTEP =   250000   TIME(PS) =    1500.000  TEMP(K) =   272.26  PRESS =     0.0
 Etot   =        21.9619  EKtot   =        21.3705  EPtot      =         0.5914
 BOND   =         5.1162  ANGLE   =        16.2809  DIHED      =        33.6310
 1-4 NB =         3.0772  1-4 EEL =       106.1174  VDWAALS    =        -4.9942
 EELEC  =      -137.3731  EGB     =       -23.3205  RESTRAINT  =         0.1410
 ESURF=         1.9156
 EAMBER (non-restraint)  =         0.4504
 ------------------------------------------------------------------------------

 NMR restraints: Bond =    0.000   Angle =     0.000   Torsion =     0.141
===============================================================================
| RE_POSITION Moving by  -3.073907  4.242239  2.291836
| RE_POSITION Moving by  -1.929735 -6.631260 -5.157855
| RE_POSITION Moving by   2.937391  6.879523  0.830801
| RE_POSITION Moving by  -7.096551 -2.098464  0.455643
| RE_POSITION Moving by   3.824435  0.233587 -5.053674

 NSTEP =   300000   TIME(PS) =    1600.000  TEMP(K) =   376.89  PRESS =     0.0
 Etot   =        34.4775  EKtot   =        29.5834  EPtot      =         4.8941
 BOND   =         6.5128  ANGLE   =        12.9227  DIHED      =        37.0002
 1-4 NB =         4.3965  1-4 EEL =       109.9170  VDWAALS    =        -4.2204
 EELEC  =      -138.9548  EGB     =       -24.8949  RESTRAINT  =         0.2810
 ESURF=         1.9339
 EAMBER (non-restraint)  =         4.6131
 ------------------------------------------------------------------------------

 NMR restraints: Bond =    0.000   Angle =     0.000   Torsion =     0.281
===============================================================================
| RE_POSITION Moving by  -0.867560  5.473942  8.322962
| RE_POSITION Moving by  -3.001935  0.968742  1.026627
| RE_POSITION Moving by  -6.949583 -5.450612 -0.446570
| RE_POSITION Moving by  -1.983204  2.555553 -4.363649
| RE_POSITION Moving by  -3.789020  8.507833  5.280847

 NSTEP =   350000   TIME(PS) =    1700.000  TEMP(K) =   416.67  PRESS =     0.0
 Etot   =        31.1073  EKtot   =        32.7062  EPtot      =        -1.5989
 BOND   =         4.3704  ANGLE   =        10.7595  DIHED      =        35.7412
 1-4 NB =         3.3198  1-4 EEL =       111.6838  VDWAALS    =        -3.7395
 EELEC  =      -140.7479  EGB     =       -26.2968  RESTRAINT  =         1.3156
 ESURF=         1.9950
 EAMBER (non-restraint)  =        -2.9145
 ------------------------------------------------------------------------------

 NMR restraints: Bond =    0.000   Angle =     0.000   Torsion =     1.316
===============================================================================
| RE_POSITION Moving by  -7.967056 -2.580916  1.748114
| RE_POSITION Moving by   0.948400  5.064383  0.648866
| RE_POSITION Moving by   0.481592 -0.263125 -5.347189
| RE_POSITION Moving by   1.595018 -6.663400 12.727085
| RE_POSITION Moving by  -3.843839  4.200264  2.711438

 NSTEP =   400000   TIME(PS) =    1800.000  TEMP(K) =   375.01  PRESS =     0.0
 Etot   =        27.1456  EKtot   =        29.4362  EPtot      =        -2.2905
 BOND   =         2.9985  ANGLE   =        11.9956  DIHED      =        32.3537
 1-4 NB =         3.4495  1-4 EEL =       110.3565  VDWAALS    =        -3.3905
 EELEC  =      -140.1101  EGB     =       -24.0905  RESTRAINT  =         2.2041
 ESURF=         1.9427
 EAMBER (non-restraint)  =        -4.4947
 ------------------------------------------------------------------------------

 NMR restraints: Bond =    0.000   Angle =     0.000   Torsion =     2.204
===============================================================================
| RE_POSITION Moving by  -8.415201 -5.076492  2.360983
| RE_POSITION Moving by  -3.999683 -7.289612 -7.142269
| RE_POSITION Moving by  -7.862778  4.830946 -4.386736
| RE_POSITION Moving by  -3.059855 -3.562070 -2.898783
| RE_POSITION Moving by   0.362990  3.710375 -4.612751

 NSTEP =   450000   TIME(PS) =    1900.000  TEMP(K) =   252.31  PRESS =     0.0
 Etot   =        26.5004  EKtot   =        19.8045  EPtot      =         6.6959
 BOND   =         2.5186  ANGLE   =        17.9203  DIHED      =        33.3610
 1-4 NB =         6.5995  1-4 EEL =       115.9387  VDWAALS    =        -3.0264
 EELEC  =      -145.5874  EGB     =       -23.5008  RESTRAINT  =         0.5223
 ESURF=         1.9500
 EAMBER (non-restraint)  =         6.1736
 ------------------------------------------------------------------------------

 NMR restraints: Bond =    0.000   Angle =     0.000   Torsion =     0.522
===============================================================================
| RE_POSITION Moving by  -4.171907  2.378687 -6.386004
| RE_POSITION Moving by  -4.140660 -0.072382 -7.584957
| RE_POSITION Moving by   3.183832 -0.650346  0.266489
| RE_POSITION Moving by  -5.175706  5.798875 -3.695788
| RE_POSITION Moving by   4.321658 -0.078025 -4.278130

 NSTEP =   500000   TIME(PS) =    2000.000  TEMP(K) =   283.46  PRESS =     0.0
 Etot   =        26.0399  EKtot   =        22.2501  EPtot      =         3.7898
 BOND   =         4.2440  ANGLE   =        16.0535  DIHED      =        34.5628
 1-4 NB =         4.7736  1-4 EEL =       110.3948  VDWAALS    =        -3.3877
 EELEC  =      -141.2800  EGB     =       -23.9691  RESTRAINT  =         0.4762
 ESURF=         1.9217
 EAMBER (non-restraint)  =         3.3136
 ------------------------------------------------------------------------------

 NMR restraints: Bond =    0.000   Angle =     0.000   Torsion =     0.476
===============================================================================

      A V E R A G E S   O V E R  500000 S T E P S


 NSTEP =   500000   TIME(PS) =    2000.000  TEMP(K) =   299.07  PRESS =     0.0
 Etot   =        27.1137  EKtot   =        23.4755  EPtot      =         3.6382
 BOND   =         5.3531  ANGLE   =        15.1668  DIHED      =        34.2854
 1-4 NB =         4.6419  1-4 EEL =       111.5538  VDWAALS    =        -3.5625
 EELEC  =      -141.9704  EGB     =       -24.6382  RESTRAINT  =         0.8471
 ESURF=         1.9611
 EAMBER (non-restraint)  =         2.7911
 ------------------------------------------------------------------------------

 NMR restraints: Bond =    0.000   Angle =     0.000   Torsion =     0.476
===============================================================================

      R M S  F L U C T U A T I O N S


 NSTEP =   500000   TIME(PS) =    2000.000  TEMP(K) =    47.82  PRESS =     0.0
 Etot   =         5.4153  EKtot   =         3.7533  EPtot      =         3.9116
 BOND   =         1.9591  ANGLE   =         3.1643  DIHED      =         2.5429
 1-4 NB =         0.9680  1-4 EEL =         3.5000  VDWAALS    =         0.6836
 EELEC  =         3.7366  EGB     =         2.3286  RESTRAINT  =         1.3414
 ESURF=         0.0383
 EAMBER (non-restraint)  =         2.5702
 ------------------------------------------------------------------------------


 NMR restraints on final step:


--------------------------------------------------------------------------------
   5.  TIMINGS
--------------------------------------------------------------------------------

|>>>>>>>>PROFILE of Average TIMES>>>>>>>>> 
|                Calc gb radii             27.15 ( 8.06% of Gen B)
|                Communicate gb radii     211.57 (62.76% of Gen B)
|                Calc gb diag              38.77 (11.50% of Gen B)
|                Calc gb off-diag          25.28 ( 7.50% of Gen B)
|                Surface area energy       33.67 ( 9.99% of Gen B)
|                Other                      0.64 ( 0.19% of Gen B)
|             Gen Born time            337.09 (100.0% of Nonbo)
|             IPS excludes               0.08 ( 0.02% of Nonbo)
|          Nonbond force            337.16 (29.34% of Force)
|          Bond/Angle/Dihedral       12.26 ( 1.07% of Force)
|          FRC Collect time         576.92 (50.20% of Force)
|          Other                    222.99 (19.40% of Force)
|       Force time              1149.34 (78.32% of Runmd)
|       Shake time                 1.64 ( 0.11% of Runmd)
|       Verlet update time       249.35 (16.99% of Runmd)
|       CRD distribute time       66.04 ( 4.50% of Runmd)
|       Other                      1.15 ( 0.08% of Runmd)
|    Runmd Time              1467.51 (100.0% of Total)
| Total time              1467.56 (100.0% of ALL  )

| Number of list builds   :          0

| Highest rstack allocated:          0
| Highest istack allocated:          0

| Final Performance Info:
| -----------------------------------------------------
| Average timings for all steps:
|     Elapsed(s) =    1467.51 Per Step(ms) =       2.94
|         ns/day =      58.88   seconds/ns =    1467.51
| -----------------------------------------------------

|           Job began  at 19:47:06.252  on 04/27/2013
|           Setup done at 19:47:06.340  on 04/27/2013
|           Run   done at 20:11:33.851  on 04/27/2013
|     wallclock() was called18500023 times
