
          -------------------------------------------------------
          Amber 12 SANDER                              2012
          -------------------------------------------------------

| Run on 04/27/2013 at 19:47:06
  [-O]verwriting output

File Assignments:
|  MDIN: run_6.in                                                              
| MDOUT: run_6.out                                                             
|INPCRD: ../eq1/run.rst                                                        
|  PARM: parm                                                                  
|RESTRT: run_6.rst                                                             
|  REFC: refc                                                                  
| MDVEL: mdvel                                                                 
|  MDEN: mden                                                                  
| MDCRD: run_6.nc                                                              
|MDINFO: mdinfo                                                                
|  MTMD: mtmd                                                                  
|INPDIP: inpdip                                                                
|RSTDIP: rstdip                                                                

|INPTRA: inptraj                                                               
|
 
 Here is the input file:
 
equilibration with restraint                                                   
 &cntrl                                                                        
   ig=103964,                                                                  
   irest=1, ntx=5,                                                             
   igb=8, gbsa=1,                                                              
   cut=9999.0, rgbmax=9998.0,                                                  
   ntc=2, ntf=1, tol=0.000001,                                                 
   ntt=3, gamma_ln=2.0, tempi=0.1,                                             
   ntb=0, nscm=10000,                                                          
   ioutfm=1,                                                                   
   nstlim=500000, dt=0.002,                                                    
   ntpr=50000, ntwx=50000, ntwv=0, ntwr=500000,                                
   nmropt=1,                                                                   
 /                                                                             
 &wt                                                                           
  type='END',                                                                  
 /                                                                             
DISANG=run_6.disang                                                            
                                                                               

--------------------------------------------------------------------------------
   1.  RESOURCE   USE: 
--------------------------------------------------------------------------------

| Flags: MPI                                                                    
| New format PARM file being parsed.
| Version =    1.000 Date = 04/27/13 Time = 01:42:54
 NATOM  =      32 NTYPES =       7 NBONH =      17 MBONA  =      14
 NTHETH =      36 MTHETA =      18 NPHIH =      64 MPHIA  =      45
 NHPARM =       0 NPARM  =       0 NNB   =     152 NRES   =       4
 NBONA  =      14 NTHETA =      18 NPHIA =      45 NUMBND =      11
 NUMANG =      21 NPTRA  =      20 NATYP =       8 NPHB   =       0
 IFBOX  =       0 NMXRS  =      10 IFCAP =       0 NEXTRA =       0
 NCOPY  =       0

 Implicit solvent radii are ArgH and AspGluO modified Bondi2 radii (mbondi3)                                
 Replacing prmtop screening parameters with GBn2 (igb=8) values

|     Memory Use     Allocated
|     Real                2330
|     Hollerith            102
|     Integer            23034
|     Max Pairs              1
|     nblistReal             0
|     nblist Int             0
|       Total              108 kbytes

| Note: 1-4 EEL scale factors are being read from the topology file.

| Note: 1-4 VDW scale factors are being read from the topology file.
| Duplicated    0 dihedrals
| Duplicated    0 dihedrals

--------------------------------------------------------------------------------
   2.  CONTROL  DATA  FOR  THE  RUN
--------------------------------------------------------------------------------

ACE                                                                             

General flags:
     imin    =       0, nmropt  =       1

Nature and format of input:
     ntx     =       5, irest   =       1, ntrx    =       1

Nature and format of output:
     ntxo    =       1, ntpr    =   50000, ntrx    =       1, ntwr    =  500000
     iwrap   =       0, ntwx    =   50000, ntwv    =       0, ntwe    =       0
     ioutfm  =       1, ntwprt  =       0, idecomp =       0, rbornstat=      0

Potential function:
     ntf     =       1, ntb     =       0, igb     =       8, nsnb    =      25
     ipol    =       0, gbsa    =       1, iesp    =       0
     dielc   =   1.00000, cut     =9999.00000, intdiel =   1.00000
     saltcon =   0.00000, offset  =   0.19514, surften =   0.00500
     rdt     =   0.00000, rgbmax  =9998.00000  extdiel =  78.50000
     alpb  =        0
     gbalphaH  =   0.78844, gbbetaH   =   0.79870,  gbgammaH  =    0.43733
     gbalphaC  =   0.73376, gbbetaC   =   0.50638,  gbgammaC  =    0.20584
     gbalphaN  =   0.50336, gbbetaN   =   0.31683,  gbgammaN  =    0.19292
     gbalphaOS =   0.86781, gbbetaOS  =   0.87664,  gbgammaOS =    0.38788
     gbalphaP  =   1.00000, gbbetaP   =   0.80000,  gbgammaP  =    4.85100

Frozen or restrained atoms:
     ibelly  =       0, ntr     =       0

Molecular dynamics:
     nstlim  =    500000, nscm    =     10000, nrespa  =         1
     t       =   0.00000, dt      =   0.00200, vlimit  =  20.00000

Langevin dynamics temperature regulation:
     ig      =  103964
     temp0   = 300.00000, tempi   =   0.10000, gamma_ln=   2.00000

SHAKE:
     ntc     =       2, jfastw  =       0
     tol     =   0.00000

NMR refinement options:
     iscale  =       0, noeskp  =       1, ipnlty  =       1, mxsub   =       1
     scalm   = 100.00000, pencut  =   0.10000, tausw   =   0.10000

| MPI Timing options:
|      profile_mpi =        0
|  INFO: Old style inpcrd file read


--------------------------------------------------------------------------------
   3.  ATOMIC COORDINATES AND VELOCITIES
--------------------------------------------------------------------------------

ACE                                                                             
 begin time read from input coords =  1000.000 ps



           Begin reading energy term weight changes/NMR restraints
 WEIGHT CHANGES:
                         ** No weight changes given **

 RESTRAINTS:
 Requested file redirections:
  DISANG    = run_6.disang
 Restraints will be read from file: run_6.disang
Here are comments from the DISANG input file:

                       Number of restraints read =     2

                  Done reading weight changes/NMR restraints


 Number of triangulated 3-point waters found:        0
|  Atom division among processors:
|         0      16      32
|  Running AMBER/MPI version on    2 nodes


--------------------------------------------------------------------------------
   4.  RESULTS
--------------------------------------------------------------------------------

|  # of SOLUTE  degrees of freedom (RNDFP):      79.
|  # of SOLVENT degrees of freedom (RNDFS):       0.
|  NDFMIN =      79.     NUM_NOSHAKE =      0     CORRECTED RNDFP =      79.
|  TOTAL # of degrees of freedom (RNDF) =      79.
| RE_POSITION Moving by  -7.470815 -0.779977  7.847747
| RE_POSITION Moving by  -2.134027  4.186430  3.927104
| RE_POSITION Moving by   9.537165-13.859374 -2.286508
| RE_POSITION Moving by  -1.844089 -3.155284 -2.399016
| RE_POSITION Moving by  -4.978145  3.124559 -2.910321

 NSTEP =    50000   TIME(PS) =    1100.000  TEMP(K) =   262.65  PRESS =     0.0
 Etot   =         7.2256  EKtot   =        20.6167  EPtot      =       -13.3911
 BOND   =         3.3096  ANGLE   =        12.5257  DIHED      =        23.3938
 1-4 NB =         5.0180  1-4 EEL =       111.7233  VDWAALS    =        -4.3832
 EELEC  =      -145.0879  EGB     =       -21.8024  RESTRAINT  =         0.0074
 ESURF=         1.9045
 EAMBER (non-restraint)  =       -13.3985
 ------------------------------------------------------------------------------

 NMR restraints: Bond =    0.000   Angle =     0.000   Torsion =     0.007
===============================================================================
| RE_POSITION Moving by   3.545497 -0.017942 -6.937443
| RE_POSITION Moving by  -4.881052  1.265274  4.010143
| RE_POSITION Moving by  -4.683329 -0.117546 -5.397461
| RE_POSITION Moving by  -6.960739  1.260445 -4.471404
| RE_POSITION Moving by   1.492818  6.628570 -0.522492

 NSTEP =   100000   TIME(PS) =    1200.000  TEMP(K) =   232.84  PRESS =     0.0
 Etot   =        10.3510  EKtot   =        18.2767  EPtot      =        -7.9257
 BOND   =         8.3052  ANGLE   =        12.3212  DIHED      =        23.2124
 1-4 NB =         4.5989  1-4 EEL =       112.0823  VDWAALS    =        -3.3818
 EELEC  =      -144.9172  EGB     =       -22.1282  RESTRAINT  =         0.0719
 ESURF=         1.9096
 EAMBER (non-restraint)  =        -7.9976
 ------------------------------------------------------------------------------

 NMR restraints: Bond =    0.000   Angle =     0.000   Torsion =     0.072
===============================================================================
| RE_POSITION Moving by   1.978170  2.632662 -1.622454
| RE_POSITION Moving by   3.720672 -0.822270  0.163472
| RE_POSITION Moving by  -1.116304 -1.887423 -8.141030
| RE_POSITION Moving by  -2.767569  4.021321  9.126302
| RE_POSITION Moving by  -5.970075 -7.886121  4.652989

 NSTEP =   150000   TIME(PS) =    1300.000  TEMP(K) =   358.71  PRESS =     0.0
 Etot   =        22.4339  EKtot   =        28.1564  EPtot      =        -5.7226
 BOND   =         6.8566  ANGLE   =        14.1534  DIHED      =        23.4263
 1-4 NB =         6.1331  1-4 EEL =       111.8004  VDWAALS    =        -3.4507
 EELEC  =      -143.4126  EGB     =       -23.6412  RESTRAINT  =         0.4886
 ESURF=         1.9236
 EAMBER (non-restraint)  =        -6.2112
 ------------------------------------------------------------------------------

 NMR restraints: Bond =    0.000   Angle =     0.000   Torsion =     0.489
===============================================================================
| RE_POSITION Moving by   2.937998  3.798475  1.349670
| RE_POSITION Moving by   0.221381  3.011855  6.568733
| RE_POSITION Moving by  -0.078680  3.368365  1.205714
| RE_POSITION Moving by  -0.495704 -2.023416  7.744719
| RE_POSITION Moving by   0.238647  2.543381 -1.930063

 NSTEP =   200000   TIME(PS) =    1400.000  TEMP(K) =   267.26  PRESS =     0.0
 Etot   =        11.2466  EKtot   =        20.9779  EPtot      =        -9.7313
 BOND   =         3.6986  ANGLE   =        12.4833  DIHED      =        25.5175
 1-4 NB =         5.5795  1-4 EEL =       118.7158  VDWAALS    =        -3.7030
 EELEC  =      -152.3852  EGB     =       -22.2099  RESTRAINT  =         0.6314
 ESURF=         1.9406
 EAMBER (non-restraint)  =       -10.3627
 ------------------------------------------------------------------------------

 NMR restraints: Bond =    0.000   Angle =     0.000   Torsion =     0.631
===============================================================================
| RE_POSITION Moving by   5.382085 -5.343853  3.884452
| RE_POSITION Moving by  -2.412992  9.028584  6.903284
| RE_POSITION Moving by   1.521896 -1.554814 -2.386538
| RE_POSITION Moving by  -0.141351  6.315829  1.107445
| RE_POSITION Moving by  -0.115115 -0.934340 -6.293266

 NSTEP =   250000   TIME(PS) =    1500.000  TEMP(K) =   286.55  PRESS =     0.0
 Etot   =        11.9587  EKtot   =        22.4923  EPtot      =       -10.5336
 BOND   =         3.3667  ANGLE   =        12.7428  DIHED      =        23.3503
 1-4 NB =         5.5839  1-4 EEL =       116.9500  VDWAALS    =        -4.3494
 EELEC  =      -140.6933  EGB     =       -29.3974  RESTRAINT  =         0.0301
 ESURF=         1.8825
 EAMBER (non-restraint)  =       -10.5638
 ------------------------------------------------------------------------------

 NMR restraints: Bond =    0.000   Angle =     0.000   Torsion =     0.030
===============================================================================
| RE_POSITION Moving by   0.108885 -6.492334 -0.735601
| RE_POSITION Moving by  -4.727856 -7.329330  4.893307
| RE_POSITION Moving by   2.661592  8.676837  0.712815
| RE_POSITION Moving by   6.232199  3.570910  3.120856
| RE_POSITION Moving by  -2.579773  1.491047 -5.209042

 NSTEP =   300000   TIME(PS) =    1600.000  TEMP(K) =   276.79  PRESS =     0.0
 Etot   =        13.1779  EKtot   =        21.7263  EPtot      =        -8.5485
 BOND   =         4.2504  ANGLE   =        14.2365  DIHED      =        23.3954
 1-4 NB =         4.1982  1-4 EEL =       112.5603  VDWAALS    =        -2.5185
 EELEC  =      -142.9174  EGB     =       -24.7061  RESTRAINT  =         0.9392
 ESURF=         2.0136
 EAMBER (non-restraint)  =        -9.4877
 ------------------------------------------------------------------------------

 NMR restraints: Bond =    0.000   Angle =     0.000   Torsion =     0.939
===============================================================================
| RE_POSITION Moving by  -3.095520  0.393791 -0.693166
| RE_POSITION Moving by   0.961715  2.545881 -2.200708
| RE_POSITION Moving by  -8.725270  3.855172  0.002287
| RE_POSITION Moving by  -2.870586  3.248796 -4.796805
| RE_POSITION Moving by   2.436672  7.150874 -3.175379

 NSTEP =   350000   TIME(PS) =    1700.000  TEMP(K) =   245.88  PRESS =     0.0
 Etot   =         8.7351  EKtot   =        19.3000  EPtot      =       -10.5649
 BOND   =         3.9589  ANGLE   =        13.9218  DIHED      =        22.4925
 1-4 NB =         5.1579  1-4 EEL =       113.0034  VDWAALS    =        -3.7101
 EELEC  =      -143.0599  EGB     =       -24.4240  RESTRAINT  =         0.1178
 ESURF=         1.9769
 EAMBER (non-restraint)  =       -10.6827
 ------------------------------------------------------------------------------

 NMR restraints: Bond =    0.000   Angle =     0.000   Torsion =     0.118
===============================================================================
| RE_POSITION Moving by  -0.429901  9.715254  1.479967
| RE_POSITION Moving by  -0.883226 -6.256929  2.799987
| RE_POSITION Moving by   1.578187 -5.553116  7.315993
| RE_POSITION Moving by   0.861993  1.346429 -4.131787
| RE_POSITION Moving by -10.153820 -2.772342  4.784033

 NSTEP =   400000   TIME(PS) =    1800.000  TEMP(K) =   331.26  PRESS =     0.0
 Etot   =        21.6850  EKtot   =        26.0017  EPtot      =        -4.3168
 BOND   =         6.6121  ANGLE   =        18.4207  DIHED      =        22.6286
 1-4 NB =         3.9802  1-4 EEL =       114.7409  VDWAALS    =        -3.3381
 EELEC  =      -146.2360  EGB     =       -23.3430  RESTRAINT  =         0.2407
 ESURF=         1.9771
 EAMBER (non-restraint)  =        -4.5575
 ------------------------------------------------------------------------------

 NMR restraints: Bond =    0.000   Angle =     0.000   Torsion =     0.241
===============================================================================
| RE_POSITION Moving by  -1.528911  6.572985 -6.348726
| RE_POSITION Moving by   0.037253 -5.771334 -0.762166
| RE_POSITION Moving by  -2.591600 -5.512550 -6.561456
| RE_POSITION Moving by  -0.547543  4.452477  5.885569
| RE_POSITION Moving by   2.800564 -1.916193 -3.211447

 NSTEP =   450000   TIME(PS) =    1900.000  TEMP(K) =   279.34  PRESS =     0.0
 Etot   =        12.0929  EKtot   =        21.9262  EPtot      =        -9.8333
 BOND   =         3.5424  ANGLE   =        12.9324  DIHED      =        24.8320
 1-4 NB =         5.5744  1-4 EEL =       111.5813  VDWAALS    =        -4.4476
 EELEC  =      -144.1873  EGB     =       -22.7334  RESTRAINT  =         1.1747
 ESURF=         1.8978
 EAMBER (non-restraint)  =       -11.0080
 ------------------------------------------------------------------------------

 NMR restraints: Bond =    0.000   Angle =     0.000   Torsion =     1.175
===============================================================================
| RE_POSITION Moving by   6.714679 -0.382543  1.417777
| RE_POSITION Moving by  -0.580825 -3.349954 -4.413184
| RE_POSITION Moving by  -1.715540  6.721566  1.262801
| RE_POSITION Moving by  -1.314080  6.112743 -2.976390
| RE_POSITION Moving by   1.415730  1.212082 10.252159

 NSTEP =   500000   TIME(PS) =    2000.000  TEMP(K) =   239.55  PRESS =     0.0
 Etot   =        10.8896  EKtot   =        18.8031  EPtot      =        -7.9135
 BOND   =         5.4804  ANGLE   =        11.5065  DIHED      =        25.3501
 1-4 NB =         5.0898  1-4 EEL =       112.8862  VDWAALS    =        -2.3320
 EELEC  =      -147.3543  EGB     =       -20.9006  RESTRAINT  =         0.5009
 ESURF=         1.8595
 EAMBER (non-restraint)  =        -8.4144
 ------------------------------------------------------------------------------

 NMR restraints: Bond =    0.000   Angle =     0.000   Torsion =     0.501
===============================================================================

      A V E R A G E S   O V E R  500000 S T E P S


 NSTEP =   500000   TIME(PS) =    2000.000  TEMP(K) =   301.25  PRESS =     0.0
 Etot   =        17.5999  EKtot   =        23.6463  EPtot      =        -6.0463
 BOND   =         5.4965  ANGLE   =        15.8931  DIHED      =        23.8495
 1-4 NB =         4.7004  1-4 EEL =       112.2468  VDWAALS    =        -3.2650
 EELEC  =      -143.2232  EGB     =       -24.1642  RESTRAINT  =         0.4791
 ESURF=         1.9405
 EAMBER (non-restraint)  =        -6.5254
 ------------------------------------------------------------------------------

 NMR restraints: Bond =    0.000   Angle =     0.000   Torsion =     0.501
===============================================================================

      R M S  F L U C T U A T I O N S


 NSTEP =   500000   TIME(PS) =    2000.000  TEMP(K) =    47.85  PRESS =     0.0
 Etot   =         5.4891  EKtot   =         3.7556  EPtot      =         4.0603
 BOND   =         2.0116  ANGLE   =         3.1938  DIHED      =         1.5941
 1-4 NB =         0.9777  1-4 EEL =         3.0213  VDWAALS    =         0.8672
 EELEC  =         3.5209  EGB     =         2.5458  RESTRAINT  =         1.7015
 ESURF=         0.0405
 EAMBER (non-restraint)  =         2.3588
 ------------------------------------------------------------------------------


 NMR restraints on final step:


--------------------------------------------------------------------------------
   5.  TIMINGS
--------------------------------------------------------------------------------

|>>>>>>>>PROFILE of Average TIMES>>>>>>>>> 
|                Calc gb radii             27.81 ( 8.14% of Gen B)
|                Communicate gb radii     212.04 (62.07% of Gen B)
|                Calc gb diag              39.40 (11.53% of Gen B)
|                Calc gb off-diag          25.40 ( 7.44% of Gen B)
|                Surface area energy       36.30 (10.63% of Gen B)
|                Other                      0.66 ( 0.19% of Gen B)
|             Gen Born time            341.62 (100.0% of Nonbo)
|             IPS excludes               0.09 ( 0.03% of Nonbo)
|          Nonbond force            341.71 (29.41% of Force)
|          Bond/Angle/Dihedral       12.29 ( 1.06% of Force)
|          FRC Collect time         583.33 (50.21% of Force)
|          Other                    224.40 (19.32% of Force)
|       Force time              1161.73 (78.37% of Runmd)
|       Shake time                 1.61 ( 0.11% of Runmd)
|       Verlet update time       251.43 (16.96% of Runmd)
|       CRD distribute time       66.46 ( 4.48% of Runmd)
|       Other                      1.13 ( 0.08% of Runmd)
|    Runmd Time              1482.36 (100.0% of Total)
| Total time              1482.37 (100.0% of ALL  )

| Number of list builds   :          0

| Highest rstack allocated:          0
| Highest istack allocated:          0

| Final Performance Info:
| -----------------------------------------------------
| Average timings for all steps:
|     Elapsed(s) =    1482.36 Per Step(ms) =       2.96
|         ns/day =      58.29   seconds/ns =    1482.36
| -----------------------------------------------------

|           Job began  at 19:47:06.211  on 04/27/2013
|           Setup done at 19:47:06.231  on 04/27/2013
|           Run   done at 20:11:48.589  on 04/27/2013
|     wallclock() was called18500023 times
