
          -------------------------------------------------------
          Amber 12 SANDER                              2012
          -------------------------------------------------------

| Run on 04/27/2013 at 19:47:06
  [-O]verwriting output

File Assignments:
|  MDIN: run_180.in                                                            
| MDOUT: run_180.out                                                           
|INPCRD: ../eq1/run.rst                                                        
|  PARM: parm                                                                  
|RESTRT: run_180.rst                                                           
|  REFC: refc                                                                  
| MDVEL: mdvel                                                                 
|  MDEN: mden                                                                  
| MDCRD: run_180.nc                                                            
|MDINFO: mdinfo                                                                
|  MTMD: mtmd                                                                  
|INPDIP: inpdip                                                                
|RSTDIP: rstdip                                                                

|INPTRA: inptraj                                                               
|
 
 Here is the input file:
 
equilibration with restraint                                                   
 &cntrl                                                                        
   ig=673128,                                                                  
   irest=1, ntx=5,                                                             
   igb=8, gbsa=1,                                                              
   cut=9999.0, rgbmax=9998.0,                                                  
   ntc=2, ntf=1, tol=0.000001,                                                 
   ntt=3, gamma_ln=2.0, tempi=0.1,                                             
   ntb=0, nscm=10000,                                                          
   ioutfm=1,                                                                   
   nstlim=500000, dt=0.002,                                                    
   ntpr=50000, ntwx=50000, ntwv=0, ntwr=500000,                                
   nmropt=1,                                                                   
 /                                                                             
 &wt                                                                           
  type='END',                                                                  
 /                                                                             
DISANG=run_180.disang                                                          
                                                                               

--------------------------------------------------------------------------------
   1.  RESOURCE   USE: 
--------------------------------------------------------------------------------

| Flags: MPI                                                                    
| New format PARM file being parsed.
| Version =    1.000 Date = 04/27/13 Time = 01:42:54
 NATOM  =      32 NTYPES =       7 NBONH =      17 MBONA  =      14
 NTHETH =      36 MTHETA =      18 NPHIH =      64 MPHIA  =      45
 NHPARM =       0 NPARM  =       0 NNB   =     152 NRES   =       4
 NBONA  =      14 NTHETA =      18 NPHIA =      45 NUMBND =      11
 NUMANG =      21 NPTRA  =      20 NATYP =       8 NPHB   =       0
 IFBOX  =       0 NMXRS  =      10 IFCAP =       0 NEXTRA =       0
 NCOPY  =       0

 Implicit solvent radii are ArgH and AspGluO modified Bondi2 radii (mbondi3)                                
 Replacing prmtop screening parameters with GBn2 (igb=8) values

|     Memory Use     Allocated
|     Real                2330
|     Hollerith            102
|     Integer            23034
|     Max Pairs              1
|     nblistReal             0
|     nblist Int             0
|       Total              108 kbytes

| Note: 1-4 EEL scale factors are being read from the topology file.

| Note: 1-4 VDW scale factors are being read from the topology file.
| Duplicated    0 dihedrals
| Duplicated    0 dihedrals

--------------------------------------------------------------------------------
   2.  CONTROL  DATA  FOR  THE  RUN
--------------------------------------------------------------------------------

ACE                                                                             

General flags:
     imin    =       0, nmropt  =       1

Nature and format of input:
     ntx     =       5, irest   =       1, ntrx    =       1

Nature and format of output:
     ntxo    =       1, ntpr    =   50000, ntrx    =       1, ntwr    =  500000
     iwrap   =       0, ntwx    =   50000, ntwv    =       0, ntwe    =       0
     ioutfm  =       1, ntwprt  =       0, idecomp =       0, rbornstat=      0

Potential function:
     ntf     =       1, ntb     =       0, igb     =       8, nsnb    =      25
     ipol    =       0, gbsa    =       1, iesp    =       0
     dielc   =   1.00000, cut     =9999.00000, intdiel =   1.00000
     saltcon =   0.00000, offset  =   0.19514, surften =   0.00500
     rdt     =   0.00000, rgbmax  =9998.00000  extdiel =  78.50000
     alpb  =        0
     gbalphaH  =   0.78844, gbbetaH   =   0.79870,  gbgammaH  =    0.43733
     gbalphaC  =   0.73376, gbbetaC   =   0.50638,  gbgammaC  =    0.20584
     gbalphaN  =   0.50336, gbbetaN   =   0.31683,  gbgammaN  =    0.19292
     gbalphaOS =   0.86781, gbbetaOS  =   0.87664,  gbgammaOS =    0.38788
     gbalphaP  =   1.00000, gbbetaP   =   0.80000,  gbgammaP  =    4.85100

Frozen or restrained atoms:
     ibelly  =       0, ntr     =       0

Molecular dynamics:
     nstlim  =    500000, nscm    =     10000, nrespa  =         1
     t       =   0.00000, dt      =   0.00200, vlimit  =  20.00000

Langevin dynamics temperature regulation:
     ig      =  673128
     temp0   = 300.00000, tempi   =   0.10000, gamma_ln=   2.00000

SHAKE:
     ntc     =       2, jfastw  =       0
     tol     =   0.00000

NMR refinement options:
     iscale  =       0, noeskp  =       1, ipnlty  =       1, mxsub   =       1
     scalm   = 100.00000, pencut  =   0.10000, tausw   =   0.10000

| MPI Timing options:
|      profile_mpi =        0
|  INFO: Old style inpcrd file read


--------------------------------------------------------------------------------
   3.  ATOMIC COORDINATES AND VELOCITIES
--------------------------------------------------------------------------------

ACE                                                                             
 begin time read from input coords =  1000.000 ps



           Begin reading energy term weight changes/NMR restraints
 WEIGHT CHANGES:
                         ** No weight changes given **

 RESTRAINTS:
 Requested file redirections:
  DISANG    = run_180.disang
 Restraints will be read from file: run_180.disang
Here are comments from the DISANG input file:

                       Number of restraints read =     2

                  Done reading weight changes/NMR restraints


 Number of triangulated 3-point waters found:        0
|  Atom division among processors:
|         0      16      32
|  Running AMBER/MPI version on    2 nodes


--------------------------------------------------------------------------------
   4.  RESULTS
--------------------------------------------------------------------------------

|  # of SOLUTE  degrees of freedom (RNDFP):      79.
|  # of SOLVENT degrees of freedom (RNDFS):       0.
|  NDFMIN =      79.     NUM_NOSHAKE =      0     CORRECTED RNDFP =      79.
|  TOTAL # of degrees of freedom (RNDF) =      79.
| RE_POSITION Moving by  -3.322517  2.528718 -5.754139
| RE_POSITION Moving by  -4.006216 -1.473048 -3.301246
| RE_POSITION Moving by  -1.669235  1.407746  0.377608
| RE_POSITION Moving by  -3.369213 -3.828777 -2.772042
| RE_POSITION Moving by  -1.580741  0.469103 -0.650569

 NSTEP =    50000   TIME(PS) =    1100.000  TEMP(K) =   376.89  PRESS =     0.0
 Etot   =        14.2842  EKtot   =        29.5838  EPtot      =       -15.2997
 BOND   =         3.9622  ANGLE   =        14.1101  DIHED      =        18.9096
 1-4 NB =         3.8029  1-4 EEL =       119.3204  VDWAALS    =        -3.9033
 EELEC  =      -149.6381  EGB     =       -24.4555  RESTRAINT  =         0.6470
 ESURF=         1.9451
 EAMBER (non-restraint)  =       -15.9466
 ------------------------------------------------------------------------------

 NMR restraints: Bond =    0.000   Angle =     0.000   Torsion =     0.647
===============================================================================
| RE_POSITION Moving by  -2.876155 -2.769681  3.230155
| RE_POSITION Moving by  -3.043177 -3.459471  5.043520
| RE_POSITION Moving by  -2.168751  6.826826  2.715474
| RE_POSITION Moving by  -4.121554 -3.709776 10.296905
| RE_POSITION Moving by  -0.561116  2.856361 -0.398426

 NSTEP =   100000   TIME(PS) =    1200.000  TEMP(K) =   336.91  PRESS =     0.0
 Etot   =         9.0507  EKtot   =        26.4455  EPtot      =       -17.3948
 BOND   =         3.4759  ANGLE   =        15.3932  DIHED      =        16.8568
 1-4 NB =         5.4387  1-4 EEL =       115.7816  VDWAALS    =        -4.6354
 EELEC  =      -147.9939  EGB     =       -24.1935  RESTRAINT  =         0.5876
 ESURF=         1.8941
 EAMBER (non-restraint)  =       -17.9824
 ------------------------------------------------------------------------------

 NMR restraints: Bond =    0.000   Angle =     0.000   Torsion =     0.588
===============================================================================
| RE_POSITION Moving by  -3.895241  2.628213 10.817805
| RE_POSITION Moving by   2.599672 -5.594579  5.268970
| RE_POSITION Moving by   9.978784 -0.138249  5.354218
| RE_POSITION Moving by  -6.020023  7.941352 -0.642160
| RE_POSITION Moving by  -6.169674  4.635260 -3.552264

 NSTEP =   150000   TIME(PS) =    1300.000  TEMP(K) =   231.30  PRESS =     0.0
 Etot   =        11.3343  EKtot   =        18.1558  EPtot      =        -6.8215
 BOND   =         6.4028  ANGLE   =        16.3205  DIHED      =        19.9126
 1-4 NB =         8.0656  1-4 EEL =       112.3252  VDWAALS    =        -4.2384
 EELEC  =      -143.0689  EGB     =       -24.6579  RESTRAINT  =         0.1778
 ESURF=         1.9392
 EAMBER (non-restraint)  =        -6.9993
 ------------------------------------------------------------------------------

 NMR restraints: Bond =    0.000   Angle =     0.000   Torsion =     0.178
===============================================================================
| RE_POSITION Moving by   7.685883  5.681870 -1.561575
| RE_POSITION Moving by  -1.215513 -5.655609 -3.862007
| RE_POSITION Moving by  -2.453779  5.680259 -2.244434
| RE_POSITION Moving by  -3.486460  3.560989 -3.619772
| RE_POSITION Moving by -12.602337  1.699885 -1.085541

 NSTEP =   200000   TIME(PS) =    1400.000  TEMP(K) =   233.78  PRESS =     0.0
 Etot   =         3.0013  EKtot   =        18.3504  EPtot      =       -15.3491
 BOND   =         5.9530  ANGLE   =        12.5450  DIHED      =        18.1996
 1-4 NB =         3.9978  1-4 EEL =       116.8439  VDWAALS    =        -3.1053
 EELEC  =      -147.7785  EGB     =       -24.3936  RESTRAINT  =         0.3750
 ESURF=         2.0140
 EAMBER (non-restraint)  =       -15.7241
 ------------------------------------------------------------------------------

 NMR restraints: Bond =    0.000   Angle =     0.000   Torsion =     0.375
===============================================================================
| RE_POSITION Moving by  -7.782282 -1.081180  9.697553
| RE_POSITION Moving by  -5.018448  5.761862 -0.255966
| RE_POSITION Moving by  -4.628419  5.862368 -0.837208
| RE_POSITION Moving by  -2.661814  2.066319 -4.165756
| RE_POSITION Moving by  -2.247385 -0.814922 -1.141996

 NSTEP =   250000   TIME(PS) =    1500.000  TEMP(K) =   336.78  PRESS =     0.0
 Etot   =        12.0318  EKtot   =        26.4349  EPtot      =       -14.4031
 BOND   =         5.1419  ANGLE   =        11.1888  DIHED      =        20.0322
 1-4 NB =         4.4348  1-4 EEL =       119.0286  VDWAALS    =        -3.5780
 EELEC  =      -147.2676  EGB     =       -25.8129  RESTRAINT  =         0.4572
 ESURF=         1.9719
 EAMBER (non-restraint)  =       -14.8603
 ------------------------------------------------------------------------------

 NMR restraints: Bond =    0.000   Angle =     0.000   Torsion =     0.457
===============================================================================
| RE_POSITION Moving by   1.839175 -1.697806  5.203299
| RE_POSITION Moving by  -3.130104  6.350987 -0.999189
| RE_POSITION Moving by  -4.223665  2.310386  0.357007
| RE_POSITION Moving by   4.980063 -0.251777 -5.629904
| RE_POSITION Moving by  -5.101882  2.170856 -5.854733

 NSTEP =   300000   TIME(PS) =    1600.000  TEMP(K) =   291.47  PRESS =     0.0
 Etot   =        17.6342  EKtot   =        22.8787  EPtot      =        -5.2446
 BOND   =         4.3177  ANGLE   =        17.1063  DIHED      =        24.1533
 1-4 NB =         4.6055  1-4 EEL =       117.7444  VDWAALS    =        -3.2316
 EELEC  =      -143.4862  EGB     =       -28.4401  RESTRAINT  =         0.0076
 ESURF=         1.9786
 EAMBER (non-restraint)  =        -5.2521
 ------------------------------------------------------------------------------

 NMR restraints: Bond =    0.000   Angle =     0.000   Torsion =     0.008
===============================================================================
| RE_POSITION Moving by  -0.342082 -7.564196 -3.895937
| RE_POSITION Moving by   9.896623 -5.582133 -0.769031
| RE_POSITION Moving by  -0.661856  6.366508 -0.110096
| RE_POSITION Moving by  -3.759757 -1.008179  1.418417
| RE_POSITION Moving by  -1.920066 -1.300591 -2.240606

 NSTEP =   350000   TIME(PS) =    1700.000  TEMP(K) =   359.56  PRESS =     0.0
 Etot   =        11.4724  EKtot   =        28.2232  EPtot      =       -16.7508
 BOND   =         4.0390  ANGLE   =        12.0222  DIHED      =        19.8771
 1-4 NB =         4.0504  1-4 EEL =       114.4374  VDWAALS    =        -2.8963
 EELEC  =      -145.3169  EGB     =       -25.0539  RESTRAINT  =         0.1055
 ESURF=         1.9848
 EAMBER (non-restraint)  =       -16.8563
 ------------------------------------------------------------------------------

 NMR restraints: Bond =    0.000   Angle =     0.000   Torsion =     0.105
===============================================================================
| RE_POSITION Moving by   4.458184 11.249900 -5.087126
| RE_POSITION Moving by  -6.498435 -6.247998 -3.150541
| RE_POSITION Moving by   7.261914 -2.405309 -2.229394
| RE_POSITION Moving by  -0.511336  4.363071 -4.804468
| RE_POSITION Moving by   5.027136-15.009892  7.059495

 NSTEP =   400000   TIME(PS) =    1800.000  TEMP(K) =   200.47  PRESS =     0.0
 Etot   =         0.4141  EKtot   =        15.7358  EPtot      =       -15.3217
 BOND   =         2.6838  ANGLE   =        13.3121  DIHED      =        18.4682
 1-4 NB =         5.9499  1-4 EEL =       117.7897  VDWAALS    =        -2.8299
 EELEC  =      -146.5838  EGB     =       -26.1345  RESTRAINT  =         0.0528
 ESURF=         1.9699
 EAMBER (non-restraint)  =       -15.3746
 ------------------------------------------------------------------------------

 NMR restraints: Bond =    0.000   Angle =     0.000   Torsion =     0.053
===============================================================================
| RE_POSITION Moving by  -5.242259 -5.068833  1.936195
| RE_POSITION Moving by  -0.408239  8.165746 -3.755979
| RE_POSITION Moving by   0.245054 -1.715811  8.637332
| RE_POSITION Moving by   3.449181 -0.016305 -3.028013
| RE_POSITION Moving by   6.484983 -0.755475  4.299303

 NSTEP =   450000   TIME(PS) =    1900.000  TEMP(K) =   276.09  PRESS =     0.0
 Etot   =        12.6267  EKtot   =        21.6714  EPtot      =        -9.0447
 BOND   =         5.5994  ANGLE   =        13.7392  DIHED      =        20.9638
 1-4 NB =         6.4726  1-4 EEL =       119.2296  VDWAALS    =        -2.6650
 EELEC  =      -149.2351  EGB     =       -25.6737  RESTRAINT  =         0.5470
 ESURF=         1.9773
 EAMBER (non-restraint)  =        -9.5917
 ------------------------------------------------------------------------------

 NMR restraints: Bond =    0.000   Angle =     0.000   Torsion =     0.547
===============================================================================
| RE_POSITION Moving by -11.665386  8.978536 -2.510631
| RE_POSITION Moving by  -0.426928  1.119513-12.567442
| RE_POSITION Moving by   0.445215 -7.369718  0.570480
| RE_POSITION Moving by   3.142873  5.409819 -0.757656
| RE_POSITION Moving by  -2.534783 -0.686659-11.797237

 NSTEP =   500000   TIME(PS) =    2000.000  TEMP(K) =   220.76  PRESS =     0.0
 Etot   =         1.9084  EKtot   =        17.3283  EPtot      =       -15.4199
 BOND   =         3.0570  ANGLE   =        11.3196  DIHED      =        19.9839
 1-4 NB =         4.7543  1-4 EEL =       120.8451  VDWAALS    =        -2.9209
 EELEC  =      -149.4258  EGB     =       -25.0322  RESTRAINT  =         0.0024
 ESURF=         1.9967
 EAMBER (non-restraint)  =       -15.4223
 ------------------------------------------------------------------------------

 NMR restraints: Bond =    0.000   Angle =     0.000   Torsion =     0.002
===============================================================================

      A V E R A G E S   O V E R  500000 S T E P S


 NSTEP =   500000   TIME(PS) =    2000.000  TEMP(K) =   301.41  PRESS =     0.0
 Etot   =        11.9232  EKtot   =        23.6590  EPtot      =       -11.7358
 BOND   =         5.4286  ANGLE   =        14.2739  DIHED      =        19.5702
 1-4 NB =         5.2877  1-4 EEL =       116.7816  VDWAALS    =        -3.2083
 EELEC  =      -147.1268  EGB     =       -24.9917  RESTRAINT  =         0.2779
 ESURF=         1.9711
 EAMBER (non-restraint)  =       -12.0136
 ------------------------------------------------------------------------------

 NMR restraints: Bond =    0.000   Angle =     0.000   Torsion =     0.002
===============================================================================

      R M S  F L U C T U A T I O N S


 NSTEP =   500000   TIME(PS) =    2000.000  TEMP(K) =    48.67  PRESS =     0.0
 Etot   =         5.4897  EKtot   =         3.8207  EPtot      =         3.8507
 BOND   =         1.9876  ANGLE   =         3.0847  DIHED      =         1.5737
 1-4 NB =         1.0257  1-4 EEL =         3.0430  VDWAALS    =         0.6898
 EELEC  =         3.5078  EGB     =         2.1856  RESTRAINT  =         0.4004
 ESURF=         0.0381
 EAMBER (non-restraint)  =         3.4503
 ------------------------------------------------------------------------------


 NMR restraints on final step:


--------------------------------------------------------------------------------
   5.  TIMINGS
--------------------------------------------------------------------------------

|>>>>>>>>PROFILE of Average TIMES>>>>>>>>> 
|                Calc gb radii             27.31 ( 8.18% of Gen B)
|                Communicate gb radii     209.28 (62.68% of Gen B)
|                Calc gb diag              38.71 (11.59% of Gen B)
|                Calc gb off-diag          25.45 ( 7.62% of Gen B)
|                Surface area energy       32.48 ( 9.73% of Gen B)
|                Other                      0.66 ( 0.20% of Gen B)
|             Gen Born time            333.90 (100.0% of Nonbo)
|             IPS excludes               0.08 ( 0.02% of Nonbo)
|          Nonbond force            333.97 (29.41% of Force)
|          Bond/Angle/Dihedral       12.27 ( 1.08% of Force)
|          FRC Collect time         570.20 (50.22% of Force)
|          Other                    219.04 (19.29% of Force)
|       Force time              1135.47 (78.10% of Runmd)
|       Shake time                 1.61 ( 0.11% of Runmd)
|       Verlet update time       249.71 (17.18% of Runmd)
|       CRD distribute time       65.91 ( 4.53% of Runmd)
|       Other                      1.11 ( 0.08% of Runmd)
|    Runmd Time              1453.82 (100.0% of Total)
|    Other                      0.10 ( 0.01% of Total)
| Total time              1453.92 (100.0% of ALL  )

| Number of list builds   :          0

| Highest rstack allocated:          0
| Highest istack allocated:          0

| Final Performance Info:
| -----------------------------------------------------
| Average timings for all steps:
|     Elapsed(s) =    1453.82 Per Step(ms) =       2.91
|         ns/day =      59.43   seconds/ns =    1453.82
| -----------------------------------------------------

|           Job began  at 19:47:06.220  on 04/27/2013
|           Setup done at 19:47:06.329  on 04/27/2013
|           Run   done at 20:11:20.151  on 04/27/2013
|     wallclock() was called18500023 times
